<?xml version="1.0" encoding="UTF-8"?>
<testsuites name="Max (Reevio) 2" time="398.193" tests="11" failures="6" errors="0">
   <testsuite name="Max (Reevio) 2" tests="11" failures="6" errors="0" time="398.193" timestamp="2020-02-07 12:23:54" hostname="tester-3 - DESKTOP-J4SE4C2" id="Test Suites/Reevio (reevtest_reevtest3)/Max (Reevio) 2">
      <properties>
         <property name="deviceName" value=""/>
         <property name="devicePlatform" value=""/>
         <property name="logFolder" value="C:\\Users\\tester-3\\Katalon Studio\\Reevio_test_2.0\\Reports\\20200207_122344\\Reevio (reevtest_reevtest3)\\Max (Reevio) 2\\20200207_122346"/>
         <property name="logFiles" value="C:\\Users\\tester-3\\Katalon Studio\\Reevio_test_2.0\\Reports\\20200207_122344\\Reevio (reevtest_reevtest3)\\Max (Reevio) 2\\20200207_122346\\execution0.log"/>
         <property name="attachments" value=""/>
         <property name="hostName" value="tester-3 - DESKTOP-J4SE4C2"/>
         <property name="os" value="Windows 10 64bit"/>
         <property name="katalonVersion" value="7.2.1.1"/>
         <property name="browser" value="Chrome 80.0.3987.87"/>
         <property name="hostAddress" value="192.168.1.111"/>
         <property name="sessionId" value="bbf6aef9af687f1f0d8398ad8247ced3"/>
         <property name="seleniumVersion" value="3.141.59"/>
         <property name="proxyInformation" value="ProxyInformation{proxyOption=NO_PROXY, proxyServerType=HTTP, password=, proxyServerAddress=, proxyServerPort=0, executionList=}"/>
         <property name="platform" value="Windows 10"/>
      </properties>
      <testcase name="Test Cases/Login and template selection (Reevio) reev" time="27.29" classname="Test Cases/Login and template selection (Reevio) reev" status="PASSED">
         <system-out><![CDATA[2020-02-07 12:23:55 - [TEST_CASE][PASSED] - Test Cases/Login and template selection (Reevio) reev: Test Cases/Login and template selection (Reevio) reev

2020-02-07 12:23:56 - [TEST_STEP][PASSED] - openBrowser(findTestData("vavowDate").getValue(1, 4)): Browser is opened with url: 'https://app3.reevio.com/editor/10011'

2020-02-07 12:23:59 - [MESSAGE][INFO] - Starting 'Chrome' driver

2020-02-07 12:23:59 - [MESSAGE][INFO] - Action delay is set to 0 seconds

2020-02-07 12:24:04 - [MESSAGE][PASSED] - Browser is opened with url: 'https://app3.reevio.com/editor/10011'

2020-02-07 12:24:04 - [TEST_STEP][PASSED] - maximizeWindow(): Current window maximized

2020-02-07 12:24:06 - [MESSAGE][PASSED] - Current window maximized

2020-02-07 12:24:06 - [TEST_STEP][PASSED] - waitForPageLoad(5): Wait for page load successfully

2020-02-07 12:24:06 - [MESSAGE][PASSED] - Wait for page load successfully

2020-02-07 12:24:06 - [TEST_STEP][PASSED] - click(findTestObject("Page_Login/form_Log in")): Object: 'Object Repository/Page_Login/form_Log in' is clicked on

2020-02-07 12:24:07 - [MESSAGE][PASSED] - Object: 'Object Repository/Page_Login/form_Log in' is clicked on

2020-02-07 12:24:07 - [TEST_STEP][PASSED] - setEncryptedText(findTestObject("Page_Login/input_Log in_password"), "NQEmfzfnB2k="): Text ****** has been set on object 'Object Repository/Page_Login/input_Log in_password'

2020-02-07 12:24:08 - [MESSAGE][PASSED] - Text ****** has been set on object 'Object Repository/Page_Login/input_Log in_password'

2020-02-07 12:24:08 - [TEST_STEP][PASSED] - setText(findTestObject("Page_Login/input_Log in_email"), "reevtest@gmail.com"): Text 'reevtest@gmail.com' is set on object 'Object Repository/Page_Login/input_Log in_email'

2020-02-07 12:24:09 - [MESSAGE][PASSED] - Text 'reevtest@gmail.com' is set on object 'Object Repository/Page_Login/input_Log in_email'

2020-02-07 12:24:09 - [TEST_STEP][PASSED] - click(findTestObject("Page_Login/button_Log in")): Object: 'Object Repository/Page_Login/button_Log in' is clicked on

2020-02-07 12:24:14 - [MESSAGE][PASSED] - Object: 'Object Repository/Page_Login/button_Log in' is clicked on

2020-02-07 12:24:14 - [TEST_STEP][PASSED] - navigateToUrl(findTestData("vavowDate").getValue(1, 4)): Navigate to 'https://app3.reevio.com/editor/10011' successfully

2020-02-07 12:24:23 - [MESSAGE][PASSED] - Navigate to 'https://app3.reevio.com/editor/10011' successfully

2020-02-07 12:24:23 - [TEST_STEP][PASSED] - waitForPageLoad(1): Wait for page load successfully

2020-02-07 12:24:23 - [MESSAGE][PASSED] - Wait for page load successfully]]></system-out>
         <system-err><![CDATA[]]></system-err>
      </testcase>
      <testcase name="Test Cases/Deleting 1st scene" time="8.347" classname="Test Cases/Deleting 1st scene" status="FAILED">
         <failure type="FAILED" message="Test Cases/Deleting 1st scene FAILED.
Reason:
com.kms.katalon.core.exception.StepFailedException: com.kms.katalon.core.webui.exception.WebElementNotFoundException: Web element with id: 'Object Repository/Add video in placeholers/Video_img repository (videos, imgs and buttons)/Editor_Scene_1' located by 'By.xpath: //*[@id=&quot;bottom-slider-id&quot;]/div[1]/figure' not found (Root cause: com.kms.katalon.core.exception.StepFailedException: com.kms.katalon.core.webui.exception.WebElementNotFoundException: Web element with id: 'Object Repository/Add video in placeholers/Video_img repository (videos, imgs and buttons)/Editor_Scene_1' located by 'By.xpath: //*[@id=&quot;bottom-slider-id&quot;]/div[1]/figure' not found
	at com.kms.katalon.core.webui.keyword.internal.WebUIKeywordMain.stepFailed(WebUIKeywordMain.groovy:64)
	at com.kms.katalon.core.webui.keyword.builtin.VerifyElementPresentKeyword$_verifyElementPresent_closure1.doCall(VerifyElementPresentKeyword.groovy:85)
	at com.kms.katalon.core.webui.keyword.builtin.VerifyElementPresentKeyword$_verifyElementPresent_closure1.call(VerifyElementPresentKeyword.groovy)
	at com.kms.katalon.core.webui.keyword.internal.WebUIKeywordMain.runKeyword(WebUIKeywordMain.groovy:20)
	at com.kms.katalon.core.webui.keyword.builtin.VerifyElementPresentKeyword.verifyElementPresent(VerifyElementPresentKeyword.groovy:92)
	at com.kms.katalon.core.webui.keyword.builtin.VerifyElementPresentKeyword.execute(VerifyElementPresentKeyword.groovy:68)
	at com.kms.katalon.core.keyword.internal.KeywordExecutor.executeKeywordForPlatform(KeywordExecutor.groovy:72)
	at com.kms.katalon.core.webui.keyword.WebUiBuiltInKeywords.verifyElementPresent(WebUiBuiltInKeywords.groovy:1434)
	at com.kms.katalon.core.webui.keyword.WebUiBuiltInKeywords$verifyElementPresent$6.call(Unknown Source)
	at Deleting 1st scene.run(Deleting 1st scene:32)
	at com.kms.katalon.core.main.ScriptEngine.run(ScriptEngine.java:194)
	at com.kms.katalon.core.main.ScriptEngine.runScriptAsRawText(ScriptEngine.java:119)
	at com.kms.katalon.core.main.TestCaseExecutor.runScript(TestCaseExecutor.java:337)
	at com.kms.katalon.core.main.TestCaseExecutor.doExecute(TestCaseExecutor.java:328)
	at com.kms.katalon.core.main.TestCaseExecutor.processExecutionPhase(TestCaseExecutor.java:307)
	at com.kms.katalon.core.main.TestCaseExecutor.accessMainPhase(TestCaseExecutor.java:299)
	at com.kms.katalon.core.main.TestCaseExecutor.execute(TestCaseExecutor.java:233)
	at com.kms.katalon.core.main.TestSuiteExecutor.accessTestCaseMainPhase(TestSuiteExecutor.java:169)
	at com.kms.katalon.core.main.TestSuiteExecutor.accessTestSuiteMainPhase(TestSuiteExecutor.java:142)
	at com.kms.katalon.core.main.TestSuiteExecutor.execute(TestSuiteExecutor.java:91)
	at com.kms.katalon.core.main.TestCaseMain.startTestSuite(TestCaseMain.java:157)
	at com.kms.katalon.core.main.TestCaseMain$startTestSuite$0.call(Unknown Source)
	at TempTestSuite1581071026566.run(TempTestSuite1581071026566.groovy:36)
)
	at com.kms.katalon.core.keyword.internal.KeywordMain.stepFailed(KeywordMain.groovy:39)
	at com.kms.katalon.core.webui.keyword.internal.WebUIKeywordMain.stepFailed(WebUIKeywordMain.groovy:64)
	at com.kms.katalon.core.webui.keyword.builtin.VerifyElementPresentKeyword$_verifyElementPresent_closure1.doCall(VerifyElementPresentKeyword.groovy:85)
	at com.kms.katalon.core.webui.keyword.builtin.VerifyElementPresentKeyword$_verifyElementPresent_closure1.call(VerifyElementPresentKeyword.groovy)
	at com.kms.katalon.core.webui.keyword.internal.WebUIKeywordMain.runKeyword(WebUIKeywordMain.groovy:20)
	at com.kms.katalon.core.webui.keyword.builtin.VerifyElementPresentKeyword.verifyElementPresent(VerifyElementPresentKeyword.groovy:92)
	at com.kms.katalon.core.webui.keyword.builtin.VerifyElementPresentKeyword.execute(VerifyElementPresentKeyword.groovy:68)
	at com.kms.katalon.core.keyword.internal.KeywordExecutor.executeKeywordForPlatform(KeywordExecutor.groovy:72)
	at com.kms.katalon.core.webui.keyword.WebUiBuiltInKeywords.verifyElementPresent(WebUiBuiltInKeywords.groovy:1434)
	at com.kms.katalon.core.webui.keyword.WebUiBuiltInKeywords$verifyElementPresent$6.call(Unknown Source)
	at Deleting 1st scene.run(Deleting 1st scene:32)
	at com.kms.katalon.core.main.ScriptEngine.run(ScriptEngine.java:194)
	at com.kms.katalon.core.main.ScriptEngine.runScriptAsRawText(ScriptEngine.java:119)
	at com.kms.katalon.core.main.TestCaseExecutor.runScript(TestCaseExecutor.java:337)
	at com.kms.katalon.core.main.TestCaseExecutor.doExecute(TestCaseExecutor.java:328)
	at com.kms.katalon.core.main.TestCaseExecutor.processExecutionPhase(TestCaseExecutor.java:307)
	at com.kms.katalon.core.main.TestCaseExecutor.accessMainPhase(TestCaseExecutor.java:299)
	at com.kms.katalon.core.main.TestCaseExecutor.execute(TestCaseExecutor.java:233)
	at com.kms.katalon.core.main.TestSuiteExecutor.accessTestCaseMainPhase(TestSuiteExecutor.java:169)
	at com.kms.katalon.core.main.TestSuiteExecutor.accessTestSuiteMainPhase(TestSuiteExecutor.java:142)
	at com.kms.katalon.core.main.TestSuiteExecutor.execute(TestSuiteExecutor.java:91)
	at com.kms.katalon.core.main.TestCaseMain.startTestSuite(TestCaseMain.java:157)
	at com.kms.katalon.core.main.TestCaseMain$startTestSuite$0.call(Unknown Source)
	at TempTestSuite1581071026566.run(TempTestSuite1581071026566.groovy:36)
Caused by: com.kms.katalon.core.exception.StepFailedException: com.kms.katalon.core.webui.exception.WebElementNotFoundException: Web element with id: 'Object Repository/Add video in placeholers/Video_img repository (videos, imgs and buttons)/Editor_Scene_1' located by 'By.xpath: //*[@id=&quot;bottom-slider-id&quot;]/div[1]/figure' not found
	... 23 more
"/>
         <system-out><![CDATA[2020-02-07 12:24:23 - [TEST_CASE][FAILED] - Test Cases/Deleting 1st scene: Test Cases/Deleting 1st scene FAILED.
Reason:
com.kms.katalon.core.exception.StepFailedException: com.kms.katalon.core.webui.exception.WebElementNotFoundException: Web element with id: 'Object Repository/Add video in placeholers/Video_img repository (videos, imgs and buttons)/Editor_Scene_1' located by 'By.xpath: //*[@id="bottom-slider-id"]/div[1]/figure' not found (Root cause: com.kms.katalon.core.exception.StepFailedException: com.kms.katalon.core.webui.exception.WebElementNotFoundException: Web element with id: 'Object Repository/Add video in placeholers/Video_img repository (videos, imgs and buttons)/Editor_Scene_1' located by 'By.xpath: //*[@id="bottom-slider-id"]/div[1]/figure' not found
	at com.kms.katalon.core.webui.keyword.internal.WebUIKeywordMain.stepFailed(WebUIKeywordMain.groovy:64)
	at com.kms.katalon.core.webui.keyword.builtin.VerifyElementPresentKeyword$_verifyElementPresent_closure1.doCall(VerifyElementPresentKeyword.groovy:85)
	at com.kms.katalon.core.webui.keyword.builtin.VerifyElementPresentKeyword$_verifyElementPresent_closure1.call(VerifyElementPresentKeyword.groovy)
	at com.kms.katalon.core.webui.keyword.internal.WebUIKeywordMain.runKeyword(WebUIKeywordMain.groovy:20)
	at com.kms.katalon.core.webui.keyword.builtin.VerifyElementPresentKeyword.verifyElementPresent(VerifyElementPresentKeyword.groovy:92)
	at com.kms.katalon.core.webui.keyword.builtin.VerifyElementPresentKeyword.execute(VerifyElementPresentKeyword.groovy:68)
	at com.kms.katalon.core.keyword.internal.KeywordExecutor.executeKeywordForPlatform(KeywordExecutor.groovy:72)
	at com.kms.katalon.core.webui.keyword.WebUiBuiltInKeywords.verifyElementPresent(WebUiBuiltInKeywords.groovy:1434)
	at com.kms.katalon.core.webui.keyword.WebUiBuiltInKeywords$verifyElementPresent$6.call(Unknown Source)
	at Deleting 1st scene.run(Deleting 1st scene:32)
	at com.kms.katalon.core.main.ScriptEngine.run(ScriptEngine.java:194)
	at com.kms.katalon.core.main.ScriptEngine.runScriptAsRawText(ScriptEngine.java:119)
	at com.kms.katalon.core.main.TestCaseExecutor.runScript(TestCaseExecutor.java:337)
	at com.kms.katalon.core.main.TestCaseExecutor.doExecute(TestCaseExecutor.java:328)
	at com.kms.katalon.core.main.TestCaseExecutor.processExecutionPhase(TestCaseExecutor.java:307)
	at com.kms.katalon.core.main.TestCaseExecutor.accessMainPhase(TestCaseExecutor.java:299)
	at com.kms.katalon.core.main.TestCaseExecutor.execute(TestCaseExecutor.java:233)
	at com.kms.katalon.core.main.TestSuiteExecutor.accessTestCaseMainPhase(TestSuiteExecutor.java:169)
	at com.kms.katalon.core.main.TestSuiteExecutor.accessTestSuiteMainPhase(TestSuiteExecutor.java:142)
	at com.kms.katalon.core.main.TestSuiteExecutor.execute(TestSuiteExecutor.java:91)
	at com.kms.katalon.core.main.TestCaseMain.startTestSuite(TestCaseMain.java:157)
	at com.kms.katalon.core.main.TestCaseMain$startTestSuite$0.call(Unknown Source)
	at TempTestSuite1581071026566.run(TempTestSuite1581071026566.groovy:36)
)
	at com.kms.katalon.core.keyword.internal.KeywordMain.stepFailed(KeywordMain.groovy:39)
	at com.kms.katalon.core.webui.keyword.internal.WebUIKeywordMain.stepFailed(WebUIKeywordMain.groovy:64)
	at com.kms.katalon.core.webui.keyword.builtin.VerifyElementPresentKeyword$_verifyElementPresent_closure1.doCall(VerifyElementPresentKeyword.groovy:85)
	at com.kms.katalon.core.webui.keyword.builtin.VerifyElementPresentKeyword$_verifyElementPresent_closure1.call(VerifyElementPresentKeyword.groovy)
	at com.kms.katalon.core.webui.keyword.internal.WebUIKeywordMain.runKeyword(WebUIKeywordMain.groovy:20)
	at com.kms.katalon.core.webui.keyword.builtin.VerifyElementPresentKeyword.verifyElementPresent(VerifyElementPresentKeyword.groovy:92)
	at com.kms.katalon.core.webui.keyword.builtin.VerifyElementPresentKeyword.execute(VerifyElementPresentKeyword.groovy:68)
	at com.kms.katalon.core.keyword.internal.KeywordExecutor.executeKeywordForPlatform(KeywordExecutor.groovy:72)
	at com.kms.katalon.core.webui.keyword.WebUiBuiltInKeywords.verifyElementPresent(WebUiBuiltInKeywords.groovy:1434)
	at com.kms.katalon.core.webui.keyword.WebUiBuiltInKeywords$verifyElementPresent$6.call(Unknown Source)
	at Deleting 1st scene.run(Deleting 1st scene:32)
	at com.kms.katalon.core.main.ScriptEngine.run(ScriptEngine.java:194)
	at com.kms.katalon.core.main.ScriptEngine.runScriptAsRawText(ScriptEngine.java:119)
	at com.kms.katalon.core.main.TestCaseExecutor.runScript(TestCaseExecutor.java:337)
	at com.kms.katalon.core.main.TestCaseExecutor.doExecute(TestCaseExecutor.java:328)
	at com.kms.katalon.core.main.TestCaseExecutor.processExecutionPhase(TestCaseExecutor.java:307)
	at com.kms.katalon.core.main.TestCaseExecutor.accessMainPhase(TestCaseExecutor.java:299)
	at com.kms.katalon.core.main.TestCaseExecutor.execute(TestCaseExecutor.java:233)
	at com.kms.katalon.core.main.TestSuiteExecutor.accessTestCaseMainPhase(TestSuiteExecutor.java:169)
	at com.kms.katalon.core.main.TestSuiteExecutor.accessTestSuiteMainPhase(TestSuiteExecutor.java:142)
	at com.kms.katalon.core.main.TestSuiteExecutor.execute(TestSuiteExecutor.java:91)
	at com.kms.katalon.core.main.TestCaseMain.startTestSuite(TestCaseMain.java:157)
	at com.kms.katalon.core.main.TestCaseMain$startTestSuite$0.call(Unknown Source)
	at TempTestSuite1581071026566.run(TempTestSuite1581071026566.groovy:36)
Caused by: com.kms.katalon.core.exception.StepFailedException: com.kms.katalon.core.webui.exception.WebElementNotFoundException: Web element with id: 'Object Repository/Add video in placeholers/Video_img repository (videos, imgs and buttons)/Editor_Scene_1' located by 'By.xpath: //*[@id="bottom-slider-id"]/div[1]/figure' not found
	... 23 more


2020-02-07 12:24:24 - [TEST_STEP][PASSED] - myNewObject = new com.kms.katalon.core.testobject.TestObject(default Scene): null

2020-02-07 12:24:24 - [TEST_STEP][PASSED] - myNewObject.addProperty("xpath", EQUALS, "//*[@id="s-tools"]"): null

2020-02-07 12:24:24 - [TEST_STEP][PASSED] - removeBtn = new com.kms.katalon.core.testobject.TestObject(removeBtn): null

2020-02-07 12:24:24 - [TEST_STEP][PASSED] - removeBtn.addProperty("xpath", EQUALS, "//div[@class="popover-content"]//a[@class="delete_slide"]"): null

2020-02-07 12:24:24 - [TEST_STEP][PASSED] - deleteBtn = new com.kms.katalon.core.testobject.TestObject(deleteBtn): null

2020-02-07 12:24:24 - [TEST_STEP][PASSED] - deleteBtn.addProperty("xpath", EQUALS, "//a[@id="yes_delete"]"): null

2020-02-07 12:24:24 - [TEST_STEP][FAILED] - for ([i = 1, i < 20, (i++)]): null

2020-02-07 12:24:24 - [TEST_STEP][PASSED] - if (verifyElementPresent(findTestObject("Add video in placeholers/Video_img repository (videos, imgs and buttons)/Editor_Scene_1"), 0) == true): null

2020-02-07 12:24:24 - [MESSAGE][WARNING] - Timeout '0' is invalid. Using default page load timeout: '1'

2020-02-07 12:24:25 - [MESSAGE][PASSED] - Object 'Object Repository/Add video in placeholers/Video_img repository (videos, imgs and buttons)/Editor_Scene_1' is present

2020-02-07 12:24:25 - [TEST_STEP][PASSED] - doubleClick(findTestObject("Add video in placeholers/Video_img repository (videos, imgs and buttons)/Editor_Scene_1")): Object: 'Object Repository/Add video in placeholers/Video_img repository (videos, imgs and buttons)/Editor_Scene_1' is double clicked on

2020-02-07 12:24:26 - [MESSAGE][PASSED] - Object: 'Object Repository/Add video in placeholers/Video_img repository (videos, imgs and buttons)/Editor_Scene_1' is double clicked on

2020-02-07 12:24:26 - [TEST_STEP][PASSED] - click(myNewObject): Object: 'default Scene' is clicked on

2020-02-07 12:24:26 - [MESSAGE][PASSED] - Object: 'default Scene' is clicked on

2020-02-07 12:24:26 - [TEST_STEP][PASSED] - Thread.sleep(200): null

2020-02-07 12:24:27 - [TEST_STEP][PASSED] - click(removeBtn): Object: 'removeBtn' is clicked on

2020-02-07 12:24:28 - [MESSAGE][PASSED] - Object: 'removeBtn' is clicked on

2020-02-07 12:24:28 - [TEST_STEP][PASSED] - Thread.sleep(1200): null

2020-02-07 12:24:29 - [TEST_STEP][PASSED] - click(deleteBtn): Object: 'deleteBtn' is clicked on

2020-02-07 12:24:29 - [MESSAGE][PASSED] - Object: 'deleteBtn' is clicked on

2020-02-07 12:24:29 - [TEST_STEP][FAILED] - if (verifyElementPresent(findTestObject("Add video in placeholers/Video_img repository (videos, imgs and buttons)/Editor_Scene_1"), 0) == true): com.kms.katalon.core.webui.exception.WebElementNotFoundException: Web element with id: 'Object Repository/Add video in placeholers/Video_img repository (videos, imgs and buttons)/Editor_Scene_1' located by 'By.xpath: //*[@id="bottom-slider-id"]/div[1]/figure' not found (Root cause: com.kms.katalon.core.exception.StepFailedException: com.kms.katalon.core.webui.exception.WebElementNotFoundException: Web element with id: 'Object Repository/Add video in placeholers/Video_img repository (videos, imgs and buttons)/Editor_Scene_1' located by 'By.xpath: //*[@id="bottom-slider-id"]/div[1]/figure' not found
	at com.kms.katalon.core.webui.keyword.internal.WebUIKeywordMain.stepFailed(WebUIKeywordMain.groovy:64)
	at com.kms.katalon.core.webui.keyword.builtin.VerifyElementPresentKeyword$_verifyElementPresent_closure1.doCall(VerifyElementPresentKeyword.groovy:85)
	at com.kms.katalon.core.webui.keyword.builtin.VerifyElementPresentKeyword$_verifyElementPresent_closure1.call(VerifyElementPresentKeyword.groovy)
	at com.kms.katalon.core.webui.keyword.internal.WebUIKeywordMain.runKeyword(WebUIKeywordMain.groovy:20)
	at com.kms.katalon.core.webui.keyword.builtin.VerifyElementPresentKeyword.verifyElementPresent(VerifyElementPresentKeyword.groovy:92)
	at com.kms.katalon.core.webui.keyword.builtin.VerifyElementPresentKeyword.execute(VerifyElementPresentKeyword.groovy:68)
	at com.kms.katalon.core.keyword.internal.KeywordExecutor.executeKeywordForPlatform(KeywordExecutor.groovy:72)
	at com.kms.katalon.core.webui.keyword.WebUiBuiltInKeywords.verifyElementPresent(WebUiBuiltInKeywords.groovy:1434)
	at com.kms.katalon.core.webui.keyword.WebUiBuiltInKeywords$verifyElementPresent$6.call(Unknown Source)
	at Deleting 1st scene.run(Deleting 1st scene:32)
	at com.kms.katalon.core.main.ScriptEngine.run(ScriptEngine.java:194)
	at com.kms.katalon.core.main.ScriptEngine.runScriptAsRawText(ScriptEngine.java:119)
	at com.kms.katalon.core.main.TestCaseExecutor.runScript(TestCaseExecutor.java:337)
	at com.kms.katalon.core.main.TestCaseExecutor.doExecute(TestCaseExecutor.java:328)
	at com.kms.katalon.core.main.TestCaseExecutor.processExecutionPhase(TestCaseExecutor.java:307)
	at com.kms.katalon.core.main.TestCaseExecutor.accessMainPhase(TestCaseExecutor.java:299)
	at com.kms.katalon.core.main.TestCaseExecutor.execute(TestCaseExecutor.java:233)
	at com.kms.katalon.core.main.TestSuiteExecutor.accessTestCaseMainPhase(TestSuiteExecutor.java:169)
	at com.kms.katalon.core.main.TestSuiteExecutor.accessTestSuiteMainPhase(TestSuiteExecutor.java:142)
	at com.kms.katalon.core.main.TestSuiteExecutor.execute(TestSuiteExecutor.java:91)
	at com.kms.katalon.core.main.TestCaseMain.startTestSuite(TestCaseMain.java:157)
	at com.kms.katalon.core.main.TestCaseMain$startTestSuite$0.call(Unknown Source)
	at TempTestSuite1581071026566.run(TempTestSuite1581071026566.groovy:36)
)

2020-02-07 12:24:29 - [MESSAGE][WARNING] - Timeout '0' is invalid. Using default page load timeout: '1'

2020-02-07 12:24:31 - [MESSAGE][INFO] - Unable to find the element located by 'By.xpath: //*[@id="bottom-slider-id"]/div[1]/figure'. Please recheck the objects properties to make sure the desired element is located. 

2020-02-07 12:24:31 - [MESSAGE][FAILED] - com.kms.katalon.core.webui.exception.WebElementNotFoundException: Web element with id: 'Object Repository/Add video in placeholers/Video_img repository (videos, imgs and buttons)/Editor_Scene_1' located by 'By.xpath: //*[@id="bottom-slider-id"]/div[1]/figure' not found (Root cause: com.kms.katalon.core.exception.StepFailedException: com.kms.katalon.core.webui.exception.WebElementNotFoundException: Web element with id: 'Object Repository/Add video in placeholers/Video_img repository (videos, imgs and buttons)/Editor_Scene_1' located by 'By.xpath: //*[@id="bottom-slider-id"]/div[1]/figure' not found
	at com.kms.katalon.core.webui.keyword.internal.WebUIKeywordMain.stepFailed(WebUIKeywordMain.groovy:64)
	at com.kms.katalon.core.webui.keyword.builtin.VerifyElementPresentKeyword$_verifyElementPresent_closure1.doCall(VerifyElementPresentKeyword.groovy:85)
	at com.kms.katalon.core.webui.keyword.builtin.VerifyElementPresentKeyword$_verifyElementPresent_closure1.call(VerifyElementPresentKeyword.groovy)
	at com.kms.katalon.core.webui.keyword.internal.WebUIKeywordMain.runKeyword(WebUIKeywordMain.groovy:20)
	at com.kms.katalon.core.webui.keyword.builtin.VerifyElementPresentKeyword.verifyElementPresent(VerifyElementPresentKeyword.groovy:92)
	at com.kms.katalon.core.webui.keyword.builtin.VerifyElementPresentKeyword.execute(VerifyElementPresentKeyword.groovy:68)
	at com.kms.katalon.core.keyword.internal.KeywordExecutor.executeKeywordForPlatform(KeywordExecutor.groovy:72)
	at com.kms.katalon.core.webui.keyword.WebUiBuiltInKeywords.verifyElementPresent(WebUiBuiltInKeywords.groovy:1434)
	at com.kms.katalon.core.webui.keyword.WebUiBuiltInKeywords$verifyElementPresent$6.call(Unknown Source)
	at Deleting 1st scene.run(Deleting 1st scene:32)
	at com.kms.katalon.core.main.ScriptEngine.run(ScriptEngine.java:194)
	at com.kms.katalon.core.main.ScriptEngine.runScriptAsRawText(ScriptEngine.java:119)
	at com.kms.katalon.core.main.TestCaseExecutor.runScript(TestCaseExecutor.java:337)
	at com.kms.katalon.core.main.TestCaseExecutor.doExecute(TestCaseExecutor.java:328)
	at com.kms.katalon.core.main.TestCaseExecutor.processExecutionPhase(TestCaseExecutor.java:307)
	at com.kms.katalon.core.main.TestCaseExecutor.accessMainPhase(TestCaseExecutor.java:299)
	at com.kms.katalon.core.main.TestCaseExecutor.execute(TestCaseExecutor.java:233)
	at com.kms.katalon.core.main.TestSuiteExecutor.accessTestCaseMainPhase(TestSuiteExecutor.java:169)
	at com.kms.katalon.core.main.TestSuiteExecutor.accessTestSuiteMainPhase(TestSuiteExecutor.java:142)
	at com.kms.katalon.core.main.TestSuiteExecutor.execute(TestSuiteExecutor.java:91)
	at com.kms.katalon.core.main.TestCaseMain.startTestSuite(TestCaseMain.java:157)
	at com.kms.katalon.core.main.TestCaseMain$startTestSuite$0.call(Unknown Source)
	at TempTestSuite1581071026566.run(TempTestSuite1581071026566.groovy:36)
)

2020-02-07 12:24:31 - [TEST_STEP][PASSED] - else: null

2020-02-07 12:24:31 - [TEST_STEP][PASSED] - break: null]]></system-out>
         <system-err><![CDATA[2020-02-07 12:24:23 - [TEST_CASE][FAILED] - Test Cases/Deleting 1st scene: Test Cases/Deleting 1st scene FAILED.
Reason:
com.kms.katalon.core.exception.StepFailedException: com.kms.katalon.core.webui.exception.WebElementNotFoundException: Web element with id: 'Object Repository/Add video in placeholers/Video_img repository (videos, imgs and buttons)/Editor_Scene_1' located by 'By.xpath: //*[@id="bottom-slider-id"]/div[1]/figure' not found (Root cause: com.kms.katalon.core.exception.StepFailedException: com.kms.katalon.core.webui.exception.WebElementNotFoundException: Web element with id: 'Object Repository/Add video in placeholers/Video_img repository (videos, imgs and buttons)/Editor_Scene_1' located by 'By.xpath: //*[@id="bottom-slider-id"]/div[1]/figure' not found
	at com.kms.katalon.core.webui.keyword.internal.WebUIKeywordMain.stepFailed(WebUIKeywordMain.groovy:64)
	at com.kms.katalon.core.webui.keyword.builtin.VerifyElementPresentKeyword$_verifyElementPresent_closure1.doCall(VerifyElementPresentKeyword.groovy:85)
	at com.kms.katalon.core.webui.keyword.builtin.VerifyElementPresentKeyword$_verifyElementPresent_closure1.call(VerifyElementPresentKeyword.groovy)
	at com.kms.katalon.core.webui.keyword.internal.WebUIKeywordMain.runKeyword(WebUIKeywordMain.groovy:20)
	at com.kms.katalon.core.webui.keyword.builtin.VerifyElementPresentKeyword.verifyElementPresent(VerifyElementPresentKeyword.groovy:92)
	at com.kms.katalon.core.webui.keyword.builtin.VerifyElementPresentKeyword.execute(VerifyElementPresentKeyword.groovy:68)
	at com.kms.katalon.core.keyword.internal.KeywordExecutor.executeKeywordForPlatform(KeywordExecutor.groovy:72)
	at com.kms.katalon.core.webui.keyword.WebUiBuiltInKeywords.verifyElementPresent(WebUiBuiltInKeywords.groovy:1434)
	at com.kms.katalon.core.webui.keyword.WebUiBuiltInKeywords$verifyElementPresent$6.call(Unknown Source)
	at Deleting 1st scene.run(Deleting 1st scene:32)
	at com.kms.katalon.core.main.ScriptEngine.run(ScriptEngine.java:194)
	at com.kms.katalon.core.main.ScriptEngine.runScriptAsRawText(ScriptEngine.java:119)
	at com.kms.katalon.core.main.TestCaseExecutor.runScript(TestCaseExecutor.java:337)
	at com.kms.katalon.core.main.TestCaseExecutor.doExecute(TestCaseExecutor.java:328)
	at com.kms.katalon.core.main.TestCaseExecutor.processExecutionPhase(TestCaseExecutor.java:307)
	at com.kms.katalon.core.main.TestCaseExecutor.accessMainPhase(TestCaseExecutor.java:299)
	at com.kms.katalon.core.main.TestCaseExecutor.execute(TestCaseExecutor.java:233)
	at com.kms.katalon.core.main.TestSuiteExecutor.accessTestCaseMainPhase(TestSuiteExecutor.java:169)
	at com.kms.katalon.core.main.TestSuiteExecutor.accessTestSuiteMainPhase(TestSuiteExecutor.java:142)
	at com.kms.katalon.core.main.TestSuiteExecutor.execute(TestSuiteExecutor.java:91)
	at com.kms.katalon.core.main.TestCaseMain.startTestSuite(TestCaseMain.java:157)
	at com.kms.katalon.core.main.TestCaseMain$startTestSuite$0.call(Unknown Source)
	at TempTestSuite1581071026566.run(TempTestSuite1581071026566.groovy:36)
)
	at com.kms.katalon.core.keyword.internal.KeywordMain.stepFailed(KeywordMain.groovy:39)
	at com.kms.katalon.core.webui.keyword.internal.WebUIKeywordMain.stepFailed(WebUIKeywordMain.groovy:64)
	at com.kms.katalon.core.webui.keyword.builtin.VerifyElementPresentKeyword$_verifyElementPresent_closure1.doCall(VerifyElementPresentKeyword.groovy:85)
	at com.kms.katalon.core.webui.keyword.builtin.VerifyElementPresentKeyword$_verifyElementPresent_closure1.call(VerifyElementPresentKeyword.groovy)
	at com.kms.katalon.core.webui.keyword.internal.WebUIKeywordMain.runKeyword(WebUIKeywordMain.groovy:20)
	at com.kms.katalon.core.webui.keyword.builtin.VerifyElementPresentKeyword.verifyElementPresent(VerifyElementPresentKeyword.groovy:92)
	at com.kms.katalon.core.webui.keyword.builtin.VerifyElementPresentKeyword.execute(VerifyElementPresentKeyword.groovy:68)
	at com.kms.katalon.core.keyword.internal.KeywordExecutor.executeKeywordForPlatform(KeywordExecutor.groovy:72)
	at com.kms.katalon.core.webui.keyword.WebUiBuiltInKeywords.verifyElementPresent(WebUiBuiltInKeywords.groovy:1434)
	at com.kms.katalon.core.webui.keyword.WebUiBuiltInKeywords$verifyElementPresent$6.call(Unknown Source)
	at Deleting 1st scene.run(Deleting 1st scene:32)
	at com.kms.katalon.core.main.ScriptEngine.run(ScriptEngine.java:194)
	at com.kms.katalon.core.main.ScriptEngine.runScriptAsRawText(ScriptEngine.java:119)
	at com.kms.katalon.core.main.TestCaseExecutor.runScript(TestCaseExecutor.java:337)
	at com.kms.katalon.core.main.TestCaseExecutor.doExecute(TestCaseExecutor.java:328)
	at com.kms.katalon.core.main.TestCaseExecutor.processExecutionPhase(TestCaseExecutor.java:307)
	at com.kms.katalon.core.main.TestCaseExecutor.accessMainPhase(TestCaseExecutor.java:299)
	at com.kms.katalon.core.main.TestCaseExecutor.execute(TestCaseExecutor.java:233)
	at com.kms.katalon.core.main.TestSuiteExecutor.accessTestCaseMainPhase(TestSuiteExecutor.java:169)
	at com.kms.katalon.core.main.TestSuiteExecutor.accessTestSuiteMainPhase(TestSuiteExecutor.java:142)
	at com.kms.katalon.core.main.TestSuiteExecutor.execute(TestSuiteExecutor.java:91)
	at com.kms.katalon.core.main.TestCaseMain.startTestSuite(TestCaseMain.java:157)
	at com.kms.katalon.core.main.TestCaseMain$startTestSuite$0.call(Unknown Source)
	at TempTestSuite1581071026566.run(TempTestSuite1581071026566.groovy:36)
Caused by: com.kms.katalon.core.exception.StepFailedException: com.kms.katalon.core.webui.exception.WebElementNotFoundException: Web element with id: 'Object Repository/Add video in placeholers/Video_img repository (videos, imgs and buttons)/Editor_Scene_1' located by 'By.xpath: //*[@id="bottom-slider-id"]/div[1]/figure' not found
	... 23 more]]></system-err>
      </testcase>
      <testcase name="Test Cases/Scenes adding (30 scenes) cycles" time="43.81" classname="Test Cases/Scenes adding (30 scenes) cycles" status="FAILED">
         <failure type="FAILED" message="Test Cases/Scenes adding (30 scenes) cycles FAILED.
Reason:
com.kms.katalon.core.exception.StepFailedException: Object 'Object Repository/Add video in placeholers/From recorder/Scenes_adding/div_Scene 10' is not present (Root cause: com.kms.katalon.core.exception.StepFailedException: Object 'Object Repository/Add video in placeholers/From recorder/Scenes_adding/div_Scene 10' is not present
	at com.kms.katalon.core.webui.keyword.internal.WebUIKeywordMain.stepFailed(WebUIKeywordMain.groovy:64)
	at com.kms.katalon.core.webui.keyword.builtin.VerifyElementVisibleInViewportKeyword$_verifyElementVisibleInViewport_closure1.doCall(VerifyElementVisibleInViewportKeyword.groovy:83)
	at com.kms.katalon.core.webui.keyword.builtin.VerifyElementVisibleInViewportKeyword$_verifyElementVisibleInViewport_closure1.call(VerifyElementVisibleInViewportKeyword.groovy)
	at com.kms.katalon.core.webui.keyword.internal.WebUIKeywordMain.runKeyword(WebUIKeywordMain.groovy:20)
	at com.kms.katalon.core.webui.keyword.builtin.VerifyElementVisibleInViewportKeyword.verifyElementVisibleInViewport(VerifyElementVisibleInViewportKeyword.groovy:86)
	at com.kms.katalon.core.webui.keyword.builtin.VerifyElementVisibleInViewportKeyword.execute(VerifyElementVisibleInViewportKeyword.groovy:68)
	at com.kms.katalon.core.keyword.internal.KeywordExecutor.executeKeywordForPlatform(KeywordExecutor.groovy:72)
	at com.kms.katalon.core.webui.keyword.WebUiBuiltInKeywords.verifyElementVisibleInViewport(WebUiBuiltInKeywords.groovy:2992)
	at com.kms.katalon.core.webui.keyword.WebUiBuiltInKeywords.verifyElementVisibleInViewport(WebUiBuiltInKeywords.groovy:3008)
	at com.kms.katalon.core.webui.keyword.WebUiBuiltInKeywords$verifyElementVisibleInViewport$8.call(Unknown Source)
	at Scenes adding (30 scenes) cycles.run(Scenes adding (30 scenes) cycles:33)
	at com.kms.katalon.core.main.ScriptEngine.run(ScriptEngine.java:194)
	at com.kms.katalon.core.main.ScriptEngine.runScriptAsRawText(ScriptEngine.java:119)
	at com.kms.katalon.core.main.TestCaseExecutor.runScript(TestCaseExecutor.java:337)
	at com.kms.katalon.core.main.TestCaseExecutor.doExecute(TestCaseExecutor.java:328)
	at com.kms.katalon.core.main.TestCaseExecutor.processExecutionPhase(TestCaseExecutor.java:307)
	at com.kms.katalon.core.main.TestCaseExecutor.accessMainPhase(TestCaseExecutor.java:299)
	at com.kms.katalon.core.main.TestCaseExecutor.execute(TestCaseExecutor.java:233)
	at com.kms.katalon.core.main.TestSuiteExecutor.accessTestCaseMainPhase(TestSuiteExecutor.java:169)
	at com.kms.katalon.core.main.TestSuiteExecutor.accessTestSuiteMainPhase(TestSuiteExecutor.java:142)
	at com.kms.katalon.core.main.TestSuiteExecutor.execute(TestSuiteExecutor.java:91)
	at com.kms.katalon.core.main.TestCaseMain.startTestSuite(TestCaseMain.java:157)
	at com.kms.katalon.core.main.TestCaseMain$startTestSuite$0.call(Unknown Source)
	at TempTestSuite1581071026566.run(TempTestSuite1581071026566.groovy:36)
)
	at com.kms.katalon.core.keyword.internal.KeywordMain.stepFailed(KeywordMain.groovy:39)
	at com.kms.katalon.core.webui.keyword.internal.WebUIKeywordMain.stepFailed(WebUIKeywordMain.groovy:64)
	at com.kms.katalon.core.webui.keyword.builtin.VerifyElementVisibleInViewportKeyword$_verifyElementVisibleInViewport_closure1.doCall(VerifyElementVisibleInViewportKeyword.groovy:83)
	at com.kms.katalon.core.webui.keyword.builtin.VerifyElementVisibleInViewportKeyword$_verifyElementVisibleInViewport_closure1.call(VerifyElementVisibleInViewportKeyword.groovy)
	at com.kms.katalon.core.webui.keyword.internal.WebUIKeywordMain.runKeyword(WebUIKeywordMain.groovy:20)
	at com.kms.katalon.core.webui.keyword.builtin.VerifyElementVisibleInViewportKeyword.verifyElementVisibleInViewport(VerifyElementVisibleInViewportKeyword.groovy:86)
	at com.kms.katalon.core.webui.keyword.builtin.VerifyElementVisibleInViewportKeyword.execute(VerifyElementVisibleInViewportKeyword.groovy:68)
	at com.kms.katalon.core.keyword.internal.KeywordExecutor.executeKeywordForPlatform(KeywordExecutor.groovy:72)
	at com.kms.katalon.core.webui.keyword.WebUiBuiltInKeywords.verifyElementVisibleInViewport(WebUiBuiltInKeywords.groovy:2992)
	at com.kms.katalon.core.webui.keyword.WebUiBuiltInKeywords.verifyElementVisibleInViewport(WebUiBuiltInKeywords.groovy:3008)
	at com.kms.katalon.core.webui.keyword.WebUiBuiltInKeywords$verifyElementVisibleInViewport$8.call(Unknown Source)
	at Scenes adding (30 scenes) cycles.run(Scenes adding (30 scenes) cycles:33)
	at com.kms.katalon.core.main.ScriptEngine.run(ScriptEngine.java:194)
	at com.kms.katalon.core.main.ScriptEngine.runScriptAsRawText(ScriptEngine.java:119)
	at com.kms.katalon.core.main.TestCaseExecutor.runScript(TestCaseExecutor.java:337)
	at com.kms.katalon.core.main.TestCaseExecutor.doExecute(TestCaseExecutor.java:328)
	at com.kms.katalon.core.main.TestCaseExecutor.processExecutionPhase(TestCaseExecutor.java:307)
	at com.kms.katalon.core.main.TestCaseExecutor.accessMainPhase(TestCaseExecutor.java:299)
	at com.kms.katalon.core.main.TestCaseExecutor.execute(TestCaseExecutor.java:233)
	at com.kms.katalon.core.main.TestSuiteExecutor.accessTestCaseMainPhase(TestSuiteExecutor.java:169)
	at com.kms.katalon.core.main.TestSuiteExecutor.accessTestSuiteMainPhase(TestSuiteExecutor.java:142)
	at com.kms.katalon.core.main.TestSuiteExecutor.execute(TestSuiteExecutor.java:91)
	at com.kms.katalon.core.main.TestCaseMain.startTestSuite(TestCaseMain.java:157)
	at com.kms.katalon.core.main.TestCaseMain$startTestSuite$0.call(Unknown Source)
	at TempTestSuite1581071026566.run(TempTestSuite1581071026566.groovy:36)
Caused by: com.kms.katalon.core.exception.StepFailedException: Object 'Object Repository/Add video in placeholers/From recorder/Scenes_adding/div_Scene 10' is not present
	... 24 more
"/>
         <system-out><![CDATA[2020-02-07 12:24:31 - [TEST_CASE][FAILED] - Test Cases/Scenes adding (30 scenes) cycles: Test Cases/Scenes adding (30 scenes) cycles FAILED.
Reason:
com.kms.katalon.core.exception.StepFailedException: Object 'Object Repository/Add video in placeholers/From recorder/Scenes_adding/div_Scene 10' is not present (Root cause: com.kms.katalon.core.exception.StepFailedException: Object 'Object Repository/Add video in placeholers/From recorder/Scenes_adding/div_Scene 10' is not present
	at com.kms.katalon.core.webui.keyword.internal.WebUIKeywordMain.stepFailed(WebUIKeywordMain.groovy:64)
	at com.kms.katalon.core.webui.keyword.builtin.VerifyElementVisibleInViewportKeyword$_verifyElementVisibleInViewport_closure1.doCall(VerifyElementVisibleInViewportKeyword.groovy:83)
	at com.kms.katalon.core.webui.keyword.builtin.VerifyElementVisibleInViewportKeyword$_verifyElementVisibleInViewport_closure1.call(VerifyElementVisibleInViewportKeyword.groovy)
	at com.kms.katalon.core.webui.keyword.internal.WebUIKeywordMain.runKeyword(WebUIKeywordMain.groovy:20)
	at com.kms.katalon.core.webui.keyword.builtin.VerifyElementVisibleInViewportKeyword.verifyElementVisibleInViewport(VerifyElementVisibleInViewportKeyword.groovy:86)
	at com.kms.katalon.core.webui.keyword.builtin.VerifyElementVisibleInViewportKeyword.execute(VerifyElementVisibleInViewportKeyword.groovy:68)
	at com.kms.katalon.core.keyword.internal.KeywordExecutor.executeKeywordForPlatform(KeywordExecutor.groovy:72)
	at com.kms.katalon.core.webui.keyword.WebUiBuiltInKeywords.verifyElementVisibleInViewport(WebUiBuiltInKeywords.groovy:2992)
	at com.kms.katalon.core.webui.keyword.WebUiBuiltInKeywords.verifyElementVisibleInViewport(WebUiBuiltInKeywords.groovy:3008)
	at com.kms.katalon.core.webui.keyword.WebUiBuiltInKeywords$verifyElementVisibleInViewport$8.call(Unknown Source)
	at Scenes adding (30 scenes) cycles.run(Scenes adding (30 scenes) cycles:33)
	at com.kms.katalon.core.main.ScriptEngine.run(ScriptEngine.java:194)
	at com.kms.katalon.core.main.ScriptEngine.runScriptAsRawText(ScriptEngine.java:119)
	at com.kms.katalon.core.main.TestCaseExecutor.runScript(TestCaseExecutor.java:337)
	at com.kms.katalon.core.main.TestCaseExecutor.doExecute(TestCaseExecutor.java:328)
	at com.kms.katalon.core.main.TestCaseExecutor.processExecutionPhase(TestCaseExecutor.java:307)
	at com.kms.katalon.core.main.TestCaseExecutor.accessMainPhase(TestCaseExecutor.java:299)
	at com.kms.katalon.core.main.TestCaseExecutor.execute(TestCaseExecutor.java:233)
	at com.kms.katalon.core.main.TestSuiteExecutor.accessTestCaseMainPhase(TestSuiteExecutor.java:169)
	at com.kms.katalon.core.main.TestSuiteExecutor.accessTestSuiteMainPhase(TestSuiteExecutor.java:142)
	at com.kms.katalon.core.main.TestSuiteExecutor.execute(TestSuiteExecutor.java:91)
	at com.kms.katalon.core.main.TestCaseMain.startTestSuite(TestCaseMain.java:157)
	at com.kms.katalon.core.main.TestCaseMain$startTestSuite$0.call(Unknown Source)
	at TempTestSuite1581071026566.run(TempTestSuite1581071026566.groovy:36)
)
	at com.kms.katalon.core.keyword.internal.KeywordMain.stepFailed(KeywordMain.groovy:39)
	at com.kms.katalon.core.webui.keyword.internal.WebUIKeywordMain.stepFailed(WebUIKeywordMain.groovy:64)
	at com.kms.katalon.core.webui.keyword.builtin.VerifyElementVisibleInViewportKeyword$_verifyElementVisibleInViewport_closure1.doCall(VerifyElementVisibleInViewportKeyword.groovy:83)
	at com.kms.katalon.core.webui.keyword.builtin.VerifyElementVisibleInViewportKeyword$_verifyElementVisibleInViewport_closure1.call(VerifyElementVisibleInViewportKeyword.groovy)
	at com.kms.katalon.core.webui.keyword.internal.WebUIKeywordMain.runKeyword(WebUIKeywordMain.groovy:20)
	at com.kms.katalon.core.webui.keyword.builtin.VerifyElementVisibleInViewportKeyword.verifyElementVisibleInViewport(VerifyElementVisibleInViewportKeyword.groovy:86)
	at com.kms.katalon.core.webui.keyword.builtin.VerifyElementVisibleInViewportKeyword.execute(VerifyElementVisibleInViewportKeyword.groovy:68)
	at com.kms.katalon.core.keyword.internal.KeywordExecutor.executeKeywordForPlatform(KeywordExecutor.groovy:72)
	at com.kms.katalon.core.webui.keyword.WebUiBuiltInKeywords.verifyElementVisibleInViewport(WebUiBuiltInKeywords.groovy:2992)
	at com.kms.katalon.core.webui.keyword.WebUiBuiltInKeywords.verifyElementVisibleInViewport(WebUiBuiltInKeywords.groovy:3008)
	at com.kms.katalon.core.webui.keyword.WebUiBuiltInKeywords$verifyElementVisibleInViewport$8.call(Unknown Source)
	at Scenes adding (30 scenes) cycles.run(Scenes adding (30 scenes) cycles:33)
	at com.kms.katalon.core.main.ScriptEngine.run(ScriptEngine.java:194)
	at com.kms.katalon.core.main.ScriptEngine.runScriptAsRawText(ScriptEngine.java:119)
	at com.kms.katalon.core.main.TestCaseExecutor.runScript(TestCaseExecutor.java:337)
	at com.kms.katalon.core.main.TestCaseExecutor.doExecute(TestCaseExecutor.java:328)
	at com.kms.katalon.core.main.TestCaseExecutor.processExecutionPhase(TestCaseExecutor.java:307)
	at com.kms.katalon.core.main.TestCaseExecutor.accessMainPhase(TestCaseExecutor.java:299)
	at com.kms.katalon.core.main.TestCaseExecutor.execute(TestCaseExecutor.java:233)
	at com.kms.katalon.core.main.TestSuiteExecutor.accessTestCaseMainPhase(TestSuiteExecutor.java:169)
	at com.kms.katalon.core.main.TestSuiteExecutor.accessTestSuiteMainPhase(TestSuiteExecutor.java:142)
	at com.kms.katalon.core.main.TestSuiteExecutor.execute(TestSuiteExecutor.java:91)
	at com.kms.katalon.core.main.TestCaseMain.startTestSuite(TestCaseMain.java:157)
	at com.kms.katalon.core.main.TestCaseMain$startTestSuite$0.call(Unknown Source)
	at TempTestSuite1581071026566.run(TempTestSuite1581071026566.groovy:36)
Caused by: com.kms.katalon.core.exception.StepFailedException: Object 'Object Repository/Add video in placeholers/From recorder/Scenes_adding/div_Scene 10' is not present
	... 24 more


2020-02-07 12:24:32 - [TEST_STEP][PASSED] - waitForPageLoad(1): Wait for page load successfully

2020-02-07 12:24:32 - [MESSAGE][PASSED] - Wait for page load successfully

2020-02-07 12:24:32 - [TEST_STEP][PASSED] - click(findTestObject("Add video in placeholers/From recorder/img_add_scenes")): Object: 'Object Repository/Add video in placeholers/From recorder/img_add_scenes' is clicked on

2020-02-07 12:24:33 - [MESSAGE][PASSED] - Object: 'Object Repository/Add video in placeholers/From recorder/img_add_scenes' is clicked on

2020-02-07 12:24:33 - [TEST_STEP][PASSED] - waitForPageLoad(5): Wait for page load successfully

2020-02-07 12:24:33 - [MESSAGE][PASSED] - Wait for page load successfully

2020-02-07 12:24:33 - [TEST_STEP][PASSED] - delay(1): Delayed 1 second(s)

2020-02-07 12:24:34 - [MESSAGE][PASSED] - Delayed 1 second(s)

2020-02-07 12:24:34 - [TEST_STEP][FAILED] - for ([i = 1, i < 16, (i++)]): null

2020-02-07 12:24:34 - [TEST_STEP][PASSED] - Thread.sleep(500): null

2020-02-07 12:24:34 - [TEST_STEP][PASSED] - if (verifyElementVisibleInViewport(findTestObject("Add video in placeholers/From recorder/Scenes_adding/div_Scene " + i), 1) == true): null

2020-02-07 12:24:35 - [MESSAGE][PASSED] - Object 'Object Repository/Add video in placeholers/From recorder/Scenes_adding/div_Scene 1' is present and visible in viewport

2020-02-07 12:24:35 - [TEST_STEP][PASSED] - focus(findTestObject("Add video in placeholers/From recorder/Scenes_adding/div_Scene " + i)): Object: 'Object Repository/Add video in placeholers/From recorder/Scenes_adding/div_Scene 1' is focused

2020-02-07 12:24:36 - [MESSAGE][PASSED] - Object: 'Object Repository/Add video in placeholers/From recorder/Scenes_adding/div_Scene 1' is focused

2020-02-07 12:24:36 - [TEST_STEP][PASSED] - waitForElementVisible(findTestObject("Add video in placeholers/From recorder/Scenes_adding/li__Scene_" + i), 5): Object 'Object Repository/Add video in placeholers/From recorder/Scenes_adding/li__Scene_1' is visible

2020-02-07 12:24:38 - [MESSAGE][PASSED] - Object 'Object Repository/Add video in placeholers/From recorder/Scenes_adding/li__Scene_1' is visible

2020-02-07 12:24:38 - [TEST_STEP][PASSED] - click(findTestObject("Add video in placeholers/From recorder/Scenes_adding/li__Scene_" + i)): Object: 'Object Repository/Add video in placeholers/From recorder/Scenes_adding/li__Scene_1' is clicked on

2020-02-07 12:24:39 - [MESSAGE][PASSED] - Object: 'Object Repository/Add video in placeholers/From recorder/Scenes_adding/li__Scene_1' is clicked on

2020-02-07 12:24:39 - [TEST_STEP][PASSED] - Thread.sleep(200): null

2020-02-07 12:24:40 - [TEST_STEP][PASSED] - Thread.sleep(500): null

2020-02-07 12:24:40 - [TEST_STEP][PASSED] - if (verifyElementVisibleInViewport(findTestObject("Add video in placeholers/From recorder/Scenes_adding/div_Scene " + i), 1) == true): null

2020-02-07 12:24:41 - [MESSAGE][PASSED] - Object 'Object Repository/Add video in placeholers/From recorder/Scenes_adding/div_Scene 2' is present and visible in viewport

2020-02-07 12:24:41 - [TEST_STEP][PASSED] - focus(findTestObject("Add video in placeholers/From recorder/Scenes_adding/div_Scene " + i)): Object: 'Object Repository/Add video in placeholers/From recorder/Scenes_adding/div_Scene 2' is focused

2020-02-07 12:24:42 - [MESSAGE][PASSED] - Object: 'Object Repository/Add video in placeholers/From recorder/Scenes_adding/div_Scene 2' is focused

2020-02-07 12:24:42 - [TEST_STEP][PASSED] - waitForElementVisible(findTestObject("Add video in placeholers/From recorder/Scenes_adding/li__Scene_" + i), 5): Object 'Object Repository/Add video in placeholers/From recorder/Scenes_adding/li__Scene_2' is visible

2020-02-07 12:24:43 - [MESSAGE][PASSED] - Object 'Object Repository/Add video in placeholers/From recorder/Scenes_adding/li__Scene_2' is visible

2020-02-07 12:24:43 - [TEST_STEP][PASSED] - click(findTestObject("Add video in placeholers/From recorder/Scenes_adding/li__Scene_" + i)): Object: 'Object Repository/Add video in placeholers/From recorder/Scenes_adding/li__Scene_2' is clicked on

2020-02-07 12:24:43 - [MESSAGE][PASSED] - Object: 'Object Repository/Add video in placeholers/From recorder/Scenes_adding/li__Scene_2' is clicked on

2020-02-07 12:24:43 - [TEST_STEP][PASSED] - Thread.sleep(200): null

2020-02-07 12:24:43 - [TEST_STEP][PASSED] - Thread.sleep(500): null

2020-02-07 12:24:44 - [TEST_STEP][PASSED] - if (verifyElementVisibleInViewport(findTestObject("Add video in placeholers/From recorder/Scenes_adding/div_Scene " + i), 1) == true): null

2020-02-07 12:24:45 - [MESSAGE][PASSED] - Object 'Object Repository/Add video in placeholers/From recorder/Scenes_adding/div_Scene 3' is present and visible in viewport

2020-02-07 12:24:45 - [TEST_STEP][PASSED] - focus(findTestObject("Add video in placeholers/From recorder/Scenes_adding/div_Scene " + i)): Object: 'Object Repository/Add video in placeholers/From recorder/Scenes_adding/div_Scene 3' is focused

2020-02-07 12:24:46 - [MESSAGE][PASSED] - Object: 'Object Repository/Add video in placeholers/From recorder/Scenes_adding/div_Scene 3' is focused

2020-02-07 12:24:46 - [TEST_STEP][PASSED] - waitForElementVisible(findTestObject("Add video in placeholers/From recorder/Scenes_adding/li__Scene_" + i), 5): Object 'Object Repository/Add video in placeholers/From recorder/Scenes_adding/li__Scene_3' is visible

2020-02-07 12:24:46 - [MESSAGE][PASSED] - Object 'Object Repository/Add video in placeholers/From recorder/Scenes_adding/li__Scene_3' is visible

2020-02-07 12:24:46 - [TEST_STEP][PASSED] - click(findTestObject("Add video in placeholers/From recorder/Scenes_adding/li__Scene_" + i)): Object: 'Object Repository/Add video in placeholers/From recorder/Scenes_adding/li__Scene_3' is clicked on

2020-02-07 12:24:46 - [MESSAGE][PASSED] - Object: 'Object Repository/Add video in placeholers/From recorder/Scenes_adding/li__Scene_3' is clicked on

2020-02-07 12:24:46 - [TEST_STEP][PASSED] - Thread.sleep(200): null

2020-02-07 12:24:46 - [TEST_STEP][PASSED] - Thread.sleep(500): null

2020-02-07 12:24:47 - [TEST_STEP][PASSED] - if (verifyElementVisibleInViewport(findTestObject("Add video in placeholers/From recorder/Scenes_adding/div_Scene " + i), 1) == true): null

2020-02-07 12:24:48 - [MESSAGE][PASSED] - Object 'Object Repository/Add video in placeholers/From recorder/Scenes_adding/div_Scene 4' is present and visible in viewport

2020-02-07 12:24:48 - [TEST_STEP][PASSED] - focus(findTestObject("Add video in placeholers/From recorder/Scenes_adding/div_Scene " + i)): Object: 'Object Repository/Add video in placeholers/From recorder/Scenes_adding/div_Scene 4' is focused

2020-02-07 12:24:49 - [MESSAGE][PASSED] - Object: 'Object Repository/Add video in placeholers/From recorder/Scenes_adding/div_Scene 4' is focused

2020-02-07 12:24:49 - [TEST_STEP][PASSED] - waitForElementVisible(findTestObject("Add video in placeholers/From recorder/Scenes_adding/li__Scene_" + i), 5): Object 'Object Repository/Add video in placeholers/From recorder/Scenes_adding/li__Scene_4' is visible

2020-02-07 12:24:50 - [MESSAGE][PASSED] - Object 'Object Repository/Add video in placeholers/From recorder/Scenes_adding/li__Scene_4' is visible

2020-02-07 12:24:50 - [TEST_STEP][PASSED] - click(findTestObject("Add video in placeholers/From recorder/Scenes_adding/li__Scene_" + i)): Object: 'Object Repository/Add video in placeholers/From recorder/Scenes_adding/li__Scene_4' is clicked on

2020-02-07 12:24:52 - [MESSAGE][PASSED] - Object: 'Object Repository/Add video in placeholers/From recorder/Scenes_adding/li__Scene_4' is clicked on

2020-02-07 12:24:52 - [TEST_STEP][PASSED] - Thread.sleep(200): null

2020-02-07 12:24:52 - [TEST_STEP][PASSED] - Thread.sleep(500): null

2020-02-07 12:24:52 - [TEST_STEP][PASSED] - if (verifyElementVisibleInViewport(findTestObject("Add video in placeholers/From recorder/Scenes_adding/div_Scene " + i), 1) == true): null

2020-02-07 12:24:54 - [MESSAGE][PASSED] - Object 'Object Repository/Add video in placeholers/From recorder/Scenes_adding/div_Scene 5' is present and visible in viewport

2020-02-07 12:24:54 - [TEST_STEP][PASSED] - focus(findTestObject("Add video in placeholers/From recorder/Scenes_adding/div_Scene " + i)): Object: 'Object Repository/Add video in placeholers/From recorder/Scenes_adding/div_Scene 5' is focused

2020-02-07 12:24:54 - [MESSAGE][PASSED] - Object: 'Object Repository/Add video in placeholers/From recorder/Scenes_adding/div_Scene 5' is focused

2020-02-07 12:24:54 - [TEST_STEP][PASSED] - waitForElementVisible(findTestObject("Add video in placeholers/From recorder/Scenes_adding/li__Scene_" + i), 5): Object 'Object Repository/Add video in placeholers/From recorder/Scenes_adding/li__Scene_5' is visible

2020-02-07 12:24:55 - [MESSAGE][PASSED] - Object 'Object Repository/Add video in placeholers/From recorder/Scenes_adding/li__Scene_5' is visible

2020-02-07 12:24:55 - [TEST_STEP][PASSED] - click(findTestObject("Add video in placeholers/From recorder/Scenes_adding/li__Scene_" + i)): Object: 'Object Repository/Add video in placeholers/From recorder/Scenes_adding/li__Scene_5' is clicked on

2020-02-07 12:24:56 - [MESSAGE][PASSED] - Object: 'Object Repository/Add video in placeholers/From recorder/Scenes_adding/li__Scene_5' is clicked on

2020-02-07 12:24:56 - [TEST_STEP][PASSED] - Thread.sleep(200): null

2020-02-07 12:24:56 - [TEST_STEP][PASSED] - Thread.sleep(500): null

2020-02-07 12:24:57 - [TEST_STEP][PASSED] - if (verifyElementVisibleInViewport(findTestObject("Add video in placeholers/From recorder/Scenes_adding/div_Scene " + i), 1) == true): null

2020-02-07 12:24:57 - [MESSAGE][PASSED] - Object 'Object Repository/Add video in placeholers/From recorder/Scenes_adding/div_Scene 6' is present and visible in viewport

2020-02-07 12:24:57 - [TEST_STEP][PASSED] - focus(findTestObject("Add video in placeholers/From recorder/Scenes_adding/div_Scene " + i)): Object: 'Object Repository/Add video in placeholers/From recorder/Scenes_adding/div_Scene 6' is focused

2020-02-07 12:24:58 - [MESSAGE][PASSED] - Object: 'Object Repository/Add video in placeholers/From recorder/Scenes_adding/div_Scene 6' is focused

2020-02-07 12:24:58 - [TEST_STEP][PASSED] - waitForElementVisible(findTestObject("Add video in placeholers/From recorder/Scenes_adding/li__Scene_" + i), 5): Object 'Object Repository/Add video in placeholers/From recorder/Scenes_adding/li__Scene_6' is visible

2020-02-07 12:24:58 - [MESSAGE][PASSED] - Object 'Object Repository/Add video in placeholers/From recorder/Scenes_adding/li__Scene_6' is visible

2020-02-07 12:24:58 - [TEST_STEP][PASSED] - click(findTestObject("Add video in placeholers/From recorder/Scenes_adding/li__Scene_" + i)): Object: 'Object Repository/Add video in placeholers/From recorder/Scenes_adding/li__Scene_6' is clicked on

2020-02-07 12:24:59 - [MESSAGE][PASSED] - Object: 'Object Repository/Add video in placeholers/From recorder/Scenes_adding/li__Scene_6' is clicked on

2020-02-07 12:24:59 - [TEST_STEP][PASSED] - Thread.sleep(200): null

2020-02-07 12:24:59 - [TEST_STEP][PASSED] - Thread.sleep(500): null

2020-02-07 12:25:00 - [TEST_STEP][PASSED] - if (verifyElementVisibleInViewport(findTestObject("Add video in placeholers/From recorder/Scenes_adding/div_Scene " + i), 1) == true): null

2020-02-07 12:25:00 - [MESSAGE][PASSED] - Object 'Object Repository/Add video in placeholers/From recorder/Scenes_adding/div_Scene 7' is present and visible in viewport

2020-02-07 12:25:00 - [TEST_STEP][PASSED] - focus(findTestObject("Add video in placeholers/From recorder/Scenes_adding/div_Scene " + i)): Object: 'Object Repository/Add video in placeholers/From recorder/Scenes_adding/div_Scene 7' is focused

2020-02-07 12:25:01 - [MESSAGE][PASSED] - Object: 'Object Repository/Add video in placeholers/From recorder/Scenes_adding/div_Scene 7' is focused

2020-02-07 12:25:01 - [TEST_STEP][PASSED] - waitForElementVisible(findTestObject("Add video in placeholers/From recorder/Scenes_adding/li__Scene_" + i), 5): Object 'Object Repository/Add video in placeholers/From recorder/Scenes_adding/li__Scene_7' is visible

2020-02-07 12:25:02 - [MESSAGE][PASSED] - Object 'Object Repository/Add video in placeholers/From recorder/Scenes_adding/li__Scene_7' is visible

2020-02-07 12:25:02 - [TEST_STEP][PASSED] - click(findTestObject("Add video in placeholers/From recorder/Scenes_adding/li__Scene_" + i)): Object: 'Object Repository/Add video in placeholers/From recorder/Scenes_adding/li__Scene_7' is clicked on

2020-02-07 12:25:03 - [MESSAGE][PASSED] - Object: 'Object Repository/Add video in placeholers/From recorder/Scenes_adding/li__Scene_7' is clicked on

2020-02-07 12:25:03 - [TEST_STEP][PASSED] - Thread.sleep(200): null

2020-02-07 12:25:03 - [TEST_STEP][PASSED] - Thread.sleep(500): null

2020-02-07 12:25:04 - [TEST_STEP][PASSED] - if (verifyElementVisibleInViewport(findTestObject("Add video in placeholers/From recorder/Scenes_adding/div_Scene " + i), 1) == true): null

2020-02-07 12:25:04 - [MESSAGE][PASSED] - Object 'Object Repository/Add video in placeholers/From recorder/Scenes_adding/div_Scene 8' is present and visible in viewport

2020-02-07 12:25:04 - [TEST_STEP][PASSED] - focus(findTestObject("Add video in placeholers/From recorder/Scenes_adding/div_Scene " + i)): Object: 'Object Repository/Add video in placeholers/From recorder/Scenes_adding/div_Scene 8' is focused

2020-02-07 12:25:04 - [MESSAGE][PASSED] - Object: 'Object Repository/Add video in placeholers/From recorder/Scenes_adding/div_Scene 8' is focused

2020-02-07 12:25:04 - [TEST_STEP][PASSED] - waitForElementVisible(findTestObject("Add video in placeholers/From recorder/Scenes_adding/li__Scene_" + i), 5): Object 'Object Repository/Add video in placeholers/From recorder/Scenes_adding/li__Scene_8' is visible

2020-02-07 12:25:05 - [MESSAGE][PASSED] - Object 'Object Repository/Add video in placeholers/From recorder/Scenes_adding/li__Scene_8' is visible

2020-02-07 12:25:05 - [TEST_STEP][PASSED] - click(findTestObject("Add video in placeholers/From recorder/Scenes_adding/li__Scene_" + i)): Object: 'Object Repository/Add video in placeholers/From recorder/Scenes_adding/li__Scene_8' is clicked on

2020-02-07 12:25:05 - [MESSAGE][PASSED] - Object: 'Object Repository/Add video in placeholers/From recorder/Scenes_adding/li__Scene_8' is clicked on

2020-02-07 12:25:05 - [TEST_STEP][PASSED] - Thread.sleep(200): null

2020-02-07 12:25:05 - [TEST_STEP][PASSED] - Thread.sleep(500): null

2020-02-07 12:25:05 - [TEST_STEP][PASSED] - if (verifyElementVisibleInViewport(findTestObject("Add video in placeholers/From recorder/Scenes_adding/div_Scene " + i), 1) == true): null

2020-02-07 12:25:06 - [MESSAGE][PASSED] - Object 'Object Repository/Add video in placeholers/From recorder/Scenes_adding/div_Scene 9' is present and visible in viewport

2020-02-07 12:25:06 - [TEST_STEP][PASSED] - focus(findTestObject("Add video in placeholers/From recorder/Scenes_adding/div_Scene " + i)): Object: 'Object Repository/Add video in placeholers/From recorder/Scenes_adding/div_Scene 9' is focused

2020-02-07 12:25:06 - [MESSAGE][PASSED] - Object: 'Object Repository/Add video in placeholers/From recorder/Scenes_adding/div_Scene 9' is focused

2020-02-07 12:25:06 - [TEST_STEP][PASSED] - waitForElementVisible(findTestObject("Add video in placeholers/From recorder/Scenes_adding/li__Scene_" + i), 5): Object 'Object Repository/Add video in placeholers/From recorder/Scenes_adding/li__Scene_9' is visible

2020-02-07 12:25:08 - [MESSAGE][PASSED] - Object 'Object Repository/Add video in placeholers/From recorder/Scenes_adding/li__Scene_9' is visible

2020-02-07 12:25:08 - [TEST_STEP][PASSED] - click(findTestObject("Add video in placeholers/From recorder/Scenes_adding/li__Scene_" + i)): Object: 'Object Repository/Add video in placeholers/From recorder/Scenes_adding/li__Scene_9' is clicked on

2020-02-07 12:25:08 - [MESSAGE][PASSED] - Object: 'Object Repository/Add video in placeholers/From recorder/Scenes_adding/li__Scene_9' is clicked on

2020-02-07 12:25:08 - [TEST_STEP][PASSED] - Thread.sleep(200): null

2020-02-07 12:25:08 - [TEST_STEP][PASSED] - Thread.sleep(500): null

2020-02-07 12:25:08 - [TEST_STEP][FAILED] - if (verifyElementVisibleInViewport(findTestObject("Add video in placeholers/From recorder/Scenes_adding/div_Scene " + i), 1) == true): Object 'Object Repository/Add video in placeholers/From recorder/Scenes_adding/div_Scene 10' is not present (Root cause: com.kms.katalon.core.exception.StepFailedException: Object 'Object Repository/Add video in placeholers/From recorder/Scenes_adding/div_Scene 10' is not present
	at com.kms.katalon.core.webui.keyword.internal.WebUIKeywordMain.stepFailed(WebUIKeywordMain.groovy:64)
	at com.kms.katalon.core.webui.keyword.builtin.VerifyElementVisibleInViewportKeyword$_verifyElementVisibleInViewport_closure1.doCall(VerifyElementVisibleInViewportKeyword.groovy:83)
	at com.kms.katalon.core.webui.keyword.builtin.VerifyElementVisibleInViewportKeyword$_verifyElementVisibleInViewport_closure1.call(VerifyElementVisibleInViewportKeyword.groovy)
	at com.kms.katalon.core.webui.keyword.internal.WebUIKeywordMain.runKeyword(WebUIKeywordMain.groovy:20)
	at com.kms.katalon.core.webui.keyword.builtin.VerifyElementVisibleInViewportKeyword.verifyElementVisibleInViewport(VerifyElementVisibleInViewportKeyword.groovy:86)
	at com.kms.katalon.core.webui.keyword.builtin.VerifyElementVisibleInViewportKeyword.execute(VerifyElementVisibleInViewportKeyword.groovy:68)
	at com.kms.katalon.core.keyword.internal.KeywordExecutor.executeKeywordForPlatform(KeywordExecutor.groovy:72)
	at com.kms.katalon.core.webui.keyword.WebUiBuiltInKeywords.verifyElementVisibleInViewport(WebUiBuiltInKeywords.groovy:2992)
	at com.kms.katalon.core.webui.keyword.WebUiBuiltInKeywords.verifyElementVisibleInViewport(WebUiBuiltInKeywords.groovy:3008)
	at com.kms.katalon.core.webui.keyword.WebUiBuiltInKeywords$verifyElementVisibleInViewport$8.call(Unknown Source)
	at Scenes adding (30 scenes) cycles.run(Scenes adding (30 scenes) cycles:33)
	at com.kms.katalon.core.main.ScriptEngine.run(ScriptEngine.java:194)
	at com.kms.katalon.core.main.ScriptEngine.runScriptAsRawText(ScriptEngine.java:119)
	at com.kms.katalon.core.main.TestCaseExecutor.runScript(TestCaseExecutor.java:337)
	at com.kms.katalon.core.main.TestCaseExecutor.doExecute(TestCaseExecutor.java:328)
	at com.kms.katalon.core.main.TestCaseExecutor.processExecutionPhase(TestCaseExecutor.java:307)
	at com.kms.katalon.core.main.TestCaseExecutor.accessMainPhase(TestCaseExecutor.java:299)
	at com.kms.katalon.core.main.TestCaseExecutor.execute(TestCaseExecutor.java:233)
	at com.kms.katalon.core.main.TestSuiteExecutor.accessTestCaseMainPhase(TestSuiteExecutor.java:169)
	at com.kms.katalon.core.main.TestSuiteExecutor.accessTestSuiteMainPhase(TestSuiteExecutor.java:142)
	at com.kms.katalon.core.main.TestSuiteExecutor.execute(TestSuiteExecutor.java:91)
	at com.kms.katalon.core.main.TestCaseMain.startTestSuite(TestCaseMain.java:157)
	at com.kms.katalon.core.main.TestCaseMain$startTestSuite$0.call(Unknown Source)
	at TempTestSuite1581071026566.run(TempTestSuite1581071026566.groovy:36)
)

2020-02-07 12:25:10 - [MESSAGE][INFO] - Unable to find the element located by 'By.cssSelector: #itemContainer li:nth-child(10)'. Please recheck the objects properties to make sure the desired element is located. 

2020-02-07 12:25:10 - [MESSAGE][FAILED] - Object 'Object Repository/Add video in placeholers/From recorder/Scenes_adding/div_Scene 10' is not present (Root cause: com.kms.katalon.core.exception.StepFailedException: Object 'Object Repository/Add video in placeholers/From recorder/Scenes_adding/div_Scene 10' is not present
	at com.kms.katalon.core.webui.keyword.internal.WebUIKeywordMain.stepFailed(WebUIKeywordMain.groovy:64)
	at com.kms.katalon.core.webui.keyword.builtin.VerifyElementVisibleInViewportKeyword$_verifyElementVisibleInViewport_closure1.doCall(VerifyElementVisibleInViewportKeyword.groovy:83)
	at com.kms.katalon.core.webui.keyword.builtin.VerifyElementVisibleInViewportKeyword$_verifyElementVisibleInViewport_closure1.call(VerifyElementVisibleInViewportKeyword.groovy)
	at com.kms.katalon.core.webui.keyword.internal.WebUIKeywordMain.runKeyword(WebUIKeywordMain.groovy:20)
	at com.kms.katalon.core.webui.keyword.builtin.VerifyElementVisibleInViewportKeyword.verifyElementVisibleInViewport(VerifyElementVisibleInViewportKeyword.groovy:86)
	at com.kms.katalon.core.webui.keyword.builtin.VerifyElementVisibleInViewportKeyword.execute(VerifyElementVisibleInViewportKeyword.groovy:68)
	at com.kms.katalon.core.keyword.internal.KeywordExecutor.executeKeywordForPlatform(KeywordExecutor.groovy:72)
	at com.kms.katalon.core.webui.keyword.WebUiBuiltInKeywords.verifyElementVisibleInViewport(WebUiBuiltInKeywords.groovy:2992)
	at com.kms.katalon.core.webui.keyword.WebUiBuiltInKeywords.verifyElementVisibleInViewport(WebUiBuiltInKeywords.groovy:3008)
	at com.kms.katalon.core.webui.keyword.WebUiBuiltInKeywords$verifyElementVisibleInViewport$8.call(Unknown Source)
	at Scenes adding (30 scenes) cycles.run(Scenes adding (30 scenes) cycles:33)
	at com.kms.katalon.core.main.ScriptEngine.run(ScriptEngine.java:194)
	at com.kms.katalon.core.main.ScriptEngine.runScriptAsRawText(ScriptEngine.java:119)
	at com.kms.katalon.core.main.TestCaseExecutor.runScript(TestCaseExecutor.java:337)
	at com.kms.katalon.core.main.TestCaseExecutor.doExecute(TestCaseExecutor.java:328)
	at com.kms.katalon.core.main.TestCaseExecutor.processExecutionPhase(TestCaseExecutor.java:307)
	at com.kms.katalon.core.main.TestCaseExecutor.accessMainPhase(TestCaseExecutor.java:299)
	at com.kms.katalon.core.main.TestCaseExecutor.execute(TestCaseExecutor.java:233)
	at com.kms.katalon.core.main.TestSuiteExecutor.accessTestCaseMainPhase(TestSuiteExecutor.java:169)
	at com.kms.katalon.core.main.TestSuiteExecutor.accessTestSuiteMainPhase(TestSuiteExecutor.java:142)
	at com.kms.katalon.core.main.TestSuiteExecutor.execute(TestSuiteExecutor.java:91)
	at com.kms.katalon.core.main.TestCaseMain.startTestSuite(TestCaseMain.java:157)
	at com.kms.katalon.core.main.TestCaseMain$startTestSuite$0.call(Unknown Source)
	at TempTestSuite1581071026566.run(TempTestSuite1581071026566.groovy:36)
)

2020-02-07 12:25:10 - [TEST_STEP][PASSED] - else: null

2020-02-07 12:25:10 - [TEST_STEP][PASSED] - break: null

2020-02-07 12:25:10 - [TEST_STEP][FAILED] - if (verifyElementPresent(findTestObject("Object Repository/Add video in placeholers/From recorder/2ndPageAddingScenes"), 1) == true): com.kms.katalon.core.webui.exception.WebElementNotFoundException: Web element with id: 'Object Repository/Add video in placeholers/From recorder/2ndPageAddingScenes' located by 'By.xpath: //*[@id="scene-pagination-container"]/li[4]/a' not found (Root cause: com.kms.katalon.core.exception.StepFailedException: com.kms.katalon.core.webui.exception.WebElementNotFoundException: Web element with id: 'Object Repository/Add video in placeholers/From recorder/2ndPageAddingScenes' located by 'By.xpath: //*[@id="scene-pagination-container"]/li[4]/a' not found
	at com.kms.katalon.core.webui.keyword.internal.WebUIKeywordMain.stepFailed(WebUIKeywordMain.groovy:64)
	at com.kms.katalon.core.webui.keyword.builtin.VerifyElementPresentKeyword$_verifyElementPresent_closure1.doCall(VerifyElementPresentKeyword.groovy:85)
	at com.kms.katalon.core.webui.keyword.builtin.VerifyElementPresentKeyword$_verifyElementPresent_closure1.call(VerifyElementPresentKeyword.groovy)
	at com.kms.katalon.core.webui.keyword.internal.WebUIKeywordMain.runKeyword(WebUIKeywordMain.groovy:20)
	at com.kms.katalon.core.webui.keyword.builtin.VerifyElementPresentKeyword.verifyElementPresent(VerifyElementPresentKeyword.groovy:92)
	at com.kms.katalon.core.webui.keyword.builtin.VerifyElementPresentKeyword.execute(VerifyElementPresentKeyword.groovy:68)
	at com.kms.katalon.core.keyword.internal.KeywordExecutor.executeKeywordForPlatform(KeywordExecutor.groovy:72)
	at com.kms.katalon.core.webui.keyword.WebUiBuiltInKeywords.verifyElementPresent(WebUiBuiltInKeywords.groovy:1434)
	at com.kms.katalon.core.webui.keyword.WebUiBuiltInKeywords$verifyElementPresent$6.call(Unknown Source)
	at Scenes adding (30 scenes) cycles.run(Scenes adding (30 scenes) cycles:48)
	at com.kms.katalon.core.main.ScriptEngine.run(ScriptEngine.java:194)
	at com.kms.katalon.core.main.ScriptEngine.runScriptAsRawText(ScriptEngine.java:119)
	at com.kms.katalon.core.main.TestCaseExecutor.runScript(TestCaseExecutor.java:337)
	at com.kms.katalon.core.main.TestCaseExecutor.doExecute(TestCaseExecutor.java:328)
	at com.kms.katalon.core.main.TestCaseExecutor.processExecutionPhase(TestCaseExecutor.java:307)
	at com.kms.katalon.core.main.TestCaseExecutor.accessMainPhase(TestCaseExecutor.java:299)
	at com.kms.katalon.core.main.TestCaseExecutor.execute(TestCaseExecutor.java:233)
	at com.kms.katalon.core.main.TestSuiteExecutor.accessTestCaseMainPhase(TestSuiteExecutor.java:169)
	at com.kms.katalon.core.main.TestSuiteExecutor.accessTestSuiteMainPhase(TestSuiteExecutor.java:142)
	at com.kms.katalon.core.main.TestSuiteExecutor.execute(TestSuiteExecutor.java:91)
	at com.kms.katalon.core.main.TestCaseMain.startTestSuite(TestCaseMain.java:157)
	at com.kms.katalon.core.main.TestCaseMain$startTestSuite$0.call(Unknown Source)
	at TempTestSuite1581071026566.run(TempTestSuite1581071026566.groovy:36)
)

2020-02-07 12:25:11 - [MESSAGE][INFO] - Unable to find the element located by 'By.xpath: //*[@id="scene-pagination-container"]/li[4]/a'. Please recheck the objects properties to make sure the desired element is located. 

2020-02-07 12:25:11 - [MESSAGE][FAILED] - com.kms.katalon.core.webui.exception.WebElementNotFoundException: Web element with id: 'Object Repository/Add video in placeholers/From recorder/2ndPageAddingScenes' located by 'By.xpath: //*[@id="scene-pagination-container"]/li[4]/a' not found (Root cause: com.kms.katalon.core.exception.StepFailedException: com.kms.katalon.core.webui.exception.WebElementNotFoundException: Web element with id: 'Object Repository/Add video in placeholers/From recorder/2ndPageAddingScenes' located by 'By.xpath: //*[@id="scene-pagination-container"]/li[4]/a' not found
	at com.kms.katalon.core.webui.keyword.internal.WebUIKeywordMain.stepFailed(WebUIKeywordMain.groovy:64)
	at com.kms.katalon.core.webui.keyword.builtin.VerifyElementPresentKeyword$_verifyElementPresent_closure1.doCall(VerifyElementPresentKeyword.groovy:85)
	at com.kms.katalon.core.webui.keyword.builtin.VerifyElementPresentKeyword$_verifyElementPresent_closure1.call(VerifyElementPresentKeyword.groovy)
	at com.kms.katalon.core.webui.keyword.internal.WebUIKeywordMain.runKeyword(WebUIKeywordMain.groovy:20)
	at com.kms.katalon.core.webui.keyword.builtin.VerifyElementPresentKeyword.verifyElementPresent(VerifyElementPresentKeyword.groovy:92)
	at com.kms.katalon.core.webui.keyword.builtin.VerifyElementPresentKeyword.execute(VerifyElementPresentKeyword.groovy:68)
	at com.kms.katalon.core.keyword.internal.KeywordExecutor.executeKeywordForPlatform(KeywordExecutor.groovy:72)
	at com.kms.katalon.core.webui.keyword.WebUiBuiltInKeywords.verifyElementPresent(WebUiBuiltInKeywords.groovy:1434)
	at com.kms.katalon.core.webui.keyword.WebUiBuiltInKeywords$verifyElementPresent$6.call(Unknown Source)
	at Scenes adding (30 scenes) cycles.run(Scenes adding (30 scenes) cycles:48)
	at com.kms.katalon.core.main.ScriptEngine.run(ScriptEngine.java:194)
	at com.kms.katalon.core.main.ScriptEngine.runScriptAsRawText(ScriptEngine.java:119)
	at com.kms.katalon.core.main.TestCaseExecutor.runScript(TestCaseExecutor.java:337)
	at com.kms.katalon.core.main.TestCaseExecutor.doExecute(TestCaseExecutor.java:328)
	at com.kms.katalon.core.main.TestCaseExecutor.processExecutionPhase(TestCaseExecutor.java:307)
	at com.kms.katalon.core.main.TestCaseExecutor.accessMainPhase(TestCaseExecutor.java:299)
	at com.kms.katalon.core.main.TestCaseExecutor.execute(TestCaseExecutor.java:233)
	at com.kms.katalon.core.main.TestSuiteExecutor.accessTestCaseMainPhase(TestSuiteExecutor.java:169)
	at com.kms.katalon.core.main.TestSuiteExecutor.accessTestSuiteMainPhase(TestSuiteExecutor.java:142)
	at com.kms.katalon.core.main.TestSuiteExecutor.execute(TestSuiteExecutor.java:91)
	at com.kms.katalon.core.main.TestCaseMain.startTestSuite(TestCaseMain.java:157)
	at com.kms.katalon.core.main.TestCaseMain$startTestSuite$0.call(Unknown Source)
	at TempTestSuite1581071026566.run(TempTestSuite1581071026566.groovy:36)
)

2020-02-07 12:25:11 - [TEST_STEP][PASSED] - delay(3): Delayed 3 second(s)

2020-02-07 12:25:14 - [MESSAGE][PASSED] - Delayed 3 second(s)

2020-02-07 12:25:14 - [TEST_STEP][PASSED] - click(findTestObject("Add video in placeholers/From recorder/img_1_close_adding_scenes")): Object: 'Object Repository/Add video in placeholers/From recorder/img_1_close_adding_scenes' is clicked on

2020-02-07 12:25:14 - [MESSAGE][PASSED] - Object: 'Object Repository/Add video in placeholers/From recorder/img_1_close_adding_scenes' is clicked on

2020-02-07 12:25:14 - [TEST_STEP][PASSED] - doubleClick(findTestObject("Add video in placeholers/Video_img repository (videos, imgs and buttons)/Editor_Scene_1")): Object: 'Object Repository/Add video in placeholers/Video_img repository (videos, imgs and buttons)/Editor_Scene_1' is double clicked on

2020-02-07 12:25:15 - [MESSAGE][PASSED] - Object: 'Object Repository/Add video in placeholers/Video_img repository (videos, imgs and buttons)/Editor_Scene_1' is double clicked on]]></system-out>
         <system-err><![CDATA[2020-02-07 12:24:31 - [TEST_CASE][FAILED] - Test Cases/Scenes adding (30 scenes) cycles: Test Cases/Scenes adding (30 scenes) cycles FAILED.
Reason:
com.kms.katalon.core.exception.StepFailedException: Object 'Object Repository/Add video in placeholers/From recorder/Scenes_adding/div_Scene 10' is not present (Root cause: com.kms.katalon.core.exception.StepFailedException: Object 'Object Repository/Add video in placeholers/From recorder/Scenes_adding/div_Scene 10' is not present
	at com.kms.katalon.core.webui.keyword.internal.WebUIKeywordMain.stepFailed(WebUIKeywordMain.groovy:64)
	at com.kms.katalon.core.webui.keyword.builtin.VerifyElementVisibleInViewportKeyword$_verifyElementVisibleInViewport_closure1.doCall(VerifyElementVisibleInViewportKeyword.groovy:83)
	at com.kms.katalon.core.webui.keyword.builtin.VerifyElementVisibleInViewportKeyword$_verifyElementVisibleInViewport_closure1.call(VerifyElementVisibleInViewportKeyword.groovy)
	at com.kms.katalon.core.webui.keyword.internal.WebUIKeywordMain.runKeyword(WebUIKeywordMain.groovy:20)
	at com.kms.katalon.core.webui.keyword.builtin.VerifyElementVisibleInViewportKeyword.verifyElementVisibleInViewport(VerifyElementVisibleInViewportKeyword.groovy:86)
	at com.kms.katalon.core.webui.keyword.builtin.VerifyElementVisibleInViewportKeyword.execute(VerifyElementVisibleInViewportKeyword.groovy:68)
	at com.kms.katalon.core.keyword.internal.KeywordExecutor.executeKeywordForPlatform(KeywordExecutor.groovy:72)
	at com.kms.katalon.core.webui.keyword.WebUiBuiltInKeywords.verifyElementVisibleInViewport(WebUiBuiltInKeywords.groovy:2992)
	at com.kms.katalon.core.webui.keyword.WebUiBuiltInKeywords.verifyElementVisibleInViewport(WebUiBuiltInKeywords.groovy:3008)
	at com.kms.katalon.core.webui.keyword.WebUiBuiltInKeywords$verifyElementVisibleInViewport$8.call(Unknown Source)
	at Scenes adding (30 scenes) cycles.run(Scenes adding (30 scenes) cycles:33)
	at com.kms.katalon.core.main.ScriptEngine.run(ScriptEngine.java:194)
	at com.kms.katalon.core.main.ScriptEngine.runScriptAsRawText(ScriptEngine.java:119)
	at com.kms.katalon.core.main.TestCaseExecutor.runScript(TestCaseExecutor.java:337)
	at com.kms.katalon.core.main.TestCaseExecutor.doExecute(TestCaseExecutor.java:328)
	at com.kms.katalon.core.main.TestCaseExecutor.processExecutionPhase(TestCaseExecutor.java:307)
	at com.kms.katalon.core.main.TestCaseExecutor.accessMainPhase(TestCaseExecutor.java:299)
	at com.kms.katalon.core.main.TestCaseExecutor.execute(TestCaseExecutor.java:233)
	at com.kms.katalon.core.main.TestSuiteExecutor.accessTestCaseMainPhase(TestSuiteExecutor.java:169)
	at com.kms.katalon.core.main.TestSuiteExecutor.accessTestSuiteMainPhase(TestSuiteExecutor.java:142)
	at com.kms.katalon.core.main.TestSuiteExecutor.execute(TestSuiteExecutor.java:91)
	at com.kms.katalon.core.main.TestCaseMain.startTestSuite(TestCaseMain.java:157)
	at com.kms.katalon.core.main.TestCaseMain$startTestSuite$0.call(Unknown Source)
	at TempTestSuite1581071026566.run(TempTestSuite1581071026566.groovy:36)
)
	at com.kms.katalon.core.keyword.internal.KeywordMain.stepFailed(KeywordMain.groovy:39)
	at com.kms.katalon.core.webui.keyword.internal.WebUIKeywordMain.stepFailed(WebUIKeywordMain.groovy:64)
	at com.kms.katalon.core.webui.keyword.builtin.VerifyElementVisibleInViewportKeyword$_verifyElementVisibleInViewport_closure1.doCall(VerifyElementVisibleInViewportKeyword.groovy:83)
	at com.kms.katalon.core.webui.keyword.builtin.VerifyElementVisibleInViewportKeyword$_verifyElementVisibleInViewport_closure1.call(VerifyElementVisibleInViewportKeyword.groovy)
	at com.kms.katalon.core.webui.keyword.internal.WebUIKeywordMain.runKeyword(WebUIKeywordMain.groovy:20)
	at com.kms.katalon.core.webui.keyword.builtin.VerifyElementVisibleInViewportKeyword.verifyElementVisibleInViewport(VerifyElementVisibleInViewportKeyword.groovy:86)
	at com.kms.katalon.core.webui.keyword.builtin.VerifyElementVisibleInViewportKeyword.execute(VerifyElementVisibleInViewportKeyword.groovy:68)
	at com.kms.katalon.core.keyword.internal.KeywordExecutor.executeKeywordForPlatform(KeywordExecutor.groovy:72)
	at com.kms.katalon.core.webui.keyword.WebUiBuiltInKeywords.verifyElementVisibleInViewport(WebUiBuiltInKeywords.groovy:2992)
	at com.kms.katalon.core.webui.keyword.WebUiBuiltInKeywords.verifyElementVisibleInViewport(WebUiBuiltInKeywords.groovy:3008)
	at com.kms.katalon.core.webui.keyword.WebUiBuiltInKeywords$verifyElementVisibleInViewport$8.call(Unknown Source)
	at Scenes adding (30 scenes) cycles.run(Scenes adding (30 scenes) cycles:33)
	at com.kms.katalon.core.main.ScriptEngine.run(ScriptEngine.java:194)
	at com.kms.katalon.core.main.ScriptEngine.runScriptAsRawText(ScriptEngine.java:119)
	at com.kms.katalon.core.main.TestCaseExecutor.runScript(TestCaseExecutor.java:337)
	at com.kms.katalon.core.main.TestCaseExecutor.doExecute(TestCaseExecutor.java:328)
	at com.kms.katalon.core.main.TestCaseExecutor.processExecutionPhase(TestCaseExecutor.java:307)
	at com.kms.katalon.core.main.TestCaseExecutor.accessMainPhase(TestCaseExecutor.java:299)
	at com.kms.katalon.core.main.TestCaseExecutor.execute(TestCaseExecutor.java:233)
	at com.kms.katalon.core.main.TestSuiteExecutor.accessTestCaseMainPhase(TestSuiteExecutor.java:169)
	at com.kms.katalon.core.main.TestSuiteExecutor.accessTestSuiteMainPhase(TestSuiteExecutor.java:142)
	at com.kms.katalon.core.main.TestSuiteExecutor.execute(TestSuiteExecutor.java:91)
	at com.kms.katalon.core.main.TestCaseMain.startTestSuite(TestCaseMain.java:157)
	at com.kms.katalon.core.main.TestCaseMain$startTestSuite$0.call(Unknown Source)
	at TempTestSuite1581071026566.run(TempTestSuite1581071026566.groovy:36)
Caused by: com.kms.katalon.core.exception.StepFailedException: Object 'Object Repository/Add video in placeholers/From recorder/Scenes_adding/div_Scene 10' is not present
	... 24 more]]></system-err>
      </testcase>
      <testcase name="Test Cases/Project names/Project name writting (max)" time="2.337" classname="Test Cases/Project names/Project name writting (max)" status="PASSED">
         <system-out><![CDATA[2020-02-07 12:25:15 - [TEST_CASE][PASSED] - Test Cases/Project names/Project name writting (max): Test Cases/Project names/Project name writting (max)

2020-02-07 12:25:16 - [TEST_STEP][PASSED] - click(findTestObject("Object Repository/Page_Reevio Video Maker/Editor/videoTitle/img_Continue_add-title")): Object: 'Object Repository/Page_Reevio Video Maker/Editor/videoTitle/img_Continue_add-title' is clicked on

2020-02-07 12:25:16 - [MESSAGE][PASSED] - Object: 'Object Repository/Page_Reevio Video Maker/Editor/videoTitle/img_Continue_add-title' is clicked on

2020-02-07 12:25:16 - [TEST_STEP][PASSED] - verifyElementPresent(findTestObject("Page_Reevio Video Maker/Editor/videoTitle/input_videoTitle"), 7, CONTINUE_ON_FAILURE): Object 'Object Repository/Page_Reevio Video Maker/Editor/videoTitle/input_videoTitle' is present

2020-02-07 12:25:16 - [MESSAGE][PASSED] - Object 'Object Repository/Page_Reevio Video Maker/Editor/videoTitle/input_videoTitle' is present

2020-02-07 12:25:16 - [TEST_STEP][PASSED] - attribute = getAttribute(findTestObject("Page_Reevio Video Maker/Editor/videoTitle/input_videoTitle"), "value"): Attribute 'value' of object 'Object Repository/Page_Reevio Video Maker/Editor/videoTitle/input_videoTitle' is: 'Polaroid travel promo'

2020-02-07 12:25:16 - [MESSAGE][PASSED] - Attribute 'value' of object 'Object Repository/Page_Reevio Video Maker/Editor/videoTitle/input_videoTitle' is: 'Polaroid travel promo'

2020-02-07 12:25:16 - [TEST_STEP][PASSED] - clearText(findTestObject("Page_Reevio Video Maker/Editor/videoTitle/input_videoTitle")): Text of object 'Object Repository/Page_Reevio Video Maker/Editor/videoTitle/input_videoTitle' is cleared

2020-02-07 12:25:16 - [MESSAGE][PASSED] - Text of object 'Object Repository/Page_Reevio Video Maker/Editor/videoTitle/input_videoTitle' is cleared

2020-02-07 12:25:16 - [TEST_STEP][PASSED] - click(findTestObject("Page_Reevio Video Maker/Editor/videoTitle/input_Continue_videos-name")): Object: 'Object Repository/Page_Reevio Video Maker/Editor/videoTitle/input_Continue_videos-name' is clicked on

2020-02-07 12:25:17 - [MESSAGE][PASSED] - Object: 'Object Repository/Page_Reevio Video Maker/Editor/videoTitle/input_Continue_videos-name' is clicked on

2020-02-07 12:25:17 - [TEST_STEP][PASSED] - templateID = findTestData("vavowDate").getValue(1, 3): null

2020-02-07 12:25:17 - [TEST_STEP][PASSED] - setText(findTestObject("Page_Reevio Video Maker/Editor/videoTitle/input_Continue_videos-name"), attribute + "_MAX_" + templateID): Text 'Polaroid travel promo_MAX_10011' is set on object 'Object Repository/Page_Reevio Video Maker/Editor/videoTitle/input_Continue_videos-name'

2020-02-07 12:25:17 - [MESSAGE][PASSED] - Text 'Polaroid travel promo_MAX_10011' is set on object 'Object Repository/Page_Reevio Video Maker/Editor/videoTitle/input_Continue_videos-name']]></system-out>
         <system-err><![CDATA[]]></system-err>
      </testcase>
      <testcase name="Test Cases/Text adding/Text adding (MAX and COLOR) 30sc cycle" time="135.957" classname="Test Cases/Text adding/Text adding (MAX and COLOR) 30sc cycle" status="FAILED">
         <failure type="FAILED" message="Test Cases/Text adding/Text adding (MAX and COLOR) 30sc cycle FAILED.
Reason:
com.kms.katalon.core.exception.StepFailedException: Unable to clear text of object 'Object Repository/Page_Reevio Video Maker/Editor/Text Color/input_RGB_texthex-color' (Root cause: com.kms.katalon.core.exception.StepFailedException: Unable to clear text of object 'Object Repository/Page_Reevio Video Maker/Editor/Text Color/input_RGB_texthex-color'
	at com.kms.katalon.core.webui.keyword.internal.WebUIKeywordMain.stepFailed(WebUIKeywordMain.groovy:64)
	at com.kms.katalon.core.webui.keyword.internal.WebUIKeywordMain.runKeyword(WebUIKeywordMain.groovy:42)
	at com.kms.katalon.core.webui.keyword.builtin.ClearTextKeyword.clearText(ClearTextKeyword.groovy:61)
	at com.kms.katalon.core.webui.keyword.builtin.ClearTextKeyword.execute(ClearTextKeyword.groovy:34)
	at com.kms.katalon.core.keyword.internal.KeywordExecutor.executeKeywordForPlatform(KeywordExecutor.groovy:72)
	at com.kms.katalon.core.webui.keyword.WebUiBuiltInKeywords.clearText(WebUiBuiltInKeywords.groovy:3817)
	at com.kms.katalon.core.webui.keyword.WebUiBuiltInKeywords$clearText$13.call(Unknown Source)
	at Text adding (MAX and COLOR) 30sc cycle.run(Text adding (MAX and COLOR) 30sc cycle:95)
	at com.kms.katalon.core.main.ScriptEngine.run(ScriptEngine.java:194)
	at com.kms.katalon.core.main.ScriptEngine.runScriptAsRawText(ScriptEngine.java:119)
	at com.kms.katalon.core.main.TestCaseExecutor.runScript(TestCaseExecutor.java:337)
	at com.kms.katalon.core.main.TestCaseExecutor.doExecute(TestCaseExecutor.java:328)
	at com.kms.katalon.core.main.TestCaseExecutor.processExecutionPhase(TestCaseExecutor.java:307)
	at com.kms.katalon.core.main.TestCaseExecutor.accessMainPhase(TestCaseExecutor.java:299)
	at com.kms.katalon.core.main.TestCaseExecutor.execute(TestCaseExecutor.java:233)
	at com.kms.katalon.core.main.TestSuiteExecutor.accessTestCaseMainPhase(TestSuiteExecutor.java:169)
	at com.kms.katalon.core.main.TestSuiteExecutor.accessTestSuiteMainPhase(TestSuiteExecutor.java:142)
	at com.kms.katalon.core.main.TestSuiteExecutor.execute(TestSuiteExecutor.java:91)
	at com.kms.katalon.core.main.TestCaseMain.startTestSuite(TestCaseMain.java:157)
	at com.kms.katalon.core.main.TestCaseMain$startTestSuite$0.call(Unknown Source)
	at TempTestSuite1581071026566.run(TempTestSuite1581071026566.groovy:36)
Caused by: org.openqa.selenium.ElementNotInteractableException: element not interactable
  (Session info: chrome=80.0.3987.87)
Build info: version: '3.141.59', revision: 'e82be7d358', time: '2018-11-14T08:25:53'
System info: host: 'DESKTOP-J4SE4C2', ip: '192.168.1.111', os.name: 'Windows 10', os.arch: 'amd64', os.version: '10.0', java.version: '1.8.0_181'
Driver info: com.kms.katalon.selenium.driver.CChromeDriver
Capabilities {acceptInsecureCerts: false, browserName: chrome, browserVersion: 80.0.3987.87, chrome: {chromedriverVersion: 79.0.3945.36 (3582db32b3389..., userDataDir: C:\Users\tester-3\AppData\L...}, goog:chromeOptions: {debuggerAddress: localhost:62942}, javascriptEnabled: true, networkConnectionEnabled: false, pageLoadStrategy: normal, platform: WINDOWS, platformName: WINDOWS, proxy: Proxy(), setWindowRect: true, strictFileInteractability: false, timeouts: {implicit: 0, pageLoad: 300000, script: 30000}, unhandledPromptBehavior: dismiss and notify}
Session ID: bbf6aef9af687f1f0d8398ad8247ced3
	at org.openqa.selenium.remote.http.W3CHttpResponseCodec.createException(W3CHttpResponseCodec.java:187)
	at org.openqa.selenium.remote.http.W3CHttpResponseCodec.decode(W3CHttpResponseCodec.java:122)
	at org.openqa.selenium.remote.http.W3CHttpResponseCodec.decode(W3CHttpResponseCodec.java:49)
	at org.openqa.selenium.remote.HttpCommandExecutor.execute(HttpCommandExecutor.java:158)
	at org.openqa.selenium.remote.service.DriverCommandExecutor.execute(DriverCommandExecutor.java:83)
	at org.openqa.selenium.remote.RemoteWebDriver.execute(RemoteWebDriver.java:552)
	at com.kms.katalon.selenium.driver.CChromeDriver.execute(CChromeDriver.java:19)
	at org.openqa.selenium.remote.RemoteWebElement.execute(RemoteWebElement.java:285)
	at org.openqa.selenium.remote.RemoteWebElement.clear(RemoteWebElement.java:124)
	at org.openqa.selenium.support.events.EventFiringWebDriver$EventFiringWebElement.lambda$new$0(EventFiringWebDriver.java:404)
	at com.sun.proxy.$Proxy9.clear(Unknown Source)
	at org.openqa.selenium.support.events.EventFiringWebDriver$EventFiringWebElement.clear(EventFiringWebDriver.java:436)
	at com.kms.katalon.core.webui.keyword.builtin.ClearTextKeyword$_clearText_closure1.doCall(ClearTextKeyword.groovy:46)
	at com.kms.katalon.core.webui.keyword.builtin.ClearTextKeyword$_clearText_closure1.call(ClearTextKeyword.groovy)
	at com.kms.katalon.core.webui.keyword.internal.WebUIKeywordMain.runKeyword(WebUIKeywordMain.groovy:33)
	at com.kms.katalon.core.webui.keyword.builtin.ClearTextKeyword.clearText(ClearTextKeyword.groovy:61)
	at com.kms.katalon.core.webui.keyword.builtin.ClearTextKeyword.execute(ClearTextKeyword.groovy:34)
	at com.kms.katalon.core.keyword.internal.KeywordExecutor.executeKeywordForPlatform(KeywordExecutor.groovy:72)
	at com.kms.katalon.core.webui.keyword.WebUiBuiltInKeywords.clearText(WebUiBuiltInKeywords.groovy:3817)
	at com.kms.katalon.core.webui.keyword.WebUiBuiltInKeywords$clearText$13.call(Unknown Source)
	at Script1569935100868.run(Script1569935100868.groovy:95)
	... 13 more
)
	at com.kms.katalon.core.keyword.internal.KeywordMain.stepFailed(KeywordMain.groovy:39)
	at com.kms.katalon.core.webui.keyword.internal.WebUIKeywordMain.stepFailed(WebUIKeywordMain.groovy:64)
	at com.kms.katalon.core.webui.keyword.internal.WebUIKeywordMain.runKeyword(WebUIKeywordMain.groovy:42)
	at com.kms.katalon.core.webui.keyword.builtin.ClearTextKeyword.clearText(ClearTextKeyword.groovy:61)
	at com.kms.katalon.core.webui.keyword.builtin.ClearTextKeyword.execute(ClearTextKeyword.groovy:34)
	at com.kms.katalon.core.keyword.internal.KeywordExecutor.executeKeywordForPlatform(KeywordExecutor.groovy:72)
	at com.kms.katalon.core.webui.keyword.WebUiBuiltInKeywords.clearText(WebUiBuiltInKeywords.groovy:3817)
	at com.kms.katalon.core.webui.keyword.WebUiBuiltInKeywords$clearText$13.call(Unknown Source)
	at Text adding (MAX and COLOR) 30sc cycle.run(Text adding (MAX and COLOR) 30sc cycle:95)
	at com.kms.katalon.core.main.ScriptEngine.run(ScriptEngine.java:194)
	at com.kms.katalon.core.main.ScriptEngine.runScriptAsRawText(ScriptEngine.java:119)
	at com.kms.katalon.core.main.TestCaseExecutor.runScript(TestCaseExecutor.java:337)
	at com.kms.katalon.core.main.TestCaseExecutor.doExecute(TestCaseExecutor.java:328)
	at com.kms.katalon.core.main.TestCaseExecutor.processExecutionPhase(TestCaseExecutor.java:307)
	at com.kms.katalon.core.main.TestCaseExecutor.accessMainPhase(TestCaseExecutor.java:299)
	at com.kms.katalon.core.main.TestCaseExecutor.execute(TestCaseExecutor.java:233)
	at com.kms.katalon.core.main.TestSuiteExecutor.accessTestCaseMainPhase(TestSuiteExecutor.java:169)
	at com.kms.katalon.core.main.TestSuiteExecutor.accessTestSuiteMainPhase(TestSuiteExecutor.java:142)
	at com.kms.katalon.core.main.TestSuiteExecutor.execute(TestSuiteExecutor.java:91)
	at com.kms.katalon.core.main.TestCaseMain.startTestSuite(TestCaseMain.java:157)
	at com.kms.katalon.core.main.TestCaseMain$startTestSuite$0.call(Unknown Source)
	at TempTestSuite1581071026566.run(TempTestSuite1581071026566.groovy:36)
Caused by: com.kms.katalon.core.exception.StepFailedException: Unable to clear text of object 'Object Repository/Page_Reevio Video Maker/Editor/Text Color/input_RGB_texthex-color'
	... 21 more
Caused by: org.openqa.selenium.ElementNotInteractableException: element not interactable
  (Session info: chrome=80.0.3987.87)
Build info: version: '3.141.59', revision: 'e82be7d358', time: '2018-11-14T08:25:53'
System info: host: 'DESKTOP-J4SE4C2', ip: '192.168.1.111', os.name: 'Windows 10', os.arch: 'amd64', os.version: '10.0', java.version: '1.8.0_181'
Driver info: com.kms.katalon.selenium.driver.CChromeDriver
Capabilities {acceptInsecureCerts: false, browserName: chrome, browserVersion: 80.0.3987.87, chrome: {chromedriverVersion: 79.0.3945.36 (3582db32b3389..., userDataDir: C:\Users\tester-3\AppData\L...}, goog:chromeOptions: {debuggerAddress: localhost:62942}, javascriptEnabled: true, networkConnectionEnabled: false, pageLoadStrategy: normal, platform: WINDOWS, platformName: WINDOWS, proxy: Proxy(), setWindowRect: true, strictFileInteractability: false, timeouts: {implicit: 0, pageLoad: 300000, script: 30000}, unhandledPromptBehavior: dismiss and notify}
Session ID: bbf6aef9af687f1f0d8398ad8247ced3
	at org.openqa.selenium.remote.http.W3CHttpResponseCodec.createException(W3CHttpResponseCodec.java:187)
	at org.openqa.selenium.remote.http.W3CHttpResponseCodec.decode(W3CHttpResponseCodec.java:122)
	at org.openqa.selenium.remote.http.W3CHttpResponseCodec.decode(W3CHttpResponseCodec.java:49)
	at org.openqa.selenium.remote.HttpCommandExecutor.execute(HttpCommandExecutor.java:158)
	at org.openqa.selenium.remote.service.DriverCommandExecutor.execute(DriverCommandExecutor.java:83)
	at org.openqa.selenium.remote.RemoteWebDriver.execute(RemoteWebDriver.java:552)
	at com.kms.katalon.selenium.driver.CChromeDriver.execute(CChromeDriver.java:19)
	at org.openqa.selenium.remote.RemoteWebElement.execute(RemoteWebElement.java:285)
	at org.openqa.selenium.remote.RemoteWebElement.clear(RemoteWebElement.java:124)
	at org.openqa.selenium.support.events.EventFiringWebDriver$EventFiringWebElement.lambda$new$0(EventFiringWebDriver.java:404)
	at com.sun.proxy.$Proxy9.clear(Unknown Source)
	at org.openqa.selenium.support.events.EventFiringWebDriver$EventFiringWebElement.clear(EventFiringWebDriver.java:436)
	at com.kms.katalon.core.webui.keyword.builtin.ClearTextKeyword$_clearText_closure1.doCall(ClearTextKeyword.groovy:46)
	at com.kms.katalon.core.webui.keyword.builtin.ClearTextKeyword$_clearText_closure1.call(ClearTextKeyword.groovy)
	at com.kms.katalon.core.webui.keyword.internal.WebUIKeywordMain.runKeyword(WebUIKeywordMain.groovy:33)
	... 19 more
"/>
         <system-out><![CDATA[2020-02-07 12:25:17 - [TEST_CASE][FAILED] - Test Cases/Text adding/Text adding (MAX and COLOR) 30sc cycle: Test Cases/Text adding/Text adding (MAX and COLOR) 30sc cycle FAILED.
Reason:
com.kms.katalon.core.exception.StepFailedException: Unable to clear text of object 'Object Repository/Page_Reevio Video Maker/Editor/Text Color/input_RGB_texthex-color' (Root cause: com.kms.katalon.core.exception.StepFailedException: Unable to clear text of object 'Object Repository/Page_Reevio Video Maker/Editor/Text Color/input_RGB_texthex-color'
	at com.kms.katalon.core.webui.keyword.internal.WebUIKeywordMain.stepFailed(WebUIKeywordMain.groovy:64)
	at com.kms.katalon.core.webui.keyword.internal.WebUIKeywordMain.runKeyword(WebUIKeywordMain.groovy:42)
	at com.kms.katalon.core.webui.keyword.builtin.ClearTextKeyword.clearText(ClearTextKeyword.groovy:61)
	at com.kms.katalon.core.webui.keyword.builtin.ClearTextKeyword.execute(ClearTextKeyword.groovy:34)
	at com.kms.katalon.core.keyword.internal.KeywordExecutor.executeKeywordForPlatform(KeywordExecutor.groovy:72)
	at com.kms.katalon.core.webui.keyword.WebUiBuiltInKeywords.clearText(WebUiBuiltInKeywords.groovy:3817)
	at com.kms.katalon.core.webui.keyword.WebUiBuiltInKeywords$clearText$13.call(Unknown Source)
	at Text adding (MAX and COLOR) 30sc cycle.run(Text adding (MAX and COLOR) 30sc cycle:95)
	at com.kms.katalon.core.main.ScriptEngine.run(ScriptEngine.java:194)
	at com.kms.katalon.core.main.ScriptEngine.runScriptAsRawText(ScriptEngine.java:119)
	at com.kms.katalon.core.main.TestCaseExecutor.runScript(TestCaseExecutor.java:337)
	at com.kms.katalon.core.main.TestCaseExecutor.doExecute(TestCaseExecutor.java:328)
	at com.kms.katalon.core.main.TestCaseExecutor.processExecutionPhase(TestCaseExecutor.java:307)
	at com.kms.katalon.core.main.TestCaseExecutor.accessMainPhase(TestCaseExecutor.java:299)
	at com.kms.katalon.core.main.TestCaseExecutor.execute(TestCaseExecutor.java:233)
	at com.kms.katalon.core.main.TestSuiteExecutor.accessTestCaseMainPhase(TestSuiteExecutor.java:169)
	at com.kms.katalon.core.main.TestSuiteExecutor.accessTestSuiteMainPhase(TestSuiteExecutor.java:142)
	at com.kms.katalon.core.main.TestSuiteExecutor.execute(TestSuiteExecutor.java:91)
	at com.kms.katalon.core.main.TestCaseMain.startTestSuite(TestCaseMain.java:157)
	at com.kms.katalon.core.main.TestCaseMain$startTestSuite$0.call(Unknown Source)
	at TempTestSuite1581071026566.run(TempTestSuite1581071026566.groovy:36)
Caused by: org.openqa.selenium.ElementNotInteractableException: element not interactable
  (Session info: chrome=80.0.3987.87)
Build info: version: '3.141.59', revision: 'e82be7d358', time: '2018-11-14T08:25:53'
System info: host: 'DESKTOP-J4SE4C2', ip: '192.168.1.111', os.name: 'Windows 10', os.arch: 'amd64', os.version: '10.0', java.version: '1.8.0_181'
Driver info: com.kms.katalon.selenium.driver.CChromeDriver
Capabilities {acceptInsecureCerts: false, browserName: chrome, browserVersion: 80.0.3987.87, chrome: {chromedriverVersion: 79.0.3945.36 (3582db32b3389..., userDataDir: C:\Users\tester-3\AppData\L...}, goog:chromeOptions: {debuggerAddress: localhost:62942}, javascriptEnabled: true, networkConnectionEnabled: false, pageLoadStrategy: normal, platform: WINDOWS, platformName: WINDOWS, proxy: Proxy(), setWindowRect: true, strictFileInteractability: false, timeouts: {implicit: 0, pageLoad: 300000, script: 30000}, unhandledPromptBehavior: dismiss and notify}
Session ID: bbf6aef9af687f1f0d8398ad8247ced3
	at org.openqa.selenium.remote.http.W3CHttpResponseCodec.createException(W3CHttpResponseCodec.java:187)
	at org.openqa.selenium.remote.http.W3CHttpResponseCodec.decode(W3CHttpResponseCodec.java:122)
	at org.openqa.selenium.remote.http.W3CHttpResponseCodec.decode(W3CHttpResponseCodec.java:49)
	at org.openqa.selenium.remote.HttpCommandExecutor.execute(HttpCommandExecutor.java:158)
	at org.openqa.selenium.remote.service.DriverCommandExecutor.execute(DriverCommandExecutor.java:83)
	at org.openqa.selenium.remote.RemoteWebDriver.execute(RemoteWebDriver.java:552)
	at com.kms.katalon.selenium.driver.CChromeDriver.execute(CChromeDriver.java:19)
	at org.openqa.selenium.remote.RemoteWebElement.execute(RemoteWebElement.java:285)
	at org.openqa.selenium.remote.RemoteWebElement.clear(RemoteWebElement.java:124)
	at org.openqa.selenium.support.events.EventFiringWebDriver$EventFiringWebElement.lambda$new$0(EventFiringWebDriver.java:404)
	at com.sun.proxy.$Proxy9.clear(Unknown Source)
	at org.openqa.selenium.support.events.EventFiringWebDriver$EventFiringWebElement.clear(EventFiringWebDriver.java:436)
	at com.kms.katalon.core.webui.keyword.builtin.ClearTextKeyword$_clearText_closure1.doCall(ClearTextKeyword.groovy:46)
	at com.kms.katalon.core.webui.keyword.builtin.ClearTextKeyword$_clearText_closure1.call(ClearTextKeyword.groovy)
	at com.kms.katalon.core.webui.keyword.internal.WebUIKeywordMain.runKeyword(WebUIKeywordMain.groovy:33)
	at com.kms.katalon.core.webui.keyword.builtin.ClearTextKeyword.clearText(ClearTextKeyword.groovy:61)
	at com.kms.katalon.core.webui.keyword.builtin.ClearTextKeyword.execute(ClearTextKeyword.groovy:34)
	at com.kms.katalon.core.keyword.internal.KeywordExecutor.executeKeywordForPlatform(KeywordExecutor.groovy:72)
	at com.kms.katalon.core.webui.keyword.WebUiBuiltInKeywords.clearText(WebUiBuiltInKeywords.groovy:3817)
	at com.kms.katalon.core.webui.keyword.WebUiBuiltInKeywords$clearText$13.call(Unknown Source)
	at Script1569935100868.run(Script1569935100868.groovy:95)
	... 13 more
)
	at com.kms.katalon.core.keyword.internal.KeywordMain.stepFailed(KeywordMain.groovy:39)
	at com.kms.katalon.core.webui.keyword.internal.WebUIKeywordMain.stepFailed(WebUIKeywordMain.groovy:64)
	at com.kms.katalon.core.webui.keyword.internal.WebUIKeywordMain.runKeyword(WebUIKeywordMain.groovy:42)
	at com.kms.katalon.core.webui.keyword.builtin.ClearTextKeyword.clearText(ClearTextKeyword.groovy:61)
	at com.kms.katalon.core.webui.keyword.builtin.ClearTextKeyword.execute(ClearTextKeyword.groovy:34)
	at com.kms.katalon.core.keyword.internal.KeywordExecutor.executeKeywordForPlatform(KeywordExecutor.groovy:72)
	at com.kms.katalon.core.webui.keyword.WebUiBuiltInKeywords.clearText(WebUiBuiltInKeywords.groovy:3817)
	at com.kms.katalon.core.webui.keyword.WebUiBuiltInKeywords$clearText$13.call(Unknown Source)
	at Text adding (MAX and COLOR) 30sc cycle.run(Text adding (MAX and COLOR) 30sc cycle:95)
	at com.kms.katalon.core.main.ScriptEngine.run(ScriptEngine.java:194)
	at com.kms.katalon.core.main.ScriptEngine.runScriptAsRawText(ScriptEngine.java:119)
	at com.kms.katalon.core.main.TestCaseExecutor.runScript(TestCaseExecutor.java:337)
	at com.kms.katalon.core.main.TestCaseExecutor.doExecute(TestCaseExecutor.java:328)
	at com.kms.katalon.core.main.TestCaseExecutor.processExecutionPhase(TestCaseExecutor.java:307)
	at com.kms.katalon.core.main.TestCaseExecutor.accessMainPhase(TestCaseExecutor.java:299)
	at com.kms.katalon.core.main.TestCaseExecutor.execute(TestCaseExecutor.java:233)
	at com.kms.katalon.core.main.TestSuiteExecutor.accessTestCaseMainPhase(TestSuiteExecutor.java:169)
	at com.kms.katalon.core.main.TestSuiteExecutor.accessTestSuiteMainPhase(TestSuiteExecutor.java:142)
	at com.kms.katalon.core.main.TestSuiteExecutor.execute(TestSuiteExecutor.java:91)
	at com.kms.katalon.core.main.TestCaseMain.startTestSuite(TestCaseMain.java:157)
	at com.kms.katalon.core.main.TestCaseMain$startTestSuite$0.call(Unknown Source)
	at TempTestSuite1581071026566.run(TempTestSuite1581071026566.groovy:36)
Caused by: com.kms.katalon.core.exception.StepFailedException: Unable to clear text of object 'Object Repository/Page_Reevio Video Maker/Editor/Text Color/input_RGB_texthex-color'
	... 21 more
Caused by: org.openqa.selenium.ElementNotInteractableException: element not interactable
  (Session info: chrome=80.0.3987.87)
Build info: version: '3.141.59', revision: 'e82be7d358', time: '2018-11-14T08:25:53'
System info: host: 'DESKTOP-J4SE4C2', ip: '192.168.1.111', os.name: 'Windows 10', os.arch: 'amd64', os.version: '10.0', java.version: '1.8.0_181'
Driver info: com.kms.katalon.selenium.driver.CChromeDriver
Capabilities {acceptInsecureCerts: false, browserName: chrome, browserVersion: 80.0.3987.87, chrome: {chromedriverVersion: 79.0.3945.36 (3582db32b3389..., userDataDir: C:\Users\tester-3\AppData\L...}, goog:chromeOptions: {debuggerAddress: localhost:62942}, javascriptEnabled: true, networkConnectionEnabled: false, pageLoadStrategy: normal, platform: WINDOWS, platformName: WINDOWS, proxy: Proxy(), setWindowRect: true, strictFileInteractability: false, timeouts: {implicit: 0, pageLoad: 300000, script: 30000}, unhandledPromptBehavior: dismiss and notify}
Session ID: bbf6aef9af687f1f0d8398ad8247ced3
	at org.openqa.selenium.remote.http.W3CHttpResponseCodec.createException(W3CHttpResponseCodec.java:187)
	at org.openqa.selenium.remote.http.W3CHttpResponseCodec.decode(W3CHttpResponseCodec.java:122)
	at org.openqa.selenium.remote.http.W3CHttpResponseCodec.decode(W3CHttpResponseCodec.java:49)
	at org.openqa.selenium.remote.HttpCommandExecutor.execute(HttpCommandExecutor.java:158)
	at org.openqa.selenium.remote.service.DriverCommandExecutor.execute(DriverCommandExecutor.java:83)
	at org.openqa.selenium.remote.RemoteWebDriver.execute(RemoteWebDriver.java:552)
	at com.kms.katalon.selenium.driver.CChromeDriver.execute(CChromeDriver.java:19)
	at org.openqa.selenium.remote.RemoteWebElement.execute(RemoteWebElement.java:285)
	at org.openqa.selenium.remote.RemoteWebElement.clear(RemoteWebElement.java:124)
	at org.openqa.selenium.support.events.EventFiringWebDriver$EventFiringWebElement.lambda$new$0(EventFiringWebDriver.java:404)
	at com.sun.proxy.$Proxy9.clear(Unknown Source)
	at org.openqa.selenium.support.events.EventFiringWebDriver$EventFiringWebElement.clear(EventFiringWebDriver.java:436)
	at com.kms.katalon.core.webui.keyword.builtin.ClearTextKeyword$_clearText_closure1.doCall(ClearTextKeyword.groovy:46)
	at com.kms.katalon.core.webui.keyword.builtin.ClearTextKeyword$_clearText_closure1.call(ClearTextKeyword.groovy)
	at com.kms.katalon.core.webui.keyword.internal.WebUIKeywordMain.runKeyword(WebUIKeywordMain.groovy:33)
	... 19 more


2020-02-07 12:25:18 - [TEST_STEP][PASSED] - click(findTestObject("Page_Reevio Video Maker/Editor_Scene_1")): Object: 'Object Repository/Page_Reevio Video Maker/Editor_Scene_1' is clicked on

2020-02-07 12:25:18 - [MESSAGE][PASSED] - Object: 'Object Repository/Page_Reevio Video Maker/Editor_Scene_1' is clicked on

2020-02-07 12:25:18 - [TEST_STEP][FAILED] - for ([i = 1, i < 31, (i++)]): null

2020-02-07 12:25:18 - [TEST_STEP][PASSED] - if (verifyElementPresent(findTestObject("Page_Reevio Video Maker/Editor_Scene_" + i), 0) == true): null

2020-02-07 12:25:18 - [MESSAGE][WARNING] - Timeout '0' is invalid. Using default page load timeout: '1'

2020-02-07 12:25:18 - [MESSAGE][PASSED] - Object 'Object Repository/Page_Reevio Video Maker/Editor_Scene_1' is present

2020-02-07 12:25:18 - [TEST_STEP][PASSED] - doubleClick(findTestObject("Page_Reevio Video Maker/Editor_Scene_" + i)): Object: 'Object Repository/Page_Reevio Video Maker/Editor_Scene_1' is double clicked on

2020-02-07 12:25:18 - [MESSAGE][PASSED] - Object: 'Object Repository/Page_Reevio Video Maker/Editor_Scene_1' is double clicked on

2020-02-07 12:25:18 - [TEST_STEP][PASSED] - delay(1): Delayed 1 second(s)

2020-02-07 12:25:19 - [MESSAGE][PASSED] - Delayed 1 second(s)

2020-02-07 12:25:19 - [TEST_STEP][FAILED] - for ([j = 1, j < 7, (j++)]): null

2020-02-07 12:25:19 - [TEST_STEP][PASSED] - if (verifyElementInViewport(findTestObject("Page_Reevio Video Maker/Editor/Test Text fields/a_Text " + j), 0) == true): null

2020-02-07 12:25:20 - [MESSAGE][WARNING] - Timeout '0' is invalid. Using default page load timeout: '1'

2020-02-07 12:25:20 - [MESSAGE][PASSED] - Object 'Object Repository/Page_Reevio Video Maker/Editor/Test Text fields/a_Text 1' is present and visible in viewport

2020-02-07 12:25:20 - [TEST_STEP][PASSED] - doubleClick(findTestObject("Page_Reevio Video Maker/Editor/Test Text fields/a_Text " + j)): Object: 'Object Repository/Page_Reevio Video Maker/Editor/Test Text fields/a_Text 1' is double clicked on

2020-02-07 12:25:20 - [MESSAGE][PASSED] - Object: 'Object Repository/Page_Reevio Video Maker/Editor/Test Text fields/a_Text 1' is double clicked on

2020-02-07 12:25:20 - [TEST_STEP][PASSED] - maxlength = getAttribute(findTestObject("Page_Reevio Video Maker/Editor/Test Text fields/a_Text " + j), "data-maxlength"): Attribute 'data-maxlength' of object 'Object Repository/Page_Reevio Video Maker/Editor/Test Text fields/a_Text 1' is: '30'

2020-02-07 12:25:20 - [MESSAGE][PASSED] - Attribute 'data-maxlength' of object 'Object Repository/Page_Reevio Video Maker/Editor/Test Text fields/a_Text 1' is: '30'

2020-02-07 12:25:20 - [TEST_STEP][PASSED] - clearText(findTestObject("Page_Reevio Video Maker/Editor/Text Editor/input_Enable text_cinput"), CONTINUE_ON_FAILURE): Text of object 'Object Repository/Page_Reevio Video Maker/Editor/Text Editor/input_Enable text_cinput' is cleared

2020-02-07 12:25:20 - [MESSAGE][PASSED] - Text of object 'Object Repository/Page_Reevio Video Maker/Editor/Text Editor/input_Enable text_cinput' is cleared

2020-02-07 12:25:20 - [TEST_STEP][PASSED] - setText(findTestObject("Page_Reevio Video Maker/Editor/Text Editor/input_Enable text_cinput"), findTestData("vavowDate").getValue(1, 1)): Text 'The quick beige fox jumps over the lazy dog. The quick brown fox jumps over the lazy dog. The quick brown fox jumps over the lazy dog. The quick brown fox jumps over the lazy dog. The quick brown fox jumps over the lazy dog. The quick brown fox jumps over the lazy dog. The quick brown fox jumps over the lazy dog.' is set on object 'Object Repository/Page_Reevio Video Maker/Editor/Text Editor/input_Enable text_cinput'

2020-02-07 12:25:24 - [MESSAGE][PASSED] - Text 'The quick beige fox jumps over the lazy dog. The quick brown fox jumps over the lazy dog. The quick brown fox jumps over the lazy dog. The quick brown fox jumps over the lazy dog. The quick brown fox jumps over the lazy dog. The quick brown fox jumps over the lazy dog. The quick brown fox jumps over the lazy dog.' is set on object 'Object Repository/Page_Reevio Video Maker/Editor/Text Editor/input_Enable text_cinput'

2020-02-07 12:25:24 - [TEST_STEP][PASSED] - maxL = maxlength: null

2020-02-07 12:25:24 - [TEST_STEP][PASSED] - if (maxL >= 100 == true): null

2020-02-07 12:25:24 - [TEST_STEP][PASSED] - else if (maxL < 100 == true): Keys 'BACK_SPACE + ' sent to object: 'Object Repository/Page_Reevio Video Maker/Editor/Text Editor/input_Enable text_cinput'

2020-02-07 12:25:24 - [TEST_STEP][PASSED] - if (maxL < 10 == true): null

2020-02-07 12:25:24 - [TEST_STEP][PASSED] - else: Keys 'BACK_SPACE + ' sent to object: 'Object Repository/Page_Reevio Video Maker/Editor/Text Editor/input_Enable text_cinput'

2020-02-07 12:25:24 - [TEST_STEP][PASSED] - sendKeys(findTestObject("Page_Reevio Video Maker/Editor/Text Editor/input_Enable text_cinput"), Keys.chord(BACK_SPACE)): Keys 'BACK_SPACE + ' sent to object: 'Object Repository/Page_Reevio Video Maker/Editor/Text Editor/input_Enable text_cinput'

2020-02-07 12:25:24 - [MESSAGE][PASSED] - Keys 'BACK_SPACE + ' sent to object: 'Object Repository/Page_Reevio Video Maker/Editor/Text Editor/input_Enable text_cinput'

2020-02-07 12:25:24 - [TEST_STEP][PASSED] - sendKeys(findTestObject("Page_Reevio Video Maker/Editor/Text Editor/input_Enable text_cinput"), Keys.chord(BACK_SPACE)): Keys 'BACK_SPACE + ' sent to object: 'Object Repository/Page_Reevio Video Maker/Editor/Text Editor/input_Enable text_cinput'

2020-02-07 12:25:24 - [MESSAGE][PASSED] - Keys 'BACK_SPACE + ' sent to object: 'Object Repository/Page_Reevio Video Maker/Editor/Text Editor/input_Enable text_cinput'

2020-02-07 12:25:24 - [TEST_STEP][PASSED] - sendKeys(findTestObject("Page_Reevio Video Maker/Editor/Text Editor/input_Enable text_cinput"), maxlength): Keys '30' sent to object: 'Object Repository/Page_Reevio Video Maker/Editor/Text Editor/input_Enable text_cinput'

2020-02-07 12:25:24 - [MESSAGE][PASSED] - Keys '30' sent to object: 'Object Repository/Page_Reevio Video Maker/Editor/Text Editor/input_Enable text_cinput'

2020-02-07 12:25:24 - [TEST_STEP][PASSED] - click(findTestObject("Page_Reevio Video Maker/Editor/Text Color/span_Shadows Into Light_minicolors-swatch-color")): Object: 'Object Repository/Page_Reevio Video Maker/Editor/Text Color/span_Shadows Into Light_minicolors-swatch-color' is clicked on

2020-02-07 12:25:25 - [MESSAGE][PASSED] - Object: 'Object Repository/Page_Reevio Video Maker/Editor/Text Color/span_Shadows Into Light_minicolors-swatch-color' is clicked on

2020-02-07 12:25:25 - [TEST_STEP][PASSED] - clearText(findTestObject("Page_Reevio Video Maker/Editor/Text Color/input_RGB_texthex-color")): Text of object 'Object Repository/Page_Reevio Video Maker/Editor/Text Color/input_RGB_texthex-color' is cleared

2020-02-07 12:25:25 - [MESSAGE][PASSED] - Text of object 'Object Repository/Page_Reevio Video Maker/Editor/Text Color/input_RGB_texthex-color' is cleared

2020-02-07 12:25:25 - [TEST_STEP][PASSED] - setText(findTestObject("Page_Reevio Video Maker/Editor/Text Color/input_RGB_texthex-color"), findTestData("vavowDate").getValue(2, 1)): Text '#00FFE1' is set on object 'Object Repository/Page_Reevio Video Maker/Editor/Text Color/input_RGB_texthex-color'

2020-02-07 12:25:25 - [MESSAGE][PASSED] - Text '#00FFE1' is set on object 'Object Repository/Page_Reevio Video Maker/Editor/Text Color/input_RGB_texthex-color'

2020-02-07 12:25:25 - [TEST_STEP][PASSED] - click(findTestObject("Page_Reevio Video Maker/Editor/Text Color/button_Apply")): Object: 'Object Repository/Page_Reevio Video Maker/Editor/Text Color/button_Apply' is clicked on

2020-02-07 12:25:25 - [MESSAGE][PASSED] - Object: 'Object Repository/Page_Reevio Video Maker/Editor/Text Color/button_Apply' is clicked on

2020-02-07 12:25:25 - [TEST_STEP][PASSED] - click(findTestObject("Page_Reevio Video Maker/Editor/Text Editor/span_Save")): Object: 'Object Repository/Page_Reevio Video Maker/Editor/Text Editor/span_Save' is clicked on

2020-02-07 12:25:26 - [MESSAGE][PASSED] - Object: 'Object Repository/Page_Reevio Video Maker/Editor/Text Editor/span_Save' is clicked on

2020-02-07 12:25:26 - [TEST_STEP][PASSED] - maxlength = 0: null

2020-02-07 12:25:26 - [TEST_STEP][PASSED] - if (verifyElementInViewport(findTestObject("Page_Reevio Video Maker/Editor/Test Text fields/a_Text " + j), 0) == true): null

2020-02-07 12:25:26 - [MESSAGE][WARNING] - Timeout '0' is invalid. Using default page load timeout: '1'

2020-02-07 12:25:26 - [MESSAGE][PASSED] - Object 'Object Repository/Page_Reevio Video Maker/Editor/Test Text fields/a_Text 2' is present and visible in viewport

2020-02-07 12:25:26 - [TEST_STEP][PASSED] - doubleClick(findTestObject("Page_Reevio Video Maker/Editor/Test Text fields/a_Text " + j)): Object: 'Object Repository/Page_Reevio Video Maker/Editor/Test Text fields/a_Text 2' is double clicked on

2020-02-07 12:25:26 - [MESSAGE][PASSED] - Object: 'Object Repository/Page_Reevio Video Maker/Editor/Test Text fields/a_Text 2' is double clicked on

2020-02-07 12:25:26 - [TEST_STEP][PASSED] - maxlength = getAttribute(findTestObject("Page_Reevio Video Maker/Editor/Test Text fields/a_Text " + j), "data-maxlength"): Attribute 'data-maxlength' of object 'Object Repository/Page_Reevio Video Maker/Editor/Test Text fields/a_Text 2' is: '30'

2020-02-07 12:25:26 - [MESSAGE][PASSED] - Attribute 'data-maxlength' of object 'Object Repository/Page_Reevio Video Maker/Editor/Test Text fields/a_Text 2' is: '30'

2020-02-07 12:25:26 - [TEST_STEP][PASSED] - clearText(findTestObject("Page_Reevio Video Maker/Editor/Text Editor/input_Enable text_cinput"), CONTINUE_ON_FAILURE): Text of object 'Object Repository/Page_Reevio Video Maker/Editor/Text Editor/input_Enable text_cinput' is cleared

2020-02-07 12:25:26 - [MESSAGE][PASSED] - Text of object 'Object Repository/Page_Reevio Video Maker/Editor/Text Editor/input_Enable text_cinput' is cleared

2020-02-07 12:25:26 - [TEST_STEP][PASSED] - setText(findTestObject("Page_Reevio Video Maker/Editor/Text Editor/input_Enable text_cinput"), findTestData("vavowDate").getValue(1, 1)): Text 'The quick beige fox jumps over the lazy dog. The quick brown fox jumps over the lazy dog. The quick brown fox jumps over the lazy dog. The quick brown fox jumps over the lazy dog. The quick brown fox jumps over the lazy dog. The quick brown fox jumps over the lazy dog. The quick brown fox jumps over the lazy dog.' is set on object 'Object Repository/Page_Reevio Video Maker/Editor/Text Editor/input_Enable text_cinput'

2020-02-07 12:25:29 - [MESSAGE][PASSED] - Text 'The quick beige fox jumps over the lazy dog. The quick brown fox jumps over the lazy dog. The quick brown fox jumps over the lazy dog. The quick brown fox jumps over the lazy dog. The quick brown fox jumps over the lazy dog. The quick brown fox jumps over the lazy dog. The quick brown fox jumps over the lazy dog.' is set on object 'Object Repository/Page_Reevio Video Maker/Editor/Text Editor/input_Enable text_cinput'

2020-02-07 12:25:29 - [TEST_STEP][PASSED] - maxL = maxlength: null

2020-02-07 12:25:29 - [TEST_STEP][PASSED] - if (maxL >= 100 == true): null

2020-02-07 12:25:29 - [TEST_STEP][PASSED] - else if (maxL < 100 == true): Keys 'BACK_SPACE + ' sent to object: 'Object Repository/Page_Reevio Video Maker/Editor/Text Editor/input_Enable text_cinput'

2020-02-07 12:25:29 - [TEST_STEP][PASSED] - if (maxL < 10 == true): null

2020-02-07 12:25:29 - [TEST_STEP][PASSED] - else: Keys 'BACK_SPACE + ' sent to object: 'Object Repository/Page_Reevio Video Maker/Editor/Text Editor/input_Enable text_cinput'

2020-02-07 12:25:29 - [TEST_STEP][PASSED] - sendKeys(findTestObject("Page_Reevio Video Maker/Editor/Text Editor/input_Enable text_cinput"), Keys.chord(BACK_SPACE)): Keys 'BACK_SPACE + ' sent to object: 'Object Repository/Page_Reevio Video Maker/Editor/Text Editor/input_Enable text_cinput'

2020-02-07 12:25:29 - [MESSAGE][PASSED] - Keys 'BACK_SPACE + ' sent to object: 'Object Repository/Page_Reevio Video Maker/Editor/Text Editor/input_Enable text_cinput'

2020-02-07 12:25:29 - [TEST_STEP][PASSED] - sendKeys(findTestObject("Page_Reevio Video Maker/Editor/Text Editor/input_Enable text_cinput"), Keys.chord(BACK_SPACE)): Keys 'BACK_SPACE + ' sent to object: 'Object Repository/Page_Reevio Video Maker/Editor/Text Editor/input_Enable text_cinput'

2020-02-07 12:25:30 - [MESSAGE][PASSED] - Keys 'BACK_SPACE + ' sent to object: 'Object Repository/Page_Reevio Video Maker/Editor/Text Editor/input_Enable text_cinput'

2020-02-07 12:25:30 - [TEST_STEP][PASSED] - sendKeys(findTestObject("Page_Reevio Video Maker/Editor/Text Editor/input_Enable text_cinput"), maxlength): Keys '30' sent to object: 'Object Repository/Page_Reevio Video Maker/Editor/Text Editor/input_Enable text_cinput'

2020-02-07 12:25:30 - [MESSAGE][PASSED] - Keys '30' sent to object: 'Object Repository/Page_Reevio Video Maker/Editor/Text Editor/input_Enable text_cinput'

2020-02-07 12:25:30 - [TEST_STEP][PASSED] - click(findTestObject("Page_Reevio Video Maker/Editor/Text Color/span_Shadows Into Light_minicolors-swatch-color")): Object: 'Object Repository/Page_Reevio Video Maker/Editor/Text Color/span_Shadows Into Light_minicolors-swatch-color' is clicked on

2020-02-07 12:25:30 - [MESSAGE][PASSED] - Object: 'Object Repository/Page_Reevio Video Maker/Editor/Text Color/span_Shadows Into Light_minicolors-swatch-color' is clicked on

2020-02-07 12:25:30 - [TEST_STEP][PASSED] - clearText(findTestObject("Page_Reevio Video Maker/Editor/Text Color/input_RGB_texthex-color")): Text of object 'Object Repository/Page_Reevio Video Maker/Editor/Text Color/input_RGB_texthex-color' is cleared

2020-02-07 12:25:30 - [MESSAGE][PASSED] - Text of object 'Object Repository/Page_Reevio Video Maker/Editor/Text Color/input_RGB_texthex-color' is cleared

2020-02-07 12:25:30 - [TEST_STEP][PASSED] - setText(findTestObject("Page_Reevio Video Maker/Editor/Text Color/input_RGB_texthex-color"), findTestData("vavowDate").getValue(2, 1)): Text '#00FFE1' is set on object 'Object Repository/Page_Reevio Video Maker/Editor/Text Color/input_RGB_texthex-color'

2020-02-07 12:25:31 - [MESSAGE][PASSED] - Text '#00FFE1' is set on object 'Object Repository/Page_Reevio Video Maker/Editor/Text Color/input_RGB_texthex-color'

2020-02-07 12:25:31 - [TEST_STEP][PASSED] - click(findTestObject("Page_Reevio Video Maker/Editor/Text Color/button_Apply")): Object: 'Object Repository/Page_Reevio Video Maker/Editor/Text Color/button_Apply' is clicked on

2020-02-07 12:25:31 - [MESSAGE][PASSED] - Object: 'Object Repository/Page_Reevio Video Maker/Editor/Text Color/button_Apply' is clicked on

2020-02-07 12:25:31 - [TEST_STEP][PASSED] - click(findTestObject("Page_Reevio Video Maker/Editor/Text Editor/span_Save")): Object: 'Object Repository/Page_Reevio Video Maker/Editor/Text Editor/span_Save' is clicked on

2020-02-07 12:25:31 - [MESSAGE][PASSED] - Object: 'Object Repository/Page_Reevio Video Maker/Editor/Text Editor/span_Save' is clicked on

2020-02-07 12:25:31 - [TEST_STEP][PASSED] - maxlength = 0: null

2020-02-07 12:25:31 - [TEST_STEP][PASSED] - if (verifyElementInViewport(findTestObject("Page_Reevio Video Maker/Editor/Test Text fields/a_Text " + j), 0) == true): null

2020-02-07 12:25:31 - [MESSAGE][WARNING] - Timeout '0' is invalid. Using default page load timeout: '1'

2020-02-07 12:25:32 - [MESSAGE][PASSED] - Object 'Object Repository/Page_Reevio Video Maker/Editor/Test Text fields/a_Text 3' is present and visible in viewport

2020-02-07 12:25:32 - [TEST_STEP][PASSED] - doubleClick(findTestObject("Page_Reevio Video Maker/Editor/Test Text fields/a_Text " + j)): Object: 'Object Repository/Page_Reevio Video Maker/Editor/Test Text fields/a_Text 3' is double clicked on

2020-02-07 12:25:32 - [MESSAGE][PASSED] - Object: 'Object Repository/Page_Reevio Video Maker/Editor/Test Text fields/a_Text 3' is double clicked on

2020-02-07 12:25:32 - [TEST_STEP][PASSED] - maxlength = getAttribute(findTestObject("Page_Reevio Video Maker/Editor/Test Text fields/a_Text " + j), "data-maxlength"): Attribute 'data-maxlength' of object 'Object Repository/Page_Reevio Video Maker/Editor/Test Text fields/a_Text 3' is: '5'

2020-02-07 12:25:32 - [MESSAGE][PASSED] - Attribute 'data-maxlength' of object 'Object Repository/Page_Reevio Video Maker/Editor/Test Text fields/a_Text 3' is: '5'

2020-02-07 12:25:32 - [TEST_STEP][PASSED] - clearText(findTestObject("Page_Reevio Video Maker/Editor/Text Editor/input_Enable text_cinput"), CONTINUE_ON_FAILURE): Text of object 'Object Repository/Page_Reevio Video Maker/Editor/Text Editor/input_Enable text_cinput' is cleared

2020-02-07 12:25:32 - [MESSAGE][PASSED] - Text of object 'Object Repository/Page_Reevio Video Maker/Editor/Text Editor/input_Enable text_cinput' is cleared

2020-02-07 12:25:32 - [TEST_STEP][PASSED] - setText(findTestObject("Page_Reevio Video Maker/Editor/Text Editor/input_Enable text_cinput"), findTestData("vavowDate").getValue(1, 1)): Text 'The quick beige fox jumps over the lazy dog. The quick brown fox jumps over the lazy dog. The quick brown fox jumps over the lazy dog. The quick brown fox jumps over the lazy dog. The quick brown fox jumps over the lazy dog. The quick brown fox jumps over the lazy dog. The quick brown fox jumps over the lazy dog.' is set on object 'Object Repository/Page_Reevio Video Maker/Editor/Text Editor/input_Enable text_cinput'

2020-02-07 12:25:35 - [MESSAGE][PASSED] - Text 'The quick beige fox jumps over the lazy dog. The quick brown fox jumps over the lazy dog. The quick brown fox jumps over the lazy dog. The quick brown fox jumps over the lazy dog. The quick brown fox jumps over the lazy dog. The quick brown fox jumps over the lazy dog. The quick brown fox jumps over the lazy dog.' is set on object 'Object Repository/Page_Reevio Video Maker/Editor/Text Editor/input_Enable text_cinput'

2020-02-07 12:25:35 - [TEST_STEP][PASSED] - maxL = maxlength: null

2020-02-07 12:25:35 - [TEST_STEP][PASSED] - if (maxL >= 100 == true): null

2020-02-07 12:25:35 - [TEST_STEP][PASSED] - else if (maxL < 100 == true): Keys 'BACK_SPACE + ' sent to object: 'Object Repository/Page_Reevio Video Maker/Editor/Text Editor/input_Enable text_cinput'

2020-02-07 12:25:35 - [TEST_STEP][PASSED] - if (maxL < 10 == true): Keys 'BACK_SPACE + ' sent to object: 'Object Repository/Page_Reevio Video Maker/Editor/Text Editor/input_Enable text_cinput'

2020-02-07 12:25:35 - [TEST_STEP][PASSED] - sendKeys(findTestObject("Page_Reevio Video Maker/Editor/Text Editor/input_Enable text_cinput"), Keys.chord(BACK_SPACE)): Keys 'BACK_SPACE + ' sent to object: 'Object Repository/Page_Reevio Video Maker/Editor/Text Editor/input_Enable text_cinput'

2020-02-07 12:25:35 - [MESSAGE][PASSED] - Keys 'BACK_SPACE + ' sent to object: 'Object Repository/Page_Reevio Video Maker/Editor/Text Editor/input_Enable text_cinput'

2020-02-07 12:25:35 - [TEST_STEP][PASSED] - sendKeys(findTestObject("Page_Reevio Video Maker/Editor/Text Editor/input_Enable text_cinput"), maxlength): Keys '5' sent to object: 'Object Repository/Page_Reevio Video Maker/Editor/Text Editor/input_Enable text_cinput'

2020-02-07 12:25:35 - [MESSAGE][PASSED] - Keys '5' sent to object: 'Object Repository/Page_Reevio Video Maker/Editor/Text Editor/input_Enable text_cinput'

2020-02-07 12:25:35 - [TEST_STEP][PASSED] - click(findTestObject("Page_Reevio Video Maker/Editor/Text Color/span_Shadows Into Light_minicolors-swatch-color")): Object: 'Object Repository/Page_Reevio Video Maker/Editor/Text Color/span_Shadows Into Light_minicolors-swatch-color' is clicked on

2020-02-07 12:25:38 - [MESSAGE][PASSED] - Object: 'Object Repository/Page_Reevio Video Maker/Editor/Text Color/span_Shadows Into Light_minicolors-swatch-color' is clicked on

2020-02-07 12:25:38 - [TEST_STEP][FAILED] - clearText(findTestObject("Page_Reevio Video Maker/Editor/Text Color/input_RGB_texthex-color")): Unable to clear text of object 'Object Repository/Page_Reevio Video Maker/Editor/Text Color/input_RGB_texthex-color' (Root cause: com.kms.katalon.core.exception.StepFailedException: Unable to clear text of object 'Object Repository/Page_Reevio Video Maker/Editor/Text Color/input_RGB_texthex-color'
	at com.kms.katalon.core.webui.keyword.internal.WebUIKeywordMain.stepFailed(WebUIKeywordMain.groovy:64)
	at com.kms.katalon.core.webui.keyword.internal.WebUIKeywordMain.runKeyword(WebUIKeywordMain.groovy:42)
	at com.kms.katalon.core.webui.keyword.builtin.ClearTextKeyword.clearText(ClearTextKeyword.groovy:61)
	at com.kms.katalon.core.webui.keyword.builtin.ClearTextKeyword.execute(ClearTextKeyword.groovy:34)
	at com.kms.katalon.core.keyword.internal.KeywordExecutor.executeKeywordForPlatform(KeywordExecutor.groovy:72)
	at com.kms.katalon.core.webui.keyword.WebUiBuiltInKeywords.clearText(WebUiBuiltInKeywords.groovy:3817)
	at com.kms.katalon.core.webui.keyword.WebUiBuiltInKeywords$clearText$13.call(Unknown Source)
	at Text adding (MAX and COLOR) 30sc cycle.run(Text adding (MAX and COLOR) 30sc cycle:95)
	at com.kms.katalon.core.main.ScriptEngine.run(ScriptEngine.java:194)
	at com.kms.katalon.core.main.ScriptEngine.runScriptAsRawText(ScriptEngine.java:119)
	at com.kms.katalon.core.main.TestCaseExecutor.runScript(TestCaseExecutor.java:337)
	at com.kms.katalon.core.main.TestCaseExecutor.doExecute(TestCaseExecutor.java:328)
	at com.kms.katalon.core.main.TestCaseExecutor.processExecutionPhase(TestCaseExecutor.java:307)
	at com.kms.katalon.core.main.TestCaseExecutor.accessMainPhase(TestCaseExecutor.java:299)
	at com.kms.katalon.core.main.TestCaseExecutor.execute(TestCaseExecutor.java:233)
	at com.kms.katalon.core.main.TestSuiteExecutor.accessTestCaseMainPhase(TestSuiteExecutor.java:169)
	at com.kms.katalon.core.main.TestSuiteExecutor.accessTestSuiteMainPhase(TestSuiteExecutor.java:142)
	at com.kms.katalon.core.main.TestSuiteExecutor.execute(TestSuiteExecutor.java:91)
	at com.kms.katalon.core.main.TestCaseMain.startTestSuite(TestCaseMain.java:157)
	at com.kms.katalon.core.main.TestCaseMain$startTestSuite$0.call(Unknown Source)
	at TempTestSuite1581071026566.run(TempTestSuite1581071026566.groovy:36)
Caused by: org.openqa.selenium.ElementNotInteractableException: element not interactable
  (Session info: chrome=80.0.3987.87)
Build info: version: '3.141.59', revision: 'e82be7d358', time: '2018-11-14T08:25:53'
System info: host: 'DESKTOP-J4SE4C2', ip: '192.168.1.111', os.name: 'Windows 10', os.arch: 'amd64', os.version: '10.0', java.version: '1.8.0_181'
Driver info: com.kms.katalon.selenium.driver.CChromeDriver
Capabilities {acceptInsecureCerts: false, browserName: chrome, browserVersion: 80.0.3987.87, chrome: {chromedriverVersion: 79.0.3945.36 (3582db32b3389..., userDataDir: C:\Users\tester-3\AppData\L...}, goog:chromeOptions: {debuggerAddress: localhost:62942}, javascriptEnabled: true, networkConnectionEnabled: false, pageLoadStrategy: normal, platform: WINDOWS, platformName: WINDOWS, proxy: Proxy(), setWindowRect: true, strictFileInteractability: false, timeouts: {implicit: 0, pageLoad: 300000, script: 30000}, unhandledPromptBehavior: dismiss and notify}
Session ID: bbf6aef9af687f1f0d8398ad8247ced3
	at org.openqa.selenium.remote.http.W3CHttpResponseCodec.createException(W3CHttpResponseCodec.java:187)
	at org.openqa.selenium.remote.http.W3CHttpResponseCodec.decode(W3CHttpResponseCodec.java:122)
	at org.openqa.selenium.remote.http.W3CHttpResponseCodec.decode(W3CHttpResponseCodec.java:49)
	at org.openqa.selenium.remote.HttpCommandExecutor.execute(HttpCommandExecutor.java:158)
	at org.openqa.selenium.remote.service.DriverCommandExecutor.execute(DriverCommandExecutor.java:83)
	at org.openqa.selenium.remote.RemoteWebDriver.execute(RemoteWebDriver.java:552)
	at com.kms.katalon.selenium.driver.CChromeDriver.execute(CChromeDriver.java:19)
	at org.openqa.selenium.remote.RemoteWebElement.execute(RemoteWebElement.java:285)
	at org.openqa.selenium.remote.RemoteWebElement.clear(RemoteWebElement.java:124)
	at org.openqa.selenium.support.events.EventFiringWebDriver$EventFiringWebElement.lambda$new$0(EventFiringWebDriver.java:404)
	at com.sun.proxy.$Proxy9.clear(Unknown Source)
	at org.openqa.selenium.support.events.EventFiringWebDriver$EventFiringWebElement.clear(EventFiringWebDriver.java:436)
	at com.kms.katalon.core.webui.keyword.builtin.ClearTextKeyword$_clearText_closure1.doCall(ClearTextKeyword.groovy:46)
	at com.kms.katalon.core.webui.keyword.builtin.ClearTextKeyword$_clearText_closure1.call(ClearTextKeyword.groovy)
	at com.kms.katalon.core.webui.keyword.internal.WebUIKeywordMain.runKeyword(WebUIKeywordMain.groovy:33)
	at com.kms.katalon.core.webui.keyword.builtin.ClearTextKeyword.clearText(ClearTextKeyword.groovy:61)
	at com.kms.katalon.core.webui.keyword.builtin.ClearTextKeyword.execute(ClearTextKeyword.groovy:34)
	at com.kms.katalon.core.keyword.internal.KeywordExecutor.executeKeywordForPlatform(KeywordExecutor.groovy:72)
	at com.kms.katalon.core.webui.keyword.WebUiBuiltInKeywords.clearText(WebUiBuiltInKeywords.groovy:3817)
	at com.kms.katalon.core.webui.keyword.WebUiBuiltInKeywords$clearText$13.call(Unknown Source)
	at Script1569935100868.run(Script1569935100868.groovy:95)
	... 13 more
)

2020-02-07 12:25:38 - [MESSAGE][FAILED] - Unable to clear text of object 'Object Repository/Page_Reevio Video Maker/Editor/Text Color/input_RGB_texthex-color' (Root cause: com.kms.katalon.core.exception.StepFailedException: Unable to clear text of object 'Object Repository/Page_Reevio Video Maker/Editor/Text Color/input_RGB_texthex-color'
	at com.kms.katalon.core.webui.keyword.internal.WebUIKeywordMain.stepFailed(WebUIKeywordMain.groovy:64)
	at com.kms.katalon.core.webui.keyword.internal.WebUIKeywordMain.runKeyword(WebUIKeywordMain.groovy:42)
	at com.kms.katalon.core.webui.keyword.builtin.ClearTextKeyword.clearText(ClearTextKeyword.groovy:61)
	at com.kms.katalon.core.webui.keyword.builtin.ClearTextKeyword.execute(ClearTextKeyword.groovy:34)
	at com.kms.katalon.core.keyword.internal.KeywordExecutor.executeKeywordForPlatform(KeywordExecutor.groovy:72)
	at com.kms.katalon.core.webui.keyword.WebUiBuiltInKeywords.clearText(WebUiBuiltInKeywords.groovy:3817)
	at com.kms.katalon.core.webui.keyword.WebUiBuiltInKeywords$clearText$13.call(Unknown Source)
	at Text adding (MAX and COLOR) 30sc cycle.run(Text adding (MAX and COLOR) 30sc cycle:95)
	at com.kms.katalon.core.main.ScriptEngine.run(ScriptEngine.java:194)
	at com.kms.katalon.core.main.ScriptEngine.runScriptAsRawText(ScriptEngine.java:119)
	at com.kms.katalon.core.main.TestCaseExecutor.runScript(TestCaseExecutor.java:337)
	at com.kms.katalon.core.main.TestCaseExecutor.doExecute(TestCaseExecutor.java:328)
	at com.kms.katalon.core.main.TestCaseExecutor.processExecutionPhase(TestCaseExecutor.java:307)
	at com.kms.katalon.core.main.TestCaseExecutor.accessMainPhase(TestCaseExecutor.java:299)
	at com.kms.katalon.core.main.TestCaseExecutor.execute(TestCaseExecutor.java:233)
	at com.kms.katalon.core.main.TestSuiteExecutor.accessTestCaseMainPhase(TestSuiteExecutor.java:169)
	at com.kms.katalon.core.main.TestSuiteExecutor.accessTestSuiteMainPhase(TestSuiteExecutor.java:142)
	at com.kms.katalon.core.main.TestSuiteExecutor.execute(TestSuiteExecutor.java:91)
	at com.kms.katalon.core.main.TestCaseMain.startTestSuite(TestCaseMain.java:157)
	at com.kms.katalon.core.main.TestCaseMain$startTestSuite$0.call(Unknown Source)
	at TempTestSuite1581071026566.run(TempTestSuite1581071026566.groovy:36)
Caused by: org.openqa.selenium.ElementNotInteractableException: element not interactable
  (Session info: chrome=80.0.3987.87)
Build info: version: '3.141.59', revision: 'e82be7d358', time: '2018-11-14T08:25:53'
System info: host: 'DESKTOP-J4SE4C2', ip: '192.168.1.111', os.name: 'Windows 10', os.arch: 'amd64', os.version: '10.0', java.version: '1.8.0_181'
Driver info: com.kms.katalon.selenium.driver.CChromeDriver
Capabilities {acceptInsecureCerts: false, browserName: chrome, browserVersion: 80.0.3987.87, chrome: {chromedriverVersion: 79.0.3945.36 (3582db32b3389..., userDataDir: C:\Users\tester-3\AppData\L...}, goog:chromeOptions: {debuggerAddress: localhost:62942}, javascriptEnabled: true, networkConnectionEnabled: false, pageLoadStrategy: normal, platform: WINDOWS, platformName: WINDOWS, proxy: Proxy(), setWindowRect: true, strictFileInteractability: false, timeouts: {implicit: 0, pageLoad: 300000, script: 30000}, unhandledPromptBehavior: dismiss and notify}
Session ID: bbf6aef9af687f1f0d8398ad8247ced3
	at org.openqa.selenium.remote.http.W3CHttpResponseCodec.createException(W3CHttpResponseCodec.java:187)
	at org.openqa.selenium.remote.http.W3CHttpResponseCodec.decode(W3CHttpResponseCodec.java:122)
	at org.openqa.selenium.remote.http.W3CHttpResponseCodec.decode(W3CHttpResponseCodec.java:49)
	at org.openqa.selenium.remote.HttpCommandExecutor.execute(HttpCommandExecutor.java:158)
	at org.openqa.selenium.remote.service.DriverCommandExecutor.execute(DriverCommandExecutor.java:83)
	at org.openqa.selenium.remote.RemoteWebDriver.execute(RemoteWebDriver.java:552)
	at com.kms.katalon.selenium.driver.CChromeDriver.execute(CChromeDriver.java:19)
	at org.openqa.selenium.remote.RemoteWebElement.execute(RemoteWebElement.java:285)
	at org.openqa.selenium.remote.RemoteWebElement.clear(RemoteWebElement.java:124)
	at org.openqa.selenium.support.events.EventFiringWebDriver$EventFiringWebElement.lambda$new$0(EventFiringWebDriver.java:404)
	at com.sun.proxy.$Proxy9.clear(Unknown Source)
	at org.openqa.selenium.support.events.EventFiringWebDriver$EventFiringWebElement.clear(EventFiringWebDriver.java:436)
	at com.kms.katalon.core.webui.keyword.builtin.ClearTextKeyword$_clearText_closure1.doCall(ClearTextKeyword.groovy:46)
	at com.kms.katalon.core.webui.keyword.builtin.ClearTextKeyword$_clearText_closure1.call(ClearTextKeyword.groovy)
	at com.kms.katalon.core.webui.keyword.internal.WebUIKeywordMain.runKeyword(WebUIKeywordMain.groovy:33)
	at com.kms.katalon.core.webui.keyword.builtin.ClearTextKeyword.clearText(ClearTextKeyword.groovy:61)
	at com.kms.katalon.core.webui.keyword.builtin.ClearTextKeyword.execute(ClearTextKeyword.groovy:34)
	at com.kms.katalon.core.keyword.internal.KeywordExecutor.executeKeywordForPlatform(KeywordExecutor.groovy:72)
	at com.kms.katalon.core.webui.keyword.WebUiBuiltInKeywords.clearText(WebUiBuiltInKeywords.groovy:3817)
	at com.kms.katalon.core.webui.keyword.WebUiBuiltInKeywords$clearText$13.call(Unknown Source)
	at Script1569935100868.run(Script1569935100868.groovy:95)
	... 13 more
)

2020-02-07 12:25:38 - [TEST_STEP][FAILED] - setText(findTestObject("Page_Reevio Video Maker/Editor/Text Color/input_RGB_texthex-color"), findTestData("vavowDate").getValue(2, 1)): Unable to set text '#00FFE1' of object 'Object Repository/Page_Reevio Video Maker/Editor/Text Color/input_RGB_texthex-color' (Root cause: com.kms.katalon.core.exception.StepFailedException: Unable to set text '#00FFE1' of object 'Object Repository/Page_Reevio Video Maker/Editor/Text Color/input_RGB_texthex-color'
	at com.kms.katalon.core.webui.keyword.internal.WebUIKeywordMain.stepFailed(WebUIKeywordMain.groovy:64)
	at com.kms.katalon.core.webui.keyword.internal.WebUIKeywordMain.runKeyword(WebUIKeywordMain.groovy:26)
	at com.kms.katalon.core.webui.keyword.builtin.SetTextKeyword.setText(SetTextKeyword.groovy:66)
	at com.kms.katalon.core.webui.keyword.builtin.SetTextKeyword.execute(SetTextKeyword.groovy:37)
	at com.kms.katalon.core.keyword.internal.KeywordExecutor.executeKeywordForPlatform(KeywordExecutor.groovy:72)
	at com.kms.katalon.core.webui.keyword.WebUiBuiltInKeywords.setText(WebUiBuiltInKeywords.groovy:950)
	at com.kms.katalon.core.webui.keyword.WebUiBuiltInKeywords$setText$4.call(Unknown Source)
	at Text adding (MAX and COLOR) 30sc cycle.run(Text adding (MAX and COLOR) 30sc cycle:97)
	at com.kms.katalon.core.main.ScriptEngine.run(ScriptEngine.java:194)
	at com.kms.katalon.core.main.ScriptEngine.runScriptAsRawText(ScriptEngine.java:119)
	at com.kms.katalon.core.main.TestCaseExecutor.runScript(TestCaseExecutor.java:337)
	at com.kms.katalon.core.main.TestCaseExecutor.doExecute(TestCaseExecutor.java:328)
	at com.kms.katalon.core.main.TestCaseExecutor.processExecutionPhase(TestCaseExecutor.java:307)
	at com.kms.katalon.core.main.TestCaseExecutor.accessMainPhase(TestCaseExecutor.java:299)
	at com.kms.katalon.core.main.TestCaseExecutor.execute(TestCaseExecutor.java:233)
	at com.kms.katalon.core.main.TestSuiteExecutor.accessTestCaseMainPhase(TestSuiteExecutor.java:169)
	at com.kms.katalon.core.main.TestSuiteExecutor.accessTestSuiteMainPhase(TestSuiteExecutor.java:142)
	at com.kms.katalon.core.main.TestSuiteExecutor.execute(TestSuiteExecutor.java:91)
	at com.kms.katalon.core.main.TestCaseMain.startTestSuite(TestCaseMain.java:157)
	at com.kms.katalon.core.main.TestCaseMain$startTestSuite$0.call(Unknown Source)
	at TempTestSuite1581071026566.run(TempTestSuite1581071026566.groovy:36)
Caused by: org.openqa.selenium.ElementNotInteractableException: element not interactable
  (Session info: chrome=80.0.3987.87)
Build info: version: '3.141.59', revision: 'e82be7d358', time: '2018-11-14T08:25:53'
System info: host: 'DESKTOP-J4SE4C2', ip: '192.168.1.111', os.name: 'Windows 10', os.arch: 'amd64', os.version: '10.0', java.version: '1.8.0_181'
Driver info: com.kms.katalon.selenium.driver.CChromeDriver
Capabilities {acceptInsecureCerts: false, browserName: chrome, browserVersion: 80.0.3987.87, chrome: {chromedriverVersion: 79.0.3945.36 (3582db32b3389..., userDataDir: C:\Users\tester-3\AppData\L...}, goog:chromeOptions: {debuggerAddress: localhost:62942}, javascriptEnabled: true, networkConnectionEnabled: false, pageLoadStrategy: normal, platform: WINDOWS, platformName: WINDOWS, proxy: Proxy(), setWindowRect: true, strictFileInteractability: false, timeouts: {implicit: 0, pageLoad: 300000, script: 30000}, unhandledPromptBehavior: dismiss and notify}
Session ID: bbf6aef9af687f1f0d8398ad8247ced3
	at org.openqa.selenium.remote.http.W3CHttpResponseCodec.createException(W3CHttpResponseCodec.java:187)
	at org.openqa.selenium.remote.http.W3CHttpResponseCodec.decode(W3CHttpResponseCodec.java:122)
	at org.openqa.selenium.remote.http.W3CHttpResponseCodec.decode(W3CHttpResponseCodec.java:49)
	at org.openqa.selenium.remote.HttpCommandExecutor.execute(HttpCommandExecutor.java:158)
	at org.openqa.selenium.remote.service.DriverCommandExecutor.execute(DriverCommandExecutor.java:83)
	at org.openqa.selenium.remote.RemoteWebDriver.execute(RemoteWebDriver.java:552)
	at com.kms.katalon.selenium.driver.CChromeDriver.execute(CChromeDriver.java:19)
	at org.openqa.selenium.remote.RemoteWebElement.execute(RemoteWebElement.java:285)
	at org.openqa.selenium.remote.RemoteWebElement.clear(RemoteWebElement.java:124)
	at org.openqa.selenium.support.events.EventFiringWebDriver$EventFiringWebElement.lambda$new$0(EventFiringWebDriver.java:404)
	at com.sun.proxy.$Proxy9.clear(Unknown Source)
	at org.openqa.selenium.support.events.EventFiringWebDriver$EventFiringWebElement.clear(EventFiringWebDriver.java:436)
	at com.kms.katalon.core.webui.keyword.builtin.SetTextKeyword$_setText_closure1.doCall(SetTextKeyword.groovy:53)
	at com.kms.katalon.core.webui.keyword.builtin.SetTextKeyword$_setText_closure1.call(SetTextKeyword.groovy)
	at com.kms.katalon.core.webui.keyword.internal.WebUIKeywordMain.runKeyword(WebUIKeywordMain.groovy:20)
	at com.kms.katalon.core.webui.keyword.builtin.SetTextKeyword.setText(SetTextKeyword.groovy:66)
	at com.kms.katalon.core.webui.keyword.builtin.SetTextKeyword.execute(SetTextKeyword.groovy:37)
	at com.kms.katalon.core.keyword.internal.KeywordExecutor.executeKeywordForPlatform(KeywordExecutor.groovy:72)
	at com.kms.katalon.core.webui.keyword.WebUiBuiltInKeywords.setText(WebUiBuiltInKeywords.groovy:950)
	at com.kms.katalon.core.webui.keyword.WebUiBuiltInKeywords$setText$4.call(Unknown Source)
	at Script1569935100868.run(Script1569935100868.groovy:97)
	... 13 more
)

2020-02-07 12:25:38 - [MESSAGE][FAILED] - Unable to set text '#00FFE1' of object 'Object Repository/Page_Reevio Video Maker/Editor/Text Color/input_RGB_texthex-color' (Root cause: com.kms.katalon.core.exception.StepFailedException: Unable to set text '#00FFE1' of object 'Object Repository/Page_Reevio Video Maker/Editor/Text Color/input_RGB_texthex-color'
	at com.kms.katalon.core.webui.keyword.internal.WebUIKeywordMain.stepFailed(WebUIKeywordMain.groovy:64)
	at com.kms.katalon.core.webui.keyword.internal.WebUIKeywordMain.runKeyword(WebUIKeywordMain.groovy:26)
	at com.kms.katalon.core.webui.keyword.builtin.SetTextKeyword.setText(SetTextKeyword.groovy:66)
	at com.kms.katalon.core.webui.keyword.builtin.SetTextKeyword.execute(SetTextKeyword.groovy:37)
	at com.kms.katalon.core.keyword.internal.KeywordExecutor.executeKeywordForPlatform(KeywordExecutor.groovy:72)
	at com.kms.katalon.core.webui.keyword.WebUiBuiltInKeywords.setText(WebUiBuiltInKeywords.groovy:950)
	at com.kms.katalon.core.webui.keyword.WebUiBuiltInKeywords$setText$4.call(Unknown Source)
	at Text adding (MAX and COLOR) 30sc cycle.run(Text adding (MAX and COLOR) 30sc cycle:97)
	at com.kms.katalon.core.main.ScriptEngine.run(ScriptEngine.java:194)
	at com.kms.katalon.core.main.ScriptEngine.runScriptAsRawText(ScriptEngine.java:119)
	at com.kms.katalon.core.main.TestCaseExecutor.runScript(TestCaseExecutor.java:337)
	at com.kms.katalon.core.main.TestCaseExecutor.doExecute(TestCaseExecutor.java:328)
	at com.kms.katalon.core.main.TestCaseExecutor.processExecutionPhase(TestCaseExecutor.java:307)
	at com.kms.katalon.core.main.TestCaseExecutor.accessMainPhase(TestCaseExecutor.java:299)
	at com.kms.katalon.core.main.TestCaseExecutor.execute(TestCaseExecutor.java:233)
	at com.kms.katalon.core.main.TestSuiteExecutor.accessTestCaseMainPhase(TestSuiteExecutor.java:169)
	at com.kms.katalon.core.main.TestSuiteExecutor.accessTestSuiteMainPhase(TestSuiteExecutor.java:142)
	at com.kms.katalon.core.main.TestSuiteExecutor.execute(TestSuiteExecutor.java:91)
	at com.kms.katalon.core.main.TestCaseMain.startTestSuite(TestCaseMain.java:157)
	at com.kms.katalon.core.main.TestCaseMain$startTestSuite$0.call(Unknown Source)
	at TempTestSuite1581071026566.run(TempTestSuite1581071026566.groovy:36)
Caused by: org.openqa.selenium.ElementNotInteractableException: element not interactable
  (Session info: chrome=80.0.3987.87)
Build info: version: '3.141.59', revision: 'e82be7d358', time: '2018-11-14T08:25:53'
System info: host: 'DESKTOP-J4SE4C2', ip: '192.168.1.111', os.name: 'Windows 10', os.arch: 'amd64', os.version: '10.0', java.version: '1.8.0_181'
Driver info: com.kms.katalon.selenium.driver.CChromeDriver
Capabilities {acceptInsecureCerts: false, browserName: chrome, browserVersion: 80.0.3987.87, chrome: {chromedriverVersion: 79.0.3945.36 (3582db32b3389..., userDataDir: C:\Users\tester-3\AppData\L...}, goog:chromeOptions: {debuggerAddress: localhost:62942}, javascriptEnabled: true, networkConnectionEnabled: false, pageLoadStrategy: normal, platform: WINDOWS, platformName: WINDOWS, proxy: Proxy(), setWindowRect: true, strictFileInteractability: false, timeouts: {implicit: 0, pageLoad: 300000, script: 30000}, unhandledPromptBehavior: dismiss and notify}
Session ID: bbf6aef9af687f1f0d8398ad8247ced3
	at org.openqa.selenium.remote.http.W3CHttpResponseCodec.createException(W3CHttpResponseCodec.java:187)
	at org.openqa.selenium.remote.http.W3CHttpResponseCodec.decode(W3CHttpResponseCodec.java:122)
	at org.openqa.selenium.remote.http.W3CHttpResponseCodec.decode(W3CHttpResponseCodec.java:49)
	at org.openqa.selenium.remote.HttpCommandExecutor.execute(HttpCommandExecutor.java:158)
	at org.openqa.selenium.remote.service.DriverCommandExecutor.execute(DriverCommandExecutor.java:83)
	at org.openqa.selenium.remote.RemoteWebDriver.execute(RemoteWebDriver.java:552)
	at com.kms.katalon.selenium.driver.CChromeDriver.execute(CChromeDriver.java:19)
	at org.openqa.selenium.remote.RemoteWebElement.execute(RemoteWebElement.java:285)
	at org.openqa.selenium.remote.RemoteWebElement.clear(RemoteWebElement.java:124)
	at org.openqa.selenium.support.events.EventFiringWebDriver$EventFiringWebElement.lambda$new$0(EventFiringWebDriver.java:404)
	at com.sun.proxy.$Proxy9.clear(Unknown Source)
	at org.openqa.selenium.support.events.EventFiringWebDriver$EventFiringWebElement.clear(EventFiringWebDriver.java:436)
	at com.kms.katalon.core.webui.keyword.builtin.SetTextKeyword$_setText_closure1.doCall(SetTextKeyword.groovy:53)
	at com.kms.katalon.core.webui.keyword.builtin.SetTextKeyword$_setText_closure1.call(SetTextKeyword.groovy)
	at com.kms.katalon.core.webui.keyword.internal.WebUIKeywordMain.runKeyword(WebUIKeywordMain.groovy:20)
	at com.kms.katalon.core.webui.keyword.builtin.SetTextKeyword.setText(SetTextKeyword.groovy:66)
	at com.kms.katalon.core.webui.keyword.builtin.SetTextKeyword.execute(SetTextKeyword.groovy:37)
	at com.kms.katalon.core.keyword.internal.KeywordExecutor.executeKeywordForPlatform(KeywordExecutor.groovy:72)
	at com.kms.katalon.core.webui.keyword.WebUiBuiltInKeywords.setText(WebUiBuiltInKeywords.groovy:950)
	at com.kms.katalon.core.webui.keyword.WebUiBuiltInKeywords$setText$4.call(Unknown Source)
	at Script1569935100868.run(Script1569935100868.groovy:97)
	... 13 more
)

2020-02-07 12:25:38 - [TEST_STEP][PASSED] - click(findTestObject("Page_Reevio Video Maker/Editor/Text Color/button_Apply")): Object: 'Object Repository/Page_Reevio Video Maker/Editor/Text Color/button_Apply' is clicked on

2020-02-07 12:25:38 - [MESSAGE][ERROR] - javascript error: Failed to execute 'elementsFromPoint' on 'Document': The provided double value is non-finite.
  (Session info: chrome=80.0.3987.87)
Build info: version: '3.141.59', revision: 'e82be7d358', time: '2018-11-14T08:25:53'
System info: host: 'DESKTOP-J4SE4C2', ip: '192.168.1.111', os.name: 'Windows 10', os.arch: 'amd64', os.version: '10.0', java.version: '1.8.0_181'
Driver info: com.kms.katalon.selenium.driver.CChromeDriver
Capabilities {acceptInsecureCerts: false, browserName: chrome, browserVersion: 80.0.3987.87, chrome: {chromedriverVersion: 79.0.3945.36 (3582db32b3389..., userDataDir: C:\Users\tester-3\AppData\L...}, goog:chromeOptions: {debuggerAddress: localhost:62942}, javascriptEnabled: true, networkConnectionEnabled: false, pageLoadStrategy: normal, platform: WINDOWS, platformName: WINDOWS, proxy: Proxy(), setWindowRect: true, strictFileInteractability: false, timeouts: {implicit: 0, pageLoad: 300000, script: 30000}, unhandledPromptBehavior: dismiss and notify}
Session ID: bbf6aef9af687f1f0d8398ad8247ced3

2020-02-07 12:25:40 - [MESSAGE][ERROR] - javascript error: Failed to execute 'elementsFromPoint' on 'Document': The provided double value is non-finite.
  (Session info: chrome=80.0.3987.87)
Build info: version: '3.141.59', revision: 'e82be7d358', time: '2018-11-14T08:25:53'
System info: host: 'DESKTOP-J4SE4C2', ip: '192.168.1.111', os.name: 'Windows 10', os.arch: 'amd64', os.version: '10.0', java.version: '1.8.0_181'
Driver info: com.kms.katalon.selenium.driver.CChromeDriver
Capabilities {acceptInsecureCerts: false, browserName: chrome, browserVersion: 80.0.3987.87, chrome: {chromedriverVersion: 79.0.3945.36 (3582db32b3389..., userDataDir: C:\Users\tester-3\AppData\L...}, goog:chromeOptions: {debuggerAddress: localhost:62942}, javascriptEnabled: true, networkConnectionEnabled: false, pageLoadStrategy: normal, platform: WINDOWS, platformName: WINDOWS, proxy: Proxy(), setWindowRect: true, strictFileInteractability: false, timeouts: {implicit: 0, pageLoad: 300000, script: 30000}, unhandledPromptBehavior: dismiss and notify}
Session ID: bbf6aef9af687f1f0d8398ad8247ced3

2020-02-07 12:25:40 - [MESSAGE][PASSED] - Object: 'Object Repository/Page_Reevio Video Maker/Editor/Text Color/button_Apply' is clicked on

2020-02-07 12:25:40 - [TEST_STEP][PASSED] - click(findTestObject("Page_Reevio Video Maker/Editor/Text Editor/span_Save")): Object: 'Object Repository/Page_Reevio Video Maker/Editor/Text Editor/span_Save' is clicked on

2020-02-07 12:25:40 - [MESSAGE][PASSED] - Object: 'Object Repository/Page_Reevio Video Maker/Editor/Text Editor/span_Save' is clicked on

2020-02-07 12:25:40 - [TEST_STEP][PASSED] - maxlength = 0: null

2020-02-07 12:25:40 - [TEST_STEP][PASSED] - if (verifyElementInViewport(findTestObject("Page_Reevio Video Maker/Editor/Test Text fields/a_Text " + j), 0) == true): null

2020-02-07 12:25:40 - [MESSAGE][WARNING] - Timeout '0' is invalid. Using default page load timeout: '1'

2020-02-07 12:25:40 - [MESSAGE][PASSED] - Object 'Object Repository/Page_Reevio Video Maker/Editor/Test Text fields/a_Text 4' is present and visible in viewport

2020-02-07 12:25:40 - [TEST_STEP][PASSED] - doubleClick(findTestObject("Page_Reevio Video Maker/Editor/Test Text fields/a_Text " + j)): Object: 'Object Repository/Page_Reevio Video Maker/Editor/Test Text fields/a_Text 4' is double clicked on

2020-02-07 12:25:40 - [MESSAGE][PASSED] - Object: 'Object Repository/Page_Reevio Video Maker/Editor/Test Text fields/a_Text 4' is double clicked on

2020-02-07 12:25:40 - [TEST_STEP][PASSED] - maxlength = getAttribute(findTestObject("Page_Reevio Video Maker/Editor/Test Text fields/a_Text " + j), "data-maxlength"): Attribute 'data-maxlength' of object 'Object Repository/Page_Reevio Video Maker/Editor/Test Text fields/a_Text 4' is: '5'

2020-02-07 12:25:40 - [MESSAGE][PASSED] - Attribute 'data-maxlength' of object 'Object Repository/Page_Reevio Video Maker/Editor/Test Text fields/a_Text 4' is: '5'

2020-02-07 12:25:40 - [TEST_STEP][PASSED] - clearText(findTestObject("Page_Reevio Video Maker/Editor/Text Editor/input_Enable text_cinput"), CONTINUE_ON_FAILURE): Text of object 'Object Repository/Page_Reevio Video Maker/Editor/Text Editor/input_Enable text_cinput' is cleared

2020-02-07 12:25:41 - [MESSAGE][PASSED] - Text of object 'Object Repository/Page_Reevio Video Maker/Editor/Text Editor/input_Enable text_cinput' is cleared

2020-02-07 12:25:41 - [TEST_STEP][PASSED] - setText(findTestObject("Page_Reevio Video Maker/Editor/Text Editor/input_Enable text_cinput"), findTestData("vavowDate").getValue(1, 1)): Text 'The quick beige fox jumps over the lazy dog. The quick brown fox jumps over the lazy dog. The quick brown fox jumps over the lazy dog. The quick brown fox jumps over the lazy dog. The quick brown fox jumps over the lazy dog. The quick brown fox jumps over the lazy dog. The quick brown fox jumps over the lazy dog.' is set on object 'Object Repository/Page_Reevio Video Maker/Editor/Text Editor/input_Enable text_cinput'

2020-02-07 12:25:43 - [MESSAGE][PASSED] - Text 'The quick beige fox jumps over the lazy dog. The quick brown fox jumps over the lazy dog. The quick brown fox jumps over the lazy dog. The quick brown fox jumps over the lazy dog. The quick brown fox jumps over the lazy dog. The quick brown fox jumps over the lazy dog. The quick brown fox jumps over the lazy dog.' is set on object 'Object Repository/Page_Reevio Video Maker/Editor/Text Editor/input_Enable text_cinput'

2020-02-07 12:25:43 - [TEST_STEP][PASSED] - maxL = maxlength: null

2020-02-07 12:25:43 - [TEST_STEP][PASSED] - if (maxL >= 100 == true): null

2020-02-07 12:25:43 - [TEST_STEP][PASSED] - else if (maxL < 100 == true): Keys 'BACK_SPACE + ' sent to object: 'Object Repository/Page_Reevio Video Maker/Editor/Text Editor/input_Enable text_cinput'

2020-02-07 12:25:43 - [TEST_STEP][PASSED] - if (maxL < 10 == true): Keys 'BACK_SPACE + ' sent to object: 'Object Repository/Page_Reevio Video Maker/Editor/Text Editor/input_Enable text_cinput'

2020-02-07 12:25:43 - [TEST_STEP][PASSED] - sendKeys(findTestObject("Page_Reevio Video Maker/Editor/Text Editor/input_Enable text_cinput"), Keys.chord(BACK_SPACE)): Keys 'BACK_SPACE + ' sent to object: 'Object Repository/Page_Reevio Video Maker/Editor/Text Editor/input_Enable text_cinput'

2020-02-07 12:25:43 - [MESSAGE][PASSED] - Keys 'BACK_SPACE + ' sent to object: 'Object Repository/Page_Reevio Video Maker/Editor/Text Editor/input_Enable text_cinput'

2020-02-07 12:25:43 - [TEST_STEP][PASSED] - sendKeys(findTestObject("Page_Reevio Video Maker/Editor/Text Editor/input_Enable text_cinput"), maxlength): Keys '5' sent to object: 'Object Repository/Page_Reevio Video Maker/Editor/Text Editor/input_Enable text_cinput'

2020-02-07 12:25:43 - [MESSAGE][PASSED] - Keys '5' sent to object: 'Object Repository/Page_Reevio Video Maker/Editor/Text Editor/input_Enable text_cinput'

2020-02-07 12:25:43 - [TEST_STEP][PASSED] - click(findTestObject("Page_Reevio Video Maker/Editor/Text Color/span_Shadows Into Light_minicolors-swatch-color")): Object: 'Object Repository/Page_Reevio Video Maker/Editor/Text Color/span_Shadows Into Light_minicolors-swatch-color' is clicked on

2020-02-07 12:25:46 - [MESSAGE][PASSED] - Object: 'Object Repository/Page_Reevio Video Maker/Editor/Text Color/span_Shadows Into Light_minicolors-swatch-color' is clicked on

2020-02-07 12:25:46 - [TEST_STEP][FAILED] - clearText(findTestObject("Page_Reevio Video Maker/Editor/Text Color/input_RGB_texthex-color")): Unable to clear text of object 'Object Repository/Page_Reevio Video Maker/Editor/Text Color/input_RGB_texthex-color' (Root cause: com.kms.katalon.core.exception.StepFailedException: Unable to clear text of object 'Object Repository/Page_Reevio Video Maker/Editor/Text Color/input_RGB_texthex-color'
	at com.kms.katalon.core.webui.keyword.internal.WebUIKeywordMain.stepFailed(WebUIKeywordMain.groovy:64)
	at com.kms.katalon.core.webui.keyword.internal.WebUIKeywordMain.runKeyword(WebUIKeywordMain.groovy:42)
	at com.kms.katalon.core.webui.keyword.builtin.ClearTextKeyword.clearText(ClearTextKeyword.groovy:61)
	at com.kms.katalon.core.webui.keyword.builtin.ClearTextKeyword.execute(ClearTextKeyword.groovy:34)
	at com.kms.katalon.core.keyword.internal.KeywordExecutor.executeKeywordForPlatform(KeywordExecutor.groovy:72)
	at com.kms.katalon.core.webui.keyword.WebUiBuiltInKeywords.clearText(WebUiBuiltInKeywords.groovy:3817)
	at com.kms.katalon.core.webui.keyword.WebUiBuiltInKeywords$clearText$13.call(Unknown Source)
	at Text adding (MAX and COLOR) 30sc cycle.run(Text adding (MAX and COLOR) 30sc cycle:95)
	at com.kms.katalon.core.main.ScriptEngine.run(ScriptEngine.java:194)
	at com.kms.katalon.core.main.ScriptEngine.runScriptAsRawText(ScriptEngine.java:119)
	at com.kms.katalon.core.main.TestCaseExecutor.runScript(TestCaseExecutor.java:337)
	at com.kms.katalon.core.main.TestCaseExecutor.doExecute(TestCaseExecutor.java:328)
	at com.kms.katalon.core.main.TestCaseExecutor.processExecutionPhase(TestCaseExecutor.java:307)
	at com.kms.katalon.core.main.TestCaseExecutor.accessMainPhase(TestCaseExecutor.java:299)
	at com.kms.katalon.core.main.TestCaseExecutor.execute(TestCaseExecutor.java:233)
	at com.kms.katalon.core.main.TestSuiteExecutor.accessTestCaseMainPhase(TestSuiteExecutor.java:169)
	at com.kms.katalon.core.main.TestSuiteExecutor.accessTestSuiteMainPhase(TestSuiteExecutor.java:142)
	at com.kms.katalon.core.main.TestSuiteExecutor.execute(TestSuiteExecutor.java:91)
	at com.kms.katalon.core.main.TestCaseMain.startTestSuite(TestCaseMain.java:157)
	at com.kms.katalon.core.main.TestCaseMain$startTestSuite$0.call(Unknown Source)
	at TempTestSuite1581071026566.run(TempTestSuite1581071026566.groovy:36)
Caused by: org.openqa.selenium.ElementNotInteractableException: element not interactable
  (Session info: chrome=80.0.3987.87)
Build info: version: '3.141.59', revision: 'e82be7d358', time: '2018-11-14T08:25:53'
System info: host: 'DESKTOP-J4SE4C2', ip: '192.168.1.111', os.name: 'Windows 10', os.arch: 'amd64', os.version: '10.0', java.version: '1.8.0_181'
Driver info: com.kms.katalon.selenium.driver.CChromeDriver
Capabilities {acceptInsecureCerts: false, browserName: chrome, browserVersion: 80.0.3987.87, chrome: {chromedriverVersion: 79.0.3945.36 (3582db32b3389..., userDataDir: C:\Users\tester-3\AppData\L...}, goog:chromeOptions: {debuggerAddress: localhost:62942}, javascriptEnabled: true, networkConnectionEnabled: false, pageLoadStrategy: normal, platform: WINDOWS, platformName: WINDOWS, proxy: Proxy(), setWindowRect: true, strictFileInteractability: false, timeouts: {implicit: 0, pageLoad: 300000, script: 30000}, unhandledPromptBehavior: dismiss and notify}
Session ID: bbf6aef9af687f1f0d8398ad8247ced3
	at org.openqa.selenium.remote.http.W3CHttpResponseCodec.createException(W3CHttpResponseCodec.java:187)
	at org.openqa.selenium.remote.http.W3CHttpResponseCodec.decode(W3CHttpResponseCodec.java:122)
	at org.openqa.selenium.remote.http.W3CHttpResponseCodec.decode(W3CHttpResponseCodec.java:49)
	at org.openqa.selenium.remote.HttpCommandExecutor.execute(HttpCommandExecutor.java:158)
	at org.openqa.selenium.remote.service.DriverCommandExecutor.execute(DriverCommandExecutor.java:83)
	at org.openqa.selenium.remote.RemoteWebDriver.execute(RemoteWebDriver.java:552)
	at com.kms.katalon.selenium.driver.CChromeDriver.execute(CChromeDriver.java:19)
	at org.openqa.selenium.remote.RemoteWebElement.execute(RemoteWebElement.java:285)
	at org.openqa.selenium.remote.RemoteWebElement.clear(RemoteWebElement.java:124)
	at org.openqa.selenium.support.events.EventFiringWebDriver$EventFiringWebElement.lambda$new$0(EventFiringWebDriver.java:404)
	at com.sun.proxy.$Proxy9.clear(Unknown Source)
	at org.openqa.selenium.support.events.EventFiringWebDriver$EventFiringWebElement.clear(EventFiringWebDriver.java:436)
	at com.kms.katalon.core.webui.keyword.builtin.ClearTextKeyword$_clearText_closure1.doCall(ClearTextKeyword.groovy:46)
	at com.kms.katalon.core.webui.keyword.builtin.ClearTextKeyword$_clearText_closure1.call(ClearTextKeyword.groovy)
	at com.kms.katalon.core.webui.keyword.internal.WebUIKeywordMain.runKeyword(WebUIKeywordMain.groovy:33)
	at com.kms.katalon.core.webui.keyword.builtin.ClearTextKeyword.clearText(ClearTextKeyword.groovy:61)
	at com.kms.katalon.core.webui.keyword.builtin.ClearTextKeyword.execute(ClearTextKeyword.groovy:34)
	at com.kms.katalon.core.keyword.internal.KeywordExecutor.executeKeywordForPlatform(KeywordExecutor.groovy:72)
	at com.kms.katalon.core.webui.keyword.WebUiBuiltInKeywords.clearText(WebUiBuiltInKeywords.groovy:3817)
	at com.kms.katalon.core.webui.keyword.WebUiBuiltInKeywords$clearText$13.call(Unknown Source)
	at Script1569935100868.run(Script1569935100868.groovy:95)
	... 13 more
)

2020-02-07 12:25:46 - [MESSAGE][FAILED] - Unable to clear text of object 'Object Repository/Page_Reevio Video Maker/Editor/Text Color/input_RGB_texthex-color' (Root cause: com.kms.katalon.core.exception.StepFailedException: Unable to clear text of object 'Object Repository/Page_Reevio Video Maker/Editor/Text Color/input_RGB_texthex-color'
	at com.kms.katalon.core.webui.keyword.internal.WebUIKeywordMain.stepFailed(WebUIKeywordMain.groovy:64)
	at com.kms.katalon.core.webui.keyword.internal.WebUIKeywordMain.runKeyword(WebUIKeywordMain.groovy:42)
	at com.kms.katalon.core.webui.keyword.builtin.ClearTextKeyword.clearText(ClearTextKeyword.groovy:61)
	at com.kms.katalon.core.webui.keyword.builtin.ClearTextKeyword.execute(ClearTextKeyword.groovy:34)
	at com.kms.katalon.core.keyword.internal.KeywordExecutor.executeKeywordForPlatform(KeywordExecutor.groovy:72)
	at com.kms.katalon.core.webui.keyword.WebUiBuiltInKeywords.clearText(WebUiBuiltInKeywords.groovy:3817)
	at com.kms.katalon.core.webui.keyword.WebUiBuiltInKeywords$clearText$13.call(Unknown Source)
	at Text adding (MAX and COLOR) 30sc cycle.run(Text adding (MAX and COLOR) 30sc cycle:95)
	at com.kms.katalon.core.main.ScriptEngine.run(ScriptEngine.java:194)
	at com.kms.katalon.core.main.ScriptEngine.runScriptAsRawText(ScriptEngine.java:119)
	at com.kms.katalon.core.main.TestCaseExecutor.runScript(TestCaseExecutor.java:337)
	at com.kms.katalon.core.main.TestCaseExecutor.doExecute(TestCaseExecutor.java:328)
	at com.kms.katalon.core.main.TestCaseExecutor.processExecutionPhase(TestCaseExecutor.java:307)
	at com.kms.katalon.core.main.TestCaseExecutor.accessMainPhase(TestCaseExecutor.java:299)
	at com.kms.katalon.core.main.TestCaseExecutor.execute(TestCaseExecutor.java:233)
	at com.kms.katalon.core.main.TestSuiteExecutor.accessTestCaseMainPhase(TestSuiteExecutor.java:169)
	at com.kms.katalon.core.main.TestSuiteExecutor.accessTestSuiteMainPhase(TestSuiteExecutor.java:142)
	at com.kms.katalon.core.main.TestSuiteExecutor.execute(TestSuiteExecutor.java:91)
	at com.kms.katalon.core.main.TestCaseMain.startTestSuite(TestCaseMain.java:157)
	at com.kms.katalon.core.main.TestCaseMain$startTestSuite$0.call(Unknown Source)
	at TempTestSuite1581071026566.run(TempTestSuite1581071026566.groovy:36)
Caused by: org.openqa.selenium.ElementNotInteractableException: element not interactable
  (Session info: chrome=80.0.3987.87)
Build info: version: '3.141.59', revision: 'e82be7d358', time: '2018-11-14T08:25:53'
System info: host: 'DESKTOP-J4SE4C2', ip: '192.168.1.111', os.name: 'Windows 10', os.arch: 'amd64', os.version: '10.0', java.version: '1.8.0_181'
Driver info: com.kms.katalon.selenium.driver.CChromeDriver
Capabilities {acceptInsecureCerts: false, browserName: chrome, browserVersion: 80.0.3987.87, chrome: {chromedriverVersion: 79.0.3945.36 (3582db32b3389..., userDataDir: C:\Users\tester-3\AppData\L...}, goog:chromeOptions: {debuggerAddress: localhost:62942}, javascriptEnabled: true, networkConnectionEnabled: false, pageLoadStrategy: normal, platform: WINDOWS, platformName: WINDOWS, proxy: Proxy(), setWindowRect: true, strictFileInteractability: false, timeouts: {implicit: 0, pageLoad: 300000, script: 30000}, unhandledPromptBehavior: dismiss and notify}
Session ID: bbf6aef9af687f1f0d8398ad8247ced3
	at org.openqa.selenium.remote.http.W3CHttpResponseCodec.createException(W3CHttpResponseCodec.java:187)
	at org.openqa.selenium.remote.http.W3CHttpResponseCodec.decode(W3CHttpResponseCodec.java:122)
	at org.openqa.selenium.remote.http.W3CHttpResponseCodec.decode(W3CHttpResponseCodec.java:49)
	at org.openqa.selenium.remote.HttpCommandExecutor.execute(HttpCommandExecutor.java:158)
	at org.openqa.selenium.remote.service.DriverCommandExecutor.execute(DriverCommandExecutor.java:83)
	at org.openqa.selenium.remote.RemoteWebDriver.execute(RemoteWebDriver.java:552)
	at com.kms.katalon.selenium.driver.CChromeDriver.execute(CChromeDriver.java:19)
	at org.openqa.selenium.remote.RemoteWebElement.execute(RemoteWebElement.java:285)
	at org.openqa.selenium.remote.RemoteWebElement.clear(RemoteWebElement.java:124)
	at org.openqa.selenium.support.events.EventFiringWebDriver$EventFiringWebElement.lambda$new$0(EventFiringWebDriver.java:404)
	at com.sun.proxy.$Proxy9.clear(Unknown Source)
	at org.openqa.selenium.support.events.EventFiringWebDriver$EventFiringWebElement.clear(EventFiringWebDriver.java:436)
	at com.kms.katalon.core.webui.keyword.builtin.ClearTextKeyword$_clearText_closure1.doCall(ClearTextKeyword.groovy:46)
	at com.kms.katalon.core.webui.keyword.builtin.ClearTextKeyword$_clearText_closure1.call(ClearTextKeyword.groovy)
	at com.kms.katalon.core.webui.keyword.internal.WebUIKeywordMain.runKeyword(WebUIKeywordMain.groovy:33)
	at com.kms.katalon.core.webui.keyword.builtin.ClearTextKeyword.clearText(ClearTextKeyword.groovy:61)
	at com.kms.katalon.core.webui.keyword.builtin.ClearTextKeyword.execute(ClearTextKeyword.groovy:34)
	at com.kms.katalon.core.keyword.internal.KeywordExecutor.executeKeywordForPlatform(KeywordExecutor.groovy:72)
	at com.kms.katalon.core.webui.keyword.WebUiBuiltInKeywords.clearText(WebUiBuiltInKeywords.groovy:3817)
	at com.kms.katalon.core.webui.keyword.WebUiBuiltInKeywords$clearText$13.call(Unknown Source)
	at Script1569935100868.run(Script1569935100868.groovy:95)
	... 13 more
)

2020-02-07 12:25:46 - [TEST_STEP][FAILED] - setText(findTestObject("Page_Reevio Video Maker/Editor/Text Color/input_RGB_texthex-color"), findTestData("vavowDate").getValue(2, 1)): Unable to set text '#00FFE1' of object 'Object Repository/Page_Reevio Video Maker/Editor/Text Color/input_RGB_texthex-color' (Root cause: com.kms.katalon.core.exception.StepFailedException: Unable to set text '#00FFE1' of object 'Object Repository/Page_Reevio Video Maker/Editor/Text Color/input_RGB_texthex-color'
	at com.kms.katalon.core.webui.keyword.internal.WebUIKeywordMain.stepFailed(WebUIKeywordMain.groovy:64)
	at com.kms.katalon.core.webui.keyword.internal.WebUIKeywordMain.runKeyword(WebUIKeywordMain.groovy:26)
	at com.kms.katalon.core.webui.keyword.builtin.SetTextKeyword.setText(SetTextKeyword.groovy:66)
	at com.kms.katalon.core.webui.keyword.builtin.SetTextKeyword.execute(SetTextKeyword.groovy:37)
	at com.kms.katalon.core.keyword.internal.KeywordExecutor.executeKeywordForPlatform(KeywordExecutor.groovy:72)
	at com.kms.katalon.core.webui.keyword.WebUiBuiltInKeywords.setText(WebUiBuiltInKeywords.groovy:950)
	at com.kms.katalon.core.webui.keyword.WebUiBuiltInKeywords$setText$4.call(Unknown Source)
	at Text adding (MAX and COLOR) 30sc cycle.run(Text adding (MAX and COLOR) 30sc cycle:97)
	at com.kms.katalon.core.main.ScriptEngine.run(ScriptEngine.java:194)
	at com.kms.katalon.core.main.ScriptEngine.runScriptAsRawText(ScriptEngine.java:119)
	at com.kms.katalon.core.main.TestCaseExecutor.runScript(TestCaseExecutor.java:337)
	at com.kms.katalon.core.main.TestCaseExecutor.doExecute(TestCaseExecutor.java:328)
	at com.kms.katalon.core.main.TestCaseExecutor.processExecutionPhase(TestCaseExecutor.java:307)
	at com.kms.katalon.core.main.TestCaseExecutor.accessMainPhase(TestCaseExecutor.java:299)
	at com.kms.katalon.core.main.TestCaseExecutor.execute(TestCaseExecutor.java:233)
	at com.kms.katalon.core.main.TestSuiteExecutor.accessTestCaseMainPhase(TestSuiteExecutor.java:169)
	at com.kms.katalon.core.main.TestSuiteExecutor.accessTestSuiteMainPhase(TestSuiteExecutor.java:142)
	at com.kms.katalon.core.main.TestSuiteExecutor.execute(TestSuiteExecutor.java:91)
	at com.kms.katalon.core.main.TestCaseMain.startTestSuite(TestCaseMain.java:157)
	at com.kms.katalon.core.main.TestCaseMain$startTestSuite$0.call(Unknown Source)
	at TempTestSuite1581071026566.run(TempTestSuite1581071026566.groovy:36)
Caused by: org.openqa.selenium.ElementNotInteractableException: element not interactable
  (Session info: chrome=80.0.3987.87)
Build info: version: '3.141.59', revision: 'e82be7d358', time: '2018-11-14T08:25:53'
System info: host: 'DESKTOP-J4SE4C2', ip: '192.168.1.111', os.name: 'Windows 10', os.arch: 'amd64', os.version: '10.0', java.version: '1.8.0_181'
Driver info: com.kms.katalon.selenium.driver.CChromeDriver
Capabilities {acceptInsecureCerts: false, browserName: chrome, browserVersion: 80.0.3987.87, chrome: {chromedriverVersion: 79.0.3945.36 (3582db32b3389..., userDataDir: C:\Users\tester-3\AppData\L...}, goog:chromeOptions: {debuggerAddress: localhost:62942}, javascriptEnabled: true, networkConnectionEnabled: false, pageLoadStrategy: normal, platform: WINDOWS, platformName: WINDOWS, proxy: Proxy(), setWindowRect: true, strictFileInteractability: false, timeouts: {implicit: 0, pageLoad: 300000, script: 30000}, unhandledPromptBehavior: dismiss and notify}
Session ID: bbf6aef9af687f1f0d8398ad8247ced3
	at org.openqa.selenium.remote.http.W3CHttpResponseCodec.createException(W3CHttpResponseCodec.java:187)
	at org.openqa.selenium.remote.http.W3CHttpResponseCodec.decode(W3CHttpResponseCodec.java:122)
	at org.openqa.selenium.remote.http.W3CHttpResponseCodec.decode(W3CHttpResponseCodec.java:49)
	at org.openqa.selenium.remote.HttpCommandExecutor.execute(HttpCommandExecutor.java:158)
	at org.openqa.selenium.remote.service.DriverCommandExecutor.execute(DriverCommandExecutor.java:83)
	at org.openqa.selenium.remote.RemoteWebDriver.execute(RemoteWebDriver.java:552)
	at com.kms.katalon.selenium.driver.CChromeDriver.execute(CChromeDriver.java:19)
	at org.openqa.selenium.remote.RemoteWebElement.execute(RemoteWebElement.java:285)
	at org.openqa.selenium.remote.RemoteWebElement.clear(RemoteWebElement.java:124)
	at org.openqa.selenium.support.events.EventFiringWebDriver$EventFiringWebElement.lambda$new$0(EventFiringWebDriver.java:404)
	at com.sun.proxy.$Proxy9.clear(Unknown Source)
	at org.openqa.selenium.support.events.EventFiringWebDriver$EventFiringWebElement.clear(EventFiringWebDriver.java:436)
	at com.kms.katalon.core.webui.keyword.builtin.SetTextKeyword$_setText_closure1.doCall(SetTextKeyword.groovy:53)
	at com.kms.katalon.core.webui.keyword.builtin.SetTextKeyword$_setText_closure1.call(SetTextKeyword.groovy)
	at com.kms.katalon.core.webui.keyword.internal.WebUIKeywordMain.runKeyword(WebUIKeywordMain.groovy:20)
	at com.kms.katalon.core.webui.keyword.builtin.SetTextKeyword.setText(SetTextKeyword.groovy:66)
	at com.kms.katalon.core.webui.keyword.builtin.SetTextKeyword.execute(SetTextKeyword.groovy:37)
	at com.kms.katalon.core.keyword.internal.KeywordExecutor.executeKeywordForPlatform(KeywordExecutor.groovy:72)
	at com.kms.katalon.core.webui.keyword.WebUiBuiltInKeywords.setText(WebUiBuiltInKeywords.groovy:950)
	at com.kms.katalon.core.webui.keyword.WebUiBuiltInKeywords$setText$4.call(Unknown Source)
	at Script1569935100868.run(Script1569935100868.groovy:97)
	... 13 more
)

2020-02-07 12:25:46 - [MESSAGE][FAILED] - Unable to set text '#00FFE1' of object 'Object Repository/Page_Reevio Video Maker/Editor/Text Color/input_RGB_texthex-color' (Root cause: com.kms.katalon.core.exception.StepFailedException: Unable to set text '#00FFE1' of object 'Object Repository/Page_Reevio Video Maker/Editor/Text Color/input_RGB_texthex-color'
	at com.kms.katalon.core.webui.keyword.internal.WebUIKeywordMain.stepFailed(WebUIKeywordMain.groovy:64)
	at com.kms.katalon.core.webui.keyword.internal.WebUIKeywordMain.runKeyword(WebUIKeywordMain.groovy:26)
	at com.kms.katalon.core.webui.keyword.builtin.SetTextKeyword.setText(SetTextKeyword.groovy:66)
	at com.kms.katalon.core.webui.keyword.builtin.SetTextKeyword.execute(SetTextKeyword.groovy:37)
	at com.kms.katalon.core.keyword.internal.KeywordExecutor.executeKeywordForPlatform(KeywordExecutor.groovy:72)
	at com.kms.katalon.core.webui.keyword.WebUiBuiltInKeywords.setText(WebUiBuiltInKeywords.groovy:950)
	at com.kms.katalon.core.webui.keyword.WebUiBuiltInKeywords$setText$4.call(Unknown Source)
	at Text adding (MAX and COLOR) 30sc cycle.run(Text adding (MAX and COLOR) 30sc cycle:97)
	at com.kms.katalon.core.main.ScriptEngine.run(ScriptEngine.java:194)
	at com.kms.katalon.core.main.ScriptEngine.runScriptAsRawText(ScriptEngine.java:119)
	at com.kms.katalon.core.main.TestCaseExecutor.runScript(TestCaseExecutor.java:337)
	at com.kms.katalon.core.main.TestCaseExecutor.doExecute(TestCaseExecutor.java:328)
	at com.kms.katalon.core.main.TestCaseExecutor.processExecutionPhase(TestCaseExecutor.java:307)
	at com.kms.katalon.core.main.TestCaseExecutor.accessMainPhase(TestCaseExecutor.java:299)
	at com.kms.katalon.core.main.TestCaseExecutor.execute(TestCaseExecutor.java:233)
	at com.kms.katalon.core.main.TestSuiteExecutor.accessTestCaseMainPhase(TestSuiteExecutor.java:169)
	at com.kms.katalon.core.main.TestSuiteExecutor.accessTestSuiteMainPhase(TestSuiteExecutor.java:142)
	at com.kms.katalon.core.main.TestSuiteExecutor.execute(TestSuiteExecutor.java:91)
	at com.kms.katalon.core.main.TestCaseMain.startTestSuite(TestCaseMain.java:157)
	at com.kms.katalon.core.main.TestCaseMain$startTestSuite$0.call(Unknown Source)
	at TempTestSuite1581071026566.run(TempTestSuite1581071026566.groovy:36)
Caused by: org.openqa.selenium.ElementNotInteractableException: element not interactable
  (Session info: chrome=80.0.3987.87)
Build info: version: '3.141.59', revision: 'e82be7d358', time: '2018-11-14T08:25:53'
System info: host: 'DESKTOP-J4SE4C2', ip: '192.168.1.111', os.name: 'Windows 10', os.arch: 'amd64', os.version: '10.0', java.version: '1.8.0_181'
Driver info: com.kms.katalon.selenium.driver.CChromeDriver
Capabilities {acceptInsecureCerts: false, browserName: chrome, browserVersion: 80.0.3987.87, chrome: {chromedriverVersion: 79.0.3945.36 (3582db32b3389..., userDataDir: C:\Users\tester-3\AppData\L...}, goog:chromeOptions: {debuggerAddress: localhost:62942}, javascriptEnabled: true, networkConnectionEnabled: false, pageLoadStrategy: normal, platform: WINDOWS, platformName: WINDOWS, proxy: Proxy(), setWindowRect: true, strictFileInteractability: false, timeouts: {implicit: 0, pageLoad: 300000, script: 30000}, unhandledPromptBehavior: dismiss and notify}
Session ID: bbf6aef9af687f1f0d8398ad8247ced3
	at org.openqa.selenium.remote.http.W3CHttpResponseCodec.createException(W3CHttpResponseCodec.java:187)
	at org.openqa.selenium.remote.http.W3CHttpResponseCodec.decode(W3CHttpResponseCodec.java:122)
	at org.openqa.selenium.remote.http.W3CHttpResponseCodec.decode(W3CHttpResponseCodec.java:49)
	at org.openqa.selenium.remote.HttpCommandExecutor.execute(HttpCommandExecutor.java:158)
	at org.openqa.selenium.remote.service.DriverCommandExecutor.execute(DriverCommandExecutor.java:83)
	at org.openqa.selenium.remote.RemoteWebDriver.execute(RemoteWebDriver.java:552)
	at com.kms.katalon.selenium.driver.CChromeDriver.execute(CChromeDriver.java:19)
	at org.openqa.selenium.remote.RemoteWebElement.execute(RemoteWebElement.java:285)
	at org.openqa.selenium.remote.RemoteWebElement.clear(RemoteWebElement.java:124)
	at org.openqa.selenium.support.events.EventFiringWebDriver$EventFiringWebElement.lambda$new$0(EventFiringWebDriver.java:404)
	at com.sun.proxy.$Proxy9.clear(Unknown Source)
	at org.openqa.selenium.support.events.EventFiringWebDriver$EventFiringWebElement.clear(EventFiringWebDriver.java:436)
	at com.kms.katalon.core.webui.keyword.builtin.SetTextKeyword$_setText_closure1.doCall(SetTextKeyword.groovy:53)
	at com.kms.katalon.core.webui.keyword.builtin.SetTextKeyword$_setText_closure1.call(SetTextKeyword.groovy)
	at com.kms.katalon.core.webui.keyword.internal.WebUIKeywordMain.runKeyword(WebUIKeywordMain.groovy:20)
	at com.kms.katalon.core.webui.keyword.builtin.SetTextKeyword.setText(SetTextKeyword.groovy:66)
	at com.kms.katalon.core.webui.keyword.builtin.SetTextKeyword.execute(SetTextKeyword.groovy:37)
	at com.kms.katalon.core.keyword.internal.KeywordExecutor.executeKeywordForPlatform(KeywordExecutor.groovy:72)
	at com.kms.katalon.core.webui.keyword.WebUiBuiltInKeywords.setText(WebUiBuiltInKeywords.groovy:950)
	at com.kms.katalon.core.webui.keyword.WebUiBuiltInKeywords$setText$4.call(Unknown Source)
	at Script1569935100868.run(Script1569935100868.groovy:97)
	... 13 more
)

2020-02-07 12:25:46 - [TEST_STEP][PASSED] - click(findTestObject("Page_Reevio Video Maker/Editor/Text Color/button_Apply")): Object: 'Object Repository/Page_Reevio Video Maker/Editor/Text Color/button_Apply' is clicked on

2020-02-07 12:25:46 - [MESSAGE][ERROR] - javascript error: Failed to execute 'elementsFromPoint' on 'Document': The provided double value is non-finite.
  (Session info: chrome=80.0.3987.87)
Build info: version: '3.141.59', revision: 'e82be7d358', time: '2018-11-14T08:25:53'
System info: host: 'DESKTOP-J4SE4C2', ip: '192.168.1.111', os.name: 'Windows 10', os.arch: 'amd64', os.version: '10.0', java.version: '1.8.0_181'
Driver info: com.kms.katalon.selenium.driver.CChromeDriver
Capabilities {acceptInsecureCerts: false, browserName: chrome, browserVersion: 80.0.3987.87, chrome: {chromedriverVersion: 79.0.3945.36 (3582db32b3389..., userDataDir: C:\Users\tester-3\AppData\L...}, goog:chromeOptions: {debuggerAddress: localhost:62942}, javascriptEnabled: true, networkConnectionEnabled: false, pageLoadStrategy: normal, platform: WINDOWS, platformName: WINDOWS, proxy: Proxy(), setWindowRect: true, strictFileInteractability: false, timeouts: {implicit: 0, pageLoad: 300000, script: 30000}, unhandledPromptBehavior: dismiss and notify}
Session ID: bbf6aef9af687f1f0d8398ad8247ced3

2020-02-07 12:25:47 - [MESSAGE][ERROR] - javascript error: Failed to execute 'elementsFromPoint' on 'Document': The provided double value is non-finite.
  (Session info: chrome=80.0.3987.87)
Build info: version: '3.141.59', revision: 'e82be7d358', time: '2018-11-14T08:25:53'
System info: host: 'DESKTOP-J4SE4C2', ip: '192.168.1.111', os.name: 'Windows 10', os.arch: 'amd64', os.version: '10.0', java.version: '1.8.0_181'
Driver info: com.kms.katalon.selenium.driver.CChromeDriver
Capabilities {acceptInsecureCerts: false, browserName: chrome, browserVersion: 80.0.3987.87, chrome: {chromedriverVersion: 79.0.3945.36 (3582db32b3389..., userDataDir: C:\Users\tester-3\AppData\L...}, goog:chromeOptions: {debuggerAddress: localhost:62942}, javascriptEnabled: true, networkConnectionEnabled: false, pageLoadStrategy: normal, platform: WINDOWS, platformName: WINDOWS, proxy: Proxy(), setWindowRect: true, strictFileInteractability: false, timeouts: {implicit: 0, pageLoad: 300000, script: 30000}, unhandledPromptBehavior: dismiss and notify}
Session ID: bbf6aef9af687f1f0d8398ad8247ced3

2020-02-07 12:25:48 - [MESSAGE][PASSED] - Object: 'Object Repository/Page_Reevio Video Maker/Editor/Text Color/button_Apply' is clicked on

2020-02-07 12:25:48 - [TEST_STEP][PASSED] - click(findTestObject("Page_Reevio Video Maker/Editor/Text Editor/span_Save")): Object: 'Object Repository/Page_Reevio Video Maker/Editor/Text Editor/span_Save' is clicked on

2020-02-07 12:25:48 - [MESSAGE][PASSED] - Object: 'Object Repository/Page_Reevio Video Maker/Editor/Text Editor/span_Save' is clicked on

2020-02-07 12:25:48 - [TEST_STEP][PASSED] - maxlength = 0: null

2020-02-07 12:25:48 - [TEST_STEP][FAILED] - if (verifyElementInViewport(findTestObject("Page_Reevio Video Maker/Editor/Test Text fields/a_Text " + j), 0) == true): Object 'Object Repository/Page_Reevio Video Maker/Editor/Test Text fields/a_Text 5' is not present (Root cause: com.kms.katalon.core.exception.StepFailedException: Object 'Object Repository/Page_Reevio Video Maker/Editor/Test Text fields/a_Text 5' is not present
	at com.kms.katalon.core.webui.keyword.internal.WebUIKeywordMain.stepFailed(WebUIKeywordMain.groovy:64)
	at com.kms.katalon.core.webui.keyword.builtin.VerifyElementVisibleInViewportKeyword$_verifyElementVisibleInViewport_closure1.doCall(VerifyElementVisibleInViewportKeyword.groovy:83)
	at com.kms.katalon.core.webui.keyword.builtin.VerifyElementVisibleInViewportKeyword$_verifyElementVisibleInViewport_closure1.call(VerifyElementVisibleInViewportKeyword.groovy)
	at com.kms.katalon.core.webui.keyword.internal.WebUIKeywordMain.runKeyword(WebUIKeywordMain.groovy:20)
	at com.kms.katalon.core.webui.keyword.builtin.VerifyElementVisibleInViewportKeyword.verifyElementVisibleInViewport(VerifyElementVisibleInViewportKeyword.groovy:86)
	at com.kms.katalon.core.webui.keyword.builtin.VerifyElementVisibleInViewportKeyword.execute(VerifyElementVisibleInViewportKeyword.groovy:68)
	at com.kms.katalon.core.keyword.internal.KeywordExecutor.executeKeywordForPlatform(KeywordExecutor.groovy:72)
	at com.kms.katalon.core.webui.keyword.WebUiBuiltInKeywords.verifyElementInViewport(WebUiBuiltInKeywords.groovy:3039)
	at com.kms.katalon.core.webui.keyword.WebUiBuiltInKeywords$verifyElementInViewport$14.call(Unknown Source)
	at Text adding (MAX and COLOR) 30sc cycle.run(Text adding (MAX and COLOR) 30sc cycle:54)
	at com.kms.katalon.core.main.ScriptEngine.run(ScriptEngine.java:194)
	at com.kms.katalon.core.main.ScriptEngine.runScriptAsRawText(ScriptEngine.java:119)
	at com.kms.katalon.core.main.TestCaseExecutor.runScript(TestCaseExecutor.java:337)
	at com.kms.katalon.core.main.TestCaseExecutor.doExecute(TestCaseExecutor.java:328)
	at com.kms.katalon.core.main.TestCaseExecutor.processExecutionPhase(TestCaseExecutor.java:307)
	at com.kms.katalon.core.main.TestCaseExecutor.accessMainPhase(TestCaseExecutor.java:299)
	at com.kms.katalon.core.main.TestCaseExecutor.execute(TestCaseExecutor.java:233)
	at com.kms.katalon.core.main.TestSuiteExecutor.accessTestCaseMainPhase(TestSuiteExecutor.java:169)
	at com.kms.katalon.core.main.TestSuiteExecutor.accessTestSuiteMainPhase(TestSuiteExecutor.java:142)
	at com.kms.katalon.core.main.TestSuiteExecutor.execute(TestSuiteExecutor.java:91)
	at com.kms.katalon.core.main.TestCaseMain.startTestSuite(TestCaseMain.java:157)
	at com.kms.katalon.core.main.TestCaseMain$startTestSuite$0.call(Unknown Source)
	at TempTestSuite1581071026566.run(TempTestSuite1581071026566.groovy:36)
)

2020-02-07 12:25:48 - [MESSAGE][WARNING] - Timeout '0' is invalid. Using default page load timeout: '1'

2020-02-07 12:25:49 - [MESSAGE][INFO] - Unable to find the element located by 'By.xpath: (//div[@class='current-slide active-slide']//*[@id="anchor_input"])[5]'. Please recheck the objects properties to make sure the desired element is located. 

2020-02-07 12:25:49 - [MESSAGE][FAILED] - Object 'Object Repository/Page_Reevio Video Maker/Editor/Test Text fields/a_Text 5' is not present (Root cause: com.kms.katalon.core.exception.StepFailedException: Object 'Object Repository/Page_Reevio Video Maker/Editor/Test Text fields/a_Text 5' is not present
	at com.kms.katalon.core.webui.keyword.internal.WebUIKeywordMain.stepFailed(WebUIKeywordMain.groovy:64)
	at com.kms.katalon.core.webui.keyword.builtin.VerifyElementVisibleInViewportKeyword$_verifyElementVisibleInViewport_closure1.doCall(VerifyElementVisibleInViewportKeyword.groovy:83)
	at com.kms.katalon.core.webui.keyword.builtin.VerifyElementVisibleInViewportKeyword$_verifyElementVisibleInViewport_closure1.call(VerifyElementVisibleInViewportKeyword.groovy)
	at com.kms.katalon.core.webui.keyword.internal.WebUIKeywordMain.runKeyword(WebUIKeywordMain.groovy:20)
	at com.kms.katalon.core.webui.keyword.builtin.VerifyElementVisibleInViewportKeyword.verifyElementVisibleInViewport(VerifyElementVisibleInViewportKeyword.groovy:86)
	at com.kms.katalon.core.webui.keyword.builtin.VerifyElementVisibleInViewportKeyword.execute(VerifyElementVisibleInViewportKeyword.groovy:68)
	at com.kms.katalon.core.keyword.internal.KeywordExecutor.executeKeywordForPlatform(KeywordExecutor.groovy:72)
	at com.kms.katalon.core.webui.keyword.WebUiBuiltInKeywords.verifyElementInViewport(WebUiBuiltInKeywords.groovy:3039)
	at com.kms.katalon.core.webui.keyword.WebUiBuiltInKeywords$verifyElementInViewport$14.call(Unknown Source)
	at Text adding (MAX and COLOR) 30sc cycle.run(Text adding (MAX and COLOR) 30sc cycle:54)
	at com.kms.katalon.core.main.ScriptEngine.run(ScriptEngine.java:194)
	at com.kms.katalon.core.main.ScriptEngine.runScriptAsRawText(ScriptEngine.java:119)
	at com.kms.katalon.core.main.TestCaseExecutor.runScript(TestCaseExecutor.java:337)
	at com.kms.katalon.core.main.TestCaseExecutor.doExecute(TestCaseExecutor.java:328)
	at com.kms.katalon.core.main.TestCaseExecutor.processExecutionPhase(TestCaseExecutor.java:307)
	at com.kms.katalon.core.main.TestCaseExecutor.accessMainPhase(TestCaseExecutor.java:299)
	at com.kms.katalon.core.main.TestCaseExecutor.execute(TestCaseExecutor.java:233)
	at com.kms.katalon.core.main.TestSuiteExecutor.accessTestCaseMainPhase(TestSuiteExecutor.java:169)
	at com.kms.katalon.core.main.TestSuiteExecutor.accessTestSuiteMainPhase(TestSuiteExecutor.java:142)
	at com.kms.katalon.core.main.TestSuiteExecutor.execute(TestSuiteExecutor.java:91)
	at com.kms.katalon.core.main.TestCaseMain.startTestSuite(TestCaseMain.java:157)
	at com.kms.katalon.core.main.TestCaseMain$startTestSuite$0.call(Unknown Source)
	at TempTestSuite1581071026566.run(TempTestSuite1581071026566.groovy:36)
)

2020-02-07 12:25:49 - [TEST_STEP][PASSED] - else: null

2020-02-07 12:25:49 - [TEST_STEP][PASSED] - break: null

2020-02-07 12:25:49 - [TEST_STEP][PASSED] - if (verifyElementPresent(findTestObject("Page_Reevio Video Maker/Editor_Scene_" + i), 0) == true): null

2020-02-07 12:25:49 - [MESSAGE][WARNING] - Timeout '0' is invalid. Using default page load timeout: '1'

2020-02-07 12:25:49 - [MESSAGE][PASSED] - Object 'Object Repository/Page_Reevio Video Maker/Editor_Scene_2' is present

2020-02-07 12:25:49 - [TEST_STEP][PASSED] - doubleClick(findTestObject("Page_Reevio Video Maker/Editor_Scene_" + i)): Object: 'Object Repository/Page_Reevio Video Maker/Editor_Scene_2' is double clicked on

2020-02-07 12:25:50 - [MESSAGE][PASSED] - Object: 'Object Repository/Page_Reevio Video Maker/Editor_Scene_2' is double clicked on

2020-02-07 12:25:50 - [TEST_STEP][PASSED] - delay(1): Delayed 1 second(s)

2020-02-07 12:25:51 - [MESSAGE][PASSED] - Delayed 1 second(s)

2020-02-07 12:25:51 - [TEST_STEP][FAILED] - for ([j = 1, j < 7, (j++)]): null

2020-02-07 12:25:51 - [TEST_STEP][PASSED] - if (verifyElementInViewport(findTestObject("Page_Reevio Video Maker/Editor/Test Text fields/a_Text " + j), 0) == true): null

2020-02-07 12:25:51 - [MESSAGE][WARNING] - Timeout '0' is invalid. Using default page load timeout: '1'

2020-02-07 12:25:51 - [MESSAGE][PASSED] - Object 'Object Repository/Page_Reevio Video Maker/Editor/Test Text fields/a_Text 1' is present and visible in viewport

2020-02-07 12:25:51 - [TEST_STEP][PASSED] - doubleClick(findTestObject("Page_Reevio Video Maker/Editor/Test Text fields/a_Text " + j)): Object: 'Object Repository/Page_Reevio Video Maker/Editor/Test Text fields/a_Text 1' is double clicked on

2020-02-07 12:25:51 - [MESSAGE][PASSED] - Object: 'Object Repository/Page_Reevio Video Maker/Editor/Test Text fields/a_Text 1' is double clicked on

2020-02-07 12:25:51 - [TEST_STEP][PASSED] - maxlength = getAttribute(findTestObject("Page_Reevio Video Maker/Editor/Test Text fields/a_Text " + j), "data-maxlength"): Attribute 'data-maxlength' of object 'Object Repository/Page_Reevio Video Maker/Editor/Test Text fields/a_Text 1' is: '30'

2020-02-07 12:25:51 - [MESSAGE][PASSED] - Attribute 'data-maxlength' of object 'Object Repository/Page_Reevio Video Maker/Editor/Test Text fields/a_Text 1' is: '30'

2020-02-07 12:25:51 - [TEST_STEP][PASSED] - clearText(findTestObject("Page_Reevio Video Maker/Editor/Text Editor/input_Enable text_cinput"), CONTINUE_ON_FAILURE): Text of object 'Object Repository/Page_Reevio Video Maker/Editor/Text Editor/input_Enable text_cinput' is cleared

2020-02-07 12:25:51 - [MESSAGE][PASSED] - Text of object 'Object Repository/Page_Reevio Video Maker/Editor/Text Editor/input_Enable text_cinput' is cleared

2020-02-07 12:25:51 - [TEST_STEP][PASSED] - setText(findTestObject("Page_Reevio Video Maker/Editor/Text Editor/input_Enable text_cinput"), findTestData("vavowDate").getValue(1, 1)): Text 'The quick beige fox jumps over the lazy dog. The quick brown fox jumps over the lazy dog. The quick brown fox jumps over the lazy dog. The quick brown fox jumps over the lazy dog. The quick brown fox jumps over the lazy dog. The quick brown fox jumps over the lazy dog. The quick brown fox jumps over the lazy dog.' is set on object 'Object Repository/Page_Reevio Video Maker/Editor/Text Editor/input_Enable text_cinput'

2020-02-07 12:25:55 - [MESSAGE][PASSED] - Text 'The quick beige fox jumps over the lazy dog. The quick brown fox jumps over the lazy dog. The quick brown fox jumps over the lazy dog. The quick brown fox jumps over the lazy dog. The quick brown fox jumps over the lazy dog. The quick brown fox jumps over the lazy dog. The quick brown fox jumps over the lazy dog.' is set on object 'Object Repository/Page_Reevio Video Maker/Editor/Text Editor/input_Enable text_cinput'

2020-02-07 12:25:55 - [TEST_STEP][PASSED] - maxL = maxlength: null

2020-02-07 12:25:55 - [TEST_STEP][PASSED] - if (maxL >= 100 == true): null

2020-02-07 12:25:55 - [TEST_STEP][PASSED] - else if (maxL < 100 == true): Keys 'BACK_SPACE + ' sent to object: 'Object Repository/Page_Reevio Video Maker/Editor/Text Editor/input_Enable text_cinput'

2020-02-07 12:25:55 - [TEST_STEP][PASSED] - if (maxL < 10 == true): null

2020-02-07 12:25:55 - [TEST_STEP][PASSED] - else: Keys 'BACK_SPACE + ' sent to object: 'Object Repository/Page_Reevio Video Maker/Editor/Text Editor/input_Enable text_cinput'

2020-02-07 12:25:55 - [TEST_STEP][PASSED] - sendKeys(findTestObject("Page_Reevio Video Maker/Editor/Text Editor/input_Enable text_cinput"), Keys.chord(BACK_SPACE)): Keys 'BACK_SPACE + ' sent to object: 'Object Repository/Page_Reevio Video Maker/Editor/Text Editor/input_Enable text_cinput'

2020-02-07 12:25:55 - [MESSAGE][PASSED] - Keys 'BACK_SPACE + ' sent to object: 'Object Repository/Page_Reevio Video Maker/Editor/Text Editor/input_Enable text_cinput'

2020-02-07 12:25:55 - [TEST_STEP][PASSED] - sendKeys(findTestObject("Page_Reevio Video Maker/Editor/Text Editor/input_Enable text_cinput"), Keys.chord(BACK_SPACE)): Keys 'BACK_SPACE + ' sent to object: 'Object Repository/Page_Reevio Video Maker/Editor/Text Editor/input_Enable text_cinput'

2020-02-07 12:25:56 - [MESSAGE][PASSED] - Keys 'BACK_SPACE + ' sent to object: 'Object Repository/Page_Reevio Video Maker/Editor/Text Editor/input_Enable text_cinput'

2020-02-07 12:25:56 - [TEST_STEP][PASSED] - sendKeys(findTestObject("Page_Reevio Video Maker/Editor/Text Editor/input_Enable text_cinput"), maxlength): Keys '30' sent to object: 'Object Repository/Page_Reevio Video Maker/Editor/Text Editor/input_Enable text_cinput'

2020-02-07 12:25:56 - [MESSAGE][PASSED] - Keys '30' sent to object: 'Object Repository/Page_Reevio Video Maker/Editor/Text Editor/input_Enable text_cinput'

2020-02-07 12:25:56 - [TEST_STEP][PASSED] - click(findTestObject("Page_Reevio Video Maker/Editor/Text Color/span_Shadows Into Light_minicolors-swatch-color")): Object: 'Object Repository/Page_Reevio Video Maker/Editor/Text Color/span_Shadows Into Light_minicolors-swatch-color' is clicked on

2020-02-07 12:25:56 - [MESSAGE][PASSED] - Object: 'Object Repository/Page_Reevio Video Maker/Editor/Text Color/span_Shadows Into Light_minicolors-swatch-color' is clicked on

2020-02-07 12:25:56 - [TEST_STEP][PASSED] - clearText(findTestObject("Page_Reevio Video Maker/Editor/Text Color/input_RGB_texthex-color")): Text of object 'Object Repository/Page_Reevio Video Maker/Editor/Text Color/input_RGB_texthex-color' is cleared

2020-02-07 12:25:56 - [MESSAGE][PASSED] - Text of object 'Object Repository/Page_Reevio Video Maker/Editor/Text Color/input_RGB_texthex-color' is cleared

2020-02-07 12:25:56 - [TEST_STEP][PASSED] - setText(findTestObject("Page_Reevio Video Maker/Editor/Text Color/input_RGB_texthex-color"), findTestData("vavowDate").getValue(2, 1)): Text '#00FFE1' is set on object 'Object Repository/Page_Reevio Video Maker/Editor/Text Color/input_RGB_texthex-color'

2020-02-07 12:25:57 - [MESSAGE][PASSED] - Text '#00FFE1' is set on object 'Object Repository/Page_Reevio Video Maker/Editor/Text Color/input_RGB_texthex-color'

2020-02-07 12:25:57 - [TEST_STEP][PASSED] - click(findTestObject("Page_Reevio Video Maker/Editor/Text Color/button_Apply")): Object: 'Object Repository/Page_Reevio Video Maker/Editor/Text Color/button_Apply' is clicked on

2020-02-07 12:25:57 - [MESSAGE][PASSED] - Object: 'Object Repository/Page_Reevio Video Maker/Editor/Text Color/button_Apply' is clicked on

2020-02-07 12:25:57 - [TEST_STEP][PASSED] - click(findTestObject("Page_Reevio Video Maker/Editor/Text Editor/span_Save")): Object: 'Object Repository/Page_Reevio Video Maker/Editor/Text Editor/span_Save' is clicked on

2020-02-07 12:25:57 - [MESSAGE][PASSED] - Object: 'Object Repository/Page_Reevio Video Maker/Editor/Text Editor/span_Save' is clicked on

2020-02-07 12:25:57 - [TEST_STEP][PASSED] - maxlength = 0: null

2020-02-07 12:25:57 - [TEST_STEP][PASSED] - if (verifyElementInViewport(findTestObject("Page_Reevio Video Maker/Editor/Test Text fields/a_Text " + j), 0) == true): null

2020-02-07 12:25:57 - [MESSAGE][WARNING] - Timeout '0' is invalid. Using default page load timeout: '1'

2020-02-07 12:25:57 - [MESSAGE][PASSED] - Object 'Object Repository/Page_Reevio Video Maker/Editor/Test Text fields/a_Text 2' is present and visible in viewport

2020-02-07 12:25:57 - [TEST_STEP][PASSED] - doubleClick(findTestObject("Page_Reevio Video Maker/Editor/Test Text fields/a_Text " + j)): Object: 'Object Repository/Page_Reevio Video Maker/Editor/Test Text fields/a_Text 2' is double clicked on

2020-02-07 12:25:58 - [MESSAGE][PASSED] - Object: 'Object Repository/Page_Reevio Video Maker/Editor/Test Text fields/a_Text 2' is double clicked on

2020-02-07 12:25:58 - [TEST_STEP][PASSED] - maxlength = getAttribute(findTestObject("Page_Reevio Video Maker/Editor/Test Text fields/a_Text " + j), "data-maxlength"): Attribute 'data-maxlength' of object 'Object Repository/Page_Reevio Video Maker/Editor/Test Text fields/a_Text 2' is: '50'

2020-02-07 12:25:58 - [MESSAGE][PASSED] - Attribute 'data-maxlength' of object 'Object Repository/Page_Reevio Video Maker/Editor/Test Text fields/a_Text 2' is: '50'

2020-02-07 12:25:58 - [TEST_STEP][PASSED] - clearText(findTestObject("Page_Reevio Video Maker/Editor/Text Editor/input_Enable text_cinput"), CONTINUE_ON_FAILURE): Text of object 'Object Repository/Page_Reevio Video Maker/Editor/Text Editor/input_Enable text_cinput' is cleared

2020-02-07 12:25:58 - [MESSAGE][PASSED] - Text of object 'Object Repository/Page_Reevio Video Maker/Editor/Text Editor/input_Enable text_cinput' is cleared

2020-02-07 12:25:58 - [TEST_STEP][PASSED] - setText(findTestObject("Page_Reevio Video Maker/Editor/Text Editor/input_Enable text_cinput"), findTestData("vavowDate").getValue(1, 1)): Text 'The quick beige fox jumps over the lazy dog. The quick brown fox jumps over the lazy dog. The quick brown fox jumps over the lazy dog. The quick brown fox jumps over the lazy dog. The quick brown fox jumps over the lazy dog. The quick brown fox jumps over the lazy dog. The quick brown fox jumps over the lazy dog.' is set on object 'Object Repository/Page_Reevio Video Maker/Editor/Text Editor/input_Enable text_cinput'

2020-02-07 12:26:00 - [MESSAGE][PASSED] - Text 'The quick beige fox jumps over the lazy dog. The quick brown fox jumps over the lazy dog. The quick brown fox jumps over the lazy dog. The quick brown fox jumps over the lazy dog. The quick brown fox jumps over the lazy dog. The quick brown fox jumps over the lazy dog. The quick brown fox jumps over the lazy dog.' is set on object 'Object Repository/Page_Reevio Video Maker/Editor/Text Editor/input_Enable text_cinput'

2020-02-07 12:26:00 - [TEST_STEP][PASSED] - maxL = maxlength: null

2020-02-07 12:26:00 - [TEST_STEP][PASSED] - if (maxL >= 100 == true): null

2020-02-07 12:26:00 - [TEST_STEP][PASSED] - else if (maxL < 100 == true): Keys 'BACK_SPACE + ' sent to object: 'Object Repository/Page_Reevio Video Maker/Editor/Text Editor/input_Enable text_cinput'

2020-02-07 12:26:00 - [TEST_STEP][PASSED] - if (maxL < 10 == true): null

2020-02-07 12:26:00 - [TEST_STEP][PASSED] - else: Keys 'BACK_SPACE + ' sent to object: 'Object Repository/Page_Reevio Video Maker/Editor/Text Editor/input_Enable text_cinput'

2020-02-07 12:26:00 - [TEST_STEP][PASSED] - sendKeys(findTestObject("Page_Reevio Video Maker/Editor/Text Editor/input_Enable text_cinput"), Keys.chord(BACK_SPACE)): Keys 'BACK_SPACE + ' sent to object: 'Object Repository/Page_Reevio Video Maker/Editor/Text Editor/input_Enable text_cinput'

2020-02-07 12:26:01 - [MESSAGE][PASSED] - Keys 'BACK_SPACE + ' sent to object: 'Object Repository/Page_Reevio Video Maker/Editor/Text Editor/input_Enable text_cinput'

2020-02-07 12:26:01 - [TEST_STEP][PASSED] - sendKeys(findTestObject("Page_Reevio Video Maker/Editor/Text Editor/input_Enable text_cinput"), Keys.chord(BACK_SPACE)): Keys 'BACK_SPACE + ' sent to object: 'Object Repository/Page_Reevio Video Maker/Editor/Text Editor/input_Enable text_cinput'

2020-02-07 12:26:01 - [MESSAGE][PASSED] - Keys 'BACK_SPACE + ' sent to object: 'Object Repository/Page_Reevio Video Maker/Editor/Text Editor/input_Enable text_cinput'

2020-02-07 12:26:01 - [TEST_STEP][PASSED] - sendKeys(findTestObject("Page_Reevio Video Maker/Editor/Text Editor/input_Enable text_cinput"), maxlength): Keys '50' sent to object: 'Object Repository/Page_Reevio Video Maker/Editor/Text Editor/input_Enable text_cinput'

2020-02-07 12:26:01 - [MESSAGE][PASSED] - Keys '50' sent to object: 'Object Repository/Page_Reevio Video Maker/Editor/Text Editor/input_Enable text_cinput'

2020-02-07 12:26:01 - [TEST_STEP][PASSED] - click(findTestObject("Page_Reevio Video Maker/Editor/Text Color/span_Shadows Into Light_minicolors-swatch-color")): Object: 'Object Repository/Page_Reevio Video Maker/Editor/Text Color/span_Shadows Into Light_minicolors-swatch-color' is clicked on

2020-02-07 12:26:01 - [MESSAGE][PASSED] - Object: 'Object Repository/Page_Reevio Video Maker/Editor/Text Color/span_Shadows Into Light_minicolors-swatch-color' is clicked on

2020-02-07 12:26:01 - [TEST_STEP][PASSED] - clearText(findTestObject("Page_Reevio Video Maker/Editor/Text Color/input_RGB_texthex-color")): Text of object 'Object Repository/Page_Reevio Video Maker/Editor/Text Color/input_RGB_texthex-color' is cleared

2020-02-07 12:26:01 - [MESSAGE][PASSED] - Text of object 'Object Repository/Page_Reevio Video Maker/Editor/Text Color/input_RGB_texthex-color' is cleared

2020-02-07 12:26:01 - [TEST_STEP][PASSED] - setText(findTestObject("Page_Reevio Video Maker/Editor/Text Color/input_RGB_texthex-color"), findTestData("vavowDate").getValue(2, 1)): Text '#00FFE1' is set on object 'Object Repository/Page_Reevio Video Maker/Editor/Text Color/input_RGB_texthex-color'

2020-02-07 12:26:02 - [MESSAGE][PASSED] - Text '#00FFE1' is set on object 'Object Repository/Page_Reevio Video Maker/Editor/Text Color/input_RGB_texthex-color'

2020-02-07 12:26:02 - [TEST_STEP][PASSED] - click(findTestObject("Page_Reevio Video Maker/Editor/Text Color/button_Apply")): Object: 'Object Repository/Page_Reevio Video Maker/Editor/Text Color/button_Apply' is clicked on

2020-02-07 12:26:02 - [MESSAGE][PASSED] - Object: 'Object Repository/Page_Reevio Video Maker/Editor/Text Color/button_Apply' is clicked on

2020-02-07 12:26:02 - [TEST_STEP][PASSED] - click(findTestObject("Page_Reevio Video Maker/Editor/Text Editor/span_Save")): Object: 'Object Repository/Page_Reevio Video Maker/Editor/Text Editor/span_Save' is clicked on

2020-02-07 12:26:03 - [MESSAGE][PASSED] - Object: 'Object Repository/Page_Reevio Video Maker/Editor/Text Editor/span_Save' is clicked on

2020-02-07 12:26:03 - [TEST_STEP][PASSED] - maxlength = 0: null

2020-02-07 12:26:03 - [TEST_STEP][FAILED] - if (verifyElementInViewport(findTestObject("Page_Reevio Video Maker/Editor/Test Text fields/a_Text " + j), 0) == true): Object 'Object Repository/Page_Reevio Video Maker/Editor/Test Text fields/a_Text 3' is not present (Root cause: com.kms.katalon.core.exception.StepFailedException: Object 'Object Repository/Page_Reevio Video Maker/Editor/Test Text fields/a_Text 3' is not present
	at com.kms.katalon.core.webui.keyword.internal.WebUIKeywordMain.stepFailed(WebUIKeywordMain.groovy:64)
	at com.kms.katalon.core.webui.keyword.builtin.VerifyElementVisibleInViewportKeyword$_verifyElementVisibleInViewport_closure1.doCall(VerifyElementVisibleInViewportKeyword.groovy:83)
	at com.kms.katalon.core.webui.keyword.builtin.VerifyElementVisibleInViewportKeyword$_verifyElementVisibleInViewport_closure1.call(VerifyElementVisibleInViewportKeyword.groovy)
	at com.kms.katalon.core.webui.keyword.internal.WebUIKeywordMain.runKeyword(WebUIKeywordMain.groovy:20)
	at com.kms.katalon.core.webui.keyword.builtin.VerifyElementVisibleInViewportKeyword.verifyElementVisibleInViewport(VerifyElementVisibleInViewportKeyword.groovy:86)
	at com.kms.katalon.core.webui.keyword.builtin.VerifyElementVisibleInViewportKeyword.execute(VerifyElementVisibleInViewportKeyword.groovy:68)
	at com.kms.katalon.core.keyword.internal.KeywordExecutor.executeKeywordForPlatform(KeywordExecutor.groovy:72)
	at com.kms.katalon.core.webui.keyword.WebUiBuiltInKeywords.verifyElementInViewport(WebUiBuiltInKeywords.groovy:3039)
	at com.kms.katalon.core.webui.keyword.WebUiBuiltInKeywords$verifyElementInViewport$14.call(Unknown Source)
	at Text adding (MAX and COLOR) 30sc cycle.run(Text adding (MAX and COLOR) 30sc cycle:54)
	at com.kms.katalon.core.main.ScriptEngine.run(ScriptEngine.java:194)
	at com.kms.katalon.core.main.ScriptEngine.runScriptAsRawText(ScriptEngine.java:119)
	at com.kms.katalon.core.main.TestCaseExecutor.runScript(TestCaseExecutor.java:337)
	at com.kms.katalon.core.main.TestCaseExecutor.doExecute(TestCaseExecutor.java:328)
	at com.kms.katalon.core.main.TestCaseExecutor.processExecutionPhase(TestCaseExecutor.java:307)
	at com.kms.katalon.core.main.TestCaseExecutor.accessMainPhase(TestCaseExecutor.java:299)
	at com.kms.katalon.core.main.TestCaseExecutor.execute(TestCaseExecutor.java:233)
	at com.kms.katalon.core.main.TestSuiteExecutor.accessTestCaseMainPhase(TestSuiteExecutor.java:169)
	at com.kms.katalon.core.main.TestSuiteExecutor.accessTestSuiteMainPhase(TestSuiteExecutor.java:142)
	at com.kms.katalon.core.main.TestSuiteExecutor.execute(TestSuiteExecutor.java:91)
	at com.kms.katalon.core.main.TestCaseMain.startTestSuite(TestCaseMain.java:157)
	at com.kms.katalon.core.main.TestCaseMain$startTestSuite$0.call(Unknown Source)
	at TempTestSuite1581071026566.run(TempTestSuite1581071026566.groovy:36)
)

2020-02-07 12:26:03 - [MESSAGE][WARNING] - Timeout '0' is invalid. Using default page load timeout: '1'

2020-02-07 12:26:04 - [MESSAGE][INFO] - Unable to find the element located by 'By.xpath: (//div[@class='current-slide active-slide']//*[@id="anchor_input"])[3]'. Please recheck the objects properties to make sure the desired element is located. 

2020-02-07 12:26:04 - [MESSAGE][FAILED] - Object 'Object Repository/Page_Reevio Video Maker/Editor/Test Text fields/a_Text 3' is not present (Root cause: com.kms.katalon.core.exception.StepFailedException: Object 'Object Repository/Page_Reevio Video Maker/Editor/Test Text fields/a_Text 3' is not present
	at com.kms.katalon.core.webui.keyword.internal.WebUIKeywordMain.stepFailed(WebUIKeywordMain.groovy:64)
	at com.kms.katalon.core.webui.keyword.builtin.VerifyElementVisibleInViewportKeyword$_verifyElementVisibleInViewport_closure1.doCall(VerifyElementVisibleInViewportKeyword.groovy:83)
	at com.kms.katalon.core.webui.keyword.builtin.VerifyElementVisibleInViewportKeyword$_verifyElementVisibleInViewport_closure1.call(VerifyElementVisibleInViewportKeyword.groovy)
	at com.kms.katalon.core.webui.keyword.internal.WebUIKeywordMain.runKeyword(WebUIKeywordMain.groovy:20)
	at com.kms.katalon.core.webui.keyword.builtin.VerifyElementVisibleInViewportKeyword.verifyElementVisibleInViewport(VerifyElementVisibleInViewportKeyword.groovy:86)
	at com.kms.katalon.core.webui.keyword.builtin.VerifyElementVisibleInViewportKeyword.execute(VerifyElementVisibleInViewportKeyword.groovy:68)
	at com.kms.katalon.core.keyword.internal.KeywordExecutor.executeKeywordForPlatform(KeywordExecutor.groovy:72)
	at com.kms.katalon.core.webui.keyword.WebUiBuiltInKeywords.verifyElementInViewport(WebUiBuiltInKeywords.groovy:3039)
	at com.kms.katalon.core.webui.keyword.WebUiBuiltInKeywords$verifyElementInViewport$14.call(Unknown Source)
	at Text adding (MAX and COLOR) 30sc cycle.run(Text adding (MAX and COLOR) 30sc cycle:54)
	at com.kms.katalon.core.main.ScriptEngine.run(ScriptEngine.java:194)
	at com.kms.katalon.core.main.ScriptEngine.runScriptAsRawText(ScriptEngine.java:119)
	at com.kms.katalon.core.main.TestCaseExecutor.runScript(TestCaseExecutor.java:337)
	at com.kms.katalon.core.main.TestCaseExecutor.doExecute(TestCaseExecutor.java:328)
	at com.kms.katalon.core.main.TestCaseExecutor.processExecutionPhase(TestCaseExecutor.java:307)
	at com.kms.katalon.core.main.TestCaseExecutor.accessMainPhase(TestCaseExecutor.java:299)
	at com.kms.katalon.core.main.TestCaseExecutor.execute(TestCaseExecutor.java:233)
	at com.kms.katalon.core.main.TestSuiteExecutor.accessTestCaseMainPhase(TestSuiteExecutor.java:169)
	at com.kms.katalon.core.main.TestSuiteExecutor.accessTestSuiteMainPhase(TestSuiteExecutor.java:142)
	at com.kms.katalon.core.main.TestSuiteExecutor.execute(TestSuiteExecutor.java:91)
	at com.kms.katalon.core.main.TestCaseMain.startTestSuite(TestCaseMain.java:157)
	at com.kms.katalon.core.main.TestCaseMain$startTestSuite$0.call(Unknown Source)
	at TempTestSuite1581071026566.run(TempTestSuite1581071026566.groovy:36)
)

2020-02-07 12:26:04 - [TEST_STEP][PASSED] - else: null

2020-02-07 12:26:04 - [TEST_STEP][PASSED] - break: null

2020-02-07 12:26:04 - [TEST_STEP][PASSED] - if (verifyElementPresent(findTestObject("Page_Reevio Video Maker/Editor_Scene_" + i), 0) == true): null

2020-02-07 12:26:04 - [MESSAGE][WARNING] - Timeout '0' is invalid. Using default page load timeout: '1'

2020-02-07 12:26:04 - [MESSAGE][PASSED] - Object 'Object Repository/Page_Reevio Video Maker/Editor_Scene_3' is present

2020-02-07 12:26:04 - [TEST_STEP][PASSED] - doubleClick(findTestObject("Page_Reevio Video Maker/Editor_Scene_" + i)): Object: 'Object Repository/Page_Reevio Video Maker/Editor_Scene_3' is double clicked on

2020-02-07 12:26:04 - [MESSAGE][PASSED] - Object: 'Object Repository/Page_Reevio Video Maker/Editor_Scene_3' is double clicked on

2020-02-07 12:26:04 - [TEST_STEP][PASSED] - delay(1): Delayed 1 second(s)

2020-02-07 12:26:05 - [MESSAGE][PASSED] - Delayed 1 second(s)

2020-02-07 12:26:05 - [TEST_STEP][FAILED] - for ([j = 1, j < 7, (j++)]): null

2020-02-07 12:26:05 - [TEST_STEP][PASSED] - if (verifyElementInViewport(findTestObject("Page_Reevio Video Maker/Editor/Test Text fields/a_Text " + j), 0) == true): null

2020-02-07 12:26:05 - [MESSAGE][WARNING] - Timeout '0' is invalid. Using default page load timeout: '1'

2020-02-07 12:26:06 - [MESSAGE][PASSED] - Object 'Object Repository/Page_Reevio Video Maker/Editor/Test Text fields/a_Text 1' is present and visible in viewport

2020-02-07 12:26:06 - [TEST_STEP][PASSED] - doubleClick(findTestObject("Page_Reevio Video Maker/Editor/Test Text fields/a_Text " + j)): Object: 'Object Repository/Page_Reevio Video Maker/Editor/Test Text fields/a_Text 1' is double clicked on

2020-02-07 12:26:06 - [MESSAGE][PASSED] - Object: 'Object Repository/Page_Reevio Video Maker/Editor/Test Text fields/a_Text 1' is double clicked on

2020-02-07 12:26:06 - [TEST_STEP][PASSED] - maxlength = getAttribute(findTestObject("Page_Reevio Video Maker/Editor/Test Text fields/a_Text " + j), "data-maxlength"): Attribute 'data-maxlength' of object 'Object Repository/Page_Reevio Video Maker/Editor/Test Text fields/a_Text 1' is: '30'

2020-02-07 12:26:06 - [MESSAGE][PASSED] - Attribute 'data-maxlength' of object 'Object Repository/Page_Reevio Video Maker/Editor/Test Text fields/a_Text 1' is: '30'

2020-02-07 12:26:06 - [TEST_STEP][PASSED] - clearText(findTestObject("Page_Reevio Video Maker/Editor/Text Editor/input_Enable text_cinput"), CONTINUE_ON_FAILURE): Text of object 'Object Repository/Page_Reevio Video Maker/Editor/Text Editor/input_Enable text_cinput' is cleared

2020-02-07 12:26:06 - [MESSAGE][PASSED] - Text of object 'Object Repository/Page_Reevio Video Maker/Editor/Text Editor/input_Enable text_cinput' is cleared

2020-02-07 12:26:06 - [TEST_STEP][PASSED] - setText(findTestObject("Page_Reevio Video Maker/Editor/Text Editor/input_Enable text_cinput"), findTestData("vavowDate").getValue(1, 1)): Text 'The quick beige fox jumps over the lazy dog. The quick brown fox jumps over the lazy dog. The quick brown fox jumps over the lazy dog. The quick brown fox jumps over the lazy dog. The quick brown fox jumps over the lazy dog. The quick brown fox jumps over the lazy dog. The quick brown fox jumps over the lazy dog.' is set on object 'Object Repository/Page_Reevio Video Maker/Editor/Text Editor/input_Enable text_cinput'

2020-02-07 12:26:08 - [MESSAGE][PASSED] - Text 'The quick beige fox jumps over the lazy dog. The quick brown fox jumps over the lazy dog. The quick brown fox jumps over the lazy dog. The quick brown fox jumps over the lazy dog. The quick brown fox jumps over the lazy dog. The quick brown fox jumps over the lazy dog. The quick brown fox jumps over the lazy dog.' is set on object 'Object Repository/Page_Reevio Video Maker/Editor/Text Editor/input_Enable text_cinput'

2020-02-07 12:26:08 - [TEST_STEP][PASSED] - maxL = maxlength: null

2020-02-07 12:26:08 - [TEST_STEP][PASSED] - if (maxL >= 100 == true): null

2020-02-07 12:26:08 - [TEST_STEP][PASSED] - else if (maxL < 100 == true): Keys 'BACK_SPACE + ' sent to object: 'Object Repository/Page_Reevio Video Maker/Editor/Text Editor/input_Enable text_cinput'

2020-02-07 12:26:08 - [TEST_STEP][PASSED] - if (maxL < 10 == true): null

2020-02-07 12:26:08 - [TEST_STEP][PASSED] - else: Keys 'BACK_SPACE + ' sent to object: 'Object Repository/Page_Reevio Video Maker/Editor/Text Editor/input_Enable text_cinput'

2020-02-07 12:26:08 - [TEST_STEP][PASSED] - sendKeys(findTestObject("Page_Reevio Video Maker/Editor/Text Editor/input_Enable text_cinput"), Keys.chord(BACK_SPACE)): Keys 'BACK_SPACE + ' sent to object: 'Object Repository/Page_Reevio Video Maker/Editor/Text Editor/input_Enable text_cinput'

2020-02-07 12:26:08 - [MESSAGE][PASSED] - Keys 'BACK_SPACE + ' sent to object: 'Object Repository/Page_Reevio Video Maker/Editor/Text Editor/input_Enable text_cinput'

2020-02-07 12:26:08 - [TEST_STEP][PASSED] - sendKeys(findTestObject("Page_Reevio Video Maker/Editor/Text Editor/input_Enable text_cinput"), Keys.chord(BACK_SPACE)): Keys 'BACK_SPACE + ' sent to object: 'Object Repository/Page_Reevio Video Maker/Editor/Text Editor/input_Enable text_cinput'

2020-02-07 12:26:08 - [MESSAGE][PASSED] - Keys 'BACK_SPACE + ' sent to object: 'Object Repository/Page_Reevio Video Maker/Editor/Text Editor/input_Enable text_cinput'

2020-02-07 12:26:08 - [TEST_STEP][PASSED] - sendKeys(findTestObject("Page_Reevio Video Maker/Editor/Text Editor/input_Enable text_cinput"), maxlength): Keys '30' sent to object: 'Object Repository/Page_Reevio Video Maker/Editor/Text Editor/input_Enable text_cinput'

2020-02-07 12:26:08 - [MESSAGE][PASSED] - Keys '30' sent to object: 'Object Repository/Page_Reevio Video Maker/Editor/Text Editor/input_Enable text_cinput'

2020-02-07 12:26:08 - [TEST_STEP][PASSED] - click(findTestObject("Page_Reevio Video Maker/Editor/Text Color/span_Shadows Into Light_minicolors-swatch-color")): Object: 'Object Repository/Page_Reevio Video Maker/Editor/Text Color/span_Shadows Into Light_minicolors-swatch-color' is clicked on

2020-02-07 12:26:09 - [MESSAGE][PASSED] - Object: 'Object Repository/Page_Reevio Video Maker/Editor/Text Color/span_Shadows Into Light_minicolors-swatch-color' is clicked on

2020-02-07 12:26:09 - [TEST_STEP][PASSED] - clearText(findTestObject("Page_Reevio Video Maker/Editor/Text Color/input_RGB_texthex-color")): Text of object 'Object Repository/Page_Reevio Video Maker/Editor/Text Color/input_RGB_texthex-color' is cleared

2020-02-07 12:26:09 - [MESSAGE][PASSED] - Text of object 'Object Repository/Page_Reevio Video Maker/Editor/Text Color/input_RGB_texthex-color' is cleared

2020-02-07 12:26:09 - [TEST_STEP][PASSED] - setText(findTestObject("Page_Reevio Video Maker/Editor/Text Color/input_RGB_texthex-color"), findTestData("vavowDate").getValue(2, 1)): Text '#00FFE1' is set on object 'Object Repository/Page_Reevio Video Maker/Editor/Text Color/input_RGB_texthex-color'

2020-02-07 12:26:09 - [MESSAGE][PASSED] - Text '#00FFE1' is set on object 'Object Repository/Page_Reevio Video Maker/Editor/Text Color/input_RGB_texthex-color'

2020-02-07 12:26:09 - [TEST_STEP][PASSED] - click(findTestObject("Page_Reevio Video Maker/Editor/Text Color/button_Apply")): Object: 'Object Repository/Page_Reevio Video Maker/Editor/Text Color/button_Apply' is clicked on

2020-02-07 12:26:09 - [MESSAGE][PASSED] - Object: 'Object Repository/Page_Reevio Video Maker/Editor/Text Color/button_Apply' is clicked on

2020-02-07 12:26:09 - [TEST_STEP][PASSED] - click(findTestObject("Page_Reevio Video Maker/Editor/Text Editor/span_Save")): Object: 'Object Repository/Page_Reevio Video Maker/Editor/Text Editor/span_Save' is clicked on

2020-02-07 12:26:10 - [MESSAGE][PASSED] - Object: 'Object Repository/Page_Reevio Video Maker/Editor/Text Editor/span_Save' is clicked on

2020-02-07 12:26:10 - [TEST_STEP][PASSED] - maxlength = 0: null

2020-02-07 12:26:10 - [TEST_STEP][PASSED] - if (verifyElementInViewport(findTestObject("Page_Reevio Video Maker/Editor/Test Text fields/a_Text " + j), 0) == true): null

2020-02-07 12:26:10 - [MESSAGE][WARNING] - Timeout '0' is invalid. Using default page load timeout: '1'

2020-02-07 12:26:10 - [MESSAGE][PASSED] - Object 'Object Repository/Page_Reevio Video Maker/Editor/Test Text fields/a_Text 2' is present and visible in viewport

2020-02-07 12:26:10 - [TEST_STEP][PASSED] - doubleClick(findTestObject("Page_Reevio Video Maker/Editor/Test Text fields/a_Text " + j)): Object: 'Object Repository/Page_Reevio Video Maker/Editor/Test Text fields/a_Text 2' is double clicked on

2020-02-07 12:26:10 - [MESSAGE][PASSED] - Object: 'Object Repository/Page_Reevio Video Maker/Editor/Test Text fields/a_Text 2' is double clicked on

2020-02-07 12:26:10 - [TEST_STEP][PASSED] - maxlength = getAttribute(findTestObject("Page_Reevio Video Maker/Editor/Test Text fields/a_Text " + j), "data-maxlength"): Attribute 'data-maxlength' of object 'Object Repository/Page_Reevio Video Maker/Editor/Test Text fields/a_Text 2' is: '55'

2020-02-07 12:26:10 - [MESSAGE][PASSED] - Attribute 'data-maxlength' of object 'Object Repository/Page_Reevio Video Maker/Editor/Test Text fields/a_Text 2' is: '55'

2020-02-07 12:26:10 - [TEST_STEP][PASSED] - clearText(findTestObject("Page_Reevio Video Maker/Editor/Text Editor/input_Enable text_cinput"), CONTINUE_ON_FAILURE): Text of object 'Object Repository/Page_Reevio Video Maker/Editor/Text Editor/input_Enable text_cinput' is cleared

2020-02-07 12:26:10 - [MESSAGE][PASSED] - Text of object 'Object Repository/Page_Reevio Video Maker/Editor/Text Editor/input_Enable text_cinput' is cleared

2020-02-07 12:26:10 - [TEST_STEP][PASSED] - setText(findTestObject("Page_Reevio Video Maker/Editor/Text Editor/input_Enable text_cinput"), findTestData("vavowDate").getValue(1, 1)): Text 'The quick beige fox jumps over the lazy dog. The quick brown fox jumps over the lazy dog. The quick brown fox jumps over the lazy dog. The quick brown fox jumps over the lazy dog. The quick brown fox jumps over the lazy dog. The quick brown fox jumps over the lazy dog. The quick brown fox jumps over the lazy dog.' is set on object 'Object Repository/Page_Reevio Video Maker/Editor/Text Editor/input_Enable text_cinput'

2020-02-07 12:26:13 - [MESSAGE][PASSED] - Text 'The quick beige fox jumps over the lazy dog. The quick brown fox jumps over the lazy dog. The quick brown fox jumps over the lazy dog. The quick brown fox jumps over the lazy dog. The quick brown fox jumps over the lazy dog. The quick brown fox jumps over the lazy dog. The quick brown fox jumps over the lazy dog.' is set on object 'Object Repository/Page_Reevio Video Maker/Editor/Text Editor/input_Enable text_cinput'

2020-02-07 12:26:13 - [TEST_STEP][PASSED] - maxL = maxlength: null

2020-02-07 12:26:13 - [TEST_STEP][PASSED] - if (maxL >= 100 == true): null

2020-02-07 12:26:13 - [TEST_STEP][PASSED] - else if (maxL < 100 == true): Keys 'BACK_SPACE + ' sent to object: 'Object Repository/Page_Reevio Video Maker/Editor/Text Editor/input_Enable text_cinput'

2020-02-07 12:26:13 - [TEST_STEP][PASSED] - if (maxL < 10 == true): null

2020-02-07 12:26:13 - [TEST_STEP][PASSED] - else: Keys 'BACK_SPACE + ' sent to object: 'Object Repository/Page_Reevio Video Maker/Editor/Text Editor/input_Enable text_cinput'

2020-02-07 12:26:13 - [TEST_STEP][PASSED] - sendKeys(findTestObject("Page_Reevio Video Maker/Editor/Text Editor/input_Enable text_cinput"), Keys.chord(BACK_SPACE)): Keys 'BACK_SPACE + ' sent to object: 'Object Repository/Page_Reevio Video Maker/Editor/Text Editor/input_Enable text_cinput'

2020-02-07 12:26:13 - [MESSAGE][PASSED] - Keys 'BACK_SPACE + ' sent to object: 'Object Repository/Page_Reevio Video Maker/Editor/Text Editor/input_Enable text_cinput'

2020-02-07 12:26:13 - [TEST_STEP][PASSED] - sendKeys(findTestObject("Page_Reevio Video Maker/Editor/Text Editor/input_Enable text_cinput"), Keys.chord(BACK_SPACE)): Keys 'BACK_SPACE + ' sent to object: 'Object Repository/Page_Reevio Video Maker/Editor/Text Editor/input_Enable text_cinput'

2020-02-07 12:26:13 - [MESSAGE][PASSED] - Keys 'BACK_SPACE + ' sent to object: 'Object Repository/Page_Reevio Video Maker/Editor/Text Editor/input_Enable text_cinput'

2020-02-07 12:26:13 - [TEST_STEP][PASSED] - sendKeys(findTestObject("Page_Reevio Video Maker/Editor/Text Editor/input_Enable text_cinput"), maxlength): Keys '55' sent to object: 'Object Repository/Page_Reevio Video Maker/Editor/Text Editor/input_Enable text_cinput'

2020-02-07 12:26:14 - [MESSAGE][PASSED] - Keys '55' sent to object: 'Object Repository/Page_Reevio Video Maker/Editor/Text Editor/input_Enable text_cinput'

2020-02-07 12:26:14 - [TEST_STEP][PASSED] - click(findTestObject("Page_Reevio Video Maker/Editor/Text Color/span_Shadows Into Light_minicolors-swatch-color")): Object: 'Object Repository/Page_Reevio Video Maker/Editor/Text Color/span_Shadows Into Light_minicolors-swatch-color' is clicked on

2020-02-07 12:26:14 - [MESSAGE][PASSED] - Object: 'Object Repository/Page_Reevio Video Maker/Editor/Text Color/span_Shadows Into Light_minicolors-swatch-color' is clicked on

2020-02-07 12:26:14 - [TEST_STEP][PASSED] - clearText(findTestObject("Page_Reevio Video Maker/Editor/Text Color/input_RGB_texthex-color")): Text of object 'Object Repository/Page_Reevio Video Maker/Editor/Text Color/input_RGB_texthex-color' is cleared

2020-02-07 12:26:14 - [MESSAGE][PASSED] - Text of object 'Object Repository/Page_Reevio Video Maker/Editor/Text Color/input_RGB_texthex-color' is cleared

2020-02-07 12:26:14 - [TEST_STEP][PASSED] - setText(findTestObject("Page_Reevio Video Maker/Editor/Text Color/input_RGB_texthex-color"), findTestData("vavowDate").getValue(2, 1)): Text '#00FFE1' is set on object 'Object Repository/Page_Reevio Video Maker/Editor/Text Color/input_RGB_texthex-color'

2020-02-07 12:26:14 - [MESSAGE][PASSED] - Text '#00FFE1' is set on object 'Object Repository/Page_Reevio Video Maker/Editor/Text Color/input_RGB_texthex-color'

2020-02-07 12:26:14 - [TEST_STEP][PASSED] - click(findTestObject("Page_Reevio Video Maker/Editor/Text Color/button_Apply")): Object: 'Object Repository/Page_Reevio Video Maker/Editor/Text Color/button_Apply' is clicked on

2020-02-07 12:26:15 - [MESSAGE][PASSED] - Object: 'Object Repository/Page_Reevio Video Maker/Editor/Text Color/button_Apply' is clicked on

2020-02-07 12:26:15 - [TEST_STEP][PASSED] - click(findTestObject("Page_Reevio Video Maker/Editor/Text Editor/span_Save")): Object: 'Object Repository/Page_Reevio Video Maker/Editor/Text Editor/span_Save' is clicked on

2020-02-07 12:26:15 - [MESSAGE][PASSED] - Object: 'Object Repository/Page_Reevio Video Maker/Editor/Text Editor/span_Save' is clicked on

2020-02-07 12:26:15 - [TEST_STEP][PASSED] - maxlength = 0: null

2020-02-07 12:26:15 - [TEST_STEP][FAILED] - if (verifyElementInViewport(findTestObject("Page_Reevio Video Maker/Editor/Test Text fields/a_Text " + j), 0) == true): Object 'Object Repository/Page_Reevio Video Maker/Editor/Test Text fields/a_Text 3' is not present (Root cause: com.kms.katalon.core.exception.StepFailedException: Object 'Object Repository/Page_Reevio Video Maker/Editor/Test Text fields/a_Text 3' is not present
	at com.kms.katalon.core.webui.keyword.internal.WebUIKeywordMain.stepFailed(WebUIKeywordMain.groovy:64)
	at com.kms.katalon.core.webui.keyword.builtin.VerifyElementVisibleInViewportKeyword$_verifyElementVisibleInViewport_closure1.doCall(VerifyElementVisibleInViewportKeyword.groovy:83)
	at com.kms.katalon.core.webui.keyword.builtin.VerifyElementVisibleInViewportKeyword$_verifyElementVisibleInViewport_closure1.call(VerifyElementVisibleInViewportKeyword.groovy)
	at com.kms.katalon.core.webui.keyword.internal.WebUIKeywordMain.runKeyword(WebUIKeywordMain.groovy:20)
	at com.kms.katalon.core.webui.keyword.builtin.VerifyElementVisibleInViewportKeyword.verifyElementVisibleInViewport(VerifyElementVisibleInViewportKeyword.groovy:86)
	at com.kms.katalon.core.webui.keyword.builtin.VerifyElementVisibleInViewportKeyword.execute(VerifyElementVisibleInViewportKeyword.groovy:68)
	at com.kms.katalon.core.keyword.internal.KeywordExecutor.executeKeywordForPlatform(KeywordExecutor.groovy:72)
	at com.kms.katalon.core.webui.keyword.WebUiBuiltInKeywords.verifyElementInViewport(WebUiBuiltInKeywords.groovy:3039)
	at com.kms.katalon.core.webui.keyword.WebUiBuiltInKeywords$verifyElementInViewport$14.call(Unknown Source)
	at Text adding (MAX and COLOR) 30sc cycle.run(Text adding (MAX and COLOR) 30sc cycle:54)
	at com.kms.katalon.core.main.ScriptEngine.run(ScriptEngine.java:194)
	at com.kms.katalon.core.main.ScriptEngine.runScriptAsRawText(ScriptEngine.java:119)
	at com.kms.katalon.core.main.TestCaseExecutor.runScript(TestCaseExecutor.java:337)
	at com.kms.katalon.core.main.TestCaseExecutor.doExecute(TestCaseExecutor.java:328)
	at com.kms.katalon.core.main.TestCaseExecutor.processExecutionPhase(TestCaseExecutor.java:307)
	at com.kms.katalon.core.main.TestCaseExecutor.accessMainPhase(TestCaseExecutor.java:299)
	at com.kms.katalon.core.main.TestCaseExecutor.execute(TestCaseExecutor.java:233)
	at com.kms.katalon.core.main.TestSuiteExecutor.accessTestCaseMainPhase(TestSuiteExecutor.java:169)
	at com.kms.katalon.core.main.TestSuiteExecutor.accessTestSuiteMainPhase(TestSuiteExecutor.java:142)
	at com.kms.katalon.core.main.TestSuiteExecutor.execute(TestSuiteExecutor.java:91)
	at com.kms.katalon.core.main.TestCaseMain.startTestSuite(TestCaseMain.java:157)
	at com.kms.katalon.core.main.TestCaseMain$startTestSuite$0.call(Unknown Source)
	at TempTestSuite1581071026566.run(TempTestSuite1581071026566.groovy:36)
)

2020-02-07 12:26:15 - [MESSAGE][WARNING] - Timeout '0' is invalid. Using default page load timeout: '1'

2020-02-07 12:26:16 - [MESSAGE][INFO] - Unable to find the element located by 'By.xpath: (//div[@class='current-slide active-slide']//*[@id="anchor_input"])[3]'. Please recheck the objects properties to make sure the desired element is located. 

2020-02-07 12:26:16 - [MESSAGE][FAILED] - Object 'Object Repository/Page_Reevio Video Maker/Editor/Test Text fields/a_Text 3' is not present (Root cause: com.kms.katalon.core.exception.StepFailedException: Object 'Object Repository/Page_Reevio Video Maker/Editor/Test Text fields/a_Text 3' is not present
	at com.kms.katalon.core.webui.keyword.internal.WebUIKeywordMain.stepFailed(WebUIKeywordMain.groovy:64)
	at com.kms.katalon.core.webui.keyword.builtin.VerifyElementVisibleInViewportKeyword$_verifyElementVisibleInViewport_closure1.doCall(VerifyElementVisibleInViewportKeyword.groovy:83)
	at com.kms.katalon.core.webui.keyword.builtin.VerifyElementVisibleInViewportKeyword$_verifyElementVisibleInViewport_closure1.call(VerifyElementVisibleInViewportKeyword.groovy)
	at com.kms.katalon.core.webui.keyword.internal.WebUIKeywordMain.runKeyword(WebUIKeywordMain.groovy:20)
	at com.kms.katalon.core.webui.keyword.builtin.VerifyElementVisibleInViewportKeyword.verifyElementVisibleInViewport(VerifyElementVisibleInViewportKeyword.groovy:86)
	at com.kms.katalon.core.webui.keyword.builtin.VerifyElementVisibleInViewportKeyword.execute(VerifyElementVisibleInViewportKeyword.groovy:68)
	at com.kms.katalon.core.keyword.internal.KeywordExecutor.executeKeywordForPlatform(KeywordExecutor.groovy:72)
	at com.kms.katalon.core.webui.keyword.WebUiBuiltInKeywords.verifyElementInViewport(WebUiBuiltInKeywords.groovy:3039)
	at com.kms.katalon.core.webui.keyword.WebUiBuiltInKeywords$verifyElementInViewport$14.call(Unknown Source)
	at Text adding (MAX and COLOR) 30sc cycle.run(Text adding (MAX and COLOR) 30sc cycle:54)
	at com.kms.katalon.core.main.ScriptEngine.run(ScriptEngine.java:194)
	at com.kms.katalon.core.main.ScriptEngine.runScriptAsRawText(ScriptEngine.java:119)
	at com.kms.katalon.core.main.TestCaseExecutor.runScript(TestCaseExecutor.java:337)
	at com.kms.katalon.core.main.TestCaseExecutor.doExecute(TestCaseExecutor.java:328)
	at com.kms.katalon.core.main.TestCaseExecutor.processExecutionPhase(TestCaseExecutor.java:307)
	at com.kms.katalon.core.main.TestCaseExecutor.accessMainPhase(TestCaseExecutor.java:299)
	at com.kms.katalon.core.main.TestCaseExecutor.execute(TestCaseExecutor.java:233)
	at com.kms.katalon.core.main.TestSuiteExecutor.accessTestCaseMainPhase(TestSuiteExecutor.java:169)
	at com.kms.katalon.core.main.TestSuiteExecutor.accessTestSuiteMainPhase(TestSuiteExecutor.java:142)
	at com.kms.katalon.core.main.TestSuiteExecutor.execute(TestSuiteExecutor.java:91)
	at com.kms.katalon.core.main.TestCaseMain.startTestSuite(TestCaseMain.java:157)
	at com.kms.katalon.core.main.TestCaseMain$startTestSuite$0.call(Unknown Source)
	at TempTestSuite1581071026566.run(TempTestSuite1581071026566.groovy:36)
)

2020-02-07 12:26:16 - [TEST_STEP][PASSED] - else: null

2020-02-07 12:26:16 - [TEST_STEP][PASSED] - break: null

2020-02-07 12:26:16 - [TEST_STEP][PASSED] - if (verifyElementPresent(findTestObject("Page_Reevio Video Maker/Editor_Scene_" + i), 0) == true): null

2020-02-07 12:26:16 - [MESSAGE][WARNING] - Timeout '0' is invalid. Using default page load timeout: '1'

2020-02-07 12:26:16 - [MESSAGE][PASSED] - Object 'Object Repository/Page_Reevio Video Maker/Editor_Scene_4' is present

2020-02-07 12:26:16 - [TEST_STEP][PASSED] - doubleClick(findTestObject("Page_Reevio Video Maker/Editor_Scene_" + i)): Object: 'Object Repository/Page_Reevio Video Maker/Editor_Scene_4' is double clicked on

2020-02-07 12:26:17 - [MESSAGE][PASSED] - Object: 'Object Repository/Page_Reevio Video Maker/Editor_Scene_4' is double clicked on

2020-02-07 12:26:17 - [TEST_STEP][PASSED] - delay(1): Delayed 1 second(s)

2020-02-07 12:26:18 - [MESSAGE][PASSED] - Delayed 1 second(s)

2020-02-07 12:26:18 - [TEST_STEP][FAILED] - for ([j = 1, j < 7, (j++)]): null

2020-02-07 12:26:18 - [TEST_STEP][PASSED] - if (verifyElementInViewport(findTestObject("Page_Reevio Video Maker/Editor/Test Text fields/a_Text " + j), 0) == true): null

2020-02-07 12:26:18 - [MESSAGE][WARNING] - Timeout '0' is invalid. Using default page load timeout: '1'

2020-02-07 12:26:18 - [MESSAGE][PASSED] - Object 'Object Repository/Page_Reevio Video Maker/Editor/Test Text fields/a_Text 1' is present and visible in viewport

2020-02-07 12:26:18 - [TEST_STEP][PASSED] - doubleClick(findTestObject("Page_Reevio Video Maker/Editor/Test Text fields/a_Text " + j)): Object: 'Object Repository/Page_Reevio Video Maker/Editor/Test Text fields/a_Text 1' is double clicked on

2020-02-07 12:26:18 - [MESSAGE][PASSED] - Object: 'Object Repository/Page_Reevio Video Maker/Editor/Test Text fields/a_Text 1' is double clicked on

2020-02-07 12:26:18 - [TEST_STEP][PASSED] - maxlength = getAttribute(findTestObject("Page_Reevio Video Maker/Editor/Test Text fields/a_Text " + j), "data-maxlength"): Attribute 'data-maxlength' of object 'Object Repository/Page_Reevio Video Maker/Editor/Test Text fields/a_Text 1' is: '30'

2020-02-07 12:26:18 - [MESSAGE][PASSED] - Attribute 'data-maxlength' of object 'Object Repository/Page_Reevio Video Maker/Editor/Test Text fields/a_Text 1' is: '30'

2020-02-07 12:26:18 - [TEST_STEP][PASSED] - clearText(findTestObject("Page_Reevio Video Maker/Editor/Text Editor/input_Enable text_cinput"), CONTINUE_ON_FAILURE): Text of object 'Object Repository/Page_Reevio Video Maker/Editor/Text Editor/input_Enable text_cinput' is cleared

2020-02-07 12:26:18 - [MESSAGE][PASSED] - Text of object 'Object Repository/Page_Reevio Video Maker/Editor/Text Editor/input_Enable text_cinput' is cleared

2020-02-07 12:26:18 - [TEST_STEP][PASSED] - setText(findTestObject("Page_Reevio Video Maker/Editor/Text Editor/input_Enable text_cinput"), findTestData("vavowDate").getValue(1, 1)): Text 'The quick beige fox jumps over the lazy dog. The quick brown fox jumps over the lazy dog. The quick brown fox jumps over the lazy dog. The quick brown fox jumps over the lazy dog. The quick brown fox jumps over the lazy dog. The quick brown fox jumps over the lazy dog. The quick brown fox jumps over the lazy dog.' is set on object 'Object Repository/Page_Reevio Video Maker/Editor/Text Editor/input_Enable text_cinput'

2020-02-07 12:26:21 - [MESSAGE][PASSED] - Text 'The quick beige fox jumps over the lazy dog. The quick brown fox jumps over the lazy dog. The quick brown fox jumps over the lazy dog. The quick brown fox jumps over the lazy dog. The quick brown fox jumps over the lazy dog. The quick brown fox jumps over the lazy dog. The quick brown fox jumps over the lazy dog.' is set on object 'Object Repository/Page_Reevio Video Maker/Editor/Text Editor/input_Enable text_cinput'

2020-02-07 12:26:21 - [TEST_STEP][PASSED] - maxL = maxlength: null

2020-02-07 12:26:21 - [TEST_STEP][PASSED] - if (maxL >= 100 == true): null

2020-02-07 12:26:21 - [TEST_STEP][PASSED] - else if (maxL < 100 == true): Keys 'BACK_SPACE + ' sent to object: 'Object Repository/Page_Reevio Video Maker/Editor/Text Editor/input_Enable text_cinput'

2020-02-07 12:26:21 - [TEST_STEP][PASSED] - if (maxL < 10 == true): null

2020-02-07 12:26:21 - [TEST_STEP][PASSED] - else: Keys 'BACK_SPACE + ' sent to object: 'Object Repository/Page_Reevio Video Maker/Editor/Text Editor/input_Enable text_cinput'

2020-02-07 12:26:21 - [TEST_STEP][PASSED] - sendKeys(findTestObject("Page_Reevio Video Maker/Editor/Text Editor/input_Enable text_cinput"), Keys.chord(BACK_SPACE)): Keys 'BACK_SPACE + ' sent to object: 'Object Repository/Page_Reevio Video Maker/Editor/Text Editor/input_Enable text_cinput'

2020-02-07 12:26:21 - [MESSAGE][PASSED] - Keys 'BACK_SPACE + ' sent to object: 'Object Repository/Page_Reevio Video Maker/Editor/Text Editor/input_Enable text_cinput'

2020-02-07 12:26:21 - [TEST_STEP][PASSED] - sendKeys(findTestObject("Page_Reevio Video Maker/Editor/Text Editor/input_Enable text_cinput"), Keys.chord(BACK_SPACE)): Keys 'BACK_SPACE + ' sent to object: 'Object Repository/Page_Reevio Video Maker/Editor/Text Editor/input_Enable text_cinput'

2020-02-07 12:26:21 - [MESSAGE][PASSED] - Keys 'BACK_SPACE + ' sent to object: 'Object Repository/Page_Reevio Video Maker/Editor/Text Editor/input_Enable text_cinput'

2020-02-07 12:26:21 - [TEST_STEP][PASSED] - sendKeys(findTestObject("Page_Reevio Video Maker/Editor/Text Editor/input_Enable text_cinput"), maxlength): Keys '30' sent to object: 'Object Repository/Page_Reevio Video Maker/Editor/Text Editor/input_Enable text_cinput'

2020-02-07 12:26:22 - [MESSAGE][PASSED] - Keys '30' sent to object: 'Object Repository/Page_Reevio Video Maker/Editor/Text Editor/input_Enable text_cinput'

2020-02-07 12:26:22 - [TEST_STEP][PASSED] - click(findTestObject("Page_Reevio Video Maker/Editor/Text Color/span_Shadows Into Light_minicolors-swatch-color")): Object: 'Object Repository/Page_Reevio Video Maker/Editor/Text Color/span_Shadows Into Light_minicolors-swatch-color' is clicked on

2020-02-07 12:26:22 - [MESSAGE][PASSED] - Object: 'Object Repository/Page_Reevio Video Maker/Editor/Text Color/span_Shadows Into Light_minicolors-swatch-color' is clicked on

2020-02-07 12:26:22 - [TEST_STEP][PASSED] - clearText(findTestObject("Page_Reevio Video Maker/Editor/Text Color/input_RGB_texthex-color")): Text of object 'Object Repository/Page_Reevio Video Maker/Editor/Text Color/input_RGB_texthex-color' is cleared

2020-02-07 12:26:22 - [MESSAGE][PASSED] - Text of object 'Object Repository/Page_Reevio Video Maker/Editor/Text Color/input_RGB_texthex-color' is cleared

2020-02-07 12:26:22 - [TEST_STEP][PASSED] - setText(findTestObject("Page_Reevio Video Maker/Editor/Text Color/input_RGB_texthex-color"), findTestData("vavowDate").getValue(2, 1)): Text '#00FFE1' is set on object 'Object Repository/Page_Reevio Video Maker/Editor/Text Color/input_RGB_texthex-color'

2020-02-07 12:26:22 - [MESSAGE][PASSED] - Text '#00FFE1' is set on object 'Object Repository/Page_Reevio Video Maker/Editor/Text Color/input_RGB_texthex-color'

2020-02-07 12:26:22 - [TEST_STEP][PASSED] - click(findTestObject("Page_Reevio Video Maker/Editor/Text Color/button_Apply")): Object: 'Object Repository/Page_Reevio Video Maker/Editor/Text Color/button_Apply' is clicked on

2020-02-07 12:26:22 - [MESSAGE][PASSED] - Object: 'Object Repository/Page_Reevio Video Maker/Editor/Text Color/button_Apply' is clicked on

2020-02-07 12:26:22 - [TEST_STEP][PASSED] - click(findTestObject("Page_Reevio Video Maker/Editor/Text Editor/span_Save")): Object: 'Object Repository/Page_Reevio Video Maker/Editor/Text Editor/span_Save' is clicked on

2020-02-07 12:26:23 - [MESSAGE][PASSED] - Object: 'Object Repository/Page_Reevio Video Maker/Editor/Text Editor/span_Save' is clicked on

2020-02-07 12:26:23 - [TEST_STEP][PASSED] - maxlength = 0: null

2020-02-07 12:26:23 - [TEST_STEP][PASSED] - if (verifyElementInViewport(findTestObject("Page_Reevio Video Maker/Editor/Test Text fields/a_Text " + j), 0) == true): null

2020-02-07 12:26:23 - [MESSAGE][WARNING] - Timeout '0' is invalid. Using default page load timeout: '1'

2020-02-07 12:26:23 - [MESSAGE][PASSED] - Object 'Object Repository/Page_Reevio Video Maker/Editor/Test Text fields/a_Text 2' is present and visible in viewport

2020-02-07 12:26:23 - [TEST_STEP][PASSED] - doubleClick(findTestObject("Page_Reevio Video Maker/Editor/Test Text fields/a_Text " + j)): Object: 'Object Repository/Page_Reevio Video Maker/Editor/Test Text fields/a_Text 2' is double clicked on

2020-02-07 12:26:23 - [MESSAGE][PASSED] - Object: 'Object Repository/Page_Reevio Video Maker/Editor/Test Text fields/a_Text 2' is double clicked on

2020-02-07 12:26:23 - [TEST_STEP][PASSED] - maxlength = getAttribute(findTestObject("Page_Reevio Video Maker/Editor/Test Text fields/a_Text " + j), "data-maxlength"): Attribute 'data-maxlength' of object 'Object Repository/Page_Reevio Video Maker/Editor/Test Text fields/a_Text 2' is: '60'

2020-02-07 12:26:23 - [MESSAGE][PASSED] - Attribute 'data-maxlength' of object 'Object Repository/Page_Reevio Video Maker/Editor/Test Text fields/a_Text 2' is: '60'

2020-02-07 12:26:23 - [TEST_STEP][PASSED] - clearText(findTestObject("Page_Reevio Video Maker/Editor/Text Editor/input_Enable text_cinput"), CONTINUE_ON_FAILURE): Text of object 'Object Repository/Page_Reevio Video Maker/Editor/Text Editor/input_Enable text_cinput' is cleared

2020-02-07 12:26:23 - [MESSAGE][PASSED] - Text of object 'Object Repository/Page_Reevio Video Maker/Editor/Text Editor/input_Enable text_cinput' is cleared

2020-02-07 12:26:23 - [TEST_STEP][PASSED] - setText(findTestObject("Page_Reevio Video Maker/Editor/Text Editor/input_Enable text_cinput"), findTestData("vavowDate").getValue(1, 1)): Text 'The quick beige fox jumps over the lazy dog. The quick brown fox jumps over the lazy dog. The quick brown fox jumps over the lazy dog. The quick brown fox jumps over the lazy dog. The quick brown fox jumps over the lazy dog. The quick brown fox jumps over the lazy dog. The quick brown fox jumps over the lazy dog.' is set on object 'Object Repository/Page_Reevio Video Maker/Editor/Text Editor/input_Enable text_cinput'

2020-02-07 12:26:26 - [MESSAGE][PASSED] - Text 'The quick beige fox jumps over the lazy dog. The quick brown fox jumps over the lazy dog. The quick brown fox jumps over the lazy dog. The quick brown fox jumps over the lazy dog. The quick brown fox jumps over the lazy dog. The quick brown fox jumps over the lazy dog. The quick brown fox jumps over the lazy dog.' is set on object 'Object Repository/Page_Reevio Video Maker/Editor/Text Editor/input_Enable text_cinput'

2020-02-07 12:26:26 - [TEST_STEP][PASSED] - maxL = maxlength: null

2020-02-07 12:26:26 - [TEST_STEP][PASSED] - if (maxL >= 100 == true): null

2020-02-07 12:26:26 - [TEST_STEP][PASSED] - else if (maxL < 100 == true): Keys 'BACK_SPACE + ' sent to object: 'Object Repository/Page_Reevio Video Maker/Editor/Text Editor/input_Enable text_cinput'

2020-02-07 12:26:26 - [TEST_STEP][PASSED] - if (maxL < 10 == true): null

2020-02-07 12:26:26 - [TEST_STEP][PASSED] - else: Keys 'BACK_SPACE + ' sent to object: 'Object Repository/Page_Reevio Video Maker/Editor/Text Editor/input_Enable text_cinput'

2020-02-07 12:26:26 - [TEST_STEP][PASSED] - sendKeys(findTestObject("Page_Reevio Video Maker/Editor/Text Editor/input_Enable text_cinput"), Keys.chord(BACK_SPACE)): Keys 'BACK_SPACE + ' sent to object: 'Object Repository/Page_Reevio Video Maker/Editor/Text Editor/input_Enable text_cinput'

2020-02-07 12:26:26 - [MESSAGE][PASSED] - Keys 'BACK_SPACE + ' sent to object: 'Object Repository/Page_Reevio Video Maker/Editor/Text Editor/input_Enable text_cinput'

2020-02-07 12:26:26 - [TEST_STEP][PASSED] - sendKeys(findTestObject("Page_Reevio Video Maker/Editor/Text Editor/input_Enable text_cinput"), Keys.chord(BACK_SPACE)): Keys 'BACK_SPACE + ' sent to object: 'Object Repository/Page_Reevio Video Maker/Editor/Text Editor/input_Enable text_cinput'

2020-02-07 12:26:26 - [MESSAGE][PASSED] - Keys 'BACK_SPACE + ' sent to object: 'Object Repository/Page_Reevio Video Maker/Editor/Text Editor/input_Enable text_cinput'

2020-02-07 12:26:26 - [TEST_STEP][PASSED] - sendKeys(findTestObject("Page_Reevio Video Maker/Editor/Text Editor/input_Enable text_cinput"), maxlength): Keys '60' sent to object: 'Object Repository/Page_Reevio Video Maker/Editor/Text Editor/input_Enable text_cinput'

2020-02-07 12:26:27 - [MESSAGE][PASSED] - Keys '60' sent to object: 'Object Repository/Page_Reevio Video Maker/Editor/Text Editor/input_Enable text_cinput'

2020-02-07 12:26:27 - [TEST_STEP][PASSED] - click(findTestObject("Page_Reevio Video Maker/Editor/Text Color/span_Shadows Into Light_minicolors-swatch-color")): Object: 'Object Repository/Page_Reevio Video Maker/Editor/Text Color/span_Shadows Into Light_minicolors-swatch-color' is clicked on

2020-02-07 12:26:27 - [MESSAGE][PASSED] - Object: 'Object Repository/Page_Reevio Video Maker/Editor/Text Color/span_Shadows Into Light_minicolors-swatch-color' is clicked on

2020-02-07 12:26:27 - [TEST_STEP][PASSED] - clearText(findTestObject("Page_Reevio Video Maker/Editor/Text Color/input_RGB_texthex-color")): Text of object 'Object Repository/Page_Reevio Video Maker/Editor/Text Color/input_RGB_texthex-color' is cleared

2020-02-07 12:26:27 - [MESSAGE][PASSED] - Text of object 'Object Repository/Page_Reevio Video Maker/Editor/Text Color/input_RGB_texthex-color' is cleared

2020-02-07 12:26:27 - [TEST_STEP][PASSED] - setText(findTestObject("Page_Reevio Video Maker/Editor/Text Color/input_RGB_texthex-color"), findTestData("vavowDate").getValue(2, 1)): Text '#00FFE1' is set on object 'Object Repository/Page_Reevio Video Maker/Editor/Text Color/input_RGB_texthex-color'

2020-02-07 12:26:27 - [MESSAGE][PASSED] - Text '#00FFE1' is set on object 'Object Repository/Page_Reevio Video Maker/Editor/Text Color/input_RGB_texthex-color'

2020-02-07 12:26:27 - [TEST_STEP][PASSED] - click(findTestObject("Page_Reevio Video Maker/Editor/Text Color/button_Apply")): Object: 'Object Repository/Page_Reevio Video Maker/Editor/Text Color/button_Apply' is clicked on

2020-02-07 12:26:28 - [MESSAGE][PASSED] - Object: 'Object Repository/Page_Reevio Video Maker/Editor/Text Color/button_Apply' is clicked on

2020-02-07 12:26:28 - [TEST_STEP][PASSED] - click(findTestObject("Page_Reevio Video Maker/Editor/Text Editor/span_Save")): Object: 'Object Repository/Page_Reevio Video Maker/Editor/Text Editor/span_Save' is clicked on

2020-02-07 12:26:28 - [MESSAGE][PASSED] - Object: 'Object Repository/Page_Reevio Video Maker/Editor/Text Editor/span_Save' is clicked on

2020-02-07 12:26:28 - [TEST_STEP][PASSED] - maxlength = 0: null

2020-02-07 12:26:28 - [TEST_STEP][FAILED] - if (verifyElementInViewport(findTestObject("Page_Reevio Video Maker/Editor/Test Text fields/a_Text " + j), 0) == true): Object 'Object Repository/Page_Reevio Video Maker/Editor/Test Text fields/a_Text 3' is not present (Root cause: com.kms.katalon.core.exception.StepFailedException: Object 'Object Repository/Page_Reevio Video Maker/Editor/Test Text fields/a_Text 3' is not present
	at com.kms.katalon.core.webui.keyword.internal.WebUIKeywordMain.stepFailed(WebUIKeywordMain.groovy:64)
	at com.kms.katalon.core.webui.keyword.builtin.VerifyElementVisibleInViewportKeyword$_verifyElementVisibleInViewport_closure1.doCall(VerifyElementVisibleInViewportKeyword.groovy:83)
	at com.kms.katalon.core.webui.keyword.builtin.VerifyElementVisibleInViewportKeyword$_verifyElementVisibleInViewport_closure1.call(VerifyElementVisibleInViewportKeyword.groovy)
	at com.kms.katalon.core.webui.keyword.internal.WebUIKeywordMain.runKeyword(WebUIKeywordMain.groovy:20)
	at com.kms.katalon.core.webui.keyword.builtin.VerifyElementVisibleInViewportKeyword.verifyElementVisibleInViewport(VerifyElementVisibleInViewportKeyword.groovy:86)
	at com.kms.katalon.core.webui.keyword.builtin.VerifyElementVisibleInViewportKeyword.execute(VerifyElementVisibleInViewportKeyword.groovy:68)
	at com.kms.katalon.core.keyword.internal.KeywordExecutor.executeKeywordForPlatform(KeywordExecutor.groovy:72)
	at com.kms.katalon.core.webui.keyword.WebUiBuiltInKeywords.verifyElementInViewport(WebUiBuiltInKeywords.groovy:3039)
	at com.kms.katalon.core.webui.keyword.WebUiBuiltInKeywords$verifyElementInViewport$14.call(Unknown Source)
	at Text adding (MAX and COLOR) 30sc cycle.run(Text adding (MAX and COLOR) 30sc cycle:54)
	at com.kms.katalon.core.main.ScriptEngine.run(ScriptEngine.java:194)
	at com.kms.katalon.core.main.ScriptEngine.runScriptAsRawText(ScriptEngine.java:119)
	at com.kms.katalon.core.main.TestCaseExecutor.runScript(TestCaseExecutor.java:337)
	at com.kms.katalon.core.main.TestCaseExecutor.doExecute(TestCaseExecutor.java:328)
	at com.kms.katalon.core.main.TestCaseExecutor.processExecutionPhase(TestCaseExecutor.java:307)
	at com.kms.katalon.core.main.TestCaseExecutor.accessMainPhase(TestCaseExecutor.java:299)
	at com.kms.katalon.core.main.TestCaseExecutor.execute(TestCaseExecutor.java:233)
	at com.kms.katalon.core.main.TestSuiteExecutor.accessTestCaseMainPhase(TestSuiteExecutor.java:169)
	at com.kms.katalon.core.main.TestSuiteExecutor.accessTestSuiteMainPhase(TestSuiteExecutor.java:142)
	at com.kms.katalon.core.main.TestSuiteExecutor.execute(TestSuiteExecutor.java:91)
	at com.kms.katalon.core.main.TestCaseMain.startTestSuite(TestCaseMain.java:157)
	at com.kms.katalon.core.main.TestCaseMain$startTestSuite$0.call(Unknown Source)
	at TempTestSuite1581071026566.run(TempTestSuite1581071026566.groovy:36)
)

2020-02-07 12:26:28 - [MESSAGE][WARNING] - Timeout '0' is invalid. Using default page load timeout: '1'

2020-02-07 12:26:29 - [MESSAGE][INFO] - Unable to find the element located by 'By.xpath: (//div[@class='current-slide active-slide']//*[@id="anchor_input"])[3]'. Please recheck the objects properties to make sure the desired element is located. 

2020-02-07 12:26:29 - [MESSAGE][FAILED] - Object 'Object Repository/Page_Reevio Video Maker/Editor/Test Text fields/a_Text 3' is not present (Root cause: com.kms.katalon.core.exception.StepFailedException: Object 'Object Repository/Page_Reevio Video Maker/Editor/Test Text fields/a_Text 3' is not present
	at com.kms.katalon.core.webui.keyword.internal.WebUIKeywordMain.stepFailed(WebUIKeywordMain.groovy:64)
	at com.kms.katalon.core.webui.keyword.builtin.VerifyElementVisibleInViewportKeyword$_verifyElementVisibleInViewport_closure1.doCall(VerifyElementVisibleInViewportKeyword.groovy:83)
	at com.kms.katalon.core.webui.keyword.builtin.VerifyElementVisibleInViewportKeyword$_verifyElementVisibleInViewport_closure1.call(VerifyElementVisibleInViewportKeyword.groovy)
	at com.kms.katalon.core.webui.keyword.internal.WebUIKeywordMain.runKeyword(WebUIKeywordMain.groovy:20)
	at com.kms.katalon.core.webui.keyword.builtin.VerifyElementVisibleInViewportKeyword.verifyElementVisibleInViewport(VerifyElementVisibleInViewportKeyword.groovy:86)
	at com.kms.katalon.core.webui.keyword.builtin.VerifyElementVisibleInViewportKeyword.execute(VerifyElementVisibleInViewportKeyword.groovy:68)
	at com.kms.katalon.core.keyword.internal.KeywordExecutor.executeKeywordForPlatform(KeywordExecutor.groovy:72)
	at com.kms.katalon.core.webui.keyword.WebUiBuiltInKeywords.verifyElementInViewport(WebUiBuiltInKeywords.groovy:3039)
	at com.kms.katalon.core.webui.keyword.WebUiBuiltInKeywords$verifyElementInViewport$14.call(Unknown Source)
	at Text adding (MAX and COLOR) 30sc cycle.run(Text adding (MAX and COLOR) 30sc cycle:54)
	at com.kms.katalon.core.main.ScriptEngine.run(ScriptEngine.java:194)
	at com.kms.katalon.core.main.ScriptEngine.runScriptAsRawText(ScriptEngine.java:119)
	at com.kms.katalon.core.main.TestCaseExecutor.runScript(TestCaseExecutor.java:337)
	at com.kms.katalon.core.main.TestCaseExecutor.doExecute(TestCaseExecutor.java:328)
	at com.kms.katalon.core.main.TestCaseExecutor.processExecutionPhase(TestCaseExecutor.java:307)
	at com.kms.katalon.core.main.TestCaseExecutor.accessMainPhase(TestCaseExecutor.java:299)
	at com.kms.katalon.core.main.TestCaseExecutor.execute(TestCaseExecutor.java:233)
	at com.kms.katalon.core.main.TestSuiteExecutor.accessTestCaseMainPhase(TestSuiteExecutor.java:169)
	at com.kms.katalon.core.main.TestSuiteExecutor.accessTestSuiteMainPhase(TestSuiteExecutor.java:142)
	at com.kms.katalon.core.main.TestSuiteExecutor.execute(TestSuiteExecutor.java:91)
	at com.kms.katalon.core.main.TestCaseMain.startTestSuite(TestCaseMain.java:157)
	at com.kms.katalon.core.main.TestCaseMain$startTestSuite$0.call(Unknown Source)
	at TempTestSuite1581071026566.run(TempTestSuite1581071026566.groovy:36)
)

2020-02-07 12:26:29 - [TEST_STEP][PASSED] - else: null

2020-02-07 12:26:29 - [TEST_STEP][PASSED] - break: null

2020-02-07 12:26:29 - [TEST_STEP][PASSED] - if (verifyElementPresent(findTestObject("Page_Reevio Video Maker/Editor_Scene_" + i), 0) == true): null

2020-02-07 12:26:29 - [MESSAGE][WARNING] - Timeout '0' is invalid. Using default page load timeout: '1'

2020-02-07 12:26:29 - [MESSAGE][PASSED] - Object 'Object Repository/Page_Reevio Video Maker/Editor_Scene_5' is present

2020-02-07 12:26:29 - [TEST_STEP][PASSED] - doubleClick(findTestObject("Page_Reevio Video Maker/Editor_Scene_" + i)): Object: 'Object Repository/Page_Reevio Video Maker/Editor_Scene_5' is double clicked on

2020-02-07 12:26:29 - [MESSAGE][PASSED] - Object: 'Object Repository/Page_Reevio Video Maker/Editor_Scene_5' is double clicked on

2020-02-07 12:26:29 - [TEST_STEP][PASSED] - delay(1): Delayed 1 second(s)

2020-02-07 12:26:30 - [MESSAGE][PASSED] - Delayed 1 second(s)

2020-02-07 12:26:30 - [TEST_STEP][FAILED] - for ([j = 1, j < 7, (j++)]): null

2020-02-07 12:26:30 - [TEST_STEP][PASSED] - if (verifyElementInViewport(findTestObject("Page_Reevio Video Maker/Editor/Test Text fields/a_Text " + j), 0) == true): null

2020-02-07 12:26:31 - [MESSAGE][WARNING] - Timeout '0' is invalid. Using default page load timeout: '1'

2020-02-07 12:26:31 - [MESSAGE][PASSED] - Object 'Object Repository/Page_Reevio Video Maker/Editor/Test Text fields/a_Text 1' is present and visible in viewport

2020-02-07 12:26:31 - [TEST_STEP][PASSED] - doubleClick(findTestObject("Page_Reevio Video Maker/Editor/Test Text fields/a_Text " + j)): Object: 'Object Repository/Page_Reevio Video Maker/Editor/Test Text fields/a_Text 1' is double clicked on

2020-02-07 12:26:31 - [MESSAGE][PASSED] - Object: 'Object Repository/Page_Reevio Video Maker/Editor/Test Text fields/a_Text 1' is double clicked on

2020-02-07 12:26:31 - [TEST_STEP][PASSED] - maxlength = getAttribute(findTestObject("Page_Reevio Video Maker/Editor/Test Text fields/a_Text " + j), "data-maxlength"): Attribute 'data-maxlength' of object 'Object Repository/Page_Reevio Video Maker/Editor/Test Text fields/a_Text 1' is: '30'

2020-02-07 12:26:31 - [MESSAGE][PASSED] - Attribute 'data-maxlength' of object 'Object Repository/Page_Reevio Video Maker/Editor/Test Text fields/a_Text 1' is: '30'

2020-02-07 12:26:31 - [TEST_STEP][PASSED] - clearText(findTestObject("Page_Reevio Video Maker/Editor/Text Editor/input_Enable text_cinput"), CONTINUE_ON_FAILURE): Text of object 'Object Repository/Page_Reevio Video Maker/Editor/Text Editor/input_Enable text_cinput' is cleared

2020-02-07 12:26:32 - [MESSAGE][PASSED] - Text of object 'Object Repository/Page_Reevio Video Maker/Editor/Text Editor/input_Enable text_cinput' is cleared

2020-02-07 12:26:32 - [TEST_STEP][PASSED] - setText(findTestObject("Page_Reevio Video Maker/Editor/Text Editor/input_Enable text_cinput"), findTestData("vavowDate").getValue(1, 1)): Text 'The quick beige fox jumps over the lazy dog. The quick brown fox jumps over the lazy dog. The quick brown fox jumps over the lazy dog. The quick brown fox jumps over the lazy dog. The quick brown fox jumps over the lazy dog. The quick brown fox jumps over the lazy dog. The quick brown fox jumps over the lazy dog.' is set on object 'Object Repository/Page_Reevio Video Maker/Editor/Text Editor/input_Enable text_cinput'

2020-02-07 12:26:34 - [MESSAGE][PASSED] - Text 'The quick beige fox jumps over the lazy dog. The quick brown fox jumps over the lazy dog. The quick brown fox jumps over the lazy dog. The quick brown fox jumps over the lazy dog. The quick brown fox jumps over the lazy dog. The quick brown fox jumps over the lazy dog. The quick brown fox jumps over the lazy dog.' is set on object 'Object Repository/Page_Reevio Video Maker/Editor/Text Editor/input_Enable text_cinput'

2020-02-07 12:26:34 - [TEST_STEP][PASSED] - maxL = maxlength: null

2020-02-07 12:26:34 - [TEST_STEP][PASSED] - if (maxL >= 100 == true): null

2020-02-07 12:26:34 - [TEST_STEP][PASSED] - else if (maxL < 100 == true): Keys 'BACK_SPACE + ' sent to object: 'Object Repository/Page_Reevio Video Maker/Editor/Text Editor/input_Enable text_cinput'

2020-02-07 12:26:34 - [TEST_STEP][PASSED] - if (maxL < 10 == true): null

2020-02-07 12:26:34 - [TEST_STEP][PASSED] - else: Keys 'BACK_SPACE + ' sent to object: 'Object Repository/Page_Reevio Video Maker/Editor/Text Editor/input_Enable text_cinput'

2020-02-07 12:26:34 - [TEST_STEP][PASSED] - sendKeys(findTestObject("Page_Reevio Video Maker/Editor/Text Editor/input_Enable text_cinput"), Keys.chord(BACK_SPACE)): Keys 'BACK_SPACE + ' sent to object: 'Object Repository/Page_Reevio Video Maker/Editor/Text Editor/input_Enable text_cinput'

2020-02-07 12:26:34 - [MESSAGE][PASSED] - Keys 'BACK_SPACE + ' sent to object: 'Object Repository/Page_Reevio Video Maker/Editor/Text Editor/input_Enable text_cinput'

2020-02-07 12:26:34 - [TEST_STEP][PASSED] - sendKeys(findTestObject("Page_Reevio Video Maker/Editor/Text Editor/input_Enable text_cinput"), Keys.chord(BACK_SPACE)): Keys 'BACK_SPACE + ' sent to object: 'Object Repository/Page_Reevio Video Maker/Editor/Text Editor/input_Enable text_cinput'

2020-02-07 12:26:34 - [MESSAGE][PASSED] - Keys 'BACK_SPACE + ' sent to object: 'Object Repository/Page_Reevio Video Maker/Editor/Text Editor/input_Enable text_cinput'

2020-02-07 12:26:34 - [TEST_STEP][PASSED] - sendKeys(findTestObject("Page_Reevio Video Maker/Editor/Text Editor/input_Enable text_cinput"), maxlength): Keys '30' sent to object: 'Object Repository/Page_Reevio Video Maker/Editor/Text Editor/input_Enable text_cinput'

2020-02-07 12:26:34 - [MESSAGE][PASSED] - Keys '30' sent to object: 'Object Repository/Page_Reevio Video Maker/Editor/Text Editor/input_Enable text_cinput'

2020-02-07 12:26:34 - [TEST_STEP][PASSED] - click(findTestObject("Page_Reevio Video Maker/Editor/Text Color/span_Shadows Into Light_minicolors-swatch-color")): Object: 'Object Repository/Page_Reevio Video Maker/Editor/Text Color/span_Shadows Into Light_minicolors-swatch-color' is clicked on

2020-02-07 12:26:34 - [MESSAGE][PASSED] - Object: 'Object Repository/Page_Reevio Video Maker/Editor/Text Color/span_Shadows Into Light_minicolors-swatch-color' is clicked on

2020-02-07 12:26:34 - [TEST_STEP][PASSED] - clearText(findTestObject("Page_Reevio Video Maker/Editor/Text Color/input_RGB_texthex-color")): Text of object 'Object Repository/Page_Reevio Video Maker/Editor/Text Color/input_RGB_texthex-color' is cleared

2020-02-07 12:26:35 - [MESSAGE][PASSED] - Text of object 'Object Repository/Page_Reevio Video Maker/Editor/Text Color/input_RGB_texthex-color' is cleared

2020-02-07 12:26:35 - [TEST_STEP][PASSED] - setText(findTestObject("Page_Reevio Video Maker/Editor/Text Color/input_RGB_texthex-color"), findTestData("vavowDate").getValue(2, 1)): Text '#00FFE1' is set on object 'Object Repository/Page_Reevio Video Maker/Editor/Text Color/input_RGB_texthex-color'

2020-02-07 12:26:35 - [MESSAGE][PASSED] - Text '#00FFE1' is set on object 'Object Repository/Page_Reevio Video Maker/Editor/Text Color/input_RGB_texthex-color'

2020-02-07 12:26:35 - [TEST_STEP][PASSED] - click(findTestObject("Page_Reevio Video Maker/Editor/Text Color/button_Apply")): Object: 'Object Repository/Page_Reevio Video Maker/Editor/Text Color/button_Apply' is clicked on

2020-02-07 12:26:35 - [MESSAGE][PASSED] - Object: 'Object Repository/Page_Reevio Video Maker/Editor/Text Color/button_Apply' is clicked on

2020-02-07 12:26:35 - [TEST_STEP][PASSED] - click(findTestObject("Page_Reevio Video Maker/Editor/Text Editor/span_Save")): Object: 'Object Repository/Page_Reevio Video Maker/Editor/Text Editor/span_Save' is clicked on

2020-02-07 12:26:35 - [MESSAGE][PASSED] - Object: 'Object Repository/Page_Reevio Video Maker/Editor/Text Editor/span_Save' is clicked on

2020-02-07 12:26:35 - [TEST_STEP][PASSED] - maxlength = 0: null

2020-02-07 12:26:35 - [TEST_STEP][PASSED] - if (verifyElementInViewport(findTestObject("Page_Reevio Video Maker/Editor/Test Text fields/a_Text " + j), 0) == true): null

2020-02-07 12:26:36 - [MESSAGE][WARNING] - Timeout '0' is invalid. Using default page load timeout: '1'

2020-02-07 12:26:36 - [MESSAGE][PASSED] - Object 'Object Repository/Page_Reevio Video Maker/Editor/Test Text fields/a_Text 2' is present and visible in viewport

2020-02-07 12:26:36 - [TEST_STEP][PASSED] - doubleClick(findTestObject("Page_Reevio Video Maker/Editor/Test Text fields/a_Text " + j)): Object: 'Object Repository/Page_Reevio Video Maker/Editor/Test Text fields/a_Text 2' is double clicked on

2020-02-07 12:26:36 - [MESSAGE][PASSED] - Object: 'Object Repository/Page_Reevio Video Maker/Editor/Test Text fields/a_Text 2' is double clicked on

2020-02-07 12:26:36 - [TEST_STEP][PASSED] - maxlength = getAttribute(findTestObject("Page_Reevio Video Maker/Editor/Test Text fields/a_Text " + j), "data-maxlength"): Attribute 'data-maxlength' of object 'Object Repository/Page_Reevio Video Maker/Editor/Test Text fields/a_Text 2' is: '45'

2020-02-07 12:26:36 - [MESSAGE][PASSED] - Attribute 'data-maxlength' of object 'Object Repository/Page_Reevio Video Maker/Editor/Test Text fields/a_Text 2' is: '45'

2020-02-07 12:26:36 - [TEST_STEP][PASSED] - clearText(findTestObject("Page_Reevio Video Maker/Editor/Text Editor/input_Enable text_cinput"), CONTINUE_ON_FAILURE): Text of object 'Object Repository/Page_Reevio Video Maker/Editor/Text Editor/input_Enable text_cinput' is cleared

2020-02-07 12:26:36 - [MESSAGE][PASSED] - Text of object 'Object Repository/Page_Reevio Video Maker/Editor/Text Editor/input_Enable text_cinput' is cleared

2020-02-07 12:26:36 - [TEST_STEP][PASSED] - setText(findTestObject("Page_Reevio Video Maker/Editor/Text Editor/input_Enable text_cinput"), findTestData("vavowDate").getValue(1, 1)): Text 'The quick beige fox jumps over the lazy dog. The quick brown fox jumps over the lazy dog. The quick brown fox jumps over the lazy dog. The quick brown fox jumps over the lazy dog. The quick brown fox jumps over the lazy dog. The quick brown fox jumps over the lazy dog. The quick brown fox jumps over the lazy dog.' is set on object 'Object Repository/Page_Reevio Video Maker/Editor/Text Editor/input_Enable text_cinput'

2020-02-07 12:26:39 - [MESSAGE][PASSED] - Text 'The quick beige fox jumps over the lazy dog. The quick brown fox jumps over the lazy dog. The quick brown fox jumps over the lazy dog. The quick brown fox jumps over the lazy dog. The quick brown fox jumps over the lazy dog. The quick brown fox jumps over the lazy dog. The quick brown fox jumps over the lazy dog.' is set on object 'Object Repository/Page_Reevio Video Maker/Editor/Text Editor/input_Enable text_cinput'

2020-02-07 12:26:39 - [TEST_STEP][PASSED] - maxL = maxlength: null

2020-02-07 12:26:39 - [TEST_STEP][PASSED] - if (maxL >= 100 == true): null

2020-02-07 12:26:39 - [TEST_STEP][PASSED] - else if (maxL < 100 == true): Keys 'BACK_SPACE + ' sent to object: 'Object Repository/Page_Reevio Video Maker/Editor/Text Editor/input_Enable text_cinput'

2020-02-07 12:26:39 - [TEST_STEP][PASSED] - if (maxL < 10 == true): null

2020-02-07 12:26:39 - [TEST_STEP][PASSED] - else: Keys 'BACK_SPACE + ' sent to object: 'Object Repository/Page_Reevio Video Maker/Editor/Text Editor/input_Enable text_cinput'

2020-02-07 12:26:39 - [TEST_STEP][PASSED] - sendKeys(findTestObject("Page_Reevio Video Maker/Editor/Text Editor/input_Enable text_cinput"), Keys.chord(BACK_SPACE)): Keys 'BACK_SPACE + ' sent to object: 'Object Repository/Page_Reevio Video Maker/Editor/Text Editor/input_Enable text_cinput'

2020-02-07 12:26:39 - [MESSAGE][PASSED] - Keys 'BACK_SPACE + ' sent to object: 'Object Repository/Page_Reevio Video Maker/Editor/Text Editor/input_Enable text_cinput'

2020-02-07 12:26:39 - [TEST_STEP][PASSED] - sendKeys(findTestObject("Page_Reevio Video Maker/Editor/Text Editor/input_Enable text_cinput"), Keys.chord(BACK_SPACE)): Keys 'BACK_SPACE + ' sent to object: 'Object Repository/Page_Reevio Video Maker/Editor/Text Editor/input_Enable text_cinput'

2020-02-07 12:26:39 - [MESSAGE][PASSED] - Keys 'BACK_SPACE + ' sent to object: 'Object Repository/Page_Reevio Video Maker/Editor/Text Editor/input_Enable text_cinput'

2020-02-07 12:26:39 - [TEST_STEP][PASSED] - sendKeys(findTestObject("Page_Reevio Video Maker/Editor/Text Editor/input_Enable text_cinput"), maxlength): Keys '45' sent to object: 'Object Repository/Page_Reevio Video Maker/Editor/Text Editor/input_Enable text_cinput'

2020-02-07 12:26:40 - [MESSAGE][PASSED] - Keys '45' sent to object: 'Object Repository/Page_Reevio Video Maker/Editor/Text Editor/input_Enable text_cinput'

2020-02-07 12:26:40 - [TEST_STEP][PASSED] - click(findTestObject("Page_Reevio Video Maker/Editor/Text Color/span_Shadows Into Light_minicolors-swatch-color")): Object: 'Object Repository/Page_Reevio Video Maker/Editor/Text Color/span_Shadows Into Light_minicolors-swatch-color' is clicked on

2020-02-07 12:26:40 - [MESSAGE][PASSED] - Object: 'Object Repository/Page_Reevio Video Maker/Editor/Text Color/span_Shadows Into Light_minicolors-swatch-color' is clicked on

2020-02-07 12:26:40 - [TEST_STEP][PASSED] - clearText(findTestObject("Page_Reevio Video Maker/Editor/Text Color/input_RGB_texthex-color")): Text of object 'Object Repository/Page_Reevio Video Maker/Editor/Text Color/input_RGB_texthex-color' is cleared

2020-02-07 12:26:40 - [MESSAGE][PASSED] - Text of object 'Object Repository/Page_Reevio Video Maker/Editor/Text Color/input_RGB_texthex-color' is cleared

2020-02-07 12:26:40 - [TEST_STEP][PASSED] - setText(findTestObject("Page_Reevio Video Maker/Editor/Text Color/input_RGB_texthex-color"), findTestData("vavowDate").getValue(2, 1)): Text '#00FFE1' is set on object 'Object Repository/Page_Reevio Video Maker/Editor/Text Color/input_RGB_texthex-color'

2020-02-07 12:26:40 - [MESSAGE][PASSED] - Text '#00FFE1' is set on object 'Object Repository/Page_Reevio Video Maker/Editor/Text Color/input_RGB_texthex-color'

2020-02-07 12:26:40 - [TEST_STEP][PASSED] - click(findTestObject("Page_Reevio Video Maker/Editor/Text Color/button_Apply")): Object: 'Object Repository/Page_Reevio Video Maker/Editor/Text Color/button_Apply' is clicked on

2020-02-07 12:26:40 - [MESSAGE][PASSED] - Object: 'Object Repository/Page_Reevio Video Maker/Editor/Text Color/button_Apply' is clicked on

2020-02-07 12:26:40 - [TEST_STEP][PASSED] - click(findTestObject("Page_Reevio Video Maker/Editor/Text Editor/span_Save")): Object: 'Object Repository/Page_Reevio Video Maker/Editor/Text Editor/span_Save' is clicked on

2020-02-07 12:26:41 - [MESSAGE][PASSED] - Object: 'Object Repository/Page_Reevio Video Maker/Editor/Text Editor/span_Save' is clicked on

2020-02-07 12:26:41 - [TEST_STEP][PASSED] - maxlength = 0: null

2020-02-07 12:26:41 - [TEST_STEP][PASSED] - if (verifyElementInViewport(findTestObject("Page_Reevio Video Maker/Editor/Test Text fields/a_Text " + j), 0) == true): null

2020-02-07 12:26:41 - [MESSAGE][WARNING] - Timeout '0' is invalid. Using default page load timeout: '1'

2020-02-07 12:26:41 - [MESSAGE][PASSED] - Object 'Object Repository/Page_Reevio Video Maker/Editor/Test Text fields/a_Text 3' is present and visible in viewport

2020-02-07 12:26:41 - [TEST_STEP][PASSED] - doubleClick(findTestObject("Page_Reevio Video Maker/Editor/Test Text fields/a_Text " + j)): Object: 'Object Repository/Page_Reevio Video Maker/Editor/Test Text fields/a_Text 3' is double clicked on

2020-02-07 12:26:42 - [MESSAGE][PASSED] - Object: 'Object Repository/Page_Reevio Video Maker/Editor/Test Text fields/a_Text 3' is double clicked on

2020-02-07 12:26:42 - [TEST_STEP][PASSED] - maxlength = getAttribute(findTestObject("Page_Reevio Video Maker/Editor/Test Text fields/a_Text " + j), "data-maxlength"): Attribute 'data-maxlength' of object 'Object Repository/Page_Reevio Video Maker/Editor/Test Text fields/a_Text 3' is: '5'

2020-02-07 12:26:42 - [MESSAGE][PASSED] - Attribute 'data-maxlength' of object 'Object Repository/Page_Reevio Video Maker/Editor/Test Text fields/a_Text 3' is: '5'

2020-02-07 12:26:42 - [TEST_STEP][PASSED] - clearText(findTestObject("Page_Reevio Video Maker/Editor/Text Editor/input_Enable text_cinput"), CONTINUE_ON_FAILURE): Text of object 'Object Repository/Page_Reevio Video Maker/Editor/Text Editor/input_Enable text_cinput' is cleared

2020-02-07 12:26:42 - [MESSAGE][PASSED] - Text of object 'Object Repository/Page_Reevio Video Maker/Editor/Text Editor/input_Enable text_cinput' is cleared

2020-02-07 12:26:42 - [TEST_STEP][PASSED] - setText(findTestObject("Page_Reevio Video Maker/Editor/Text Editor/input_Enable text_cinput"), findTestData("vavowDate").getValue(1, 1)): Text 'The quick beige fox jumps over the lazy dog. The quick brown fox jumps over the lazy dog. The quick brown fox jumps over the lazy dog. The quick brown fox jumps over the lazy dog. The quick brown fox jumps over the lazy dog. The quick brown fox jumps over the lazy dog. The quick brown fox jumps over the lazy dog.' is set on object 'Object Repository/Page_Reevio Video Maker/Editor/Text Editor/input_Enable text_cinput'

2020-02-07 12:26:44 - [MESSAGE][PASSED] - Text 'The quick beige fox jumps over the lazy dog. The quick brown fox jumps over the lazy dog. The quick brown fox jumps over the lazy dog. The quick brown fox jumps over the lazy dog. The quick brown fox jumps over the lazy dog. The quick brown fox jumps over the lazy dog. The quick brown fox jumps over the lazy dog.' is set on object 'Object Repository/Page_Reevio Video Maker/Editor/Text Editor/input_Enable text_cinput'

2020-02-07 12:26:44 - [TEST_STEP][PASSED] - maxL = maxlength: null

2020-02-07 12:26:44 - [TEST_STEP][PASSED] - if (maxL >= 100 == true): null

2020-02-07 12:26:44 - [TEST_STEP][PASSED] - else if (maxL < 100 == true): Keys 'BACK_SPACE + ' sent to object: 'Object Repository/Page_Reevio Video Maker/Editor/Text Editor/input_Enable text_cinput'

2020-02-07 12:26:44 - [TEST_STEP][PASSED] - if (maxL < 10 == true): Keys 'BACK_SPACE + ' sent to object: 'Object Repository/Page_Reevio Video Maker/Editor/Text Editor/input_Enable text_cinput'

2020-02-07 12:26:44 - [TEST_STEP][PASSED] - sendKeys(findTestObject("Page_Reevio Video Maker/Editor/Text Editor/input_Enable text_cinput"), Keys.chord(BACK_SPACE)): Keys 'BACK_SPACE + ' sent to object: 'Object Repository/Page_Reevio Video Maker/Editor/Text Editor/input_Enable text_cinput'

2020-02-07 12:26:44 - [MESSAGE][PASSED] - Keys 'BACK_SPACE + ' sent to object: 'Object Repository/Page_Reevio Video Maker/Editor/Text Editor/input_Enable text_cinput'

2020-02-07 12:26:44 - [TEST_STEP][PASSED] - sendKeys(findTestObject("Page_Reevio Video Maker/Editor/Text Editor/input_Enable text_cinput"), maxlength): Keys '5' sent to object: 'Object Repository/Page_Reevio Video Maker/Editor/Text Editor/input_Enable text_cinput'

2020-02-07 12:26:44 - [MESSAGE][PASSED] - Keys '5' sent to object: 'Object Repository/Page_Reevio Video Maker/Editor/Text Editor/input_Enable text_cinput'

2020-02-07 12:26:44 - [TEST_STEP][PASSED] - click(findTestObject("Page_Reevio Video Maker/Editor/Text Color/span_Shadows Into Light_minicolors-swatch-color")): Object: 'Object Repository/Page_Reevio Video Maker/Editor/Text Color/span_Shadows Into Light_minicolors-swatch-color' is clicked on

2020-02-07 12:26:47 - [MESSAGE][PASSED] - Object: 'Object Repository/Page_Reevio Video Maker/Editor/Text Color/span_Shadows Into Light_minicolors-swatch-color' is clicked on

2020-02-07 12:26:47 - [TEST_STEP][FAILED] - clearText(findTestObject("Page_Reevio Video Maker/Editor/Text Color/input_RGB_texthex-color")): Unable to clear text of object 'Object Repository/Page_Reevio Video Maker/Editor/Text Color/input_RGB_texthex-color' (Root cause: com.kms.katalon.core.exception.StepFailedException: Unable to clear text of object 'Object Repository/Page_Reevio Video Maker/Editor/Text Color/input_RGB_texthex-color'
	at com.kms.katalon.core.webui.keyword.internal.WebUIKeywordMain.stepFailed(WebUIKeywordMain.groovy:64)
	at com.kms.katalon.core.webui.keyword.internal.WebUIKeywordMain.runKeyword(WebUIKeywordMain.groovy:42)
	at com.kms.katalon.core.webui.keyword.builtin.ClearTextKeyword.clearText(ClearTextKeyword.groovy:61)
	at com.kms.katalon.core.webui.keyword.builtin.ClearTextKeyword.execute(ClearTextKeyword.groovy:34)
	at com.kms.katalon.core.keyword.internal.KeywordExecutor.executeKeywordForPlatform(KeywordExecutor.groovy:72)
	at com.kms.katalon.core.webui.keyword.WebUiBuiltInKeywords.clearText(WebUiBuiltInKeywords.groovy:3817)
	at com.kms.katalon.core.webui.keyword.WebUiBuiltInKeywords$clearText$13.call(Unknown Source)
	at Text adding (MAX and COLOR) 30sc cycle.run(Text adding (MAX and COLOR) 30sc cycle:95)
	at com.kms.katalon.core.main.ScriptEngine.run(ScriptEngine.java:194)
	at com.kms.katalon.core.main.ScriptEngine.runScriptAsRawText(ScriptEngine.java:119)
	at com.kms.katalon.core.main.TestCaseExecutor.runScript(TestCaseExecutor.java:337)
	at com.kms.katalon.core.main.TestCaseExecutor.doExecute(TestCaseExecutor.java:328)
	at com.kms.katalon.core.main.TestCaseExecutor.processExecutionPhase(TestCaseExecutor.java:307)
	at com.kms.katalon.core.main.TestCaseExecutor.accessMainPhase(TestCaseExecutor.java:299)
	at com.kms.katalon.core.main.TestCaseExecutor.execute(TestCaseExecutor.java:233)
	at com.kms.katalon.core.main.TestSuiteExecutor.accessTestCaseMainPhase(TestSuiteExecutor.java:169)
	at com.kms.katalon.core.main.TestSuiteExecutor.accessTestSuiteMainPhase(TestSuiteExecutor.java:142)
	at com.kms.katalon.core.main.TestSuiteExecutor.execute(TestSuiteExecutor.java:91)
	at com.kms.katalon.core.main.TestCaseMain.startTestSuite(TestCaseMain.java:157)
	at com.kms.katalon.core.main.TestCaseMain$startTestSuite$0.call(Unknown Source)
	at TempTestSuite1581071026566.run(TempTestSuite1581071026566.groovy:36)
Caused by: org.openqa.selenium.ElementNotInteractableException: element not interactable
  (Session info: chrome=80.0.3987.87)
Build info: version: '3.141.59', revision: 'e82be7d358', time: '2018-11-14T08:25:53'
System info: host: 'DESKTOP-J4SE4C2', ip: '192.168.1.111', os.name: 'Windows 10', os.arch: 'amd64', os.version: '10.0', java.version: '1.8.0_181'
Driver info: com.kms.katalon.selenium.driver.CChromeDriver
Capabilities {acceptInsecureCerts: false, browserName: chrome, browserVersion: 80.0.3987.87, chrome: {chromedriverVersion: 79.0.3945.36 (3582db32b3389..., userDataDir: C:\Users\tester-3\AppData\L...}, goog:chromeOptions: {debuggerAddress: localhost:62942}, javascriptEnabled: true, networkConnectionEnabled: false, pageLoadStrategy: normal, platform: WINDOWS, platformName: WINDOWS, proxy: Proxy(), setWindowRect: true, strictFileInteractability: false, timeouts: {implicit: 0, pageLoad: 300000, script: 30000}, unhandledPromptBehavior: dismiss and notify}
Session ID: bbf6aef9af687f1f0d8398ad8247ced3
	at org.openqa.selenium.remote.http.W3CHttpResponseCodec.createException(W3CHttpResponseCodec.java:187)
	at org.openqa.selenium.remote.http.W3CHttpResponseCodec.decode(W3CHttpResponseCodec.java:122)
	at org.openqa.selenium.remote.http.W3CHttpResponseCodec.decode(W3CHttpResponseCodec.java:49)
	at org.openqa.selenium.remote.HttpCommandExecutor.execute(HttpCommandExecutor.java:158)
	at org.openqa.selenium.remote.service.DriverCommandExecutor.execute(DriverCommandExecutor.java:83)
	at org.openqa.selenium.remote.RemoteWebDriver.execute(RemoteWebDriver.java:552)
	at com.kms.katalon.selenium.driver.CChromeDriver.execute(CChromeDriver.java:19)
	at org.openqa.selenium.remote.RemoteWebElement.execute(RemoteWebElement.java:285)
	at org.openqa.selenium.remote.RemoteWebElement.clear(RemoteWebElement.java:124)
	at org.openqa.selenium.support.events.EventFiringWebDriver$EventFiringWebElement.lambda$new$0(EventFiringWebDriver.java:404)
	at com.sun.proxy.$Proxy9.clear(Unknown Source)
	at org.openqa.selenium.support.events.EventFiringWebDriver$EventFiringWebElement.clear(EventFiringWebDriver.java:436)
	at com.kms.katalon.core.webui.keyword.builtin.ClearTextKeyword$_clearText_closure1.doCall(ClearTextKeyword.groovy:46)
	at com.kms.katalon.core.webui.keyword.builtin.ClearTextKeyword$_clearText_closure1.call(ClearTextKeyword.groovy)
	at com.kms.katalon.core.webui.keyword.internal.WebUIKeywordMain.runKeyword(WebUIKeywordMain.groovy:33)
	at com.kms.katalon.core.webui.keyword.builtin.ClearTextKeyword.clearText(ClearTextKeyword.groovy:61)
	at com.kms.katalon.core.webui.keyword.builtin.ClearTextKeyword.execute(ClearTextKeyword.groovy:34)
	at com.kms.katalon.core.keyword.internal.KeywordExecutor.executeKeywordForPlatform(KeywordExecutor.groovy:72)
	at com.kms.katalon.core.webui.keyword.WebUiBuiltInKeywords.clearText(WebUiBuiltInKeywords.groovy:3817)
	at com.kms.katalon.core.webui.keyword.WebUiBuiltInKeywords$clearText$13.call(Unknown Source)
	at Script1569935100868.run(Script1569935100868.groovy:95)
	... 13 more
)

2020-02-07 12:26:47 - [MESSAGE][FAILED] - Unable to clear text of object 'Object Repository/Page_Reevio Video Maker/Editor/Text Color/input_RGB_texthex-color' (Root cause: com.kms.katalon.core.exception.StepFailedException: Unable to clear text of object 'Object Repository/Page_Reevio Video Maker/Editor/Text Color/input_RGB_texthex-color'
	at com.kms.katalon.core.webui.keyword.internal.WebUIKeywordMain.stepFailed(WebUIKeywordMain.groovy:64)
	at com.kms.katalon.core.webui.keyword.internal.WebUIKeywordMain.runKeyword(WebUIKeywordMain.groovy:42)
	at com.kms.katalon.core.webui.keyword.builtin.ClearTextKeyword.clearText(ClearTextKeyword.groovy:61)
	at com.kms.katalon.core.webui.keyword.builtin.ClearTextKeyword.execute(ClearTextKeyword.groovy:34)
	at com.kms.katalon.core.keyword.internal.KeywordExecutor.executeKeywordForPlatform(KeywordExecutor.groovy:72)
	at com.kms.katalon.core.webui.keyword.WebUiBuiltInKeywords.clearText(WebUiBuiltInKeywords.groovy:3817)
	at com.kms.katalon.core.webui.keyword.WebUiBuiltInKeywords$clearText$13.call(Unknown Source)
	at Text adding (MAX and COLOR) 30sc cycle.run(Text adding (MAX and COLOR) 30sc cycle:95)
	at com.kms.katalon.core.main.ScriptEngine.run(ScriptEngine.java:194)
	at com.kms.katalon.core.main.ScriptEngine.runScriptAsRawText(ScriptEngine.java:119)
	at com.kms.katalon.core.main.TestCaseExecutor.runScript(TestCaseExecutor.java:337)
	at com.kms.katalon.core.main.TestCaseExecutor.doExecute(TestCaseExecutor.java:328)
	at com.kms.katalon.core.main.TestCaseExecutor.processExecutionPhase(TestCaseExecutor.java:307)
	at com.kms.katalon.core.main.TestCaseExecutor.accessMainPhase(TestCaseExecutor.java:299)
	at com.kms.katalon.core.main.TestCaseExecutor.execute(TestCaseExecutor.java:233)
	at com.kms.katalon.core.main.TestSuiteExecutor.accessTestCaseMainPhase(TestSuiteExecutor.java:169)
	at com.kms.katalon.core.main.TestSuiteExecutor.accessTestSuiteMainPhase(TestSuiteExecutor.java:142)
	at com.kms.katalon.core.main.TestSuiteExecutor.execute(TestSuiteExecutor.java:91)
	at com.kms.katalon.core.main.TestCaseMain.startTestSuite(TestCaseMain.java:157)
	at com.kms.katalon.core.main.TestCaseMain$startTestSuite$0.call(Unknown Source)
	at TempTestSuite1581071026566.run(TempTestSuite1581071026566.groovy:36)
Caused by: org.openqa.selenium.ElementNotInteractableException: element not interactable
  (Session info: chrome=80.0.3987.87)
Build info: version: '3.141.59', revision: 'e82be7d358', time: '2018-11-14T08:25:53'
System info: host: 'DESKTOP-J4SE4C2', ip: '192.168.1.111', os.name: 'Windows 10', os.arch: 'amd64', os.version: '10.0', java.version: '1.8.0_181'
Driver info: com.kms.katalon.selenium.driver.CChromeDriver
Capabilities {acceptInsecureCerts: false, browserName: chrome, browserVersion: 80.0.3987.87, chrome: {chromedriverVersion: 79.0.3945.36 (3582db32b3389..., userDataDir: C:\Users\tester-3\AppData\L...}, goog:chromeOptions: {debuggerAddress: localhost:62942}, javascriptEnabled: true, networkConnectionEnabled: false, pageLoadStrategy: normal, platform: WINDOWS, platformName: WINDOWS, proxy: Proxy(), setWindowRect: true, strictFileInteractability: false, timeouts: {implicit: 0, pageLoad: 300000, script: 30000}, unhandledPromptBehavior: dismiss and notify}
Session ID: bbf6aef9af687f1f0d8398ad8247ced3
	at org.openqa.selenium.remote.http.W3CHttpResponseCodec.createException(W3CHttpResponseCodec.java:187)
	at org.openqa.selenium.remote.http.W3CHttpResponseCodec.decode(W3CHttpResponseCodec.java:122)
	at org.openqa.selenium.remote.http.W3CHttpResponseCodec.decode(W3CHttpResponseCodec.java:49)
	at org.openqa.selenium.remote.HttpCommandExecutor.execute(HttpCommandExecutor.java:158)
	at org.openqa.selenium.remote.service.DriverCommandExecutor.execute(DriverCommandExecutor.java:83)
	at org.openqa.selenium.remote.RemoteWebDriver.execute(RemoteWebDriver.java:552)
	at com.kms.katalon.selenium.driver.CChromeDriver.execute(CChromeDriver.java:19)
	at org.openqa.selenium.remote.RemoteWebElement.execute(RemoteWebElement.java:285)
	at org.openqa.selenium.remote.RemoteWebElement.clear(RemoteWebElement.java:124)
	at org.openqa.selenium.support.events.EventFiringWebDriver$EventFiringWebElement.lambda$new$0(EventFiringWebDriver.java:404)
	at com.sun.proxy.$Proxy9.clear(Unknown Source)
	at org.openqa.selenium.support.events.EventFiringWebDriver$EventFiringWebElement.clear(EventFiringWebDriver.java:436)
	at com.kms.katalon.core.webui.keyword.builtin.ClearTextKeyword$_clearText_closure1.doCall(ClearTextKeyword.groovy:46)
	at com.kms.katalon.core.webui.keyword.builtin.ClearTextKeyword$_clearText_closure1.call(ClearTextKeyword.groovy)
	at com.kms.katalon.core.webui.keyword.internal.WebUIKeywordMain.runKeyword(WebUIKeywordMain.groovy:33)
	at com.kms.katalon.core.webui.keyword.builtin.ClearTextKeyword.clearText(ClearTextKeyword.groovy:61)
	at com.kms.katalon.core.webui.keyword.builtin.ClearTextKeyword.execute(ClearTextKeyword.groovy:34)
	at com.kms.katalon.core.keyword.internal.KeywordExecutor.executeKeywordForPlatform(KeywordExecutor.groovy:72)
	at com.kms.katalon.core.webui.keyword.WebUiBuiltInKeywords.clearText(WebUiBuiltInKeywords.groovy:3817)
	at com.kms.katalon.core.webui.keyword.WebUiBuiltInKeywords$clearText$13.call(Unknown Source)
	at Script1569935100868.run(Script1569935100868.groovy:95)
	... 13 more
)

2020-02-07 12:26:47 - [TEST_STEP][FAILED] - setText(findTestObject("Page_Reevio Video Maker/Editor/Text Color/input_RGB_texthex-color"), findTestData("vavowDate").getValue(2, 1)): Unable to set text '#00FFE1' of object 'Object Repository/Page_Reevio Video Maker/Editor/Text Color/input_RGB_texthex-color' (Root cause: com.kms.katalon.core.exception.StepFailedException: Unable to set text '#00FFE1' of object 'Object Repository/Page_Reevio Video Maker/Editor/Text Color/input_RGB_texthex-color'
	at com.kms.katalon.core.webui.keyword.internal.WebUIKeywordMain.stepFailed(WebUIKeywordMain.groovy:64)
	at com.kms.katalon.core.webui.keyword.internal.WebUIKeywordMain.runKeyword(WebUIKeywordMain.groovy:26)
	at com.kms.katalon.core.webui.keyword.builtin.SetTextKeyword.setText(SetTextKeyword.groovy:66)
	at com.kms.katalon.core.webui.keyword.builtin.SetTextKeyword.execute(SetTextKeyword.groovy:37)
	at com.kms.katalon.core.keyword.internal.KeywordExecutor.executeKeywordForPlatform(KeywordExecutor.groovy:72)
	at com.kms.katalon.core.webui.keyword.WebUiBuiltInKeywords.setText(WebUiBuiltInKeywords.groovy:950)
	at com.kms.katalon.core.webui.keyword.WebUiBuiltInKeywords$setText$4.call(Unknown Source)
	at Text adding (MAX and COLOR) 30sc cycle.run(Text adding (MAX and COLOR) 30sc cycle:97)
	at com.kms.katalon.core.main.ScriptEngine.run(ScriptEngine.java:194)
	at com.kms.katalon.core.main.ScriptEngine.runScriptAsRawText(ScriptEngine.java:119)
	at com.kms.katalon.core.main.TestCaseExecutor.runScript(TestCaseExecutor.java:337)
	at com.kms.katalon.core.main.TestCaseExecutor.doExecute(TestCaseExecutor.java:328)
	at com.kms.katalon.core.main.TestCaseExecutor.processExecutionPhase(TestCaseExecutor.java:307)
	at com.kms.katalon.core.main.TestCaseExecutor.accessMainPhase(TestCaseExecutor.java:299)
	at com.kms.katalon.core.main.TestCaseExecutor.execute(TestCaseExecutor.java:233)
	at com.kms.katalon.core.main.TestSuiteExecutor.accessTestCaseMainPhase(TestSuiteExecutor.java:169)
	at com.kms.katalon.core.main.TestSuiteExecutor.accessTestSuiteMainPhase(TestSuiteExecutor.java:142)
	at com.kms.katalon.core.main.TestSuiteExecutor.execute(TestSuiteExecutor.java:91)
	at com.kms.katalon.core.main.TestCaseMain.startTestSuite(TestCaseMain.java:157)
	at com.kms.katalon.core.main.TestCaseMain$startTestSuite$0.call(Unknown Source)
	at TempTestSuite1581071026566.run(TempTestSuite1581071026566.groovy:36)
Caused by: org.openqa.selenium.ElementNotInteractableException: element not interactable
  (Session info: chrome=80.0.3987.87)
Build info: version: '3.141.59', revision: 'e82be7d358', time: '2018-11-14T08:25:53'
System info: host: 'DESKTOP-J4SE4C2', ip: '192.168.1.111', os.name: 'Windows 10', os.arch: 'amd64', os.version: '10.0', java.version: '1.8.0_181'
Driver info: com.kms.katalon.selenium.driver.CChromeDriver
Capabilities {acceptInsecureCerts: false, browserName: chrome, browserVersion: 80.0.3987.87, chrome: {chromedriverVersion: 79.0.3945.36 (3582db32b3389..., userDataDir: C:\Users\tester-3\AppData\L...}, goog:chromeOptions: {debuggerAddress: localhost:62942}, javascriptEnabled: true, networkConnectionEnabled: false, pageLoadStrategy: normal, platform: WINDOWS, platformName: WINDOWS, proxy: Proxy(), setWindowRect: true, strictFileInteractability: false, timeouts: {implicit: 0, pageLoad: 300000, script: 30000}, unhandledPromptBehavior: dismiss and notify}
Session ID: bbf6aef9af687f1f0d8398ad8247ced3
	at org.openqa.selenium.remote.http.W3CHttpResponseCodec.createException(W3CHttpResponseCodec.java:187)
	at org.openqa.selenium.remote.http.W3CHttpResponseCodec.decode(W3CHttpResponseCodec.java:122)
	at org.openqa.selenium.remote.http.W3CHttpResponseCodec.decode(W3CHttpResponseCodec.java:49)
	at org.openqa.selenium.remote.HttpCommandExecutor.execute(HttpCommandExecutor.java:158)
	at org.openqa.selenium.remote.service.DriverCommandExecutor.execute(DriverCommandExecutor.java:83)
	at org.openqa.selenium.remote.RemoteWebDriver.execute(RemoteWebDriver.java:552)
	at com.kms.katalon.selenium.driver.CChromeDriver.execute(CChromeDriver.java:19)
	at org.openqa.selenium.remote.RemoteWebElement.execute(RemoteWebElement.java:285)
	at org.openqa.selenium.remote.RemoteWebElement.clear(RemoteWebElement.java:124)
	at org.openqa.selenium.support.events.EventFiringWebDriver$EventFiringWebElement.lambda$new$0(EventFiringWebDriver.java:404)
	at com.sun.proxy.$Proxy9.clear(Unknown Source)
	at org.openqa.selenium.support.events.EventFiringWebDriver$EventFiringWebElement.clear(EventFiringWebDriver.java:436)
	at com.kms.katalon.core.webui.keyword.builtin.SetTextKeyword$_setText_closure1.doCall(SetTextKeyword.groovy:53)
	at com.kms.katalon.core.webui.keyword.builtin.SetTextKeyword$_setText_closure1.call(SetTextKeyword.groovy)
	at com.kms.katalon.core.webui.keyword.internal.WebUIKeywordMain.runKeyword(WebUIKeywordMain.groovy:20)
	at com.kms.katalon.core.webui.keyword.builtin.SetTextKeyword.setText(SetTextKeyword.groovy:66)
	at com.kms.katalon.core.webui.keyword.builtin.SetTextKeyword.execute(SetTextKeyword.groovy:37)
	at com.kms.katalon.core.keyword.internal.KeywordExecutor.executeKeywordForPlatform(KeywordExecutor.groovy:72)
	at com.kms.katalon.core.webui.keyword.WebUiBuiltInKeywords.setText(WebUiBuiltInKeywords.groovy:950)
	at com.kms.katalon.core.webui.keyword.WebUiBuiltInKeywords$setText$4.call(Unknown Source)
	at Script1569935100868.run(Script1569935100868.groovy:97)
	... 13 more
)

2020-02-07 12:26:47 - [MESSAGE][FAILED] - Unable to set text '#00FFE1' of object 'Object Repository/Page_Reevio Video Maker/Editor/Text Color/input_RGB_texthex-color' (Root cause: com.kms.katalon.core.exception.StepFailedException: Unable to set text '#00FFE1' of object 'Object Repository/Page_Reevio Video Maker/Editor/Text Color/input_RGB_texthex-color'
	at com.kms.katalon.core.webui.keyword.internal.WebUIKeywordMain.stepFailed(WebUIKeywordMain.groovy:64)
	at com.kms.katalon.core.webui.keyword.internal.WebUIKeywordMain.runKeyword(WebUIKeywordMain.groovy:26)
	at com.kms.katalon.core.webui.keyword.builtin.SetTextKeyword.setText(SetTextKeyword.groovy:66)
	at com.kms.katalon.core.webui.keyword.builtin.SetTextKeyword.execute(SetTextKeyword.groovy:37)
	at com.kms.katalon.core.keyword.internal.KeywordExecutor.executeKeywordForPlatform(KeywordExecutor.groovy:72)
	at com.kms.katalon.core.webui.keyword.WebUiBuiltInKeywords.setText(WebUiBuiltInKeywords.groovy:950)
	at com.kms.katalon.core.webui.keyword.WebUiBuiltInKeywords$setText$4.call(Unknown Source)
	at Text adding (MAX and COLOR) 30sc cycle.run(Text adding (MAX and COLOR) 30sc cycle:97)
	at com.kms.katalon.core.main.ScriptEngine.run(ScriptEngine.java:194)
	at com.kms.katalon.core.main.ScriptEngine.runScriptAsRawText(ScriptEngine.java:119)
	at com.kms.katalon.core.main.TestCaseExecutor.runScript(TestCaseExecutor.java:337)
	at com.kms.katalon.core.main.TestCaseExecutor.doExecute(TestCaseExecutor.java:328)
	at com.kms.katalon.core.main.TestCaseExecutor.processExecutionPhase(TestCaseExecutor.java:307)
	at com.kms.katalon.core.main.TestCaseExecutor.accessMainPhase(TestCaseExecutor.java:299)
	at com.kms.katalon.core.main.TestCaseExecutor.execute(TestCaseExecutor.java:233)
	at com.kms.katalon.core.main.TestSuiteExecutor.accessTestCaseMainPhase(TestSuiteExecutor.java:169)
	at com.kms.katalon.core.main.TestSuiteExecutor.accessTestSuiteMainPhase(TestSuiteExecutor.java:142)
	at com.kms.katalon.core.main.TestSuiteExecutor.execute(TestSuiteExecutor.java:91)
	at com.kms.katalon.core.main.TestCaseMain.startTestSuite(TestCaseMain.java:157)
	at com.kms.katalon.core.main.TestCaseMain$startTestSuite$0.call(Unknown Source)
	at TempTestSuite1581071026566.run(TempTestSuite1581071026566.groovy:36)
Caused by: org.openqa.selenium.ElementNotInteractableException: element not interactable
  (Session info: chrome=80.0.3987.87)
Build info: version: '3.141.59', revision: 'e82be7d358', time: '2018-11-14T08:25:53'
System info: host: 'DESKTOP-J4SE4C2', ip: '192.168.1.111', os.name: 'Windows 10', os.arch: 'amd64', os.version: '10.0', java.version: '1.8.0_181'
Driver info: com.kms.katalon.selenium.driver.CChromeDriver
Capabilities {acceptInsecureCerts: false, browserName: chrome, browserVersion: 80.0.3987.87, chrome: {chromedriverVersion: 79.0.3945.36 (3582db32b3389..., userDataDir: C:\Users\tester-3\AppData\L...}, goog:chromeOptions: {debuggerAddress: localhost:62942}, javascriptEnabled: true, networkConnectionEnabled: false, pageLoadStrategy: normal, platform: WINDOWS, platformName: WINDOWS, proxy: Proxy(), setWindowRect: true, strictFileInteractability: false, timeouts: {implicit: 0, pageLoad: 300000, script: 30000}, unhandledPromptBehavior: dismiss and notify}
Session ID: bbf6aef9af687f1f0d8398ad8247ced3
	at org.openqa.selenium.remote.http.W3CHttpResponseCodec.createException(W3CHttpResponseCodec.java:187)
	at org.openqa.selenium.remote.http.W3CHttpResponseCodec.decode(W3CHttpResponseCodec.java:122)
	at org.openqa.selenium.remote.http.W3CHttpResponseCodec.decode(W3CHttpResponseCodec.java:49)
	at org.openqa.selenium.remote.HttpCommandExecutor.execute(HttpCommandExecutor.java:158)
	at org.openqa.selenium.remote.service.DriverCommandExecutor.execute(DriverCommandExecutor.java:83)
	at org.openqa.selenium.remote.RemoteWebDriver.execute(RemoteWebDriver.java:552)
	at com.kms.katalon.selenium.driver.CChromeDriver.execute(CChromeDriver.java:19)
	at org.openqa.selenium.remote.RemoteWebElement.execute(RemoteWebElement.java:285)
	at org.openqa.selenium.remote.RemoteWebElement.clear(RemoteWebElement.java:124)
	at org.openqa.selenium.support.events.EventFiringWebDriver$EventFiringWebElement.lambda$new$0(EventFiringWebDriver.java:404)
	at com.sun.proxy.$Proxy9.clear(Unknown Source)
	at org.openqa.selenium.support.events.EventFiringWebDriver$EventFiringWebElement.clear(EventFiringWebDriver.java:436)
	at com.kms.katalon.core.webui.keyword.builtin.SetTextKeyword$_setText_closure1.doCall(SetTextKeyword.groovy:53)
	at com.kms.katalon.core.webui.keyword.builtin.SetTextKeyword$_setText_closure1.call(SetTextKeyword.groovy)
	at com.kms.katalon.core.webui.keyword.internal.WebUIKeywordMain.runKeyword(WebUIKeywordMain.groovy:20)
	at com.kms.katalon.core.webui.keyword.builtin.SetTextKeyword.setText(SetTextKeyword.groovy:66)
	at com.kms.katalon.core.webui.keyword.builtin.SetTextKeyword.execute(SetTextKeyword.groovy:37)
	at com.kms.katalon.core.keyword.internal.KeywordExecutor.executeKeywordForPlatform(KeywordExecutor.groovy:72)
	at com.kms.katalon.core.webui.keyword.WebUiBuiltInKeywords.setText(WebUiBuiltInKeywords.groovy:950)
	at com.kms.katalon.core.webui.keyword.WebUiBuiltInKeywords$setText$4.call(Unknown Source)
	at Script1569935100868.run(Script1569935100868.groovy:97)
	... 13 more
)

2020-02-07 12:26:47 - [TEST_STEP][PASSED] - click(findTestObject("Page_Reevio Video Maker/Editor/Text Color/button_Apply")): Object: 'Object Repository/Page_Reevio Video Maker/Editor/Text Color/button_Apply' is clicked on

2020-02-07 12:26:47 - [MESSAGE][ERROR] - javascript error: Failed to execute 'elementsFromPoint' on 'Document': The provided double value is non-finite.
  (Session info: chrome=80.0.3987.87)
Build info: version: '3.141.59', revision: 'e82be7d358', time: '2018-11-14T08:25:53'
System info: host: 'DESKTOP-J4SE4C2', ip: '192.168.1.111', os.name: 'Windows 10', os.arch: 'amd64', os.version: '10.0', java.version: '1.8.0_181'
Driver info: com.kms.katalon.selenium.driver.CChromeDriver
Capabilities {acceptInsecureCerts: false, browserName: chrome, browserVersion: 80.0.3987.87, chrome: {chromedriverVersion: 79.0.3945.36 (3582db32b3389..., userDataDir: C:\Users\tester-3\AppData\L...}, goog:chromeOptions: {debuggerAddress: localhost:62942}, javascriptEnabled: true, networkConnectionEnabled: false, pageLoadStrategy: normal, platform: WINDOWS, platformName: WINDOWS, proxy: Proxy(), setWindowRect: true, strictFileInteractability: false, timeouts: {implicit: 0, pageLoad: 300000, script: 30000}, unhandledPromptBehavior: dismiss and notify}
Session ID: bbf6aef9af687f1f0d8398ad8247ced3

2020-02-07 12:26:48 - [MESSAGE][ERROR] - javascript error: Failed to execute 'elementsFromPoint' on 'Document': The provided double value is non-finite.
  (Session info: chrome=80.0.3987.87)
Build info: version: '3.141.59', revision: 'e82be7d358', time: '2018-11-14T08:25:53'
System info: host: 'DESKTOP-J4SE4C2', ip: '192.168.1.111', os.name: 'Windows 10', os.arch: 'amd64', os.version: '10.0', java.version: '1.8.0_181'
Driver info: com.kms.katalon.selenium.driver.CChromeDriver
Capabilities {acceptInsecureCerts: false, browserName: chrome, browserVersion: 80.0.3987.87, chrome: {chromedriverVersion: 79.0.3945.36 (3582db32b3389..., userDataDir: C:\Users\tester-3\AppData\L...}, goog:chromeOptions: {debuggerAddress: localhost:62942}, javascriptEnabled: true, networkConnectionEnabled: false, pageLoadStrategy: normal, platform: WINDOWS, platformName: WINDOWS, proxy: Proxy(), setWindowRect: true, strictFileInteractability: false, timeouts: {implicit: 0, pageLoad: 300000, script: 30000}, unhandledPromptBehavior: dismiss and notify}
Session ID: bbf6aef9af687f1f0d8398ad8247ced3

2020-02-07 12:26:48 - [MESSAGE][PASSED] - Object: 'Object Repository/Page_Reevio Video Maker/Editor/Text Color/button_Apply' is clicked on

2020-02-07 12:26:48 - [TEST_STEP][PASSED] - click(findTestObject("Page_Reevio Video Maker/Editor/Text Editor/span_Save")): Object: 'Object Repository/Page_Reevio Video Maker/Editor/Text Editor/span_Save' is clicked on

2020-02-07 12:26:48 - [MESSAGE][PASSED] - Object: 'Object Repository/Page_Reevio Video Maker/Editor/Text Editor/span_Save' is clicked on

2020-02-07 12:26:48 - [TEST_STEP][PASSED] - maxlength = 0: null

2020-02-07 12:26:48 - [TEST_STEP][PASSED] - if (verifyElementInViewport(findTestObject("Page_Reevio Video Maker/Editor/Test Text fields/a_Text " + j), 0) == true): null

2020-02-07 12:26:48 - [MESSAGE][WARNING] - Timeout '0' is invalid. Using default page load timeout: '1'

2020-02-07 12:26:48 - [MESSAGE][PASSED] - Object 'Object Repository/Page_Reevio Video Maker/Editor/Test Text fields/a_Text 4' is present and visible in viewport

2020-02-07 12:26:48 - [TEST_STEP][PASSED] - doubleClick(findTestObject("Page_Reevio Video Maker/Editor/Test Text fields/a_Text " + j)): Object: 'Object Repository/Page_Reevio Video Maker/Editor/Test Text fields/a_Text 4' is double clicked on

2020-02-07 12:26:49 - [MESSAGE][PASSED] - Object: 'Object Repository/Page_Reevio Video Maker/Editor/Test Text fields/a_Text 4' is double clicked on

2020-02-07 12:26:49 - [TEST_STEP][PASSED] - maxlength = getAttribute(findTestObject("Page_Reevio Video Maker/Editor/Test Text fields/a_Text " + j), "data-maxlength"): Attribute 'data-maxlength' of object 'Object Repository/Page_Reevio Video Maker/Editor/Test Text fields/a_Text 4' is: '5'

2020-02-07 12:26:49 - [MESSAGE][PASSED] - Attribute 'data-maxlength' of object 'Object Repository/Page_Reevio Video Maker/Editor/Test Text fields/a_Text 4' is: '5'

2020-02-07 12:26:49 - [TEST_STEP][PASSED] - clearText(findTestObject("Page_Reevio Video Maker/Editor/Text Editor/input_Enable text_cinput"), CONTINUE_ON_FAILURE): Text of object 'Object Repository/Page_Reevio Video Maker/Editor/Text Editor/input_Enable text_cinput' is cleared

2020-02-07 12:26:49 - [MESSAGE][PASSED] - Text of object 'Object Repository/Page_Reevio Video Maker/Editor/Text Editor/input_Enable text_cinput' is cleared

2020-02-07 12:26:49 - [TEST_STEP][PASSED] - setText(findTestObject("Page_Reevio Video Maker/Editor/Text Editor/input_Enable text_cinput"), findTestData("vavowDate").getValue(1, 1)): Text 'The quick beige fox jumps over the lazy dog. The quick brown fox jumps over the lazy dog. The quick brown fox jumps over the lazy dog. The quick brown fox jumps over the lazy dog. The quick brown fox jumps over the lazy dog. The quick brown fox jumps over the lazy dog. The quick brown fox jumps over the lazy dog.' is set on object 'Object Repository/Page_Reevio Video Maker/Editor/Text Editor/input_Enable text_cinput'

2020-02-07 12:26:51 - [MESSAGE][PASSED] - Text 'The quick beige fox jumps over the lazy dog. The quick brown fox jumps over the lazy dog. The quick brown fox jumps over the lazy dog. The quick brown fox jumps over the lazy dog. The quick brown fox jumps over the lazy dog. The quick brown fox jumps over the lazy dog. The quick brown fox jumps over the lazy dog.' is set on object 'Object Repository/Page_Reevio Video Maker/Editor/Text Editor/input_Enable text_cinput'

2020-02-07 12:26:51 - [TEST_STEP][PASSED] - maxL = maxlength: null

2020-02-07 12:26:51 - [TEST_STEP][PASSED] - if (maxL >= 100 == true): null

2020-02-07 12:26:51 - [TEST_STEP][PASSED] - else if (maxL < 100 == true): Keys 'BACK_SPACE + ' sent to object: 'Object Repository/Page_Reevio Video Maker/Editor/Text Editor/input_Enable text_cinput'

2020-02-07 12:26:51 - [TEST_STEP][PASSED] - if (maxL < 10 == true): Keys 'BACK_SPACE + ' sent to object: 'Object Repository/Page_Reevio Video Maker/Editor/Text Editor/input_Enable text_cinput'

2020-02-07 12:26:51 - [TEST_STEP][PASSED] - sendKeys(findTestObject("Page_Reevio Video Maker/Editor/Text Editor/input_Enable text_cinput"), Keys.chord(BACK_SPACE)): Keys 'BACK_SPACE + ' sent to object: 'Object Repository/Page_Reevio Video Maker/Editor/Text Editor/input_Enable text_cinput'

2020-02-07 12:26:51 - [MESSAGE][PASSED] - Keys 'BACK_SPACE + ' sent to object: 'Object Repository/Page_Reevio Video Maker/Editor/Text Editor/input_Enable text_cinput'

2020-02-07 12:26:51 - [TEST_STEP][PASSED] - sendKeys(findTestObject("Page_Reevio Video Maker/Editor/Text Editor/input_Enable text_cinput"), maxlength): Keys '5' sent to object: 'Object Repository/Page_Reevio Video Maker/Editor/Text Editor/input_Enable text_cinput'

2020-02-07 12:26:51 - [MESSAGE][PASSED] - Keys '5' sent to object: 'Object Repository/Page_Reevio Video Maker/Editor/Text Editor/input_Enable text_cinput'

2020-02-07 12:26:51 - [TEST_STEP][PASSED] - click(findTestObject("Page_Reevio Video Maker/Editor/Text Color/span_Shadows Into Light_minicolors-swatch-color")): Object: 'Object Repository/Page_Reevio Video Maker/Editor/Text Color/span_Shadows Into Light_minicolors-swatch-color' is clicked on

2020-02-07 12:26:53 - [MESSAGE][PASSED] - Object: 'Object Repository/Page_Reevio Video Maker/Editor/Text Color/span_Shadows Into Light_minicolors-swatch-color' is clicked on

2020-02-07 12:26:53 - [TEST_STEP][FAILED] - clearText(findTestObject("Page_Reevio Video Maker/Editor/Text Color/input_RGB_texthex-color")): Unable to clear text of object 'Object Repository/Page_Reevio Video Maker/Editor/Text Color/input_RGB_texthex-color' (Root cause: com.kms.katalon.core.exception.StepFailedException: Unable to clear text of object 'Object Repository/Page_Reevio Video Maker/Editor/Text Color/input_RGB_texthex-color'
	at com.kms.katalon.core.webui.keyword.internal.WebUIKeywordMain.stepFailed(WebUIKeywordMain.groovy:64)
	at com.kms.katalon.core.webui.keyword.internal.WebUIKeywordMain.runKeyword(WebUIKeywordMain.groovy:42)
	at com.kms.katalon.core.webui.keyword.builtin.ClearTextKeyword.clearText(ClearTextKeyword.groovy:61)
	at com.kms.katalon.core.webui.keyword.builtin.ClearTextKeyword.execute(ClearTextKeyword.groovy:34)
	at com.kms.katalon.core.keyword.internal.KeywordExecutor.executeKeywordForPlatform(KeywordExecutor.groovy:72)
	at com.kms.katalon.core.webui.keyword.WebUiBuiltInKeywords.clearText(WebUiBuiltInKeywords.groovy:3817)
	at com.kms.katalon.core.webui.keyword.WebUiBuiltInKeywords$clearText$13.call(Unknown Source)
	at Text adding (MAX and COLOR) 30sc cycle.run(Text adding (MAX and COLOR) 30sc cycle:95)
	at com.kms.katalon.core.main.ScriptEngine.run(ScriptEngine.java:194)
	at com.kms.katalon.core.main.ScriptEngine.runScriptAsRawText(ScriptEngine.java:119)
	at com.kms.katalon.core.main.TestCaseExecutor.runScript(TestCaseExecutor.java:337)
	at com.kms.katalon.core.main.TestCaseExecutor.doExecute(TestCaseExecutor.java:328)
	at com.kms.katalon.core.main.TestCaseExecutor.processExecutionPhase(TestCaseExecutor.java:307)
	at com.kms.katalon.core.main.TestCaseExecutor.accessMainPhase(TestCaseExecutor.java:299)
	at com.kms.katalon.core.main.TestCaseExecutor.execute(TestCaseExecutor.java:233)
	at com.kms.katalon.core.main.TestSuiteExecutor.accessTestCaseMainPhase(TestSuiteExecutor.java:169)
	at com.kms.katalon.core.main.TestSuiteExecutor.accessTestSuiteMainPhase(TestSuiteExecutor.java:142)
	at com.kms.katalon.core.main.TestSuiteExecutor.execute(TestSuiteExecutor.java:91)
	at com.kms.katalon.core.main.TestCaseMain.startTestSuite(TestCaseMain.java:157)
	at com.kms.katalon.core.main.TestCaseMain$startTestSuite$0.call(Unknown Source)
	at TempTestSuite1581071026566.run(TempTestSuite1581071026566.groovy:36)
Caused by: org.openqa.selenium.ElementNotInteractableException: element not interactable
  (Session info: chrome=80.0.3987.87)
Build info: version: '3.141.59', revision: 'e82be7d358', time: '2018-11-14T08:25:53'
System info: host: 'DESKTOP-J4SE4C2', ip: '192.168.1.111', os.name: 'Windows 10', os.arch: 'amd64', os.version: '10.0', java.version: '1.8.0_181'
Driver info: com.kms.katalon.selenium.driver.CChromeDriver
Capabilities {acceptInsecureCerts: false, browserName: chrome, browserVersion: 80.0.3987.87, chrome: {chromedriverVersion: 79.0.3945.36 (3582db32b3389..., userDataDir: C:\Users\tester-3\AppData\L...}, goog:chromeOptions: {debuggerAddress: localhost:62942}, javascriptEnabled: true, networkConnectionEnabled: false, pageLoadStrategy: normal, platform: WINDOWS, platformName: WINDOWS, proxy: Proxy(), setWindowRect: true, strictFileInteractability: false, timeouts: {implicit: 0, pageLoad: 300000, script: 30000}, unhandledPromptBehavior: dismiss and notify}
Session ID: bbf6aef9af687f1f0d8398ad8247ced3
	at org.openqa.selenium.remote.http.W3CHttpResponseCodec.createException(W3CHttpResponseCodec.java:187)
	at org.openqa.selenium.remote.http.W3CHttpResponseCodec.decode(W3CHttpResponseCodec.java:122)
	at org.openqa.selenium.remote.http.W3CHttpResponseCodec.decode(W3CHttpResponseCodec.java:49)
	at org.openqa.selenium.remote.HttpCommandExecutor.execute(HttpCommandExecutor.java:158)
	at org.openqa.selenium.remote.service.DriverCommandExecutor.execute(DriverCommandExecutor.java:83)
	at org.openqa.selenium.remote.RemoteWebDriver.execute(RemoteWebDriver.java:552)
	at com.kms.katalon.selenium.driver.CChromeDriver.execute(CChromeDriver.java:19)
	at org.openqa.selenium.remote.RemoteWebElement.execute(RemoteWebElement.java:285)
	at org.openqa.selenium.remote.RemoteWebElement.clear(RemoteWebElement.java:124)
	at org.openqa.selenium.support.events.EventFiringWebDriver$EventFiringWebElement.lambda$new$0(EventFiringWebDriver.java:404)
	at com.sun.proxy.$Proxy9.clear(Unknown Source)
	at org.openqa.selenium.support.events.EventFiringWebDriver$EventFiringWebElement.clear(EventFiringWebDriver.java:436)
	at com.kms.katalon.core.webui.keyword.builtin.ClearTextKeyword$_clearText_closure1.doCall(ClearTextKeyword.groovy:46)
	at com.kms.katalon.core.webui.keyword.builtin.ClearTextKeyword$_clearText_closure1.call(ClearTextKeyword.groovy)
	at com.kms.katalon.core.webui.keyword.internal.WebUIKeywordMain.runKeyword(WebUIKeywordMain.groovy:33)
	at com.kms.katalon.core.webui.keyword.builtin.ClearTextKeyword.clearText(ClearTextKeyword.groovy:61)
	at com.kms.katalon.core.webui.keyword.builtin.ClearTextKeyword.execute(ClearTextKeyword.groovy:34)
	at com.kms.katalon.core.keyword.internal.KeywordExecutor.executeKeywordForPlatform(KeywordExecutor.groovy:72)
	at com.kms.katalon.core.webui.keyword.WebUiBuiltInKeywords.clearText(WebUiBuiltInKeywords.groovy:3817)
	at com.kms.katalon.core.webui.keyword.WebUiBuiltInKeywords$clearText$13.call(Unknown Source)
	at Script1569935100868.run(Script1569935100868.groovy:95)
	... 13 more
)

2020-02-07 12:26:53 - [MESSAGE][FAILED] - Unable to clear text of object 'Object Repository/Page_Reevio Video Maker/Editor/Text Color/input_RGB_texthex-color' (Root cause: com.kms.katalon.core.exception.StepFailedException: Unable to clear text of object 'Object Repository/Page_Reevio Video Maker/Editor/Text Color/input_RGB_texthex-color'
	at com.kms.katalon.core.webui.keyword.internal.WebUIKeywordMain.stepFailed(WebUIKeywordMain.groovy:64)
	at com.kms.katalon.core.webui.keyword.internal.WebUIKeywordMain.runKeyword(WebUIKeywordMain.groovy:42)
	at com.kms.katalon.core.webui.keyword.builtin.ClearTextKeyword.clearText(ClearTextKeyword.groovy:61)
	at com.kms.katalon.core.webui.keyword.builtin.ClearTextKeyword.execute(ClearTextKeyword.groovy:34)
	at com.kms.katalon.core.keyword.internal.KeywordExecutor.executeKeywordForPlatform(KeywordExecutor.groovy:72)
	at com.kms.katalon.core.webui.keyword.WebUiBuiltInKeywords.clearText(WebUiBuiltInKeywords.groovy:3817)
	at com.kms.katalon.core.webui.keyword.WebUiBuiltInKeywords$clearText$13.call(Unknown Source)
	at Text adding (MAX and COLOR) 30sc cycle.run(Text adding (MAX and COLOR) 30sc cycle:95)
	at com.kms.katalon.core.main.ScriptEngine.run(ScriptEngine.java:194)
	at com.kms.katalon.core.main.ScriptEngine.runScriptAsRawText(ScriptEngine.java:119)
	at com.kms.katalon.core.main.TestCaseExecutor.runScript(TestCaseExecutor.java:337)
	at com.kms.katalon.core.main.TestCaseExecutor.doExecute(TestCaseExecutor.java:328)
	at com.kms.katalon.core.main.TestCaseExecutor.processExecutionPhase(TestCaseExecutor.java:307)
	at com.kms.katalon.core.main.TestCaseExecutor.accessMainPhase(TestCaseExecutor.java:299)
	at com.kms.katalon.core.main.TestCaseExecutor.execute(TestCaseExecutor.java:233)
	at com.kms.katalon.core.main.TestSuiteExecutor.accessTestCaseMainPhase(TestSuiteExecutor.java:169)
	at com.kms.katalon.core.main.TestSuiteExecutor.accessTestSuiteMainPhase(TestSuiteExecutor.java:142)
	at com.kms.katalon.core.main.TestSuiteExecutor.execute(TestSuiteExecutor.java:91)
	at com.kms.katalon.core.main.TestCaseMain.startTestSuite(TestCaseMain.java:157)
	at com.kms.katalon.core.main.TestCaseMain$startTestSuite$0.call(Unknown Source)
	at TempTestSuite1581071026566.run(TempTestSuite1581071026566.groovy:36)
Caused by: org.openqa.selenium.ElementNotInteractableException: element not interactable
  (Session info: chrome=80.0.3987.87)
Build info: version: '3.141.59', revision: 'e82be7d358', time: '2018-11-14T08:25:53'
System info: host: 'DESKTOP-J4SE4C2', ip: '192.168.1.111', os.name: 'Windows 10', os.arch: 'amd64', os.version: '10.0', java.version: '1.8.0_181'
Driver info: com.kms.katalon.selenium.driver.CChromeDriver
Capabilities {acceptInsecureCerts: false, browserName: chrome, browserVersion: 80.0.3987.87, chrome: {chromedriverVersion: 79.0.3945.36 (3582db32b3389..., userDataDir: C:\Users\tester-3\AppData\L...}, goog:chromeOptions: {debuggerAddress: localhost:62942}, javascriptEnabled: true, networkConnectionEnabled: false, pageLoadStrategy: normal, platform: WINDOWS, platformName: WINDOWS, proxy: Proxy(), setWindowRect: true, strictFileInteractability: false, timeouts: {implicit: 0, pageLoad: 300000, script: 30000}, unhandledPromptBehavior: dismiss and notify}
Session ID: bbf6aef9af687f1f0d8398ad8247ced3
	at org.openqa.selenium.remote.http.W3CHttpResponseCodec.createException(W3CHttpResponseCodec.java:187)
	at org.openqa.selenium.remote.http.W3CHttpResponseCodec.decode(W3CHttpResponseCodec.java:122)
	at org.openqa.selenium.remote.http.W3CHttpResponseCodec.decode(W3CHttpResponseCodec.java:49)
	at org.openqa.selenium.remote.HttpCommandExecutor.execute(HttpCommandExecutor.java:158)
	at org.openqa.selenium.remote.service.DriverCommandExecutor.execute(DriverCommandExecutor.java:83)
	at org.openqa.selenium.remote.RemoteWebDriver.execute(RemoteWebDriver.java:552)
	at com.kms.katalon.selenium.driver.CChromeDriver.execute(CChromeDriver.java:19)
	at org.openqa.selenium.remote.RemoteWebElement.execute(RemoteWebElement.java:285)
	at org.openqa.selenium.remote.RemoteWebElement.clear(RemoteWebElement.java:124)
	at org.openqa.selenium.support.events.EventFiringWebDriver$EventFiringWebElement.lambda$new$0(EventFiringWebDriver.java:404)
	at com.sun.proxy.$Proxy9.clear(Unknown Source)
	at org.openqa.selenium.support.events.EventFiringWebDriver$EventFiringWebElement.clear(EventFiringWebDriver.java:436)
	at com.kms.katalon.core.webui.keyword.builtin.ClearTextKeyword$_clearText_closure1.doCall(ClearTextKeyword.groovy:46)
	at com.kms.katalon.core.webui.keyword.builtin.ClearTextKeyword$_clearText_closure1.call(ClearTextKeyword.groovy)
	at com.kms.katalon.core.webui.keyword.internal.WebUIKeywordMain.runKeyword(WebUIKeywordMain.groovy:33)
	at com.kms.katalon.core.webui.keyword.builtin.ClearTextKeyword.clearText(ClearTextKeyword.groovy:61)
	at com.kms.katalon.core.webui.keyword.builtin.ClearTextKeyword.execute(ClearTextKeyword.groovy:34)
	at com.kms.katalon.core.keyword.internal.KeywordExecutor.executeKeywordForPlatform(KeywordExecutor.groovy:72)
	at com.kms.katalon.core.webui.keyword.WebUiBuiltInKeywords.clearText(WebUiBuiltInKeywords.groovy:3817)
	at com.kms.katalon.core.webui.keyword.WebUiBuiltInKeywords$clearText$13.call(Unknown Source)
	at Script1569935100868.run(Script1569935100868.groovy:95)
	... 13 more
)

2020-02-07 12:26:54 - [TEST_STEP][FAILED] - setText(findTestObject("Page_Reevio Video Maker/Editor/Text Color/input_RGB_texthex-color"), findTestData("vavowDate").getValue(2, 1)): Unable to set text '#00FFE1' of object 'Object Repository/Page_Reevio Video Maker/Editor/Text Color/input_RGB_texthex-color' (Root cause: com.kms.katalon.core.exception.StepFailedException: Unable to set text '#00FFE1' of object 'Object Repository/Page_Reevio Video Maker/Editor/Text Color/input_RGB_texthex-color'
	at com.kms.katalon.core.webui.keyword.internal.WebUIKeywordMain.stepFailed(WebUIKeywordMain.groovy:64)
	at com.kms.katalon.core.webui.keyword.internal.WebUIKeywordMain.runKeyword(WebUIKeywordMain.groovy:26)
	at com.kms.katalon.core.webui.keyword.builtin.SetTextKeyword.setText(SetTextKeyword.groovy:66)
	at com.kms.katalon.core.webui.keyword.builtin.SetTextKeyword.execute(SetTextKeyword.groovy:37)
	at com.kms.katalon.core.keyword.internal.KeywordExecutor.executeKeywordForPlatform(KeywordExecutor.groovy:72)
	at com.kms.katalon.core.webui.keyword.WebUiBuiltInKeywords.setText(WebUiBuiltInKeywords.groovy:950)
	at com.kms.katalon.core.webui.keyword.WebUiBuiltInKeywords$setText$4.call(Unknown Source)
	at Text adding (MAX and COLOR) 30sc cycle.run(Text adding (MAX and COLOR) 30sc cycle:97)
	at com.kms.katalon.core.main.ScriptEngine.run(ScriptEngine.java:194)
	at com.kms.katalon.core.main.ScriptEngine.runScriptAsRawText(ScriptEngine.java:119)
	at com.kms.katalon.core.main.TestCaseExecutor.runScript(TestCaseExecutor.java:337)
	at com.kms.katalon.core.main.TestCaseExecutor.doExecute(TestCaseExecutor.java:328)
	at com.kms.katalon.core.main.TestCaseExecutor.processExecutionPhase(TestCaseExecutor.java:307)
	at com.kms.katalon.core.main.TestCaseExecutor.accessMainPhase(TestCaseExecutor.java:299)
	at com.kms.katalon.core.main.TestCaseExecutor.execute(TestCaseExecutor.java:233)
	at com.kms.katalon.core.main.TestSuiteExecutor.accessTestCaseMainPhase(TestSuiteExecutor.java:169)
	at com.kms.katalon.core.main.TestSuiteExecutor.accessTestSuiteMainPhase(TestSuiteExecutor.java:142)
	at com.kms.katalon.core.main.TestSuiteExecutor.execute(TestSuiteExecutor.java:91)
	at com.kms.katalon.core.main.TestCaseMain.startTestSuite(TestCaseMain.java:157)
	at com.kms.katalon.core.main.TestCaseMain$startTestSuite$0.call(Unknown Source)
	at TempTestSuite1581071026566.run(TempTestSuite1581071026566.groovy:36)
Caused by: org.openqa.selenium.ElementNotInteractableException: element not interactable
  (Session info: chrome=80.0.3987.87)
Build info: version: '3.141.59', revision: 'e82be7d358', time: '2018-11-14T08:25:53'
System info: host: 'DESKTOP-J4SE4C2', ip: '192.168.1.111', os.name: 'Windows 10', os.arch: 'amd64', os.version: '10.0', java.version: '1.8.0_181'
Driver info: com.kms.katalon.selenium.driver.CChromeDriver
Capabilities {acceptInsecureCerts: false, browserName: chrome, browserVersion: 80.0.3987.87, chrome: {chromedriverVersion: 79.0.3945.36 (3582db32b3389..., userDataDir: C:\Users\tester-3\AppData\L...}, goog:chromeOptions: {debuggerAddress: localhost:62942}, javascriptEnabled: true, networkConnectionEnabled: false, pageLoadStrategy: normal, platform: WINDOWS, platformName: WINDOWS, proxy: Proxy(), setWindowRect: true, strictFileInteractability: false, timeouts: {implicit: 0, pageLoad: 300000, script: 30000}, unhandledPromptBehavior: dismiss and notify}
Session ID: bbf6aef9af687f1f0d8398ad8247ced3
	at org.openqa.selenium.remote.http.W3CHttpResponseCodec.createException(W3CHttpResponseCodec.java:187)
	at org.openqa.selenium.remote.http.W3CHttpResponseCodec.decode(W3CHttpResponseCodec.java:122)
	at org.openqa.selenium.remote.http.W3CHttpResponseCodec.decode(W3CHttpResponseCodec.java:49)
	at org.openqa.selenium.remote.HttpCommandExecutor.execute(HttpCommandExecutor.java:158)
	at org.openqa.selenium.remote.service.DriverCommandExecutor.execute(DriverCommandExecutor.java:83)
	at org.openqa.selenium.remote.RemoteWebDriver.execute(RemoteWebDriver.java:552)
	at com.kms.katalon.selenium.driver.CChromeDriver.execute(CChromeDriver.java:19)
	at org.openqa.selenium.remote.RemoteWebElement.execute(RemoteWebElement.java:285)
	at org.openqa.selenium.remote.RemoteWebElement.clear(RemoteWebElement.java:124)
	at org.openqa.selenium.support.events.EventFiringWebDriver$EventFiringWebElement.lambda$new$0(EventFiringWebDriver.java:404)
	at com.sun.proxy.$Proxy9.clear(Unknown Source)
	at org.openqa.selenium.support.events.EventFiringWebDriver$EventFiringWebElement.clear(EventFiringWebDriver.java:436)
	at com.kms.katalon.core.webui.keyword.builtin.SetTextKeyword$_setText_closure1.doCall(SetTextKeyword.groovy:53)
	at com.kms.katalon.core.webui.keyword.builtin.SetTextKeyword$_setText_closure1.call(SetTextKeyword.groovy)
	at com.kms.katalon.core.webui.keyword.internal.WebUIKeywordMain.runKeyword(WebUIKeywordMain.groovy:20)
	at com.kms.katalon.core.webui.keyword.builtin.SetTextKeyword.setText(SetTextKeyword.groovy:66)
	at com.kms.katalon.core.webui.keyword.builtin.SetTextKeyword.execute(SetTextKeyword.groovy:37)
	at com.kms.katalon.core.keyword.internal.KeywordExecutor.executeKeywordForPlatform(KeywordExecutor.groovy:72)
	at com.kms.katalon.core.webui.keyword.WebUiBuiltInKeywords.setText(WebUiBuiltInKeywords.groovy:950)
	at com.kms.katalon.core.webui.keyword.WebUiBuiltInKeywords$setText$4.call(Unknown Source)
	at Script1569935100868.run(Script1569935100868.groovy:97)
	... 13 more
)

2020-02-07 12:26:54 - [MESSAGE][FAILED] - Unable to set text '#00FFE1' of object 'Object Repository/Page_Reevio Video Maker/Editor/Text Color/input_RGB_texthex-color' (Root cause: com.kms.katalon.core.exception.StepFailedException: Unable to set text '#00FFE1' of object 'Object Repository/Page_Reevio Video Maker/Editor/Text Color/input_RGB_texthex-color'
	at com.kms.katalon.core.webui.keyword.internal.WebUIKeywordMain.stepFailed(WebUIKeywordMain.groovy:64)
	at com.kms.katalon.core.webui.keyword.internal.WebUIKeywordMain.runKeyword(WebUIKeywordMain.groovy:26)
	at com.kms.katalon.core.webui.keyword.builtin.SetTextKeyword.setText(SetTextKeyword.groovy:66)
	at com.kms.katalon.core.webui.keyword.builtin.SetTextKeyword.execute(SetTextKeyword.groovy:37)
	at com.kms.katalon.core.keyword.internal.KeywordExecutor.executeKeywordForPlatform(KeywordExecutor.groovy:72)
	at com.kms.katalon.core.webui.keyword.WebUiBuiltInKeywords.setText(WebUiBuiltInKeywords.groovy:950)
	at com.kms.katalon.core.webui.keyword.WebUiBuiltInKeywords$setText$4.call(Unknown Source)
	at Text adding (MAX and COLOR) 30sc cycle.run(Text adding (MAX and COLOR) 30sc cycle:97)
	at com.kms.katalon.core.main.ScriptEngine.run(ScriptEngine.java:194)
	at com.kms.katalon.core.main.ScriptEngine.runScriptAsRawText(ScriptEngine.java:119)
	at com.kms.katalon.core.main.TestCaseExecutor.runScript(TestCaseExecutor.java:337)
	at com.kms.katalon.core.main.TestCaseExecutor.doExecute(TestCaseExecutor.java:328)
	at com.kms.katalon.core.main.TestCaseExecutor.processExecutionPhase(TestCaseExecutor.java:307)
	at com.kms.katalon.core.main.TestCaseExecutor.accessMainPhase(TestCaseExecutor.java:299)
	at com.kms.katalon.core.main.TestCaseExecutor.execute(TestCaseExecutor.java:233)
	at com.kms.katalon.core.main.TestSuiteExecutor.accessTestCaseMainPhase(TestSuiteExecutor.java:169)
	at com.kms.katalon.core.main.TestSuiteExecutor.accessTestSuiteMainPhase(TestSuiteExecutor.java:142)
	at com.kms.katalon.core.main.TestSuiteExecutor.execute(TestSuiteExecutor.java:91)
	at com.kms.katalon.core.main.TestCaseMain.startTestSuite(TestCaseMain.java:157)
	at com.kms.katalon.core.main.TestCaseMain$startTestSuite$0.call(Unknown Source)
	at TempTestSuite1581071026566.run(TempTestSuite1581071026566.groovy:36)
Caused by: org.openqa.selenium.ElementNotInteractableException: element not interactable
  (Session info: chrome=80.0.3987.87)
Build info: version: '3.141.59', revision: 'e82be7d358', time: '2018-11-14T08:25:53'
System info: host: 'DESKTOP-J4SE4C2', ip: '192.168.1.111', os.name: 'Windows 10', os.arch: 'amd64', os.version: '10.0', java.version: '1.8.0_181'
Driver info: com.kms.katalon.selenium.driver.CChromeDriver
Capabilities {acceptInsecureCerts: false, browserName: chrome, browserVersion: 80.0.3987.87, chrome: {chromedriverVersion: 79.0.3945.36 (3582db32b3389..., userDataDir: C:\Users\tester-3\AppData\L...}, goog:chromeOptions: {debuggerAddress: localhost:62942}, javascriptEnabled: true, networkConnectionEnabled: false, pageLoadStrategy: normal, platform: WINDOWS, platformName: WINDOWS, proxy: Proxy(), setWindowRect: true, strictFileInteractability: false, timeouts: {implicit: 0, pageLoad: 300000, script: 30000}, unhandledPromptBehavior: dismiss and notify}
Session ID: bbf6aef9af687f1f0d8398ad8247ced3
	at org.openqa.selenium.remote.http.W3CHttpResponseCodec.createException(W3CHttpResponseCodec.java:187)
	at org.openqa.selenium.remote.http.W3CHttpResponseCodec.decode(W3CHttpResponseCodec.java:122)
	at org.openqa.selenium.remote.http.W3CHttpResponseCodec.decode(W3CHttpResponseCodec.java:49)
	at org.openqa.selenium.remote.HttpCommandExecutor.execute(HttpCommandExecutor.java:158)
	at org.openqa.selenium.remote.service.DriverCommandExecutor.execute(DriverCommandExecutor.java:83)
	at org.openqa.selenium.remote.RemoteWebDriver.execute(RemoteWebDriver.java:552)
	at com.kms.katalon.selenium.driver.CChromeDriver.execute(CChromeDriver.java:19)
	at org.openqa.selenium.remote.RemoteWebElement.execute(RemoteWebElement.java:285)
	at org.openqa.selenium.remote.RemoteWebElement.clear(RemoteWebElement.java:124)
	at org.openqa.selenium.support.events.EventFiringWebDriver$EventFiringWebElement.lambda$new$0(EventFiringWebDriver.java:404)
	at com.sun.proxy.$Proxy9.clear(Unknown Source)
	at org.openqa.selenium.support.events.EventFiringWebDriver$EventFiringWebElement.clear(EventFiringWebDriver.java:436)
	at com.kms.katalon.core.webui.keyword.builtin.SetTextKeyword$_setText_closure1.doCall(SetTextKeyword.groovy:53)
	at com.kms.katalon.core.webui.keyword.builtin.SetTextKeyword$_setText_closure1.call(SetTextKeyword.groovy)
	at com.kms.katalon.core.webui.keyword.internal.WebUIKeywordMain.runKeyword(WebUIKeywordMain.groovy:20)
	at com.kms.katalon.core.webui.keyword.builtin.SetTextKeyword.setText(SetTextKeyword.groovy:66)
	at com.kms.katalon.core.webui.keyword.builtin.SetTextKeyword.execute(SetTextKeyword.groovy:37)
	at com.kms.katalon.core.keyword.internal.KeywordExecutor.executeKeywordForPlatform(KeywordExecutor.groovy:72)
	at com.kms.katalon.core.webui.keyword.WebUiBuiltInKeywords.setText(WebUiBuiltInKeywords.groovy:950)
	at com.kms.katalon.core.webui.keyword.WebUiBuiltInKeywords$setText$4.call(Unknown Source)
	at Script1569935100868.run(Script1569935100868.groovy:97)
	... 13 more
)

2020-02-07 12:26:54 - [TEST_STEP][PASSED] - click(findTestObject("Page_Reevio Video Maker/Editor/Text Color/button_Apply")): Object: 'Object Repository/Page_Reevio Video Maker/Editor/Text Color/button_Apply' is clicked on

2020-02-07 12:26:54 - [MESSAGE][ERROR] - javascript error: Failed to execute 'elementsFromPoint' on 'Document': The provided double value is non-finite.
  (Session info: chrome=80.0.3987.87)
Build info: version: '3.141.59', revision: 'e82be7d358', time: '2018-11-14T08:25:53'
System info: host: 'DESKTOP-J4SE4C2', ip: '192.168.1.111', os.name: 'Windows 10', os.arch: 'amd64', os.version: '10.0', java.version: '1.8.0_181'
Driver info: com.kms.katalon.selenium.driver.CChromeDriver
Capabilities {acceptInsecureCerts: false, browserName: chrome, browserVersion: 80.0.3987.87, chrome: {chromedriverVersion: 79.0.3945.36 (3582db32b3389..., userDataDir: C:\Users\tester-3\AppData\L...}, goog:chromeOptions: {debuggerAddress: localhost:62942}, javascriptEnabled: true, networkConnectionEnabled: false, pageLoadStrategy: normal, platform: WINDOWS, platformName: WINDOWS, proxy: Proxy(), setWindowRect: true, strictFileInteractability: false, timeouts: {implicit: 0, pageLoad: 300000, script: 30000}, unhandledPromptBehavior: dismiss and notify}
Session ID: bbf6aef9af687f1f0d8398ad8247ced3

2020-02-07 12:26:55 - [MESSAGE][ERROR] - javascript error: Failed to execute 'elementsFromPoint' on 'Document': The provided double value is non-finite.
  (Session info: chrome=80.0.3987.87)
Build info: version: '3.141.59', revision: 'e82be7d358', time: '2018-11-14T08:25:53'
System info: host: 'DESKTOP-J4SE4C2', ip: '192.168.1.111', os.name: 'Windows 10', os.arch: 'amd64', os.version: '10.0', java.version: '1.8.0_181'
Driver info: com.kms.katalon.selenium.driver.CChromeDriver
Capabilities {acceptInsecureCerts: false, browserName: chrome, browserVersion: 80.0.3987.87, chrome: {chromedriverVersion: 79.0.3945.36 (3582db32b3389..., userDataDir: C:\Users\tester-3\AppData\L...}, goog:chromeOptions: {debuggerAddress: localhost:62942}, javascriptEnabled: true, networkConnectionEnabled: false, pageLoadStrategy: normal, platform: WINDOWS, platformName: WINDOWS, proxy: Proxy(), setWindowRect: true, strictFileInteractability: false, timeouts: {implicit: 0, pageLoad: 300000, script: 30000}, unhandledPromptBehavior: dismiss and notify}
Session ID: bbf6aef9af687f1f0d8398ad8247ced3

2020-02-07 12:26:55 - [MESSAGE][PASSED] - Object: 'Object Repository/Page_Reevio Video Maker/Editor/Text Color/button_Apply' is clicked on

2020-02-07 12:26:55 - [TEST_STEP][PASSED] - click(findTestObject("Page_Reevio Video Maker/Editor/Text Editor/span_Save")): Object: 'Object Repository/Page_Reevio Video Maker/Editor/Text Editor/span_Save' is clicked on

2020-02-07 12:26:55 - [MESSAGE][PASSED] - Object: 'Object Repository/Page_Reevio Video Maker/Editor/Text Editor/span_Save' is clicked on

2020-02-07 12:26:55 - [TEST_STEP][PASSED] - maxlength = 0: null

2020-02-07 12:26:55 - [TEST_STEP][FAILED] - if (verifyElementInViewport(findTestObject("Page_Reevio Video Maker/Editor/Test Text fields/a_Text " + j), 0) == true): Object 'Object Repository/Page_Reevio Video Maker/Editor/Test Text fields/a_Text 5' is not present (Root cause: com.kms.katalon.core.exception.StepFailedException: Object 'Object Repository/Page_Reevio Video Maker/Editor/Test Text fields/a_Text 5' is not present
	at com.kms.katalon.core.webui.keyword.internal.WebUIKeywordMain.stepFailed(WebUIKeywordMain.groovy:64)
	at com.kms.katalon.core.webui.keyword.builtin.VerifyElementVisibleInViewportKeyword$_verifyElementVisibleInViewport_closure1.doCall(VerifyElementVisibleInViewportKeyword.groovy:83)
	at com.kms.katalon.core.webui.keyword.builtin.VerifyElementVisibleInViewportKeyword$_verifyElementVisibleInViewport_closure1.call(VerifyElementVisibleInViewportKeyword.groovy)
	at com.kms.katalon.core.webui.keyword.internal.WebUIKeywordMain.runKeyword(WebUIKeywordMain.groovy:20)
	at com.kms.katalon.core.webui.keyword.builtin.VerifyElementVisibleInViewportKeyword.verifyElementVisibleInViewport(VerifyElementVisibleInViewportKeyword.groovy:86)
	at com.kms.katalon.core.webui.keyword.builtin.VerifyElementVisibleInViewportKeyword.execute(VerifyElementVisibleInViewportKeyword.groovy:68)
	at com.kms.katalon.core.keyword.internal.KeywordExecutor.executeKeywordForPlatform(KeywordExecutor.groovy:72)
	at com.kms.katalon.core.webui.keyword.WebUiBuiltInKeywords.verifyElementInViewport(WebUiBuiltInKeywords.groovy:3039)
	at com.kms.katalon.core.webui.keyword.WebUiBuiltInKeywords$verifyElementInViewport$14.call(Unknown Source)
	at Text adding (MAX and COLOR) 30sc cycle.run(Text adding (MAX and COLOR) 30sc cycle:54)
	at com.kms.katalon.core.main.ScriptEngine.run(ScriptEngine.java:194)
	at com.kms.katalon.core.main.ScriptEngine.runScriptAsRawText(ScriptEngine.java:119)
	at com.kms.katalon.core.main.TestCaseExecutor.runScript(TestCaseExecutor.java:337)
	at com.kms.katalon.core.main.TestCaseExecutor.doExecute(TestCaseExecutor.java:328)
	at com.kms.katalon.core.main.TestCaseExecutor.processExecutionPhase(TestCaseExecutor.java:307)
	at com.kms.katalon.core.main.TestCaseExecutor.accessMainPhase(TestCaseExecutor.java:299)
	at com.kms.katalon.core.main.TestCaseExecutor.execute(TestCaseExecutor.java:233)
	at com.kms.katalon.core.main.TestSuiteExecutor.accessTestCaseMainPhase(TestSuiteExecutor.java:169)
	at com.kms.katalon.core.main.TestSuiteExecutor.accessTestSuiteMainPhase(TestSuiteExecutor.java:142)
	at com.kms.katalon.core.main.TestSuiteExecutor.execute(TestSuiteExecutor.java:91)
	at com.kms.katalon.core.main.TestCaseMain.startTestSuite(TestCaseMain.java:157)
	at com.kms.katalon.core.main.TestCaseMain$startTestSuite$0.call(Unknown Source)
	at TempTestSuite1581071026566.run(TempTestSuite1581071026566.groovy:36)
)

2020-02-07 12:26:55 - [MESSAGE][WARNING] - Timeout '0' is invalid. Using default page load timeout: '1'

2020-02-07 12:26:56 - [MESSAGE][INFO] - Unable to find the element located by 'By.xpath: (//div[@class='current-slide active-slide']//*[@id="anchor_input"])[5]'. Please recheck the objects properties to make sure the desired element is located. 

2020-02-07 12:26:56 - [MESSAGE][FAILED] - Object 'Object Repository/Page_Reevio Video Maker/Editor/Test Text fields/a_Text 5' is not present (Root cause: com.kms.katalon.core.exception.StepFailedException: Object 'Object Repository/Page_Reevio Video Maker/Editor/Test Text fields/a_Text 5' is not present
	at com.kms.katalon.core.webui.keyword.internal.WebUIKeywordMain.stepFailed(WebUIKeywordMain.groovy:64)
	at com.kms.katalon.core.webui.keyword.builtin.VerifyElementVisibleInViewportKeyword$_verifyElementVisibleInViewport_closure1.doCall(VerifyElementVisibleInViewportKeyword.groovy:83)
	at com.kms.katalon.core.webui.keyword.builtin.VerifyElementVisibleInViewportKeyword$_verifyElementVisibleInViewport_closure1.call(VerifyElementVisibleInViewportKeyword.groovy)
	at com.kms.katalon.core.webui.keyword.internal.WebUIKeywordMain.runKeyword(WebUIKeywordMain.groovy:20)
	at com.kms.katalon.core.webui.keyword.builtin.VerifyElementVisibleInViewportKeyword.verifyElementVisibleInViewport(VerifyElementVisibleInViewportKeyword.groovy:86)
	at com.kms.katalon.core.webui.keyword.builtin.VerifyElementVisibleInViewportKeyword.execute(VerifyElementVisibleInViewportKeyword.groovy:68)
	at com.kms.katalon.core.keyword.internal.KeywordExecutor.executeKeywordForPlatform(KeywordExecutor.groovy:72)
	at com.kms.katalon.core.webui.keyword.WebUiBuiltInKeywords.verifyElementInViewport(WebUiBuiltInKeywords.groovy:3039)
	at com.kms.katalon.core.webui.keyword.WebUiBuiltInKeywords$verifyElementInViewport$14.call(Unknown Source)
	at Text adding (MAX and COLOR) 30sc cycle.run(Text adding (MAX and COLOR) 30sc cycle:54)
	at com.kms.katalon.core.main.ScriptEngine.run(ScriptEngine.java:194)
	at com.kms.katalon.core.main.ScriptEngine.runScriptAsRawText(ScriptEngine.java:119)
	at com.kms.katalon.core.main.TestCaseExecutor.runScript(TestCaseExecutor.java:337)
	at com.kms.katalon.core.main.TestCaseExecutor.doExecute(TestCaseExecutor.java:328)
	at com.kms.katalon.core.main.TestCaseExecutor.processExecutionPhase(TestCaseExecutor.java:307)
	at com.kms.katalon.core.main.TestCaseExecutor.accessMainPhase(TestCaseExecutor.java:299)
	at com.kms.katalon.core.main.TestCaseExecutor.execute(TestCaseExecutor.java:233)
	at com.kms.katalon.core.main.TestSuiteExecutor.accessTestCaseMainPhase(TestSuiteExecutor.java:169)
	at com.kms.katalon.core.main.TestSuiteExecutor.accessTestSuiteMainPhase(TestSuiteExecutor.java:142)
	at com.kms.katalon.core.main.TestSuiteExecutor.execute(TestSuiteExecutor.java:91)
	at com.kms.katalon.core.main.TestCaseMain.startTestSuite(TestCaseMain.java:157)
	at com.kms.katalon.core.main.TestCaseMain$startTestSuite$0.call(Unknown Source)
	at TempTestSuite1581071026566.run(TempTestSuite1581071026566.groovy:36)
)

2020-02-07 12:26:56 - [TEST_STEP][PASSED] - else: null

2020-02-07 12:26:56 - [TEST_STEP][PASSED] - break: null

2020-02-07 12:26:56 - [TEST_STEP][PASSED] - if (verifyElementPresent(findTestObject("Page_Reevio Video Maker/Editor_Scene_" + i), 0) == true): null

2020-02-07 12:26:56 - [MESSAGE][WARNING] - Timeout '0' is invalid. Using default page load timeout: '1'

2020-02-07 12:26:56 - [MESSAGE][PASSED] - Object 'Object Repository/Page_Reevio Video Maker/Editor_Scene_6' is present

2020-02-07 12:26:56 - [TEST_STEP][PASSED] - doubleClick(findTestObject("Page_Reevio Video Maker/Editor_Scene_" + i)): Object: 'Object Repository/Page_Reevio Video Maker/Editor_Scene_6' is double clicked on

2020-02-07 12:26:57 - [MESSAGE][PASSED] - Object: 'Object Repository/Page_Reevio Video Maker/Editor_Scene_6' is double clicked on

2020-02-07 12:26:57 - [TEST_STEP][PASSED] - delay(1): Delayed 1 second(s)

2020-02-07 12:26:58 - [MESSAGE][PASSED] - Delayed 1 second(s)

2020-02-07 12:26:58 - [TEST_STEP][FAILED] - for ([j = 1, j < 7, (j++)]): null

2020-02-07 12:26:58 - [TEST_STEP][FAILED] - if (verifyElementInViewport(findTestObject("Page_Reevio Video Maker/Editor/Test Text fields/a_Text " + j), 0) == true): Object 'Object Repository/Page_Reevio Video Maker/Editor/Test Text fields/a_Text 1' is not present (Root cause: com.kms.katalon.core.exception.StepFailedException: Object 'Object Repository/Page_Reevio Video Maker/Editor/Test Text fields/a_Text 1' is not present
	at com.kms.katalon.core.webui.keyword.internal.WebUIKeywordMain.stepFailed(WebUIKeywordMain.groovy:64)
	at com.kms.katalon.core.webui.keyword.builtin.VerifyElementVisibleInViewportKeyword$_verifyElementVisibleInViewport_closure1.doCall(VerifyElementVisibleInViewportKeyword.groovy:83)
	at com.kms.katalon.core.webui.keyword.builtin.VerifyElementVisibleInViewportKeyword$_verifyElementVisibleInViewport_closure1.call(VerifyElementVisibleInViewportKeyword.groovy)
	at com.kms.katalon.core.webui.keyword.internal.WebUIKeywordMain.runKeyword(WebUIKeywordMain.groovy:20)
	at com.kms.katalon.core.webui.keyword.builtin.VerifyElementVisibleInViewportKeyword.verifyElementVisibleInViewport(VerifyElementVisibleInViewportKeyword.groovy:86)
	at com.kms.katalon.core.webui.keyword.builtin.VerifyElementVisibleInViewportKeyword.execute(VerifyElementVisibleInViewportKeyword.groovy:68)
	at com.kms.katalon.core.keyword.internal.KeywordExecutor.executeKeywordForPlatform(KeywordExecutor.groovy:72)
	at com.kms.katalon.core.webui.keyword.WebUiBuiltInKeywords.verifyElementInViewport(WebUiBuiltInKeywords.groovy:3039)
	at com.kms.katalon.core.webui.keyword.WebUiBuiltInKeywords$verifyElementInViewport$14.call(Unknown Source)
	at Text adding (MAX and COLOR) 30sc cycle.run(Text adding (MAX and COLOR) 30sc cycle:54)
	at com.kms.katalon.core.main.ScriptEngine.run(ScriptEngine.java:194)
	at com.kms.katalon.core.main.ScriptEngine.runScriptAsRawText(ScriptEngine.java:119)
	at com.kms.katalon.core.main.TestCaseExecutor.runScript(TestCaseExecutor.java:337)
	at com.kms.katalon.core.main.TestCaseExecutor.doExecute(TestCaseExecutor.java:328)
	at com.kms.katalon.core.main.TestCaseExecutor.processExecutionPhase(TestCaseExecutor.java:307)
	at com.kms.katalon.core.main.TestCaseExecutor.accessMainPhase(TestCaseExecutor.java:299)
	at com.kms.katalon.core.main.TestCaseExecutor.execute(TestCaseExecutor.java:233)
	at com.kms.katalon.core.main.TestSuiteExecutor.accessTestCaseMainPhase(TestSuiteExecutor.java:169)
	at com.kms.katalon.core.main.TestSuiteExecutor.accessTestSuiteMainPhase(TestSuiteExecutor.java:142)
	at com.kms.katalon.core.main.TestSuiteExecutor.execute(TestSuiteExecutor.java:91)
	at com.kms.katalon.core.main.TestCaseMain.startTestSuite(TestCaseMain.java:157)
	at com.kms.katalon.core.main.TestCaseMain$startTestSuite$0.call(Unknown Source)
	at TempTestSuite1581071026566.run(TempTestSuite1581071026566.groovy:36)
)

2020-02-07 12:26:58 - [MESSAGE][WARNING] - Timeout '0' is invalid. Using default page load timeout: '1'

2020-02-07 12:26:59 - [MESSAGE][INFO] - Unable to find the element located by 'By.xpath: (//div[@class='current-slide active-slide']//*[@id="anchor_input"])[1]'. Please recheck the objects properties to make sure the desired element is located. 

2020-02-07 12:26:59 - [MESSAGE][FAILED] - Object 'Object Repository/Page_Reevio Video Maker/Editor/Test Text fields/a_Text 1' is not present (Root cause: com.kms.katalon.core.exception.StepFailedException: Object 'Object Repository/Page_Reevio Video Maker/Editor/Test Text fields/a_Text 1' is not present
	at com.kms.katalon.core.webui.keyword.internal.WebUIKeywordMain.stepFailed(WebUIKeywordMain.groovy:64)
	at com.kms.katalon.core.webui.keyword.builtin.VerifyElementVisibleInViewportKeyword$_verifyElementVisibleInViewport_closure1.doCall(VerifyElementVisibleInViewportKeyword.groovy:83)
	at com.kms.katalon.core.webui.keyword.builtin.VerifyElementVisibleInViewportKeyword$_verifyElementVisibleInViewport_closure1.call(VerifyElementVisibleInViewportKeyword.groovy)
	at com.kms.katalon.core.webui.keyword.internal.WebUIKeywordMain.runKeyword(WebUIKeywordMain.groovy:20)
	at com.kms.katalon.core.webui.keyword.builtin.VerifyElementVisibleInViewportKeyword.verifyElementVisibleInViewport(VerifyElementVisibleInViewportKeyword.groovy:86)
	at com.kms.katalon.core.webui.keyword.builtin.VerifyElementVisibleInViewportKeyword.execute(VerifyElementVisibleInViewportKeyword.groovy:68)
	at com.kms.katalon.core.keyword.internal.KeywordExecutor.executeKeywordForPlatform(KeywordExecutor.groovy:72)
	at com.kms.katalon.core.webui.keyword.WebUiBuiltInKeywords.verifyElementInViewport(WebUiBuiltInKeywords.groovy:3039)
	at com.kms.katalon.core.webui.keyword.WebUiBuiltInKeywords$verifyElementInViewport$14.call(Unknown Source)
	at Text adding (MAX and COLOR) 30sc cycle.run(Text adding (MAX and COLOR) 30sc cycle:54)
	at com.kms.katalon.core.main.ScriptEngine.run(ScriptEngine.java:194)
	at com.kms.katalon.core.main.ScriptEngine.runScriptAsRawText(ScriptEngine.java:119)
	at com.kms.katalon.core.main.TestCaseExecutor.runScript(TestCaseExecutor.java:337)
	at com.kms.katalon.core.main.TestCaseExecutor.doExecute(TestCaseExecutor.java:328)
	at com.kms.katalon.core.main.TestCaseExecutor.processExecutionPhase(TestCaseExecutor.java:307)
	at com.kms.katalon.core.main.TestCaseExecutor.accessMainPhase(TestCaseExecutor.java:299)
	at com.kms.katalon.core.main.TestCaseExecutor.execute(TestCaseExecutor.java:233)
	at com.kms.katalon.core.main.TestSuiteExecutor.accessTestCaseMainPhase(TestSuiteExecutor.java:169)
	at com.kms.katalon.core.main.TestSuiteExecutor.accessTestSuiteMainPhase(TestSuiteExecutor.java:142)
	at com.kms.katalon.core.main.TestSuiteExecutor.execute(TestSuiteExecutor.java:91)
	at com.kms.katalon.core.main.TestCaseMain.startTestSuite(TestCaseMain.java:157)
	at com.kms.katalon.core.main.TestCaseMain$startTestSuite$0.call(Unknown Source)
	at TempTestSuite1581071026566.run(TempTestSuite1581071026566.groovy:36)
)

2020-02-07 12:26:59 - [TEST_STEP][PASSED] - else: null

2020-02-07 12:26:59 - [TEST_STEP][PASSED] - break: null

2020-02-07 12:26:59 - [TEST_STEP][PASSED] - if (verifyElementPresent(findTestObject("Page_Reevio Video Maker/Editor_Scene_" + i), 0) == true): null

2020-02-07 12:26:59 - [MESSAGE][WARNING] - Timeout '0' is invalid. Using default page load timeout: '1'

2020-02-07 12:26:59 - [MESSAGE][PASSED] - Object 'Object Repository/Page_Reevio Video Maker/Editor_Scene_7' is present

2020-02-07 12:26:59 - [TEST_STEP][PASSED] - doubleClick(findTestObject("Page_Reevio Video Maker/Editor_Scene_" + i)): Object: 'Object Repository/Page_Reevio Video Maker/Editor_Scene_7' is double clicked on

2020-02-07 12:26:59 - [MESSAGE][PASSED] - Object: 'Object Repository/Page_Reevio Video Maker/Editor_Scene_7' is double clicked on

2020-02-07 12:26:59 - [TEST_STEP][PASSED] - delay(1): Delayed 1 second(s)

2020-02-07 12:27:00 - [MESSAGE][PASSED] - Delayed 1 second(s)

2020-02-07 12:27:00 - [TEST_STEP][FAILED] - for ([j = 1, j < 7, (j++)]): null

2020-02-07 12:27:00 - [TEST_STEP][PASSED] - if (verifyElementInViewport(findTestObject("Page_Reevio Video Maker/Editor/Test Text fields/a_Text " + j), 0) == true): null

2020-02-07 12:27:01 - [MESSAGE][WARNING] - Timeout '0' is invalid. Using default page load timeout: '1'

2020-02-07 12:27:01 - [MESSAGE][PASSED] - Object 'Object Repository/Page_Reevio Video Maker/Editor/Test Text fields/a_Text 1' is present and visible in viewport

2020-02-07 12:27:01 - [TEST_STEP][PASSED] - doubleClick(findTestObject("Page_Reevio Video Maker/Editor/Test Text fields/a_Text " + j)): Object: 'Object Repository/Page_Reevio Video Maker/Editor/Test Text fields/a_Text 1' is double clicked on

2020-02-07 12:27:01 - [MESSAGE][PASSED] - Object: 'Object Repository/Page_Reevio Video Maker/Editor/Test Text fields/a_Text 1' is double clicked on

2020-02-07 12:27:01 - [TEST_STEP][PASSED] - maxlength = getAttribute(findTestObject("Page_Reevio Video Maker/Editor/Test Text fields/a_Text " + j), "data-maxlength"): Attribute 'data-maxlength' of object 'Object Repository/Page_Reevio Video Maker/Editor/Test Text fields/a_Text 1' is: '25'

2020-02-07 12:27:01 - [MESSAGE][PASSED] - Attribute 'data-maxlength' of object 'Object Repository/Page_Reevio Video Maker/Editor/Test Text fields/a_Text 1' is: '25'

2020-02-07 12:27:01 - [TEST_STEP][PASSED] - clearText(findTestObject("Page_Reevio Video Maker/Editor/Text Editor/input_Enable text_cinput"), CONTINUE_ON_FAILURE): Text of object 'Object Repository/Page_Reevio Video Maker/Editor/Text Editor/input_Enable text_cinput' is cleared

2020-02-07 12:27:01 - [MESSAGE][PASSED] - Text of object 'Object Repository/Page_Reevio Video Maker/Editor/Text Editor/input_Enable text_cinput' is cleared

2020-02-07 12:27:01 - [TEST_STEP][PASSED] - setText(findTestObject("Page_Reevio Video Maker/Editor/Text Editor/input_Enable text_cinput"), findTestData("vavowDate").getValue(1, 1)): Text 'The quick beige fox jumps over the lazy dog. The quick brown fox jumps over the lazy dog. The quick brown fox jumps over the lazy dog. The quick brown fox jumps over the lazy dog. The quick brown fox jumps over the lazy dog. The quick brown fox jumps over the lazy dog. The quick brown fox jumps over the lazy dog.' is set on object 'Object Repository/Page_Reevio Video Maker/Editor/Text Editor/input_Enable text_cinput'

2020-02-07 12:27:03 - [MESSAGE][PASSED] - Text 'The quick beige fox jumps over the lazy dog. The quick brown fox jumps over the lazy dog. The quick brown fox jumps over the lazy dog. The quick brown fox jumps over the lazy dog. The quick brown fox jumps over the lazy dog. The quick brown fox jumps over the lazy dog. The quick brown fox jumps over the lazy dog.' is set on object 'Object Repository/Page_Reevio Video Maker/Editor/Text Editor/input_Enable text_cinput'

2020-02-07 12:27:03 - [TEST_STEP][PASSED] - maxL = maxlength: null

2020-02-07 12:27:03 - [TEST_STEP][PASSED] - if (maxL >= 100 == true): null

2020-02-07 12:27:03 - [TEST_STEP][PASSED] - else if (maxL < 100 == true): Keys 'BACK_SPACE + ' sent to object: 'Object Repository/Page_Reevio Video Maker/Editor/Text Editor/input_Enable text_cinput'

2020-02-07 12:27:03 - [TEST_STEP][PASSED] - if (maxL < 10 == true): null

2020-02-07 12:27:03 - [TEST_STEP][PASSED] - else: Keys 'BACK_SPACE + ' sent to object: 'Object Repository/Page_Reevio Video Maker/Editor/Text Editor/input_Enable text_cinput'

2020-02-07 12:27:03 - [TEST_STEP][PASSED] - sendKeys(findTestObject("Page_Reevio Video Maker/Editor/Text Editor/input_Enable text_cinput"), Keys.chord(BACK_SPACE)): Keys 'BACK_SPACE + ' sent to object: 'Object Repository/Page_Reevio Video Maker/Editor/Text Editor/input_Enable text_cinput'

2020-02-07 12:27:03 - [MESSAGE][PASSED] - Keys 'BACK_SPACE + ' sent to object: 'Object Repository/Page_Reevio Video Maker/Editor/Text Editor/input_Enable text_cinput'

2020-02-07 12:27:03 - [TEST_STEP][PASSED] - sendKeys(findTestObject("Page_Reevio Video Maker/Editor/Text Editor/input_Enable text_cinput"), Keys.chord(BACK_SPACE)): Keys 'BACK_SPACE + ' sent to object: 'Object Repository/Page_Reevio Video Maker/Editor/Text Editor/input_Enable text_cinput'

2020-02-07 12:27:03 - [MESSAGE][PASSED] - Keys 'BACK_SPACE + ' sent to object: 'Object Repository/Page_Reevio Video Maker/Editor/Text Editor/input_Enable text_cinput'

2020-02-07 12:27:03 - [TEST_STEP][PASSED] - sendKeys(findTestObject("Page_Reevio Video Maker/Editor/Text Editor/input_Enable text_cinput"), maxlength): Keys '25' sent to object: 'Object Repository/Page_Reevio Video Maker/Editor/Text Editor/input_Enable text_cinput'

2020-02-07 12:27:03 - [MESSAGE][PASSED] - Keys '25' sent to object: 'Object Repository/Page_Reevio Video Maker/Editor/Text Editor/input_Enable text_cinput'

2020-02-07 12:27:03 - [TEST_STEP][PASSED] - click(findTestObject("Page_Reevio Video Maker/Editor/Text Color/span_Shadows Into Light_minicolors-swatch-color")): Object: 'Object Repository/Page_Reevio Video Maker/Editor/Text Color/span_Shadows Into Light_minicolors-swatch-color' is clicked on

2020-02-07 12:27:04 - [MESSAGE][PASSED] - Object: 'Object Repository/Page_Reevio Video Maker/Editor/Text Color/span_Shadows Into Light_minicolors-swatch-color' is clicked on

2020-02-07 12:27:04 - [TEST_STEP][PASSED] - clearText(findTestObject("Page_Reevio Video Maker/Editor/Text Color/input_RGB_texthex-color")): Text of object 'Object Repository/Page_Reevio Video Maker/Editor/Text Color/input_RGB_texthex-color' is cleared

2020-02-07 12:27:04 - [MESSAGE][PASSED] - Text of object 'Object Repository/Page_Reevio Video Maker/Editor/Text Color/input_RGB_texthex-color' is cleared

2020-02-07 12:27:04 - [TEST_STEP][PASSED] - setText(findTestObject("Page_Reevio Video Maker/Editor/Text Color/input_RGB_texthex-color"), findTestData("vavowDate").getValue(2, 1)): Text '#00FFE1' is set on object 'Object Repository/Page_Reevio Video Maker/Editor/Text Color/input_RGB_texthex-color'

2020-02-07 12:27:04 - [MESSAGE][PASSED] - Text '#00FFE1' is set on object 'Object Repository/Page_Reevio Video Maker/Editor/Text Color/input_RGB_texthex-color'

2020-02-07 12:27:04 - [TEST_STEP][PASSED] - click(findTestObject("Page_Reevio Video Maker/Editor/Text Color/button_Apply")): Object: 'Object Repository/Page_Reevio Video Maker/Editor/Text Color/button_Apply' is clicked on

2020-02-07 12:27:04 - [MESSAGE][PASSED] - Object: 'Object Repository/Page_Reevio Video Maker/Editor/Text Color/button_Apply' is clicked on

2020-02-07 12:27:04 - [TEST_STEP][PASSED] - click(findTestObject("Page_Reevio Video Maker/Editor/Text Editor/span_Save")): Object: 'Object Repository/Page_Reevio Video Maker/Editor/Text Editor/span_Save' is clicked on

2020-02-07 12:27:05 - [MESSAGE][PASSED] - Object: 'Object Repository/Page_Reevio Video Maker/Editor/Text Editor/span_Save' is clicked on

2020-02-07 12:27:05 - [TEST_STEP][PASSED] - maxlength = 0: null

2020-02-07 12:27:05 - [TEST_STEP][PASSED] - if (verifyElementInViewport(findTestObject("Page_Reevio Video Maker/Editor/Test Text fields/a_Text " + j), 0) == true): null

2020-02-07 12:27:05 - [MESSAGE][WARNING] - Timeout '0' is invalid. Using default page load timeout: '1'

2020-02-07 12:27:05 - [MESSAGE][PASSED] - Object 'Object Repository/Page_Reevio Video Maker/Editor/Test Text fields/a_Text 2' is present and visible in viewport

2020-02-07 12:27:05 - [TEST_STEP][PASSED] - doubleClick(findTestObject("Page_Reevio Video Maker/Editor/Test Text fields/a_Text " + j)): Object: 'Object Repository/Page_Reevio Video Maker/Editor/Test Text fields/a_Text 2' is double clicked on

2020-02-07 12:27:05 - [MESSAGE][PASSED] - Object: 'Object Repository/Page_Reevio Video Maker/Editor/Test Text fields/a_Text 2' is double clicked on

2020-02-07 12:27:05 - [TEST_STEP][PASSED] - maxlength = getAttribute(findTestObject("Page_Reevio Video Maker/Editor/Test Text fields/a_Text " + j), "data-maxlength"): Attribute 'data-maxlength' of object 'Object Repository/Page_Reevio Video Maker/Editor/Test Text fields/a_Text 2' is: '25'

2020-02-07 12:27:05 - [MESSAGE][PASSED] - Attribute 'data-maxlength' of object 'Object Repository/Page_Reevio Video Maker/Editor/Test Text fields/a_Text 2' is: '25'

2020-02-07 12:27:05 - [TEST_STEP][PASSED] - clearText(findTestObject("Page_Reevio Video Maker/Editor/Text Editor/input_Enable text_cinput"), CONTINUE_ON_FAILURE): Text of object 'Object Repository/Page_Reevio Video Maker/Editor/Text Editor/input_Enable text_cinput' is cleared

2020-02-07 12:27:06 - [MESSAGE][PASSED] - Text of object 'Object Repository/Page_Reevio Video Maker/Editor/Text Editor/input_Enable text_cinput' is cleared

2020-02-07 12:27:06 - [TEST_STEP][PASSED] - setText(findTestObject("Page_Reevio Video Maker/Editor/Text Editor/input_Enable text_cinput"), findTestData("vavowDate").getValue(1, 1)): Text 'The quick beige fox jumps over the lazy dog. The quick brown fox jumps over the lazy dog. The quick brown fox jumps over the lazy dog. The quick brown fox jumps over the lazy dog. The quick brown fox jumps over the lazy dog. The quick brown fox jumps over the lazy dog. The quick brown fox jumps over the lazy dog.' is set on object 'Object Repository/Page_Reevio Video Maker/Editor/Text Editor/input_Enable text_cinput'

2020-02-07 12:27:07 - [MESSAGE][PASSED] - Text 'The quick beige fox jumps over the lazy dog. The quick brown fox jumps over the lazy dog. The quick brown fox jumps over the lazy dog. The quick brown fox jumps over the lazy dog. The quick brown fox jumps over the lazy dog. The quick brown fox jumps over the lazy dog. The quick brown fox jumps over the lazy dog.' is set on object 'Object Repository/Page_Reevio Video Maker/Editor/Text Editor/input_Enable text_cinput'

2020-02-07 12:27:07 - [TEST_STEP][PASSED] - maxL = maxlength: null

2020-02-07 12:27:07 - [TEST_STEP][PASSED] - if (maxL >= 100 == true): null

2020-02-07 12:27:07 - [TEST_STEP][PASSED] - else if (maxL < 100 == true): Keys 'BACK_SPACE + ' sent to object: 'Object Repository/Page_Reevio Video Maker/Editor/Text Editor/input_Enable text_cinput'

2020-02-07 12:27:07 - [TEST_STEP][PASSED] - if (maxL < 10 == true): null

2020-02-07 12:27:07 - [TEST_STEP][PASSED] - else: Keys 'BACK_SPACE + ' sent to object: 'Object Repository/Page_Reevio Video Maker/Editor/Text Editor/input_Enable text_cinput'

2020-02-07 12:27:07 - [TEST_STEP][PASSED] - sendKeys(findTestObject("Page_Reevio Video Maker/Editor/Text Editor/input_Enable text_cinput"), Keys.chord(BACK_SPACE)): Keys 'BACK_SPACE + ' sent to object: 'Object Repository/Page_Reevio Video Maker/Editor/Text Editor/input_Enable text_cinput'

2020-02-07 12:27:08 - [MESSAGE][PASSED] - Keys 'BACK_SPACE + ' sent to object: 'Object Repository/Page_Reevio Video Maker/Editor/Text Editor/input_Enable text_cinput'

2020-02-07 12:27:08 - [TEST_STEP][PASSED] - sendKeys(findTestObject("Page_Reevio Video Maker/Editor/Text Editor/input_Enable text_cinput"), Keys.chord(BACK_SPACE)): Keys 'BACK_SPACE + ' sent to object: 'Object Repository/Page_Reevio Video Maker/Editor/Text Editor/input_Enable text_cinput'

2020-02-07 12:27:08 - [MESSAGE][PASSED] - Keys 'BACK_SPACE + ' sent to object: 'Object Repository/Page_Reevio Video Maker/Editor/Text Editor/input_Enable text_cinput'

2020-02-07 12:27:08 - [TEST_STEP][PASSED] - sendKeys(findTestObject("Page_Reevio Video Maker/Editor/Text Editor/input_Enable text_cinput"), maxlength): Keys '25' sent to object: 'Object Repository/Page_Reevio Video Maker/Editor/Text Editor/input_Enable text_cinput'

2020-02-07 12:27:08 - [MESSAGE][PASSED] - Keys '25' sent to object: 'Object Repository/Page_Reevio Video Maker/Editor/Text Editor/input_Enable text_cinput'

2020-02-07 12:27:08 - [TEST_STEP][PASSED] - click(findTestObject("Page_Reevio Video Maker/Editor/Text Color/span_Shadows Into Light_minicolors-swatch-color")): Object: 'Object Repository/Page_Reevio Video Maker/Editor/Text Color/span_Shadows Into Light_minicolors-swatch-color' is clicked on

2020-02-07 12:27:08 - [MESSAGE][PASSED] - Object: 'Object Repository/Page_Reevio Video Maker/Editor/Text Color/span_Shadows Into Light_minicolors-swatch-color' is clicked on

2020-02-07 12:27:08 - [TEST_STEP][PASSED] - clearText(findTestObject("Page_Reevio Video Maker/Editor/Text Color/input_RGB_texthex-color")): Text of object 'Object Repository/Page_Reevio Video Maker/Editor/Text Color/input_RGB_texthex-color' is cleared

2020-02-07 12:27:08 - [MESSAGE][PASSED] - Text of object 'Object Repository/Page_Reevio Video Maker/Editor/Text Color/input_RGB_texthex-color' is cleared

2020-02-07 12:27:08 - [TEST_STEP][PASSED] - setText(findTestObject("Page_Reevio Video Maker/Editor/Text Color/input_RGB_texthex-color"), findTestData("vavowDate").getValue(2, 1)): Text '#00FFE1' is set on object 'Object Repository/Page_Reevio Video Maker/Editor/Text Color/input_RGB_texthex-color'

2020-02-07 12:27:08 - [MESSAGE][PASSED] - Text '#00FFE1' is set on object 'Object Repository/Page_Reevio Video Maker/Editor/Text Color/input_RGB_texthex-color'

2020-02-07 12:27:08 - [TEST_STEP][PASSED] - click(findTestObject("Page_Reevio Video Maker/Editor/Text Color/button_Apply")): Object: 'Object Repository/Page_Reevio Video Maker/Editor/Text Color/button_Apply' is clicked on

2020-02-07 12:27:08 - [MESSAGE][PASSED] - Object: 'Object Repository/Page_Reevio Video Maker/Editor/Text Color/button_Apply' is clicked on

2020-02-07 12:27:08 - [TEST_STEP][PASSED] - click(findTestObject("Page_Reevio Video Maker/Editor/Text Editor/span_Save")): Object: 'Object Repository/Page_Reevio Video Maker/Editor/Text Editor/span_Save' is clicked on

2020-02-07 12:27:09 - [MESSAGE][PASSED] - Object: 'Object Repository/Page_Reevio Video Maker/Editor/Text Editor/span_Save' is clicked on

2020-02-07 12:27:09 - [TEST_STEP][PASSED] - maxlength = 0: null

2020-02-07 12:27:09 - [TEST_STEP][PASSED] - if (verifyElementInViewport(findTestObject("Page_Reevio Video Maker/Editor/Test Text fields/a_Text " + j), 0) == true): null

2020-02-07 12:27:09 - [MESSAGE][WARNING] - Timeout '0' is invalid. Using default page load timeout: '1'

2020-02-07 12:27:09 - [MESSAGE][PASSED] - Object 'Object Repository/Page_Reevio Video Maker/Editor/Test Text fields/a_Text 3' is present and visible in viewport

2020-02-07 12:27:09 - [TEST_STEP][PASSED] - doubleClick(findTestObject("Page_Reevio Video Maker/Editor/Test Text fields/a_Text " + j)): Object: 'Object Repository/Page_Reevio Video Maker/Editor/Test Text fields/a_Text 3' is double clicked on

2020-02-07 12:27:09 - [MESSAGE][PASSED] - Object: 'Object Repository/Page_Reevio Video Maker/Editor/Test Text fields/a_Text 3' is double clicked on

2020-02-07 12:27:09 - [TEST_STEP][PASSED] - maxlength = getAttribute(findTestObject("Page_Reevio Video Maker/Editor/Test Text fields/a_Text " + j), "data-maxlength"): Attribute 'data-maxlength' of object 'Object Repository/Page_Reevio Video Maker/Editor/Test Text fields/a_Text 3' is: '70'

2020-02-07 12:27:09 - [MESSAGE][PASSED] - Attribute 'data-maxlength' of object 'Object Repository/Page_Reevio Video Maker/Editor/Test Text fields/a_Text 3' is: '70'

2020-02-07 12:27:09 - [TEST_STEP][PASSED] - clearText(findTestObject("Page_Reevio Video Maker/Editor/Text Editor/input_Enable text_cinput"), CONTINUE_ON_FAILURE): Text of object 'Object Repository/Page_Reevio Video Maker/Editor/Text Editor/input_Enable text_cinput' is cleared

2020-02-07 12:27:09 - [MESSAGE][PASSED] - Text of object 'Object Repository/Page_Reevio Video Maker/Editor/Text Editor/input_Enable text_cinput' is cleared

2020-02-07 12:27:09 - [TEST_STEP][PASSED] - setText(findTestObject("Page_Reevio Video Maker/Editor/Text Editor/input_Enable text_cinput"), findTestData("vavowDate").getValue(1, 1)): Text 'The quick beige fox jumps over the lazy dog. The quick brown fox jumps over the lazy dog. The quick brown fox jumps over the lazy dog. The quick brown fox jumps over the lazy dog. The quick brown fox jumps over the lazy dog. The quick brown fox jumps over the lazy dog. The quick brown fox jumps over the lazy dog.' is set on object 'Object Repository/Page_Reevio Video Maker/Editor/Text Editor/input_Enable text_cinput'

2020-02-07 12:27:12 - [MESSAGE][PASSED] - Text 'The quick beige fox jumps over the lazy dog. The quick brown fox jumps over the lazy dog. The quick brown fox jumps over the lazy dog. The quick brown fox jumps over the lazy dog. The quick brown fox jumps over the lazy dog. The quick brown fox jumps over the lazy dog. The quick brown fox jumps over the lazy dog.' is set on object 'Object Repository/Page_Reevio Video Maker/Editor/Text Editor/input_Enable text_cinput'

2020-02-07 12:27:12 - [TEST_STEP][PASSED] - maxL = maxlength: null

2020-02-07 12:27:12 - [TEST_STEP][PASSED] - if (maxL >= 100 == true): null

2020-02-07 12:27:12 - [TEST_STEP][PASSED] - else if (maxL < 100 == true): Keys 'BACK_SPACE + ' sent to object: 'Object Repository/Page_Reevio Video Maker/Editor/Text Editor/input_Enable text_cinput'

2020-02-07 12:27:12 - [TEST_STEP][PASSED] - if (maxL < 10 == true): null

2020-02-07 12:27:12 - [TEST_STEP][PASSED] - else: Keys 'BACK_SPACE + ' sent to object: 'Object Repository/Page_Reevio Video Maker/Editor/Text Editor/input_Enable text_cinput'

2020-02-07 12:27:12 - [TEST_STEP][PASSED] - sendKeys(findTestObject("Page_Reevio Video Maker/Editor/Text Editor/input_Enable text_cinput"), Keys.chord(BACK_SPACE)): Keys 'BACK_SPACE + ' sent to object: 'Object Repository/Page_Reevio Video Maker/Editor/Text Editor/input_Enable text_cinput'

2020-02-07 12:27:13 - [MESSAGE][PASSED] - Keys 'BACK_SPACE + ' sent to object: 'Object Repository/Page_Reevio Video Maker/Editor/Text Editor/input_Enable text_cinput'

2020-02-07 12:27:13 - [TEST_STEP][PASSED] - sendKeys(findTestObject("Page_Reevio Video Maker/Editor/Text Editor/input_Enable text_cinput"), Keys.chord(BACK_SPACE)): Keys 'BACK_SPACE + ' sent to object: 'Object Repository/Page_Reevio Video Maker/Editor/Text Editor/input_Enable text_cinput'

2020-02-07 12:27:13 - [MESSAGE][PASSED] - Keys 'BACK_SPACE + ' sent to object: 'Object Repository/Page_Reevio Video Maker/Editor/Text Editor/input_Enable text_cinput'

2020-02-07 12:27:13 - [TEST_STEP][PASSED] - sendKeys(findTestObject("Page_Reevio Video Maker/Editor/Text Editor/input_Enable text_cinput"), maxlength): Keys '70' sent to object: 'Object Repository/Page_Reevio Video Maker/Editor/Text Editor/input_Enable text_cinput'

2020-02-07 12:27:13 - [MESSAGE][PASSED] - Keys '70' sent to object: 'Object Repository/Page_Reevio Video Maker/Editor/Text Editor/input_Enable text_cinput'

2020-02-07 12:27:13 - [TEST_STEP][PASSED] - click(findTestObject("Page_Reevio Video Maker/Editor/Text Color/span_Shadows Into Light_minicolors-swatch-color")): Object: 'Object Repository/Page_Reevio Video Maker/Editor/Text Color/span_Shadows Into Light_minicolors-swatch-color' is clicked on

2020-02-07 12:27:13 - [MESSAGE][PASSED] - Object: 'Object Repository/Page_Reevio Video Maker/Editor/Text Color/span_Shadows Into Light_minicolors-swatch-color' is clicked on

2020-02-07 12:27:13 - [TEST_STEP][PASSED] - clearText(findTestObject("Page_Reevio Video Maker/Editor/Text Color/input_RGB_texthex-color")): Text of object 'Object Repository/Page_Reevio Video Maker/Editor/Text Color/input_RGB_texthex-color' is cleared

2020-02-07 12:27:13 - [MESSAGE][PASSED] - Text of object 'Object Repository/Page_Reevio Video Maker/Editor/Text Color/input_RGB_texthex-color' is cleared

2020-02-07 12:27:13 - [TEST_STEP][PASSED] - setText(findTestObject("Page_Reevio Video Maker/Editor/Text Color/input_RGB_texthex-color"), findTestData("vavowDate").getValue(2, 1)): Text '#00FFE1' is set on object 'Object Repository/Page_Reevio Video Maker/Editor/Text Color/input_RGB_texthex-color'

2020-02-07 12:27:14 - [MESSAGE][PASSED] - Text '#00FFE1' is set on object 'Object Repository/Page_Reevio Video Maker/Editor/Text Color/input_RGB_texthex-color'

2020-02-07 12:27:14 - [TEST_STEP][PASSED] - click(findTestObject("Page_Reevio Video Maker/Editor/Text Color/button_Apply")): Object: 'Object Repository/Page_Reevio Video Maker/Editor/Text Color/button_Apply' is clicked on

2020-02-07 12:27:14 - [MESSAGE][PASSED] - Object: 'Object Repository/Page_Reevio Video Maker/Editor/Text Color/button_Apply' is clicked on

2020-02-07 12:27:14 - [TEST_STEP][PASSED] - click(findTestObject("Page_Reevio Video Maker/Editor/Text Editor/span_Save")): Object: 'Object Repository/Page_Reevio Video Maker/Editor/Text Editor/span_Save' is clicked on

2020-02-07 12:27:14 - [MESSAGE][PASSED] - Object: 'Object Repository/Page_Reevio Video Maker/Editor/Text Editor/span_Save' is clicked on

2020-02-07 12:27:14 - [TEST_STEP][PASSED] - maxlength = 0: null

2020-02-07 12:27:14 - [TEST_STEP][FAILED] - if (verifyElementInViewport(findTestObject("Page_Reevio Video Maker/Editor/Test Text fields/a_Text " + j), 0) == true): Object 'Object Repository/Page_Reevio Video Maker/Editor/Test Text fields/a_Text 4' is not present (Root cause: com.kms.katalon.core.exception.StepFailedException: Object 'Object Repository/Page_Reevio Video Maker/Editor/Test Text fields/a_Text 4' is not present
	at com.kms.katalon.core.webui.keyword.internal.WebUIKeywordMain.stepFailed(WebUIKeywordMain.groovy:64)
	at com.kms.katalon.core.webui.keyword.builtin.VerifyElementVisibleInViewportKeyword$_verifyElementVisibleInViewport_closure1.doCall(VerifyElementVisibleInViewportKeyword.groovy:83)
	at com.kms.katalon.core.webui.keyword.builtin.VerifyElementVisibleInViewportKeyword$_verifyElementVisibleInViewport_closure1.call(VerifyElementVisibleInViewportKeyword.groovy)
	at com.kms.katalon.core.webui.keyword.internal.WebUIKeywordMain.runKeyword(WebUIKeywordMain.groovy:20)
	at com.kms.katalon.core.webui.keyword.builtin.VerifyElementVisibleInViewportKeyword.verifyElementVisibleInViewport(VerifyElementVisibleInViewportKeyword.groovy:86)
	at com.kms.katalon.core.webui.keyword.builtin.VerifyElementVisibleInViewportKeyword.execute(VerifyElementVisibleInViewportKeyword.groovy:68)
	at com.kms.katalon.core.keyword.internal.KeywordExecutor.executeKeywordForPlatform(KeywordExecutor.groovy:72)
	at com.kms.katalon.core.webui.keyword.WebUiBuiltInKeywords.verifyElementInViewport(WebUiBuiltInKeywords.groovy:3039)
	at com.kms.katalon.core.webui.keyword.WebUiBuiltInKeywords$verifyElementInViewport$14.call(Unknown Source)
	at Text adding (MAX and COLOR) 30sc cycle.run(Text adding (MAX and COLOR) 30sc cycle:54)
	at com.kms.katalon.core.main.ScriptEngine.run(ScriptEngine.java:194)
	at com.kms.katalon.core.main.ScriptEngine.runScriptAsRawText(ScriptEngine.java:119)
	at com.kms.katalon.core.main.TestCaseExecutor.runScript(TestCaseExecutor.java:337)
	at com.kms.katalon.core.main.TestCaseExecutor.doExecute(TestCaseExecutor.java:328)
	at com.kms.katalon.core.main.TestCaseExecutor.processExecutionPhase(TestCaseExecutor.java:307)
	at com.kms.katalon.core.main.TestCaseExecutor.accessMainPhase(TestCaseExecutor.java:299)
	at com.kms.katalon.core.main.TestCaseExecutor.execute(TestCaseExecutor.java:233)
	at com.kms.katalon.core.main.TestSuiteExecutor.accessTestCaseMainPhase(TestSuiteExecutor.java:169)
	at com.kms.katalon.core.main.TestSuiteExecutor.accessTestSuiteMainPhase(TestSuiteExecutor.java:142)
	at com.kms.katalon.core.main.TestSuiteExecutor.execute(TestSuiteExecutor.java:91)
	at com.kms.katalon.core.main.TestCaseMain.startTestSuite(TestCaseMain.java:157)
	at com.kms.katalon.core.main.TestCaseMain$startTestSuite$0.call(Unknown Source)
	at TempTestSuite1581071026566.run(TempTestSuite1581071026566.groovy:36)
)

2020-02-07 12:27:14 - [MESSAGE][WARNING] - Timeout '0' is invalid. Using default page load timeout: '1'

2020-02-07 12:27:15 - [MESSAGE][INFO] - Unable to find the element located by 'By.xpath: (//div[@class='current-slide active-slide']//*[@id="anchor_input"])[4]'. Please recheck the objects properties to make sure the desired element is located. 

2020-02-07 12:27:15 - [MESSAGE][FAILED] - Object 'Object Repository/Page_Reevio Video Maker/Editor/Test Text fields/a_Text 4' is not present (Root cause: com.kms.katalon.core.exception.StepFailedException: Object 'Object Repository/Page_Reevio Video Maker/Editor/Test Text fields/a_Text 4' is not present
	at com.kms.katalon.core.webui.keyword.internal.WebUIKeywordMain.stepFailed(WebUIKeywordMain.groovy:64)
	at com.kms.katalon.core.webui.keyword.builtin.VerifyElementVisibleInViewportKeyword$_verifyElementVisibleInViewport_closure1.doCall(VerifyElementVisibleInViewportKeyword.groovy:83)
	at com.kms.katalon.core.webui.keyword.builtin.VerifyElementVisibleInViewportKeyword$_verifyElementVisibleInViewport_closure1.call(VerifyElementVisibleInViewportKeyword.groovy)
	at com.kms.katalon.core.webui.keyword.internal.WebUIKeywordMain.runKeyword(WebUIKeywordMain.groovy:20)
	at com.kms.katalon.core.webui.keyword.builtin.VerifyElementVisibleInViewportKeyword.verifyElementVisibleInViewport(VerifyElementVisibleInViewportKeyword.groovy:86)
	at com.kms.katalon.core.webui.keyword.builtin.VerifyElementVisibleInViewportKeyword.execute(VerifyElementVisibleInViewportKeyword.groovy:68)
	at com.kms.katalon.core.keyword.internal.KeywordExecutor.executeKeywordForPlatform(KeywordExecutor.groovy:72)
	at com.kms.katalon.core.webui.keyword.WebUiBuiltInKeywords.verifyElementInViewport(WebUiBuiltInKeywords.groovy:3039)
	at com.kms.katalon.core.webui.keyword.WebUiBuiltInKeywords$verifyElementInViewport$14.call(Unknown Source)
	at Text adding (MAX and COLOR) 30sc cycle.run(Text adding (MAX and COLOR) 30sc cycle:54)
	at com.kms.katalon.core.main.ScriptEngine.run(ScriptEngine.java:194)
	at com.kms.katalon.core.main.ScriptEngine.runScriptAsRawText(ScriptEngine.java:119)
	at com.kms.katalon.core.main.TestCaseExecutor.runScript(TestCaseExecutor.java:337)
	at com.kms.katalon.core.main.TestCaseExecutor.doExecute(TestCaseExecutor.java:328)
	at com.kms.katalon.core.main.TestCaseExecutor.processExecutionPhase(TestCaseExecutor.java:307)
	at com.kms.katalon.core.main.TestCaseExecutor.accessMainPhase(TestCaseExecutor.java:299)
	at com.kms.katalon.core.main.TestCaseExecutor.execute(TestCaseExecutor.java:233)
	at com.kms.katalon.core.main.TestSuiteExecutor.accessTestCaseMainPhase(TestSuiteExecutor.java:169)
	at com.kms.katalon.core.main.TestSuiteExecutor.accessTestSuiteMainPhase(TestSuiteExecutor.java:142)
	at com.kms.katalon.core.main.TestSuiteExecutor.execute(TestSuiteExecutor.java:91)
	at com.kms.katalon.core.main.TestCaseMain.startTestSuite(TestCaseMain.java:157)
	at com.kms.katalon.core.main.TestCaseMain$startTestSuite$0.call(Unknown Source)
	at TempTestSuite1581071026566.run(TempTestSuite1581071026566.groovy:36)
)

2020-02-07 12:27:15 - [TEST_STEP][PASSED] - else: null

2020-02-07 12:27:15 - [TEST_STEP][PASSED] - break: null

2020-02-07 12:27:15 - [TEST_STEP][PASSED] - if (verifyElementPresent(findTestObject("Page_Reevio Video Maker/Editor_Scene_" + i), 0) == true): null

2020-02-07 12:27:15 - [MESSAGE][WARNING] - Timeout '0' is invalid. Using default page load timeout: '1'

2020-02-07 12:27:15 - [MESSAGE][PASSED] - Object 'Object Repository/Page_Reevio Video Maker/Editor_Scene_8' is present

2020-02-07 12:27:15 - [TEST_STEP][PASSED] - doubleClick(findTestObject("Page_Reevio Video Maker/Editor_Scene_" + i)): Object: 'Object Repository/Page_Reevio Video Maker/Editor_Scene_8' is double clicked on

2020-02-07 12:27:16 - [MESSAGE][PASSED] - Object: 'Object Repository/Page_Reevio Video Maker/Editor_Scene_8' is double clicked on

2020-02-07 12:27:16 - [TEST_STEP][PASSED] - delay(1): Delayed 1 second(s)

2020-02-07 12:27:17 - [MESSAGE][PASSED] - Delayed 1 second(s)

2020-02-07 12:27:17 - [TEST_STEP][FAILED] - for ([j = 1, j < 7, (j++)]): null

2020-02-07 12:27:17 - [TEST_STEP][PASSED] - if (verifyElementInViewport(findTestObject("Page_Reevio Video Maker/Editor/Test Text fields/a_Text " + j), 0) == true): null

2020-02-07 12:27:17 - [MESSAGE][WARNING] - Timeout '0' is invalid. Using default page load timeout: '1'

2020-02-07 12:27:17 - [MESSAGE][PASSED] - Object 'Object Repository/Page_Reevio Video Maker/Editor/Test Text fields/a_Text 1' is present and visible in viewport

2020-02-07 12:27:17 - [TEST_STEP][PASSED] - doubleClick(findTestObject("Page_Reevio Video Maker/Editor/Test Text fields/a_Text " + j)): Object: 'Object Repository/Page_Reevio Video Maker/Editor/Test Text fields/a_Text 1' is double clicked on

2020-02-07 12:27:17 - [MESSAGE][PASSED] - Object: 'Object Repository/Page_Reevio Video Maker/Editor/Test Text fields/a_Text 1' is double clicked on

2020-02-07 12:27:17 - [TEST_STEP][PASSED] - maxlength = getAttribute(findTestObject("Page_Reevio Video Maker/Editor/Test Text fields/a_Text " + j), "data-maxlength"): Attribute 'data-maxlength' of object 'Object Repository/Page_Reevio Video Maker/Editor/Test Text fields/a_Text 1' is: '30'

2020-02-07 12:27:17 - [MESSAGE][PASSED] - Attribute 'data-maxlength' of object 'Object Repository/Page_Reevio Video Maker/Editor/Test Text fields/a_Text 1' is: '30'

2020-02-07 12:27:17 - [TEST_STEP][PASSED] - clearText(findTestObject("Page_Reevio Video Maker/Editor/Text Editor/input_Enable text_cinput"), CONTINUE_ON_FAILURE): Text of object 'Object Repository/Page_Reevio Video Maker/Editor/Text Editor/input_Enable text_cinput' is cleared

2020-02-07 12:27:17 - [MESSAGE][PASSED] - Text of object 'Object Repository/Page_Reevio Video Maker/Editor/Text Editor/input_Enable text_cinput' is cleared

2020-02-07 12:27:17 - [TEST_STEP][PASSED] - setText(findTestObject("Page_Reevio Video Maker/Editor/Text Editor/input_Enable text_cinput"), findTestData("vavowDate").getValue(1, 1)): Text 'The quick beige fox jumps over the lazy dog. The quick brown fox jumps over the lazy dog. The quick brown fox jumps over the lazy dog. The quick brown fox jumps over the lazy dog. The quick brown fox jumps over the lazy dog. The quick brown fox jumps over the lazy dog. The quick brown fox jumps over the lazy dog.' is set on object 'Object Repository/Page_Reevio Video Maker/Editor/Text Editor/input_Enable text_cinput'

2020-02-07 12:27:19 - [MESSAGE][PASSED] - Text 'The quick beige fox jumps over the lazy dog. The quick brown fox jumps over the lazy dog. The quick brown fox jumps over the lazy dog. The quick brown fox jumps over the lazy dog. The quick brown fox jumps over the lazy dog. The quick brown fox jumps over the lazy dog. The quick brown fox jumps over the lazy dog.' is set on object 'Object Repository/Page_Reevio Video Maker/Editor/Text Editor/input_Enable text_cinput'

2020-02-07 12:27:19 - [TEST_STEP][PASSED] - maxL = maxlength: null

2020-02-07 12:27:19 - [TEST_STEP][PASSED] - if (maxL >= 100 == true): null

2020-02-07 12:27:19 - [TEST_STEP][PASSED] - else if (maxL < 100 == true): Keys 'BACK_SPACE + ' sent to object: 'Object Repository/Page_Reevio Video Maker/Editor/Text Editor/input_Enable text_cinput'

2020-02-07 12:27:19 - [TEST_STEP][PASSED] - if (maxL < 10 == true): null

2020-02-07 12:27:19 - [TEST_STEP][PASSED] - else: Keys 'BACK_SPACE + ' sent to object: 'Object Repository/Page_Reevio Video Maker/Editor/Text Editor/input_Enable text_cinput'

2020-02-07 12:27:19 - [TEST_STEP][PASSED] - sendKeys(findTestObject("Page_Reevio Video Maker/Editor/Text Editor/input_Enable text_cinput"), Keys.chord(BACK_SPACE)): Keys 'BACK_SPACE + ' sent to object: 'Object Repository/Page_Reevio Video Maker/Editor/Text Editor/input_Enable text_cinput'

2020-02-07 12:27:19 - [MESSAGE][PASSED] - Keys 'BACK_SPACE + ' sent to object: 'Object Repository/Page_Reevio Video Maker/Editor/Text Editor/input_Enable text_cinput'

2020-02-07 12:27:19 - [TEST_STEP][PASSED] - sendKeys(findTestObject("Page_Reevio Video Maker/Editor/Text Editor/input_Enable text_cinput"), Keys.chord(BACK_SPACE)): Keys 'BACK_SPACE + ' sent to object: 'Object Repository/Page_Reevio Video Maker/Editor/Text Editor/input_Enable text_cinput'

2020-02-07 12:27:20 - [MESSAGE][PASSED] - Keys 'BACK_SPACE + ' sent to object: 'Object Repository/Page_Reevio Video Maker/Editor/Text Editor/input_Enable text_cinput'

2020-02-07 12:27:20 - [TEST_STEP][PASSED] - sendKeys(findTestObject("Page_Reevio Video Maker/Editor/Text Editor/input_Enable text_cinput"), maxlength): Keys '30' sent to object: 'Object Repository/Page_Reevio Video Maker/Editor/Text Editor/input_Enable text_cinput'

2020-02-07 12:27:20 - [MESSAGE][PASSED] - Keys '30' sent to object: 'Object Repository/Page_Reevio Video Maker/Editor/Text Editor/input_Enable text_cinput'

2020-02-07 12:27:20 - [TEST_STEP][PASSED] - click(findTestObject("Page_Reevio Video Maker/Editor/Text Color/span_Shadows Into Light_minicolors-swatch-color")): Object: 'Object Repository/Page_Reevio Video Maker/Editor/Text Color/span_Shadows Into Light_minicolors-swatch-color' is clicked on

2020-02-07 12:27:20 - [MESSAGE][PASSED] - Object: 'Object Repository/Page_Reevio Video Maker/Editor/Text Color/span_Shadows Into Light_minicolors-swatch-color' is clicked on

2020-02-07 12:27:20 - [TEST_STEP][PASSED] - clearText(findTestObject("Page_Reevio Video Maker/Editor/Text Color/input_RGB_texthex-color")): Text of object 'Object Repository/Page_Reevio Video Maker/Editor/Text Color/input_RGB_texthex-color' is cleared

2020-02-07 12:27:20 - [MESSAGE][PASSED] - Text of object 'Object Repository/Page_Reevio Video Maker/Editor/Text Color/input_RGB_texthex-color' is cleared

2020-02-07 12:27:20 - [TEST_STEP][PASSED] - setText(findTestObject("Page_Reevio Video Maker/Editor/Text Color/input_RGB_texthex-color"), findTestData("vavowDate").getValue(2, 1)): Text '#00FFE1' is set on object 'Object Repository/Page_Reevio Video Maker/Editor/Text Color/input_RGB_texthex-color'

2020-02-07 12:27:20 - [MESSAGE][PASSED] - Text '#00FFE1' is set on object 'Object Repository/Page_Reevio Video Maker/Editor/Text Color/input_RGB_texthex-color'

2020-02-07 12:27:20 - [TEST_STEP][PASSED] - click(findTestObject("Page_Reevio Video Maker/Editor/Text Color/button_Apply")): Object: 'Object Repository/Page_Reevio Video Maker/Editor/Text Color/button_Apply' is clicked on

2020-02-07 12:27:20 - [MESSAGE][PASSED] - Object: 'Object Repository/Page_Reevio Video Maker/Editor/Text Color/button_Apply' is clicked on

2020-02-07 12:27:20 - [TEST_STEP][PASSED] - click(findTestObject("Page_Reevio Video Maker/Editor/Text Editor/span_Save")): Object: 'Object Repository/Page_Reevio Video Maker/Editor/Text Editor/span_Save' is clicked on

2020-02-07 12:27:21 - [MESSAGE][PASSED] - Object: 'Object Repository/Page_Reevio Video Maker/Editor/Text Editor/span_Save' is clicked on

2020-02-07 12:27:21 - [TEST_STEP][PASSED] - maxlength = 0: null

2020-02-07 12:27:21 - [TEST_STEP][FAILED] - if (verifyElementInViewport(findTestObject("Page_Reevio Video Maker/Editor/Test Text fields/a_Text " + j), 0) == true): Object 'Object Repository/Page_Reevio Video Maker/Editor/Test Text fields/a_Text 2' is not present (Root cause: com.kms.katalon.core.exception.StepFailedException: Object 'Object Repository/Page_Reevio Video Maker/Editor/Test Text fields/a_Text 2' is not present
	at com.kms.katalon.core.webui.keyword.internal.WebUIKeywordMain.stepFailed(WebUIKeywordMain.groovy:64)
	at com.kms.katalon.core.webui.keyword.builtin.VerifyElementVisibleInViewportKeyword$_verifyElementVisibleInViewport_closure1.doCall(VerifyElementVisibleInViewportKeyword.groovy:83)
	at com.kms.katalon.core.webui.keyword.builtin.VerifyElementVisibleInViewportKeyword$_verifyElementVisibleInViewport_closure1.call(VerifyElementVisibleInViewportKeyword.groovy)
	at com.kms.katalon.core.webui.keyword.internal.WebUIKeywordMain.runKeyword(WebUIKeywordMain.groovy:20)
	at com.kms.katalon.core.webui.keyword.builtin.VerifyElementVisibleInViewportKeyword.verifyElementVisibleInViewport(VerifyElementVisibleInViewportKeyword.groovy:86)
	at com.kms.katalon.core.webui.keyword.builtin.VerifyElementVisibleInViewportKeyword.execute(VerifyElementVisibleInViewportKeyword.groovy:68)
	at com.kms.katalon.core.keyword.internal.KeywordExecutor.executeKeywordForPlatform(KeywordExecutor.groovy:72)
	at com.kms.katalon.core.webui.keyword.WebUiBuiltInKeywords.verifyElementInViewport(WebUiBuiltInKeywords.groovy:3039)
	at com.kms.katalon.core.webui.keyword.WebUiBuiltInKeywords$verifyElementInViewport$14.call(Unknown Source)
	at Text adding (MAX and COLOR) 30sc cycle.run(Text adding (MAX and COLOR) 30sc cycle:54)
	at com.kms.katalon.core.main.ScriptEngine.run(ScriptEngine.java:194)
	at com.kms.katalon.core.main.ScriptEngine.runScriptAsRawText(ScriptEngine.java:119)
	at com.kms.katalon.core.main.TestCaseExecutor.runScript(TestCaseExecutor.java:337)
	at com.kms.katalon.core.main.TestCaseExecutor.doExecute(TestCaseExecutor.java:328)
	at com.kms.katalon.core.main.TestCaseExecutor.processExecutionPhase(TestCaseExecutor.java:307)
	at com.kms.katalon.core.main.TestCaseExecutor.accessMainPhase(TestCaseExecutor.java:299)
	at com.kms.katalon.core.main.TestCaseExecutor.execute(TestCaseExecutor.java:233)
	at com.kms.katalon.core.main.TestSuiteExecutor.accessTestCaseMainPhase(TestSuiteExecutor.java:169)
	at com.kms.katalon.core.main.TestSuiteExecutor.accessTestSuiteMainPhase(TestSuiteExecutor.java:142)
	at com.kms.katalon.core.main.TestSuiteExecutor.execute(TestSuiteExecutor.java:91)
	at com.kms.katalon.core.main.TestCaseMain.startTestSuite(TestCaseMain.java:157)
	at com.kms.katalon.core.main.TestCaseMain$startTestSuite$0.call(Unknown Source)
	at TempTestSuite1581071026566.run(TempTestSuite1581071026566.groovy:36)
)

2020-02-07 12:27:21 - [MESSAGE][WARNING] - Timeout '0' is invalid. Using default page load timeout: '1'

2020-02-07 12:27:22 - [MESSAGE][INFO] - Unable to find the element located by 'By.xpath: (//div[@class='current-slide active-slide']//*[@id="anchor_input"])[2]'. Please recheck the objects properties to make sure the desired element is located. 

2020-02-07 12:27:22 - [MESSAGE][FAILED] - Object 'Object Repository/Page_Reevio Video Maker/Editor/Test Text fields/a_Text 2' is not present (Root cause: com.kms.katalon.core.exception.StepFailedException: Object 'Object Repository/Page_Reevio Video Maker/Editor/Test Text fields/a_Text 2' is not present
	at com.kms.katalon.core.webui.keyword.internal.WebUIKeywordMain.stepFailed(WebUIKeywordMain.groovy:64)
	at com.kms.katalon.core.webui.keyword.builtin.VerifyElementVisibleInViewportKeyword$_verifyElementVisibleInViewport_closure1.doCall(VerifyElementVisibleInViewportKeyword.groovy:83)
	at com.kms.katalon.core.webui.keyword.builtin.VerifyElementVisibleInViewportKeyword$_verifyElementVisibleInViewport_closure1.call(VerifyElementVisibleInViewportKeyword.groovy)
	at com.kms.katalon.core.webui.keyword.internal.WebUIKeywordMain.runKeyword(WebUIKeywordMain.groovy:20)
	at com.kms.katalon.core.webui.keyword.builtin.VerifyElementVisibleInViewportKeyword.verifyElementVisibleInViewport(VerifyElementVisibleInViewportKeyword.groovy:86)
	at com.kms.katalon.core.webui.keyword.builtin.VerifyElementVisibleInViewportKeyword.execute(VerifyElementVisibleInViewportKeyword.groovy:68)
	at com.kms.katalon.core.keyword.internal.KeywordExecutor.executeKeywordForPlatform(KeywordExecutor.groovy:72)
	at com.kms.katalon.core.webui.keyword.WebUiBuiltInKeywords.verifyElementInViewport(WebUiBuiltInKeywords.groovy:3039)
	at com.kms.katalon.core.webui.keyword.WebUiBuiltInKeywords$verifyElementInViewport$14.call(Unknown Source)
	at Text adding (MAX and COLOR) 30sc cycle.run(Text adding (MAX and COLOR) 30sc cycle:54)
	at com.kms.katalon.core.main.ScriptEngine.run(ScriptEngine.java:194)
	at com.kms.katalon.core.main.ScriptEngine.runScriptAsRawText(ScriptEngine.java:119)
	at com.kms.katalon.core.main.TestCaseExecutor.runScript(TestCaseExecutor.java:337)
	at com.kms.katalon.core.main.TestCaseExecutor.doExecute(TestCaseExecutor.java:328)
	at com.kms.katalon.core.main.TestCaseExecutor.processExecutionPhase(TestCaseExecutor.java:307)
	at com.kms.katalon.core.main.TestCaseExecutor.accessMainPhase(TestCaseExecutor.java:299)
	at com.kms.katalon.core.main.TestCaseExecutor.execute(TestCaseExecutor.java:233)
	at com.kms.katalon.core.main.TestSuiteExecutor.accessTestCaseMainPhase(TestSuiteExecutor.java:169)
	at com.kms.katalon.core.main.TestSuiteExecutor.accessTestSuiteMainPhase(TestSuiteExecutor.java:142)
	at com.kms.katalon.core.main.TestSuiteExecutor.execute(TestSuiteExecutor.java:91)
	at com.kms.katalon.core.main.TestCaseMain.startTestSuite(TestCaseMain.java:157)
	at com.kms.katalon.core.main.TestCaseMain$startTestSuite$0.call(Unknown Source)
	at TempTestSuite1581071026566.run(TempTestSuite1581071026566.groovy:36)
)

2020-02-07 12:27:22 - [TEST_STEP][PASSED] - else: null

2020-02-07 12:27:22 - [TEST_STEP][PASSED] - break: null

2020-02-07 12:27:22 - [TEST_STEP][PASSED] - if (verifyElementPresent(findTestObject("Page_Reevio Video Maker/Editor_Scene_" + i), 0) == true): null

2020-02-07 12:27:22 - [MESSAGE][WARNING] - Timeout '0' is invalid. Using default page load timeout: '1'

2020-02-07 12:27:22 - [MESSAGE][PASSED] - Object 'Object Repository/Page_Reevio Video Maker/Editor_Scene_9' is present

2020-02-07 12:27:22 - [TEST_STEP][PASSED] - doubleClick(findTestObject("Page_Reevio Video Maker/Editor_Scene_" + i)): Object: 'Object Repository/Page_Reevio Video Maker/Editor_Scene_9' is double clicked on

2020-02-07 12:27:22 - [MESSAGE][PASSED] - Object: 'Object Repository/Page_Reevio Video Maker/Editor_Scene_9' is double clicked on

2020-02-07 12:27:22 - [TEST_STEP][PASSED] - delay(1): Delayed 1 second(s)

2020-02-07 12:27:23 - [MESSAGE][PASSED] - Delayed 1 second(s)

2020-02-07 12:27:23 - [TEST_STEP][FAILED] - for ([j = 1, j < 7, (j++)]): null

2020-02-07 12:27:23 - [TEST_STEP][PASSED] - if (verifyElementInViewport(findTestObject("Page_Reevio Video Maker/Editor/Test Text fields/a_Text " + j), 0) == true): null

2020-02-07 12:27:23 - [MESSAGE][WARNING] - Timeout '0' is invalid. Using default page load timeout: '1'

2020-02-07 12:27:23 - [MESSAGE][PASSED] - Object 'Object Repository/Page_Reevio Video Maker/Editor/Test Text fields/a_Text 1' is present and visible in viewport

2020-02-07 12:27:23 - [TEST_STEP][PASSED] - doubleClick(findTestObject("Page_Reevio Video Maker/Editor/Test Text fields/a_Text " + j)): Object: 'Object Repository/Page_Reevio Video Maker/Editor/Test Text fields/a_Text 1' is double clicked on

2020-02-07 12:27:24 - [MESSAGE][PASSED] - Object: 'Object Repository/Page_Reevio Video Maker/Editor/Test Text fields/a_Text 1' is double clicked on

2020-02-07 12:27:24 - [TEST_STEP][PASSED] - maxlength = getAttribute(findTestObject("Page_Reevio Video Maker/Editor/Test Text fields/a_Text " + j), "data-maxlength"): Attribute 'data-maxlength' of object 'Object Repository/Page_Reevio Video Maker/Editor/Test Text fields/a_Text 1' is: '30'

2020-02-07 12:27:24 - [MESSAGE][PASSED] - Attribute 'data-maxlength' of object 'Object Repository/Page_Reevio Video Maker/Editor/Test Text fields/a_Text 1' is: '30'

2020-02-07 12:27:24 - [TEST_STEP][PASSED] - clearText(findTestObject("Page_Reevio Video Maker/Editor/Text Editor/input_Enable text_cinput"), CONTINUE_ON_FAILURE): Text of object 'Object Repository/Page_Reevio Video Maker/Editor/Text Editor/input_Enable text_cinput' is cleared

2020-02-07 12:27:24 - [MESSAGE][PASSED] - Text of object 'Object Repository/Page_Reevio Video Maker/Editor/Text Editor/input_Enable text_cinput' is cleared

2020-02-07 12:27:24 - [TEST_STEP][PASSED] - setText(findTestObject("Page_Reevio Video Maker/Editor/Text Editor/input_Enable text_cinput"), findTestData("vavowDate").getValue(1, 1)): Text 'The quick beige fox jumps over the lazy dog. The quick brown fox jumps over the lazy dog. The quick brown fox jumps over the lazy dog. The quick brown fox jumps over the lazy dog. The quick brown fox jumps over the lazy dog. The quick brown fox jumps over the lazy dog. The quick brown fox jumps over the lazy dog.' is set on object 'Object Repository/Page_Reevio Video Maker/Editor/Text Editor/input_Enable text_cinput'

2020-02-07 12:27:26 - [MESSAGE][PASSED] - Text 'The quick beige fox jumps over the lazy dog. The quick brown fox jumps over the lazy dog. The quick brown fox jumps over the lazy dog. The quick brown fox jumps over the lazy dog. The quick brown fox jumps over the lazy dog. The quick brown fox jumps over the lazy dog. The quick brown fox jumps over the lazy dog.' is set on object 'Object Repository/Page_Reevio Video Maker/Editor/Text Editor/input_Enable text_cinput'

2020-02-07 12:27:26 - [TEST_STEP][PASSED] - maxL = maxlength: null

2020-02-07 12:27:26 - [TEST_STEP][PASSED] - if (maxL >= 100 == true): null

2020-02-07 12:27:26 - [TEST_STEP][PASSED] - else if (maxL < 100 == true): Keys 'BACK_SPACE + ' sent to object: 'Object Repository/Page_Reevio Video Maker/Editor/Text Editor/input_Enable text_cinput'

2020-02-07 12:27:26 - [TEST_STEP][PASSED] - if (maxL < 10 == true): null

2020-02-07 12:27:26 - [TEST_STEP][PASSED] - else: Keys 'BACK_SPACE + ' sent to object: 'Object Repository/Page_Reevio Video Maker/Editor/Text Editor/input_Enable text_cinput'

2020-02-07 12:27:26 - [TEST_STEP][PASSED] - sendKeys(findTestObject("Page_Reevio Video Maker/Editor/Text Editor/input_Enable text_cinput"), Keys.chord(BACK_SPACE)): Keys 'BACK_SPACE + ' sent to object: 'Object Repository/Page_Reevio Video Maker/Editor/Text Editor/input_Enable text_cinput'

2020-02-07 12:27:26 - [MESSAGE][PASSED] - Keys 'BACK_SPACE + ' sent to object: 'Object Repository/Page_Reevio Video Maker/Editor/Text Editor/input_Enable text_cinput'

2020-02-07 12:27:26 - [TEST_STEP][PASSED] - sendKeys(findTestObject("Page_Reevio Video Maker/Editor/Text Editor/input_Enable text_cinput"), Keys.chord(BACK_SPACE)): Keys 'BACK_SPACE + ' sent to object: 'Object Repository/Page_Reevio Video Maker/Editor/Text Editor/input_Enable text_cinput'

2020-02-07 12:27:26 - [MESSAGE][PASSED] - Keys 'BACK_SPACE + ' sent to object: 'Object Repository/Page_Reevio Video Maker/Editor/Text Editor/input_Enable text_cinput'

2020-02-07 12:27:26 - [TEST_STEP][PASSED] - sendKeys(findTestObject("Page_Reevio Video Maker/Editor/Text Editor/input_Enable text_cinput"), maxlength): Keys '30' sent to object: 'Object Repository/Page_Reevio Video Maker/Editor/Text Editor/input_Enable text_cinput'

2020-02-07 12:27:26 - [MESSAGE][PASSED] - Keys '30' sent to object: 'Object Repository/Page_Reevio Video Maker/Editor/Text Editor/input_Enable text_cinput'

2020-02-07 12:27:26 - [TEST_STEP][PASSED] - click(findTestObject("Page_Reevio Video Maker/Editor/Text Color/span_Shadows Into Light_minicolors-swatch-color")): Object: 'Object Repository/Page_Reevio Video Maker/Editor/Text Color/span_Shadows Into Light_minicolors-swatch-color' is clicked on

2020-02-07 12:27:27 - [MESSAGE][PASSED] - Object: 'Object Repository/Page_Reevio Video Maker/Editor/Text Color/span_Shadows Into Light_minicolors-swatch-color' is clicked on

2020-02-07 12:27:27 - [TEST_STEP][PASSED] - clearText(findTestObject("Page_Reevio Video Maker/Editor/Text Color/input_RGB_texthex-color")): Text of object 'Object Repository/Page_Reevio Video Maker/Editor/Text Color/input_RGB_texthex-color' is cleared

2020-02-07 12:27:27 - [MESSAGE][PASSED] - Text of object 'Object Repository/Page_Reevio Video Maker/Editor/Text Color/input_RGB_texthex-color' is cleared

2020-02-07 12:27:27 - [TEST_STEP][PASSED] - setText(findTestObject("Page_Reevio Video Maker/Editor/Text Color/input_RGB_texthex-color"), findTestData("vavowDate").getValue(2, 1)): Text '#00FFE1' is set on object 'Object Repository/Page_Reevio Video Maker/Editor/Text Color/input_RGB_texthex-color'

2020-02-07 12:27:27 - [MESSAGE][PASSED] - Text '#00FFE1' is set on object 'Object Repository/Page_Reevio Video Maker/Editor/Text Color/input_RGB_texthex-color'

2020-02-07 12:27:27 - [TEST_STEP][PASSED] - click(findTestObject("Page_Reevio Video Maker/Editor/Text Color/button_Apply")): Object: 'Object Repository/Page_Reevio Video Maker/Editor/Text Color/button_Apply' is clicked on

2020-02-07 12:27:27 - [MESSAGE][PASSED] - Object: 'Object Repository/Page_Reevio Video Maker/Editor/Text Color/button_Apply' is clicked on

2020-02-07 12:27:27 - [TEST_STEP][PASSED] - click(findTestObject("Page_Reevio Video Maker/Editor/Text Editor/span_Save")): Object: 'Object Repository/Page_Reevio Video Maker/Editor/Text Editor/span_Save' is clicked on

2020-02-07 12:27:27 - [MESSAGE][PASSED] - Object: 'Object Repository/Page_Reevio Video Maker/Editor/Text Editor/span_Save' is clicked on

2020-02-07 12:27:27 - [TEST_STEP][PASSED] - maxlength = 0: null

2020-02-07 12:27:27 - [TEST_STEP][PASSED] - if (verifyElementInViewport(findTestObject("Page_Reevio Video Maker/Editor/Test Text fields/a_Text " + j), 0) == true): null

2020-02-07 12:27:27 - [MESSAGE][WARNING] - Timeout '0' is invalid. Using default page load timeout: '1'

2020-02-07 12:27:28 - [MESSAGE][PASSED] - Object 'Object Repository/Page_Reevio Video Maker/Editor/Test Text fields/a_Text 2' is present and visible in viewport

2020-02-07 12:27:28 - [TEST_STEP][PASSED] - doubleClick(findTestObject("Page_Reevio Video Maker/Editor/Test Text fields/a_Text " + j)): Object: 'Object Repository/Page_Reevio Video Maker/Editor/Test Text fields/a_Text 2' is double clicked on

2020-02-07 12:27:28 - [MESSAGE][PASSED] - Object: 'Object Repository/Page_Reevio Video Maker/Editor/Test Text fields/a_Text 2' is double clicked on

2020-02-07 12:27:28 - [TEST_STEP][PASSED] - maxlength = getAttribute(findTestObject("Page_Reevio Video Maker/Editor/Test Text fields/a_Text " + j), "data-maxlength"): Attribute 'data-maxlength' of object 'Object Repository/Page_Reevio Video Maker/Editor/Test Text fields/a_Text 2' is: '45'

2020-02-07 12:27:28 - [MESSAGE][PASSED] - Attribute 'data-maxlength' of object 'Object Repository/Page_Reevio Video Maker/Editor/Test Text fields/a_Text 2' is: '45'

2020-02-07 12:27:28 - [TEST_STEP][PASSED] - clearText(findTestObject("Page_Reevio Video Maker/Editor/Text Editor/input_Enable text_cinput"), CONTINUE_ON_FAILURE): Text of object 'Object Repository/Page_Reevio Video Maker/Editor/Text Editor/input_Enable text_cinput' is cleared

2020-02-07 12:27:28 - [MESSAGE][PASSED] - Text of object 'Object Repository/Page_Reevio Video Maker/Editor/Text Editor/input_Enable text_cinput' is cleared

2020-02-07 12:27:28 - [TEST_STEP][PASSED] - setText(findTestObject("Page_Reevio Video Maker/Editor/Text Editor/input_Enable text_cinput"), findTestData("vavowDate").getValue(1, 1)): Text 'The quick beige fox jumps over the lazy dog. The quick brown fox jumps over the lazy dog. The quick brown fox jumps over the lazy dog. The quick brown fox jumps over the lazy dog. The quick brown fox jumps over the lazy dog. The quick brown fox jumps over the lazy dog. The quick brown fox jumps over the lazy dog.' is set on object 'Object Repository/Page_Reevio Video Maker/Editor/Text Editor/input_Enable text_cinput'

2020-02-07 12:27:30 - [MESSAGE][PASSED] - Text 'The quick beige fox jumps over the lazy dog. The quick brown fox jumps over the lazy dog. The quick brown fox jumps over the lazy dog. The quick brown fox jumps over the lazy dog. The quick brown fox jumps over the lazy dog. The quick brown fox jumps over the lazy dog. The quick brown fox jumps over the lazy dog.' is set on object 'Object Repository/Page_Reevio Video Maker/Editor/Text Editor/input_Enable text_cinput'

2020-02-07 12:27:30 - [TEST_STEP][PASSED] - maxL = maxlength: null

2020-02-07 12:27:30 - [TEST_STEP][PASSED] - if (maxL >= 100 == true): null

2020-02-07 12:27:30 - [TEST_STEP][PASSED] - else if (maxL < 100 == true): Keys 'BACK_SPACE + ' sent to object: 'Object Repository/Page_Reevio Video Maker/Editor/Text Editor/input_Enable text_cinput'

2020-02-07 12:27:30 - [TEST_STEP][PASSED] - if (maxL < 10 == true): null

2020-02-07 12:27:30 - [TEST_STEP][PASSED] - else: Keys 'BACK_SPACE + ' sent to object: 'Object Repository/Page_Reevio Video Maker/Editor/Text Editor/input_Enable text_cinput'

2020-02-07 12:27:30 - [TEST_STEP][PASSED] - sendKeys(findTestObject("Page_Reevio Video Maker/Editor/Text Editor/input_Enable text_cinput"), Keys.chord(BACK_SPACE)): Keys 'BACK_SPACE + ' sent to object: 'Object Repository/Page_Reevio Video Maker/Editor/Text Editor/input_Enable text_cinput'

2020-02-07 12:27:30 - [MESSAGE][PASSED] - Keys 'BACK_SPACE + ' sent to object: 'Object Repository/Page_Reevio Video Maker/Editor/Text Editor/input_Enable text_cinput'

2020-02-07 12:27:30 - [TEST_STEP][PASSED] - sendKeys(findTestObject("Page_Reevio Video Maker/Editor/Text Editor/input_Enable text_cinput"), Keys.chord(BACK_SPACE)): Keys 'BACK_SPACE + ' sent to object: 'Object Repository/Page_Reevio Video Maker/Editor/Text Editor/input_Enable text_cinput'

2020-02-07 12:27:30 - [MESSAGE][PASSED] - Keys 'BACK_SPACE + ' sent to object: 'Object Repository/Page_Reevio Video Maker/Editor/Text Editor/input_Enable text_cinput'

2020-02-07 12:27:30 - [TEST_STEP][PASSED] - sendKeys(findTestObject("Page_Reevio Video Maker/Editor/Text Editor/input_Enable text_cinput"), maxlength): Keys '45' sent to object: 'Object Repository/Page_Reevio Video Maker/Editor/Text Editor/input_Enable text_cinput'

2020-02-07 12:27:30 - [MESSAGE][PASSED] - Keys '45' sent to object: 'Object Repository/Page_Reevio Video Maker/Editor/Text Editor/input_Enable text_cinput'

2020-02-07 12:27:30 - [TEST_STEP][PASSED] - click(findTestObject("Page_Reevio Video Maker/Editor/Text Color/span_Shadows Into Light_minicolors-swatch-color")): Object: 'Object Repository/Page_Reevio Video Maker/Editor/Text Color/span_Shadows Into Light_minicolors-swatch-color' is clicked on

2020-02-07 12:27:30 - [MESSAGE][PASSED] - Object: 'Object Repository/Page_Reevio Video Maker/Editor/Text Color/span_Shadows Into Light_minicolors-swatch-color' is clicked on

2020-02-07 12:27:30 - [TEST_STEP][PASSED] - clearText(findTestObject("Page_Reevio Video Maker/Editor/Text Color/input_RGB_texthex-color")): Text of object 'Object Repository/Page_Reevio Video Maker/Editor/Text Color/input_RGB_texthex-color' is cleared

2020-02-07 12:27:30 - [MESSAGE][PASSED] - Text of object 'Object Repository/Page_Reevio Video Maker/Editor/Text Color/input_RGB_texthex-color' is cleared

2020-02-07 12:27:30 - [TEST_STEP][PASSED] - setText(findTestObject("Page_Reevio Video Maker/Editor/Text Color/input_RGB_texthex-color"), findTestData("vavowDate").getValue(2, 1)): Text '#00FFE1' is set on object 'Object Repository/Page_Reevio Video Maker/Editor/Text Color/input_RGB_texthex-color'

2020-02-07 12:27:31 - [MESSAGE][PASSED] - Text '#00FFE1' is set on object 'Object Repository/Page_Reevio Video Maker/Editor/Text Color/input_RGB_texthex-color'

2020-02-07 12:27:31 - [TEST_STEP][PASSED] - click(findTestObject("Page_Reevio Video Maker/Editor/Text Color/button_Apply")): Object: 'Object Repository/Page_Reevio Video Maker/Editor/Text Color/button_Apply' is clicked on

2020-02-07 12:27:31 - [MESSAGE][PASSED] - Object: 'Object Repository/Page_Reevio Video Maker/Editor/Text Color/button_Apply' is clicked on

2020-02-07 12:27:31 - [TEST_STEP][PASSED] - click(findTestObject("Page_Reevio Video Maker/Editor/Text Editor/span_Save")): Object: 'Object Repository/Page_Reevio Video Maker/Editor/Text Editor/span_Save' is clicked on

2020-02-07 12:27:31 - [MESSAGE][PASSED] - Object: 'Object Repository/Page_Reevio Video Maker/Editor/Text Editor/span_Save' is clicked on

2020-02-07 12:27:31 - [TEST_STEP][PASSED] - maxlength = 0: null

2020-02-07 12:27:31 - [TEST_STEP][FAILED] - if (verifyElementInViewport(findTestObject("Page_Reevio Video Maker/Editor/Test Text fields/a_Text " + j), 0) == true): Object 'Object Repository/Page_Reevio Video Maker/Editor/Test Text fields/a_Text 3' is not present (Root cause: com.kms.katalon.core.exception.StepFailedException: Object 'Object Repository/Page_Reevio Video Maker/Editor/Test Text fields/a_Text 3' is not present
	at com.kms.katalon.core.webui.keyword.internal.WebUIKeywordMain.stepFailed(WebUIKeywordMain.groovy:64)
	at com.kms.katalon.core.webui.keyword.builtin.VerifyElementVisibleInViewportKeyword$_verifyElementVisibleInViewport_closure1.doCall(VerifyElementVisibleInViewportKeyword.groovy:83)
	at com.kms.katalon.core.webui.keyword.builtin.VerifyElementVisibleInViewportKeyword$_verifyElementVisibleInViewport_closure1.call(VerifyElementVisibleInViewportKeyword.groovy)
	at com.kms.katalon.core.webui.keyword.internal.WebUIKeywordMain.runKeyword(WebUIKeywordMain.groovy:20)
	at com.kms.katalon.core.webui.keyword.builtin.VerifyElementVisibleInViewportKeyword.verifyElementVisibleInViewport(VerifyElementVisibleInViewportKeyword.groovy:86)
	at com.kms.katalon.core.webui.keyword.builtin.VerifyElementVisibleInViewportKeyword.execute(VerifyElementVisibleInViewportKeyword.groovy:68)
	at com.kms.katalon.core.keyword.internal.KeywordExecutor.executeKeywordForPlatform(KeywordExecutor.groovy:72)
	at com.kms.katalon.core.webui.keyword.WebUiBuiltInKeywords.verifyElementInViewport(WebUiBuiltInKeywords.groovy:3039)
	at com.kms.katalon.core.webui.keyword.WebUiBuiltInKeywords$verifyElementInViewport$14.call(Unknown Source)
	at Text adding (MAX and COLOR) 30sc cycle.run(Text adding (MAX and COLOR) 30sc cycle:54)
	at com.kms.katalon.core.main.ScriptEngine.run(ScriptEngine.java:194)
	at com.kms.katalon.core.main.ScriptEngine.runScriptAsRawText(ScriptEngine.java:119)
	at com.kms.katalon.core.main.TestCaseExecutor.runScript(TestCaseExecutor.java:337)
	at com.kms.katalon.core.main.TestCaseExecutor.doExecute(TestCaseExecutor.java:328)
	at com.kms.katalon.core.main.TestCaseExecutor.processExecutionPhase(TestCaseExecutor.java:307)
	at com.kms.katalon.core.main.TestCaseExecutor.accessMainPhase(TestCaseExecutor.java:299)
	at com.kms.katalon.core.main.TestCaseExecutor.execute(TestCaseExecutor.java:233)
	at com.kms.katalon.core.main.TestSuiteExecutor.accessTestCaseMainPhase(TestSuiteExecutor.java:169)
	at com.kms.katalon.core.main.TestSuiteExecutor.accessTestSuiteMainPhase(TestSuiteExecutor.java:142)
	at com.kms.katalon.core.main.TestSuiteExecutor.execute(TestSuiteExecutor.java:91)
	at com.kms.katalon.core.main.TestCaseMain.startTestSuite(TestCaseMain.java:157)
	at com.kms.katalon.core.main.TestCaseMain$startTestSuite$0.call(Unknown Source)
	at TempTestSuite1581071026566.run(TempTestSuite1581071026566.groovy:36)
)

2020-02-07 12:27:31 - [MESSAGE][WARNING] - Timeout '0' is invalid. Using default page load timeout: '1'

2020-02-07 12:27:32 - [MESSAGE][INFO] - Unable to find the element located by 'By.xpath: (//div[@class='current-slide active-slide']//*[@id="anchor_input"])[3]'. Please recheck the objects properties to make sure the desired element is located. 

2020-02-07 12:27:32 - [MESSAGE][FAILED] - Object 'Object Repository/Page_Reevio Video Maker/Editor/Test Text fields/a_Text 3' is not present (Root cause: com.kms.katalon.core.exception.StepFailedException: Object 'Object Repository/Page_Reevio Video Maker/Editor/Test Text fields/a_Text 3' is not present
	at com.kms.katalon.core.webui.keyword.internal.WebUIKeywordMain.stepFailed(WebUIKeywordMain.groovy:64)
	at com.kms.katalon.core.webui.keyword.builtin.VerifyElementVisibleInViewportKeyword$_verifyElementVisibleInViewport_closure1.doCall(VerifyElementVisibleInViewportKeyword.groovy:83)
	at com.kms.katalon.core.webui.keyword.builtin.VerifyElementVisibleInViewportKeyword$_verifyElementVisibleInViewport_closure1.call(VerifyElementVisibleInViewportKeyword.groovy)
	at com.kms.katalon.core.webui.keyword.internal.WebUIKeywordMain.runKeyword(WebUIKeywordMain.groovy:20)
	at com.kms.katalon.core.webui.keyword.builtin.VerifyElementVisibleInViewportKeyword.verifyElementVisibleInViewport(VerifyElementVisibleInViewportKeyword.groovy:86)
	at com.kms.katalon.core.webui.keyword.builtin.VerifyElementVisibleInViewportKeyword.execute(VerifyElementVisibleInViewportKeyword.groovy:68)
	at com.kms.katalon.core.keyword.internal.KeywordExecutor.executeKeywordForPlatform(KeywordExecutor.groovy:72)
	at com.kms.katalon.core.webui.keyword.WebUiBuiltInKeywords.verifyElementInViewport(WebUiBuiltInKeywords.groovy:3039)
	at com.kms.katalon.core.webui.keyword.WebUiBuiltInKeywords$verifyElementInViewport$14.call(Unknown Source)
	at Text adding (MAX and COLOR) 30sc cycle.run(Text adding (MAX and COLOR) 30sc cycle:54)
	at com.kms.katalon.core.main.ScriptEngine.run(ScriptEngine.java:194)
	at com.kms.katalon.core.main.ScriptEngine.runScriptAsRawText(ScriptEngine.java:119)
	at com.kms.katalon.core.main.TestCaseExecutor.runScript(TestCaseExecutor.java:337)
	at com.kms.katalon.core.main.TestCaseExecutor.doExecute(TestCaseExecutor.java:328)
	at com.kms.katalon.core.main.TestCaseExecutor.processExecutionPhase(TestCaseExecutor.java:307)
	at com.kms.katalon.core.main.TestCaseExecutor.accessMainPhase(TestCaseExecutor.java:299)
	at com.kms.katalon.core.main.TestCaseExecutor.execute(TestCaseExecutor.java:233)
	at com.kms.katalon.core.main.TestSuiteExecutor.accessTestCaseMainPhase(TestSuiteExecutor.java:169)
	at com.kms.katalon.core.main.TestSuiteExecutor.accessTestSuiteMainPhase(TestSuiteExecutor.java:142)
	at com.kms.katalon.core.main.TestSuiteExecutor.execute(TestSuiteExecutor.java:91)
	at com.kms.katalon.core.main.TestCaseMain.startTestSuite(TestCaseMain.java:157)
	at com.kms.katalon.core.main.TestCaseMain$startTestSuite$0.call(Unknown Source)
	at TempTestSuite1581071026566.run(TempTestSuite1581071026566.groovy:36)
)

2020-02-07 12:27:32 - [TEST_STEP][PASSED] - else: null

2020-02-07 12:27:32 - [TEST_STEP][PASSED] - break: null

2020-02-07 12:27:32 - [TEST_STEP][FAILED] - if (verifyElementPresent(findTestObject("Page_Reevio Video Maker/Editor_Scene_" + i), 0) == true): com.kms.katalon.core.webui.exception.WebElementNotFoundException: Web element with id: 'Object Repository/Page_Reevio Video Maker/Editor_Scene_10' located by 'By.xpath: //*[@id="bottom-slider-id"]/div[10]/figure' not found (Root cause: com.kms.katalon.core.exception.StepFailedException: com.kms.katalon.core.webui.exception.WebElementNotFoundException: Web element with id: 'Object Repository/Page_Reevio Video Maker/Editor_Scene_10' located by 'By.xpath: //*[@id="bottom-slider-id"]/div[10]/figure' not found
	at com.kms.katalon.core.webui.keyword.internal.WebUIKeywordMain.stepFailed(WebUIKeywordMain.groovy:64)
	at com.kms.katalon.core.webui.keyword.builtin.VerifyElementPresentKeyword$_verifyElementPresent_closure1.doCall(VerifyElementPresentKeyword.groovy:85)
	at com.kms.katalon.core.webui.keyword.builtin.VerifyElementPresentKeyword$_verifyElementPresent_closure1.call(VerifyElementPresentKeyword.groovy)
	at com.kms.katalon.core.webui.keyword.internal.WebUIKeywordMain.runKeyword(WebUIKeywordMain.groovy:20)
	at com.kms.katalon.core.webui.keyword.builtin.VerifyElementPresentKeyword.verifyElementPresent(VerifyElementPresentKeyword.groovy:92)
	at com.kms.katalon.core.webui.keyword.builtin.VerifyElementPresentKeyword.execute(VerifyElementPresentKeyword.groovy:68)
	at com.kms.katalon.core.keyword.internal.KeywordExecutor.executeKeywordForPlatform(KeywordExecutor.groovy:72)
	at com.kms.katalon.core.webui.keyword.WebUiBuiltInKeywords.verifyElementPresent(WebUiBuiltInKeywords.groovy:1434)
	at com.kms.katalon.core.webui.keyword.WebUiBuiltInKeywords$verifyElementPresent$6.call(Unknown Source)
	at Text adding (MAX and COLOR) 30sc cycle.run(Text adding (MAX and COLOR) 30sc cycle:46)
	at com.kms.katalon.core.main.ScriptEngine.run(ScriptEngine.java:194)
	at com.kms.katalon.core.main.ScriptEngine.runScriptAsRawText(ScriptEngine.java:119)
	at com.kms.katalon.core.main.TestCaseExecutor.runScript(TestCaseExecutor.java:337)
	at com.kms.katalon.core.main.TestCaseExecutor.doExecute(TestCaseExecutor.java:328)
	at com.kms.katalon.core.main.TestCaseExecutor.processExecutionPhase(TestCaseExecutor.java:307)
	at com.kms.katalon.core.main.TestCaseExecutor.accessMainPhase(TestCaseExecutor.java:299)
	at com.kms.katalon.core.main.TestCaseExecutor.execute(TestCaseExecutor.java:233)
	at com.kms.katalon.core.main.TestSuiteExecutor.accessTestCaseMainPhase(TestSuiteExecutor.java:169)
	at com.kms.katalon.core.main.TestSuiteExecutor.accessTestSuiteMainPhase(TestSuiteExecutor.java:142)
	at com.kms.katalon.core.main.TestSuiteExecutor.execute(TestSuiteExecutor.java:91)
	at com.kms.katalon.core.main.TestCaseMain.startTestSuite(TestCaseMain.java:157)
	at com.kms.katalon.core.main.TestCaseMain$startTestSuite$0.call(Unknown Source)
	at TempTestSuite1581071026566.run(TempTestSuite1581071026566.groovy:36)
)

2020-02-07 12:27:32 - [MESSAGE][WARNING] - Timeout '0' is invalid. Using default page load timeout: '1'

2020-02-07 12:27:33 - [MESSAGE][INFO] - Unable to find the element located by 'By.xpath: //*[@id="bottom-slider-id"]/div[10]/figure'. Please recheck the objects properties to make sure the desired element is located. 

2020-02-07 12:27:33 - [MESSAGE][FAILED] - com.kms.katalon.core.webui.exception.WebElementNotFoundException: Web element with id: 'Object Repository/Page_Reevio Video Maker/Editor_Scene_10' located by 'By.xpath: //*[@id="bottom-slider-id"]/div[10]/figure' not found (Root cause: com.kms.katalon.core.exception.StepFailedException: com.kms.katalon.core.webui.exception.WebElementNotFoundException: Web element with id: 'Object Repository/Page_Reevio Video Maker/Editor_Scene_10' located by 'By.xpath: //*[@id="bottom-slider-id"]/div[10]/figure' not found
	at com.kms.katalon.core.webui.keyword.internal.WebUIKeywordMain.stepFailed(WebUIKeywordMain.groovy:64)
	at com.kms.katalon.core.webui.keyword.builtin.VerifyElementPresentKeyword$_verifyElementPresent_closure1.doCall(VerifyElementPresentKeyword.groovy:85)
	at com.kms.katalon.core.webui.keyword.builtin.VerifyElementPresentKeyword$_verifyElementPresent_closure1.call(VerifyElementPresentKeyword.groovy)
	at com.kms.katalon.core.webui.keyword.internal.WebUIKeywordMain.runKeyword(WebUIKeywordMain.groovy:20)
	at com.kms.katalon.core.webui.keyword.builtin.VerifyElementPresentKeyword.verifyElementPresent(VerifyElementPresentKeyword.groovy:92)
	at com.kms.katalon.core.webui.keyword.builtin.VerifyElementPresentKeyword.execute(VerifyElementPresentKeyword.groovy:68)
	at com.kms.katalon.core.keyword.internal.KeywordExecutor.executeKeywordForPlatform(KeywordExecutor.groovy:72)
	at com.kms.katalon.core.webui.keyword.WebUiBuiltInKeywords.verifyElementPresent(WebUiBuiltInKeywords.groovy:1434)
	at com.kms.katalon.core.webui.keyword.WebUiBuiltInKeywords$verifyElementPresent$6.call(Unknown Source)
	at Text adding (MAX and COLOR) 30sc cycle.run(Text adding (MAX and COLOR) 30sc cycle:46)
	at com.kms.katalon.core.main.ScriptEngine.run(ScriptEngine.java:194)
	at com.kms.katalon.core.main.ScriptEngine.runScriptAsRawText(ScriptEngine.java:119)
	at com.kms.katalon.core.main.TestCaseExecutor.runScript(TestCaseExecutor.java:337)
	at com.kms.katalon.core.main.TestCaseExecutor.doExecute(TestCaseExecutor.java:328)
	at com.kms.katalon.core.main.TestCaseExecutor.processExecutionPhase(TestCaseExecutor.java:307)
	at com.kms.katalon.core.main.TestCaseExecutor.accessMainPhase(TestCaseExecutor.java:299)
	at com.kms.katalon.core.main.TestCaseExecutor.execute(TestCaseExecutor.java:233)
	at com.kms.katalon.core.main.TestSuiteExecutor.accessTestCaseMainPhase(TestSuiteExecutor.java:169)
	at com.kms.katalon.core.main.TestSuiteExecutor.accessTestSuiteMainPhase(TestSuiteExecutor.java:142)
	at com.kms.katalon.core.main.TestSuiteExecutor.execute(TestSuiteExecutor.java:91)
	at com.kms.katalon.core.main.TestCaseMain.startTestSuite(TestCaseMain.java:157)
	at com.kms.katalon.core.main.TestCaseMain$startTestSuite$0.call(Unknown Source)
	at TempTestSuite1581071026566.run(TempTestSuite1581071026566.groovy:36)
)

2020-02-07 12:27:33 - [TEST_STEP][PASSED] - else: null

2020-02-07 12:27:33 - [TEST_STEP][PASSED] - break: null]]></system-out>
         <system-err><![CDATA[2020-02-07 12:25:17 - [TEST_CASE][FAILED] - Test Cases/Text adding/Text adding (MAX and COLOR) 30sc cycle: Test Cases/Text adding/Text adding (MAX and COLOR) 30sc cycle FAILED.
Reason:
com.kms.katalon.core.exception.StepFailedException: Unable to clear text of object 'Object Repository/Page_Reevio Video Maker/Editor/Text Color/input_RGB_texthex-color' (Root cause: com.kms.katalon.core.exception.StepFailedException: Unable to clear text of object 'Object Repository/Page_Reevio Video Maker/Editor/Text Color/input_RGB_texthex-color'
	at com.kms.katalon.core.webui.keyword.internal.WebUIKeywordMain.stepFailed(WebUIKeywordMain.groovy:64)
	at com.kms.katalon.core.webui.keyword.internal.WebUIKeywordMain.runKeyword(WebUIKeywordMain.groovy:42)
	at com.kms.katalon.core.webui.keyword.builtin.ClearTextKeyword.clearText(ClearTextKeyword.groovy:61)
	at com.kms.katalon.core.webui.keyword.builtin.ClearTextKeyword.execute(ClearTextKeyword.groovy:34)
	at com.kms.katalon.core.keyword.internal.KeywordExecutor.executeKeywordForPlatform(KeywordExecutor.groovy:72)
	at com.kms.katalon.core.webui.keyword.WebUiBuiltInKeywords.clearText(WebUiBuiltInKeywords.groovy:3817)
	at com.kms.katalon.core.webui.keyword.WebUiBuiltInKeywords$clearText$13.call(Unknown Source)
	at Text adding (MAX and COLOR) 30sc cycle.run(Text adding (MAX and COLOR) 30sc cycle:95)
	at com.kms.katalon.core.main.ScriptEngine.run(ScriptEngine.java:194)
	at com.kms.katalon.core.main.ScriptEngine.runScriptAsRawText(ScriptEngine.java:119)
	at com.kms.katalon.core.main.TestCaseExecutor.runScript(TestCaseExecutor.java:337)
	at com.kms.katalon.core.main.TestCaseExecutor.doExecute(TestCaseExecutor.java:328)
	at com.kms.katalon.core.main.TestCaseExecutor.processExecutionPhase(TestCaseExecutor.java:307)
	at com.kms.katalon.core.main.TestCaseExecutor.accessMainPhase(TestCaseExecutor.java:299)
	at com.kms.katalon.core.main.TestCaseExecutor.execute(TestCaseExecutor.java:233)
	at com.kms.katalon.core.main.TestSuiteExecutor.accessTestCaseMainPhase(TestSuiteExecutor.java:169)
	at com.kms.katalon.core.main.TestSuiteExecutor.accessTestSuiteMainPhase(TestSuiteExecutor.java:142)
	at com.kms.katalon.core.main.TestSuiteExecutor.execute(TestSuiteExecutor.java:91)
	at com.kms.katalon.core.main.TestCaseMain.startTestSuite(TestCaseMain.java:157)
	at com.kms.katalon.core.main.TestCaseMain$startTestSuite$0.call(Unknown Source)
	at TempTestSuite1581071026566.run(TempTestSuite1581071026566.groovy:36)
Caused by: org.openqa.selenium.ElementNotInteractableException: element not interactable
  (Session info: chrome=80.0.3987.87)
Build info: version: '3.141.59', revision: 'e82be7d358', time: '2018-11-14T08:25:53'
System info: host: 'DESKTOP-J4SE4C2', ip: '192.168.1.111', os.name: 'Windows 10', os.arch: 'amd64', os.version: '10.0', java.version: '1.8.0_181'
Driver info: com.kms.katalon.selenium.driver.CChromeDriver
Capabilities {acceptInsecureCerts: false, browserName: chrome, browserVersion: 80.0.3987.87, chrome: {chromedriverVersion: 79.0.3945.36 (3582db32b3389..., userDataDir: C:\Users\tester-3\AppData\L...}, goog:chromeOptions: {debuggerAddress: localhost:62942}, javascriptEnabled: true, networkConnectionEnabled: false, pageLoadStrategy: normal, platform: WINDOWS, platformName: WINDOWS, proxy: Proxy(), setWindowRect: true, strictFileInteractability: false, timeouts: {implicit: 0, pageLoad: 300000, script: 30000}, unhandledPromptBehavior: dismiss and notify}
Session ID: bbf6aef9af687f1f0d8398ad8247ced3
	at org.openqa.selenium.remote.http.W3CHttpResponseCodec.createException(W3CHttpResponseCodec.java:187)
	at org.openqa.selenium.remote.http.W3CHttpResponseCodec.decode(W3CHttpResponseCodec.java:122)
	at org.openqa.selenium.remote.http.W3CHttpResponseCodec.decode(W3CHttpResponseCodec.java:49)
	at org.openqa.selenium.remote.HttpCommandExecutor.execute(HttpCommandExecutor.java:158)
	at org.openqa.selenium.remote.service.DriverCommandExecutor.execute(DriverCommandExecutor.java:83)
	at org.openqa.selenium.remote.RemoteWebDriver.execute(RemoteWebDriver.java:552)
	at com.kms.katalon.selenium.driver.CChromeDriver.execute(CChromeDriver.java:19)
	at org.openqa.selenium.remote.RemoteWebElement.execute(RemoteWebElement.java:285)
	at org.openqa.selenium.remote.RemoteWebElement.clear(RemoteWebElement.java:124)
	at org.openqa.selenium.support.events.EventFiringWebDriver$EventFiringWebElement.lambda$new$0(EventFiringWebDriver.java:404)
	at com.sun.proxy.$Proxy9.clear(Unknown Source)
	at org.openqa.selenium.support.events.EventFiringWebDriver$EventFiringWebElement.clear(EventFiringWebDriver.java:436)
	at com.kms.katalon.core.webui.keyword.builtin.ClearTextKeyword$_clearText_closure1.doCall(ClearTextKeyword.groovy:46)
	at com.kms.katalon.core.webui.keyword.builtin.ClearTextKeyword$_clearText_closure1.call(ClearTextKeyword.groovy)
	at com.kms.katalon.core.webui.keyword.internal.WebUIKeywordMain.runKeyword(WebUIKeywordMain.groovy:33)
	at com.kms.katalon.core.webui.keyword.builtin.ClearTextKeyword.clearText(ClearTextKeyword.groovy:61)
	at com.kms.katalon.core.webui.keyword.builtin.ClearTextKeyword.execute(ClearTextKeyword.groovy:34)
	at com.kms.katalon.core.keyword.internal.KeywordExecutor.executeKeywordForPlatform(KeywordExecutor.groovy:72)
	at com.kms.katalon.core.webui.keyword.WebUiBuiltInKeywords.clearText(WebUiBuiltInKeywords.groovy:3817)
	at com.kms.katalon.core.webui.keyword.WebUiBuiltInKeywords$clearText$13.call(Unknown Source)
	at Script1569935100868.run(Script1569935100868.groovy:95)
	... 13 more
)
	at com.kms.katalon.core.keyword.internal.KeywordMain.stepFailed(KeywordMain.groovy:39)
	at com.kms.katalon.core.webui.keyword.internal.WebUIKeywordMain.stepFailed(WebUIKeywordMain.groovy:64)
	at com.kms.katalon.core.webui.keyword.internal.WebUIKeywordMain.runKeyword(WebUIKeywordMain.groovy:42)
	at com.kms.katalon.core.webui.keyword.builtin.ClearTextKeyword.clearText(ClearTextKeyword.groovy:61)
	at com.kms.katalon.core.webui.keyword.builtin.ClearTextKeyword.execute(ClearTextKeyword.groovy:34)
	at com.kms.katalon.core.keyword.internal.KeywordExecutor.executeKeywordForPlatform(KeywordExecutor.groovy:72)
	at com.kms.katalon.core.webui.keyword.WebUiBuiltInKeywords.clearText(WebUiBuiltInKeywords.groovy:3817)
	at com.kms.katalon.core.webui.keyword.WebUiBuiltInKeywords$clearText$13.call(Unknown Source)
	at Text adding (MAX and COLOR) 30sc cycle.run(Text adding (MAX and COLOR) 30sc cycle:95)
	at com.kms.katalon.core.main.ScriptEngine.run(ScriptEngine.java:194)
	at com.kms.katalon.core.main.ScriptEngine.runScriptAsRawText(ScriptEngine.java:119)
	at com.kms.katalon.core.main.TestCaseExecutor.runScript(TestCaseExecutor.java:337)
	at com.kms.katalon.core.main.TestCaseExecutor.doExecute(TestCaseExecutor.java:328)
	at com.kms.katalon.core.main.TestCaseExecutor.processExecutionPhase(TestCaseExecutor.java:307)
	at com.kms.katalon.core.main.TestCaseExecutor.accessMainPhase(TestCaseExecutor.java:299)
	at com.kms.katalon.core.main.TestCaseExecutor.execute(TestCaseExecutor.java:233)
	at com.kms.katalon.core.main.TestSuiteExecutor.accessTestCaseMainPhase(TestSuiteExecutor.java:169)
	at com.kms.katalon.core.main.TestSuiteExecutor.accessTestSuiteMainPhase(TestSuiteExecutor.java:142)
	at com.kms.katalon.core.main.TestSuiteExecutor.execute(TestSuiteExecutor.java:91)
	at com.kms.katalon.core.main.TestCaseMain.startTestSuite(TestCaseMain.java:157)
	at com.kms.katalon.core.main.TestCaseMain$startTestSuite$0.call(Unknown Source)
	at TempTestSuite1581071026566.run(TempTestSuite1581071026566.groovy:36)
Caused by: com.kms.katalon.core.exception.StepFailedException: Unable to clear text of object 'Object Repository/Page_Reevio Video Maker/Editor/Text Color/input_RGB_texthex-color'
	... 21 more
Caused by: org.openqa.selenium.ElementNotInteractableException: element not interactable
  (Session info: chrome=80.0.3987.87)
Build info: version: '3.141.59', revision: 'e82be7d358', time: '2018-11-14T08:25:53'
System info: host: 'DESKTOP-J4SE4C2', ip: '192.168.1.111', os.name: 'Windows 10', os.arch: 'amd64', os.version: '10.0', java.version: '1.8.0_181'
Driver info: com.kms.katalon.selenium.driver.CChromeDriver
Capabilities {acceptInsecureCerts: false, browserName: chrome, browserVersion: 80.0.3987.87, chrome: {chromedriverVersion: 79.0.3945.36 (3582db32b3389..., userDataDir: C:\Users\tester-3\AppData\L...}, goog:chromeOptions: {debuggerAddress: localhost:62942}, javascriptEnabled: true, networkConnectionEnabled: false, pageLoadStrategy: normal, platform: WINDOWS, platformName: WINDOWS, proxy: Proxy(), setWindowRect: true, strictFileInteractability: false, timeouts: {implicit: 0, pageLoad: 300000, script: 30000}, unhandledPromptBehavior: dismiss and notify}
Session ID: bbf6aef9af687f1f0d8398ad8247ced3
	at org.openqa.selenium.remote.http.W3CHttpResponseCodec.createException(W3CHttpResponseCodec.java:187)
	at org.openqa.selenium.remote.http.W3CHttpResponseCodec.decode(W3CHttpResponseCodec.java:122)
	at org.openqa.selenium.remote.http.W3CHttpResponseCodec.decode(W3CHttpResponseCodec.java:49)
	at org.openqa.selenium.remote.HttpCommandExecutor.execute(HttpCommandExecutor.java:158)
	at org.openqa.selenium.remote.service.DriverCommandExecutor.execute(DriverCommandExecutor.java:83)
	at org.openqa.selenium.remote.RemoteWebDriver.execute(RemoteWebDriver.java:552)
	at com.kms.katalon.selenium.driver.CChromeDriver.execute(CChromeDriver.java:19)
	at org.openqa.selenium.remote.RemoteWebElement.execute(RemoteWebElement.java:285)
	at org.openqa.selenium.remote.RemoteWebElement.clear(RemoteWebElement.java:124)
	at org.openqa.selenium.support.events.EventFiringWebDriver$EventFiringWebElement.lambda$new$0(EventFiringWebDriver.java:404)
	at com.sun.proxy.$Proxy9.clear(Unknown Source)
	at org.openqa.selenium.support.events.EventFiringWebDriver$EventFiringWebElement.clear(EventFiringWebDriver.java:436)
	at com.kms.katalon.core.webui.keyword.builtin.ClearTextKeyword$_clearText_closure1.doCall(ClearTextKeyword.groovy:46)
	at com.kms.katalon.core.webui.keyword.builtin.ClearTextKeyword$_clearText_closure1.call(ClearTextKeyword.groovy)
	at com.kms.katalon.core.webui.keyword.internal.WebUIKeywordMain.runKeyword(WebUIKeywordMain.groovy:33)
	... 19 more]]></system-err>
      </testcase>
      <testcase name="Test Cases/Drops color (1-30 scenes)" time="27.126" classname="Test Cases/Drops color (1-30 scenes)" status="FAILED">
         <failure type="FAILED" message="Test Cases/Drops color (1-30 scenes) FAILED.
Reason:
com.kms.katalon.core.exception.StepFailedException: Object 'Object Repository/Drop/Drops_as_objects/div_Drop_2' is not present (Root cause: com.kms.katalon.core.exception.StepFailedException: Object 'Object Repository/Drop/Drops_as_objects/div_Drop_2' is not present
	at com.kms.katalon.core.webui.keyword.internal.WebUIKeywordMain.stepFailed(WebUIKeywordMain.groovy:64)
	at com.kms.katalon.core.webui.keyword.builtin.VerifyElementVisibleInViewportKeyword$_verifyElementVisibleInViewport_closure1.doCall(VerifyElementVisibleInViewportKeyword.groovy:83)
	at com.kms.katalon.core.webui.keyword.builtin.VerifyElementVisibleInViewportKeyword$_verifyElementVisibleInViewport_closure1.call(VerifyElementVisibleInViewportKeyword.groovy)
	at com.kms.katalon.core.webui.keyword.internal.WebUIKeywordMain.runKeyword(WebUIKeywordMain.groovy:20)
	at com.kms.katalon.core.webui.keyword.builtin.VerifyElementVisibleInViewportKeyword.verifyElementVisibleInViewport(VerifyElementVisibleInViewportKeyword.groovy:86)
	at com.kms.katalon.core.webui.keyword.builtin.VerifyElementVisibleInViewportKeyword.execute(VerifyElementVisibleInViewportKeyword.groovy:68)
	at com.kms.katalon.core.keyword.internal.KeywordExecutor.executeKeywordForPlatform(KeywordExecutor.groovy:72)
	at com.kms.katalon.core.webui.keyword.WebUiBuiltInKeywords.verifyElementInViewport(WebUiBuiltInKeywords.groovy:3039)
	at com.kms.katalon.core.webui.keyword.WebUiBuiltInKeywords$verifyElementInViewport$14.call(Unknown Source)
	at Drops color (1-30 scenes).run(Drops color (1-30 scenes):48)
	at com.kms.katalon.core.main.ScriptEngine.run(ScriptEngine.java:194)
	at com.kms.katalon.core.main.ScriptEngine.runScriptAsRawText(ScriptEngine.java:119)
	at com.kms.katalon.core.main.TestCaseExecutor.runScript(TestCaseExecutor.java:337)
	at com.kms.katalon.core.main.TestCaseExecutor.doExecute(TestCaseExecutor.java:328)
	at com.kms.katalon.core.main.TestCaseExecutor.processExecutionPhase(TestCaseExecutor.java:307)
	at com.kms.katalon.core.main.TestCaseExecutor.accessMainPhase(TestCaseExecutor.java:299)
	at com.kms.katalon.core.main.TestCaseExecutor.execute(TestCaseExecutor.java:233)
	at com.kms.katalon.core.main.TestSuiteExecutor.accessTestCaseMainPhase(TestSuiteExecutor.java:169)
	at com.kms.katalon.core.main.TestSuiteExecutor.accessTestSuiteMainPhase(TestSuiteExecutor.java:142)
	at com.kms.katalon.core.main.TestSuiteExecutor.execute(TestSuiteExecutor.java:91)
	at com.kms.katalon.core.main.TestCaseMain.startTestSuite(TestCaseMain.java:157)
	at com.kms.katalon.core.main.TestCaseMain$startTestSuite$0.call(Unknown Source)
	at TempTestSuite1581071026566.run(TempTestSuite1581071026566.groovy:36)
)
	at com.kms.katalon.core.keyword.internal.KeywordMain.stepFailed(KeywordMain.groovy:39)
	at com.kms.katalon.core.webui.keyword.internal.WebUIKeywordMain.stepFailed(WebUIKeywordMain.groovy:64)
	at com.kms.katalon.core.webui.keyword.builtin.VerifyElementVisibleInViewportKeyword$_verifyElementVisibleInViewport_closure1.doCall(VerifyElementVisibleInViewportKeyword.groovy:83)
	at com.kms.katalon.core.webui.keyword.builtin.VerifyElementVisibleInViewportKeyword$_verifyElementVisibleInViewport_closure1.call(VerifyElementVisibleInViewportKeyword.groovy)
	at com.kms.katalon.core.webui.keyword.internal.WebUIKeywordMain.runKeyword(WebUIKeywordMain.groovy:20)
	at com.kms.katalon.core.webui.keyword.builtin.VerifyElementVisibleInViewportKeyword.verifyElementVisibleInViewport(VerifyElementVisibleInViewportKeyword.groovy:86)
	at com.kms.katalon.core.webui.keyword.builtin.VerifyElementVisibleInViewportKeyword.execute(VerifyElementVisibleInViewportKeyword.groovy:68)
	at com.kms.katalon.core.keyword.internal.KeywordExecutor.executeKeywordForPlatform(KeywordExecutor.groovy:72)
	at com.kms.katalon.core.webui.keyword.WebUiBuiltInKeywords.verifyElementInViewport(WebUiBuiltInKeywords.groovy:3039)
	at com.kms.katalon.core.webui.keyword.WebUiBuiltInKeywords$verifyElementInViewport$14.call(Unknown Source)
	at Drops color (1-30 scenes).run(Drops color (1-30 scenes):48)
	at com.kms.katalon.core.main.ScriptEngine.run(ScriptEngine.java:194)
	at com.kms.katalon.core.main.ScriptEngine.runScriptAsRawText(ScriptEngine.java:119)
	at com.kms.katalon.core.main.TestCaseExecutor.runScript(TestCaseExecutor.java:337)
	at com.kms.katalon.core.main.TestCaseExecutor.doExecute(TestCaseExecutor.java:328)
	at com.kms.katalon.core.main.TestCaseExecutor.processExecutionPhase(TestCaseExecutor.java:307)
	at com.kms.katalon.core.main.TestCaseExecutor.accessMainPhase(TestCaseExecutor.java:299)
	at com.kms.katalon.core.main.TestCaseExecutor.execute(TestCaseExecutor.java:233)
	at com.kms.katalon.core.main.TestSuiteExecutor.accessTestCaseMainPhase(TestSuiteExecutor.java:169)
	at com.kms.katalon.core.main.TestSuiteExecutor.accessTestSuiteMainPhase(TestSuiteExecutor.java:142)
	at com.kms.katalon.core.main.TestSuiteExecutor.execute(TestSuiteExecutor.java:91)
	at com.kms.katalon.core.main.TestCaseMain.startTestSuite(TestCaseMain.java:157)
	at com.kms.katalon.core.main.TestCaseMain$startTestSuite$0.call(Unknown Source)
	at TempTestSuite1581071026566.run(TempTestSuite1581071026566.groovy:36)
Caused by: com.kms.katalon.core.exception.StepFailedException: Object 'Object Repository/Drop/Drops_as_objects/div_Drop_2' is not present
	... 23 more
"/>
         <system-out><![CDATA[2020-02-07 12:27:33 - [TEST_CASE][FAILED] - Test Cases/Drops color (1-30 scenes): Test Cases/Drops color (1-30 scenes) FAILED.
Reason:
com.kms.katalon.core.exception.StepFailedException: Object 'Object Repository/Drop/Drops_as_objects/div_Drop_2' is not present (Root cause: com.kms.katalon.core.exception.StepFailedException: Object 'Object Repository/Drop/Drops_as_objects/div_Drop_2' is not present
	at com.kms.katalon.core.webui.keyword.internal.WebUIKeywordMain.stepFailed(WebUIKeywordMain.groovy:64)
	at com.kms.katalon.core.webui.keyword.builtin.VerifyElementVisibleInViewportKeyword$_verifyElementVisibleInViewport_closure1.doCall(VerifyElementVisibleInViewportKeyword.groovy:83)
	at com.kms.katalon.core.webui.keyword.builtin.VerifyElementVisibleInViewportKeyword$_verifyElementVisibleInViewport_closure1.call(VerifyElementVisibleInViewportKeyword.groovy)
	at com.kms.katalon.core.webui.keyword.internal.WebUIKeywordMain.runKeyword(WebUIKeywordMain.groovy:20)
	at com.kms.katalon.core.webui.keyword.builtin.VerifyElementVisibleInViewportKeyword.verifyElementVisibleInViewport(VerifyElementVisibleInViewportKeyword.groovy:86)
	at com.kms.katalon.core.webui.keyword.builtin.VerifyElementVisibleInViewportKeyword.execute(VerifyElementVisibleInViewportKeyword.groovy:68)
	at com.kms.katalon.core.keyword.internal.KeywordExecutor.executeKeywordForPlatform(KeywordExecutor.groovy:72)
	at com.kms.katalon.core.webui.keyword.WebUiBuiltInKeywords.verifyElementInViewport(WebUiBuiltInKeywords.groovy:3039)
	at com.kms.katalon.core.webui.keyword.WebUiBuiltInKeywords$verifyElementInViewport$14.call(Unknown Source)
	at Drops color (1-30 scenes).run(Drops color (1-30 scenes):48)
	at com.kms.katalon.core.main.ScriptEngine.run(ScriptEngine.java:194)
	at com.kms.katalon.core.main.ScriptEngine.runScriptAsRawText(ScriptEngine.java:119)
	at com.kms.katalon.core.main.TestCaseExecutor.runScript(TestCaseExecutor.java:337)
	at com.kms.katalon.core.main.TestCaseExecutor.doExecute(TestCaseExecutor.java:328)
	at com.kms.katalon.core.main.TestCaseExecutor.processExecutionPhase(TestCaseExecutor.java:307)
	at com.kms.katalon.core.main.TestCaseExecutor.accessMainPhase(TestCaseExecutor.java:299)
	at com.kms.katalon.core.main.TestCaseExecutor.execute(TestCaseExecutor.java:233)
	at com.kms.katalon.core.main.TestSuiteExecutor.accessTestCaseMainPhase(TestSuiteExecutor.java:169)
	at com.kms.katalon.core.main.TestSuiteExecutor.accessTestSuiteMainPhase(TestSuiteExecutor.java:142)
	at com.kms.katalon.core.main.TestSuiteExecutor.execute(TestSuiteExecutor.java:91)
	at com.kms.katalon.core.main.TestCaseMain.startTestSuite(TestCaseMain.java:157)
	at com.kms.katalon.core.main.TestCaseMain$startTestSuite$0.call(Unknown Source)
	at TempTestSuite1581071026566.run(TempTestSuite1581071026566.groovy:36)
)
	at com.kms.katalon.core.keyword.internal.KeywordMain.stepFailed(KeywordMain.groovy:39)
	at com.kms.katalon.core.webui.keyword.internal.WebUIKeywordMain.stepFailed(WebUIKeywordMain.groovy:64)
	at com.kms.katalon.core.webui.keyword.builtin.VerifyElementVisibleInViewportKeyword$_verifyElementVisibleInViewport_closure1.doCall(VerifyElementVisibleInViewportKeyword.groovy:83)
	at com.kms.katalon.core.webui.keyword.builtin.VerifyElementVisibleInViewportKeyword$_verifyElementVisibleInViewport_closure1.call(VerifyElementVisibleInViewportKeyword.groovy)
	at com.kms.katalon.core.webui.keyword.internal.WebUIKeywordMain.runKeyword(WebUIKeywordMain.groovy:20)
	at com.kms.katalon.core.webui.keyword.builtin.VerifyElementVisibleInViewportKeyword.verifyElementVisibleInViewport(VerifyElementVisibleInViewportKeyword.groovy:86)
	at com.kms.katalon.core.webui.keyword.builtin.VerifyElementVisibleInViewportKeyword.execute(VerifyElementVisibleInViewportKeyword.groovy:68)
	at com.kms.katalon.core.keyword.internal.KeywordExecutor.executeKeywordForPlatform(KeywordExecutor.groovy:72)
	at com.kms.katalon.core.webui.keyword.WebUiBuiltInKeywords.verifyElementInViewport(WebUiBuiltInKeywords.groovy:3039)
	at com.kms.katalon.core.webui.keyword.WebUiBuiltInKeywords$verifyElementInViewport$14.call(Unknown Source)
	at Drops color (1-30 scenes).run(Drops color (1-30 scenes):48)
	at com.kms.katalon.core.main.ScriptEngine.run(ScriptEngine.java:194)
	at com.kms.katalon.core.main.ScriptEngine.runScriptAsRawText(ScriptEngine.java:119)
	at com.kms.katalon.core.main.TestCaseExecutor.runScript(TestCaseExecutor.java:337)
	at com.kms.katalon.core.main.TestCaseExecutor.doExecute(TestCaseExecutor.java:328)
	at com.kms.katalon.core.main.TestCaseExecutor.processExecutionPhase(TestCaseExecutor.java:307)
	at com.kms.katalon.core.main.TestCaseExecutor.accessMainPhase(TestCaseExecutor.java:299)
	at com.kms.katalon.core.main.TestCaseExecutor.execute(TestCaseExecutor.java:233)
	at com.kms.katalon.core.main.TestSuiteExecutor.accessTestCaseMainPhase(TestSuiteExecutor.java:169)
	at com.kms.katalon.core.main.TestSuiteExecutor.accessTestSuiteMainPhase(TestSuiteExecutor.java:142)
	at com.kms.katalon.core.main.TestSuiteExecutor.execute(TestSuiteExecutor.java:91)
	at com.kms.katalon.core.main.TestCaseMain.startTestSuite(TestCaseMain.java:157)
	at com.kms.katalon.core.main.TestCaseMain$startTestSuite$0.call(Unknown Source)
	at TempTestSuite1581071026566.run(TempTestSuite1581071026566.groovy:36)
Caused by: com.kms.katalon.core.exception.StepFailedException: Object 'Object Repository/Drop/Drops_as_objects/div_Drop_2' is not present
	... 23 more


2020-02-07 12:27:34 - [TEST_STEP][PASSED] - click(findTestObject("Page_Reevio Video Maker/Editor_Scene_1")): Object: 'Object Repository/Page_Reevio Video Maker/Editor_Scene_1' is clicked on

2020-02-07 12:27:34 - [MESSAGE][PASSED] - Object: 'Object Repository/Page_Reevio Video Maker/Editor_Scene_1' is clicked on

2020-02-07 12:27:34 - [TEST_STEP][FAILED] - for ([i = 1, i < 31, (i++)]): null

2020-02-07 12:27:34 - [TEST_STEP][PASSED] - if (verifyElementPresent(findTestObject("Page_Reevio Video Maker/Editor_Scene_" + i), 0) == true): null

2020-02-07 12:27:34 - [MESSAGE][WARNING] - Timeout '0' is invalid. Using default page load timeout: '1'

2020-02-07 12:27:34 - [MESSAGE][PASSED] - Object 'Object Repository/Page_Reevio Video Maker/Editor_Scene_1' is present

2020-02-07 12:27:34 - [TEST_STEP][PASSED] - doubleClick(findTestObject("Page_Reevio Video Maker/Editor_Scene_" + i)): Object: 'Object Repository/Page_Reevio Video Maker/Editor_Scene_1' is double clicked on

2020-02-07 12:27:34 - [MESSAGE][PASSED] - Object: 'Object Repository/Page_Reevio Video Maker/Editor_Scene_1' is double clicked on

2020-02-07 12:27:34 - [TEST_STEP][PASSED] - if (verifyElementInViewport(findTestObject("Drop/Drops_as_objects/div_Drop_1"), 0)): null

2020-02-07 12:27:35 - [MESSAGE][WARNING] - Timeout '0' is invalid. Using default page load timeout: '1'

2020-02-07 12:27:35 - [MESSAGE][PASSED] - Object 'Object Repository/Drop/Drops_as_objects/div_Drop_1' is present and visible in viewport

2020-02-07 12:27:35 - [TEST_STEP][PASSED] - click(findTestObject("Drop/Drops_as_objects/div_Drop_1")): Object: 'Object Repository/Drop/Drops_as_objects/div_Drop_1' is clicked on

2020-02-07 12:27:35 - [MESSAGE][PASSED] - Object: 'Object Repository/Drop/Drops_as_objects/div_Drop_1' is clicked on

2020-02-07 12:27:35 - [TEST_STEP][PASSED] - click(findTestObject("Drop/input_RGB_drophex-color (Drop color)")): Object: 'Object Repository/Drop/input_RGB_drophex-color (Drop color)' is clicked on

2020-02-07 12:27:35 - [MESSAGE][PASSED] - Object: 'Object Repository/Drop/input_RGB_drophex-color (Drop color)' is clicked on

2020-02-07 12:27:35 - [TEST_STEP][PASSED] - clearText(findTestObject("Drop/input_RGB_drophex-color (Drop color)")): Text of object 'Object Repository/Drop/input_RGB_drophex-color (Drop color)' is cleared

2020-02-07 12:27:35 - [MESSAGE][PASSED] - Text of object 'Object Repository/Drop/input_RGB_drophex-color (Drop color)' is cleared

2020-02-07 12:27:35 - [TEST_STEP][PASSED] - Thread.sleep(50): null

2020-02-07 12:27:35 - [TEST_STEP][PASSED] - setText(findTestObject("Drop/input_RGB_drophex-color (Drop color)"), findTestData("vavowDate").getValue(3, 1)): Text '#007800' is set on object 'Object Repository/Drop/input_RGB_drophex-color (Drop color)'

2020-02-07 12:27:35 - [MESSAGE][PASSED] - Text '#007800' is set on object 'Object Repository/Drop/input_RGB_drophex-color (Drop color)'

2020-02-07 12:27:35 - [TEST_STEP][PASSED] - Thread.sleep(50): null

2020-02-07 12:27:35 - [TEST_STEP][PASSED] - click(findTestObject("Drop/button_Apply(drop_color)")): Object: 'Object Repository/Drop/button_Apply(drop_color)' is clicked on

2020-02-07 12:27:36 - [MESSAGE][PASSED] - Object: 'Object Repository/Drop/button_Apply(drop_color)' is clicked on

2020-02-07 12:27:36 - [TEST_STEP][PASSED] - Thread.sleep(50): null

2020-02-07 12:27:36 - [TEST_STEP][FAILED] - if (verifyElementInViewport(findTestObject("Drop/Drops_as_objects/div_Drop_2"), 0)): Object 'Object Repository/Drop/Drops_as_objects/div_Drop_2' is not present (Root cause: com.kms.katalon.core.exception.StepFailedException: Object 'Object Repository/Drop/Drops_as_objects/div_Drop_2' is not present
	at com.kms.katalon.core.webui.keyword.internal.WebUIKeywordMain.stepFailed(WebUIKeywordMain.groovy:64)
	at com.kms.katalon.core.webui.keyword.builtin.VerifyElementVisibleInViewportKeyword$_verifyElementVisibleInViewport_closure1.doCall(VerifyElementVisibleInViewportKeyword.groovy:83)
	at com.kms.katalon.core.webui.keyword.builtin.VerifyElementVisibleInViewportKeyword$_verifyElementVisibleInViewport_closure1.call(VerifyElementVisibleInViewportKeyword.groovy)
	at com.kms.katalon.core.webui.keyword.internal.WebUIKeywordMain.runKeyword(WebUIKeywordMain.groovy:20)
	at com.kms.katalon.core.webui.keyword.builtin.VerifyElementVisibleInViewportKeyword.verifyElementVisibleInViewport(VerifyElementVisibleInViewportKeyword.groovy:86)
	at com.kms.katalon.core.webui.keyword.builtin.VerifyElementVisibleInViewportKeyword.execute(VerifyElementVisibleInViewportKeyword.groovy:68)
	at com.kms.katalon.core.keyword.internal.KeywordExecutor.executeKeywordForPlatform(KeywordExecutor.groovy:72)
	at com.kms.katalon.core.webui.keyword.WebUiBuiltInKeywords.verifyElementInViewport(WebUiBuiltInKeywords.groovy:3039)
	at com.kms.katalon.core.webui.keyword.WebUiBuiltInKeywords$verifyElementInViewport$14.call(Unknown Source)
	at Drops color (1-30 scenes).run(Drops color (1-30 scenes):48)
	at com.kms.katalon.core.main.ScriptEngine.run(ScriptEngine.java:194)
	at com.kms.katalon.core.main.ScriptEngine.runScriptAsRawText(ScriptEngine.java:119)
	at com.kms.katalon.core.main.TestCaseExecutor.runScript(TestCaseExecutor.java:337)
	at com.kms.katalon.core.main.TestCaseExecutor.doExecute(TestCaseExecutor.java:328)
	at com.kms.katalon.core.main.TestCaseExecutor.processExecutionPhase(TestCaseExecutor.java:307)
	at com.kms.katalon.core.main.TestCaseExecutor.accessMainPhase(TestCaseExecutor.java:299)
	at com.kms.katalon.core.main.TestCaseExecutor.execute(TestCaseExecutor.java:233)
	at com.kms.katalon.core.main.TestSuiteExecutor.accessTestCaseMainPhase(TestSuiteExecutor.java:169)
	at com.kms.katalon.core.main.TestSuiteExecutor.accessTestSuiteMainPhase(TestSuiteExecutor.java:142)
	at com.kms.katalon.core.main.TestSuiteExecutor.execute(TestSuiteExecutor.java:91)
	at com.kms.katalon.core.main.TestCaseMain.startTestSuite(TestCaseMain.java:157)
	at com.kms.katalon.core.main.TestCaseMain$startTestSuite$0.call(Unknown Source)
	at TempTestSuite1581071026566.run(TempTestSuite1581071026566.groovy:36)
)

2020-02-07 12:27:36 - [MESSAGE][WARNING] - Timeout '0' is invalid. Using default page load timeout: '1'

2020-02-07 12:27:37 - [MESSAGE][INFO] - Unable to find the element located by 'By.xpath: //div[@class = 'current-slide active-slide']//div[@class='background-slide'][2]'. Please recheck the objects properties to make sure the desired element is located. 

2020-02-07 12:27:37 - [MESSAGE][FAILED] - Object 'Object Repository/Drop/Drops_as_objects/div_Drop_2' is not present (Root cause: com.kms.katalon.core.exception.StepFailedException: Object 'Object Repository/Drop/Drops_as_objects/div_Drop_2' is not present
	at com.kms.katalon.core.webui.keyword.internal.WebUIKeywordMain.stepFailed(WebUIKeywordMain.groovy:64)
	at com.kms.katalon.core.webui.keyword.builtin.VerifyElementVisibleInViewportKeyword$_verifyElementVisibleInViewport_closure1.doCall(VerifyElementVisibleInViewportKeyword.groovy:83)
	at com.kms.katalon.core.webui.keyword.builtin.VerifyElementVisibleInViewportKeyword$_verifyElementVisibleInViewport_closure1.call(VerifyElementVisibleInViewportKeyword.groovy)
	at com.kms.katalon.core.webui.keyword.internal.WebUIKeywordMain.runKeyword(WebUIKeywordMain.groovy:20)
	at com.kms.katalon.core.webui.keyword.builtin.VerifyElementVisibleInViewportKeyword.verifyElementVisibleInViewport(VerifyElementVisibleInViewportKeyword.groovy:86)
	at com.kms.katalon.core.webui.keyword.builtin.VerifyElementVisibleInViewportKeyword.execute(VerifyElementVisibleInViewportKeyword.groovy:68)
	at com.kms.katalon.core.keyword.internal.KeywordExecutor.executeKeywordForPlatform(KeywordExecutor.groovy:72)
	at com.kms.katalon.core.webui.keyword.WebUiBuiltInKeywords.verifyElementInViewport(WebUiBuiltInKeywords.groovy:3039)
	at com.kms.katalon.core.webui.keyword.WebUiBuiltInKeywords$verifyElementInViewport$14.call(Unknown Source)
	at Drops color (1-30 scenes).run(Drops color (1-30 scenes):48)
	at com.kms.katalon.core.main.ScriptEngine.run(ScriptEngine.java:194)
	at com.kms.katalon.core.main.ScriptEngine.runScriptAsRawText(ScriptEngine.java:119)
	at com.kms.katalon.core.main.TestCaseExecutor.runScript(TestCaseExecutor.java:337)
	at com.kms.katalon.core.main.TestCaseExecutor.doExecute(TestCaseExecutor.java:328)
	at com.kms.katalon.core.main.TestCaseExecutor.processExecutionPhase(TestCaseExecutor.java:307)
	at com.kms.katalon.core.main.TestCaseExecutor.accessMainPhase(TestCaseExecutor.java:299)
	at com.kms.katalon.core.main.TestCaseExecutor.execute(TestCaseExecutor.java:233)
	at com.kms.katalon.core.main.TestSuiteExecutor.accessTestCaseMainPhase(TestSuiteExecutor.java:169)
	at com.kms.katalon.core.main.TestSuiteExecutor.accessTestSuiteMainPhase(TestSuiteExecutor.java:142)
	at com.kms.katalon.core.main.TestSuiteExecutor.execute(TestSuiteExecutor.java:91)
	at com.kms.katalon.core.main.TestCaseMain.startTestSuite(TestCaseMain.java:157)
	at com.kms.katalon.core.main.TestCaseMain$startTestSuite$0.call(Unknown Source)
	at TempTestSuite1581071026566.run(TempTestSuite1581071026566.groovy:36)
)

2020-02-07 12:27:37 - [TEST_STEP][PASSED] - if (verifyElementPresent(findTestObject("Page_Reevio Video Maker/Editor_Scene_" + i), 0) == true): null

2020-02-07 12:27:37 - [MESSAGE][WARNING] - Timeout '0' is invalid. Using default page load timeout: '1'

2020-02-07 12:27:37 - [MESSAGE][PASSED] - Object 'Object Repository/Page_Reevio Video Maker/Editor_Scene_2' is present

2020-02-07 12:27:37 - [TEST_STEP][PASSED] - doubleClick(findTestObject("Page_Reevio Video Maker/Editor_Scene_" + i)): Object: 'Object Repository/Page_Reevio Video Maker/Editor_Scene_2' is double clicked on

2020-02-07 12:27:37 - [MESSAGE][PASSED] - Object: 'Object Repository/Page_Reevio Video Maker/Editor_Scene_2' is double clicked on

2020-02-07 12:27:37 - [TEST_STEP][PASSED] - if (verifyElementInViewport(findTestObject("Drop/Drops_as_objects/div_Drop_1"), 0)): null

2020-02-07 12:27:37 - [MESSAGE][WARNING] - Timeout '0' is invalid. Using default page load timeout: '1'

2020-02-07 12:27:37 - [MESSAGE][PASSED] - Object 'Object Repository/Drop/Drops_as_objects/div_Drop_1' is present and visible in viewport

2020-02-07 12:27:37 - [TEST_STEP][PASSED] - click(findTestObject("Drop/Drops_as_objects/div_Drop_1")): Object: 'Object Repository/Drop/Drops_as_objects/div_Drop_1' is clicked on

2020-02-07 12:27:37 - [MESSAGE][PASSED] - Object: 'Object Repository/Drop/Drops_as_objects/div_Drop_1' is clicked on

2020-02-07 12:27:37 - [TEST_STEP][PASSED] - click(findTestObject("Drop/input_RGB_drophex-color (Drop color)")): Object: 'Object Repository/Drop/input_RGB_drophex-color (Drop color)' is clicked on

2020-02-07 12:27:38 - [MESSAGE][PASSED] - Object: 'Object Repository/Drop/input_RGB_drophex-color (Drop color)' is clicked on

2020-02-07 12:27:38 - [TEST_STEP][PASSED] - clearText(findTestObject("Drop/input_RGB_drophex-color (Drop color)")): Text of object 'Object Repository/Drop/input_RGB_drophex-color (Drop color)' is cleared

2020-02-07 12:27:38 - [MESSAGE][PASSED] - Text of object 'Object Repository/Drop/input_RGB_drophex-color (Drop color)' is cleared

2020-02-07 12:27:38 - [TEST_STEP][PASSED] - Thread.sleep(50): null

2020-02-07 12:27:38 - [TEST_STEP][PASSED] - setText(findTestObject("Drop/input_RGB_drophex-color (Drop color)"), findTestData("vavowDate").getValue(3, 1)): Text '#007800' is set on object 'Object Repository/Drop/input_RGB_drophex-color (Drop color)'

2020-02-07 12:27:38 - [MESSAGE][PASSED] - Text '#007800' is set on object 'Object Repository/Drop/input_RGB_drophex-color (Drop color)'

2020-02-07 12:27:38 - [TEST_STEP][PASSED] - Thread.sleep(50): null

2020-02-07 12:27:38 - [TEST_STEP][PASSED] - click(findTestObject("Drop/button_Apply(drop_color)")): Object: 'Object Repository/Drop/button_Apply(drop_color)' is clicked on

2020-02-07 12:27:38 - [MESSAGE][PASSED] - Object: 'Object Repository/Drop/button_Apply(drop_color)' is clicked on

2020-02-07 12:27:38 - [TEST_STEP][PASSED] - Thread.sleep(50): null

2020-02-07 12:27:38 - [TEST_STEP][FAILED] - if (verifyElementInViewport(findTestObject("Drop/Drops_as_objects/div_Drop_2"), 0)): Object 'Object Repository/Drop/Drops_as_objects/div_Drop_2' is not present (Root cause: com.kms.katalon.core.exception.StepFailedException: Object 'Object Repository/Drop/Drops_as_objects/div_Drop_2' is not present
	at com.kms.katalon.core.webui.keyword.internal.WebUIKeywordMain.stepFailed(WebUIKeywordMain.groovy:64)
	at com.kms.katalon.core.webui.keyword.builtin.VerifyElementVisibleInViewportKeyword$_verifyElementVisibleInViewport_closure1.doCall(VerifyElementVisibleInViewportKeyword.groovy:83)
	at com.kms.katalon.core.webui.keyword.builtin.VerifyElementVisibleInViewportKeyword$_verifyElementVisibleInViewport_closure1.call(VerifyElementVisibleInViewportKeyword.groovy)
	at com.kms.katalon.core.webui.keyword.internal.WebUIKeywordMain.runKeyword(WebUIKeywordMain.groovy:20)
	at com.kms.katalon.core.webui.keyword.builtin.VerifyElementVisibleInViewportKeyword.verifyElementVisibleInViewport(VerifyElementVisibleInViewportKeyword.groovy:86)
	at com.kms.katalon.core.webui.keyword.builtin.VerifyElementVisibleInViewportKeyword.execute(VerifyElementVisibleInViewportKeyword.groovy:68)
	at com.kms.katalon.core.keyword.internal.KeywordExecutor.executeKeywordForPlatform(KeywordExecutor.groovy:72)
	at com.kms.katalon.core.webui.keyword.WebUiBuiltInKeywords.verifyElementInViewport(WebUiBuiltInKeywords.groovy:3039)
	at com.kms.katalon.core.webui.keyword.WebUiBuiltInKeywords$verifyElementInViewport$14.call(Unknown Source)
	at Drops color (1-30 scenes).run(Drops color (1-30 scenes):48)
	at com.kms.katalon.core.main.ScriptEngine.run(ScriptEngine.java:194)
	at com.kms.katalon.core.main.ScriptEngine.runScriptAsRawText(ScriptEngine.java:119)
	at com.kms.katalon.core.main.TestCaseExecutor.runScript(TestCaseExecutor.java:337)
	at com.kms.katalon.core.main.TestCaseExecutor.doExecute(TestCaseExecutor.java:328)
	at com.kms.katalon.core.main.TestCaseExecutor.processExecutionPhase(TestCaseExecutor.java:307)
	at com.kms.katalon.core.main.TestCaseExecutor.accessMainPhase(TestCaseExecutor.java:299)
	at com.kms.katalon.core.main.TestCaseExecutor.execute(TestCaseExecutor.java:233)
	at com.kms.katalon.core.main.TestSuiteExecutor.accessTestCaseMainPhase(TestSuiteExecutor.java:169)
	at com.kms.katalon.core.main.TestSuiteExecutor.accessTestSuiteMainPhase(TestSuiteExecutor.java:142)
	at com.kms.katalon.core.main.TestSuiteExecutor.execute(TestSuiteExecutor.java:91)
	at com.kms.katalon.core.main.TestCaseMain.startTestSuite(TestCaseMain.java:157)
	at com.kms.katalon.core.main.TestCaseMain$startTestSuite$0.call(Unknown Source)
	at TempTestSuite1581071026566.run(TempTestSuite1581071026566.groovy:36)
)

2020-02-07 12:27:38 - [MESSAGE][WARNING] - Timeout '0' is invalid. Using default page load timeout: '1'

2020-02-07 12:27:39 - [MESSAGE][INFO] - Unable to find the element located by 'By.xpath: //div[@class = 'current-slide active-slide']//div[@class='background-slide'][2]'. Please recheck the objects properties to make sure the desired element is located. 

2020-02-07 12:27:39 - [MESSAGE][FAILED] - Object 'Object Repository/Drop/Drops_as_objects/div_Drop_2' is not present (Root cause: com.kms.katalon.core.exception.StepFailedException: Object 'Object Repository/Drop/Drops_as_objects/div_Drop_2' is not present
	at com.kms.katalon.core.webui.keyword.internal.WebUIKeywordMain.stepFailed(WebUIKeywordMain.groovy:64)
	at com.kms.katalon.core.webui.keyword.builtin.VerifyElementVisibleInViewportKeyword$_verifyElementVisibleInViewport_closure1.doCall(VerifyElementVisibleInViewportKeyword.groovy:83)
	at com.kms.katalon.core.webui.keyword.builtin.VerifyElementVisibleInViewportKeyword$_verifyElementVisibleInViewport_closure1.call(VerifyElementVisibleInViewportKeyword.groovy)
	at com.kms.katalon.core.webui.keyword.internal.WebUIKeywordMain.runKeyword(WebUIKeywordMain.groovy:20)
	at com.kms.katalon.core.webui.keyword.builtin.VerifyElementVisibleInViewportKeyword.verifyElementVisibleInViewport(VerifyElementVisibleInViewportKeyword.groovy:86)
	at com.kms.katalon.core.webui.keyword.builtin.VerifyElementVisibleInViewportKeyword.execute(VerifyElementVisibleInViewportKeyword.groovy:68)
	at com.kms.katalon.core.keyword.internal.KeywordExecutor.executeKeywordForPlatform(KeywordExecutor.groovy:72)
	at com.kms.katalon.core.webui.keyword.WebUiBuiltInKeywords.verifyElementInViewport(WebUiBuiltInKeywords.groovy:3039)
	at com.kms.katalon.core.webui.keyword.WebUiBuiltInKeywords$verifyElementInViewport$14.call(Unknown Source)
	at Drops color (1-30 scenes).run(Drops color (1-30 scenes):48)
	at com.kms.katalon.core.main.ScriptEngine.run(ScriptEngine.java:194)
	at com.kms.katalon.core.main.ScriptEngine.runScriptAsRawText(ScriptEngine.java:119)
	at com.kms.katalon.core.main.TestCaseExecutor.runScript(TestCaseExecutor.java:337)
	at com.kms.katalon.core.main.TestCaseExecutor.doExecute(TestCaseExecutor.java:328)
	at com.kms.katalon.core.main.TestCaseExecutor.processExecutionPhase(TestCaseExecutor.java:307)
	at com.kms.katalon.core.main.TestCaseExecutor.accessMainPhase(TestCaseExecutor.java:299)
	at com.kms.katalon.core.main.TestCaseExecutor.execute(TestCaseExecutor.java:233)
	at com.kms.katalon.core.main.TestSuiteExecutor.accessTestCaseMainPhase(TestSuiteExecutor.java:169)
	at com.kms.katalon.core.main.TestSuiteExecutor.accessTestSuiteMainPhase(TestSuiteExecutor.java:142)
	at com.kms.katalon.core.main.TestSuiteExecutor.execute(TestSuiteExecutor.java:91)
	at com.kms.katalon.core.main.TestCaseMain.startTestSuite(TestCaseMain.java:157)
	at com.kms.katalon.core.main.TestCaseMain$startTestSuite$0.call(Unknown Source)
	at TempTestSuite1581071026566.run(TempTestSuite1581071026566.groovy:36)
)

2020-02-07 12:27:39 - [TEST_STEP][PASSED] - if (verifyElementPresent(findTestObject("Page_Reevio Video Maker/Editor_Scene_" + i), 0) == true): null

2020-02-07 12:27:39 - [MESSAGE][WARNING] - Timeout '0' is invalid. Using default page load timeout: '1'

2020-02-07 12:27:39 - [MESSAGE][PASSED] - Object 'Object Repository/Page_Reevio Video Maker/Editor_Scene_3' is present

2020-02-07 12:27:39 - [TEST_STEP][PASSED] - doubleClick(findTestObject("Page_Reevio Video Maker/Editor_Scene_" + i)): Object: 'Object Repository/Page_Reevio Video Maker/Editor_Scene_3' is double clicked on

2020-02-07 12:27:40 - [MESSAGE][PASSED] - Object: 'Object Repository/Page_Reevio Video Maker/Editor_Scene_3' is double clicked on

2020-02-07 12:27:40 - [TEST_STEP][PASSED] - if (verifyElementInViewport(findTestObject("Drop/Drops_as_objects/div_Drop_1"), 0)): null

2020-02-07 12:27:40 - [MESSAGE][WARNING] - Timeout '0' is invalid. Using default page load timeout: '1'

2020-02-07 12:27:40 - [MESSAGE][PASSED] - Object 'Object Repository/Drop/Drops_as_objects/div_Drop_1' is present and visible in viewport

2020-02-07 12:27:40 - [TEST_STEP][PASSED] - click(findTestObject("Drop/Drops_as_objects/div_Drop_1")): Object: 'Object Repository/Drop/Drops_as_objects/div_Drop_1' is clicked on

2020-02-07 12:27:40 - [MESSAGE][PASSED] - Object: 'Object Repository/Drop/Drops_as_objects/div_Drop_1' is clicked on

2020-02-07 12:27:40 - [TEST_STEP][PASSED] - click(findTestObject("Drop/input_RGB_drophex-color (Drop color)")): Object: 'Object Repository/Drop/input_RGB_drophex-color (Drop color)' is clicked on

2020-02-07 12:27:40 - [MESSAGE][PASSED] - Object: 'Object Repository/Drop/input_RGB_drophex-color (Drop color)' is clicked on

2020-02-07 12:27:40 - [TEST_STEP][PASSED] - clearText(findTestObject("Drop/input_RGB_drophex-color (Drop color)")): Text of object 'Object Repository/Drop/input_RGB_drophex-color (Drop color)' is cleared

2020-02-07 12:27:40 - [MESSAGE][PASSED] - Text of object 'Object Repository/Drop/input_RGB_drophex-color (Drop color)' is cleared

2020-02-07 12:27:40 - [TEST_STEP][PASSED] - Thread.sleep(50): null

2020-02-07 12:27:40 - [TEST_STEP][PASSED] - setText(findTestObject("Drop/input_RGB_drophex-color (Drop color)"), findTestData("vavowDate").getValue(3, 1)): Text '#007800' is set on object 'Object Repository/Drop/input_RGB_drophex-color (Drop color)'

2020-02-07 12:27:41 - [MESSAGE][PASSED] - Text '#007800' is set on object 'Object Repository/Drop/input_RGB_drophex-color (Drop color)'

2020-02-07 12:27:41 - [TEST_STEP][PASSED] - Thread.sleep(50): null

2020-02-07 12:27:41 - [TEST_STEP][PASSED] - click(findTestObject("Drop/button_Apply(drop_color)")): Object: 'Object Repository/Drop/button_Apply(drop_color)' is clicked on

2020-02-07 12:27:41 - [MESSAGE][PASSED] - Object: 'Object Repository/Drop/button_Apply(drop_color)' is clicked on

2020-02-07 12:27:41 - [TEST_STEP][PASSED] - Thread.sleep(50): null

2020-02-07 12:27:41 - [TEST_STEP][FAILED] - if (verifyElementInViewport(findTestObject("Drop/Drops_as_objects/div_Drop_2"), 0)): Object 'Object Repository/Drop/Drops_as_objects/div_Drop_2' is not present (Root cause: com.kms.katalon.core.exception.StepFailedException: Object 'Object Repository/Drop/Drops_as_objects/div_Drop_2' is not present
	at com.kms.katalon.core.webui.keyword.internal.WebUIKeywordMain.stepFailed(WebUIKeywordMain.groovy:64)
	at com.kms.katalon.core.webui.keyword.builtin.VerifyElementVisibleInViewportKeyword$_verifyElementVisibleInViewport_closure1.doCall(VerifyElementVisibleInViewportKeyword.groovy:83)
	at com.kms.katalon.core.webui.keyword.builtin.VerifyElementVisibleInViewportKeyword$_verifyElementVisibleInViewport_closure1.call(VerifyElementVisibleInViewportKeyword.groovy)
	at com.kms.katalon.core.webui.keyword.internal.WebUIKeywordMain.runKeyword(WebUIKeywordMain.groovy:20)
	at com.kms.katalon.core.webui.keyword.builtin.VerifyElementVisibleInViewportKeyword.verifyElementVisibleInViewport(VerifyElementVisibleInViewportKeyword.groovy:86)
	at com.kms.katalon.core.webui.keyword.builtin.VerifyElementVisibleInViewportKeyword.execute(VerifyElementVisibleInViewportKeyword.groovy:68)
	at com.kms.katalon.core.keyword.internal.KeywordExecutor.executeKeywordForPlatform(KeywordExecutor.groovy:72)
	at com.kms.katalon.core.webui.keyword.WebUiBuiltInKeywords.verifyElementInViewport(WebUiBuiltInKeywords.groovy:3039)
	at com.kms.katalon.core.webui.keyword.WebUiBuiltInKeywords$verifyElementInViewport$14.call(Unknown Source)
	at Drops color (1-30 scenes).run(Drops color (1-30 scenes):48)
	at com.kms.katalon.core.main.ScriptEngine.run(ScriptEngine.java:194)
	at com.kms.katalon.core.main.ScriptEngine.runScriptAsRawText(ScriptEngine.java:119)
	at com.kms.katalon.core.main.TestCaseExecutor.runScript(TestCaseExecutor.java:337)
	at com.kms.katalon.core.main.TestCaseExecutor.doExecute(TestCaseExecutor.java:328)
	at com.kms.katalon.core.main.TestCaseExecutor.processExecutionPhase(TestCaseExecutor.java:307)
	at com.kms.katalon.core.main.TestCaseExecutor.accessMainPhase(TestCaseExecutor.java:299)
	at com.kms.katalon.core.main.TestCaseExecutor.execute(TestCaseExecutor.java:233)
	at com.kms.katalon.core.main.TestSuiteExecutor.accessTestCaseMainPhase(TestSuiteExecutor.java:169)
	at com.kms.katalon.core.main.TestSuiteExecutor.accessTestSuiteMainPhase(TestSuiteExecutor.java:142)
	at com.kms.katalon.core.main.TestSuiteExecutor.execute(TestSuiteExecutor.java:91)
	at com.kms.katalon.core.main.TestCaseMain.startTestSuite(TestCaseMain.java:157)
	at com.kms.katalon.core.main.TestCaseMain$startTestSuite$0.call(Unknown Source)
	at TempTestSuite1581071026566.run(TempTestSuite1581071026566.groovy:36)
)

2020-02-07 12:27:41 - [MESSAGE][WARNING] - Timeout '0' is invalid. Using default page load timeout: '1'

2020-02-07 12:27:42 - [MESSAGE][INFO] - Unable to find the element located by 'By.xpath: //div[@class = 'current-slide active-slide']//div[@class='background-slide'][2]'. Please recheck the objects properties to make sure the desired element is located. 

2020-02-07 12:27:42 - [MESSAGE][FAILED] - Object 'Object Repository/Drop/Drops_as_objects/div_Drop_2' is not present (Root cause: com.kms.katalon.core.exception.StepFailedException: Object 'Object Repository/Drop/Drops_as_objects/div_Drop_2' is not present
	at com.kms.katalon.core.webui.keyword.internal.WebUIKeywordMain.stepFailed(WebUIKeywordMain.groovy:64)
	at com.kms.katalon.core.webui.keyword.builtin.VerifyElementVisibleInViewportKeyword$_verifyElementVisibleInViewport_closure1.doCall(VerifyElementVisibleInViewportKeyword.groovy:83)
	at com.kms.katalon.core.webui.keyword.builtin.VerifyElementVisibleInViewportKeyword$_verifyElementVisibleInViewport_closure1.call(VerifyElementVisibleInViewportKeyword.groovy)
	at com.kms.katalon.core.webui.keyword.internal.WebUIKeywordMain.runKeyword(WebUIKeywordMain.groovy:20)
	at com.kms.katalon.core.webui.keyword.builtin.VerifyElementVisibleInViewportKeyword.verifyElementVisibleInViewport(VerifyElementVisibleInViewportKeyword.groovy:86)
	at com.kms.katalon.core.webui.keyword.builtin.VerifyElementVisibleInViewportKeyword.execute(VerifyElementVisibleInViewportKeyword.groovy:68)
	at com.kms.katalon.core.keyword.internal.KeywordExecutor.executeKeywordForPlatform(KeywordExecutor.groovy:72)
	at com.kms.katalon.core.webui.keyword.WebUiBuiltInKeywords.verifyElementInViewport(WebUiBuiltInKeywords.groovy:3039)
	at com.kms.katalon.core.webui.keyword.WebUiBuiltInKeywords$verifyElementInViewport$14.call(Unknown Source)
	at Drops color (1-30 scenes).run(Drops color (1-30 scenes):48)
	at com.kms.katalon.core.main.ScriptEngine.run(ScriptEngine.java:194)
	at com.kms.katalon.core.main.ScriptEngine.runScriptAsRawText(ScriptEngine.java:119)
	at com.kms.katalon.core.main.TestCaseExecutor.runScript(TestCaseExecutor.java:337)
	at com.kms.katalon.core.main.TestCaseExecutor.doExecute(TestCaseExecutor.java:328)
	at com.kms.katalon.core.main.TestCaseExecutor.processExecutionPhase(TestCaseExecutor.java:307)
	at com.kms.katalon.core.main.TestCaseExecutor.accessMainPhase(TestCaseExecutor.java:299)
	at com.kms.katalon.core.main.TestCaseExecutor.execute(TestCaseExecutor.java:233)
	at com.kms.katalon.core.main.TestSuiteExecutor.accessTestCaseMainPhase(TestSuiteExecutor.java:169)
	at com.kms.katalon.core.main.TestSuiteExecutor.accessTestSuiteMainPhase(TestSuiteExecutor.java:142)
	at com.kms.katalon.core.main.TestSuiteExecutor.execute(TestSuiteExecutor.java:91)
	at com.kms.katalon.core.main.TestCaseMain.startTestSuite(TestCaseMain.java:157)
	at com.kms.katalon.core.main.TestCaseMain$startTestSuite$0.call(Unknown Source)
	at TempTestSuite1581071026566.run(TempTestSuite1581071026566.groovy:36)
)

2020-02-07 12:27:42 - [TEST_STEP][PASSED] - if (verifyElementPresent(findTestObject("Page_Reevio Video Maker/Editor_Scene_" + i), 0) == true): null

2020-02-07 12:27:42 - [MESSAGE][WARNING] - Timeout '0' is invalid. Using default page load timeout: '1'

2020-02-07 12:27:42 - [MESSAGE][PASSED] - Object 'Object Repository/Page_Reevio Video Maker/Editor_Scene_4' is present

2020-02-07 12:27:42 - [TEST_STEP][PASSED] - doubleClick(findTestObject("Page_Reevio Video Maker/Editor_Scene_" + i)): Object: 'Object Repository/Page_Reevio Video Maker/Editor_Scene_4' is double clicked on

2020-02-07 12:27:43 - [MESSAGE][PASSED] - Object: 'Object Repository/Page_Reevio Video Maker/Editor_Scene_4' is double clicked on

2020-02-07 12:27:43 - [TEST_STEP][PASSED] - if (verifyElementInViewport(findTestObject("Drop/Drops_as_objects/div_Drop_1"), 0)): null

2020-02-07 12:27:43 - [MESSAGE][WARNING] - Timeout '0' is invalid. Using default page load timeout: '1'

2020-02-07 12:27:43 - [MESSAGE][PASSED] - Object 'Object Repository/Drop/Drops_as_objects/div_Drop_1' is present and visible in viewport

2020-02-07 12:27:43 - [TEST_STEP][PASSED] - click(findTestObject("Drop/Drops_as_objects/div_Drop_1")): Object: 'Object Repository/Drop/Drops_as_objects/div_Drop_1' is clicked on

2020-02-07 12:27:43 - [MESSAGE][PASSED] - Object: 'Object Repository/Drop/Drops_as_objects/div_Drop_1' is clicked on

2020-02-07 12:27:43 - [TEST_STEP][PASSED] - click(findTestObject("Drop/input_RGB_drophex-color (Drop color)")): Object: 'Object Repository/Drop/input_RGB_drophex-color (Drop color)' is clicked on

2020-02-07 12:27:43 - [MESSAGE][PASSED] - Object: 'Object Repository/Drop/input_RGB_drophex-color (Drop color)' is clicked on

2020-02-07 12:27:43 - [TEST_STEP][PASSED] - clearText(findTestObject("Drop/input_RGB_drophex-color (Drop color)")): Text of object 'Object Repository/Drop/input_RGB_drophex-color (Drop color)' is cleared

2020-02-07 12:27:43 - [MESSAGE][PASSED] - Text of object 'Object Repository/Drop/input_RGB_drophex-color (Drop color)' is cleared

2020-02-07 12:27:43 - [TEST_STEP][PASSED] - Thread.sleep(50): null

2020-02-07 12:27:43 - [TEST_STEP][PASSED] - setText(findTestObject("Drop/input_RGB_drophex-color (Drop color)"), findTestData("vavowDate").getValue(3, 1)): Text '#007800' is set on object 'Object Repository/Drop/input_RGB_drophex-color (Drop color)'

2020-02-07 12:27:44 - [MESSAGE][PASSED] - Text '#007800' is set on object 'Object Repository/Drop/input_RGB_drophex-color (Drop color)'

2020-02-07 12:27:44 - [TEST_STEP][PASSED] - Thread.sleep(50): null

2020-02-07 12:27:44 - [TEST_STEP][PASSED] - click(findTestObject("Drop/button_Apply(drop_color)")): Object: 'Object Repository/Drop/button_Apply(drop_color)' is clicked on

2020-02-07 12:27:44 - [MESSAGE][PASSED] - Object: 'Object Repository/Drop/button_Apply(drop_color)' is clicked on

2020-02-07 12:27:44 - [TEST_STEP][PASSED] - Thread.sleep(50): null

2020-02-07 12:27:44 - [TEST_STEP][FAILED] - if (verifyElementInViewport(findTestObject("Drop/Drops_as_objects/div_Drop_2"), 0)): Object 'Object Repository/Drop/Drops_as_objects/div_Drop_2' is not present (Root cause: com.kms.katalon.core.exception.StepFailedException: Object 'Object Repository/Drop/Drops_as_objects/div_Drop_2' is not present
	at com.kms.katalon.core.webui.keyword.internal.WebUIKeywordMain.stepFailed(WebUIKeywordMain.groovy:64)
	at com.kms.katalon.core.webui.keyword.builtin.VerifyElementVisibleInViewportKeyword$_verifyElementVisibleInViewport_closure1.doCall(VerifyElementVisibleInViewportKeyword.groovy:83)
	at com.kms.katalon.core.webui.keyword.builtin.VerifyElementVisibleInViewportKeyword$_verifyElementVisibleInViewport_closure1.call(VerifyElementVisibleInViewportKeyword.groovy)
	at com.kms.katalon.core.webui.keyword.internal.WebUIKeywordMain.runKeyword(WebUIKeywordMain.groovy:20)
	at com.kms.katalon.core.webui.keyword.builtin.VerifyElementVisibleInViewportKeyword.verifyElementVisibleInViewport(VerifyElementVisibleInViewportKeyword.groovy:86)
	at com.kms.katalon.core.webui.keyword.builtin.VerifyElementVisibleInViewportKeyword.execute(VerifyElementVisibleInViewportKeyword.groovy:68)
	at com.kms.katalon.core.keyword.internal.KeywordExecutor.executeKeywordForPlatform(KeywordExecutor.groovy:72)
	at com.kms.katalon.core.webui.keyword.WebUiBuiltInKeywords.verifyElementInViewport(WebUiBuiltInKeywords.groovy:3039)
	at com.kms.katalon.core.webui.keyword.WebUiBuiltInKeywords$verifyElementInViewport$14.call(Unknown Source)
	at Drops color (1-30 scenes).run(Drops color (1-30 scenes):48)
	at com.kms.katalon.core.main.ScriptEngine.run(ScriptEngine.java:194)
	at com.kms.katalon.core.main.ScriptEngine.runScriptAsRawText(ScriptEngine.java:119)
	at com.kms.katalon.core.main.TestCaseExecutor.runScript(TestCaseExecutor.java:337)
	at com.kms.katalon.core.main.TestCaseExecutor.doExecute(TestCaseExecutor.java:328)
	at com.kms.katalon.core.main.TestCaseExecutor.processExecutionPhase(TestCaseExecutor.java:307)
	at com.kms.katalon.core.main.TestCaseExecutor.accessMainPhase(TestCaseExecutor.java:299)
	at com.kms.katalon.core.main.TestCaseExecutor.execute(TestCaseExecutor.java:233)
	at com.kms.katalon.core.main.TestSuiteExecutor.accessTestCaseMainPhase(TestSuiteExecutor.java:169)
	at com.kms.katalon.core.main.TestSuiteExecutor.accessTestSuiteMainPhase(TestSuiteExecutor.java:142)
	at com.kms.katalon.core.main.TestSuiteExecutor.execute(TestSuiteExecutor.java:91)
	at com.kms.katalon.core.main.TestCaseMain.startTestSuite(TestCaseMain.java:157)
	at com.kms.katalon.core.main.TestCaseMain$startTestSuite$0.call(Unknown Source)
	at TempTestSuite1581071026566.run(TempTestSuite1581071026566.groovy:36)
)

2020-02-07 12:27:44 - [MESSAGE][WARNING] - Timeout '0' is invalid. Using default page load timeout: '1'

2020-02-07 12:27:45 - [MESSAGE][INFO] - Unable to find the element located by 'By.xpath: //div[@class = 'current-slide active-slide']//div[@class='background-slide'][2]'. Please recheck the objects properties to make sure the desired element is located. 

2020-02-07 12:27:45 - [MESSAGE][FAILED] - Object 'Object Repository/Drop/Drops_as_objects/div_Drop_2' is not present (Root cause: com.kms.katalon.core.exception.StepFailedException: Object 'Object Repository/Drop/Drops_as_objects/div_Drop_2' is not present
	at com.kms.katalon.core.webui.keyword.internal.WebUIKeywordMain.stepFailed(WebUIKeywordMain.groovy:64)
	at com.kms.katalon.core.webui.keyword.builtin.VerifyElementVisibleInViewportKeyword$_verifyElementVisibleInViewport_closure1.doCall(VerifyElementVisibleInViewportKeyword.groovy:83)
	at com.kms.katalon.core.webui.keyword.builtin.VerifyElementVisibleInViewportKeyword$_verifyElementVisibleInViewport_closure1.call(VerifyElementVisibleInViewportKeyword.groovy)
	at com.kms.katalon.core.webui.keyword.internal.WebUIKeywordMain.runKeyword(WebUIKeywordMain.groovy:20)
	at com.kms.katalon.core.webui.keyword.builtin.VerifyElementVisibleInViewportKeyword.verifyElementVisibleInViewport(VerifyElementVisibleInViewportKeyword.groovy:86)
	at com.kms.katalon.core.webui.keyword.builtin.VerifyElementVisibleInViewportKeyword.execute(VerifyElementVisibleInViewportKeyword.groovy:68)
	at com.kms.katalon.core.keyword.internal.KeywordExecutor.executeKeywordForPlatform(KeywordExecutor.groovy:72)
	at com.kms.katalon.core.webui.keyword.WebUiBuiltInKeywords.verifyElementInViewport(WebUiBuiltInKeywords.groovy:3039)
	at com.kms.katalon.core.webui.keyword.WebUiBuiltInKeywords$verifyElementInViewport$14.call(Unknown Source)
	at Drops color (1-30 scenes).run(Drops color (1-30 scenes):48)
	at com.kms.katalon.core.main.ScriptEngine.run(ScriptEngine.java:194)
	at com.kms.katalon.core.main.ScriptEngine.runScriptAsRawText(ScriptEngine.java:119)
	at com.kms.katalon.core.main.TestCaseExecutor.runScript(TestCaseExecutor.java:337)
	at com.kms.katalon.core.main.TestCaseExecutor.doExecute(TestCaseExecutor.java:328)
	at com.kms.katalon.core.main.TestCaseExecutor.processExecutionPhase(TestCaseExecutor.java:307)
	at com.kms.katalon.core.main.TestCaseExecutor.accessMainPhase(TestCaseExecutor.java:299)
	at com.kms.katalon.core.main.TestCaseExecutor.execute(TestCaseExecutor.java:233)
	at com.kms.katalon.core.main.TestSuiteExecutor.accessTestCaseMainPhase(TestSuiteExecutor.java:169)
	at com.kms.katalon.core.main.TestSuiteExecutor.accessTestSuiteMainPhase(TestSuiteExecutor.java:142)
	at com.kms.katalon.core.main.TestSuiteExecutor.execute(TestSuiteExecutor.java:91)
	at com.kms.katalon.core.main.TestCaseMain.startTestSuite(TestCaseMain.java:157)
	at com.kms.katalon.core.main.TestCaseMain$startTestSuite$0.call(Unknown Source)
	at TempTestSuite1581071026566.run(TempTestSuite1581071026566.groovy:36)
)

2020-02-07 12:27:45 - [TEST_STEP][PASSED] - if (verifyElementPresent(findTestObject("Page_Reevio Video Maker/Editor_Scene_" + i), 0) == true): null

2020-02-07 12:27:45 - [MESSAGE][WARNING] - Timeout '0' is invalid. Using default page load timeout: '1'

2020-02-07 12:27:45 - [MESSAGE][PASSED] - Object 'Object Repository/Page_Reevio Video Maker/Editor_Scene_5' is present

2020-02-07 12:27:45 - [TEST_STEP][PASSED] - doubleClick(findTestObject("Page_Reevio Video Maker/Editor_Scene_" + i)): Object: 'Object Repository/Page_Reevio Video Maker/Editor_Scene_5' is double clicked on

2020-02-07 12:27:45 - [MESSAGE][PASSED] - Object: 'Object Repository/Page_Reevio Video Maker/Editor_Scene_5' is double clicked on

2020-02-07 12:27:45 - [TEST_STEP][PASSED] - if (verifyElementInViewport(findTestObject("Drop/Drops_as_objects/div_Drop_1"), 0)): null

2020-02-07 12:27:45 - [MESSAGE][WARNING] - Timeout '0' is invalid. Using default page load timeout: '1'

2020-02-07 12:27:45 - [MESSAGE][PASSED] - Object 'Object Repository/Drop/Drops_as_objects/div_Drop_1' is present and visible in viewport

2020-02-07 12:27:45 - [TEST_STEP][PASSED] - click(findTestObject("Drop/Drops_as_objects/div_Drop_1")): Object: 'Object Repository/Drop/Drops_as_objects/div_Drop_1' is clicked on

2020-02-07 12:27:46 - [MESSAGE][PASSED] - Object: 'Object Repository/Drop/Drops_as_objects/div_Drop_1' is clicked on

2020-02-07 12:27:46 - [TEST_STEP][PASSED] - click(findTestObject("Drop/input_RGB_drophex-color (Drop color)")): Object: 'Object Repository/Drop/input_RGB_drophex-color (Drop color)' is clicked on

2020-02-07 12:27:46 - [MESSAGE][PASSED] - Object: 'Object Repository/Drop/input_RGB_drophex-color (Drop color)' is clicked on

2020-02-07 12:27:46 - [TEST_STEP][PASSED] - clearText(findTestObject("Drop/input_RGB_drophex-color (Drop color)")): Text of object 'Object Repository/Drop/input_RGB_drophex-color (Drop color)' is cleared

2020-02-07 12:27:46 - [MESSAGE][PASSED] - Text of object 'Object Repository/Drop/input_RGB_drophex-color (Drop color)' is cleared

2020-02-07 12:27:46 - [TEST_STEP][PASSED] - Thread.sleep(50): null

2020-02-07 12:27:46 - [TEST_STEP][PASSED] - setText(findTestObject("Drop/input_RGB_drophex-color (Drop color)"), findTestData("vavowDate").getValue(3, 1)): Text '#007800' is set on object 'Object Repository/Drop/input_RGB_drophex-color (Drop color)'

2020-02-07 12:27:46 - [MESSAGE][PASSED] - Text '#007800' is set on object 'Object Repository/Drop/input_RGB_drophex-color (Drop color)'

2020-02-07 12:27:46 - [TEST_STEP][PASSED] - Thread.sleep(50): null

2020-02-07 12:27:46 - [TEST_STEP][PASSED] - click(findTestObject("Drop/button_Apply(drop_color)")): Object: 'Object Repository/Drop/button_Apply(drop_color)' is clicked on

2020-02-07 12:27:46 - [MESSAGE][PASSED] - Object: 'Object Repository/Drop/button_Apply(drop_color)' is clicked on

2020-02-07 12:27:46 - [TEST_STEP][PASSED] - Thread.sleep(50): null

2020-02-07 12:27:47 - [TEST_STEP][FAILED] - if (verifyElementInViewport(findTestObject("Drop/Drops_as_objects/div_Drop_2"), 0)): Object 'Object Repository/Drop/Drops_as_objects/div_Drop_2' is not present (Root cause: com.kms.katalon.core.exception.StepFailedException: Object 'Object Repository/Drop/Drops_as_objects/div_Drop_2' is not present
	at com.kms.katalon.core.webui.keyword.internal.WebUIKeywordMain.stepFailed(WebUIKeywordMain.groovy:64)
	at com.kms.katalon.core.webui.keyword.builtin.VerifyElementVisibleInViewportKeyword$_verifyElementVisibleInViewport_closure1.doCall(VerifyElementVisibleInViewportKeyword.groovy:83)
	at com.kms.katalon.core.webui.keyword.builtin.VerifyElementVisibleInViewportKeyword$_verifyElementVisibleInViewport_closure1.call(VerifyElementVisibleInViewportKeyword.groovy)
	at com.kms.katalon.core.webui.keyword.internal.WebUIKeywordMain.runKeyword(WebUIKeywordMain.groovy:20)
	at com.kms.katalon.core.webui.keyword.builtin.VerifyElementVisibleInViewportKeyword.verifyElementVisibleInViewport(VerifyElementVisibleInViewportKeyword.groovy:86)
	at com.kms.katalon.core.webui.keyword.builtin.VerifyElementVisibleInViewportKeyword.execute(VerifyElementVisibleInViewportKeyword.groovy:68)
	at com.kms.katalon.core.keyword.internal.KeywordExecutor.executeKeywordForPlatform(KeywordExecutor.groovy:72)
	at com.kms.katalon.core.webui.keyword.WebUiBuiltInKeywords.verifyElementInViewport(WebUiBuiltInKeywords.groovy:3039)
	at com.kms.katalon.core.webui.keyword.WebUiBuiltInKeywords$verifyElementInViewport$14.call(Unknown Source)
	at Drops color (1-30 scenes).run(Drops color (1-30 scenes):48)
	at com.kms.katalon.core.main.ScriptEngine.run(ScriptEngine.java:194)
	at com.kms.katalon.core.main.ScriptEngine.runScriptAsRawText(ScriptEngine.java:119)
	at com.kms.katalon.core.main.TestCaseExecutor.runScript(TestCaseExecutor.java:337)
	at com.kms.katalon.core.main.TestCaseExecutor.doExecute(TestCaseExecutor.java:328)
	at com.kms.katalon.core.main.TestCaseExecutor.processExecutionPhase(TestCaseExecutor.java:307)
	at com.kms.katalon.core.main.TestCaseExecutor.accessMainPhase(TestCaseExecutor.java:299)
	at com.kms.katalon.core.main.TestCaseExecutor.execute(TestCaseExecutor.java:233)
	at com.kms.katalon.core.main.TestSuiteExecutor.accessTestCaseMainPhase(TestSuiteExecutor.java:169)
	at com.kms.katalon.core.main.TestSuiteExecutor.accessTestSuiteMainPhase(TestSuiteExecutor.java:142)
	at com.kms.katalon.core.main.TestSuiteExecutor.execute(TestSuiteExecutor.java:91)
	at com.kms.katalon.core.main.TestCaseMain.startTestSuite(TestCaseMain.java:157)
	at com.kms.katalon.core.main.TestCaseMain$startTestSuite$0.call(Unknown Source)
	at TempTestSuite1581071026566.run(TempTestSuite1581071026566.groovy:36)
)

2020-02-07 12:27:47 - [MESSAGE][WARNING] - Timeout '0' is invalid. Using default page load timeout: '1'

2020-02-07 12:27:48 - [MESSAGE][INFO] - Unable to find the element located by 'By.xpath: //div[@class = 'current-slide active-slide']//div[@class='background-slide'][2]'. Please recheck the objects properties to make sure the desired element is located. 

2020-02-07 12:27:48 - [MESSAGE][FAILED] - Object 'Object Repository/Drop/Drops_as_objects/div_Drop_2' is not present (Root cause: com.kms.katalon.core.exception.StepFailedException: Object 'Object Repository/Drop/Drops_as_objects/div_Drop_2' is not present
	at com.kms.katalon.core.webui.keyword.internal.WebUIKeywordMain.stepFailed(WebUIKeywordMain.groovy:64)
	at com.kms.katalon.core.webui.keyword.builtin.VerifyElementVisibleInViewportKeyword$_verifyElementVisibleInViewport_closure1.doCall(VerifyElementVisibleInViewportKeyword.groovy:83)
	at com.kms.katalon.core.webui.keyword.builtin.VerifyElementVisibleInViewportKeyword$_verifyElementVisibleInViewport_closure1.call(VerifyElementVisibleInViewportKeyword.groovy)
	at com.kms.katalon.core.webui.keyword.internal.WebUIKeywordMain.runKeyword(WebUIKeywordMain.groovy:20)
	at com.kms.katalon.core.webui.keyword.builtin.VerifyElementVisibleInViewportKeyword.verifyElementVisibleInViewport(VerifyElementVisibleInViewportKeyword.groovy:86)
	at com.kms.katalon.core.webui.keyword.builtin.VerifyElementVisibleInViewportKeyword.execute(VerifyElementVisibleInViewportKeyword.groovy:68)
	at com.kms.katalon.core.keyword.internal.KeywordExecutor.executeKeywordForPlatform(KeywordExecutor.groovy:72)
	at com.kms.katalon.core.webui.keyword.WebUiBuiltInKeywords.verifyElementInViewport(WebUiBuiltInKeywords.groovy:3039)
	at com.kms.katalon.core.webui.keyword.WebUiBuiltInKeywords$verifyElementInViewport$14.call(Unknown Source)
	at Drops color (1-30 scenes).run(Drops color (1-30 scenes):48)
	at com.kms.katalon.core.main.ScriptEngine.run(ScriptEngine.java:194)
	at com.kms.katalon.core.main.ScriptEngine.runScriptAsRawText(ScriptEngine.java:119)
	at com.kms.katalon.core.main.TestCaseExecutor.runScript(TestCaseExecutor.java:337)
	at com.kms.katalon.core.main.TestCaseExecutor.doExecute(TestCaseExecutor.java:328)
	at com.kms.katalon.core.main.TestCaseExecutor.processExecutionPhase(TestCaseExecutor.java:307)
	at com.kms.katalon.core.main.TestCaseExecutor.accessMainPhase(TestCaseExecutor.java:299)
	at com.kms.katalon.core.main.TestCaseExecutor.execute(TestCaseExecutor.java:233)
	at com.kms.katalon.core.main.TestSuiteExecutor.accessTestCaseMainPhase(TestSuiteExecutor.java:169)
	at com.kms.katalon.core.main.TestSuiteExecutor.accessTestSuiteMainPhase(TestSuiteExecutor.java:142)
	at com.kms.katalon.core.main.TestSuiteExecutor.execute(TestSuiteExecutor.java:91)
	at com.kms.katalon.core.main.TestCaseMain.startTestSuite(TestCaseMain.java:157)
	at com.kms.katalon.core.main.TestCaseMain$startTestSuite$0.call(Unknown Source)
	at TempTestSuite1581071026566.run(TempTestSuite1581071026566.groovy:36)
)

2020-02-07 12:27:48 - [TEST_STEP][PASSED] - if (verifyElementPresent(findTestObject("Page_Reevio Video Maker/Editor_Scene_" + i), 0) == true): null

2020-02-07 12:27:48 - [MESSAGE][WARNING] - Timeout '0' is invalid. Using default page load timeout: '1'

2020-02-07 12:27:48 - [MESSAGE][PASSED] - Object 'Object Repository/Page_Reevio Video Maker/Editor_Scene_6' is present

2020-02-07 12:27:48 - [TEST_STEP][PASSED] - doubleClick(findTestObject("Page_Reevio Video Maker/Editor_Scene_" + i)): Object: 'Object Repository/Page_Reevio Video Maker/Editor_Scene_6' is double clicked on

2020-02-07 12:27:48 - [MESSAGE][PASSED] - Object: 'Object Repository/Page_Reevio Video Maker/Editor_Scene_6' is double clicked on

2020-02-07 12:27:48 - [TEST_STEP][PASSED] - if (verifyElementInViewport(findTestObject("Drop/Drops_as_objects/div_Drop_1"), 0)): null

2020-02-07 12:27:48 - [MESSAGE][WARNING] - Timeout '0' is invalid. Using default page load timeout: '1'

2020-02-07 12:27:48 - [MESSAGE][PASSED] - Object 'Object Repository/Drop/Drops_as_objects/div_Drop_1' is present and visible in viewport

2020-02-07 12:27:48 - [TEST_STEP][PASSED] - click(findTestObject("Drop/Drops_as_objects/div_Drop_1")): Object: 'Object Repository/Drop/Drops_as_objects/div_Drop_1' is clicked on

2020-02-07 12:27:48 - [MESSAGE][PASSED] - Object: 'Object Repository/Drop/Drops_as_objects/div_Drop_1' is clicked on

2020-02-07 12:27:48 - [TEST_STEP][PASSED] - click(findTestObject("Drop/input_RGB_drophex-color (Drop color)")): Object: 'Object Repository/Drop/input_RGB_drophex-color (Drop color)' is clicked on

2020-02-07 12:27:48 - [MESSAGE][PASSED] - Object: 'Object Repository/Drop/input_RGB_drophex-color (Drop color)' is clicked on

2020-02-07 12:27:48 - [TEST_STEP][PASSED] - clearText(findTestObject("Drop/input_RGB_drophex-color (Drop color)")): Text of object 'Object Repository/Drop/input_RGB_drophex-color (Drop color)' is cleared

2020-02-07 12:27:49 - [MESSAGE][PASSED] - Text of object 'Object Repository/Drop/input_RGB_drophex-color (Drop color)' is cleared

2020-02-07 12:27:49 - [TEST_STEP][PASSED] - Thread.sleep(50): null

2020-02-07 12:27:49 - [TEST_STEP][PASSED] - setText(findTestObject("Drop/input_RGB_drophex-color (Drop color)"), findTestData("vavowDate").getValue(3, 1)): Text '#007800' is set on object 'Object Repository/Drop/input_RGB_drophex-color (Drop color)'

2020-02-07 12:27:49 - [MESSAGE][PASSED] - Text '#007800' is set on object 'Object Repository/Drop/input_RGB_drophex-color (Drop color)'

2020-02-07 12:27:49 - [TEST_STEP][PASSED] - Thread.sleep(50): null

2020-02-07 12:27:49 - [TEST_STEP][PASSED] - click(findTestObject("Drop/button_Apply(drop_color)")): Object: 'Object Repository/Drop/button_Apply(drop_color)' is clicked on

2020-02-07 12:27:49 - [MESSAGE][PASSED] - Object: 'Object Repository/Drop/button_Apply(drop_color)' is clicked on

2020-02-07 12:27:49 - [TEST_STEP][PASSED] - Thread.sleep(50): null

2020-02-07 12:27:49 - [TEST_STEP][FAILED] - if (verifyElementInViewport(findTestObject("Drop/Drops_as_objects/div_Drop_2"), 0)): Object 'Object Repository/Drop/Drops_as_objects/div_Drop_2' is not present (Root cause: com.kms.katalon.core.exception.StepFailedException: Object 'Object Repository/Drop/Drops_as_objects/div_Drop_2' is not present
	at com.kms.katalon.core.webui.keyword.internal.WebUIKeywordMain.stepFailed(WebUIKeywordMain.groovy:64)
	at com.kms.katalon.core.webui.keyword.builtin.VerifyElementVisibleInViewportKeyword$_verifyElementVisibleInViewport_closure1.doCall(VerifyElementVisibleInViewportKeyword.groovy:83)
	at com.kms.katalon.core.webui.keyword.builtin.VerifyElementVisibleInViewportKeyword$_verifyElementVisibleInViewport_closure1.call(VerifyElementVisibleInViewportKeyword.groovy)
	at com.kms.katalon.core.webui.keyword.internal.WebUIKeywordMain.runKeyword(WebUIKeywordMain.groovy:20)
	at com.kms.katalon.core.webui.keyword.builtin.VerifyElementVisibleInViewportKeyword.verifyElementVisibleInViewport(VerifyElementVisibleInViewportKeyword.groovy:86)
	at com.kms.katalon.core.webui.keyword.builtin.VerifyElementVisibleInViewportKeyword.execute(VerifyElementVisibleInViewportKeyword.groovy:68)
	at com.kms.katalon.core.keyword.internal.KeywordExecutor.executeKeywordForPlatform(KeywordExecutor.groovy:72)
	at com.kms.katalon.core.webui.keyword.WebUiBuiltInKeywords.verifyElementInViewport(WebUiBuiltInKeywords.groovy:3039)
	at com.kms.katalon.core.webui.keyword.WebUiBuiltInKeywords$verifyElementInViewport$14.call(Unknown Source)
	at Drops color (1-30 scenes).run(Drops color (1-30 scenes):48)
	at com.kms.katalon.core.main.ScriptEngine.run(ScriptEngine.java:194)
	at com.kms.katalon.core.main.ScriptEngine.runScriptAsRawText(ScriptEngine.java:119)
	at com.kms.katalon.core.main.TestCaseExecutor.runScript(TestCaseExecutor.java:337)
	at com.kms.katalon.core.main.TestCaseExecutor.doExecute(TestCaseExecutor.java:328)
	at com.kms.katalon.core.main.TestCaseExecutor.processExecutionPhase(TestCaseExecutor.java:307)
	at com.kms.katalon.core.main.TestCaseExecutor.accessMainPhase(TestCaseExecutor.java:299)
	at com.kms.katalon.core.main.TestCaseExecutor.execute(TestCaseExecutor.java:233)
	at com.kms.katalon.core.main.TestSuiteExecutor.accessTestCaseMainPhase(TestSuiteExecutor.java:169)
	at com.kms.katalon.core.main.TestSuiteExecutor.accessTestSuiteMainPhase(TestSuiteExecutor.java:142)
	at com.kms.katalon.core.main.TestSuiteExecutor.execute(TestSuiteExecutor.java:91)
	at com.kms.katalon.core.main.TestCaseMain.startTestSuite(TestCaseMain.java:157)
	at com.kms.katalon.core.main.TestCaseMain$startTestSuite$0.call(Unknown Source)
	at TempTestSuite1581071026566.run(TempTestSuite1581071026566.groovy:36)
)

2020-02-07 12:27:49 - [MESSAGE][WARNING] - Timeout '0' is invalid. Using default page load timeout: '1'

2020-02-07 12:27:50 - [MESSAGE][INFO] - Unable to find the element located by 'By.xpath: //div[@class = 'current-slide active-slide']//div[@class='background-slide'][2]'. Please recheck the objects properties to make sure the desired element is located. 

2020-02-07 12:27:50 - [MESSAGE][FAILED] - Object 'Object Repository/Drop/Drops_as_objects/div_Drop_2' is not present (Root cause: com.kms.katalon.core.exception.StepFailedException: Object 'Object Repository/Drop/Drops_as_objects/div_Drop_2' is not present
	at com.kms.katalon.core.webui.keyword.internal.WebUIKeywordMain.stepFailed(WebUIKeywordMain.groovy:64)
	at com.kms.katalon.core.webui.keyword.builtin.VerifyElementVisibleInViewportKeyword$_verifyElementVisibleInViewport_closure1.doCall(VerifyElementVisibleInViewportKeyword.groovy:83)
	at com.kms.katalon.core.webui.keyword.builtin.VerifyElementVisibleInViewportKeyword$_verifyElementVisibleInViewport_closure1.call(VerifyElementVisibleInViewportKeyword.groovy)
	at com.kms.katalon.core.webui.keyword.internal.WebUIKeywordMain.runKeyword(WebUIKeywordMain.groovy:20)
	at com.kms.katalon.core.webui.keyword.builtin.VerifyElementVisibleInViewportKeyword.verifyElementVisibleInViewport(VerifyElementVisibleInViewportKeyword.groovy:86)
	at com.kms.katalon.core.webui.keyword.builtin.VerifyElementVisibleInViewportKeyword.execute(VerifyElementVisibleInViewportKeyword.groovy:68)
	at com.kms.katalon.core.keyword.internal.KeywordExecutor.executeKeywordForPlatform(KeywordExecutor.groovy:72)
	at com.kms.katalon.core.webui.keyword.WebUiBuiltInKeywords.verifyElementInViewport(WebUiBuiltInKeywords.groovy:3039)
	at com.kms.katalon.core.webui.keyword.WebUiBuiltInKeywords$verifyElementInViewport$14.call(Unknown Source)
	at Drops color (1-30 scenes).run(Drops color (1-30 scenes):48)
	at com.kms.katalon.core.main.ScriptEngine.run(ScriptEngine.java:194)
	at com.kms.katalon.core.main.ScriptEngine.runScriptAsRawText(ScriptEngine.java:119)
	at com.kms.katalon.core.main.TestCaseExecutor.runScript(TestCaseExecutor.java:337)
	at com.kms.katalon.core.main.TestCaseExecutor.doExecute(TestCaseExecutor.java:328)
	at com.kms.katalon.core.main.TestCaseExecutor.processExecutionPhase(TestCaseExecutor.java:307)
	at com.kms.katalon.core.main.TestCaseExecutor.accessMainPhase(TestCaseExecutor.java:299)
	at com.kms.katalon.core.main.TestCaseExecutor.execute(TestCaseExecutor.java:233)
	at com.kms.katalon.core.main.TestSuiteExecutor.accessTestCaseMainPhase(TestSuiteExecutor.java:169)
	at com.kms.katalon.core.main.TestSuiteExecutor.accessTestSuiteMainPhase(TestSuiteExecutor.java:142)
	at com.kms.katalon.core.main.TestSuiteExecutor.execute(TestSuiteExecutor.java:91)
	at com.kms.katalon.core.main.TestCaseMain.startTestSuite(TestCaseMain.java:157)
	at com.kms.katalon.core.main.TestCaseMain$startTestSuite$0.call(Unknown Source)
	at TempTestSuite1581071026566.run(TempTestSuite1581071026566.groovy:36)
)

2020-02-07 12:27:50 - [TEST_STEP][PASSED] - if (verifyElementPresent(findTestObject("Page_Reevio Video Maker/Editor_Scene_" + i), 0) == true): null

2020-02-07 12:27:50 - [MESSAGE][WARNING] - Timeout '0' is invalid. Using default page load timeout: '1'

2020-02-07 12:27:51 - [MESSAGE][PASSED] - Object 'Object Repository/Page_Reevio Video Maker/Editor_Scene_7' is present

2020-02-07 12:27:51 - [TEST_STEP][PASSED] - doubleClick(findTestObject("Page_Reevio Video Maker/Editor_Scene_" + i)): Object: 'Object Repository/Page_Reevio Video Maker/Editor_Scene_7' is double clicked on

2020-02-07 12:27:51 - [MESSAGE][PASSED] - Object: 'Object Repository/Page_Reevio Video Maker/Editor_Scene_7' is double clicked on

2020-02-07 12:27:51 - [TEST_STEP][PASSED] - if (verifyElementInViewport(findTestObject("Drop/Drops_as_objects/div_Drop_1"), 0)): null

2020-02-07 12:27:51 - [MESSAGE][WARNING] - Timeout '0' is invalid. Using default page load timeout: '1'

2020-02-07 12:27:51 - [MESSAGE][PASSED] - Object 'Object Repository/Drop/Drops_as_objects/div_Drop_1' is present and visible in viewport

2020-02-07 12:27:51 - [TEST_STEP][PASSED] - click(findTestObject("Drop/Drops_as_objects/div_Drop_1")): Object: 'Object Repository/Drop/Drops_as_objects/div_Drop_1' is clicked on

2020-02-07 12:27:52 - [MESSAGE][PASSED] - Object: 'Object Repository/Drop/Drops_as_objects/div_Drop_1' is clicked on

2020-02-07 12:27:52 - [TEST_STEP][PASSED] - click(findTestObject("Drop/input_RGB_drophex-color (Drop color)")): Object: 'Object Repository/Drop/input_RGB_drophex-color (Drop color)' is clicked on

2020-02-07 12:27:52 - [MESSAGE][PASSED] - Object: 'Object Repository/Drop/input_RGB_drophex-color (Drop color)' is clicked on

2020-02-07 12:27:52 - [TEST_STEP][PASSED] - clearText(findTestObject("Drop/input_RGB_drophex-color (Drop color)")): Text of object 'Object Repository/Drop/input_RGB_drophex-color (Drop color)' is cleared

2020-02-07 12:27:52 - [MESSAGE][PASSED] - Text of object 'Object Repository/Drop/input_RGB_drophex-color (Drop color)' is cleared

2020-02-07 12:27:52 - [TEST_STEP][PASSED] - Thread.sleep(50): null

2020-02-07 12:27:52 - [TEST_STEP][PASSED] - setText(findTestObject("Drop/input_RGB_drophex-color (Drop color)"), findTestData("vavowDate").getValue(3, 1)): Text '#007800' is set on object 'Object Repository/Drop/input_RGB_drophex-color (Drop color)'

2020-02-07 12:27:52 - [MESSAGE][PASSED] - Text '#007800' is set on object 'Object Repository/Drop/input_RGB_drophex-color (Drop color)'

2020-02-07 12:27:52 - [TEST_STEP][PASSED] - Thread.sleep(50): null

2020-02-07 12:27:52 - [TEST_STEP][PASSED] - click(findTestObject("Drop/button_Apply(drop_color)")): Object: 'Object Repository/Drop/button_Apply(drop_color)' is clicked on

2020-02-07 12:27:53 - [MESSAGE][PASSED] - Object: 'Object Repository/Drop/button_Apply(drop_color)' is clicked on

2020-02-07 12:27:53 - [TEST_STEP][PASSED] - Thread.sleep(50): null

2020-02-07 12:27:53 - [TEST_STEP][FAILED] - if (verifyElementInViewport(findTestObject("Drop/Drops_as_objects/div_Drop_2"), 0)): Object 'Object Repository/Drop/Drops_as_objects/div_Drop_2' is not present (Root cause: com.kms.katalon.core.exception.StepFailedException: Object 'Object Repository/Drop/Drops_as_objects/div_Drop_2' is not present
	at com.kms.katalon.core.webui.keyword.internal.WebUIKeywordMain.stepFailed(WebUIKeywordMain.groovy:64)
	at com.kms.katalon.core.webui.keyword.builtin.VerifyElementVisibleInViewportKeyword$_verifyElementVisibleInViewport_closure1.doCall(VerifyElementVisibleInViewportKeyword.groovy:83)
	at com.kms.katalon.core.webui.keyword.builtin.VerifyElementVisibleInViewportKeyword$_verifyElementVisibleInViewport_closure1.call(VerifyElementVisibleInViewportKeyword.groovy)
	at com.kms.katalon.core.webui.keyword.internal.WebUIKeywordMain.runKeyword(WebUIKeywordMain.groovy:20)
	at com.kms.katalon.core.webui.keyword.builtin.VerifyElementVisibleInViewportKeyword.verifyElementVisibleInViewport(VerifyElementVisibleInViewportKeyword.groovy:86)
	at com.kms.katalon.core.webui.keyword.builtin.VerifyElementVisibleInViewportKeyword.execute(VerifyElementVisibleInViewportKeyword.groovy:68)
	at com.kms.katalon.core.keyword.internal.KeywordExecutor.executeKeywordForPlatform(KeywordExecutor.groovy:72)
	at com.kms.katalon.core.webui.keyword.WebUiBuiltInKeywords.verifyElementInViewport(WebUiBuiltInKeywords.groovy:3039)
	at com.kms.katalon.core.webui.keyword.WebUiBuiltInKeywords$verifyElementInViewport$14.call(Unknown Source)
	at Drops color (1-30 scenes).run(Drops color (1-30 scenes):48)
	at com.kms.katalon.core.main.ScriptEngine.run(ScriptEngine.java:194)
	at com.kms.katalon.core.main.ScriptEngine.runScriptAsRawText(ScriptEngine.java:119)
	at com.kms.katalon.core.main.TestCaseExecutor.runScript(TestCaseExecutor.java:337)
	at com.kms.katalon.core.main.TestCaseExecutor.doExecute(TestCaseExecutor.java:328)
	at com.kms.katalon.core.main.TestCaseExecutor.processExecutionPhase(TestCaseExecutor.java:307)
	at com.kms.katalon.core.main.TestCaseExecutor.accessMainPhase(TestCaseExecutor.java:299)
	at com.kms.katalon.core.main.TestCaseExecutor.execute(TestCaseExecutor.java:233)
	at com.kms.katalon.core.main.TestSuiteExecutor.accessTestCaseMainPhase(TestSuiteExecutor.java:169)
	at com.kms.katalon.core.main.TestSuiteExecutor.accessTestSuiteMainPhase(TestSuiteExecutor.java:142)
	at com.kms.katalon.core.main.TestSuiteExecutor.execute(TestSuiteExecutor.java:91)
	at com.kms.katalon.core.main.TestCaseMain.startTestSuite(TestCaseMain.java:157)
	at com.kms.katalon.core.main.TestCaseMain$startTestSuite$0.call(Unknown Source)
	at TempTestSuite1581071026566.run(TempTestSuite1581071026566.groovy:36)
)

2020-02-07 12:27:53 - [MESSAGE][WARNING] - Timeout '0' is invalid. Using default page load timeout: '1'

2020-02-07 12:27:54 - [MESSAGE][INFO] - Unable to find the element located by 'By.xpath: //div[@class = 'current-slide active-slide']//div[@class='background-slide'][2]'. Please recheck the objects properties to make sure the desired element is located. 

2020-02-07 12:27:54 - [MESSAGE][FAILED] - Object 'Object Repository/Drop/Drops_as_objects/div_Drop_2' is not present (Root cause: com.kms.katalon.core.exception.StepFailedException: Object 'Object Repository/Drop/Drops_as_objects/div_Drop_2' is not present
	at com.kms.katalon.core.webui.keyword.internal.WebUIKeywordMain.stepFailed(WebUIKeywordMain.groovy:64)
	at com.kms.katalon.core.webui.keyword.builtin.VerifyElementVisibleInViewportKeyword$_verifyElementVisibleInViewport_closure1.doCall(VerifyElementVisibleInViewportKeyword.groovy:83)
	at com.kms.katalon.core.webui.keyword.builtin.VerifyElementVisibleInViewportKeyword$_verifyElementVisibleInViewport_closure1.call(VerifyElementVisibleInViewportKeyword.groovy)
	at com.kms.katalon.core.webui.keyword.internal.WebUIKeywordMain.runKeyword(WebUIKeywordMain.groovy:20)
	at com.kms.katalon.core.webui.keyword.builtin.VerifyElementVisibleInViewportKeyword.verifyElementVisibleInViewport(VerifyElementVisibleInViewportKeyword.groovy:86)
	at com.kms.katalon.core.webui.keyword.builtin.VerifyElementVisibleInViewportKeyword.execute(VerifyElementVisibleInViewportKeyword.groovy:68)
	at com.kms.katalon.core.keyword.internal.KeywordExecutor.executeKeywordForPlatform(KeywordExecutor.groovy:72)
	at com.kms.katalon.core.webui.keyword.WebUiBuiltInKeywords.verifyElementInViewport(WebUiBuiltInKeywords.groovy:3039)
	at com.kms.katalon.core.webui.keyword.WebUiBuiltInKeywords$verifyElementInViewport$14.call(Unknown Source)
	at Drops color (1-30 scenes).run(Drops color (1-30 scenes):48)
	at com.kms.katalon.core.main.ScriptEngine.run(ScriptEngine.java:194)
	at com.kms.katalon.core.main.ScriptEngine.runScriptAsRawText(ScriptEngine.java:119)
	at com.kms.katalon.core.main.TestCaseExecutor.runScript(TestCaseExecutor.java:337)
	at com.kms.katalon.core.main.TestCaseExecutor.doExecute(TestCaseExecutor.java:328)
	at com.kms.katalon.core.main.TestCaseExecutor.processExecutionPhase(TestCaseExecutor.java:307)
	at com.kms.katalon.core.main.TestCaseExecutor.accessMainPhase(TestCaseExecutor.java:299)
	at com.kms.katalon.core.main.TestCaseExecutor.execute(TestCaseExecutor.java:233)
	at com.kms.katalon.core.main.TestSuiteExecutor.accessTestCaseMainPhase(TestSuiteExecutor.java:169)
	at com.kms.katalon.core.main.TestSuiteExecutor.accessTestSuiteMainPhase(TestSuiteExecutor.java:142)
	at com.kms.katalon.core.main.TestSuiteExecutor.execute(TestSuiteExecutor.java:91)
	at com.kms.katalon.core.main.TestCaseMain.startTestSuite(TestCaseMain.java:157)
	at com.kms.katalon.core.main.TestCaseMain$startTestSuite$0.call(Unknown Source)
	at TempTestSuite1581071026566.run(TempTestSuite1581071026566.groovy:36)
)

2020-02-07 12:27:54 - [TEST_STEP][PASSED] - if (verifyElementPresent(findTestObject("Page_Reevio Video Maker/Editor_Scene_" + i), 0) == true): null

2020-02-07 12:27:54 - [MESSAGE][WARNING] - Timeout '0' is invalid. Using default page load timeout: '1'

2020-02-07 12:27:54 - [MESSAGE][PASSED] - Object 'Object Repository/Page_Reevio Video Maker/Editor_Scene_8' is present

2020-02-07 12:27:54 - [TEST_STEP][PASSED] - doubleClick(findTestObject("Page_Reevio Video Maker/Editor_Scene_" + i)): Object: 'Object Repository/Page_Reevio Video Maker/Editor_Scene_8' is double clicked on

2020-02-07 12:27:54 - [MESSAGE][PASSED] - Object: 'Object Repository/Page_Reevio Video Maker/Editor_Scene_8' is double clicked on

2020-02-07 12:27:54 - [TEST_STEP][PASSED] - if (verifyElementInViewport(findTestObject("Drop/Drops_as_objects/div_Drop_1"), 0)): null

2020-02-07 12:27:54 - [MESSAGE][WARNING] - Timeout '0' is invalid. Using default page load timeout: '1'

2020-02-07 12:27:54 - [MESSAGE][PASSED] - Object 'Object Repository/Drop/Drops_as_objects/div_Drop_1' is present and visible in viewport

2020-02-07 12:27:54 - [TEST_STEP][PASSED] - click(findTestObject("Drop/Drops_as_objects/div_Drop_1")): Object: 'Object Repository/Drop/Drops_as_objects/div_Drop_1' is clicked on

2020-02-07 12:27:54 - [MESSAGE][PASSED] - Object: 'Object Repository/Drop/Drops_as_objects/div_Drop_1' is clicked on

2020-02-07 12:27:54 - [TEST_STEP][PASSED] - click(findTestObject("Drop/input_RGB_drophex-color (Drop color)")): Object: 'Object Repository/Drop/input_RGB_drophex-color (Drop color)' is clicked on

2020-02-07 12:27:55 - [MESSAGE][PASSED] - Object: 'Object Repository/Drop/input_RGB_drophex-color (Drop color)' is clicked on

2020-02-07 12:27:55 - [TEST_STEP][PASSED] - clearText(findTestObject("Drop/input_RGB_drophex-color (Drop color)")): Text of object 'Object Repository/Drop/input_RGB_drophex-color (Drop color)' is cleared

2020-02-07 12:27:55 - [MESSAGE][PASSED] - Text of object 'Object Repository/Drop/input_RGB_drophex-color (Drop color)' is cleared

2020-02-07 12:27:55 - [TEST_STEP][PASSED] - Thread.sleep(50): null

2020-02-07 12:27:55 - [TEST_STEP][PASSED] - setText(findTestObject("Drop/input_RGB_drophex-color (Drop color)"), findTestData("vavowDate").getValue(3, 1)): Text '#007800' is set on object 'Object Repository/Drop/input_RGB_drophex-color (Drop color)'

2020-02-07 12:27:55 - [MESSAGE][PASSED] - Text '#007800' is set on object 'Object Repository/Drop/input_RGB_drophex-color (Drop color)'

2020-02-07 12:27:55 - [TEST_STEP][PASSED] - Thread.sleep(50): null

2020-02-07 12:27:55 - [TEST_STEP][PASSED] - click(findTestObject("Drop/button_Apply(drop_color)")): Object: 'Object Repository/Drop/button_Apply(drop_color)' is clicked on

2020-02-07 12:27:55 - [MESSAGE][PASSED] - Object: 'Object Repository/Drop/button_Apply(drop_color)' is clicked on

2020-02-07 12:27:55 - [TEST_STEP][PASSED] - Thread.sleep(50): null

2020-02-07 12:27:55 - [TEST_STEP][FAILED] - if (verifyElementInViewport(findTestObject("Drop/Drops_as_objects/div_Drop_2"), 0)): Object 'Object Repository/Drop/Drops_as_objects/div_Drop_2' is not present (Root cause: com.kms.katalon.core.exception.StepFailedException: Object 'Object Repository/Drop/Drops_as_objects/div_Drop_2' is not present
	at com.kms.katalon.core.webui.keyword.internal.WebUIKeywordMain.stepFailed(WebUIKeywordMain.groovy:64)
	at com.kms.katalon.core.webui.keyword.builtin.VerifyElementVisibleInViewportKeyword$_verifyElementVisibleInViewport_closure1.doCall(VerifyElementVisibleInViewportKeyword.groovy:83)
	at com.kms.katalon.core.webui.keyword.builtin.VerifyElementVisibleInViewportKeyword$_verifyElementVisibleInViewport_closure1.call(VerifyElementVisibleInViewportKeyword.groovy)
	at com.kms.katalon.core.webui.keyword.internal.WebUIKeywordMain.runKeyword(WebUIKeywordMain.groovy:20)
	at com.kms.katalon.core.webui.keyword.builtin.VerifyElementVisibleInViewportKeyword.verifyElementVisibleInViewport(VerifyElementVisibleInViewportKeyword.groovy:86)
	at com.kms.katalon.core.webui.keyword.builtin.VerifyElementVisibleInViewportKeyword.execute(VerifyElementVisibleInViewportKeyword.groovy:68)
	at com.kms.katalon.core.keyword.internal.KeywordExecutor.executeKeywordForPlatform(KeywordExecutor.groovy:72)
	at com.kms.katalon.core.webui.keyword.WebUiBuiltInKeywords.verifyElementInViewport(WebUiBuiltInKeywords.groovy:3039)
	at com.kms.katalon.core.webui.keyword.WebUiBuiltInKeywords$verifyElementInViewport$14.call(Unknown Source)
	at Drops color (1-30 scenes).run(Drops color (1-30 scenes):48)
	at com.kms.katalon.core.main.ScriptEngine.run(ScriptEngine.java:194)
	at com.kms.katalon.core.main.ScriptEngine.runScriptAsRawText(ScriptEngine.java:119)
	at com.kms.katalon.core.main.TestCaseExecutor.runScript(TestCaseExecutor.java:337)
	at com.kms.katalon.core.main.TestCaseExecutor.doExecute(TestCaseExecutor.java:328)
	at com.kms.katalon.core.main.TestCaseExecutor.processExecutionPhase(TestCaseExecutor.java:307)
	at com.kms.katalon.core.main.TestCaseExecutor.accessMainPhase(TestCaseExecutor.java:299)
	at com.kms.katalon.core.main.TestCaseExecutor.execute(TestCaseExecutor.java:233)
	at com.kms.katalon.core.main.TestSuiteExecutor.accessTestCaseMainPhase(TestSuiteExecutor.java:169)
	at com.kms.katalon.core.main.TestSuiteExecutor.accessTestSuiteMainPhase(TestSuiteExecutor.java:142)
	at com.kms.katalon.core.main.TestSuiteExecutor.execute(TestSuiteExecutor.java:91)
	at com.kms.katalon.core.main.TestCaseMain.startTestSuite(TestCaseMain.java:157)
	at com.kms.katalon.core.main.TestCaseMain$startTestSuite$0.call(Unknown Source)
	at TempTestSuite1581071026566.run(TempTestSuite1581071026566.groovy:36)
)

2020-02-07 12:27:55 - [MESSAGE][WARNING] - Timeout '0' is invalid. Using default page load timeout: '1'

2020-02-07 12:27:56 - [MESSAGE][INFO] - Unable to find the element located by 'By.xpath: //div[@class = 'current-slide active-slide']//div[@class='background-slide'][2]'. Please recheck the objects properties to make sure the desired element is located. 

2020-02-07 12:27:56 - [MESSAGE][FAILED] - Object 'Object Repository/Drop/Drops_as_objects/div_Drop_2' is not present (Root cause: com.kms.katalon.core.exception.StepFailedException: Object 'Object Repository/Drop/Drops_as_objects/div_Drop_2' is not present
	at com.kms.katalon.core.webui.keyword.internal.WebUIKeywordMain.stepFailed(WebUIKeywordMain.groovy:64)
	at com.kms.katalon.core.webui.keyword.builtin.VerifyElementVisibleInViewportKeyword$_verifyElementVisibleInViewport_closure1.doCall(VerifyElementVisibleInViewportKeyword.groovy:83)
	at com.kms.katalon.core.webui.keyword.builtin.VerifyElementVisibleInViewportKeyword$_verifyElementVisibleInViewport_closure1.call(VerifyElementVisibleInViewportKeyword.groovy)
	at com.kms.katalon.core.webui.keyword.internal.WebUIKeywordMain.runKeyword(WebUIKeywordMain.groovy:20)
	at com.kms.katalon.core.webui.keyword.builtin.VerifyElementVisibleInViewportKeyword.verifyElementVisibleInViewport(VerifyElementVisibleInViewportKeyword.groovy:86)
	at com.kms.katalon.core.webui.keyword.builtin.VerifyElementVisibleInViewportKeyword.execute(VerifyElementVisibleInViewportKeyword.groovy:68)
	at com.kms.katalon.core.keyword.internal.KeywordExecutor.executeKeywordForPlatform(KeywordExecutor.groovy:72)
	at com.kms.katalon.core.webui.keyword.WebUiBuiltInKeywords.verifyElementInViewport(WebUiBuiltInKeywords.groovy:3039)
	at com.kms.katalon.core.webui.keyword.WebUiBuiltInKeywords$verifyElementInViewport$14.call(Unknown Source)
	at Drops color (1-30 scenes).run(Drops color (1-30 scenes):48)
	at com.kms.katalon.core.main.ScriptEngine.run(ScriptEngine.java:194)
	at com.kms.katalon.core.main.ScriptEngine.runScriptAsRawText(ScriptEngine.java:119)
	at com.kms.katalon.core.main.TestCaseExecutor.runScript(TestCaseExecutor.java:337)
	at com.kms.katalon.core.main.TestCaseExecutor.doExecute(TestCaseExecutor.java:328)
	at com.kms.katalon.core.main.TestCaseExecutor.processExecutionPhase(TestCaseExecutor.java:307)
	at com.kms.katalon.core.main.TestCaseExecutor.accessMainPhase(TestCaseExecutor.java:299)
	at com.kms.katalon.core.main.TestCaseExecutor.execute(TestCaseExecutor.java:233)
	at com.kms.katalon.core.main.TestSuiteExecutor.accessTestCaseMainPhase(TestSuiteExecutor.java:169)
	at com.kms.katalon.core.main.TestSuiteExecutor.accessTestSuiteMainPhase(TestSuiteExecutor.java:142)
	at com.kms.katalon.core.main.TestSuiteExecutor.execute(TestSuiteExecutor.java:91)
	at com.kms.katalon.core.main.TestCaseMain.startTestSuite(TestCaseMain.java:157)
	at com.kms.katalon.core.main.TestCaseMain$startTestSuite$0.call(Unknown Source)
	at TempTestSuite1581071026566.run(TempTestSuite1581071026566.groovy:36)
)

2020-02-07 12:27:56 - [TEST_STEP][PASSED] - if (verifyElementPresent(findTestObject("Page_Reevio Video Maker/Editor_Scene_" + i), 0) == true): null

2020-02-07 12:27:56 - [MESSAGE][WARNING] - Timeout '0' is invalid. Using default page load timeout: '1'

2020-02-07 12:27:56 - [MESSAGE][PASSED] - Object 'Object Repository/Page_Reevio Video Maker/Editor_Scene_9' is present

2020-02-07 12:27:56 - [TEST_STEP][PASSED] - doubleClick(findTestObject("Page_Reevio Video Maker/Editor_Scene_" + i)): Object: 'Object Repository/Page_Reevio Video Maker/Editor_Scene_9' is double clicked on

2020-02-07 12:27:57 - [MESSAGE][PASSED] - Object: 'Object Repository/Page_Reevio Video Maker/Editor_Scene_9' is double clicked on

2020-02-07 12:27:57 - [TEST_STEP][PASSED] - if (verifyElementInViewport(findTestObject("Drop/Drops_as_objects/div_Drop_1"), 0)): null

2020-02-07 12:27:57 - [MESSAGE][WARNING] - Timeout '0' is invalid. Using default page load timeout: '1'

2020-02-07 12:27:57 - [MESSAGE][PASSED] - Object 'Object Repository/Drop/Drops_as_objects/div_Drop_1' is present and visible in viewport

2020-02-07 12:27:57 - [TEST_STEP][PASSED] - click(findTestObject("Drop/Drops_as_objects/div_Drop_1")): Object: 'Object Repository/Drop/Drops_as_objects/div_Drop_1' is clicked on

2020-02-07 12:27:57 - [MESSAGE][PASSED] - Object: 'Object Repository/Drop/Drops_as_objects/div_Drop_1' is clicked on

2020-02-07 12:27:57 - [TEST_STEP][PASSED] - click(findTestObject("Drop/input_RGB_drophex-color (Drop color)")): Object: 'Object Repository/Drop/input_RGB_drophex-color (Drop color)' is clicked on

2020-02-07 12:27:57 - [MESSAGE][PASSED] - Object: 'Object Repository/Drop/input_RGB_drophex-color (Drop color)' is clicked on

2020-02-07 12:27:57 - [TEST_STEP][PASSED] - clearText(findTestObject("Drop/input_RGB_drophex-color (Drop color)")): Text of object 'Object Repository/Drop/input_RGB_drophex-color (Drop color)' is cleared

2020-02-07 12:27:57 - [MESSAGE][PASSED] - Text of object 'Object Repository/Drop/input_RGB_drophex-color (Drop color)' is cleared

2020-02-07 12:27:57 - [TEST_STEP][PASSED] - Thread.sleep(50): null

2020-02-07 12:27:57 - [TEST_STEP][PASSED] - setText(findTestObject("Drop/input_RGB_drophex-color (Drop color)"), findTestData("vavowDate").getValue(3, 1)): Text '#007800' is set on object 'Object Repository/Drop/input_RGB_drophex-color (Drop color)'

2020-02-07 12:27:58 - [MESSAGE][PASSED] - Text '#007800' is set on object 'Object Repository/Drop/input_RGB_drophex-color (Drop color)'

2020-02-07 12:27:58 - [TEST_STEP][PASSED] - Thread.sleep(50): null

2020-02-07 12:27:58 - [TEST_STEP][PASSED] - click(findTestObject("Drop/button_Apply(drop_color)")): Object: 'Object Repository/Drop/button_Apply(drop_color)' is clicked on

2020-02-07 12:27:58 - [MESSAGE][PASSED] - Object: 'Object Repository/Drop/button_Apply(drop_color)' is clicked on

2020-02-07 12:27:58 - [TEST_STEP][PASSED] - Thread.sleep(50): null

2020-02-07 12:27:58 - [TEST_STEP][FAILED] - if (verifyElementInViewport(findTestObject("Drop/Drops_as_objects/div_Drop_2"), 0)): Object 'Object Repository/Drop/Drops_as_objects/div_Drop_2' is not present (Root cause: com.kms.katalon.core.exception.StepFailedException: Object 'Object Repository/Drop/Drops_as_objects/div_Drop_2' is not present
	at com.kms.katalon.core.webui.keyword.internal.WebUIKeywordMain.stepFailed(WebUIKeywordMain.groovy:64)
	at com.kms.katalon.core.webui.keyword.builtin.VerifyElementVisibleInViewportKeyword$_verifyElementVisibleInViewport_closure1.doCall(VerifyElementVisibleInViewportKeyword.groovy:83)
	at com.kms.katalon.core.webui.keyword.builtin.VerifyElementVisibleInViewportKeyword$_verifyElementVisibleInViewport_closure1.call(VerifyElementVisibleInViewportKeyword.groovy)
	at com.kms.katalon.core.webui.keyword.internal.WebUIKeywordMain.runKeyword(WebUIKeywordMain.groovy:20)
	at com.kms.katalon.core.webui.keyword.builtin.VerifyElementVisibleInViewportKeyword.verifyElementVisibleInViewport(VerifyElementVisibleInViewportKeyword.groovy:86)
	at com.kms.katalon.core.webui.keyword.builtin.VerifyElementVisibleInViewportKeyword.execute(VerifyElementVisibleInViewportKeyword.groovy:68)
	at com.kms.katalon.core.keyword.internal.KeywordExecutor.executeKeywordForPlatform(KeywordExecutor.groovy:72)
	at com.kms.katalon.core.webui.keyword.WebUiBuiltInKeywords.verifyElementInViewport(WebUiBuiltInKeywords.groovy:3039)
	at com.kms.katalon.core.webui.keyword.WebUiBuiltInKeywords$verifyElementInViewport$14.call(Unknown Source)
	at Drops color (1-30 scenes).run(Drops color (1-30 scenes):48)
	at com.kms.katalon.core.main.ScriptEngine.run(ScriptEngine.java:194)
	at com.kms.katalon.core.main.ScriptEngine.runScriptAsRawText(ScriptEngine.java:119)
	at com.kms.katalon.core.main.TestCaseExecutor.runScript(TestCaseExecutor.java:337)
	at com.kms.katalon.core.main.TestCaseExecutor.doExecute(TestCaseExecutor.java:328)
	at com.kms.katalon.core.main.TestCaseExecutor.processExecutionPhase(TestCaseExecutor.java:307)
	at com.kms.katalon.core.main.TestCaseExecutor.accessMainPhase(TestCaseExecutor.java:299)
	at com.kms.katalon.core.main.TestCaseExecutor.execute(TestCaseExecutor.java:233)
	at com.kms.katalon.core.main.TestSuiteExecutor.accessTestCaseMainPhase(TestSuiteExecutor.java:169)
	at com.kms.katalon.core.main.TestSuiteExecutor.accessTestSuiteMainPhase(TestSuiteExecutor.java:142)
	at com.kms.katalon.core.main.TestSuiteExecutor.execute(TestSuiteExecutor.java:91)
	at com.kms.katalon.core.main.TestCaseMain.startTestSuite(TestCaseMain.java:157)
	at com.kms.katalon.core.main.TestCaseMain$startTestSuite$0.call(Unknown Source)
	at TempTestSuite1581071026566.run(TempTestSuite1581071026566.groovy:36)
)

2020-02-07 12:27:58 - [MESSAGE][WARNING] - Timeout '0' is invalid. Using default page load timeout: '1'

2020-02-07 12:27:59 - [MESSAGE][INFO] - Unable to find the element located by 'By.xpath: //div[@class = 'current-slide active-slide']//div[@class='background-slide'][2]'. Please recheck the objects properties to make sure the desired element is located. 

2020-02-07 12:27:59 - [MESSAGE][FAILED] - Object 'Object Repository/Drop/Drops_as_objects/div_Drop_2' is not present (Root cause: com.kms.katalon.core.exception.StepFailedException: Object 'Object Repository/Drop/Drops_as_objects/div_Drop_2' is not present
	at com.kms.katalon.core.webui.keyword.internal.WebUIKeywordMain.stepFailed(WebUIKeywordMain.groovy:64)
	at com.kms.katalon.core.webui.keyword.builtin.VerifyElementVisibleInViewportKeyword$_verifyElementVisibleInViewport_closure1.doCall(VerifyElementVisibleInViewportKeyword.groovy:83)
	at com.kms.katalon.core.webui.keyword.builtin.VerifyElementVisibleInViewportKeyword$_verifyElementVisibleInViewport_closure1.call(VerifyElementVisibleInViewportKeyword.groovy)
	at com.kms.katalon.core.webui.keyword.internal.WebUIKeywordMain.runKeyword(WebUIKeywordMain.groovy:20)
	at com.kms.katalon.core.webui.keyword.builtin.VerifyElementVisibleInViewportKeyword.verifyElementVisibleInViewport(VerifyElementVisibleInViewportKeyword.groovy:86)
	at com.kms.katalon.core.webui.keyword.builtin.VerifyElementVisibleInViewportKeyword.execute(VerifyElementVisibleInViewportKeyword.groovy:68)
	at com.kms.katalon.core.keyword.internal.KeywordExecutor.executeKeywordForPlatform(KeywordExecutor.groovy:72)
	at com.kms.katalon.core.webui.keyword.WebUiBuiltInKeywords.verifyElementInViewport(WebUiBuiltInKeywords.groovy:3039)
	at com.kms.katalon.core.webui.keyword.WebUiBuiltInKeywords$verifyElementInViewport$14.call(Unknown Source)
	at Drops color (1-30 scenes).run(Drops color (1-30 scenes):48)
	at com.kms.katalon.core.main.ScriptEngine.run(ScriptEngine.java:194)
	at com.kms.katalon.core.main.ScriptEngine.runScriptAsRawText(ScriptEngine.java:119)
	at com.kms.katalon.core.main.TestCaseExecutor.runScript(TestCaseExecutor.java:337)
	at com.kms.katalon.core.main.TestCaseExecutor.doExecute(TestCaseExecutor.java:328)
	at com.kms.katalon.core.main.TestCaseExecutor.processExecutionPhase(TestCaseExecutor.java:307)
	at com.kms.katalon.core.main.TestCaseExecutor.accessMainPhase(TestCaseExecutor.java:299)
	at com.kms.katalon.core.main.TestCaseExecutor.execute(TestCaseExecutor.java:233)
	at com.kms.katalon.core.main.TestSuiteExecutor.accessTestCaseMainPhase(TestSuiteExecutor.java:169)
	at com.kms.katalon.core.main.TestSuiteExecutor.accessTestSuiteMainPhase(TestSuiteExecutor.java:142)
	at com.kms.katalon.core.main.TestSuiteExecutor.execute(TestSuiteExecutor.java:91)
	at com.kms.katalon.core.main.TestCaseMain.startTestSuite(TestCaseMain.java:157)
	at com.kms.katalon.core.main.TestCaseMain$startTestSuite$0.call(Unknown Source)
	at TempTestSuite1581071026566.run(TempTestSuite1581071026566.groovy:36)
)

2020-02-07 12:27:59 - [TEST_STEP][FAILED] - if (verifyElementPresent(findTestObject("Page_Reevio Video Maker/Editor_Scene_" + i), 0) == true): com.kms.katalon.core.webui.exception.WebElementNotFoundException: Web element with id: 'Object Repository/Page_Reevio Video Maker/Editor_Scene_10' located by 'By.xpath: //*[@id="bottom-slider-id"]/div[10]/figure' not found (Root cause: com.kms.katalon.core.exception.StepFailedException: com.kms.katalon.core.webui.exception.WebElementNotFoundException: Web element with id: 'Object Repository/Page_Reevio Video Maker/Editor_Scene_10' located by 'By.xpath: //*[@id="bottom-slider-id"]/div[10]/figure' not found
	at com.kms.katalon.core.webui.keyword.internal.WebUIKeywordMain.stepFailed(WebUIKeywordMain.groovy:64)
	at com.kms.katalon.core.webui.keyword.builtin.VerifyElementPresentKeyword$_verifyElementPresent_closure1.doCall(VerifyElementPresentKeyword.groovy:85)
	at com.kms.katalon.core.webui.keyword.builtin.VerifyElementPresentKeyword$_verifyElementPresent_closure1.call(VerifyElementPresentKeyword.groovy)
	at com.kms.katalon.core.webui.keyword.internal.WebUIKeywordMain.runKeyword(WebUIKeywordMain.groovy:20)
	at com.kms.katalon.core.webui.keyword.builtin.VerifyElementPresentKeyword.verifyElementPresent(VerifyElementPresentKeyword.groovy:92)
	at com.kms.katalon.core.webui.keyword.builtin.VerifyElementPresentKeyword.execute(VerifyElementPresentKeyword.groovy:68)
	at com.kms.katalon.core.keyword.internal.KeywordExecutor.executeKeywordForPlatform(KeywordExecutor.groovy:72)
	at com.kms.katalon.core.webui.keyword.WebUiBuiltInKeywords.verifyElementPresent(WebUiBuiltInKeywords.groovy:1434)
	at com.kms.katalon.core.webui.keyword.WebUiBuiltInKeywords$verifyElementPresent$6.call(Unknown Source)
	at Drops color (1-30 scenes).run(Drops color (1-30 scenes):26)
	at com.kms.katalon.core.main.ScriptEngine.run(ScriptEngine.java:194)
	at com.kms.katalon.core.main.ScriptEngine.runScriptAsRawText(ScriptEngine.java:119)
	at com.kms.katalon.core.main.TestCaseExecutor.runScript(TestCaseExecutor.java:337)
	at com.kms.katalon.core.main.TestCaseExecutor.doExecute(TestCaseExecutor.java:328)
	at com.kms.katalon.core.main.TestCaseExecutor.processExecutionPhase(TestCaseExecutor.java:307)
	at com.kms.katalon.core.main.TestCaseExecutor.accessMainPhase(TestCaseExecutor.java:299)
	at com.kms.katalon.core.main.TestCaseExecutor.execute(TestCaseExecutor.java:233)
	at com.kms.katalon.core.main.TestSuiteExecutor.accessTestCaseMainPhase(TestSuiteExecutor.java:169)
	at com.kms.katalon.core.main.TestSuiteExecutor.accessTestSuiteMainPhase(TestSuiteExecutor.java:142)
	at com.kms.katalon.core.main.TestSuiteExecutor.execute(TestSuiteExecutor.java:91)
	at com.kms.katalon.core.main.TestCaseMain.startTestSuite(TestCaseMain.java:157)
	at com.kms.katalon.core.main.TestCaseMain$startTestSuite$0.call(Unknown Source)
	at TempTestSuite1581071026566.run(TempTestSuite1581071026566.groovy:36)
)

2020-02-07 12:27:59 - [MESSAGE][WARNING] - Timeout '0' is invalid. Using default page load timeout: '1'

2020-02-07 12:28:00 - [MESSAGE][INFO] - Unable to find the element located by 'By.xpath: //*[@id="bottom-slider-id"]/div[10]/figure'. Please recheck the objects properties to make sure the desired element is located. 

2020-02-07 12:28:00 - [MESSAGE][FAILED] - com.kms.katalon.core.webui.exception.WebElementNotFoundException: Web element with id: 'Object Repository/Page_Reevio Video Maker/Editor_Scene_10' located by 'By.xpath: //*[@id="bottom-slider-id"]/div[10]/figure' not found (Root cause: com.kms.katalon.core.exception.StepFailedException: com.kms.katalon.core.webui.exception.WebElementNotFoundException: Web element with id: 'Object Repository/Page_Reevio Video Maker/Editor_Scene_10' located by 'By.xpath: //*[@id="bottom-slider-id"]/div[10]/figure' not found
	at com.kms.katalon.core.webui.keyword.internal.WebUIKeywordMain.stepFailed(WebUIKeywordMain.groovy:64)
	at com.kms.katalon.core.webui.keyword.builtin.VerifyElementPresentKeyword$_verifyElementPresent_closure1.doCall(VerifyElementPresentKeyword.groovy:85)
	at com.kms.katalon.core.webui.keyword.builtin.VerifyElementPresentKeyword$_verifyElementPresent_closure1.call(VerifyElementPresentKeyword.groovy)
	at com.kms.katalon.core.webui.keyword.internal.WebUIKeywordMain.runKeyword(WebUIKeywordMain.groovy:20)
	at com.kms.katalon.core.webui.keyword.builtin.VerifyElementPresentKeyword.verifyElementPresent(VerifyElementPresentKeyword.groovy:92)
	at com.kms.katalon.core.webui.keyword.builtin.VerifyElementPresentKeyword.execute(VerifyElementPresentKeyword.groovy:68)
	at com.kms.katalon.core.keyword.internal.KeywordExecutor.executeKeywordForPlatform(KeywordExecutor.groovy:72)
	at com.kms.katalon.core.webui.keyword.WebUiBuiltInKeywords.verifyElementPresent(WebUiBuiltInKeywords.groovy:1434)
	at com.kms.katalon.core.webui.keyword.WebUiBuiltInKeywords$verifyElementPresent$6.call(Unknown Source)
	at Drops color (1-30 scenes).run(Drops color (1-30 scenes):26)
	at com.kms.katalon.core.main.ScriptEngine.run(ScriptEngine.java:194)
	at com.kms.katalon.core.main.ScriptEngine.runScriptAsRawText(ScriptEngine.java:119)
	at com.kms.katalon.core.main.TestCaseExecutor.runScript(TestCaseExecutor.java:337)
	at com.kms.katalon.core.main.TestCaseExecutor.doExecute(TestCaseExecutor.java:328)
	at com.kms.katalon.core.main.TestCaseExecutor.processExecutionPhase(TestCaseExecutor.java:307)
	at com.kms.katalon.core.main.TestCaseExecutor.accessMainPhase(TestCaseExecutor.java:299)
	at com.kms.katalon.core.main.TestCaseExecutor.execute(TestCaseExecutor.java:233)
	at com.kms.katalon.core.main.TestSuiteExecutor.accessTestCaseMainPhase(TestSuiteExecutor.java:169)
	at com.kms.katalon.core.main.TestSuiteExecutor.accessTestSuiteMainPhase(TestSuiteExecutor.java:142)
	at com.kms.katalon.core.main.TestSuiteExecutor.execute(TestSuiteExecutor.java:91)
	at com.kms.katalon.core.main.TestCaseMain.startTestSuite(TestCaseMain.java:157)
	at com.kms.katalon.core.main.TestCaseMain$startTestSuite$0.call(Unknown Source)
	at TempTestSuite1581071026566.run(TempTestSuite1581071026566.groovy:36)
)

2020-02-07 12:28:00 - [TEST_STEP][PASSED] - else: null

2020-02-07 12:28:00 - [TEST_STEP][PASSED] - break: null

2020-02-07 12:28:00 - [TEST_STEP][PASSED] - doubleClick(findTestObject("Page_Reevio Video Maker/Editor_Scene_1")): Object: 'Object Repository/Page_Reevio Video Maker/Editor_Scene_1' is double clicked on

2020-02-07 12:28:00 - [MESSAGE][PASSED] - Object: 'Object Repository/Page_Reevio Video Maker/Editor_Scene_1' is double clicked on]]></system-out>
         <system-err><![CDATA[2020-02-07 12:27:33 - [TEST_CASE][FAILED] - Test Cases/Drops color (1-30 scenes): Test Cases/Drops color (1-30 scenes) FAILED.
Reason:
com.kms.katalon.core.exception.StepFailedException: Object 'Object Repository/Drop/Drops_as_objects/div_Drop_2' is not present (Root cause: com.kms.katalon.core.exception.StepFailedException: Object 'Object Repository/Drop/Drops_as_objects/div_Drop_2' is not present
	at com.kms.katalon.core.webui.keyword.internal.WebUIKeywordMain.stepFailed(WebUIKeywordMain.groovy:64)
	at com.kms.katalon.core.webui.keyword.builtin.VerifyElementVisibleInViewportKeyword$_verifyElementVisibleInViewport_closure1.doCall(VerifyElementVisibleInViewportKeyword.groovy:83)
	at com.kms.katalon.core.webui.keyword.builtin.VerifyElementVisibleInViewportKeyword$_verifyElementVisibleInViewport_closure1.call(VerifyElementVisibleInViewportKeyword.groovy)
	at com.kms.katalon.core.webui.keyword.internal.WebUIKeywordMain.runKeyword(WebUIKeywordMain.groovy:20)
	at com.kms.katalon.core.webui.keyword.builtin.VerifyElementVisibleInViewportKeyword.verifyElementVisibleInViewport(VerifyElementVisibleInViewportKeyword.groovy:86)
	at com.kms.katalon.core.webui.keyword.builtin.VerifyElementVisibleInViewportKeyword.execute(VerifyElementVisibleInViewportKeyword.groovy:68)
	at com.kms.katalon.core.keyword.internal.KeywordExecutor.executeKeywordForPlatform(KeywordExecutor.groovy:72)
	at com.kms.katalon.core.webui.keyword.WebUiBuiltInKeywords.verifyElementInViewport(WebUiBuiltInKeywords.groovy:3039)
	at com.kms.katalon.core.webui.keyword.WebUiBuiltInKeywords$verifyElementInViewport$14.call(Unknown Source)
	at Drops color (1-30 scenes).run(Drops color (1-30 scenes):48)
	at com.kms.katalon.core.main.ScriptEngine.run(ScriptEngine.java:194)
	at com.kms.katalon.core.main.ScriptEngine.runScriptAsRawText(ScriptEngine.java:119)
	at com.kms.katalon.core.main.TestCaseExecutor.runScript(TestCaseExecutor.java:337)
	at com.kms.katalon.core.main.TestCaseExecutor.doExecute(TestCaseExecutor.java:328)
	at com.kms.katalon.core.main.TestCaseExecutor.processExecutionPhase(TestCaseExecutor.java:307)
	at com.kms.katalon.core.main.TestCaseExecutor.accessMainPhase(TestCaseExecutor.java:299)
	at com.kms.katalon.core.main.TestCaseExecutor.execute(TestCaseExecutor.java:233)
	at com.kms.katalon.core.main.TestSuiteExecutor.accessTestCaseMainPhase(TestSuiteExecutor.java:169)
	at com.kms.katalon.core.main.TestSuiteExecutor.accessTestSuiteMainPhase(TestSuiteExecutor.java:142)
	at com.kms.katalon.core.main.TestSuiteExecutor.execute(TestSuiteExecutor.java:91)
	at com.kms.katalon.core.main.TestCaseMain.startTestSuite(TestCaseMain.java:157)
	at com.kms.katalon.core.main.TestCaseMain$startTestSuite$0.call(Unknown Source)
	at TempTestSuite1581071026566.run(TempTestSuite1581071026566.groovy:36)
)
	at com.kms.katalon.core.keyword.internal.KeywordMain.stepFailed(KeywordMain.groovy:39)
	at com.kms.katalon.core.webui.keyword.internal.WebUIKeywordMain.stepFailed(WebUIKeywordMain.groovy:64)
	at com.kms.katalon.core.webui.keyword.builtin.VerifyElementVisibleInViewportKeyword$_verifyElementVisibleInViewport_closure1.doCall(VerifyElementVisibleInViewportKeyword.groovy:83)
	at com.kms.katalon.core.webui.keyword.builtin.VerifyElementVisibleInViewportKeyword$_verifyElementVisibleInViewport_closure1.call(VerifyElementVisibleInViewportKeyword.groovy)
	at com.kms.katalon.core.webui.keyword.internal.WebUIKeywordMain.runKeyword(WebUIKeywordMain.groovy:20)
	at com.kms.katalon.core.webui.keyword.builtin.VerifyElementVisibleInViewportKeyword.verifyElementVisibleInViewport(VerifyElementVisibleInViewportKeyword.groovy:86)
	at com.kms.katalon.core.webui.keyword.builtin.VerifyElementVisibleInViewportKeyword.execute(VerifyElementVisibleInViewportKeyword.groovy:68)
	at com.kms.katalon.core.keyword.internal.KeywordExecutor.executeKeywordForPlatform(KeywordExecutor.groovy:72)
	at com.kms.katalon.core.webui.keyword.WebUiBuiltInKeywords.verifyElementInViewport(WebUiBuiltInKeywords.groovy:3039)
	at com.kms.katalon.core.webui.keyword.WebUiBuiltInKeywords$verifyElementInViewport$14.call(Unknown Source)
	at Drops color (1-30 scenes).run(Drops color (1-30 scenes):48)
	at com.kms.katalon.core.main.ScriptEngine.run(ScriptEngine.java:194)
	at com.kms.katalon.core.main.ScriptEngine.runScriptAsRawText(ScriptEngine.java:119)
	at com.kms.katalon.core.main.TestCaseExecutor.runScript(TestCaseExecutor.java:337)
	at com.kms.katalon.core.main.TestCaseExecutor.doExecute(TestCaseExecutor.java:328)
	at com.kms.katalon.core.main.TestCaseExecutor.processExecutionPhase(TestCaseExecutor.java:307)
	at com.kms.katalon.core.main.TestCaseExecutor.accessMainPhase(TestCaseExecutor.java:299)
	at com.kms.katalon.core.main.TestCaseExecutor.execute(TestCaseExecutor.java:233)
	at com.kms.katalon.core.main.TestSuiteExecutor.accessTestCaseMainPhase(TestSuiteExecutor.java:169)
	at com.kms.katalon.core.main.TestSuiteExecutor.accessTestSuiteMainPhase(TestSuiteExecutor.java:142)
	at com.kms.katalon.core.main.TestSuiteExecutor.execute(TestSuiteExecutor.java:91)
	at com.kms.katalon.core.main.TestCaseMain.startTestSuite(TestCaseMain.java:157)
	at com.kms.katalon.core.main.TestCaseMain$startTestSuite$0.call(Unknown Source)
	at TempTestSuite1581071026566.run(TempTestSuite1581071026566.groovy:36)
Caused by: com.kms.katalon.core.exception.StepFailedException: Object 'Object Repository/Drop/Drops_as_objects/div_Drop_2' is not present
	... 23 more]]></system-err>
      </testcase>
      <testcase name="Test Cases/clickSavebtn" time="1.464" classname="Test Cases/clickSavebtn" status="PASSED">
         <system-out><![CDATA[2020-02-07 12:28:00 - [TEST_CASE][PASSED] - Test Cases/clickSavebtn: Test Cases/clickSavebtn

2020-02-07 12:28:01 - [TEST_STEP][PASSED] - Savebtn = new com.kms.katalon.core.testobject.TestObject(data-target): null

2020-02-07 12:28:01 - [TEST_STEP][PASSED] - Savebtn.addProperty("xpath", EQUALS, "//button[@data-target = "#save-changes"]", true): null

2020-02-07 12:28:01 - [TEST_STEP][PASSED] - click(Savebtn): Object: 'data-target' is clicked on

2020-02-07 12:28:01 - [MESSAGE][PASSED] - Object: 'data-target' is clicked on

2020-02-07 12:28:01 - [TEST_STEP][PASSED] - delay(1): Delayed 1 second(s)

2020-02-07 12:28:02 - [MESSAGE][PASSED] - Delayed 1 second(s)]]></system-out>
         <system-err><![CDATA[]]></system-err>
      </testcase>
      <testcase name="Test Cases/Images adding/Background adding (Color 1-30cs) cycle" time="45.119" classname="Test Cases/Images adding/Background adding (Color 1-30cs) cycle" status="FAILED">
         <failure type="FAILED" message="Test Cases/Images adding/Background adding (Color 1-30cs) cycle FAILED.
Reason:
com.kms.katalon.core.exception.StepFailedException: Object 'Object Repository/Page_Login/logoPlaceholder1' is not present (Root cause: com.kms.katalon.core.exception.StepFailedException: Object 'Object Repository/Page_Login/logoPlaceholder1' is not present
	at com.kms.katalon.core.webui.keyword.internal.WebUIKeywordMain.stepFailed(WebUIKeywordMain.groovy:64)
	at com.kms.katalon.core.webui.keyword.builtin.VerifyElementVisibleInViewportKeyword$_verifyElementVisibleInViewport_closure1.doCall(VerifyElementVisibleInViewportKeyword.groovy:83)
	at com.kms.katalon.core.webui.keyword.builtin.VerifyElementVisibleInViewportKeyword$_verifyElementVisibleInViewport_closure1.call(VerifyElementVisibleInViewportKeyword.groovy)
	at com.kms.katalon.core.webui.keyword.internal.WebUIKeywordMain.runKeyword(WebUIKeywordMain.groovy:20)
	at com.kms.katalon.core.webui.keyword.builtin.VerifyElementVisibleInViewportKeyword.verifyElementVisibleInViewport(VerifyElementVisibleInViewportKeyword.groovy:86)
	at com.kms.katalon.core.webui.keyword.builtin.VerifyElementVisibleInViewportKeyword.execute(VerifyElementVisibleInViewportKeyword.groovy:68)
	at com.kms.katalon.core.keyword.internal.KeywordExecutor.executeKeywordForPlatform(KeywordExecutor.groovy:72)
	at com.kms.katalon.core.webui.keyword.WebUiBuiltInKeywords.verifyElementInViewport(WebUiBuiltInKeywords.groovy:3039)
	at com.kms.katalon.core.webui.keyword.WebUiBuiltInKeywords$verifyElementInViewport$14.call(Unknown Source)
	at Background adding (Color 1-30cs) cycle.run(Background adding (Color 1-30cs) cycle:38)
	at com.kms.katalon.core.main.ScriptEngine.run(ScriptEngine.java:194)
	at com.kms.katalon.core.main.ScriptEngine.runScriptAsRawText(ScriptEngine.java:119)
	at com.kms.katalon.core.main.TestCaseExecutor.runScript(TestCaseExecutor.java:337)
	at com.kms.katalon.core.main.TestCaseExecutor.doExecute(TestCaseExecutor.java:328)
	at com.kms.katalon.core.main.TestCaseExecutor.processExecutionPhase(TestCaseExecutor.java:307)
	at com.kms.katalon.core.main.TestCaseExecutor.accessMainPhase(TestCaseExecutor.java:299)
	at com.kms.katalon.core.main.TestCaseExecutor.execute(TestCaseExecutor.java:233)
	at com.kms.katalon.core.main.TestSuiteExecutor.accessTestCaseMainPhase(TestSuiteExecutor.java:169)
	at com.kms.katalon.core.main.TestSuiteExecutor.accessTestSuiteMainPhase(TestSuiteExecutor.java:142)
	at com.kms.katalon.core.main.TestSuiteExecutor.execute(TestSuiteExecutor.java:91)
	at com.kms.katalon.core.main.TestCaseMain.startTestSuite(TestCaseMain.java:157)
	at com.kms.katalon.core.main.TestCaseMain$startTestSuite$0.call(Unknown Source)
	at TempTestSuite1581071026566.run(TempTestSuite1581071026566.groovy:36)
)
	at com.kms.katalon.core.keyword.internal.KeywordMain.stepFailed(KeywordMain.groovy:39)
	at com.kms.katalon.core.webui.keyword.internal.WebUIKeywordMain.stepFailed(WebUIKeywordMain.groovy:64)
	at com.kms.katalon.core.webui.keyword.builtin.VerifyElementVisibleInViewportKeyword$_verifyElementVisibleInViewport_closure1.doCall(VerifyElementVisibleInViewportKeyword.groovy:83)
	at com.kms.katalon.core.webui.keyword.builtin.VerifyElementVisibleInViewportKeyword$_verifyElementVisibleInViewport_closure1.call(VerifyElementVisibleInViewportKeyword.groovy)
	at com.kms.katalon.core.webui.keyword.internal.WebUIKeywordMain.runKeyword(WebUIKeywordMain.groovy:20)
	at com.kms.katalon.core.webui.keyword.builtin.VerifyElementVisibleInViewportKeyword.verifyElementVisibleInViewport(VerifyElementVisibleInViewportKeyword.groovy:86)
	at com.kms.katalon.core.webui.keyword.builtin.VerifyElementVisibleInViewportKeyword.execute(VerifyElementVisibleInViewportKeyword.groovy:68)
	at com.kms.katalon.core.keyword.internal.KeywordExecutor.executeKeywordForPlatform(KeywordExecutor.groovy:72)
	at com.kms.katalon.core.webui.keyword.WebUiBuiltInKeywords.verifyElementInViewport(WebUiBuiltInKeywords.groovy:3039)
	at com.kms.katalon.core.webui.keyword.WebUiBuiltInKeywords$verifyElementInViewport$14.call(Unknown Source)
	at Background adding (Color 1-30cs) cycle.run(Background adding (Color 1-30cs) cycle:38)
	at com.kms.katalon.core.main.ScriptEngine.run(ScriptEngine.java:194)
	at com.kms.katalon.core.main.ScriptEngine.runScriptAsRawText(ScriptEngine.java:119)
	at com.kms.katalon.core.main.TestCaseExecutor.runScript(TestCaseExecutor.java:337)
	at com.kms.katalon.core.main.TestCaseExecutor.doExecute(TestCaseExecutor.java:328)
	at com.kms.katalon.core.main.TestCaseExecutor.processExecutionPhase(TestCaseExecutor.java:307)
	at com.kms.katalon.core.main.TestCaseExecutor.accessMainPhase(TestCaseExecutor.java:299)
	at com.kms.katalon.core.main.TestCaseExecutor.execute(TestCaseExecutor.java:233)
	at com.kms.katalon.core.main.TestSuiteExecutor.accessTestCaseMainPhase(TestSuiteExecutor.java:169)
	at com.kms.katalon.core.main.TestSuiteExecutor.accessTestSuiteMainPhase(TestSuiteExecutor.java:142)
	at com.kms.katalon.core.main.TestSuiteExecutor.execute(TestSuiteExecutor.java:91)
	at com.kms.katalon.core.main.TestCaseMain.startTestSuite(TestCaseMain.java:157)
	at com.kms.katalon.core.main.TestCaseMain$startTestSuite$0.call(Unknown Source)
	at TempTestSuite1581071026566.run(TempTestSuite1581071026566.groovy:36)
Caused by: com.kms.katalon.core.exception.StepFailedException: Object 'Object Repository/Page_Login/logoPlaceholder1' is not present
	... 23 more
"/>
         <system-out><![CDATA[2020-02-07 12:28:02 - [TEST_CASE][FAILED] - Test Cases/Images adding/Background adding (Color 1-30cs) cycle: Test Cases/Images adding/Background adding (Color 1-30cs) cycle FAILED.
Reason:
com.kms.katalon.core.exception.StepFailedException: Object 'Object Repository/Page_Login/logoPlaceholder1' is not present (Root cause: com.kms.katalon.core.exception.StepFailedException: Object 'Object Repository/Page_Login/logoPlaceholder1' is not present
	at com.kms.katalon.core.webui.keyword.internal.WebUIKeywordMain.stepFailed(WebUIKeywordMain.groovy:64)
	at com.kms.katalon.core.webui.keyword.builtin.VerifyElementVisibleInViewportKeyword$_verifyElementVisibleInViewport_closure1.doCall(VerifyElementVisibleInViewportKeyword.groovy:83)
	at com.kms.katalon.core.webui.keyword.builtin.VerifyElementVisibleInViewportKeyword$_verifyElementVisibleInViewport_closure1.call(VerifyElementVisibleInViewportKeyword.groovy)
	at com.kms.katalon.core.webui.keyword.internal.WebUIKeywordMain.runKeyword(WebUIKeywordMain.groovy:20)
	at com.kms.katalon.core.webui.keyword.builtin.VerifyElementVisibleInViewportKeyword.verifyElementVisibleInViewport(VerifyElementVisibleInViewportKeyword.groovy:86)
	at com.kms.katalon.core.webui.keyword.builtin.VerifyElementVisibleInViewportKeyword.execute(VerifyElementVisibleInViewportKeyword.groovy:68)
	at com.kms.katalon.core.keyword.internal.KeywordExecutor.executeKeywordForPlatform(KeywordExecutor.groovy:72)
	at com.kms.katalon.core.webui.keyword.WebUiBuiltInKeywords.verifyElementInViewport(WebUiBuiltInKeywords.groovy:3039)
	at com.kms.katalon.core.webui.keyword.WebUiBuiltInKeywords$verifyElementInViewport$14.call(Unknown Source)
	at Background adding (Color 1-30cs) cycle.run(Background adding (Color 1-30cs) cycle:38)
	at com.kms.katalon.core.main.ScriptEngine.run(ScriptEngine.java:194)
	at com.kms.katalon.core.main.ScriptEngine.runScriptAsRawText(ScriptEngine.java:119)
	at com.kms.katalon.core.main.TestCaseExecutor.runScript(TestCaseExecutor.java:337)
	at com.kms.katalon.core.main.TestCaseExecutor.doExecute(TestCaseExecutor.java:328)
	at com.kms.katalon.core.main.TestCaseExecutor.processExecutionPhase(TestCaseExecutor.java:307)
	at com.kms.katalon.core.main.TestCaseExecutor.accessMainPhase(TestCaseExecutor.java:299)
	at com.kms.katalon.core.main.TestCaseExecutor.execute(TestCaseExecutor.java:233)
	at com.kms.katalon.core.main.TestSuiteExecutor.accessTestCaseMainPhase(TestSuiteExecutor.java:169)
	at com.kms.katalon.core.main.TestSuiteExecutor.accessTestSuiteMainPhase(TestSuiteExecutor.java:142)
	at com.kms.katalon.core.main.TestSuiteExecutor.execute(TestSuiteExecutor.java:91)
	at com.kms.katalon.core.main.TestCaseMain.startTestSuite(TestCaseMain.java:157)
	at com.kms.katalon.core.main.TestCaseMain$startTestSuite$0.call(Unknown Source)
	at TempTestSuite1581071026566.run(TempTestSuite1581071026566.groovy:36)
)
	at com.kms.katalon.core.keyword.internal.KeywordMain.stepFailed(KeywordMain.groovy:39)
	at com.kms.katalon.core.webui.keyword.internal.WebUIKeywordMain.stepFailed(WebUIKeywordMain.groovy:64)
	at com.kms.katalon.core.webui.keyword.builtin.VerifyElementVisibleInViewportKeyword$_verifyElementVisibleInViewport_closure1.doCall(VerifyElementVisibleInViewportKeyword.groovy:83)
	at com.kms.katalon.core.webui.keyword.builtin.VerifyElementVisibleInViewportKeyword$_verifyElementVisibleInViewport_closure1.call(VerifyElementVisibleInViewportKeyword.groovy)
	at com.kms.katalon.core.webui.keyword.internal.WebUIKeywordMain.runKeyword(WebUIKeywordMain.groovy:20)
	at com.kms.katalon.core.webui.keyword.builtin.VerifyElementVisibleInViewportKeyword.verifyElementVisibleInViewport(VerifyElementVisibleInViewportKeyword.groovy:86)
	at com.kms.katalon.core.webui.keyword.builtin.VerifyElementVisibleInViewportKeyword.execute(VerifyElementVisibleInViewportKeyword.groovy:68)
	at com.kms.katalon.core.keyword.internal.KeywordExecutor.executeKeywordForPlatform(KeywordExecutor.groovy:72)
	at com.kms.katalon.core.webui.keyword.WebUiBuiltInKeywords.verifyElementInViewport(WebUiBuiltInKeywords.groovy:3039)
	at com.kms.katalon.core.webui.keyword.WebUiBuiltInKeywords$verifyElementInViewport$14.call(Unknown Source)
	at Background adding (Color 1-30cs) cycle.run(Background adding (Color 1-30cs) cycle:38)
	at com.kms.katalon.core.main.ScriptEngine.run(ScriptEngine.java:194)
	at com.kms.katalon.core.main.ScriptEngine.runScriptAsRawText(ScriptEngine.java:119)
	at com.kms.katalon.core.main.TestCaseExecutor.runScript(TestCaseExecutor.java:337)
	at com.kms.katalon.core.main.TestCaseExecutor.doExecute(TestCaseExecutor.java:328)
	at com.kms.katalon.core.main.TestCaseExecutor.processExecutionPhase(TestCaseExecutor.java:307)
	at com.kms.katalon.core.main.TestCaseExecutor.accessMainPhase(TestCaseExecutor.java:299)
	at com.kms.katalon.core.main.TestCaseExecutor.execute(TestCaseExecutor.java:233)
	at com.kms.katalon.core.main.TestSuiteExecutor.accessTestCaseMainPhase(TestSuiteExecutor.java:169)
	at com.kms.katalon.core.main.TestSuiteExecutor.accessTestSuiteMainPhase(TestSuiteExecutor.java:142)
	at com.kms.katalon.core.main.TestSuiteExecutor.execute(TestSuiteExecutor.java:91)
	at com.kms.katalon.core.main.TestCaseMain.startTestSuite(TestCaseMain.java:157)
	at com.kms.katalon.core.main.TestCaseMain$startTestSuite$0.call(Unknown Source)
	at TempTestSuite1581071026566.run(TempTestSuite1581071026566.groovy:36)
Caused by: com.kms.katalon.core.exception.StepFailedException: Object 'Object Repository/Page_Login/logoPlaceholder1' is not present
	... 23 more


2020-02-07 12:28:02 - [TEST_STEP][PASSED] - click(findTestObject("Page_Reevio Video Maker/Editor_Scene_1")): Object: 'Object Repository/Page_Reevio Video Maker/Editor_Scene_1' is clicked on

2020-02-07 12:28:02 - [MESSAGE][PASSED] - Object: 'Object Repository/Page_Reevio Video Maker/Editor_Scene_1' is clicked on

2020-02-07 12:28:02 - [TEST_STEP][PASSED] - delay(1): Delayed 1 second(s)

2020-02-07 12:28:03 - [MESSAGE][PASSED] - Delayed 1 second(s)

2020-02-07 12:28:03 - [TEST_STEP][PASSED] - sceneCore = "Page_Reevio Video Maker/Editor_Scene_": null

2020-02-07 12:28:03 - [TEST_STEP][FAILED] - for ([i = 1, i < 31, (i++)]): null

2020-02-07 12:28:03 - [TEST_STEP][PASSED] - if (verifyElementPresent(findTestObject(sceneCore + i), 1) == true): null

2020-02-07 12:28:03 - [MESSAGE][PASSED] - Object 'Object Repository/Page_Reevio Video Maker/Editor_Scene_1' is present

2020-02-07 12:28:03 - [TEST_STEP][PASSED] - doubleClick(findTestObject(sceneCore + i)): Object: 'Object Repository/Page_Reevio Video Maker/Editor_Scene_1' is double clicked on

2020-02-07 12:28:04 - [MESSAGE][PASSED] - Object: 'Object Repository/Page_Reevio Video Maker/Editor_Scene_1' is double clicked on

2020-02-07 12:28:04 - [TEST_STEP][PASSED] - click(findTestObject("Add video in placeholers/Video_img backgrounds/div_Background_Color")): Object: 'Object Repository/Add video in placeholers/Video_img backgrounds/div_Background_Color' is clicked on

2020-02-07 12:28:04 - [MESSAGE][PASSED] - Object: 'Object Repository/Add video in placeholers/Video_img backgrounds/div_Background_Color' is clicked on

2020-02-07 12:28:04 - [TEST_STEP][PASSED] - clearText(findTestObject("Add video in placeholers/Video_img repository (videos, imgs and buttons)/change color/input_RGB_hex-color")): Text of object 'Object Repository/Add video in placeholers/Video_img repository (videos, imgs and buttons)/change color/input_RGB_hex-color' is cleared

2020-02-07 12:28:04 - [MESSAGE][PASSED] - Text of object 'Object Repository/Add video in placeholers/Video_img repository (videos, imgs and buttons)/change color/input_RGB_hex-color' is cleared

2020-02-07 12:28:04 - [TEST_STEP][PASSED] - setText(findTestObject("Object Repository/Add video in placeholers/Video_img repository (videos, imgs and buttons)/change color/input_RGB_hex-color"), findTestData("vavowDate").getValue(6, 1)): Text '#123456' is set on object 'Object Repository/Add video in placeholers/Video_img repository (videos, imgs and buttons)/change color/input_RGB_hex-color'

2020-02-07 12:28:04 - [MESSAGE][PASSED] - Text '#123456' is set on object 'Object Repository/Add video in placeholers/Video_img repository (videos, imgs and buttons)/change color/input_RGB_hex-color'

2020-02-07 12:28:04 - [TEST_STEP][PASSED] - click(findTestObject("Object Repository/Add video in placeholers/Video_img repository (videos, imgs and buttons)/change color/button_Apply")): Object: 'Object Repository/Add video in placeholers/Video_img repository (videos, imgs and buttons)/change color/button_Apply' is clicked on

2020-02-07 12:28:05 - [MESSAGE][PASSED] - Object: 'Object Repository/Add video in placeholers/Video_img repository (videos, imgs and buttons)/change color/button_Apply' is clicked on

2020-02-07 12:28:05 - [TEST_STEP][PASSED] - if (verifyElementPresent(findTestObject("Page_Reevio Video Maker/Editor_Scene_" + i), 0) == true): null

2020-02-07 12:28:05 - [MESSAGE][WARNING] - Timeout '0' is invalid. Using default page load timeout: '1'

2020-02-07 12:28:05 - [MESSAGE][PASSED] - Object 'Object Repository/Page_Reevio Video Maker/Editor_Scene_1' is present

2020-02-07 12:28:05 - [TEST_STEP][PASSED] - doubleClick(findTestObject("Page_Reevio Video Maker/Editor_Scene_" + i)): Object: 'Object Repository/Page_Reevio Video Maker/Editor_Scene_1' is double clicked on

2020-02-07 12:28:05 - [MESSAGE][PASSED] - Object: 'Object Repository/Page_Reevio Video Maker/Editor_Scene_1' is double clicked on

2020-02-07 12:28:05 - [TEST_STEP][FAILED] - if (verifyElementInViewport(findTestObject("Object Repository/Page_Login/logoPlaceholder1"), 0)): Object 'Object Repository/Page_Login/logoPlaceholder1' is not present (Root cause: com.kms.katalon.core.exception.StepFailedException: Object 'Object Repository/Page_Login/logoPlaceholder1' is not present
	at com.kms.katalon.core.webui.keyword.internal.WebUIKeywordMain.stepFailed(WebUIKeywordMain.groovy:64)
	at com.kms.katalon.core.webui.keyword.builtin.VerifyElementVisibleInViewportKeyword$_verifyElementVisibleInViewport_closure1.doCall(VerifyElementVisibleInViewportKeyword.groovy:83)
	at com.kms.katalon.core.webui.keyword.builtin.VerifyElementVisibleInViewportKeyword$_verifyElementVisibleInViewport_closure1.call(VerifyElementVisibleInViewportKeyword.groovy)
	at com.kms.katalon.core.webui.keyword.internal.WebUIKeywordMain.runKeyword(WebUIKeywordMain.groovy:20)
	at com.kms.katalon.core.webui.keyword.builtin.VerifyElementVisibleInViewportKeyword.verifyElementVisibleInViewport(VerifyElementVisibleInViewportKeyword.groovy:86)
	at com.kms.katalon.core.webui.keyword.builtin.VerifyElementVisibleInViewportKeyword.execute(VerifyElementVisibleInViewportKeyword.groovy:68)
	at com.kms.katalon.core.keyword.internal.KeywordExecutor.executeKeywordForPlatform(KeywordExecutor.groovy:72)
	at com.kms.katalon.core.webui.keyword.WebUiBuiltInKeywords.verifyElementInViewport(WebUiBuiltInKeywords.groovy:3039)
	at com.kms.katalon.core.webui.keyword.WebUiBuiltInKeywords$verifyElementInViewport$14.call(Unknown Source)
	at Background adding (Color 1-30cs) cycle.run(Background adding (Color 1-30cs) cycle:38)
	at com.kms.katalon.core.main.ScriptEngine.run(ScriptEngine.java:194)
	at com.kms.katalon.core.main.ScriptEngine.runScriptAsRawText(ScriptEngine.java:119)
	at com.kms.katalon.core.main.TestCaseExecutor.runScript(TestCaseExecutor.java:337)
	at com.kms.katalon.core.main.TestCaseExecutor.doExecute(TestCaseExecutor.java:328)
	at com.kms.katalon.core.main.TestCaseExecutor.processExecutionPhase(TestCaseExecutor.java:307)
	at com.kms.katalon.core.main.TestCaseExecutor.accessMainPhase(TestCaseExecutor.java:299)
	at com.kms.katalon.core.main.TestCaseExecutor.execute(TestCaseExecutor.java:233)
	at com.kms.katalon.core.main.TestSuiteExecutor.accessTestCaseMainPhase(TestSuiteExecutor.java:169)
	at com.kms.katalon.core.main.TestSuiteExecutor.accessTestSuiteMainPhase(TestSuiteExecutor.java:142)
	at com.kms.katalon.core.main.TestSuiteExecutor.execute(TestSuiteExecutor.java:91)
	at com.kms.katalon.core.main.TestCaseMain.startTestSuite(TestCaseMain.java:157)
	at com.kms.katalon.core.main.TestCaseMain$startTestSuite$0.call(Unknown Source)
	at TempTestSuite1581071026566.run(TempTestSuite1581071026566.groovy:36)
)

2020-02-07 12:28:05 - [MESSAGE][WARNING] - Timeout '0' is invalid. Using default page load timeout: '1'

2020-02-07 12:28:06 - [MESSAGE][INFO] - Unable to find the element located by 'By.xpath: //div[@class = 'current-slide active-slide']//div[@class="uploded-pic frame ui-droppable"]'. Please recheck the objects properties to make sure the desired element is located. 

2020-02-07 12:28:06 - [MESSAGE][FAILED] - Object 'Object Repository/Page_Login/logoPlaceholder1' is not present (Root cause: com.kms.katalon.core.exception.StepFailedException: Object 'Object Repository/Page_Login/logoPlaceholder1' is not present
	at com.kms.katalon.core.webui.keyword.internal.WebUIKeywordMain.stepFailed(WebUIKeywordMain.groovy:64)
	at com.kms.katalon.core.webui.keyword.builtin.VerifyElementVisibleInViewportKeyword$_verifyElementVisibleInViewport_closure1.doCall(VerifyElementVisibleInViewportKeyword.groovy:83)
	at com.kms.katalon.core.webui.keyword.builtin.VerifyElementVisibleInViewportKeyword$_verifyElementVisibleInViewport_closure1.call(VerifyElementVisibleInViewportKeyword.groovy)
	at com.kms.katalon.core.webui.keyword.internal.WebUIKeywordMain.runKeyword(WebUIKeywordMain.groovy:20)
	at com.kms.katalon.core.webui.keyword.builtin.VerifyElementVisibleInViewportKeyword.verifyElementVisibleInViewport(VerifyElementVisibleInViewportKeyword.groovy:86)
	at com.kms.katalon.core.webui.keyword.builtin.VerifyElementVisibleInViewportKeyword.execute(VerifyElementVisibleInViewportKeyword.groovy:68)
	at com.kms.katalon.core.keyword.internal.KeywordExecutor.executeKeywordForPlatform(KeywordExecutor.groovy:72)
	at com.kms.katalon.core.webui.keyword.WebUiBuiltInKeywords.verifyElementInViewport(WebUiBuiltInKeywords.groovy:3039)
	at com.kms.katalon.core.webui.keyword.WebUiBuiltInKeywords$verifyElementInViewport$14.call(Unknown Source)
	at Background adding (Color 1-30cs) cycle.run(Background adding (Color 1-30cs) cycle:38)
	at com.kms.katalon.core.main.ScriptEngine.run(ScriptEngine.java:194)
	at com.kms.katalon.core.main.ScriptEngine.runScriptAsRawText(ScriptEngine.java:119)
	at com.kms.katalon.core.main.TestCaseExecutor.runScript(TestCaseExecutor.java:337)
	at com.kms.katalon.core.main.TestCaseExecutor.doExecute(TestCaseExecutor.java:328)
	at com.kms.katalon.core.main.TestCaseExecutor.processExecutionPhase(TestCaseExecutor.java:307)
	at com.kms.katalon.core.main.TestCaseExecutor.accessMainPhase(TestCaseExecutor.java:299)
	at com.kms.katalon.core.main.TestCaseExecutor.execute(TestCaseExecutor.java:233)
	at com.kms.katalon.core.main.TestSuiteExecutor.accessTestCaseMainPhase(TestSuiteExecutor.java:169)
	at com.kms.katalon.core.main.TestSuiteExecutor.accessTestSuiteMainPhase(TestSuiteExecutor.java:142)
	at com.kms.katalon.core.main.TestSuiteExecutor.execute(TestSuiteExecutor.java:91)
	at com.kms.katalon.core.main.TestCaseMain.startTestSuite(TestCaseMain.java:157)
	at com.kms.katalon.core.main.TestCaseMain$startTestSuite$0.call(Unknown Source)
	at TempTestSuite1581071026566.run(TempTestSuite1581071026566.groovy:36)
)

2020-02-07 12:28:06 - [TEST_STEP][PASSED] - Thread.sleep(500): null

2020-02-07 12:28:07 - [TEST_STEP][PASSED] - if (verifyElementPresent(findTestObject(sceneCore + i), 1) == true): null

2020-02-07 12:28:07 - [MESSAGE][PASSED] - Object 'Object Repository/Page_Reevio Video Maker/Editor_Scene_2' is present

2020-02-07 12:28:07 - [TEST_STEP][PASSED] - doubleClick(findTestObject(sceneCore + i)): Object: 'Object Repository/Page_Reevio Video Maker/Editor_Scene_2' is double clicked on

2020-02-07 12:28:07 - [MESSAGE][PASSED] - Object: 'Object Repository/Page_Reevio Video Maker/Editor_Scene_2' is double clicked on

2020-02-07 12:28:07 - [TEST_STEP][PASSED] - click(findTestObject("Add video in placeholers/Video_img backgrounds/div_Background_Color")): Object: 'Object Repository/Add video in placeholers/Video_img backgrounds/div_Background_Color' is clicked on

2020-02-07 12:28:07 - [MESSAGE][PASSED] - Object: 'Object Repository/Add video in placeholers/Video_img backgrounds/div_Background_Color' is clicked on

2020-02-07 12:28:07 - [TEST_STEP][PASSED] - clearText(findTestObject("Add video in placeholers/Video_img repository (videos, imgs and buttons)/change color/input_RGB_hex-color")): Text of object 'Object Repository/Add video in placeholers/Video_img repository (videos, imgs and buttons)/change color/input_RGB_hex-color' is cleared

2020-02-07 12:28:07 - [MESSAGE][PASSED] - Text of object 'Object Repository/Add video in placeholers/Video_img repository (videos, imgs and buttons)/change color/input_RGB_hex-color' is cleared

2020-02-07 12:28:07 - [TEST_STEP][PASSED] - setText(findTestObject("Object Repository/Add video in placeholers/Video_img repository (videos, imgs and buttons)/change color/input_RGB_hex-color"), findTestData("vavowDate").getValue(6, 1)): Text '#123456' is set on object 'Object Repository/Add video in placeholers/Video_img repository (videos, imgs and buttons)/change color/input_RGB_hex-color'

2020-02-07 12:28:08 - [MESSAGE][PASSED] - Text '#123456' is set on object 'Object Repository/Add video in placeholers/Video_img repository (videos, imgs and buttons)/change color/input_RGB_hex-color'

2020-02-07 12:28:08 - [TEST_STEP][PASSED] - click(findTestObject("Object Repository/Add video in placeholers/Video_img repository (videos, imgs and buttons)/change color/button_Apply")): Object: 'Object Repository/Add video in placeholers/Video_img repository (videos, imgs and buttons)/change color/button_Apply' is clicked on

2020-02-07 12:28:08 - [MESSAGE][PASSED] - Object: 'Object Repository/Add video in placeholers/Video_img repository (videos, imgs and buttons)/change color/button_Apply' is clicked on

2020-02-07 12:28:08 - [TEST_STEP][PASSED] - if (verifyElementPresent(findTestObject("Page_Reevio Video Maker/Editor_Scene_" + i), 0) == true): null

2020-02-07 12:28:08 - [MESSAGE][WARNING] - Timeout '0' is invalid. Using default page load timeout: '1'

2020-02-07 12:28:08 - [MESSAGE][PASSED] - Object 'Object Repository/Page_Reevio Video Maker/Editor_Scene_2' is present

2020-02-07 12:28:08 - [TEST_STEP][PASSED] - doubleClick(findTestObject("Page_Reevio Video Maker/Editor_Scene_" + i)): Object: 'Object Repository/Page_Reevio Video Maker/Editor_Scene_2' is double clicked on

2020-02-07 12:28:08 - [MESSAGE][PASSED] - Object: 'Object Repository/Page_Reevio Video Maker/Editor_Scene_2' is double clicked on

2020-02-07 12:28:08 - [TEST_STEP][FAILED] - if (verifyElementInViewport(findTestObject("Object Repository/Page_Login/logoPlaceholder1"), 0)): Object 'Object Repository/Page_Login/logoPlaceholder1' is not present (Root cause: com.kms.katalon.core.exception.StepFailedException: Object 'Object Repository/Page_Login/logoPlaceholder1' is not present
	at com.kms.katalon.core.webui.keyword.internal.WebUIKeywordMain.stepFailed(WebUIKeywordMain.groovy:64)
	at com.kms.katalon.core.webui.keyword.builtin.VerifyElementVisibleInViewportKeyword$_verifyElementVisibleInViewport_closure1.doCall(VerifyElementVisibleInViewportKeyword.groovy:83)
	at com.kms.katalon.core.webui.keyword.builtin.VerifyElementVisibleInViewportKeyword$_verifyElementVisibleInViewport_closure1.call(VerifyElementVisibleInViewportKeyword.groovy)
	at com.kms.katalon.core.webui.keyword.internal.WebUIKeywordMain.runKeyword(WebUIKeywordMain.groovy:20)
	at com.kms.katalon.core.webui.keyword.builtin.VerifyElementVisibleInViewportKeyword.verifyElementVisibleInViewport(VerifyElementVisibleInViewportKeyword.groovy:86)
	at com.kms.katalon.core.webui.keyword.builtin.VerifyElementVisibleInViewportKeyword.execute(VerifyElementVisibleInViewportKeyword.groovy:68)
	at com.kms.katalon.core.keyword.internal.KeywordExecutor.executeKeywordForPlatform(KeywordExecutor.groovy:72)
	at com.kms.katalon.core.webui.keyword.WebUiBuiltInKeywords.verifyElementInViewport(WebUiBuiltInKeywords.groovy:3039)
	at com.kms.katalon.core.webui.keyword.WebUiBuiltInKeywords$verifyElementInViewport$14.call(Unknown Source)
	at Background adding (Color 1-30cs) cycle.run(Background adding (Color 1-30cs) cycle:38)
	at com.kms.katalon.core.main.ScriptEngine.run(ScriptEngine.java:194)
	at com.kms.katalon.core.main.ScriptEngine.runScriptAsRawText(ScriptEngine.java:119)
	at com.kms.katalon.core.main.TestCaseExecutor.runScript(TestCaseExecutor.java:337)
	at com.kms.katalon.core.main.TestCaseExecutor.doExecute(TestCaseExecutor.java:328)
	at com.kms.katalon.core.main.TestCaseExecutor.processExecutionPhase(TestCaseExecutor.java:307)
	at com.kms.katalon.core.main.TestCaseExecutor.accessMainPhase(TestCaseExecutor.java:299)
	at com.kms.katalon.core.main.TestCaseExecutor.execute(TestCaseExecutor.java:233)
	at com.kms.katalon.core.main.TestSuiteExecutor.accessTestCaseMainPhase(TestSuiteExecutor.java:169)
	at com.kms.katalon.core.main.TestSuiteExecutor.accessTestSuiteMainPhase(TestSuiteExecutor.java:142)
	at com.kms.katalon.core.main.TestSuiteExecutor.execute(TestSuiteExecutor.java:91)
	at com.kms.katalon.core.main.TestCaseMain.startTestSuite(TestCaseMain.java:157)
	at com.kms.katalon.core.main.TestCaseMain$startTestSuite$0.call(Unknown Source)
	at TempTestSuite1581071026566.run(TempTestSuite1581071026566.groovy:36)
)

2020-02-07 12:28:08 - [MESSAGE][WARNING] - Timeout '0' is invalid. Using default page load timeout: '1'

2020-02-07 12:28:10 - [MESSAGE][INFO] - Unable to find the element located by 'By.xpath: //div[@class = 'current-slide active-slide']//div[@class="uploded-pic frame ui-droppable"]'. Please recheck the objects properties to make sure the desired element is located. 

2020-02-07 12:28:10 - [MESSAGE][FAILED] - Object 'Object Repository/Page_Login/logoPlaceholder1' is not present (Root cause: com.kms.katalon.core.exception.StepFailedException: Object 'Object Repository/Page_Login/logoPlaceholder1' is not present
	at com.kms.katalon.core.webui.keyword.internal.WebUIKeywordMain.stepFailed(WebUIKeywordMain.groovy:64)
	at com.kms.katalon.core.webui.keyword.builtin.VerifyElementVisibleInViewportKeyword$_verifyElementVisibleInViewport_closure1.doCall(VerifyElementVisibleInViewportKeyword.groovy:83)
	at com.kms.katalon.core.webui.keyword.builtin.VerifyElementVisibleInViewportKeyword$_verifyElementVisibleInViewport_closure1.call(VerifyElementVisibleInViewportKeyword.groovy)
	at com.kms.katalon.core.webui.keyword.internal.WebUIKeywordMain.runKeyword(WebUIKeywordMain.groovy:20)
	at com.kms.katalon.core.webui.keyword.builtin.VerifyElementVisibleInViewportKeyword.verifyElementVisibleInViewport(VerifyElementVisibleInViewportKeyword.groovy:86)
	at com.kms.katalon.core.webui.keyword.builtin.VerifyElementVisibleInViewportKeyword.execute(VerifyElementVisibleInViewportKeyword.groovy:68)
	at com.kms.katalon.core.keyword.internal.KeywordExecutor.executeKeywordForPlatform(KeywordExecutor.groovy:72)
	at com.kms.katalon.core.webui.keyword.WebUiBuiltInKeywords.verifyElementInViewport(WebUiBuiltInKeywords.groovy:3039)
	at com.kms.katalon.core.webui.keyword.WebUiBuiltInKeywords$verifyElementInViewport$14.call(Unknown Source)
	at Background adding (Color 1-30cs) cycle.run(Background adding (Color 1-30cs) cycle:38)
	at com.kms.katalon.core.main.ScriptEngine.run(ScriptEngine.java:194)
	at com.kms.katalon.core.main.ScriptEngine.runScriptAsRawText(ScriptEngine.java:119)
	at com.kms.katalon.core.main.TestCaseExecutor.runScript(TestCaseExecutor.java:337)
	at com.kms.katalon.core.main.TestCaseExecutor.doExecute(TestCaseExecutor.java:328)
	at com.kms.katalon.core.main.TestCaseExecutor.processExecutionPhase(TestCaseExecutor.java:307)
	at com.kms.katalon.core.main.TestCaseExecutor.accessMainPhase(TestCaseExecutor.java:299)
	at com.kms.katalon.core.main.TestCaseExecutor.execute(TestCaseExecutor.java:233)
	at com.kms.katalon.core.main.TestSuiteExecutor.accessTestCaseMainPhase(TestSuiteExecutor.java:169)
	at com.kms.katalon.core.main.TestSuiteExecutor.accessTestSuiteMainPhase(TestSuiteExecutor.java:142)
	at com.kms.katalon.core.main.TestSuiteExecutor.execute(TestSuiteExecutor.java:91)
	at com.kms.katalon.core.main.TestCaseMain.startTestSuite(TestCaseMain.java:157)
	at com.kms.katalon.core.main.TestCaseMain$startTestSuite$0.call(Unknown Source)
	at TempTestSuite1581071026566.run(TempTestSuite1581071026566.groovy:36)
)

2020-02-07 12:28:10 - [TEST_STEP][PASSED] - Thread.sleep(500): null

2020-02-07 12:28:10 - [TEST_STEP][PASSED] - if (verifyElementPresent(findTestObject(sceneCore + i), 1) == true): null

2020-02-07 12:28:10 - [MESSAGE][PASSED] - Object 'Object Repository/Page_Reevio Video Maker/Editor_Scene_3' is present

2020-02-07 12:28:10 - [TEST_STEP][PASSED] - doubleClick(findTestObject(sceneCore + i)): Object: 'Object Repository/Page_Reevio Video Maker/Editor_Scene_3' is double clicked on

2020-02-07 12:28:10 - [MESSAGE][PASSED] - Object: 'Object Repository/Page_Reevio Video Maker/Editor_Scene_3' is double clicked on

2020-02-07 12:28:10 - [TEST_STEP][PASSED] - click(findTestObject("Add video in placeholers/Video_img backgrounds/div_Background_Color")): Object: 'Object Repository/Add video in placeholers/Video_img backgrounds/div_Background_Color' is clicked on

2020-02-07 12:28:13 - [MESSAGE][PASSED] - Object: 'Object Repository/Add video in placeholers/Video_img backgrounds/div_Background_Color' is clicked on

2020-02-07 12:28:13 - [TEST_STEP][FAILED] - clearText(findTestObject("Add video in placeholers/Video_img repository (videos, imgs and buttons)/change color/input_RGB_hex-color")): Unable to clear text of object 'Object Repository/Add video in placeholers/Video_img repository (videos, imgs and buttons)/change color/input_RGB_hex-color' (Root cause: com.kms.katalon.core.exception.StepFailedException: Unable to clear text of object 'Object Repository/Add video in placeholers/Video_img repository (videos, imgs and buttons)/change color/input_RGB_hex-color'
	at com.kms.katalon.core.webui.keyword.internal.WebUIKeywordMain.stepFailed(WebUIKeywordMain.groovy:64)
	at com.kms.katalon.core.webui.keyword.internal.WebUIKeywordMain.runKeyword(WebUIKeywordMain.groovy:42)
	at com.kms.katalon.core.webui.keyword.builtin.ClearTextKeyword.clearText(ClearTextKeyword.groovy:61)
	at com.kms.katalon.core.webui.keyword.builtin.ClearTextKeyword.execute(ClearTextKeyword.groovy:34)
	at com.kms.katalon.core.keyword.internal.KeywordExecutor.executeKeywordForPlatform(KeywordExecutor.groovy:72)
	at com.kms.katalon.core.webui.keyword.WebUiBuiltInKeywords.clearText(WebUiBuiltInKeywords.groovy:3817)
	at com.kms.katalon.core.webui.keyword.WebUiBuiltInKeywords$clearText$13.call(Unknown Source)
	at Background adding (Color 1-30cs) cycle.run(Background adding (Color 1-30cs) cycle:28)
	at com.kms.katalon.core.main.ScriptEngine.run(ScriptEngine.java:194)
	at com.kms.katalon.core.main.ScriptEngine.runScriptAsRawText(ScriptEngine.java:119)
	at com.kms.katalon.core.main.TestCaseExecutor.runScript(TestCaseExecutor.java:337)
	at com.kms.katalon.core.main.TestCaseExecutor.doExecute(TestCaseExecutor.java:328)
	at com.kms.katalon.core.main.TestCaseExecutor.processExecutionPhase(TestCaseExecutor.java:307)
	at com.kms.katalon.core.main.TestCaseExecutor.accessMainPhase(TestCaseExecutor.java:299)
	at com.kms.katalon.core.main.TestCaseExecutor.execute(TestCaseExecutor.java:233)
	at com.kms.katalon.core.main.TestSuiteExecutor.accessTestCaseMainPhase(TestSuiteExecutor.java:169)
	at com.kms.katalon.core.main.TestSuiteExecutor.accessTestSuiteMainPhase(TestSuiteExecutor.java:142)
	at com.kms.katalon.core.main.TestSuiteExecutor.execute(TestSuiteExecutor.java:91)
	at com.kms.katalon.core.main.TestCaseMain.startTestSuite(TestCaseMain.java:157)
	at com.kms.katalon.core.main.TestCaseMain$startTestSuite$0.call(Unknown Source)
	at TempTestSuite1581071026566.run(TempTestSuite1581071026566.groovy:36)
Caused by: org.openqa.selenium.ElementNotInteractableException: element not interactable
  (Session info: chrome=80.0.3987.87)
Build info: version: '3.141.59', revision: 'e82be7d358', time: '2018-11-14T08:25:53'
System info: host: 'DESKTOP-J4SE4C2', ip: '192.168.1.111', os.name: 'Windows 10', os.arch: 'amd64', os.version: '10.0', java.version: '1.8.0_181'
Driver info: com.kms.katalon.selenium.driver.CChromeDriver
Capabilities {acceptInsecureCerts: false, browserName: chrome, browserVersion: 80.0.3987.87, chrome: {chromedriverVersion: 79.0.3945.36 (3582db32b3389..., userDataDir: C:\Users\tester-3\AppData\L...}, goog:chromeOptions: {debuggerAddress: localhost:62942}, javascriptEnabled: true, networkConnectionEnabled: false, pageLoadStrategy: normal, platform: WINDOWS, platformName: WINDOWS, proxy: Proxy(), setWindowRect: true, strictFileInteractability: false, timeouts: {implicit: 0, pageLoad: 300000, script: 30000}, unhandledPromptBehavior: dismiss and notify}
Session ID: bbf6aef9af687f1f0d8398ad8247ced3
	at org.openqa.selenium.remote.http.W3CHttpResponseCodec.createException(W3CHttpResponseCodec.java:187)
	at org.openqa.selenium.remote.http.W3CHttpResponseCodec.decode(W3CHttpResponseCodec.java:122)
	at org.openqa.selenium.remote.http.W3CHttpResponseCodec.decode(W3CHttpResponseCodec.java:49)
	at org.openqa.selenium.remote.HttpCommandExecutor.execute(HttpCommandExecutor.java:158)
	at org.openqa.selenium.remote.service.DriverCommandExecutor.execute(DriverCommandExecutor.java:83)
	at org.openqa.selenium.remote.RemoteWebDriver.execute(RemoteWebDriver.java:552)
	at com.kms.katalon.selenium.driver.CChromeDriver.execute(CChromeDriver.java:19)
	at org.openqa.selenium.remote.RemoteWebElement.execute(RemoteWebElement.java:285)
	at org.openqa.selenium.remote.RemoteWebElement.clear(RemoteWebElement.java:124)
	at org.openqa.selenium.support.events.EventFiringWebDriver$EventFiringWebElement.lambda$new$0(EventFiringWebDriver.java:404)
	at com.sun.proxy.$Proxy9.clear(Unknown Source)
	at org.openqa.selenium.support.events.EventFiringWebDriver$EventFiringWebElement.clear(EventFiringWebDriver.java:436)
	at com.kms.katalon.core.webui.keyword.builtin.ClearTextKeyword$_clearText_closure1.doCall(ClearTextKeyword.groovy:46)
	at com.kms.katalon.core.webui.keyword.builtin.ClearTextKeyword$_clearText_closure1.call(ClearTextKeyword.groovy)
	at com.kms.katalon.core.webui.keyword.internal.WebUIKeywordMain.runKeyword(WebUIKeywordMain.groovy:33)
	at com.kms.katalon.core.webui.keyword.builtin.ClearTextKeyword.clearText(ClearTextKeyword.groovy:61)
	at com.kms.katalon.core.webui.keyword.builtin.ClearTextKeyword.execute(ClearTextKeyword.groovy:34)
	at com.kms.katalon.core.keyword.internal.KeywordExecutor.executeKeywordForPlatform(KeywordExecutor.groovy:72)
	at com.kms.katalon.core.webui.keyword.WebUiBuiltInKeywords.clearText(WebUiBuiltInKeywords.groovy:3817)
	at com.kms.katalon.core.webui.keyword.WebUiBuiltInKeywords$clearText$13.call(Unknown Source)
	at Script1569934964419.run(Script1569934964419.groovy:28)
	... 13 more
)

2020-02-07 12:28:13 - [MESSAGE][FAILED] - Unable to clear text of object 'Object Repository/Add video in placeholers/Video_img repository (videos, imgs and buttons)/change color/input_RGB_hex-color' (Root cause: com.kms.katalon.core.exception.StepFailedException: Unable to clear text of object 'Object Repository/Add video in placeholers/Video_img repository (videos, imgs and buttons)/change color/input_RGB_hex-color'
	at com.kms.katalon.core.webui.keyword.internal.WebUIKeywordMain.stepFailed(WebUIKeywordMain.groovy:64)
	at com.kms.katalon.core.webui.keyword.internal.WebUIKeywordMain.runKeyword(WebUIKeywordMain.groovy:42)
	at com.kms.katalon.core.webui.keyword.builtin.ClearTextKeyword.clearText(ClearTextKeyword.groovy:61)
	at com.kms.katalon.core.webui.keyword.builtin.ClearTextKeyword.execute(ClearTextKeyword.groovy:34)
	at com.kms.katalon.core.keyword.internal.KeywordExecutor.executeKeywordForPlatform(KeywordExecutor.groovy:72)
	at com.kms.katalon.core.webui.keyword.WebUiBuiltInKeywords.clearText(WebUiBuiltInKeywords.groovy:3817)
	at com.kms.katalon.core.webui.keyword.WebUiBuiltInKeywords$clearText$13.call(Unknown Source)
	at Background adding (Color 1-30cs) cycle.run(Background adding (Color 1-30cs) cycle:28)
	at com.kms.katalon.core.main.ScriptEngine.run(ScriptEngine.java:194)
	at com.kms.katalon.core.main.ScriptEngine.runScriptAsRawText(ScriptEngine.java:119)
	at com.kms.katalon.core.main.TestCaseExecutor.runScript(TestCaseExecutor.java:337)
	at com.kms.katalon.core.main.TestCaseExecutor.doExecute(TestCaseExecutor.java:328)
	at com.kms.katalon.core.main.TestCaseExecutor.processExecutionPhase(TestCaseExecutor.java:307)
	at com.kms.katalon.core.main.TestCaseExecutor.accessMainPhase(TestCaseExecutor.java:299)
	at com.kms.katalon.core.main.TestCaseExecutor.execute(TestCaseExecutor.java:233)
	at com.kms.katalon.core.main.TestSuiteExecutor.accessTestCaseMainPhase(TestSuiteExecutor.java:169)
	at com.kms.katalon.core.main.TestSuiteExecutor.accessTestSuiteMainPhase(TestSuiteExecutor.java:142)
	at com.kms.katalon.core.main.TestSuiteExecutor.execute(TestSuiteExecutor.java:91)
	at com.kms.katalon.core.main.TestCaseMain.startTestSuite(TestCaseMain.java:157)
	at com.kms.katalon.core.main.TestCaseMain$startTestSuite$0.call(Unknown Source)
	at TempTestSuite1581071026566.run(TempTestSuite1581071026566.groovy:36)
Caused by: org.openqa.selenium.ElementNotInteractableException: element not interactable
  (Session info: chrome=80.0.3987.87)
Build info: version: '3.141.59', revision: 'e82be7d358', time: '2018-11-14T08:25:53'
System info: host: 'DESKTOP-J4SE4C2', ip: '192.168.1.111', os.name: 'Windows 10', os.arch: 'amd64', os.version: '10.0', java.version: '1.8.0_181'
Driver info: com.kms.katalon.selenium.driver.CChromeDriver
Capabilities {acceptInsecureCerts: false, browserName: chrome, browserVersion: 80.0.3987.87, chrome: {chromedriverVersion: 79.0.3945.36 (3582db32b3389..., userDataDir: C:\Users\tester-3\AppData\L...}, goog:chromeOptions: {debuggerAddress: localhost:62942}, javascriptEnabled: true, networkConnectionEnabled: false, pageLoadStrategy: normal, platform: WINDOWS, platformName: WINDOWS, proxy: Proxy(), setWindowRect: true, strictFileInteractability: false, timeouts: {implicit: 0, pageLoad: 300000, script: 30000}, unhandledPromptBehavior: dismiss and notify}
Session ID: bbf6aef9af687f1f0d8398ad8247ced3
	at org.openqa.selenium.remote.http.W3CHttpResponseCodec.createException(W3CHttpResponseCodec.java:187)
	at org.openqa.selenium.remote.http.W3CHttpResponseCodec.decode(W3CHttpResponseCodec.java:122)
	at org.openqa.selenium.remote.http.W3CHttpResponseCodec.decode(W3CHttpResponseCodec.java:49)
	at org.openqa.selenium.remote.HttpCommandExecutor.execute(HttpCommandExecutor.java:158)
	at org.openqa.selenium.remote.service.DriverCommandExecutor.execute(DriverCommandExecutor.java:83)
	at org.openqa.selenium.remote.RemoteWebDriver.execute(RemoteWebDriver.java:552)
	at com.kms.katalon.selenium.driver.CChromeDriver.execute(CChromeDriver.java:19)
	at org.openqa.selenium.remote.RemoteWebElement.execute(RemoteWebElement.java:285)
	at org.openqa.selenium.remote.RemoteWebElement.clear(RemoteWebElement.java:124)
	at org.openqa.selenium.support.events.EventFiringWebDriver$EventFiringWebElement.lambda$new$0(EventFiringWebDriver.java:404)
	at com.sun.proxy.$Proxy9.clear(Unknown Source)
	at org.openqa.selenium.support.events.EventFiringWebDriver$EventFiringWebElement.clear(EventFiringWebDriver.java:436)
	at com.kms.katalon.core.webui.keyword.builtin.ClearTextKeyword$_clearText_closure1.doCall(ClearTextKeyword.groovy:46)
	at com.kms.katalon.core.webui.keyword.builtin.ClearTextKeyword$_clearText_closure1.call(ClearTextKeyword.groovy)
	at com.kms.katalon.core.webui.keyword.internal.WebUIKeywordMain.runKeyword(WebUIKeywordMain.groovy:33)
	at com.kms.katalon.core.webui.keyword.builtin.ClearTextKeyword.clearText(ClearTextKeyword.groovy:61)
	at com.kms.katalon.core.webui.keyword.builtin.ClearTextKeyword.execute(ClearTextKeyword.groovy:34)
	at com.kms.katalon.core.keyword.internal.KeywordExecutor.executeKeywordForPlatform(KeywordExecutor.groovy:72)
	at com.kms.katalon.core.webui.keyword.WebUiBuiltInKeywords.clearText(WebUiBuiltInKeywords.groovy:3817)
	at com.kms.katalon.core.webui.keyword.WebUiBuiltInKeywords$clearText$13.call(Unknown Source)
	at Script1569934964419.run(Script1569934964419.groovy:28)
	... 13 more
)

2020-02-07 12:28:13 - [TEST_STEP][FAILED] - setText(findTestObject("Object Repository/Add video in placeholers/Video_img repository (videos, imgs and buttons)/change color/input_RGB_hex-color"), findTestData("vavowDate").getValue(6, 1)): Unable to set text '#123456' of object 'Object Repository/Add video in placeholers/Video_img repository (videos, imgs and buttons)/change color/input_RGB_hex-color' (Root cause: com.kms.katalon.core.exception.StepFailedException: Unable to set text '#123456' of object 'Object Repository/Add video in placeholers/Video_img repository (videos, imgs and buttons)/change color/input_RGB_hex-color'
	at com.kms.katalon.core.webui.keyword.internal.WebUIKeywordMain.stepFailed(WebUIKeywordMain.groovy:64)
	at com.kms.katalon.core.webui.keyword.internal.WebUIKeywordMain.runKeyword(WebUIKeywordMain.groovy:26)
	at com.kms.katalon.core.webui.keyword.builtin.SetTextKeyword.setText(SetTextKeyword.groovy:66)
	at com.kms.katalon.core.webui.keyword.builtin.SetTextKeyword.execute(SetTextKeyword.groovy:37)
	at com.kms.katalon.core.keyword.internal.KeywordExecutor.executeKeywordForPlatform(KeywordExecutor.groovy:72)
	at com.kms.katalon.core.webui.keyword.WebUiBuiltInKeywords.setText(WebUiBuiltInKeywords.groovy:950)
	at com.kms.katalon.core.webui.keyword.WebUiBuiltInKeywords$setText$4.call(Unknown Source)
	at Background adding (Color 1-30cs) cycle.run(Background adding (Color 1-30cs) cycle:31)
	at com.kms.katalon.core.main.ScriptEngine.run(ScriptEngine.java:194)
	at com.kms.katalon.core.main.ScriptEngine.runScriptAsRawText(ScriptEngine.java:119)
	at com.kms.katalon.core.main.TestCaseExecutor.runScript(TestCaseExecutor.java:337)
	at com.kms.katalon.core.main.TestCaseExecutor.doExecute(TestCaseExecutor.java:328)
	at com.kms.katalon.core.main.TestCaseExecutor.processExecutionPhase(TestCaseExecutor.java:307)
	at com.kms.katalon.core.main.TestCaseExecutor.accessMainPhase(TestCaseExecutor.java:299)
	at com.kms.katalon.core.main.TestCaseExecutor.execute(TestCaseExecutor.java:233)
	at com.kms.katalon.core.main.TestSuiteExecutor.accessTestCaseMainPhase(TestSuiteExecutor.java:169)
	at com.kms.katalon.core.main.TestSuiteExecutor.accessTestSuiteMainPhase(TestSuiteExecutor.java:142)
	at com.kms.katalon.core.main.TestSuiteExecutor.execute(TestSuiteExecutor.java:91)
	at com.kms.katalon.core.main.TestCaseMain.startTestSuite(TestCaseMain.java:157)
	at com.kms.katalon.core.main.TestCaseMain$startTestSuite$0.call(Unknown Source)
	at TempTestSuite1581071026566.run(TempTestSuite1581071026566.groovy:36)
Caused by: org.openqa.selenium.ElementNotInteractableException: element not interactable
  (Session info: chrome=80.0.3987.87)
Build info: version: '3.141.59', revision: 'e82be7d358', time: '2018-11-14T08:25:53'
System info: host: 'DESKTOP-J4SE4C2', ip: '192.168.1.111', os.name: 'Windows 10', os.arch: 'amd64', os.version: '10.0', java.version: '1.8.0_181'
Driver info: com.kms.katalon.selenium.driver.CChromeDriver
Capabilities {acceptInsecureCerts: false, browserName: chrome, browserVersion: 80.0.3987.87, chrome: {chromedriverVersion: 79.0.3945.36 (3582db32b3389..., userDataDir: C:\Users\tester-3\AppData\L...}, goog:chromeOptions: {debuggerAddress: localhost:62942}, javascriptEnabled: true, networkConnectionEnabled: false, pageLoadStrategy: normal, platform: WINDOWS, platformName: WINDOWS, proxy: Proxy(), setWindowRect: true, strictFileInteractability: false, timeouts: {implicit: 0, pageLoad: 300000, script: 30000}, unhandledPromptBehavior: dismiss and notify}
Session ID: bbf6aef9af687f1f0d8398ad8247ced3
	at org.openqa.selenium.remote.http.W3CHttpResponseCodec.createException(W3CHttpResponseCodec.java:187)
	at org.openqa.selenium.remote.http.W3CHttpResponseCodec.decode(W3CHttpResponseCodec.java:122)
	at org.openqa.selenium.remote.http.W3CHttpResponseCodec.decode(W3CHttpResponseCodec.java:49)
	at org.openqa.selenium.remote.HttpCommandExecutor.execute(HttpCommandExecutor.java:158)
	at org.openqa.selenium.remote.service.DriverCommandExecutor.execute(DriverCommandExecutor.java:83)
	at org.openqa.selenium.remote.RemoteWebDriver.execute(RemoteWebDriver.java:552)
	at com.kms.katalon.selenium.driver.CChromeDriver.execute(CChromeDriver.java:19)
	at org.openqa.selenium.remote.RemoteWebElement.execute(RemoteWebElement.java:285)
	at org.openqa.selenium.remote.RemoteWebElement.clear(RemoteWebElement.java:124)
	at org.openqa.selenium.support.events.EventFiringWebDriver$EventFiringWebElement.lambda$new$0(EventFiringWebDriver.java:404)
	at com.sun.proxy.$Proxy9.clear(Unknown Source)
	at org.openqa.selenium.support.events.EventFiringWebDriver$EventFiringWebElement.clear(EventFiringWebDriver.java:436)
	at com.kms.katalon.core.webui.keyword.builtin.SetTextKeyword$_setText_closure1.doCall(SetTextKeyword.groovy:53)
	at com.kms.katalon.core.webui.keyword.builtin.SetTextKeyword$_setText_closure1.call(SetTextKeyword.groovy)
	at com.kms.katalon.core.webui.keyword.internal.WebUIKeywordMain.runKeyword(WebUIKeywordMain.groovy:20)
	at com.kms.katalon.core.webui.keyword.builtin.SetTextKeyword.setText(SetTextKeyword.groovy:66)
	at com.kms.katalon.core.webui.keyword.builtin.SetTextKeyword.execute(SetTextKeyword.groovy:37)
	at com.kms.katalon.core.keyword.internal.KeywordExecutor.executeKeywordForPlatform(KeywordExecutor.groovy:72)
	at com.kms.katalon.core.webui.keyword.WebUiBuiltInKeywords.setText(WebUiBuiltInKeywords.groovy:950)
	at com.kms.katalon.core.webui.keyword.WebUiBuiltInKeywords$setText$4.call(Unknown Source)
	at Script1569934964419.run(Script1569934964419.groovy:31)
	... 13 more
)

2020-02-07 12:28:13 - [MESSAGE][FAILED] - Unable to set text '#123456' of object 'Object Repository/Add video in placeholers/Video_img repository (videos, imgs and buttons)/change color/input_RGB_hex-color' (Root cause: com.kms.katalon.core.exception.StepFailedException: Unable to set text '#123456' of object 'Object Repository/Add video in placeholers/Video_img repository (videos, imgs and buttons)/change color/input_RGB_hex-color'
	at com.kms.katalon.core.webui.keyword.internal.WebUIKeywordMain.stepFailed(WebUIKeywordMain.groovy:64)
	at com.kms.katalon.core.webui.keyword.internal.WebUIKeywordMain.runKeyword(WebUIKeywordMain.groovy:26)
	at com.kms.katalon.core.webui.keyword.builtin.SetTextKeyword.setText(SetTextKeyword.groovy:66)
	at com.kms.katalon.core.webui.keyword.builtin.SetTextKeyword.execute(SetTextKeyword.groovy:37)
	at com.kms.katalon.core.keyword.internal.KeywordExecutor.executeKeywordForPlatform(KeywordExecutor.groovy:72)
	at com.kms.katalon.core.webui.keyword.WebUiBuiltInKeywords.setText(WebUiBuiltInKeywords.groovy:950)
	at com.kms.katalon.core.webui.keyword.WebUiBuiltInKeywords$setText$4.call(Unknown Source)
	at Background adding (Color 1-30cs) cycle.run(Background adding (Color 1-30cs) cycle:31)
	at com.kms.katalon.core.main.ScriptEngine.run(ScriptEngine.java:194)
	at com.kms.katalon.core.main.ScriptEngine.runScriptAsRawText(ScriptEngine.java:119)
	at com.kms.katalon.core.main.TestCaseExecutor.runScript(TestCaseExecutor.java:337)
	at com.kms.katalon.core.main.TestCaseExecutor.doExecute(TestCaseExecutor.java:328)
	at com.kms.katalon.core.main.TestCaseExecutor.processExecutionPhase(TestCaseExecutor.java:307)
	at com.kms.katalon.core.main.TestCaseExecutor.accessMainPhase(TestCaseExecutor.java:299)
	at com.kms.katalon.core.main.TestCaseExecutor.execute(TestCaseExecutor.java:233)
	at com.kms.katalon.core.main.TestSuiteExecutor.accessTestCaseMainPhase(TestSuiteExecutor.java:169)
	at com.kms.katalon.core.main.TestSuiteExecutor.accessTestSuiteMainPhase(TestSuiteExecutor.java:142)
	at com.kms.katalon.core.main.TestSuiteExecutor.execute(TestSuiteExecutor.java:91)
	at com.kms.katalon.core.main.TestCaseMain.startTestSuite(TestCaseMain.java:157)
	at com.kms.katalon.core.main.TestCaseMain$startTestSuite$0.call(Unknown Source)
	at TempTestSuite1581071026566.run(TempTestSuite1581071026566.groovy:36)
Caused by: org.openqa.selenium.ElementNotInteractableException: element not interactable
  (Session info: chrome=80.0.3987.87)
Build info: version: '3.141.59', revision: 'e82be7d358', time: '2018-11-14T08:25:53'
System info: host: 'DESKTOP-J4SE4C2', ip: '192.168.1.111', os.name: 'Windows 10', os.arch: 'amd64', os.version: '10.0', java.version: '1.8.0_181'
Driver info: com.kms.katalon.selenium.driver.CChromeDriver
Capabilities {acceptInsecureCerts: false, browserName: chrome, browserVersion: 80.0.3987.87, chrome: {chromedriverVersion: 79.0.3945.36 (3582db32b3389..., userDataDir: C:\Users\tester-3\AppData\L...}, goog:chromeOptions: {debuggerAddress: localhost:62942}, javascriptEnabled: true, networkConnectionEnabled: false, pageLoadStrategy: normal, platform: WINDOWS, platformName: WINDOWS, proxy: Proxy(), setWindowRect: true, strictFileInteractability: false, timeouts: {implicit: 0, pageLoad: 300000, script: 30000}, unhandledPromptBehavior: dismiss and notify}
Session ID: bbf6aef9af687f1f0d8398ad8247ced3
	at org.openqa.selenium.remote.http.W3CHttpResponseCodec.createException(W3CHttpResponseCodec.java:187)
	at org.openqa.selenium.remote.http.W3CHttpResponseCodec.decode(W3CHttpResponseCodec.java:122)
	at org.openqa.selenium.remote.http.W3CHttpResponseCodec.decode(W3CHttpResponseCodec.java:49)
	at org.openqa.selenium.remote.HttpCommandExecutor.execute(HttpCommandExecutor.java:158)
	at org.openqa.selenium.remote.service.DriverCommandExecutor.execute(DriverCommandExecutor.java:83)
	at org.openqa.selenium.remote.RemoteWebDriver.execute(RemoteWebDriver.java:552)
	at com.kms.katalon.selenium.driver.CChromeDriver.execute(CChromeDriver.java:19)
	at org.openqa.selenium.remote.RemoteWebElement.execute(RemoteWebElement.java:285)
	at org.openqa.selenium.remote.RemoteWebElement.clear(RemoteWebElement.java:124)
	at org.openqa.selenium.support.events.EventFiringWebDriver$EventFiringWebElement.lambda$new$0(EventFiringWebDriver.java:404)
	at com.sun.proxy.$Proxy9.clear(Unknown Source)
	at org.openqa.selenium.support.events.EventFiringWebDriver$EventFiringWebElement.clear(EventFiringWebDriver.java:436)
	at com.kms.katalon.core.webui.keyword.builtin.SetTextKeyword$_setText_closure1.doCall(SetTextKeyword.groovy:53)
	at com.kms.katalon.core.webui.keyword.builtin.SetTextKeyword$_setText_closure1.call(SetTextKeyword.groovy)
	at com.kms.katalon.core.webui.keyword.internal.WebUIKeywordMain.runKeyword(WebUIKeywordMain.groovy:20)
	at com.kms.katalon.core.webui.keyword.builtin.SetTextKeyword.setText(SetTextKeyword.groovy:66)
	at com.kms.katalon.core.webui.keyword.builtin.SetTextKeyword.execute(SetTextKeyword.groovy:37)
	at com.kms.katalon.core.keyword.internal.KeywordExecutor.executeKeywordForPlatform(KeywordExecutor.groovy:72)
	at com.kms.katalon.core.webui.keyword.WebUiBuiltInKeywords.setText(WebUiBuiltInKeywords.groovy:950)
	at com.kms.katalon.core.webui.keyword.WebUiBuiltInKeywords$setText$4.call(Unknown Source)
	at Script1569934964419.run(Script1569934964419.groovy:31)
	... 13 more
)

2020-02-07 12:28:13 - [TEST_STEP][PASSED] - click(findTestObject("Object Repository/Add video in placeholers/Video_img repository (videos, imgs and buttons)/change color/button_Apply")): Object: 'Object Repository/Add video in placeholers/Video_img repository (videos, imgs and buttons)/change color/button_Apply' is clicked on

2020-02-07 12:28:13 - [MESSAGE][ERROR] - javascript error: Failed to execute 'elementsFromPoint' on 'Document': The provided double value is non-finite.
  (Session info: chrome=80.0.3987.87)
Build info: version: '3.141.59', revision: 'e82be7d358', time: '2018-11-14T08:25:53'
System info: host: 'DESKTOP-J4SE4C2', ip: '192.168.1.111', os.name: 'Windows 10', os.arch: 'amd64', os.version: '10.0', java.version: '1.8.0_181'
Driver info: com.kms.katalon.selenium.driver.CChromeDriver
Capabilities {acceptInsecureCerts: false, browserName: chrome, browserVersion: 80.0.3987.87, chrome: {chromedriverVersion: 79.0.3945.36 (3582db32b3389..., userDataDir: C:\Users\tester-3\AppData\L...}, goog:chromeOptions: {debuggerAddress: localhost:62942}, javascriptEnabled: true, networkConnectionEnabled: false, pageLoadStrategy: normal, platform: WINDOWS, platformName: WINDOWS, proxy: Proxy(), setWindowRect: true, strictFileInteractability: false, timeouts: {implicit: 0, pageLoad: 300000, script: 30000}, unhandledPromptBehavior: dismiss and notify}
Session ID: bbf6aef9af687f1f0d8398ad8247ced3

2020-02-07 12:28:14 - [MESSAGE][ERROR] - javascript error: Failed to execute 'elementsFromPoint' on 'Document': The provided double value is non-finite.
  (Session info: chrome=80.0.3987.87)
Build info: version: '3.141.59', revision: 'e82be7d358', time: '2018-11-14T08:25:53'
System info: host: 'DESKTOP-J4SE4C2', ip: '192.168.1.111', os.name: 'Windows 10', os.arch: 'amd64', os.version: '10.0', java.version: '1.8.0_181'
Driver info: com.kms.katalon.selenium.driver.CChromeDriver
Capabilities {acceptInsecureCerts: false, browserName: chrome, browserVersion: 80.0.3987.87, chrome: {chromedriverVersion: 79.0.3945.36 (3582db32b3389..., userDataDir: C:\Users\tester-3\AppData\L...}, goog:chromeOptions: {debuggerAddress: localhost:62942}, javascriptEnabled: true, networkConnectionEnabled: false, pageLoadStrategy: normal, platform: WINDOWS, platformName: WINDOWS, proxy: Proxy(), setWindowRect: true, strictFileInteractability: false, timeouts: {implicit: 0, pageLoad: 300000, script: 30000}, unhandledPromptBehavior: dismiss and notify}
Session ID: bbf6aef9af687f1f0d8398ad8247ced3

2020-02-07 12:28:15 - [MESSAGE][PASSED] - Object: 'Object Repository/Add video in placeholers/Video_img repository (videos, imgs and buttons)/change color/button_Apply' is clicked on

2020-02-07 12:28:15 - [TEST_STEP][PASSED] - if (verifyElementPresent(findTestObject("Page_Reevio Video Maker/Editor_Scene_" + i), 0) == true): null

2020-02-07 12:28:15 - [MESSAGE][WARNING] - Timeout '0' is invalid. Using default page load timeout: '1'

2020-02-07 12:28:15 - [MESSAGE][PASSED] - Object 'Object Repository/Page_Reevio Video Maker/Editor_Scene_3' is present

2020-02-07 12:28:15 - [TEST_STEP][PASSED] - doubleClick(findTestObject("Page_Reevio Video Maker/Editor_Scene_" + i)): Object: 'Object Repository/Page_Reevio Video Maker/Editor_Scene_3' is double clicked on

2020-02-07 12:28:15 - [MESSAGE][PASSED] - Object: 'Object Repository/Page_Reevio Video Maker/Editor_Scene_3' is double clicked on

2020-02-07 12:28:15 - [TEST_STEP][FAILED] - if (verifyElementInViewport(findTestObject("Object Repository/Page_Login/logoPlaceholder1"), 0)): Object 'Object Repository/Page_Login/logoPlaceholder1' is not present (Root cause: com.kms.katalon.core.exception.StepFailedException: Object 'Object Repository/Page_Login/logoPlaceholder1' is not present
	at com.kms.katalon.core.webui.keyword.internal.WebUIKeywordMain.stepFailed(WebUIKeywordMain.groovy:64)
	at com.kms.katalon.core.webui.keyword.builtin.VerifyElementVisibleInViewportKeyword$_verifyElementVisibleInViewport_closure1.doCall(VerifyElementVisibleInViewportKeyword.groovy:83)
	at com.kms.katalon.core.webui.keyword.builtin.VerifyElementVisibleInViewportKeyword$_verifyElementVisibleInViewport_closure1.call(VerifyElementVisibleInViewportKeyword.groovy)
	at com.kms.katalon.core.webui.keyword.internal.WebUIKeywordMain.runKeyword(WebUIKeywordMain.groovy:20)
	at com.kms.katalon.core.webui.keyword.builtin.VerifyElementVisibleInViewportKeyword.verifyElementVisibleInViewport(VerifyElementVisibleInViewportKeyword.groovy:86)
	at com.kms.katalon.core.webui.keyword.builtin.VerifyElementVisibleInViewportKeyword.execute(VerifyElementVisibleInViewportKeyword.groovy:68)
	at com.kms.katalon.core.keyword.internal.KeywordExecutor.executeKeywordForPlatform(KeywordExecutor.groovy:72)
	at com.kms.katalon.core.webui.keyword.WebUiBuiltInKeywords.verifyElementInViewport(WebUiBuiltInKeywords.groovy:3039)
	at com.kms.katalon.core.webui.keyword.WebUiBuiltInKeywords$verifyElementInViewport$14.call(Unknown Source)
	at Background adding (Color 1-30cs) cycle.run(Background adding (Color 1-30cs) cycle:38)
	at com.kms.katalon.core.main.ScriptEngine.run(ScriptEngine.java:194)
	at com.kms.katalon.core.main.ScriptEngine.runScriptAsRawText(ScriptEngine.java:119)
	at com.kms.katalon.core.main.TestCaseExecutor.runScript(TestCaseExecutor.java:337)
	at com.kms.katalon.core.main.TestCaseExecutor.doExecute(TestCaseExecutor.java:328)
	at com.kms.katalon.core.main.TestCaseExecutor.processExecutionPhase(TestCaseExecutor.java:307)
	at com.kms.katalon.core.main.TestCaseExecutor.accessMainPhase(TestCaseExecutor.java:299)
	at com.kms.katalon.core.main.TestCaseExecutor.execute(TestCaseExecutor.java:233)
	at com.kms.katalon.core.main.TestSuiteExecutor.accessTestCaseMainPhase(TestSuiteExecutor.java:169)
	at com.kms.katalon.core.main.TestSuiteExecutor.accessTestSuiteMainPhase(TestSuiteExecutor.java:142)
	at com.kms.katalon.core.main.TestSuiteExecutor.execute(TestSuiteExecutor.java:91)
	at com.kms.katalon.core.main.TestCaseMain.startTestSuite(TestCaseMain.java:157)
	at com.kms.katalon.core.main.TestCaseMain$startTestSuite$0.call(Unknown Source)
	at TempTestSuite1581071026566.run(TempTestSuite1581071026566.groovy:36)
)

2020-02-07 12:28:15 - [MESSAGE][WARNING] - Timeout '0' is invalid. Using default page load timeout: '1'

2020-02-07 12:28:16 - [MESSAGE][INFO] - Unable to find the element located by 'By.xpath: //div[@class = 'current-slide active-slide']//div[@class="uploded-pic frame ui-droppable"]'. Please recheck the objects properties to make sure the desired element is located. 

2020-02-07 12:28:16 - [MESSAGE][FAILED] - Object 'Object Repository/Page_Login/logoPlaceholder1' is not present (Root cause: com.kms.katalon.core.exception.StepFailedException: Object 'Object Repository/Page_Login/logoPlaceholder1' is not present
	at com.kms.katalon.core.webui.keyword.internal.WebUIKeywordMain.stepFailed(WebUIKeywordMain.groovy:64)
	at com.kms.katalon.core.webui.keyword.builtin.VerifyElementVisibleInViewportKeyword$_verifyElementVisibleInViewport_closure1.doCall(VerifyElementVisibleInViewportKeyword.groovy:83)
	at com.kms.katalon.core.webui.keyword.builtin.VerifyElementVisibleInViewportKeyword$_verifyElementVisibleInViewport_closure1.call(VerifyElementVisibleInViewportKeyword.groovy)
	at com.kms.katalon.core.webui.keyword.internal.WebUIKeywordMain.runKeyword(WebUIKeywordMain.groovy:20)
	at com.kms.katalon.core.webui.keyword.builtin.VerifyElementVisibleInViewportKeyword.verifyElementVisibleInViewport(VerifyElementVisibleInViewportKeyword.groovy:86)
	at com.kms.katalon.core.webui.keyword.builtin.VerifyElementVisibleInViewportKeyword.execute(VerifyElementVisibleInViewportKeyword.groovy:68)
	at com.kms.katalon.core.keyword.internal.KeywordExecutor.executeKeywordForPlatform(KeywordExecutor.groovy:72)
	at com.kms.katalon.core.webui.keyword.WebUiBuiltInKeywords.verifyElementInViewport(WebUiBuiltInKeywords.groovy:3039)
	at com.kms.katalon.core.webui.keyword.WebUiBuiltInKeywords$verifyElementInViewport$14.call(Unknown Source)
	at Background adding (Color 1-30cs) cycle.run(Background adding (Color 1-30cs) cycle:38)
	at com.kms.katalon.core.main.ScriptEngine.run(ScriptEngine.java:194)
	at com.kms.katalon.core.main.ScriptEngine.runScriptAsRawText(ScriptEngine.java:119)
	at com.kms.katalon.core.main.TestCaseExecutor.runScript(TestCaseExecutor.java:337)
	at com.kms.katalon.core.main.TestCaseExecutor.doExecute(TestCaseExecutor.java:328)
	at com.kms.katalon.core.main.TestCaseExecutor.processExecutionPhase(TestCaseExecutor.java:307)
	at com.kms.katalon.core.main.TestCaseExecutor.accessMainPhase(TestCaseExecutor.java:299)
	at com.kms.katalon.core.main.TestCaseExecutor.execute(TestCaseExecutor.java:233)
	at com.kms.katalon.core.main.TestSuiteExecutor.accessTestCaseMainPhase(TestSuiteExecutor.java:169)
	at com.kms.katalon.core.main.TestSuiteExecutor.accessTestSuiteMainPhase(TestSuiteExecutor.java:142)
	at com.kms.katalon.core.main.TestSuiteExecutor.execute(TestSuiteExecutor.java:91)
	at com.kms.katalon.core.main.TestCaseMain.startTestSuite(TestCaseMain.java:157)
	at com.kms.katalon.core.main.TestCaseMain$startTestSuite$0.call(Unknown Source)
	at TempTestSuite1581071026566.run(TempTestSuite1581071026566.groovy:36)
)

2020-02-07 12:28:16 - [TEST_STEP][PASSED] - Thread.sleep(500): null

2020-02-07 12:28:17 - [TEST_STEP][PASSED] - if (verifyElementPresent(findTestObject(sceneCore + i), 1) == true): null

2020-02-07 12:28:17 - [MESSAGE][PASSED] - Object 'Object Repository/Page_Reevio Video Maker/Editor_Scene_4' is present

2020-02-07 12:28:17 - [TEST_STEP][PASSED] - doubleClick(findTestObject(sceneCore + i)): Object: 'Object Repository/Page_Reevio Video Maker/Editor_Scene_4' is double clicked on

2020-02-07 12:28:17 - [MESSAGE][PASSED] - Object: 'Object Repository/Page_Reevio Video Maker/Editor_Scene_4' is double clicked on

2020-02-07 12:28:17 - [TEST_STEP][PASSED] - click(findTestObject("Add video in placeholers/Video_img backgrounds/div_Background_Color")): Object: 'Object Repository/Add video in placeholers/Video_img backgrounds/div_Background_Color' is clicked on

2020-02-07 12:28:20 - [MESSAGE][PASSED] - Object: 'Object Repository/Add video in placeholers/Video_img backgrounds/div_Background_Color' is clicked on

2020-02-07 12:28:20 - [TEST_STEP][FAILED] - clearText(findTestObject("Add video in placeholers/Video_img repository (videos, imgs and buttons)/change color/input_RGB_hex-color")): Unable to clear text of object 'Object Repository/Add video in placeholers/Video_img repository (videos, imgs and buttons)/change color/input_RGB_hex-color' (Root cause: com.kms.katalon.core.exception.StepFailedException: Unable to clear text of object 'Object Repository/Add video in placeholers/Video_img repository (videos, imgs and buttons)/change color/input_RGB_hex-color'
	at com.kms.katalon.core.webui.keyword.internal.WebUIKeywordMain.stepFailed(WebUIKeywordMain.groovy:64)
	at com.kms.katalon.core.webui.keyword.internal.WebUIKeywordMain.runKeyword(WebUIKeywordMain.groovy:42)
	at com.kms.katalon.core.webui.keyword.builtin.ClearTextKeyword.clearText(ClearTextKeyword.groovy:61)
	at com.kms.katalon.core.webui.keyword.builtin.ClearTextKeyword.execute(ClearTextKeyword.groovy:34)
	at com.kms.katalon.core.keyword.internal.KeywordExecutor.executeKeywordForPlatform(KeywordExecutor.groovy:72)
	at com.kms.katalon.core.webui.keyword.WebUiBuiltInKeywords.clearText(WebUiBuiltInKeywords.groovy:3817)
	at com.kms.katalon.core.webui.keyword.WebUiBuiltInKeywords$clearText$13.call(Unknown Source)
	at Background adding (Color 1-30cs) cycle.run(Background adding (Color 1-30cs) cycle:28)
	at com.kms.katalon.core.main.ScriptEngine.run(ScriptEngine.java:194)
	at com.kms.katalon.core.main.ScriptEngine.runScriptAsRawText(ScriptEngine.java:119)
	at com.kms.katalon.core.main.TestCaseExecutor.runScript(TestCaseExecutor.java:337)
	at com.kms.katalon.core.main.TestCaseExecutor.doExecute(TestCaseExecutor.java:328)
	at com.kms.katalon.core.main.TestCaseExecutor.processExecutionPhase(TestCaseExecutor.java:307)
	at com.kms.katalon.core.main.TestCaseExecutor.accessMainPhase(TestCaseExecutor.java:299)
	at com.kms.katalon.core.main.TestCaseExecutor.execute(TestCaseExecutor.java:233)
	at com.kms.katalon.core.main.TestSuiteExecutor.accessTestCaseMainPhase(TestSuiteExecutor.java:169)
	at com.kms.katalon.core.main.TestSuiteExecutor.accessTestSuiteMainPhase(TestSuiteExecutor.java:142)
	at com.kms.katalon.core.main.TestSuiteExecutor.execute(TestSuiteExecutor.java:91)
	at com.kms.katalon.core.main.TestCaseMain.startTestSuite(TestCaseMain.java:157)
	at com.kms.katalon.core.main.TestCaseMain$startTestSuite$0.call(Unknown Source)
	at TempTestSuite1581071026566.run(TempTestSuite1581071026566.groovy:36)
Caused by: org.openqa.selenium.ElementNotInteractableException: element not interactable
  (Session info: chrome=80.0.3987.87)
Build info: version: '3.141.59', revision: 'e82be7d358', time: '2018-11-14T08:25:53'
System info: host: 'DESKTOP-J4SE4C2', ip: '192.168.1.111', os.name: 'Windows 10', os.arch: 'amd64', os.version: '10.0', java.version: '1.8.0_181'
Driver info: com.kms.katalon.selenium.driver.CChromeDriver
Capabilities {acceptInsecureCerts: false, browserName: chrome, browserVersion: 80.0.3987.87, chrome: {chromedriverVersion: 79.0.3945.36 (3582db32b3389..., userDataDir: C:\Users\tester-3\AppData\L...}, goog:chromeOptions: {debuggerAddress: localhost:62942}, javascriptEnabled: true, networkConnectionEnabled: false, pageLoadStrategy: normal, platform: WINDOWS, platformName: WINDOWS, proxy: Proxy(), setWindowRect: true, strictFileInteractability: false, timeouts: {implicit: 0, pageLoad: 300000, script: 30000}, unhandledPromptBehavior: dismiss and notify}
Session ID: bbf6aef9af687f1f0d8398ad8247ced3
	at org.openqa.selenium.remote.http.W3CHttpResponseCodec.createException(W3CHttpResponseCodec.java:187)
	at org.openqa.selenium.remote.http.W3CHttpResponseCodec.decode(W3CHttpResponseCodec.java:122)
	at org.openqa.selenium.remote.http.W3CHttpResponseCodec.decode(W3CHttpResponseCodec.java:49)
	at org.openqa.selenium.remote.HttpCommandExecutor.execute(HttpCommandExecutor.java:158)
	at org.openqa.selenium.remote.service.DriverCommandExecutor.execute(DriverCommandExecutor.java:83)
	at org.openqa.selenium.remote.RemoteWebDriver.execute(RemoteWebDriver.java:552)
	at com.kms.katalon.selenium.driver.CChromeDriver.execute(CChromeDriver.java:19)
	at org.openqa.selenium.remote.RemoteWebElement.execute(RemoteWebElement.java:285)
	at org.openqa.selenium.remote.RemoteWebElement.clear(RemoteWebElement.java:124)
	at org.openqa.selenium.support.events.EventFiringWebDriver$EventFiringWebElement.lambda$new$0(EventFiringWebDriver.java:404)
	at com.sun.proxy.$Proxy9.clear(Unknown Source)
	at org.openqa.selenium.support.events.EventFiringWebDriver$EventFiringWebElement.clear(EventFiringWebDriver.java:436)
	at com.kms.katalon.core.webui.keyword.builtin.ClearTextKeyword$_clearText_closure1.doCall(ClearTextKeyword.groovy:46)
	at com.kms.katalon.core.webui.keyword.builtin.ClearTextKeyword$_clearText_closure1.call(ClearTextKeyword.groovy)
	at com.kms.katalon.core.webui.keyword.internal.WebUIKeywordMain.runKeyword(WebUIKeywordMain.groovy:33)
	at com.kms.katalon.core.webui.keyword.builtin.ClearTextKeyword.clearText(ClearTextKeyword.groovy:61)
	at com.kms.katalon.core.webui.keyword.builtin.ClearTextKeyword.execute(ClearTextKeyword.groovy:34)
	at com.kms.katalon.core.keyword.internal.KeywordExecutor.executeKeywordForPlatform(KeywordExecutor.groovy:72)
	at com.kms.katalon.core.webui.keyword.WebUiBuiltInKeywords.clearText(WebUiBuiltInKeywords.groovy:3817)
	at com.kms.katalon.core.webui.keyword.WebUiBuiltInKeywords$clearText$13.call(Unknown Source)
	at Script1569934964419.run(Script1569934964419.groovy:28)
	... 13 more
)

2020-02-07 12:28:20 - [MESSAGE][FAILED] - Unable to clear text of object 'Object Repository/Add video in placeholers/Video_img repository (videos, imgs and buttons)/change color/input_RGB_hex-color' (Root cause: com.kms.katalon.core.exception.StepFailedException: Unable to clear text of object 'Object Repository/Add video in placeholers/Video_img repository (videos, imgs and buttons)/change color/input_RGB_hex-color'
	at com.kms.katalon.core.webui.keyword.internal.WebUIKeywordMain.stepFailed(WebUIKeywordMain.groovy:64)
	at com.kms.katalon.core.webui.keyword.internal.WebUIKeywordMain.runKeyword(WebUIKeywordMain.groovy:42)
	at com.kms.katalon.core.webui.keyword.builtin.ClearTextKeyword.clearText(ClearTextKeyword.groovy:61)
	at com.kms.katalon.core.webui.keyword.builtin.ClearTextKeyword.execute(ClearTextKeyword.groovy:34)
	at com.kms.katalon.core.keyword.internal.KeywordExecutor.executeKeywordForPlatform(KeywordExecutor.groovy:72)
	at com.kms.katalon.core.webui.keyword.WebUiBuiltInKeywords.clearText(WebUiBuiltInKeywords.groovy:3817)
	at com.kms.katalon.core.webui.keyword.WebUiBuiltInKeywords$clearText$13.call(Unknown Source)
	at Background adding (Color 1-30cs) cycle.run(Background adding (Color 1-30cs) cycle:28)
	at com.kms.katalon.core.main.ScriptEngine.run(ScriptEngine.java:194)
	at com.kms.katalon.core.main.ScriptEngine.runScriptAsRawText(ScriptEngine.java:119)
	at com.kms.katalon.core.main.TestCaseExecutor.runScript(TestCaseExecutor.java:337)
	at com.kms.katalon.core.main.TestCaseExecutor.doExecute(TestCaseExecutor.java:328)
	at com.kms.katalon.core.main.TestCaseExecutor.processExecutionPhase(TestCaseExecutor.java:307)
	at com.kms.katalon.core.main.TestCaseExecutor.accessMainPhase(TestCaseExecutor.java:299)
	at com.kms.katalon.core.main.TestCaseExecutor.execute(TestCaseExecutor.java:233)
	at com.kms.katalon.core.main.TestSuiteExecutor.accessTestCaseMainPhase(TestSuiteExecutor.java:169)
	at com.kms.katalon.core.main.TestSuiteExecutor.accessTestSuiteMainPhase(TestSuiteExecutor.java:142)
	at com.kms.katalon.core.main.TestSuiteExecutor.execute(TestSuiteExecutor.java:91)
	at com.kms.katalon.core.main.TestCaseMain.startTestSuite(TestCaseMain.java:157)
	at com.kms.katalon.core.main.TestCaseMain$startTestSuite$0.call(Unknown Source)
	at TempTestSuite1581071026566.run(TempTestSuite1581071026566.groovy:36)
Caused by: org.openqa.selenium.ElementNotInteractableException: element not interactable
  (Session info: chrome=80.0.3987.87)
Build info: version: '3.141.59', revision: 'e82be7d358', time: '2018-11-14T08:25:53'
System info: host: 'DESKTOP-J4SE4C2', ip: '192.168.1.111', os.name: 'Windows 10', os.arch: 'amd64', os.version: '10.0', java.version: '1.8.0_181'
Driver info: com.kms.katalon.selenium.driver.CChromeDriver
Capabilities {acceptInsecureCerts: false, browserName: chrome, browserVersion: 80.0.3987.87, chrome: {chromedriverVersion: 79.0.3945.36 (3582db32b3389..., userDataDir: C:\Users\tester-3\AppData\L...}, goog:chromeOptions: {debuggerAddress: localhost:62942}, javascriptEnabled: true, networkConnectionEnabled: false, pageLoadStrategy: normal, platform: WINDOWS, platformName: WINDOWS, proxy: Proxy(), setWindowRect: true, strictFileInteractability: false, timeouts: {implicit: 0, pageLoad: 300000, script: 30000}, unhandledPromptBehavior: dismiss and notify}
Session ID: bbf6aef9af687f1f0d8398ad8247ced3
	at org.openqa.selenium.remote.http.W3CHttpResponseCodec.createException(W3CHttpResponseCodec.java:187)
	at org.openqa.selenium.remote.http.W3CHttpResponseCodec.decode(W3CHttpResponseCodec.java:122)
	at org.openqa.selenium.remote.http.W3CHttpResponseCodec.decode(W3CHttpResponseCodec.java:49)
	at org.openqa.selenium.remote.HttpCommandExecutor.execute(HttpCommandExecutor.java:158)
	at org.openqa.selenium.remote.service.DriverCommandExecutor.execute(DriverCommandExecutor.java:83)
	at org.openqa.selenium.remote.RemoteWebDriver.execute(RemoteWebDriver.java:552)
	at com.kms.katalon.selenium.driver.CChromeDriver.execute(CChromeDriver.java:19)
	at org.openqa.selenium.remote.RemoteWebElement.execute(RemoteWebElement.java:285)
	at org.openqa.selenium.remote.RemoteWebElement.clear(RemoteWebElement.java:124)
	at org.openqa.selenium.support.events.EventFiringWebDriver$EventFiringWebElement.lambda$new$0(EventFiringWebDriver.java:404)
	at com.sun.proxy.$Proxy9.clear(Unknown Source)
	at org.openqa.selenium.support.events.EventFiringWebDriver$EventFiringWebElement.clear(EventFiringWebDriver.java:436)
	at com.kms.katalon.core.webui.keyword.builtin.ClearTextKeyword$_clearText_closure1.doCall(ClearTextKeyword.groovy:46)
	at com.kms.katalon.core.webui.keyword.builtin.ClearTextKeyword$_clearText_closure1.call(ClearTextKeyword.groovy)
	at com.kms.katalon.core.webui.keyword.internal.WebUIKeywordMain.runKeyword(WebUIKeywordMain.groovy:33)
	at com.kms.katalon.core.webui.keyword.builtin.ClearTextKeyword.clearText(ClearTextKeyword.groovy:61)
	at com.kms.katalon.core.webui.keyword.builtin.ClearTextKeyword.execute(ClearTextKeyword.groovy:34)
	at com.kms.katalon.core.keyword.internal.KeywordExecutor.executeKeywordForPlatform(KeywordExecutor.groovy:72)
	at com.kms.katalon.core.webui.keyword.WebUiBuiltInKeywords.clearText(WebUiBuiltInKeywords.groovy:3817)
	at com.kms.katalon.core.webui.keyword.WebUiBuiltInKeywords$clearText$13.call(Unknown Source)
	at Script1569934964419.run(Script1569934964419.groovy:28)
	... 13 more
)

2020-02-07 12:28:20 - [TEST_STEP][FAILED] - setText(findTestObject("Object Repository/Add video in placeholers/Video_img repository (videos, imgs and buttons)/change color/input_RGB_hex-color"), findTestData("vavowDate").getValue(6, 1)): Unable to set text '#123456' of object 'Object Repository/Add video in placeholers/Video_img repository (videos, imgs and buttons)/change color/input_RGB_hex-color' (Root cause: com.kms.katalon.core.exception.StepFailedException: Unable to set text '#123456' of object 'Object Repository/Add video in placeholers/Video_img repository (videos, imgs and buttons)/change color/input_RGB_hex-color'
	at com.kms.katalon.core.webui.keyword.internal.WebUIKeywordMain.stepFailed(WebUIKeywordMain.groovy:64)
	at com.kms.katalon.core.webui.keyword.internal.WebUIKeywordMain.runKeyword(WebUIKeywordMain.groovy:26)
	at com.kms.katalon.core.webui.keyword.builtin.SetTextKeyword.setText(SetTextKeyword.groovy:66)
	at com.kms.katalon.core.webui.keyword.builtin.SetTextKeyword.execute(SetTextKeyword.groovy:37)
	at com.kms.katalon.core.keyword.internal.KeywordExecutor.executeKeywordForPlatform(KeywordExecutor.groovy:72)
	at com.kms.katalon.core.webui.keyword.WebUiBuiltInKeywords.setText(WebUiBuiltInKeywords.groovy:950)
	at com.kms.katalon.core.webui.keyword.WebUiBuiltInKeywords$setText$4.call(Unknown Source)
	at Background adding (Color 1-30cs) cycle.run(Background adding (Color 1-30cs) cycle:31)
	at com.kms.katalon.core.main.ScriptEngine.run(ScriptEngine.java:194)
	at com.kms.katalon.core.main.ScriptEngine.runScriptAsRawText(ScriptEngine.java:119)
	at com.kms.katalon.core.main.TestCaseExecutor.runScript(TestCaseExecutor.java:337)
	at com.kms.katalon.core.main.TestCaseExecutor.doExecute(TestCaseExecutor.java:328)
	at com.kms.katalon.core.main.TestCaseExecutor.processExecutionPhase(TestCaseExecutor.java:307)
	at com.kms.katalon.core.main.TestCaseExecutor.accessMainPhase(TestCaseExecutor.java:299)
	at com.kms.katalon.core.main.TestCaseExecutor.execute(TestCaseExecutor.java:233)
	at com.kms.katalon.core.main.TestSuiteExecutor.accessTestCaseMainPhase(TestSuiteExecutor.java:169)
	at com.kms.katalon.core.main.TestSuiteExecutor.accessTestSuiteMainPhase(TestSuiteExecutor.java:142)
	at com.kms.katalon.core.main.TestSuiteExecutor.execute(TestSuiteExecutor.java:91)
	at com.kms.katalon.core.main.TestCaseMain.startTestSuite(TestCaseMain.java:157)
	at com.kms.katalon.core.main.TestCaseMain$startTestSuite$0.call(Unknown Source)
	at TempTestSuite1581071026566.run(TempTestSuite1581071026566.groovy:36)
Caused by: org.openqa.selenium.ElementNotInteractableException: element not interactable
  (Session info: chrome=80.0.3987.87)
Build info: version: '3.141.59', revision: 'e82be7d358', time: '2018-11-14T08:25:53'
System info: host: 'DESKTOP-J4SE4C2', ip: '192.168.1.111', os.name: 'Windows 10', os.arch: 'amd64', os.version: '10.0', java.version: '1.8.0_181'
Driver info: com.kms.katalon.selenium.driver.CChromeDriver
Capabilities {acceptInsecureCerts: false, browserName: chrome, browserVersion: 80.0.3987.87, chrome: {chromedriverVersion: 79.0.3945.36 (3582db32b3389..., userDataDir: C:\Users\tester-3\AppData\L...}, goog:chromeOptions: {debuggerAddress: localhost:62942}, javascriptEnabled: true, networkConnectionEnabled: false, pageLoadStrategy: normal, platform: WINDOWS, platformName: WINDOWS, proxy: Proxy(), setWindowRect: true, strictFileInteractability: false, timeouts: {implicit: 0, pageLoad: 300000, script: 30000}, unhandledPromptBehavior: dismiss and notify}
Session ID: bbf6aef9af687f1f0d8398ad8247ced3
	at org.openqa.selenium.remote.http.W3CHttpResponseCodec.createException(W3CHttpResponseCodec.java:187)
	at org.openqa.selenium.remote.http.W3CHttpResponseCodec.decode(W3CHttpResponseCodec.java:122)
	at org.openqa.selenium.remote.http.W3CHttpResponseCodec.decode(W3CHttpResponseCodec.java:49)
	at org.openqa.selenium.remote.HttpCommandExecutor.execute(HttpCommandExecutor.java:158)
	at org.openqa.selenium.remote.service.DriverCommandExecutor.execute(DriverCommandExecutor.java:83)
	at org.openqa.selenium.remote.RemoteWebDriver.execute(RemoteWebDriver.java:552)
	at com.kms.katalon.selenium.driver.CChromeDriver.execute(CChromeDriver.java:19)
	at org.openqa.selenium.remote.RemoteWebElement.execute(RemoteWebElement.java:285)
	at org.openqa.selenium.remote.RemoteWebElement.clear(RemoteWebElement.java:124)
	at org.openqa.selenium.support.events.EventFiringWebDriver$EventFiringWebElement.lambda$new$0(EventFiringWebDriver.java:404)
	at com.sun.proxy.$Proxy9.clear(Unknown Source)
	at org.openqa.selenium.support.events.EventFiringWebDriver$EventFiringWebElement.clear(EventFiringWebDriver.java:436)
	at com.kms.katalon.core.webui.keyword.builtin.SetTextKeyword$_setText_closure1.doCall(SetTextKeyword.groovy:53)
	at com.kms.katalon.core.webui.keyword.builtin.SetTextKeyword$_setText_closure1.call(SetTextKeyword.groovy)
	at com.kms.katalon.core.webui.keyword.internal.WebUIKeywordMain.runKeyword(WebUIKeywordMain.groovy:20)
	at com.kms.katalon.core.webui.keyword.builtin.SetTextKeyword.setText(SetTextKeyword.groovy:66)
	at com.kms.katalon.core.webui.keyword.builtin.SetTextKeyword.execute(SetTextKeyword.groovy:37)
	at com.kms.katalon.core.keyword.internal.KeywordExecutor.executeKeywordForPlatform(KeywordExecutor.groovy:72)
	at com.kms.katalon.core.webui.keyword.WebUiBuiltInKeywords.setText(WebUiBuiltInKeywords.groovy:950)
	at com.kms.katalon.core.webui.keyword.WebUiBuiltInKeywords$setText$4.call(Unknown Source)
	at Script1569934964419.run(Script1569934964419.groovy:31)
	... 13 more
)

2020-02-07 12:28:20 - [MESSAGE][FAILED] - Unable to set text '#123456' of object 'Object Repository/Add video in placeholers/Video_img repository (videos, imgs and buttons)/change color/input_RGB_hex-color' (Root cause: com.kms.katalon.core.exception.StepFailedException: Unable to set text '#123456' of object 'Object Repository/Add video in placeholers/Video_img repository (videos, imgs and buttons)/change color/input_RGB_hex-color'
	at com.kms.katalon.core.webui.keyword.internal.WebUIKeywordMain.stepFailed(WebUIKeywordMain.groovy:64)
	at com.kms.katalon.core.webui.keyword.internal.WebUIKeywordMain.runKeyword(WebUIKeywordMain.groovy:26)
	at com.kms.katalon.core.webui.keyword.builtin.SetTextKeyword.setText(SetTextKeyword.groovy:66)
	at com.kms.katalon.core.webui.keyword.builtin.SetTextKeyword.execute(SetTextKeyword.groovy:37)
	at com.kms.katalon.core.keyword.internal.KeywordExecutor.executeKeywordForPlatform(KeywordExecutor.groovy:72)
	at com.kms.katalon.core.webui.keyword.WebUiBuiltInKeywords.setText(WebUiBuiltInKeywords.groovy:950)
	at com.kms.katalon.core.webui.keyword.WebUiBuiltInKeywords$setText$4.call(Unknown Source)
	at Background adding (Color 1-30cs) cycle.run(Background adding (Color 1-30cs) cycle:31)
	at com.kms.katalon.core.main.ScriptEngine.run(ScriptEngine.java:194)
	at com.kms.katalon.core.main.ScriptEngine.runScriptAsRawText(ScriptEngine.java:119)
	at com.kms.katalon.core.main.TestCaseExecutor.runScript(TestCaseExecutor.java:337)
	at com.kms.katalon.core.main.TestCaseExecutor.doExecute(TestCaseExecutor.java:328)
	at com.kms.katalon.core.main.TestCaseExecutor.processExecutionPhase(TestCaseExecutor.java:307)
	at com.kms.katalon.core.main.TestCaseExecutor.accessMainPhase(TestCaseExecutor.java:299)
	at com.kms.katalon.core.main.TestCaseExecutor.execute(TestCaseExecutor.java:233)
	at com.kms.katalon.core.main.TestSuiteExecutor.accessTestCaseMainPhase(TestSuiteExecutor.java:169)
	at com.kms.katalon.core.main.TestSuiteExecutor.accessTestSuiteMainPhase(TestSuiteExecutor.java:142)
	at com.kms.katalon.core.main.TestSuiteExecutor.execute(TestSuiteExecutor.java:91)
	at com.kms.katalon.core.main.TestCaseMain.startTestSuite(TestCaseMain.java:157)
	at com.kms.katalon.core.main.TestCaseMain$startTestSuite$0.call(Unknown Source)
	at TempTestSuite1581071026566.run(TempTestSuite1581071026566.groovy:36)
Caused by: org.openqa.selenium.ElementNotInteractableException: element not interactable
  (Session info: chrome=80.0.3987.87)
Build info: version: '3.141.59', revision: 'e82be7d358', time: '2018-11-14T08:25:53'
System info: host: 'DESKTOP-J4SE4C2', ip: '192.168.1.111', os.name: 'Windows 10', os.arch: 'amd64', os.version: '10.0', java.version: '1.8.0_181'
Driver info: com.kms.katalon.selenium.driver.CChromeDriver
Capabilities {acceptInsecureCerts: false, browserName: chrome, browserVersion: 80.0.3987.87, chrome: {chromedriverVersion: 79.0.3945.36 (3582db32b3389..., userDataDir: C:\Users\tester-3\AppData\L...}, goog:chromeOptions: {debuggerAddress: localhost:62942}, javascriptEnabled: true, networkConnectionEnabled: false, pageLoadStrategy: normal, platform: WINDOWS, platformName: WINDOWS, proxy: Proxy(), setWindowRect: true, strictFileInteractability: false, timeouts: {implicit: 0, pageLoad: 300000, script: 30000}, unhandledPromptBehavior: dismiss and notify}
Session ID: bbf6aef9af687f1f0d8398ad8247ced3
	at org.openqa.selenium.remote.http.W3CHttpResponseCodec.createException(W3CHttpResponseCodec.java:187)
	at org.openqa.selenium.remote.http.W3CHttpResponseCodec.decode(W3CHttpResponseCodec.java:122)
	at org.openqa.selenium.remote.http.W3CHttpResponseCodec.decode(W3CHttpResponseCodec.java:49)
	at org.openqa.selenium.remote.HttpCommandExecutor.execute(HttpCommandExecutor.java:158)
	at org.openqa.selenium.remote.service.DriverCommandExecutor.execute(DriverCommandExecutor.java:83)
	at org.openqa.selenium.remote.RemoteWebDriver.execute(RemoteWebDriver.java:552)
	at com.kms.katalon.selenium.driver.CChromeDriver.execute(CChromeDriver.java:19)
	at org.openqa.selenium.remote.RemoteWebElement.execute(RemoteWebElement.java:285)
	at org.openqa.selenium.remote.RemoteWebElement.clear(RemoteWebElement.java:124)
	at org.openqa.selenium.support.events.EventFiringWebDriver$EventFiringWebElement.lambda$new$0(EventFiringWebDriver.java:404)
	at com.sun.proxy.$Proxy9.clear(Unknown Source)
	at org.openqa.selenium.support.events.EventFiringWebDriver$EventFiringWebElement.clear(EventFiringWebDriver.java:436)
	at com.kms.katalon.core.webui.keyword.builtin.SetTextKeyword$_setText_closure1.doCall(SetTextKeyword.groovy:53)
	at com.kms.katalon.core.webui.keyword.builtin.SetTextKeyword$_setText_closure1.call(SetTextKeyword.groovy)
	at com.kms.katalon.core.webui.keyword.internal.WebUIKeywordMain.runKeyword(WebUIKeywordMain.groovy:20)
	at com.kms.katalon.core.webui.keyword.builtin.SetTextKeyword.setText(SetTextKeyword.groovy:66)
	at com.kms.katalon.core.webui.keyword.builtin.SetTextKeyword.execute(SetTextKeyword.groovy:37)
	at com.kms.katalon.core.keyword.internal.KeywordExecutor.executeKeywordForPlatform(KeywordExecutor.groovy:72)
	at com.kms.katalon.core.webui.keyword.WebUiBuiltInKeywords.setText(WebUiBuiltInKeywords.groovy:950)
	at com.kms.katalon.core.webui.keyword.WebUiBuiltInKeywords$setText$4.call(Unknown Source)
	at Script1569934964419.run(Script1569934964419.groovy:31)
	... 13 more
)

2020-02-07 12:28:20 - [TEST_STEP][PASSED] - click(findTestObject("Object Repository/Add video in placeholers/Video_img repository (videos, imgs and buttons)/change color/button_Apply")): Object: 'Object Repository/Add video in placeholers/Video_img repository (videos, imgs and buttons)/change color/button_Apply' is clicked on

2020-02-07 12:28:20 - [MESSAGE][ERROR] - javascript error: Failed to execute 'elementsFromPoint' on 'Document': The provided double value is non-finite.
  (Session info: chrome=80.0.3987.87)
Build info: version: '3.141.59', revision: 'e82be7d358', time: '2018-11-14T08:25:53'
System info: host: 'DESKTOP-J4SE4C2', ip: '192.168.1.111', os.name: 'Windows 10', os.arch: 'amd64', os.version: '10.0', java.version: '1.8.0_181'
Driver info: com.kms.katalon.selenium.driver.CChromeDriver
Capabilities {acceptInsecureCerts: false, browserName: chrome, browserVersion: 80.0.3987.87, chrome: {chromedriverVersion: 79.0.3945.36 (3582db32b3389..., userDataDir: C:\Users\tester-3\AppData\L...}, goog:chromeOptions: {debuggerAddress: localhost:62942}, javascriptEnabled: true, networkConnectionEnabled: false, pageLoadStrategy: normal, platform: WINDOWS, platformName: WINDOWS, proxy: Proxy(), setWindowRect: true, strictFileInteractability: false, timeouts: {implicit: 0, pageLoad: 300000, script: 30000}, unhandledPromptBehavior: dismiss and notify}
Session ID: bbf6aef9af687f1f0d8398ad8247ced3

2020-02-07 12:28:21 - [MESSAGE][ERROR] - javascript error: Failed to execute 'elementsFromPoint' on 'Document': The provided double value is non-finite.
  (Session info: chrome=80.0.3987.87)
Build info: version: '3.141.59', revision: 'e82be7d358', time: '2018-11-14T08:25:53'
System info: host: 'DESKTOP-J4SE4C2', ip: '192.168.1.111', os.name: 'Windows 10', os.arch: 'amd64', os.version: '10.0', java.version: '1.8.0_181'
Driver info: com.kms.katalon.selenium.driver.CChromeDriver
Capabilities {acceptInsecureCerts: false, browserName: chrome, browserVersion: 80.0.3987.87, chrome: {chromedriverVersion: 79.0.3945.36 (3582db32b3389..., userDataDir: C:\Users\tester-3\AppData\L...}, goog:chromeOptions: {debuggerAddress: localhost:62942}, javascriptEnabled: true, networkConnectionEnabled: false, pageLoadStrategy: normal, platform: WINDOWS, platformName: WINDOWS, proxy: Proxy(), setWindowRect: true, strictFileInteractability: false, timeouts: {implicit: 0, pageLoad: 300000, script: 30000}, unhandledPromptBehavior: dismiss and notify}
Session ID: bbf6aef9af687f1f0d8398ad8247ced3

2020-02-07 12:28:21 - [MESSAGE][PASSED] - Object: 'Object Repository/Add video in placeholers/Video_img repository (videos, imgs and buttons)/change color/button_Apply' is clicked on

2020-02-07 12:28:21 - [TEST_STEP][PASSED] - if (verifyElementPresent(findTestObject("Page_Reevio Video Maker/Editor_Scene_" + i), 0) == true): null

2020-02-07 12:28:21 - [MESSAGE][WARNING] - Timeout '0' is invalid. Using default page load timeout: '1'

2020-02-07 12:28:21 - [MESSAGE][PASSED] - Object 'Object Repository/Page_Reevio Video Maker/Editor_Scene_4' is present

2020-02-07 12:28:21 - [TEST_STEP][PASSED] - doubleClick(findTestObject("Page_Reevio Video Maker/Editor_Scene_" + i)): Object: 'Object Repository/Page_Reevio Video Maker/Editor_Scene_4' is double clicked on

2020-02-07 12:28:22 - [MESSAGE][PASSED] - Object: 'Object Repository/Page_Reevio Video Maker/Editor_Scene_4' is double clicked on

2020-02-07 12:28:22 - [TEST_STEP][FAILED] - if (verifyElementInViewport(findTestObject("Object Repository/Page_Login/logoPlaceholder1"), 0)): Object 'Object Repository/Page_Login/logoPlaceholder1' is not present (Root cause: com.kms.katalon.core.exception.StepFailedException: Object 'Object Repository/Page_Login/logoPlaceholder1' is not present
	at com.kms.katalon.core.webui.keyword.internal.WebUIKeywordMain.stepFailed(WebUIKeywordMain.groovy:64)
	at com.kms.katalon.core.webui.keyword.builtin.VerifyElementVisibleInViewportKeyword$_verifyElementVisibleInViewport_closure1.doCall(VerifyElementVisibleInViewportKeyword.groovy:83)
	at com.kms.katalon.core.webui.keyword.builtin.VerifyElementVisibleInViewportKeyword$_verifyElementVisibleInViewport_closure1.call(VerifyElementVisibleInViewportKeyword.groovy)
	at com.kms.katalon.core.webui.keyword.internal.WebUIKeywordMain.runKeyword(WebUIKeywordMain.groovy:20)
	at com.kms.katalon.core.webui.keyword.builtin.VerifyElementVisibleInViewportKeyword.verifyElementVisibleInViewport(VerifyElementVisibleInViewportKeyword.groovy:86)
	at com.kms.katalon.core.webui.keyword.builtin.VerifyElementVisibleInViewportKeyword.execute(VerifyElementVisibleInViewportKeyword.groovy:68)
	at com.kms.katalon.core.keyword.internal.KeywordExecutor.executeKeywordForPlatform(KeywordExecutor.groovy:72)
	at com.kms.katalon.core.webui.keyword.WebUiBuiltInKeywords.verifyElementInViewport(WebUiBuiltInKeywords.groovy:3039)
	at com.kms.katalon.core.webui.keyword.WebUiBuiltInKeywords$verifyElementInViewport$14.call(Unknown Source)
	at Background adding (Color 1-30cs) cycle.run(Background adding (Color 1-30cs) cycle:38)
	at com.kms.katalon.core.main.ScriptEngine.run(ScriptEngine.java:194)
	at com.kms.katalon.core.main.ScriptEngine.runScriptAsRawText(ScriptEngine.java:119)
	at com.kms.katalon.core.main.TestCaseExecutor.runScript(TestCaseExecutor.java:337)
	at com.kms.katalon.core.main.TestCaseExecutor.doExecute(TestCaseExecutor.java:328)
	at com.kms.katalon.core.main.TestCaseExecutor.processExecutionPhase(TestCaseExecutor.java:307)
	at com.kms.katalon.core.main.TestCaseExecutor.accessMainPhase(TestCaseExecutor.java:299)
	at com.kms.katalon.core.main.TestCaseExecutor.execute(TestCaseExecutor.java:233)
	at com.kms.katalon.core.main.TestSuiteExecutor.accessTestCaseMainPhase(TestSuiteExecutor.java:169)
	at com.kms.katalon.core.main.TestSuiteExecutor.accessTestSuiteMainPhase(TestSuiteExecutor.java:142)
	at com.kms.katalon.core.main.TestSuiteExecutor.execute(TestSuiteExecutor.java:91)
	at com.kms.katalon.core.main.TestCaseMain.startTestSuite(TestCaseMain.java:157)
	at com.kms.katalon.core.main.TestCaseMain$startTestSuite$0.call(Unknown Source)
	at TempTestSuite1581071026566.run(TempTestSuite1581071026566.groovy:36)
)

2020-02-07 12:28:22 - [MESSAGE][WARNING] - Timeout '0' is invalid. Using default page load timeout: '1'

2020-02-07 12:28:23 - [MESSAGE][INFO] - Unable to find the element located by 'By.xpath: //div[@class = 'current-slide active-slide']//div[@class="uploded-pic frame ui-droppable"]'. Please recheck the objects properties to make sure the desired element is located. 

2020-02-07 12:28:23 - [MESSAGE][FAILED] - Object 'Object Repository/Page_Login/logoPlaceholder1' is not present (Root cause: com.kms.katalon.core.exception.StepFailedException: Object 'Object Repository/Page_Login/logoPlaceholder1' is not present
	at com.kms.katalon.core.webui.keyword.internal.WebUIKeywordMain.stepFailed(WebUIKeywordMain.groovy:64)
	at com.kms.katalon.core.webui.keyword.builtin.VerifyElementVisibleInViewportKeyword$_verifyElementVisibleInViewport_closure1.doCall(VerifyElementVisibleInViewportKeyword.groovy:83)
	at com.kms.katalon.core.webui.keyword.builtin.VerifyElementVisibleInViewportKeyword$_verifyElementVisibleInViewport_closure1.call(VerifyElementVisibleInViewportKeyword.groovy)
	at com.kms.katalon.core.webui.keyword.internal.WebUIKeywordMain.runKeyword(WebUIKeywordMain.groovy:20)
	at com.kms.katalon.core.webui.keyword.builtin.VerifyElementVisibleInViewportKeyword.verifyElementVisibleInViewport(VerifyElementVisibleInViewportKeyword.groovy:86)
	at com.kms.katalon.core.webui.keyword.builtin.VerifyElementVisibleInViewportKeyword.execute(VerifyElementVisibleInViewportKeyword.groovy:68)
	at com.kms.katalon.core.keyword.internal.KeywordExecutor.executeKeywordForPlatform(KeywordExecutor.groovy:72)
	at com.kms.katalon.core.webui.keyword.WebUiBuiltInKeywords.verifyElementInViewport(WebUiBuiltInKeywords.groovy:3039)
	at com.kms.katalon.core.webui.keyword.WebUiBuiltInKeywords$verifyElementInViewport$14.call(Unknown Source)
	at Background adding (Color 1-30cs) cycle.run(Background adding (Color 1-30cs) cycle:38)
	at com.kms.katalon.core.main.ScriptEngine.run(ScriptEngine.java:194)
	at com.kms.katalon.core.main.ScriptEngine.runScriptAsRawText(ScriptEngine.java:119)
	at com.kms.katalon.core.main.TestCaseExecutor.runScript(TestCaseExecutor.java:337)
	at com.kms.katalon.core.main.TestCaseExecutor.doExecute(TestCaseExecutor.java:328)
	at com.kms.katalon.core.main.TestCaseExecutor.processExecutionPhase(TestCaseExecutor.java:307)
	at com.kms.katalon.core.main.TestCaseExecutor.accessMainPhase(TestCaseExecutor.java:299)
	at com.kms.katalon.core.main.TestCaseExecutor.execute(TestCaseExecutor.java:233)
	at com.kms.katalon.core.main.TestSuiteExecutor.accessTestCaseMainPhase(TestSuiteExecutor.java:169)
	at com.kms.katalon.core.main.TestSuiteExecutor.accessTestSuiteMainPhase(TestSuiteExecutor.java:142)
	at com.kms.katalon.core.main.TestSuiteExecutor.execute(TestSuiteExecutor.java:91)
	at com.kms.katalon.core.main.TestCaseMain.startTestSuite(TestCaseMain.java:157)
	at com.kms.katalon.core.main.TestCaseMain$startTestSuite$0.call(Unknown Source)
	at TempTestSuite1581071026566.run(TempTestSuite1581071026566.groovy:36)
)

2020-02-07 12:28:23 - [TEST_STEP][PASSED] - Thread.sleep(500): null

2020-02-07 12:28:23 - [TEST_STEP][PASSED] - if (verifyElementPresent(findTestObject(sceneCore + i), 1) == true): null

2020-02-07 12:28:23 - [MESSAGE][PASSED] - Object 'Object Repository/Page_Reevio Video Maker/Editor_Scene_5' is present

2020-02-07 12:28:23 - [TEST_STEP][PASSED] - doubleClick(findTestObject(sceneCore + i)): Object: 'Object Repository/Page_Reevio Video Maker/Editor_Scene_5' is double clicked on

2020-02-07 12:28:24 - [MESSAGE][PASSED] - Object: 'Object Repository/Page_Reevio Video Maker/Editor_Scene_5' is double clicked on

2020-02-07 12:28:24 - [TEST_STEP][PASSED] - click(findTestObject("Add video in placeholers/Video_img backgrounds/div_Background_Color")): Object: 'Object Repository/Add video in placeholers/Video_img backgrounds/div_Background_Color' is clicked on

2020-02-07 12:28:24 - [MESSAGE][PASSED] - Object: 'Object Repository/Add video in placeholers/Video_img backgrounds/div_Background_Color' is clicked on

2020-02-07 12:28:24 - [TEST_STEP][PASSED] - clearText(findTestObject("Add video in placeholers/Video_img repository (videos, imgs and buttons)/change color/input_RGB_hex-color")): Text of object 'Object Repository/Add video in placeholers/Video_img repository (videos, imgs and buttons)/change color/input_RGB_hex-color' is cleared

2020-02-07 12:28:24 - [MESSAGE][PASSED] - Text of object 'Object Repository/Add video in placeholers/Video_img repository (videos, imgs and buttons)/change color/input_RGB_hex-color' is cleared

2020-02-07 12:28:24 - [TEST_STEP][PASSED] - setText(findTestObject("Object Repository/Add video in placeholers/Video_img repository (videos, imgs and buttons)/change color/input_RGB_hex-color"), findTestData("vavowDate").getValue(6, 1)): Text '#123456' is set on object 'Object Repository/Add video in placeholers/Video_img repository (videos, imgs and buttons)/change color/input_RGB_hex-color'

2020-02-07 12:28:24 - [MESSAGE][PASSED] - Text '#123456' is set on object 'Object Repository/Add video in placeholers/Video_img repository (videos, imgs and buttons)/change color/input_RGB_hex-color'

2020-02-07 12:28:24 - [TEST_STEP][PASSED] - click(findTestObject("Object Repository/Add video in placeholers/Video_img repository (videos, imgs and buttons)/change color/button_Apply")): Object: 'Object Repository/Add video in placeholers/Video_img repository (videos, imgs and buttons)/change color/button_Apply' is clicked on

2020-02-07 12:28:25 - [MESSAGE][PASSED] - Object: 'Object Repository/Add video in placeholers/Video_img repository (videos, imgs and buttons)/change color/button_Apply' is clicked on

2020-02-07 12:28:25 - [TEST_STEP][PASSED] - if (verifyElementPresent(findTestObject("Page_Reevio Video Maker/Editor_Scene_" + i), 0) == true): null

2020-02-07 12:28:25 - [MESSAGE][WARNING] - Timeout '0' is invalid. Using default page load timeout: '1'

2020-02-07 12:28:25 - [MESSAGE][PASSED] - Object 'Object Repository/Page_Reevio Video Maker/Editor_Scene_5' is present

2020-02-07 12:28:25 - [TEST_STEP][PASSED] - doubleClick(findTestObject("Page_Reevio Video Maker/Editor_Scene_" + i)): Object: 'Object Repository/Page_Reevio Video Maker/Editor_Scene_5' is double clicked on

2020-02-07 12:28:25 - [MESSAGE][PASSED] - Object: 'Object Repository/Page_Reevio Video Maker/Editor_Scene_5' is double clicked on

2020-02-07 12:28:25 - [TEST_STEP][FAILED] - if (verifyElementInViewport(findTestObject("Object Repository/Page_Login/logoPlaceholder1"), 0)): Object 'Object Repository/Page_Login/logoPlaceholder1' is not present (Root cause: com.kms.katalon.core.exception.StepFailedException: Object 'Object Repository/Page_Login/logoPlaceholder1' is not present
	at com.kms.katalon.core.webui.keyword.internal.WebUIKeywordMain.stepFailed(WebUIKeywordMain.groovy:64)
	at com.kms.katalon.core.webui.keyword.builtin.VerifyElementVisibleInViewportKeyword$_verifyElementVisibleInViewport_closure1.doCall(VerifyElementVisibleInViewportKeyword.groovy:83)
	at com.kms.katalon.core.webui.keyword.builtin.VerifyElementVisibleInViewportKeyword$_verifyElementVisibleInViewport_closure1.call(VerifyElementVisibleInViewportKeyword.groovy)
	at com.kms.katalon.core.webui.keyword.internal.WebUIKeywordMain.runKeyword(WebUIKeywordMain.groovy:20)
	at com.kms.katalon.core.webui.keyword.builtin.VerifyElementVisibleInViewportKeyword.verifyElementVisibleInViewport(VerifyElementVisibleInViewportKeyword.groovy:86)
	at com.kms.katalon.core.webui.keyword.builtin.VerifyElementVisibleInViewportKeyword.execute(VerifyElementVisibleInViewportKeyword.groovy:68)
	at com.kms.katalon.core.keyword.internal.KeywordExecutor.executeKeywordForPlatform(KeywordExecutor.groovy:72)
	at com.kms.katalon.core.webui.keyword.WebUiBuiltInKeywords.verifyElementInViewport(WebUiBuiltInKeywords.groovy:3039)
	at com.kms.katalon.core.webui.keyword.WebUiBuiltInKeywords$verifyElementInViewport$14.call(Unknown Source)
	at Background adding (Color 1-30cs) cycle.run(Background adding (Color 1-30cs) cycle:38)
	at com.kms.katalon.core.main.ScriptEngine.run(ScriptEngine.java:194)
	at com.kms.katalon.core.main.ScriptEngine.runScriptAsRawText(ScriptEngine.java:119)
	at com.kms.katalon.core.main.TestCaseExecutor.runScript(TestCaseExecutor.java:337)
	at com.kms.katalon.core.main.TestCaseExecutor.doExecute(TestCaseExecutor.java:328)
	at com.kms.katalon.core.main.TestCaseExecutor.processExecutionPhase(TestCaseExecutor.java:307)
	at com.kms.katalon.core.main.TestCaseExecutor.accessMainPhase(TestCaseExecutor.java:299)
	at com.kms.katalon.core.main.TestCaseExecutor.execute(TestCaseExecutor.java:233)
	at com.kms.katalon.core.main.TestSuiteExecutor.accessTestCaseMainPhase(TestSuiteExecutor.java:169)
	at com.kms.katalon.core.main.TestSuiteExecutor.accessTestSuiteMainPhase(TestSuiteExecutor.java:142)
	at com.kms.katalon.core.main.TestSuiteExecutor.execute(TestSuiteExecutor.java:91)
	at com.kms.katalon.core.main.TestCaseMain.startTestSuite(TestCaseMain.java:157)
	at com.kms.katalon.core.main.TestCaseMain$startTestSuite$0.call(Unknown Source)
	at TempTestSuite1581071026566.run(TempTestSuite1581071026566.groovy:36)
)

2020-02-07 12:28:25 - [MESSAGE][WARNING] - Timeout '0' is invalid. Using default page load timeout: '1'

2020-02-07 12:28:26 - [MESSAGE][INFO] - Unable to find the element located by 'By.xpath: //div[@class = 'current-slide active-slide']//div[@class="uploded-pic frame ui-droppable"]'. Please recheck the objects properties to make sure the desired element is located. 

2020-02-07 12:28:26 - [MESSAGE][FAILED] - Object 'Object Repository/Page_Login/logoPlaceholder1' is not present (Root cause: com.kms.katalon.core.exception.StepFailedException: Object 'Object Repository/Page_Login/logoPlaceholder1' is not present
	at com.kms.katalon.core.webui.keyword.internal.WebUIKeywordMain.stepFailed(WebUIKeywordMain.groovy:64)
	at com.kms.katalon.core.webui.keyword.builtin.VerifyElementVisibleInViewportKeyword$_verifyElementVisibleInViewport_closure1.doCall(VerifyElementVisibleInViewportKeyword.groovy:83)
	at com.kms.katalon.core.webui.keyword.builtin.VerifyElementVisibleInViewportKeyword$_verifyElementVisibleInViewport_closure1.call(VerifyElementVisibleInViewportKeyword.groovy)
	at com.kms.katalon.core.webui.keyword.internal.WebUIKeywordMain.runKeyword(WebUIKeywordMain.groovy:20)
	at com.kms.katalon.core.webui.keyword.builtin.VerifyElementVisibleInViewportKeyword.verifyElementVisibleInViewport(VerifyElementVisibleInViewportKeyword.groovy:86)
	at com.kms.katalon.core.webui.keyword.builtin.VerifyElementVisibleInViewportKeyword.execute(VerifyElementVisibleInViewportKeyword.groovy:68)
	at com.kms.katalon.core.keyword.internal.KeywordExecutor.executeKeywordForPlatform(KeywordExecutor.groovy:72)
	at com.kms.katalon.core.webui.keyword.WebUiBuiltInKeywords.verifyElementInViewport(WebUiBuiltInKeywords.groovy:3039)
	at com.kms.katalon.core.webui.keyword.WebUiBuiltInKeywords$verifyElementInViewport$14.call(Unknown Source)
	at Background adding (Color 1-30cs) cycle.run(Background adding (Color 1-30cs) cycle:38)
	at com.kms.katalon.core.main.ScriptEngine.run(ScriptEngine.java:194)
	at com.kms.katalon.core.main.ScriptEngine.runScriptAsRawText(ScriptEngine.java:119)
	at com.kms.katalon.core.main.TestCaseExecutor.runScript(TestCaseExecutor.java:337)
	at com.kms.katalon.core.main.TestCaseExecutor.doExecute(TestCaseExecutor.java:328)
	at com.kms.katalon.core.main.TestCaseExecutor.processExecutionPhase(TestCaseExecutor.java:307)
	at com.kms.katalon.core.main.TestCaseExecutor.accessMainPhase(TestCaseExecutor.java:299)
	at com.kms.katalon.core.main.TestCaseExecutor.execute(TestCaseExecutor.java:233)
	at com.kms.katalon.core.main.TestSuiteExecutor.accessTestCaseMainPhase(TestSuiteExecutor.java:169)
	at com.kms.katalon.core.main.TestSuiteExecutor.accessTestSuiteMainPhase(TestSuiteExecutor.java:142)
	at com.kms.katalon.core.main.TestSuiteExecutor.execute(TestSuiteExecutor.java:91)
	at com.kms.katalon.core.main.TestCaseMain.startTestSuite(TestCaseMain.java:157)
	at com.kms.katalon.core.main.TestCaseMain$startTestSuite$0.call(Unknown Source)
	at TempTestSuite1581071026566.run(TempTestSuite1581071026566.groovy:36)
)

2020-02-07 12:28:26 - [TEST_STEP][PASSED] - Thread.sleep(500): null

2020-02-07 12:28:27 - [TEST_STEP][PASSED] - if (verifyElementPresent(findTestObject(sceneCore + i), 1) == true): null

2020-02-07 12:28:27 - [MESSAGE][PASSED] - Object 'Object Repository/Page_Reevio Video Maker/Editor_Scene_6' is present

2020-02-07 12:28:27 - [TEST_STEP][PASSED] - doubleClick(findTestObject(sceneCore + i)): Object: 'Object Repository/Page_Reevio Video Maker/Editor_Scene_6' is double clicked on

2020-02-07 12:28:27 - [MESSAGE][PASSED] - Object: 'Object Repository/Page_Reevio Video Maker/Editor_Scene_6' is double clicked on

2020-02-07 12:28:27 - [TEST_STEP][PASSED] - click(findTestObject("Add video in placeholers/Video_img backgrounds/div_Background_Color")): Object: 'Object Repository/Add video in placeholers/Video_img backgrounds/div_Background_Color' is clicked on

2020-02-07 12:28:30 - [MESSAGE][PASSED] - Object: 'Object Repository/Add video in placeholers/Video_img backgrounds/div_Background_Color' is clicked on

2020-02-07 12:28:30 - [TEST_STEP][FAILED] - clearText(findTestObject("Add video in placeholers/Video_img repository (videos, imgs and buttons)/change color/input_RGB_hex-color")): Unable to clear text of object 'Object Repository/Add video in placeholers/Video_img repository (videos, imgs and buttons)/change color/input_RGB_hex-color' (Root cause: com.kms.katalon.core.exception.StepFailedException: Unable to clear text of object 'Object Repository/Add video in placeholers/Video_img repository (videos, imgs and buttons)/change color/input_RGB_hex-color'
	at com.kms.katalon.core.webui.keyword.internal.WebUIKeywordMain.stepFailed(WebUIKeywordMain.groovy:64)
	at com.kms.katalon.core.webui.keyword.internal.WebUIKeywordMain.runKeyword(WebUIKeywordMain.groovy:42)
	at com.kms.katalon.core.webui.keyword.builtin.ClearTextKeyword.clearText(ClearTextKeyword.groovy:61)
	at com.kms.katalon.core.webui.keyword.builtin.ClearTextKeyword.execute(ClearTextKeyword.groovy:34)
	at com.kms.katalon.core.keyword.internal.KeywordExecutor.executeKeywordForPlatform(KeywordExecutor.groovy:72)
	at com.kms.katalon.core.webui.keyword.WebUiBuiltInKeywords.clearText(WebUiBuiltInKeywords.groovy:3817)
	at com.kms.katalon.core.webui.keyword.WebUiBuiltInKeywords$clearText$13.call(Unknown Source)
	at Background adding (Color 1-30cs) cycle.run(Background adding (Color 1-30cs) cycle:28)
	at com.kms.katalon.core.main.ScriptEngine.run(ScriptEngine.java:194)
	at com.kms.katalon.core.main.ScriptEngine.runScriptAsRawText(ScriptEngine.java:119)
	at com.kms.katalon.core.main.TestCaseExecutor.runScript(TestCaseExecutor.java:337)
	at com.kms.katalon.core.main.TestCaseExecutor.doExecute(TestCaseExecutor.java:328)
	at com.kms.katalon.core.main.TestCaseExecutor.processExecutionPhase(TestCaseExecutor.java:307)
	at com.kms.katalon.core.main.TestCaseExecutor.accessMainPhase(TestCaseExecutor.java:299)
	at com.kms.katalon.core.main.TestCaseExecutor.execute(TestCaseExecutor.java:233)
	at com.kms.katalon.core.main.TestSuiteExecutor.accessTestCaseMainPhase(TestSuiteExecutor.java:169)
	at com.kms.katalon.core.main.TestSuiteExecutor.accessTestSuiteMainPhase(TestSuiteExecutor.java:142)
	at com.kms.katalon.core.main.TestSuiteExecutor.execute(TestSuiteExecutor.java:91)
	at com.kms.katalon.core.main.TestCaseMain.startTestSuite(TestCaseMain.java:157)
	at com.kms.katalon.core.main.TestCaseMain$startTestSuite$0.call(Unknown Source)
	at TempTestSuite1581071026566.run(TempTestSuite1581071026566.groovy:36)
Caused by: org.openqa.selenium.ElementNotInteractableException: element not interactable
  (Session info: chrome=80.0.3987.87)
Build info: version: '3.141.59', revision: 'e82be7d358', time: '2018-11-14T08:25:53'
System info: host: 'DESKTOP-J4SE4C2', ip: '192.168.1.111', os.name: 'Windows 10', os.arch: 'amd64', os.version: '10.0', java.version: '1.8.0_181'
Driver info: com.kms.katalon.selenium.driver.CChromeDriver
Capabilities {acceptInsecureCerts: false, browserName: chrome, browserVersion: 80.0.3987.87, chrome: {chromedriverVersion: 79.0.3945.36 (3582db32b3389..., userDataDir: C:\Users\tester-3\AppData\L...}, goog:chromeOptions: {debuggerAddress: localhost:62942}, javascriptEnabled: true, networkConnectionEnabled: false, pageLoadStrategy: normal, platform: WINDOWS, platformName: WINDOWS, proxy: Proxy(), setWindowRect: true, strictFileInteractability: false, timeouts: {implicit: 0, pageLoad: 300000, script: 30000}, unhandledPromptBehavior: dismiss and notify}
Session ID: bbf6aef9af687f1f0d8398ad8247ced3
	at org.openqa.selenium.remote.http.W3CHttpResponseCodec.createException(W3CHttpResponseCodec.java:187)
	at org.openqa.selenium.remote.http.W3CHttpResponseCodec.decode(W3CHttpResponseCodec.java:122)
	at org.openqa.selenium.remote.http.W3CHttpResponseCodec.decode(W3CHttpResponseCodec.java:49)
	at org.openqa.selenium.remote.HttpCommandExecutor.execute(HttpCommandExecutor.java:158)
	at org.openqa.selenium.remote.service.DriverCommandExecutor.execute(DriverCommandExecutor.java:83)
	at org.openqa.selenium.remote.RemoteWebDriver.execute(RemoteWebDriver.java:552)
	at com.kms.katalon.selenium.driver.CChromeDriver.execute(CChromeDriver.java:19)
	at org.openqa.selenium.remote.RemoteWebElement.execute(RemoteWebElement.java:285)
	at org.openqa.selenium.remote.RemoteWebElement.clear(RemoteWebElement.java:124)
	at org.openqa.selenium.support.events.EventFiringWebDriver$EventFiringWebElement.lambda$new$0(EventFiringWebDriver.java:404)
	at com.sun.proxy.$Proxy9.clear(Unknown Source)
	at org.openqa.selenium.support.events.EventFiringWebDriver$EventFiringWebElement.clear(EventFiringWebDriver.java:436)
	at com.kms.katalon.core.webui.keyword.builtin.ClearTextKeyword$_clearText_closure1.doCall(ClearTextKeyword.groovy:46)
	at com.kms.katalon.core.webui.keyword.builtin.ClearTextKeyword$_clearText_closure1.call(ClearTextKeyword.groovy)
	at com.kms.katalon.core.webui.keyword.internal.WebUIKeywordMain.runKeyword(WebUIKeywordMain.groovy:33)
	at com.kms.katalon.core.webui.keyword.builtin.ClearTextKeyword.clearText(ClearTextKeyword.groovy:61)
	at com.kms.katalon.core.webui.keyword.builtin.ClearTextKeyword.execute(ClearTextKeyword.groovy:34)
	at com.kms.katalon.core.keyword.internal.KeywordExecutor.executeKeywordForPlatform(KeywordExecutor.groovy:72)
	at com.kms.katalon.core.webui.keyword.WebUiBuiltInKeywords.clearText(WebUiBuiltInKeywords.groovy:3817)
	at com.kms.katalon.core.webui.keyword.WebUiBuiltInKeywords$clearText$13.call(Unknown Source)
	at Script1569934964419.run(Script1569934964419.groovy:28)
	... 13 more
)

2020-02-07 12:28:30 - [MESSAGE][FAILED] - Unable to clear text of object 'Object Repository/Add video in placeholers/Video_img repository (videos, imgs and buttons)/change color/input_RGB_hex-color' (Root cause: com.kms.katalon.core.exception.StepFailedException: Unable to clear text of object 'Object Repository/Add video in placeholers/Video_img repository (videos, imgs and buttons)/change color/input_RGB_hex-color'
	at com.kms.katalon.core.webui.keyword.internal.WebUIKeywordMain.stepFailed(WebUIKeywordMain.groovy:64)
	at com.kms.katalon.core.webui.keyword.internal.WebUIKeywordMain.runKeyword(WebUIKeywordMain.groovy:42)
	at com.kms.katalon.core.webui.keyword.builtin.ClearTextKeyword.clearText(ClearTextKeyword.groovy:61)
	at com.kms.katalon.core.webui.keyword.builtin.ClearTextKeyword.execute(ClearTextKeyword.groovy:34)
	at com.kms.katalon.core.keyword.internal.KeywordExecutor.executeKeywordForPlatform(KeywordExecutor.groovy:72)
	at com.kms.katalon.core.webui.keyword.WebUiBuiltInKeywords.clearText(WebUiBuiltInKeywords.groovy:3817)
	at com.kms.katalon.core.webui.keyword.WebUiBuiltInKeywords$clearText$13.call(Unknown Source)
	at Background adding (Color 1-30cs) cycle.run(Background adding (Color 1-30cs) cycle:28)
	at com.kms.katalon.core.main.ScriptEngine.run(ScriptEngine.java:194)
	at com.kms.katalon.core.main.ScriptEngine.runScriptAsRawText(ScriptEngine.java:119)
	at com.kms.katalon.core.main.TestCaseExecutor.runScript(TestCaseExecutor.java:337)
	at com.kms.katalon.core.main.TestCaseExecutor.doExecute(TestCaseExecutor.java:328)
	at com.kms.katalon.core.main.TestCaseExecutor.processExecutionPhase(TestCaseExecutor.java:307)
	at com.kms.katalon.core.main.TestCaseExecutor.accessMainPhase(TestCaseExecutor.java:299)
	at com.kms.katalon.core.main.TestCaseExecutor.execute(TestCaseExecutor.java:233)
	at com.kms.katalon.core.main.TestSuiteExecutor.accessTestCaseMainPhase(TestSuiteExecutor.java:169)
	at com.kms.katalon.core.main.TestSuiteExecutor.accessTestSuiteMainPhase(TestSuiteExecutor.java:142)
	at com.kms.katalon.core.main.TestSuiteExecutor.execute(TestSuiteExecutor.java:91)
	at com.kms.katalon.core.main.TestCaseMain.startTestSuite(TestCaseMain.java:157)
	at com.kms.katalon.core.main.TestCaseMain$startTestSuite$0.call(Unknown Source)
	at TempTestSuite1581071026566.run(TempTestSuite1581071026566.groovy:36)
Caused by: org.openqa.selenium.ElementNotInteractableException: element not interactable
  (Session info: chrome=80.0.3987.87)
Build info: version: '3.141.59', revision: 'e82be7d358', time: '2018-11-14T08:25:53'
System info: host: 'DESKTOP-J4SE4C2', ip: '192.168.1.111', os.name: 'Windows 10', os.arch: 'amd64', os.version: '10.0', java.version: '1.8.0_181'
Driver info: com.kms.katalon.selenium.driver.CChromeDriver
Capabilities {acceptInsecureCerts: false, browserName: chrome, browserVersion: 80.0.3987.87, chrome: {chromedriverVersion: 79.0.3945.36 (3582db32b3389..., userDataDir: C:\Users\tester-3\AppData\L...}, goog:chromeOptions: {debuggerAddress: localhost:62942}, javascriptEnabled: true, networkConnectionEnabled: false, pageLoadStrategy: normal, platform: WINDOWS, platformName: WINDOWS, proxy: Proxy(), setWindowRect: true, strictFileInteractability: false, timeouts: {implicit: 0, pageLoad: 300000, script: 30000}, unhandledPromptBehavior: dismiss and notify}
Session ID: bbf6aef9af687f1f0d8398ad8247ced3
	at org.openqa.selenium.remote.http.W3CHttpResponseCodec.createException(W3CHttpResponseCodec.java:187)
	at org.openqa.selenium.remote.http.W3CHttpResponseCodec.decode(W3CHttpResponseCodec.java:122)
	at org.openqa.selenium.remote.http.W3CHttpResponseCodec.decode(W3CHttpResponseCodec.java:49)
	at org.openqa.selenium.remote.HttpCommandExecutor.execute(HttpCommandExecutor.java:158)
	at org.openqa.selenium.remote.service.DriverCommandExecutor.execute(DriverCommandExecutor.java:83)
	at org.openqa.selenium.remote.RemoteWebDriver.execute(RemoteWebDriver.java:552)
	at com.kms.katalon.selenium.driver.CChromeDriver.execute(CChromeDriver.java:19)
	at org.openqa.selenium.remote.RemoteWebElement.execute(RemoteWebElement.java:285)
	at org.openqa.selenium.remote.RemoteWebElement.clear(RemoteWebElement.java:124)
	at org.openqa.selenium.support.events.EventFiringWebDriver$EventFiringWebElement.lambda$new$0(EventFiringWebDriver.java:404)
	at com.sun.proxy.$Proxy9.clear(Unknown Source)
	at org.openqa.selenium.support.events.EventFiringWebDriver$EventFiringWebElement.clear(EventFiringWebDriver.java:436)
	at com.kms.katalon.core.webui.keyword.builtin.ClearTextKeyword$_clearText_closure1.doCall(ClearTextKeyword.groovy:46)
	at com.kms.katalon.core.webui.keyword.builtin.ClearTextKeyword$_clearText_closure1.call(ClearTextKeyword.groovy)
	at com.kms.katalon.core.webui.keyword.internal.WebUIKeywordMain.runKeyword(WebUIKeywordMain.groovy:33)
	at com.kms.katalon.core.webui.keyword.builtin.ClearTextKeyword.clearText(ClearTextKeyword.groovy:61)
	at com.kms.katalon.core.webui.keyword.builtin.ClearTextKeyword.execute(ClearTextKeyword.groovy:34)
	at com.kms.katalon.core.keyword.internal.KeywordExecutor.executeKeywordForPlatform(KeywordExecutor.groovy:72)
	at com.kms.katalon.core.webui.keyword.WebUiBuiltInKeywords.clearText(WebUiBuiltInKeywords.groovy:3817)
	at com.kms.katalon.core.webui.keyword.WebUiBuiltInKeywords$clearText$13.call(Unknown Source)
	at Script1569934964419.run(Script1569934964419.groovy:28)
	... 13 more
)

2020-02-07 12:28:30 - [TEST_STEP][FAILED] - setText(findTestObject("Object Repository/Add video in placeholers/Video_img repository (videos, imgs and buttons)/change color/input_RGB_hex-color"), findTestData("vavowDate").getValue(6, 1)): Unable to set text '#123456' of object 'Object Repository/Add video in placeholers/Video_img repository (videos, imgs and buttons)/change color/input_RGB_hex-color' (Root cause: com.kms.katalon.core.exception.StepFailedException: Unable to set text '#123456' of object 'Object Repository/Add video in placeholers/Video_img repository (videos, imgs and buttons)/change color/input_RGB_hex-color'
	at com.kms.katalon.core.webui.keyword.internal.WebUIKeywordMain.stepFailed(WebUIKeywordMain.groovy:64)
	at com.kms.katalon.core.webui.keyword.internal.WebUIKeywordMain.runKeyword(WebUIKeywordMain.groovy:26)
	at com.kms.katalon.core.webui.keyword.builtin.SetTextKeyword.setText(SetTextKeyword.groovy:66)
	at com.kms.katalon.core.webui.keyword.builtin.SetTextKeyword.execute(SetTextKeyword.groovy:37)
	at com.kms.katalon.core.keyword.internal.KeywordExecutor.executeKeywordForPlatform(KeywordExecutor.groovy:72)
	at com.kms.katalon.core.webui.keyword.WebUiBuiltInKeywords.setText(WebUiBuiltInKeywords.groovy:950)
	at com.kms.katalon.core.webui.keyword.WebUiBuiltInKeywords$setText$4.call(Unknown Source)
	at Background adding (Color 1-30cs) cycle.run(Background adding (Color 1-30cs) cycle:31)
	at com.kms.katalon.core.main.ScriptEngine.run(ScriptEngine.java:194)
	at com.kms.katalon.core.main.ScriptEngine.runScriptAsRawText(ScriptEngine.java:119)
	at com.kms.katalon.core.main.TestCaseExecutor.runScript(TestCaseExecutor.java:337)
	at com.kms.katalon.core.main.TestCaseExecutor.doExecute(TestCaseExecutor.java:328)
	at com.kms.katalon.core.main.TestCaseExecutor.processExecutionPhase(TestCaseExecutor.java:307)
	at com.kms.katalon.core.main.TestCaseExecutor.accessMainPhase(TestCaseExecutor.java:299)
	at com.kms.katalon.core.main.TestCaseExecutor.execute(TestCaseExecutor.java:233)
	at com.kms.katalon.core.main.TestSuiteExecutor.accessTestCaseMainPhase(TestSuiteExecutor.java:169)
	at com.kms.katalon.core.main.TestSuiteExecutor.accessTestSuiteMainPhase(TestSuiteExecutor.java:142)
	at com.kms.katalon.core.main.TestSuiteExecutor.execute(TestSuiteExecutor.java:91)
	at com.kms.katalon.core.main.TestCaseMain.startTestSuite(TestCaseMain.java:157)
	at com.kms.katalon.core.main.TestCaseMain$startTestSuite$0.call(Unknown Source)
	at TempTestSuite1581071026566.run(TempTestSuite1581071026566.groovy:36)
Caused by: org.openqa.selenium.ElementNotInteractableException: element not interactable
  (Session info: chrome=80.0.3987.87)
Build info: version: '3.141.59', revision: 'e82be7d358', time: '2018-11-14T08:25:53'
System info: host: 'DESKTOP-J4SE4C2', ip: '192.168.1.111', os.name: 'Windows 10', os.arch: 'amd64', os.version: '10.0', java.version: '1.8.0_181'
Driver info: com.kms.katalon.selenium.driver.CChromeDriver
Capabilities {acceptInsecureCerts: false, browserName: chrome, browserVersion: 80.0.3987.87, chrome: {chromedriverVersion: 79.0.3945.36 (3582db32b3389..., userDataDir: C:\Users\tester-3\AppData\L...}, goog:chromeOptions: {debuggerAddress: localhost:62942}, javascriptEnabled: true, networkConnectionEnabled: false, pageLoadStrategy: normal, platform: WINDOWS, platformName: WINDOWS, proxy: Proxy(), setWindowRect: true, strictFileInteractability: false, timeouts: {implicit: 0, pageLoad: 300000, script: 30000}, unhandledPromptBehavior: dismiss and notify}
Session ID: bbf6aef9af687f1f0d8398ad8247ced3
	at org.openqa.selenium.remote.http.W3CHttpResponseCodec.createException(W3CHttpResponseCodec.java:187)
	at org.openqa.selenium.remote.http.W3CHttpResponseCodec.decode(W3CHttpResponseCodec.java:122)
	at org.openqa.selenium.remote.http.W3CHttpResponseCodec.decode(W3CHttpResponseCodec.java:49)
	at org.openqa.selenium.remote.HttpCommandExecutor.execute(HttpCommandExecutor.java:158)
	at org.openqa.selenium.remote.service.DriverCommandExecutor.execute(DriverCommandExecutor.java:83)
	at org.openqa.selenium.remote.RemoteWebDriver.execute(RemoteWebDriver.java:552)
	at com.kms.katalon.selenium.driver.CChromeDriver.execute(CChromeDriver.java:19)
	at org.openqa.selenium.remote.RemoteWebElement.execute(RemoteWebElement.java:285)
	at org.openqa.selenium.remote.RemoteWebElement.clear(RemoteWebElement.java:124)
	at org.openqa.selenium.support.events.EventFiringWebDriver$EventFiringWebElement.lambda$new$0(EventFiringWebDriver.java:404)
	at com.sun.proxy.$Proxy9.clear(Unknown Source)
	at org.openqa.selenium.support.events.EventFiringWebDriver$EventFiringWebElement.clear(EventFiringWebDriver.java:436)
	at com.kms.katalon.core.webui.keyword.builtin.SetTextKeyword$_setText_closure1.doCall(SetTextKeyword.groovy:53)
	at com.kms.katalon.core.webui.keyword.builtin.SetTextKeyword$_setText_closure1.call(SetTextKeyword.groovy)
	at com.kms.katalon.core.webui.keyword.internal.WebUIKeywordMain.runKeyword(WebUIKeywordMain.groovy:20)
	at com.kms.katalon.core.webui.keyword.builtin.SetTextKeyword.setText(SetTextKeyword.groovy:66)
	at com.kms.katalon.core.webui.keyword.builtin.SetTextKeyword.execute(SetTextKeyword.groovy:37)
	at com.kms.katalon.core.keyword.internal.KeywordExecutor.executeKeywordForPlatform(KeywordExecutor.groovy:72)
	at com.kms.katalon.core.webui.keyword.WebUiBuiltInKeywords.setText(WebUiBuiltInKeywords.groovy:950)
	at com.kms.katalon.core.webui.keyword.WebUiBuiltInKeywords$setText$4.call(Unknown Source)
	at Script1569934964419.run(Script1569934964419.groovy:31)
	... 13 more
)

2020-02-07 12:28:30 - [MESSAGE][FAILED] - Unable to set text '#123456' of object 'Object Repository/Add video in placeholers/Video_img repository (videos, imgs and buttons)/change color/input_RGB_hex-color' (Root cause: com.kms.katalon.core.exception.StepFailedException: Unable to set text '#123456' of object 'Object Repository/Add video in placeholers/Video_img repository (videos, imgs and buttons)/change color/input_RGB_hex-color'
	at com.kms.katalon.core.webui.keyword.internal.WebUIKeywordMain.stepFailed(WebUIKeywordMain.groovy:64)
	at com.kms.katalon.core.webui.keyword.internal.WebUIKeywordMain.runKeyword(WebUIKeywordMain.groovy:26)
	at com.kms.katalon.core.webui.keyword.builtin.SetTextKeyword.setText(SetTextKeyword.groovy:66)
	at com.kms.katalon.core.webui.keyword.builtin.SetTextKeyword.execute(SetTextKeyword.groovy:37)
	at com.kms.katalon.core.keyword.internal.KeywordExecutor.executeKeywordForPlatform(KeywordExecutor.groovy:72)
	at com.kms.katalon.core.webui.keyword.WebUiBuiltInKeywords.setText(WebUiBuiltInKeywords.groovy:950)
	at com.kms.katalon.core.webui.keyword.WebUiBuiltInKeywords$setText$4.call(Unknown Source)
	at Background adding (Color 1-30cs) cycle.run(Background adding (Color 1-30cs) cycle:31)
	at com.kms.katalon.core.main.ScriptEngine.run(ScriptEngine.java:194)
	at com.kms.katalon.core.main.ScriptEngine.runScriptAsRawText(ScriptEngine.java:119)
	at com.kms.katalon.core.main.TestCaseExecutor.runScript(TestCaseExecutor.java:337)
	at com.kms.katalon.core.main.TestCaseExecutor.doExecute(TestCaseExecutor.java:328)
	at com.kms.katalon.core.main.TestCaseExecutor.processExecutionPhase(TestCaseExecutor.java:307)
	at com.kms.katalon.core.main.TestCaseExecutor.accessMainPhase(TestCaseExecutor.java:299)
	at com.kms.katalon.core.main.TestCaseExecutor.execute(TestCaseExecutor.java:233)
	at com.kms.katalon.core.main.TestSuiteExecutor.accessTestCaseMainPhase(TestSuiteExecutor.java:169)
	at com.kms.katalon.core.main.TestSuiteExecutor.accessTestSuiteMainPhase(TestSuiteExecutor.java:142)
	at com.kms.katalon.core.main.TestSuiteExecutor.execute(TestSuiteExecutor.java:91)
	at com.kms.katalon.core.main.TestCaseMain.startTestSuite(TestCaseMain.java:157)
	at com.kms.katalon.core.main.TestCaseMain$startTestSuite$0.call(Unknown Source)
	at TempTestSuite1581071026566.run(TempTestSuite1581071026566.groovy:36)
Caused by: org.openqa.selenium.ElementNotInteractableException: element not interactable
  (Session info: chrome=80.0.3987.87)
Build info: version: '3.141.59', revision: 'e82be7d358', time: '2018-11-14T08:25:53'
System info: host: 'DESKTOP-J4SE4C2', ip: '192.168.1.111', os.name: 'Windows 10', os.arch: 'amd64', os.version: '10.0', java.version: '1.8.0_181'
Driver info: com.kms.katalon.selenium.driver.CChromeDriver
Capabilities {acceptInsecureCerts: false, browserName: chrome, browserVersion: 80.0.3987.87, chrome: {chromedriverVersion: 79.0.3945.36 (3582db32b3389..., userDataDir: C:\Users\tester-3\AppData\L...}, goog:chromeOptions: {debuggerAddress: localhost:62942}, javascriptEnabled: true, networkConnectionEnabled: false, pageLoadStrategy: normal, platform: WINDOWS, platformName: WINDOWS, proxy: Proxy(), setWindowRect: true, strictFileInteractability: false, timeouts: {implicit: 0, pageLoad: 300000, script: 30000}, unhandledPromptBehavior: dismiss and notify}
Session ID: bbf6aef9af687f1f0d8398ad8247ced3
	at org.openqa.selenium.remote.http.W3CHttpResponseCodec.createException(W3CHttpResponseCodec.java:187)
	at org.openqa.selenium.remote.http.W3CHttpResponseCodec.decode(W3CHttpResponseCodec.java:122)
	at org.openqa.selenium.remote.http.W3CHttpResponseCodec.decode(W3CHttpResponseCodec.java:49)
	at org.openqa.selenium.remote.HttpCommandExecutor.execute(HttpCommandExecutor.java:158)
	at org.openqa.selenium.remote.service.DriverCommandExecutor.execute(DriverCommandExecutor.java:83)
	at org.openqa.selenium.remote.RemoteWebDriver.execute(RemoteWebDriver.java:552)
	at com.kms.katalon.selenium.driver.CChromeDriver.execute(CChromeDriver.java:19)
	at org.openqa.selenium.remote.RemoteWebElement.execute(RemoteWebElement.java:285)
	at org.openqa.selenium.remote.RemoteWebElement.clear(RemoteWebElement.java:124)
	at org.openqa.selenium.support.events.EventFiringWebDriver$EventFiringWebElement.lambda$new$0(EventFiringWebDriver.java:404)
	at com.sun.proxy.$Proxy9.clear(Unknown Source)
	at org.openqa.selenium.support.events.EventFiringWebDriver$EventFiringWebElement.clear(EventFiringWebDriver.java:436)
	at com.kms.katalon.core.webui.keyword.builtin.SetTextKeyword$_setText_closure1.doCall(SetTextKeyword.groovy:53)
	at com.kms.katalon.core.webui.keyword.builtin.SetTextKeyword$_setText_closure1.call(SetTextKeyword.groovy)
	at com.kms.katalon.core.webui.keyword.internal.WebUIKeywordMain.runKeyword(WebUIKeywordMain.groovy:20)
	at com.kms.katalon.core.webui.keyword.builtin.SetTextKeyword.setText(SetTextKeyword.groovy:66)
	at com.kms.katalon.core.webui.keyword.builtin.SetTextKeyword.execute(SetTextKeyword.groovy:37)
	at com.kms.katalon.core.keyword.internal.KeywordExecutor.executeKeywordForPlatform(KeywordExecutor.groovy:72)
	at com.kms.katalon.core.webui.keyword.WebUiBuiltInKeywords.setText(WebUiBuiltInKeywords.groovy:950)
	at com.kms.katalon.core.webui.keyword.WebUiBuiltInKeywords$setText$4.call(Unknown Source)
	at Script1569934964419.run(Script1569934964419.groovy:31)
	... 13 more
)

2020-02-07 12:28:30 - [TEST_STEP][PASSED] - click(findTestObject("Object Repository/Add video in placeholers/Video_img repository (videos, imgs and buttons)/change color/button_Apply")): Object: 'Object Repository/Add video in placeholers/Video_img repository (videos, imgs and buttons)/change color/button_Apply' is clicked on

2020-02-07 12:28:30 - [MESSAGE][ERROR] - javascript error: Failed to execute 'elementsFromPoint' on 'Document': The provided double value is non-finite.
  (Session info: chrome=80.0.3987.87)
Build info: version: '3.141.59', revision: 'e82be7d358', time: '2018-11-14T08:25:53'
System info: host: 'DESKTOP-J4SE4C2', ip: '192.168.1.111', os.name: 'Windows 10', os.arch: 'amd64', os.version: '10.0', java.version: '1.8.0_181'
Driver info: com.kms.katalon.selenium.driver.CChromeDriver
Capabilities {acceptInsecureCerts: false, browserName: chrome, browserVersion: 80.0.3987.87, chrome: {chromedriverVersion: 79.0.3945.36 (3582db32b3389..., userDataDir: C:\Users\tester-3\AppData\L...}, goog:chromeOptions: {debuggerAddress: localhost:62942}, javascriptEnabled: true, networkConnectionEnabled: false, pageLoadStrategy: normal, platform: WINDOWS, platformName: WINDOWS, proxy: Proxy(), setWindowRect: true, strictFileInteractability: false, timeouts: {implicit: 0, pageLoad: 300000, script: 30000}, unhandledPromptBehavior: dismiss and notify}
Session ID: bbf6aef9af687f1f0d8398ad8247ced3

2020-02-07 12:28:31 - [MESSAGE][ERROR] - javascript error: Failed to execute 'elementsFromPoint' on 'Document': The provided double value is non-finite.
  (Session info: chrome=80.0.3987.87)
Build info: version: '3.141.59', revision: 'e82be7d358', time: '2018-11-14T08:25:53'
System info: host: 'DESKTOP-J4SE4C2', ip: '192.168.1.111', os.name: 'Windows 10', os.arch: 'amd64', os.version: '10.0', java.version: '1.8.0_181'
Driver info: com.kms.katalon.selenium.driver.CChromeDriver
Capabilities {acceptInsecureCerts: false, browserName: chrome, browserVersion: 80.0.3987.87, chrome: {chromedriverVersion: 79.0.3945.36 (3582db32b3389..., userDataDir: C:\Users\tester-3\AppData\L...}, goog:chromeOptions: {debuggerAddress: localhost:62942}, javascriptEnabled: true, networkConnectionEnabled: false, pageLoadStrategy: normal, platform: WINDOWS, platformName: WINDOWS, proxy: Proxy(), setWindowRect: true, strictFileInteractability: false, timeouts: {implicit: 0, pageLoad: 300000, script: 30000}, unhandledPromptBehavior: dismiss and notify}
Session ID: bbf6aef9af687f1f0d8398ad8247ced3

2020-02-07 12:28:31 - [MESSAGE][PASSED] - Object: 'Object Repository/Add video in placeholers/Video_img repository (videos, imgs and buttons)/change color/button_Apply' is clicked on

2020-02-07 12:28:31 - [TEST_STEP][PASSED] - if (verifyElementPresent(findTestObject("Page_Reevio Video Maker/Editor_Scene_" + i), 0) == true): null

2020-02-07 12:28:31 - [MESSAGE][WARNING] - Timeout '0' is invalid. Using default page load timeout: '1'

2020-02-07 12:28:31 - [MESSAGE][PASSED] - Object 'Object Repository/Page_Reevio Video Maker/Editor_Scene_6' is present

2020-02-07 12:28:31 - [TEST_STEP][PASSED] - doubleClick(findTestObject("Page_Reevio Video Maker/Editor_Scene_" + i)): Object: 'Object Repository/Page_Reevio Video Maker/Editor_Scene_6' is double clicked on

2020-02-07 12:28:31 - [MESSAGE][PASSED] - Object: 'Object Repository/Page_Reevio Video Maker/Editor_Scene_6' is double clicked on

2020-02-07 12:28:31 - [TEST_STEP][FAILED] - if (verifyElementInViewport(findTestObject("Object Repository/Page_Login/logoPlaceholder1"), 0)): Object 'Object Repository/Page_Login/logoPlaceholder1' is not present (Root cause: com.kms.katalon.core.exception.StepFailedException: Object 'Object Repository/Page_Login/logoPlaceholder1' is not present
	at com.kms.katalon.core.webui.keyword.internal.WebUIKeywordMain.stepFailed(WebUIKeywordMain.groovy:64)
	at com.kms.katalon.core.webui.keyword.builtin.VerifyElementVisibleInViewportKeyword$_verifyElementVisibleInViewport_closure1.doCall(VerifyElementVisibleInViewportKeyword.groovy:83)
	at com.kms.katalon.core.webui.keyword.builtin.VerifyElementVisibleInViewportKeyword$_verifyElementVisibleInViewport_closure1.call(VerifyElementVisibleInViewportKeyword.groovy)
	at com.kms.katalon.core.webui.keyword.internal.WebUIKeywordMain.runKeyword(WebUIKeywordMain.groovy:20)
	at com.kms.katalon.core.webui.keyword.builtin.VerifyElementVisibleInViewportKeyword.verifyElementVisibleInViewport(VerifyElementVisibleInViewportKeyword.groovy:86)
	at com.kms.katalon.core.webui.keyword.builtin.VerifyElementVisibleInViewportKeyword.execute(VerifyElementVisibleInViewportKeyword.groovy:68)
	at com.kms.katalon.core.keyword.internal.KeywordExecutor.executeKeywordForPlatform(KeywordExecutor.groovy:72)
	at com.kms.katalon.core.webui.keyword.WebUiBuiltInKeywords.verifyElementInViewport(WebUiBuiltInKeywords.groovy:3039)
	at com.kms.katalon.core.webui.keyword.WebUiBuiltInKeywords$verifyElementInViewport$14.call(Unknown Source)
	at Background adding (Color 1-30cs) cycle.run(Background adding (Color 1-30cs) cycle:38)
	at com.kms.katalon.core.main.ScriptEngine.run(ScriptEngine.java:194)
	at com.kms.katalon.core.main.ScriptEngine.runScriptAsRawText(ScriptEngine.java:119)
	at com.kms.katalon.core.main.TestCaseExecutor.runScript(TestCaseExecutor.java:337)
	at com.kms.katalon.core.main.TestCaseExecutor.doExecute(TestCaseExecutor.java:328)
	at com.kms.katalon.core.main.TestCaseExecutor.processExecutionPhase(TestCaseExecutor.java:307)
	at com.kms.katalon.core.main.TestCaseExecutor.accessMainPhase(TestCaseExecutor.java:299)
	at com.kms.katalon.core.main.TestCaseExecutor.execute(TestCaseExecutor.java:233)
	at com.kms.katalon.core.main.TestSuiteExecutor.accessTestCaseMainPhase(TestSuiteExecutor.java:169)
	at com.kms.katalon.core.main.TestSuiteExecutor.accessTestSuiteMainPhase(TestSuiteExecutor.java:142)
	at com.kms.katalon.core.main.TestSuiteExecutor.execute(TestSuiteExecutor.java:91)
	at com.kms.katalon.core.main.TestCaseMain.startTestSuite(TestCaseMain.java:157)
	at com.kms.katalon.core.main.TestCaseMain$startTestSuite$0.call(Unknown Source)
	at TempTestSuite1581071026566.run(TempTestSuite1581071026566.groovy:36)
)

2020-02-07 12:28:31 - [MESSAGE][WARNING] - Timeout '0' is invalid. Using default page load timeout: '1'

2020-02-07 12:28:32 - [MESSAGE][INFO] - Unable to find the element located by 'By.xpath: //div[@class = 'current-slide active-slide']//div[@class="uploded-pic frame ui-droppable"]'. Please recheck the objects properties to make sure the desired element is located. 

2020-02-07 12:28:32 - [MESSAGE][FAILED] - Object 'Object Repository/Page_Login/logoPlaceholder1' is not present (Root cause: com.kms.katalon.core.exception.StepFailedException: Object 'Object Repository/Page_Login/logoPlaceholder1' is not present
	at com.kms.katalon.core.webui.keyword.internal.WebUIKeywordMain.stepFailed(WebUIKeywordMain.groovy:64)
	at com.kms.katalon.core.webui.keyword.builtin.VerifyElementVisibleInViewportKeyword$_verifyElementVisibleInViewport_closure1.doCall(VerifyElementVisibleInViewportKeyword.groovy:83)
	at com.kms.katalon.core.webui.keyword.builtin.VerifyElementVisibleInViewportKeyword$_verifyElementVisibleInViewport_closure1.call(VerifyElementVisibleInViewportKeyword.groovy)
	at com.kms.katalon.core.webui.keyword.internal.WebUIKeywordMain.runKeyword(WebUIKeywordMain.groovy:20)
	at com.kms.katalon.core.webui.keyword.builtin.VerifyElementVisibleInViewportKeyword.verifyElementVisibleInViewport(VerifyElementVisibleInViewportKeyword.groovy:86)
	at com.kms.katalon.core.webui.keyword.builtin.VerifyElementVisibleInViewportKeyword.execute(VerifyElementVisibleInViewportKeyword.groovy:68)
	at com.kms.katalon.core.keyword.internal.KeywordExecutor.executeKeywordForPlatform(KeywordExecutor.groovy:72)
	at com.kms.katalon.core.webui.keyword.WebUiBuiltInKeywords.verifyElementInViewport(WebUiBuiltInKeywords.groovy:3039)
	at com.kms.katalon.core.webui.keyword.WebUiBuiltInKeywords$verifyElementInViewport$14.call(Unknown Source)
	at Background adding (Color 1-30cs) cycle.run(Background adding (Color 1-30cs) cycle:38)
	at com.kms.katalon.core.main.ScriptEngine.run(ScriptEngine.java:194)
	at com.kms.katalon.core.main.ScriptEngine.runScriptAsRawText(ScriptEngine.java:119)
	at com.kms.katalon.core.main.TestCaseExecutor.runScript(TestCaseExecutor.java:337)
	at com.kms.katalon.core.main.TestCaseExecutor.doExecute(TestCaseExecutor.java:328)
	at com.kms.katalon.core.main.TestCaseExecutor.processExecutionPhase(TestCaseExecutor.java:307)
	at com.kms.katalon.core.main.TestCaseExecutor.accessMainPhase(TestCaseExecutor.java:299)
	at com.kms.katalon.core.main.TestCaseExecutor.execute(TestCaseExecutor.java:233)
	at com.kms.katalon.core.main.TestSuiteExecutor.accessTestCaseMainPhase(TestSuiteExecutor.java:169)
	at com.kms.katalon.core.main.TestSuiteExecutor.accessTestSuiteMainPhase(TestSuiteExecutor.java:142)
	at com.kms.katalon.core.main.TestSuiteExecutor.execute(TestSuiteExecutor.java:91)
	at com.kms.katalon.core.main.TestCaseMain.startTestSuite(TestCaseMain.java:157)
	at com.kms.katalon.core.main.TestCaseMain$startTestSuite$0.call(Unknown Source)
	at TempTestSuite1581071026566.run(TempTestSuite1581071026566.groovy:36)
)

2020-02-07 12:28:32 - [TEST_STEP][PASSED] - Thread.sleep(500): null

2020-02-07 12:28:33 - [TEST_STEP][PASSED] - if (verifyElementPresent(findTestObject(sceneCore + i), 1) == true): null

2020-02-07 12:28:33 - [MESSAGE][PASSED] - Object 'Object Repository/Page_Reevio Video Maker/Editor_Scene_7' is present

2020-02-07 12:28:33 - [TEST_STEP][PASSED] - doubleClick(findTestObject(sceneCore + i)): Object: 'Object Repository/Page_Reevio Video Maker/Editor_Scene_7' is double clicked on

2020-02-07 12:28:33 - [MESSAGE][PASSED] - Object: 'Object Repository/Page_Reevio Video Maker/Editor_Scene_7' is double clicked on

2020-02-07 12:28:33 - [TEST_STEP][PASSED] - click(findTestObject("Add video in placeholers/Video_img backgrounds/div_Background_Color")): Object: 'Object Repository/Add video in placeholers/Video_img backgrounds/div_Background_Color' is clicked on

2020-02-07 12:28:33 - [MESSAGE][PASSED] - Object: 'Object Repository/Add video in placeholers/Video_img backgrounds/div_Background_Color' is clicked on

2020-02-07 12:28:33 - [TEST_STEP][PASSED] - clearText(findTestObject("Add video in placeholers/Video_img repository (videos, imgs and buttons)/change color/input_RGB_hex-color")): Text of object 'Object Repository/Add video in placeholers/Video_img repository (videos, imgs and buttons)/change color/input_RGB_hex-color' is cleared

2020-02-07 12:28:34 - [MESSAGE][PASSED] - Text of object 'Object Repository/Add video in placeholers/Video_img repository (videos, imgs and buttons)/change color/input_RGB_hex-color' is cleared

2020-02-07 12:28:34 - [TEST_STEP][PASSED] - setText(findTestObject("Object Repository/Add video in placeholers/Video_img repository (videos, imgs and buttons)/change color/input_RGB_hex-color"), findTestData("vavowDate").getValue(6, 1)): Text '#123456' is set on object 'Object Repository/Add video in placeholers/Video_img repository (videos, imgs and buttons)/change color/input_RGB_hex-color'

2020-02-07 12:28:34 - [MESSAGE][PASSED] - Text '#123456' is set on object 'Object Repository/Add video in placeholers/Video_img repository (videos, imgs and buttons)/change color/input_RGB_hex-color'

2020-02-07 12:28:34 - [TEST_STEP][PASSED] - click(findTestObject("Object Repository/Add video in placeholers/Video_img repository (videos, imgs and buttons)/change color/button_Apply")): Object: 'Object Repository/Add video in placeholers/Video_img repository (videos, imgs and buttons)/change color/button_Apply' is clicked on

2020-02-07 12:28:34 - [MESSAGE][PASSED] - Object: 'Object Repository/Add video in placeholers/Video_img repository (videos, imgs and buttons)/change color/button_Apply' is clicked on

2020-02-07 12:28:34 - [TEST_STEP][PASSED] - if (verifyElementPresent(findTestObject("Page_Reevio Video Maker/Editor_Scene_" + i), 0) == true): null

2020-02-07 12:28:34 - [MESSAGE][WARNING] - Timeout '0' is invalid. Using default page load timeout: '1'

2020-02-07 12:28:34 - [MESSAGE][PASSED] - Object 'Object Repository/Page_Reevio Video Maker/Editor_Scene_7' is present

2020-02-07 12:28:34 - [TEST_STEP][PASSED] - doubleClick(findTestObject("Page_Reevio Video Maker/Editor_Scene_" + i)): Object: 'Object Repository/Page_Reevio Video Maker/Editor_Scene_7' is double clicked on

2020-02-07 12:28:34 - [MESSAGE][PASSED] - Object: 'Object Repository/Page_Reevio Video Maker/Editor_Scene_7' is double clicked on

2020-02-07 12:28:34 - [TEST_STEP][FAILED] - if (verifyElementInViewport(findTestObject("Object Repository/Page_Login/logoPlaceholder1"), 0)): Object 'Object Repository/Page_Login/logoPlaceholder1' is not present (Root cause: com.kms.katalon.core.exception.StepFailedException: Object 'Object Repository/Page_Login/logoPlaceholder1' is not present
	at com.kms.katalon.core.webui.keyword.internal.WebUIKeywordMain.stepFailed(WebUIKeywordMain.groovy:64)
	at com.kms.katalon.core.webui.keyword.builtin.VerifyElementVisibleInViewportKeyword$_verifyElementVisibleInViewport_closure1.doCall(VerifyElementVisibleInViewportKeyword.groovy:83)
	at com.kms.katalon.core.webui.keyword.builtin.VerifyElementVisibleInViewportKeyword$_verifyElementVisibleInViewport_closure1.call(VerifyElementVisibleInViewportKeyword.groovy)
	at com.kms.katalon.core.webui.keyword.internal.WebUIKeywordMain.runKeyword(WebUIKeywordMain.groovy:20)
	at com.kms.katalon.core.webui.keyword.builtin.VerifyElementVisibleInViewportKeyword.verifyElementVisibleInViewport(VerifyElementVisibleInViewportKeyword.groovy:86)
	at com.kms.katalon.core.webui.keyword.builtin.VerifyElementVisibleInViewportKeyword.execute(VerifyElementVisibleInViewportKeyword.groovy:68)
	at com.kms.katalon.core.keyword.internal.KeywordExecutor.executeKeywordForPlatform(KeywordExecutor.groovy:72)
	at com.kms.katalon.core.webui.keyword.WebUiBuiltInKeywords.verifyElementInViewport(WebUiBuiltInKeywords.groovy:3039)
	at com.kms.katalon.core.webui.keyword.WebUiBuiltInKeywords$verifyElementInViewport$14.call(Unknown Source)
	at Background adding (Color 1-30cs) cycle.run(Background adding (Color 1-30cs) cycle:38)
	at com.kms.katalon.core.main.ScriptEngine.run(ScriptEngine.java:194)
	at com.kms.katalon.core.main.ScriptEngine.runScriptAsRawText(ScriptEngine.java:119)
	at com.kms.katalon.core.main.TestCaseExecutor.runScript(TestCaseExecutor.java:337)
	at com.kms.katalon.core.main.TestCaseExecutor.doExecute(TestCaseExecutor.java:328)
	at com.kms.katalon.core.main.TestCaseExecutor.processExecutionPhase(TestCaseExecutor.java:307)
	at com.kms.katalon.core.main.TestCaseExecutor.accessMainPhase(TestCaseExecutor.java:299)
	at com.kms.katalon.core.main.TestCaseExecutor.execute(TestCaseExecutor.java:233)
	at com.kms.katalon.core.main.TestSuiteExecutor.accessTestCaseMainPhase(TestSuiteExecutor.java:169)
	at com.kms.katalon.core.main.TestSuiteExecutor.accessTestSuiteMainPhase(TestSuiteExecutor.java:142)
	at com.kms.katalon.core.main.TestSuiteExecutor.execute(TestSuiteExecutor.java:91)
	at com.kms.katalon.core.main.TestCaseMain.startTestSuite(TestCaseMain.java:157)
	at com.kms.katalon.core.main.TestCaseMain$startTestSuite$0.call(Unknown Source)
	at TempTestSuite1581071026566.run(TempTestSuite1581071026566.groovy:36)
)

2020-02-07 12:28:34 - [MESSAGE][WARNING] - Timeout '0' is invalid. Using default page load timeout: '1'

2020-02-07 12:28:35 - [MESSAGE][INFO] - Unable to find the element located by 'By.xpath: //div[@class = 'current-slide active-slide']//div[@class="uploded-pic frame ui-droppable"]'. Please recheck the objects properties to make sure the desired element is located. 

2020-02-07 12:28:35 - [MESSAGE][FAILED] - Object 'Object Repository/Page_Login/logoPlaceholder1' is not present (Root cause: com.kms.katalon.core.exception.StepFailedException: Object 'Object Repository/Page_Login/logoPlaceholder1' is not present
	at com.kms.katalon.core.webui.keyword.internal.WebUIKeywordMain.stepFailed(WebUIKeywordMain.groovy:64)
	at com.kms.katalon.core.webui.keyword.builtin.VerifyElementVisibleInViewportKeyword$_verifyElementVisibleInViewport_closure1.doCall(VerifyElementVisibleInViewportKeyword.groovy:83)
	at com.kms.katalon.core.webui.keyword.builtin.VerifyElementVisibleInViewportKeyword$_verifyElementVisibleInViewport_closure1.call(VerifyElementVisibleInViewportKeyword.groovy)
	at com.kms.katalon.core.webui.keyword.internal.WebUIKeywordMain.runKeyword(WebUIKeywordMain.groovy:20)
	at com.kms.katalon.core.webui.keyword.builtin.VerifyElementVisibleInViewportKeyword.verifyElementVisibleInViewport(VerifyElementVisibleInViewportKeyword.groovy:86)
	at com.kms.katalon.core.webui.keyword.builtin.VerifyElementVisibleInViewportKeyword.execute(VerifyElementVisibleInViewportKeyword.groovy:68)
	at com.kms.katalon.core.keyword.internal.KeywordExecutor.executeKeywordForPlatform(KeywordExecutor.groovy:72)
	at com.kms.katalon.core.webui.keyword.WebUiBuiltInKeywords.verifyElementInViewport(WebUiBuiltInKeywords.groovy:3039)
	at com.kms.katalon.core.webui.keyword.WebUiBuiltInKeywords$verifyElementInViewport$14.call(Unknown Source)
	at Background adding (Color 1-30cs) cycle.run(Background adding (Color 1-30cs) cycle:38)
	at com.kms.katalon.core.main.ScriptEngine.run(ScriptEngine.java:194)
	at com.kms.katalon.core.main.ScriptEngine.runScriptAsRawText(ScriptEngine.java:119)
	at com.kms.katalon.core.main.TestCaseExecutor.runScript(TestCaseExecutor.java:337)
	at com.kms.katalon.core.main.TestCaseExecutor.doExecute(TestCaseExecutor.java:328)
	at com.kms.katalon.core.main.TestCaseExecutor.processExecutionPhase(TestCaseExecutor.java:307)
	at com.kms.katalon.core.main.TestCaseExecutor.accessMainPhase(TestCaseExecutor.java:299)
	at com.kms.katalon.core.main.TestCaseExecutor.execute(TestCaseExecutor.java:233)
	at com.kms.katalon.core.main.TestSuiteExecutor.accessTestCaseMainPhase(TestSuiteExecutor.java:169)
	at com.kms.katalon.core.main.TestSuiteExecutor.accessTestSuiteMainPhase(TestSuiteExecutor.java:142)
	at com.kms.katalon.core.main.TestSuiteExecutor.execute(TestSuiteExecutor.java:91)
	at com.kms.katalon.core.main.TestCaseMain.startTestSuite(TestCaseMain.java:157)
	at com.kms.katalon.core.main.TestCaseMain$startTestSuite$0.call(Unknown Source)
	at TempTestSuite1581071026566.run(TempTestSuite1581071026566.groovy:36)
)

2020-02-07 12:28:35 - [TEST_STEP][PASSED] - Thread.sleep(500): null

2020-02-07 12:28:36 - [TEST_STEP][PASSED] - if (verifyElementPresent(findTestObject(sceneCore + i), 1) == true): null

2020-02-07 12:28:36 - [MESSAGE][PASSED] - Object 'Object Repository/Page_Reevio Video Maker/Editor_Scene_8' is present

2020-02-07 12:28:36 - [TEST_STEP][PASSED] - doubleClick(findTestObject(sceneCore + i)): Object: 'Object Repository/Page_Reevio Video Maker/Editor_Scene_8' is double clicked on

2020-02-07 12:28:36 - [MESSAGE][PASSED] - Object: 'Object Repository/Page_Reevio Video Maker/Editor_Scene_8' is double clicked on

2020-02-07 12:28:36 - [TEST_STEP][PASSED] - click(findTestObject("Add video in placeholers/Video_img backgrounds/div_Background_Color")): Object: 'Object Repository/Add video in placeholers/Video_img backgrounds/div_Background_Color' is clicked on

2020-02-07 12:28:39 - [MESSAGE][PASSED] - Object: 'Object Repository/Add video in placeholers/Video_img backgrounds/div_Background_Color' is clicked on

2020-02-07 12:28:39 - [TEST_STEP][FAILED] - clearText(findTestObject("Add video in placeholers/Video_img repository (videos, imgs and buttons)/change color/input_RGB_hex-color")): Unable to clear text of object 'Object Repository/Add video in placeholers/Video_img repository (videos, imgs and buttons)/change color/input_RGB_hex-color' (Root cause: com.kms.katalon.core.exception.StepFailedException: Unable to clear text of object 'Object Repository/Add video in placeholers/Video_img repository (videos, imgs and buttons)/change color/input_RGB_hex-color'
	at com.kms.katalon.core.webui.keyword.internal.WebUIKeywordMain.stepFailed(WebUIKeywordMain.groovy:64)
	at com.kms.katalon.core.webui.keyword.internal.WebUIKeywordMain.runKeyword(WebUIKeywordMain.groovy:42)
	at com.kms.katalon.core.webui.keyword.builtin.ClearTextKeyword.clearText(ClearTextKeyword.groovy:61)
	at com.kms.katalon.core.webui.keyword.builtin.ClearTextKeyword.execute(ClearTextKeyword.groovy:34)
	at com.kms.katalon.core.keyword.internal.KeywordExecutor.executeKeywordForPlatform(KeywordExecutor.groovy:72)
	at com.kms.katalon.core.webui.keyword.WebUiBuiltInKeywords.clearText(WebUiBuiltInKeywords.groovy:3817)
	at com.kms.katalon.core.webui.keyword.WebUiBuiltInKeywords$clearText$13.call(Unknown Source)
	at Background adding (Color 1-30cs) cycle.run(Background adding (Color 1-30cs) cycle:28)
	at com.kms.katalon.core.main.ScriptEngine.run(ScriptEngine.java:194)
	at com.kms.katalon.core.main.ScriptEngine.runScriptAsRawText(ScriptEngine.java:119)
	at com.kms.katalon.core.main.TestCaseExecutor.runScript(TestCaseExecutor.java:337)
	at com.kms.katalon.core.main.TestCaseExecutor.doExecute(TestCaseExecutor.java:328)
	at com.kms.katalon.core.main.TestCaseExecutor.processExecutionPhase(TestCaseExecutor.java:307)
	at com.kms.katalon.core.main.TestCaseExecutor.accessMainPhase(TestCaseExecutor.java:299)
	at com.kms.katalon.core.main.TestCaseExecutor.execute(TestCaseExecutor.java:233)
	at com.kms.katalon.core.main.TestSuiteExecutor.accessTestCaseMainPhase(TestSuiteExecutor.java:169)
	at com.kms.katalon.core.main.TestSuiteExecutor.accessTestSuiteMainPhase(TestSuiteExecutor.java:142)
	at com.kms.katalon.core.main.TestSuiteExecutor.execute(TestSuiteExecutor.java:91)
	at com.kms.katalon.core.main.TestCaseMain.startTestSuite(TestCaseMain.java:157)
	at com.kms.katalon.core.main.TestCaseMain$startTestSuite$0.call(Unknown Source)
	at TempTestSuite1581071026566.run(TempTestSuite1581071026566.groovy:36)
Caused by: org.openqa.selenium.ElementNotInteractableException: element not interactable
  (Session info: chrome=80.0.3987.87)
Build info: version: '3.141.59', revision: 'e82be7d358', time: '2018-11-14T08:25:53'
System info: host: 'DESKTOP-J4SE4C2', ip: '192.168.1.111', os.name: 'Windows 10', os.arch: 'amd64', os.version: '10.0', java.version: '1.8.0_181'
Driver info: com.kms.katalon.selenium.driver.CChromeDriver
Capabilities {acceptInsecureCerts: false, browserName: chrome, browserVersion: 80.0.3987.87, chrome: {chromedriverVersion: 79.0.3945.36 (3582db32b3389..., userDataDir: C:\Users\tester-3\AppData\L...}, goog:chromeOptions: {debuggerAddress: localhost:62942}, javascriptEnabled: true, networkConnectionEnabled: false, pageLoadStrategy: normal, platform: WINDOWS, platformName: WINDOWS, proxy: Proxy(), setWindowRect: true, strictFileInteractability: false, timeouts: {implicit: 0, pageLoad: 300000, script: 30000}, unhandledPromptBehavior: dismiss and notify}
Session ID: bbf6aef9af687f1f0d8398ad8247ced3
	at org.openqa.selenium.remote.http.W3CHttpResponseCodec.createException(W3CHttpResponseCodec.java:187)
	at org.openqa.selenium.remote.http.W3CHttpResponseCodec.decode(W3CHttpResponseCodec.java:122)
	at org.openqa.selenium.remote.http.W3CHttpResponseCodec.decode(W3CHttpResponseCodec.java:49)
	at org.openqa.selenium.remote.HttpCommandExecutor.execute(HttpCommandExecutor.java:158)
	at org.openqa.selenium.remote.service.DriverCommandExecutor.execute(DriverCommandExecutor.java:83)
	at org.openqa.selenium.remote.RemoteWebDriver.execute(RemoteWebDriver.java:552)
	at com.kms.katalon.selenium.driver.CChromeDriver.execute(CChromeDriver.java:19)
	at org.openqa.selenium.remote.RemoteWebElement.execute(RemoteWebElement.java:285)
	at org.openqa.selenium.remote.RemoteWebElement.clear(RemoteWebElement.java:124)
	at org.openqa.selenium.support.events.EventFiringWebDriver$EventFiringWebElement.lambda$new$0(EventFiringWebDriver.java:404)
	at com.sun.proxy.$Proxy9.clear(Unknown Source)
	at org.openqa.selenium.support.events.EventFiringWebDriver$EventFiringWebElement.clear(EventFiringWebDriver.java:436)
	at com.kms.katalon.core.webui.keyword.builtin.ClearTextKeyword$_clearText_closure1.doCall(ClearTextKeyword.groovy:46)
	at com.kms.katalon.core.webui.keyword.builtin.ClearTextKeyword$_clearText_closure1.call(ClearTextKeyword.groovy)
	at com.kms.katalon.core.webui.keyword.internal.WebUIKeywordMain.runKeyword(WebUIKeywordMain.groovy:33)
	at com.kms.katalon.core.webui.keyword.builtin.ClearTextKeyword.clearText(ClearTextKeyword.groovy:61)
	at com.kms.katalon.core.webui.keyword.builtin.ClearTextKeyword.execute(ClearTextKeyword.groovy:34)
	at com.kms.katalon.core.keyword.internal.KeywordExecutor.executeKeywordForPlatform(KeywordExecutor.groovy:72)
	at com.kms.katalon.core.webui.keyword.WebUiBuiltInKeywords.clearText(WebUiBuiltInKeywords.groovy:3817)
	at com.kms.katalon.core.webui.keyword.WebUiBuiltInKeywords$clearText$13.call(Unknown Source)
	at Script1569934964419.run(Script1569934964419.groovy:28)
	... 13 more
)

2020-02-07 12:28:39 - [MESSAGE][FAILED] - Unable to clear text of object 'Object Repository/Add video in placeholers/Video_img repository (videos, imgs and buttons)/change color/input_RGB_hex-color' (Root cause: com.kms.katalon.core.exception.StepFailedException: Unable to clear text of object 'Object Repository/Add video in placeholers/Video_img repository (videos, imgs and buttons)/change color/input_RGB_hex-color'
	at com.kms.katalon.core.webui.keyword.internal.WebUIKeywordMain.stepFailed(WebUIKeywordMain.groovy:64)
	at com.kms.katalon.core.webui.keyword.internal.WebUIKeywordMain.runKeyword(WebUIKeywordMain.groovy:42)
	at com.kms.katalon.core.webui.keyword.builtin.ClearTextKeyword.clearText(ClearTextKeyword.groovy:61)
	at com.kms.katalon.core.webui.keyword.builtin.ClearTextKeyword.execute(ClearTextKeyword.groovy:34)
	at com.kms.katalon.core.keyword.internal.KeywordExecutor.executeKeywordForPlatform(KeywordExecutor.groovy:72)
	at com.kms.katalon.core.webui.keyword.WebUiBuiltInKeywords.clearText(WebUiBuiltInKeywords.groovy:3817)
	at com.kms.katalon.core.webui.keyword.WebUiBuiltInKeywords$clearText$13.call(Unknown Source)
	at Background adding (Color 1-30cs) cycle.run(Background adding (Color 1-30cs) cycle:28)
	at com.kms.katalon.core.main.ScriptEngine.run(ScriptEngine.java:194)
	at com.kms.katalon.core.main.ScriptEngine.runScriptAsRawText(ScriptEngine.java:119)
	at com.kms.katalon.core.main.TestCaseExecutor.runScript(TestCaseExecutor.java:337)
	at com.kms.katalon.core.main.TestCaseExecutor.doExecute(TestCaseExecutor.java:328)
	at com.kms.katalon.core.main.TestCaseExecutor.processExecutionPhase(TestCaseExecutor.java:307)
	at com.kms.katalon.core.main.TestCaseExecutor.accessMainPhase(TestCaseExecutor.java:299)
	at com.kms.katalon.core.main.TestCaseExecutor.execute(TestCaseExecutor.java:233)
	at com.kms.katalon.core.main.TestSuiteExecutor.accessTestCaseMainPhase(TestSuiteExecutor.java:169)
	at com.kms.katalon.core.main.TestSuiteExecutor.accessTestSuiteMainPhase(TestSuiteExecutor.java:142)
	at com.kms.katalon.core.main.TestSuiteExecutor.execute(TestSuiteExecutor.java:91)
	at com.kms.katalon.core.main.TestCaseMain.startTestSuite(TestCaseMain.java:157)
	at com.kms.katalon.core.main.TestCaseMain$startTestSuite$0.call(Unknown Source)
	at TempTestSuite1581071026566.run(TempTestSuite1581071026566.groovy:36)
Caused by: org.openqa.selenium.ElementNotInteractableException: element not interactable
  (Session info: chrome=80.0.3987.87)
Build info: version: '3.141.59', revision: 'e82be7d358', time: '2018-11-14T08:25:53'
System info: host: 'DESKTOP-J4SE4C2', ip: '192.168.1.111', os.name: 'Windows 10', os.arch: 'amd64', os.version: '10.0', java.version: '1.8.0_181'
Driver info: com.kms.katalon.selenium.driver.CChromeDriver
Capabilities {acceptInsecureCerts: false, browserName: chrome, browserVersion: 80.0.3987.87, chrome: {chromedriverVersion: 79.0.3945.36 (3582db32b3389..., userDataDir: C:\Users\tester-3\AppData\L...}, goog:chromeOptions: {debuggerAddress: localhost:62942}, javascriptEnabled: true, networkConnectionEnabled: false, pageLoadStrategy: normal, platform: WINDOWS, platformName: WINDOWS, proxy: Proxy(), setWindowRect: true, strictFileInteractability: false, timeouts: {implicit: 0, pageLoad: 300000, script: 30000}, unhandledPromptBehavior: dismiss and notify}
Session ID: bbf6aef9af687f1f0d8398ad8247ced3
	at org.openqa.selenium.remote.http.W3CHttpResponseCodec.createException(W3CHttpResponseCodec.java:187)
	at org.openqa.selenium.remote.http.W3CHttpResponseCodec.decode(W3CHttpResponseCodec.java:122)
	at org.openqa.selenium.remote.http.W3CHttpResponseCodec.decode(W3CHttpResponseCodec.java:49)
	at org.openqa.selenium.remote.HttpCommandExecutor.execute(HttpCommandExecutor.java:158)
	at org.openqa.selenium.remote.service.DriverCommandExecutor.execute(DriverCommandExecutor.java:83)
	at org.openqa.selenium.remote.RemoteWebDriver.execute(RemoteWebDriver.java:552)
	at com.kms.katalon.selenium.driver.CChromeDriver.execute(CChromeDriver.java:19)
	at org.openqa.selenium.remote.RemoteWebElement.execute(RemoteWebElement.java:285)
	at org.openqa.selenium.remote.RemoteWebElement.clear(RemoteWebElement.java:124)
	at org.openqa.selenium.support.events.EventFiringWebDriver$EventFiringWebElement.lambda$new$0(EventFiringWebDriver.java:404)
	at com.sun.proxy.$Proxy9.clear(Unknown Source)
	at org.openqa.selenium.support.events.EventFiringWebDriver$EventFiringWebElement.clear(EventFiringWebDriver.java:436)
	at com.kms.katalon.core.webui.keyword.builtin.ClearTextKeyword$_clearText_closure1.doCall(ClearTextKeyword.groovy:46)
	at com.kms.katalon.core.webui.keyword.builtin.ClearTextKeyword$_clearText_closure1.call(ClearTextKeyword.groovy)
	at com.kms.katalon.core.webui.keyword.internal.WebUIKeywordMain.runKeyword(WebUIKeywordMain.groovy:33)
	at com.kms.katalon.core.webui.keyword.builtin.ClearTextKeyword.clearText(ClearTextKeyword.groovy:61)
	at com.kms.katalon.core.webui.keyword.builtin.ClearTextKeyword.execute(ClearTextKeyword.groovy:34)
	at com.kms.katalon.core.keyword.internal.KeywordExecutor.executeKeywordForPlatform(KeywordExecutor.groovy:72)
	at com.kms.katalon.core.webui.keyword.WebUiBuiltInKeywords.clearText(WebUiBuiltInKeywords.groovy:3817)
	at com.kms.katalon.core.webui.keyword.WebUiBuiltInKeywords$clearText$13.call(Unknown Source)
	at Script1569934964419.run(Script1569934964419.groovy:28)
	... 13 more
)

2020-02-07 12:28:39 - [TEST_STEP][FAILED] - setText(findTestObject("Object Repository/Add video in placeholers/Video_img repository (videos, imgs and buttons)/change color/input_RGB_hex-color"), findTestData("vavowDate").getValue(6, 1)): Unable to set text '#123456' of object 'Object Repository/Add video in placeholers/Video_img repository (videos, imgs and buttons)/change color/input_RGB_hex-color' (Root cause: com.kms.katalon.core.exception.StepFailedException: Unable to set text '#123456' of object 'Object Repository/Add video in placeholers/Video_img repository (videos, imgs and buttons)/change color/input_RGB_hex-color'
	at com.kms.katalon.core.webui.keyword.internal.WebUIKeywordMain.stepFailed(WebUIKeywordMain.groovy:64)
	at com.kms.katalon.core.webui.keyword.internal.WebUIKeywordMain.runKeyword(WebUIKeywordMain.groovy:26)
	at com.kms.katalon.core.webui.keyword.builtin.SetTextKeyword.setText(SetTextKeyword.groovy:66)
	at com.kms.katalon.core.webui.keyword.builtin.SetTextKeyword.execute(SetTextKeyword.groovy:37)
	at com.kms.katalon.core.keyword.internal.KeywordExecutor.executeKeywordForPlatform(KeywordExecutor.groovy:72)
	at com.kms.katalon.core.webui.keyword.WebUiBuiltInKeywords.setText(WebUiBuiltInKeywords.groovy:950)
	at com.kms.katalon.core.webui.keyword.WebUiBuiltInKeywords$setText$4.call(Unknown Source)
	at Background adding (Color 1-30cs) cycle.run(Background adding (Color 1-30cs) cycle:31)
	at com.kms.katalon.core.main.ScriptEngine.run(ScriptEngine.java:194)
	at com.kms.katalon.core.main.ScriptEngine.runScriptAsRawText(ScriptEngine.java:119)
	at com.kms.katalon.core.main.TestCaseExecutor.runScript(TestCaseExecutor.java:337)
	at com.kms.katalon.core.main.TestCaseExecutor.doExecute(TestCaseExecutor.java:328)
	at com.kms.katalon.core.main.TestCaseExecutor.processExecutionPhase(TestCaseExecutor.java:307)
	at com.kms.katalon.core.main.TestCaseExecutor.accessMainPhase(TestCaseExecutor.java:299)
	at com.kms.katalon.core.main.TestCaseExecutor.execute(TestCaseExecutor.java:233)
	at com.kms.katalon.core.main.TestSuiteExecutor.accessTestCaseMainPhase(TestSuiteExecutor.java:169)
	at com.kms.katalon.core.main.TestSuiteExecutor.accessTestSuiteMainPhase(TestSuiteExecutor.java:142)
	at com.kms.katalon.core.main.TestSuiteExecutor.execute(TestSuiteExecutor.java:91)
	at com.kms.katalon.core.main.TestCaseMain.startTestSuite(TestCaseMain.java:157)
	at com.kms.katalon.core.main.TestCaseMain$startTestSuite$0.call(Unknown Source)
	at TempTestSuite1581071026566.run(TempTestSuite1581071026566.groovy:36)
Caused by: org.openqa.selenium.ElementNotInteractableException: element not interactable
  (Session info: chrome=80.0.3987.87)
Build info: version: '3.141.59', revision: 'e82be7d358', time: '2018-11-14T08:25:53'
System info: host: 'DESKTOP-J4SE4C2', ip: '192.168.1.111', os.name: 'Windows 10', os.arch: 'amd64', os.version: '10.0', java.version: '1.8.0_181'
Driver info: com.kms.katalon.selenium.driver.CChromeDriver
Capabilities {acceptInsecureCerts: false, browserName: chrome, browserVersion: 80.0.3987.87, chrome: {chromedriverVersion: 79.0.3945.36 (3582db32b3389..., userDataDir: C:\Users\tester-3\AppData\L...}, goog:chromeOptions: {debuggerAddress: localhost:62942}, javascriptEnabled: true, networkConnectionEnabled: false, pageLoadStrategy: normal, platform: WINDOWS, platformName: WINDOWS, proxy: Proxy(), setWindowRect: true, strictFileInteractability: false, timeouts: {implicit: 0, pageLoad: 300000, script: 30000}, unhandledPromptBehavior: dismiss and notify}
Session ID: bbf6aef9af687f1f0d8398ad8247ced3
	at org.openqa.selenium.remote.http.W3CHttpResponseCodec.createException(W3CHttpResponseCodec.java:187)
	at org.openqa.selenium.remote.http.W3CHttpResponseCodec.decode(W3CHttpResponseCodec.java:122)
	at org.openqa.selenium.remote.http.W3CHttpResponseCodec.decode(W3CHttpResponseCodec.java:49)
	at org.openqa.selenium.remote.HttpCommandExecutor.execute(HttpCommandExecutor.java:158)
	at org.openqa.selenium.remote.service.DriverCommandExecutor.execute(DriverCommandExecutor.java:83)
	at org.openqa.selenium.remote.RemoteWebDriver.execute(RemoteWebDriver.java:552)
	at com.kms.katalon.selenium.driver.CChromeDriver.execute(CChromeDriver.java:19)
	at org.openqa.selenium.remote.RemoteWebElement.execute(RemoteWebElement.java:285)
	at org.openqa.selenium.remote.RemoteWebElement.clear(RemoteWebElement.java:124)
	at org.openqa.selenium.support.events.EventFiringWebDriver$EventFiringWebElement.lambda$new$0(EventFiringWebDriver.java:404)
	at com.sun.proxy.$Proxy9.clear(Unknown Source)
	at org.openqa.selenium.support.events.EventFiringWebDriver$EventFiringWebElement.clear(EventFiringWebDriver.java:436)
	at com.kms.katalon.core.webui.keyword.builtin.SetTextKeyword$_setText_closure1.doCall(SetTextKeyword.groovy:53)
	at com.kms.katalon.core.webui.keyword.builtin.SetTextKeyword$_setText_closure1.call(SetTextKeyword.groovy)
	at com.kms.katalon.core.webui.keyword.internal.WebUIKeywordMain.runKeyword(WebUIKeywordMain.groovy:20)
	at com.kms.katalon.core.webui.keyword.builtin.SetTextKeyword.setText(SetTextKeyword.groovy:66)
	at com.kms.katalon.core.webui.keyword.builtin.SetTextKeyword.execute(SetTextKeyword.groovy:37)
	at com.kms.katalon.core.keyword.internal.KeywordExecutor.executeKeywordForPlatform(KeywordExecutor.groovy:72)
	at com.kms.katalon.core.webui.keyword.WebUiBuiltInKeywords.setText(WebUiBuiltInKeywords.groovy:950)
	at com.kms.katalon.core.webui.keyword.WebUiBuiltInKeywords$setText$4.call(Unknown Source)
	at Script1569934964419.run(Script1569934964419.groovy:31)
	... 13 more
)

2020-02-07 12:28:39 - [MESSAGE][FAILED] - Unable to set text '#123456' of object 'Object Repository/Add video in placeholers/Video_img repository (videos, imgs and buttons)/change color/input_RGB_hex-color' (Root cause: com.kms.katalon.core.exception.StepFailedException: Unable to set text '#123456' of object 'Object Repository/Add video in placeholers/Video_img repository (videos, imgs and buttons)/change color/input_RGB_hex-color'
	at com.kms.katalon.core.webui.keyword.internal.WebUIKeywordMain.stepFailed(WebUIKeywordMain.groovy:64)
	at com.kms.katalon.core.webui.keyword.internal.WebUIKeywordMain.runKeyword(WebUIKeywordMain.groovy:26)
	at com.kms.katalon.core.webui.keyword.builtin.SetTextKeyword.setText(SetTextKeyword.groovy:66)
	at com.kms.katalon.core.webui.keyword.builtin.SetTextKeyword.execute(SetTextKeyword.groovy:37)
	at com.kms.katalon.core.keyword.internal.KeywordExecutor.executeKeywordForPlatform(KeywordExecutor.groovy:72)
	at com.kms.katalon.core.webui.keyword.WebUiBuiltInKeywords.setText(WebUiBuiltInKeywords.groovy:950)
	at com.kms.katalon.core.webui.keyword.WebUiBuiltInKeywords$setText$4.call(Unknown Source)
	at Background adding (Color 1-30cs) cycle.run(Background adding (Color 1-30cs) cycle:31)
	at com.kms.katalon.core.main.ScriptEngine.run(ScriptEngine.java:194)
	at com.kms.katalon.core.main.ScriptEngine.runScriptAsRawText(ScriptEngine.java:119)
	at com.kms.katalon.core.main.TestCaseExecutor.runScript(TestCaseExecutor.java:337)
	at com.kms.katalon.core.main.TestCaseExecutor.doExecute(TestCaseExecutor.java:328)
	at com.kms.katalon.core.main.TestCaseExecutor.processExecutionPhase(TestCaseExecutor.java:307)
	at com.kms.katalon.core.main.TestCaseExecutor.accessMainPhase(TestCaseExecutor.java:299)
	at com.kms.katalon.core.main.TestCaseExecutor.execute(TestCaseExecutor.java:233)
	at com.kms.katalon.core.main.TestSuiteExecutor.accessTestCaseMainPhase(TestSuiteExecutor.java:169)
	at com.kms.katalon.core.main.TestSuiteExecutor.accessTestSuiteMainPhase(TestSuiteExecutor.java:142)
	at com.kms.katalon.core.main.TestSuiteExecutor.execute(TestSuiteExecutor.java:91)
	at com.kms.katalon.core.main.TestCaseMain.startTestSuite(TestCaseMain.java:157)
	at com.kms.katalon.core.main.TestCaseMain$startTestSuite$0.call(Unknown Source)
	at TempTestSuite1581071026566.run(TempTestSuite1581071026566.groovy:36)
Caused by: org.openqa.selenium.ElementNotInteractableException: element not interactable
  (Session info: chrome=80.0.3987.87)
Build info: version: '3.141.59', revision: 'e82be7d358', time: '2018-11-14T08:25:53'
System info: host: 'DESKTOP-J4SE4C2', ip: '192.168.1.111', os.name: 'Windows 10', os.arch: 'amd64', os.version: '10.0', java.version: '1.8.0_181'
Driver info: com.kms.katalon.selenium.driver.CChromeDriver
Capabilities {acceptInsecureCerts: false, browserName: chrome, browserVersion: 80.0.3987.87, chrome: {chromedriverVersion: 79.0.3945.36 (3582db32b3389..., userDataDir: C:\Users\tester-3\AppData\L...}, goog:chromeOptions: {debuggerAddress: localhost:62942}, javascriptEnabled: true, networkConnectionEnabled: false, pageLoadStrategy: normal, platform: WINDOWS, platformName: WINDOWS, proxy: Proxy(), setWindowRect: true, strictFileInteractability: false, timeouts: {implicit: 0, pageLoad: 300000, script: 30000}, unhandledPromptBehavior: dismiss and notify}
Session ID: bbf6aef9af687f1f0d8398ad8247ced3
	at org.openqa.selenium.remote.http.W3CHttpResponseCodec.createException(W3CHttpResponseCodec.java:187)
	at org.openqa.selenium.remote.http.W3CHttpResponseCodec.decode(W3CHttpResponseCodec.java:122)
	at org.openqa.selenium.remote.http.W3CHttpResponseCodec.decode(W3CHttpResponseCodec.java:49)
	at org.openqa.selenium.remote.HttpCommandExecutor.execute(HttpCommandExecutor.java:158)
	at org.openqa.selenium.remote.service.DriverCommandExecutor.execute(DriverCommandExecutor.java:83)
	at org.openqa.selenium.remote.RemoteWebDriver.execute(RemoteWebDriver.java:552)
	at com.kms.katalon.selenium.driver.CChromeDriver.execute(CChromeDriver.java:19)
	at org.openqa.selenium.remote.RemoteWebElement.execute(RemoteWebElement.java:285)
	at org.openqa.selenium.remote.RemoteWebElement.clear(RemoteWebElement.java:124)
	at org.openqa.selenium.support.events.EventFiringWebDriver$EventFiringWebElement.lambda$new$0(EventFiringWebDriver.java:404)
	at com.sun.proxy.$Proxy9.clear(Unknown Source)
	at org.openqa.selenium.support.events.EventFiringWebDriver$EventFiringWebElement.clear(EventFiringWebDriver.java:436)
	at com.kms.katalon.core.webui.keyword.builtin.SetTextKeyword$_setText_closure1.doCall(SetTextKeyword.groovy:53)
	at com.kms.katalon.core.webui.keyword.builtin.SetTextKeyword$_setText_closure1.call(SetTextKeyword.groovy)
	at com.kms.katalon.core.webui.keyword.internal.WebUIKeywordMain.runKeyword(WebUIKeywordMain.groovy:20)
	at com.kms.katalon.core.webui.keyword.builtin.SetTextKeyword.setText(SetTextKeyword.groovy:66)
	at com.kms.katalon.core.webui.keyword.builtin.SetTextKeyword.execute(SetTextKeyword.groovy:37)
	at com.kms.katalon.core.keyword.internal.KeywordExecutor.executeKeywordForPlatform(KeywordExecutor.groovy:72)
	at com.kms.katalon.core.webui.keyword.WebUiBuiltInKeywords.setText(WebUiBuiltInKeywords.groovy:950)
	at com.kms.katalon.core.webui.keyword.WebUiBuiltInKeywords$setText$4.call(Unknown Source)
	at Script1569934964419.run(Script1569934964419.groovy:31)
	... 13 more
)

2020-02-07 12:28:39 - [TEST_STEP][PASSED] - click(findTestObject("Object Repository/Add video in placeholers/Video_img repository (videos, imgs and buttons)/change color/button_Apply")): Object: 'Object Repository/Add video in placeholers/Video_img repository (videos, imgs and buttons)/change color/button_Apply' is clicked on

2020-02-07 12:28:39 - [MESSAGE][ERROR] - javascript error: Failed to execute 'elementsFromPoint' on 'Document': The provided double value is non-finite.
  (Session info: chrome=80.0.3987.87)
Build info: version: '3.141.59', revision: 'e82be7d358', time: '2018-11-14T08:25:53'
System info: host: 'DESKTOP-J4SE4C2', ip: '192.168.1.111', os.name: 'Windows 10', os.arch: 'amd64', os.version: '10.0', java.version: '1.8.0_181'
Driver info: com.kms.katalon.selenium.driver.CChromeDriver
Capabilities {acceptInsecureCerts: false, browserName: chrome, browserVersion: 80.0.3987.87, chrome: {chromedriverVersion: 79.0.3945.36 (3582db32b3389..., userDataDir: C:\Users\tester-3\AppData\L...}, goog:chromeOptions: {debuggerAddress: localhost:62942}, javascriptEnabled: true, networkConnectionEnabled: false, pageLoadStrategy: normal, platform: WINDOWS, platformName: WINDOWS, proxy: Proxy(), setWindowRect: true, strictFileInteractability: false, timeouts: {implicit: 0, pageLoad: 300000, script: 30000}, unhandledPromptBehavior: dismiss and notify}
Session ID: bbf6aef9af687f1f0d8398ad8247ced3

2020-02-07 12:28:40 - [MESSAGE][ERROR] - javascript error: Failed to execute 'elementsFromPoint' on 'Document': The provided double value is non-finite.
  (Session info: chrome=80.0.3987.87)
Build info: version: '3.141.59', revision: 'e82be7d358', time: '2018-11-14T08:25:53'
System info: host: 'DESKTOP-J4SE4C2', ip: '192.168.1.111', os.name: 'Windows 10', os.arch: 'amd64', os.version: '10.0', java.version: '1.8.0_181'
Driver info: com.kms.katalon.selenium.driver.CChromeDriver
Capabilities {acceptInsecureCerts: false, browserName: chrome, browserVersion: 80.0.3987.87, chrome: {chromedriverVersion: 79.0.3945.36 (3582db32b3389..., userDataDir: C:\Users\tester-3\AppData\L...}, goog:chromeOptions: {debuggerAddress: localhost:62942}, javascriptEnabled: true, networkConnectionEnabled: false, pageLoadStrategy: normal, platform: WINDOWS, platformName: WINDOWS, proxy: Proxy(), setWindowRect: true, strictFileInteractability: false, timeouts: {implicit: 0, pageLoad: 300000, script: 30000}, unhandledPromptBehavior: dismiss and notify}
Session ID: bbf6aef9af687f1f0d8398ad8247ced3

2020-02-07 12:28:40 - [MESSAGE][PASSED] - Object: 'Object Repository/Add video in placeholers/Video_img repository (videos, imgs and buttons)/change color/button_Apply' is clicked on

2020-02-07 12:28:40 - [TEST_STEP][PASSED] - if (verifyElementPresent(findTestObject("Page_Reevio Video Maker/Editor_Scene_" + i), 0) == true): null

2020-02-07 12:28:40 - [MESSAGE][WARNING] - Timeout '0' is invalid. Using default page load timeout: '1'

2020-02-07 12:28:40 - [MESSAGE][PASSED] - Object 'Object Repository/Page_Reevio Video Maker/Editor_Scene_8' is present

2020-02-07 12:28:40 - [TEST_STEP][PASSED] - doubleClick(findTestObject("Page_Reevio Video Maker/Editor_Scene_" + i)): Object: 'Object Repository/Page_Reevio Video Maker/Editor_Scene_8' is double clicked on

2020-02-07 12:28:41 - [MESSAGE][PASSED] - Object: 'Object Repository/Page_Reevio Video Maker/Editor_Scene_8' is double clicked on

2020-02-07 12:28:41 - [TEST_STEP][FAILED] - if (verifyElementInViewport(findTestObject("Object Repository/Page_Login/logoPlaceholder1"), 0)): Object 'Object Repository/Page_Login/logoPlaceholder1' is not present (Root cause: com.kms.katalon.core.exception.StepFailedException: Object 'Object Repository/Page_Login/logoPlaceholder1' is not present
	at com.kms.katalon.core.webui.keyword.internal.WebUIKeywordMain.stepFailed(WebUIKeywordMain.groovy:64)
	at com.kms.katalon.core.webui.keyword.builtin.VerifyElementVisibleInViewportKeyword$_verifyElementVisibleInViewport_closure1.doCall(VerifyElementVisibleInViewportKeyword.groovy:83)
	at com.kms.katalon.core.webui.keyword.builtin.VerifyElementVisibleInViewportKeyword$_verifyElementVisibleInViewport_closure1.call(VerifyElementVisibleInViewportKeyword.groovy)
	at com.kms.katalon.core.webui.keyword.internal.WebUIKeywordMain.runKeyword(WebUIKeywordMain.groovy:20)
	at com.kms.katalon.core.webui.keyword.builtin.VerifyElementVisibleInViewportKeyword.verifyElementVisibleInViewport(VerifyElementVisibleInViewportKeyword.groovy:86)
	at com.kms.katalon.core.webui.keyword.builtin.VerifyElementVisibleInViewportKeyword.execute(VerifyElementVisibleInViewportKeyword.groovy:68)
	at com.kms.katalon.core.keyword.internal.KeywordExecutor.executeKeywordForPlatform(KeywordExecutor.groovy:72)
	at com.kms.katalon.core.webui.keyword.WebUiBuiltInKeywords.verifyElementInViewport(WebUiBuiltInKeywords.groovy:3039)
	at com.kms.katalon.core.webui.keyword.WebUiBuiltInKeywords$verifyElementInViewport$14.call(Unknown Source)
	at Background adding (Color 1-30cs) cycle.run(Background adding (Color 1-30cs) cycle:38)
	at com.kms.katalon.core.main.ScriptEngine.run(ScriptEngine.java:194)
	at com.kms.katalon.core.main.ScriptEngine.runScriptAsRawText(ScriptEngine.java:119)
	at com.kms.katalon.core.main.TestCaseExecutor.runScript(TestCaseExecutor.java:337)
	at com.kms.katalon.core.main.TestCaseExecutor.doExecute(TestCaseExecutor.java:328)
	at com.kms.katalon.core.main.TestCaseExecutor.processExecutionPhase(TestCaseExecutor.java:307)
	at com.kms.katalon.core.main.TestCaseExecutor.accessMainPhase(TestCaseExecutor.java:299)
	at com.kms.katalon.core.main.TestCaseExecutor.execute(TestCaseExecutor.java:233)
	at com.kms.katalon.core.main.TestSuiteExecutor.accessTestCaseMainPhase(TestSuiteExecutor.java:169)
	at com.kms.katalon.core.main.TestSuiteExecutor.accessTestSuiteMainPhase(TestSuiteExecutor.java:142)
	at com.kms.katalon.core.main.TestSuiteExecutor.execute(TestSuiteExecutor.java:91)
	at com.kms.katalon.core.main.TestCaseMain.startTestSuite(TestCaseMain.java:157)
	at com.kms.katalon.core.main.TestCaseMain$startTestSuite$0.call(Unknown Source)
	at TempTestSuite1581071026566.run(TempTestSuite1581071026566.groovy:36)
)

2020-02-07 12:28:41 - [MESSAGE][WARNING] - Timeout '0' is invalid. Using default page load timeout: '1'

2020-02-07 12:28:42 - [MESSAGE][INFO] - Unable to find the element located by 'By.xpath: //div[@class = 'current-slide active-slide']//div[@class="uploded-pic frame ui-droppable"]'. Please recheck the objects properties to make sure the desired element is located. 

2020-02-07 12:28:42 - [MESSAGE][FAILED] - Object 'Object Repository/Page_Login/logoPlaceholder1' is not present (Root cause: com.kms.katalon.core.exception.StepFailedException: Object 'Object Repository/Page_Login/logoPlaceholder1' is not present
	at com.kms.katalon.core.webui.keyword.internal.WebUIKeywordMain.stepFailed(WebUIKeywordMain.groovy:64)
	at com.kms.katalon.core.webui.keyword.builtin.VerifyElementVisibleInViewportKeyword$_verifyElementVisibleInViewport_closure1.doCall(VerifyElementVisibleInViewportKeyword.groovy:83)
	at com.kms.katalon.core.webui.keyword.builtin.VerifyElementVisibleInViewportKeyword$_verifyElementVisibleInViewport_closure1.call(VerifyElementVisibleInViewportKeyword.groovy)
	at com.kms.katalon.core.webui.keyword.internal.WebUIKeywordMain.runKeyword(WebUIKeywordMain.groovy:20)
	at com.kms.katalon.core.webui.keyword.builtin.VerifyElementVisibleInViewportKeyword.verifyElementVisibleInViewport(VerifyElementVisibleInViewportKeyword.groovy:86)
	at com.kms.katalon.core.webui.keyword.builtin.VerifyElementVisibleInViewportKeyword.execute(VerifyElementVisibleInViewportKeyword.groovy:68)
	at com.kms.katalon.core.keyword.internal.KeywordExecutor.executeKeywordForPlatform(KeywordExecutor.groovy:72)
	at com.kms.katalon.core.webui.keyword.WebUiBuiltInKeywords.verifyElementInViewport(WebUiBuiltInKeywords.groovy:3039)
	at com.kms.katalon.core.webui.keyword.WebUiBuiltInKeywords$verifyElementInViewport$14.call(Unknown Source)
	at Background adding (Color 1-30cs) cycle.run(Background adding (Color 1-30cs) cycle:38)
	at com.kms.katalon.core.main.ScriptEngine.run(ScriptEngine.java:194)
	at com.kms.katalon.core.main.ScriptEngine.runScriptAsRawText(ScriptEngine.java:119)
	at com.kms.katalon.core.main.TestCaseExecutor.runScript(TestCaseExecutor.java:337)
	at com.kms.katalon.core.main.TestCaseExecutor.doExecute(TestCaseExecutor.java:328)
	at com.kms.katalon.core.main.TestCaseExecutor.processExecutionPhase(TestCaseExecutor.java:307)
	at com.kms.katalon.core.main.TestCaseExecutor.accessMainPhase(TestCaseExecutor.java:299)
	at com.kms.katalon.core.main.TestCaseExecutor.execute(TestCaseExecutor.java:233)
	at com.kms.katalon.core.main.TestSuiteExecutor.accessTestCaseMainPhase(TestSuiteExecutor.java:169)
	at com.kms.katalon.core.main.TestSuiteExecutor.accessTestSuiteMainPhase(TestSuiteExecutor.java:142)
	at com.kms.katalon.core.main.TestSuiteExecutor.execute(TestSuiteExecutor.java:91)
	at com.kms.katalon.core.main.TestCaseMain.startTestSuite(TestCaseMain.java:157)
	at com.kms.katalon.core.main.TestCaseMain$startTestSuite$0.call(Unknown Source)
	at TempTestSuite1581071026566.run(TempTestSuite1581071026566.groovy:36)
)

2020-02-07 12:28:42 - [TEST_STEP][PASSED] - Thread.sleep(500): null

2020-02-07 12:28:42 - [TEST_STEP][PASSED] - if (verifyElementPresent(findTestObject(sceneCore + i), 1) == true): null

2020-02-07 12:28:42 - [MESSAGE][PASSED] - Object 'Object Repository/Page_Reevio Video Maker/Editor_Scene_9' is present

2020-02-07 12:28:42 - [TEST_STEP][PASSED] - doubleClick(findTestObject(sceneCore + i)): Object: 'Object Repository/Page_Reevio Video Maker/Editor_Scene_9' is double clicked on

2020-02-07 12:28:43 - [MESSAGE][PASSED] - Object: 'Object Repository/Page_Reevio Video Maker/Editor_Scene_9' is double clicked on

2020-02-07 12:28:43 - [TEST_STEP][PASSED] - click(findTestObject("Add video in placeholers/Video_img backgrounds/div_Background_Color")): Object: 'Object Repository/Add video in placeholers/Video_img backgrounds/div_Background_Color' is clicked on

2020-02-07 12:28:43 - [MESSAGE][PASSED] - Object: 'Object Repository/Add video in placeholers/Video_img backgrounds/div_Background_Color' is clicked on

2020-02-07 12:28:43 - [TEST_STEP][PASSED] - clearText(findTestObject("Add video in placeholers/Video_img repository (videos, imgs and buttons)/change color/input_RGB_hex-color")): Text of object 'Object Repository/Add video in placeholers/Video_img repository (videos, imgs and buttons)/change color/input_RGB_hex-color' is cleared

2020-02-07 12:28:43 - [MESSAGE][PASSED] - Text of object 'Object Repository/Add video in placeholers/Video_img repository (videos, imgs and buttons)/change color/input_RGB_hex-color' is cleared

2020-02-07 12:28:43 - [TEST_STEP][PASSED] - setText(findTestObject("Object Repository/Add video in placeholers/Video_img repository (videos, imgs and buttons)/change color/input_RGB_hex-color"), findTestData("vavowDate").getValue(6, 1)): Text '#123456' is set on object 'Object Repository/Add video in placeholers/Video_img repository (videos, imgs and buttons)/change color/input_RGB_hex-color'

2020-02-07 12:28:43 - [MESSAGE][PASSED] - Text '#123456' is set on object 'Object Repository/Add video in placeholers/Video_img repository (videos, imgs and buttons)/change color/input_RGB_hex-color'

2020-02-07 12:28:43 - [TEST_STEP][PASSED] - click(findTestObject("Object Repository/Add video in placeholers/Video_img repository (videos, imgs and buttons)/change color/button_Apply")): Object: 'Object Repository/Add video in placeholers/Video_img repository (videos, imgs and buttons)/change color/button_Apply' is clicked on

2020-02-07 12:28:44 - [MESSAGE][PASSED] - Object: 'Object Repository/Add video in placeholers/Video_img repository (videos, imgs and buttons)/change color/button_Apply' is clicked on

2020-02-07 12:28:44 - [TEST_STEP][PASSED] - if (verifyElementPresent(findTestObject("Page_Reevio Video Maker/Editor_Scene_" + i), 0) == true): null

2020-02-07 12:28:44 - [MESSAGE][WARNING] - Timeout '0' is invalid. Using default page load timeout: '1'

2020-02-07 12:28:44 - [MESSAGE][PASSED] - Object 'Object Repository/Page_Reevio Video Maker/Editor_Scene_9' is present

2020-02-07 12:28:44 - [TEST_STEP][PASSED] - doubleClick(findTestObject("Page_Reevio Video Maker/Editor_Scene_" + i)): Object: 'Object Repository/Page_Reevio Video Maker/Editor_Scene_9' is double clicked on

2020-02-07 12:28:44 - [MESSAGE][PASSED] - Object: 'Object Repository/Page_Reevio Video Maker/Editor_Scene_9' is double clicked on

2020-02-07 12:28:44 - [TEST_STEP][FAILED] - if (verifyElementInViewport(findTestObject("Object Repository/Page_Login/logoPlaceholder1"), 0)): Object 'Object Repository/Page_Login/logoPlaceholder1' is not present (Root cause: com.kms.katalon.core.exception.StepFailedException: Object 'Object Repository/Page_Login/logoPlaceholder1' is not present
	at com.kms.katalon.core.webui.keyword.internal.WebUIKeywordMain.stepFailed(WebUIKeywordMain.groovy:64)
	at com.kms.katalon.core.webui.keyword.builtin.VerifyElementVisibleInViewportKeyword$_verifyElementVisibleInViewport_closure1.doCall(VerifyElementVisibleInViewportKeyword.groovy:83)
	at com.kms.katalon.core.webui.keyword.builtin.VerifyElementVisibleInViewportKeyword$_verifyElementVisibleInViewport_closure1.call(VerifyElementVisibleInViewportKeyword.groovy)
	at com.kms.katalon.core.webui.keyword.internal.WebUIKeywordMain.runKeyword(WebUIKeywordMain.groovy:20)
	at com.kms.katalon.core.webui.keyword.builtin.VerifyElementVisibleInViewportKeyword.verifyElementVisibleInViewport(VerifyElementVisibleInViewportKeyword.groovy:86)
	at com.kms.katalon.core.webui.keyword.builtin.VerifyElementVisibleInViewportKeyword.execute(VerifyElementVisibleInViewportKeyword.groovy:68)
	at com.kms.katalon.core.keyword.internal.KeywordExecutor.executeKeywordForPlatform(KeywordExecutor.groovy:72)
	at com.kms.katalon.core.webui.keyword.WebUiBuiltInKeywords.verifyElementInViewport(WebUiBuiltInKeywords.groovy:3039)
	at com.kms.katalon.core.webui.keyword.WebUiBuiltInKeywords$verifyElementInViewport$14.call(Unknown Source)
	at Background adding (Color 1-30cs) cycle.run(Background adding (Color 1-30cs) cycle:38)
	at com.kms.katalon.core.main.ScriptEngine.run(ScriptEngine.java:194)
	at com.kms.katalon.core.main.ScriptEngine.runScriptAsRawText(ScriptEngine.java:119)
	at com.kms.katalon.core.main.TestCaseExecutor.runScript(TestCaseExecutor.java:337)
	at com.kms.katalon.core.main.TestCaseExecutor.doExecute(TestCaseExecutor.java:328)
	at com.kms.katalon.core.main.TestCaseExecutor.processExecutionPhase(TestCaseExecutor.java:307)
	at com.kms.katalon.core.main.TestCaseExecutor.accessMainPhase(TestCaseExecutor.java:299)
	at com.kms.katalon.core.main.TestCaseExecutor.execute(TestCaseExecutor.java:233)
	at com.kms.katalon.core.main.TestSuiteExecutor.accessTestCaseMainPhase(TestSuiteExecutor.java:169)
	at com.kms.katalon.core.main.TestSuiteExecutor.accessTestSuiteMainPhase(TestSuiteExecutor.java:142)
	at com.kms.katalon.core.main.TestSuiteExecutor.execute(TestSuiteExecutor.java:91)
	at com.kms.katalon.core.main.TestCaseMain.startTestSuite(TestCaseMain.java:157)
	at com.kms.katalon.core.main.TestCaseMain$startTestSuite$0.call(Unknown Source)
	at TempTestSuite1581071026566.run(TempTestSuite1581071026566.groovy:36)
)

2020-02-07 12:28:44 - [MESSAGE][WARNING] - Timeout '0' is invalid. Using default page load timeout: '1'

2020-02-07 12:28:45 - [MESSAGE][INFO] - Unable to find the element located by 'By.xpath: //div[@class = 'current-slide active-slide']//div[@class="uploded-pic frame ui-droppable"]'. Please recheck the objects properties to make sure the desired element is located. 

2020-02-07 12:28:45 - [MESSAGE][FAILED] - Object 'Object Repository/Page_Login/logoPlaceholder1' is not present (Root cause: com.kms.katalon.core.exception.StepFailedException: Object 'Object Repository/Page_Login/logoPlaceholder1' is not present
	at com.kms.katalon.core.webui.keyword.internal.WebUIKeywordMain.stepFailed(WebUIKeywordMain.groovy:64)
	at com.kms.katalon.core.webui.keyword.builtin.VerifyElementVisibleInViewportKeyword$_verifyElementVisibleInViewport_closure1.doCall(VerifyElementVisibleInViewportKeyword.groovy:83)
	at com.kms.katalon.core.webui.keyword.builtin.VerifyElementVisibleInViewportKeyword$_verifyElementVisibleInViewport_closure1.call(VerifyElementVisibleInViewportKeyword.groovy)
	at com.kms.katalon.core.webui.keyword.internal.WebUIKeywordMain.runKeyword(WebUIKeywordMain.groovy:20)
	at com.kms.katalon.core.webui.keyword.builtin.VerifyElementVisibleInViewportKeyword.verifyElementVisibleInViewport(VerifyElementVisibleInViewportKeyword.groovy:86)
	at com.kms.katalon.core.webui.keyword.builtin.VerifyElementVisibleInViewportKeyword.execute(VerifyElementVisibleInViewportKeyword.groovy:68)
	at com.kms.katalon.core.keyword.internal.KeywordExecutor.executeKeywordForPlatform(KeywordExecutor.groovy:72)
	at com.kms.katalon.core.webui.keyword.WebUiBuiltInKeywords.verifyElementInViewport(WebUiBuiltInKeywords.groovy:3039)
	at com.kms.katalon.core.webui.keyword.WebUiBuiltInKeywords$verifyElementInViewport$14.call(Unknown Source)
	at Background adding (Color 1-30cs) cycle.run(Background adding (Color 1-30cs) cycle:38)
	at com.kms.katalon.core.main.ScriptEngine.run(ScriptEngine.java:194)
	at com.kms.katalon.core.main.ScriptEngine.runScriptAsRawText(ScriptEngine.java:119)
	at com.kms.katalon.core.main.TestCaseExecutor.runScript(TestCaseExecutor.java:337)
	at com.kms.katalon.core.main.TestCaseExecutor.doExecute(TestCaseExecutor.java:328)
	at com.kms.katalon.core.main.TestCaseExecutor.processExecutionPhase(TestCaseExecutor.java:307)
	at com.kms.katalon.core.main.TestCaseExecutor.accessMainPhase(TestCaseExecutor.java:299)
	at com.kms.katalon.core.main.TestCaseExecutor.execute(TestCaseExecutor.java:233)
	at com.kms.katalon.core.main.TestSuiteExecutor.accessTestCaseMainPhase(TestSuiteExecutor.java:169)
	at com.kms.katalon.core.main.TestSuiteExecutor.accessTestSuiteMainPhase(TestSuiteExecutor.java:142)
	at com.kms.katalon.core.main.TestSuiteExecutor.execute(TestSuiteExecutor.java:91)
	at com.kms.katalon.core.main.TestCaseMain.startTestSuite(TestCaseMain.java:157)
	at com.kms.katalon.core.main.TestCaseMain$startTestSuite$0.call(Unknown Source)
	at TempTestSuite1581071026566.run(TempTestSuite1581071026566.groovy:36)
)

2020-02-07 12:28:45 - [TEST_STEP][PASSED] - Thread.sleep(500): null

2020-02-07 12:28:46 - [TEST_STEP][FAILED] - if (verifyElementPresent(findTestObject(sceneCore + i), 1) == true): com.kms.katalon.core.webui.exception.WebElementNotFoundException: Web element with id: 'Object Repository/Page_Reevio Video Maker/Editor_Scene_10' located by 'By.xpath: //*[@id="bottom-slider-id"]/div[10]/figure' not found (Root cause: com.kms.katalon.core.exception.StepFailedException: com.kms.katalon.core.webui.exception.WebElementNotFoundException: Web element with id: 'Object Repository/Page_Reevio Video Maker/Editor_Scene_10' located by 'By.xpath: //*[@id="bottom-slider-id"]/div[10]/figure' not found
	at com.kms.katalon.core.webui.keyword.internal.WebUIKeywordMain.stepFailed(WebUIKeywordMain.groovy:64)
	at com.kms.katalon.core.webui.keyword.builtin.VerifyElementPresentKeyword$_verifyElementPresent_closure1.doCall(VerifyElementPresentKeyword.groovy:85)
	at com.kms.katalon.core.webui.keyword.builtin.VerifyElementPresentKeyword$_verifyElementPresent_closure1.call(VerifyElementPresentKeyword.groovy)
	at com.kms.katalon.core.webui.keyword.internal.WebUIKeywordMain.runKeyword(WebUIKeywordMain.groovy:20)
	at com.kms.katalon.core.webui.keyword.builtin.VerifyElementPresentKeyword.verifyElementPresent(VerifyElementPresentKeyword.groovy:92)
	at com.kms.katalon.core.webui.keyword.builtin.VerifyElementPresentKeyword.execute(VerifyElementPresentKeyword.groovy:68)
	at com.kms.katalon.core.keyword.internal.KeywordExecutor.executeKeywordForPlatform(KeywordExecutor.groovy:72)
	at com.kms.katalon.core.webui.keyword.WebUiBuiltInKeywords.verifyElementPresent(WebUiBuiltInKeywords.groovy:1434)
	at com.kms.katalon.core.webui.keyword.WebUiBuiltInKeywords$verifyElementPresent$6.call(Unknown Source)
	at Background adding (Color 1-30cs) cycle.run(Background adding (Color 1-30cs) cycle:23)
	at com.kms.katalon.core.main.ScriptEngine.run(ScriptEngine.java:194)
	at com.kms.katalon.core.main.ScriptEngine.runScriptAsRawText(ScriptEngine.java:119)
	at com.kms.katalon.core.main.TestCaseExecutor.runScript(TestCaseExecutor.java:337)
	at com.kms.katalon.core.main.TestCaseExecutor.doExecute(TestCaseExecutor.java:328)
	at com.kms.katalon.core.main.TestCaseExecutor.processExecutionPhase(TestCaseExecutor.java:307)
	at com.kms.katalon.core.main.TestCaseExecutor.accessMainPhase(TestCaseExecutor.java:299)
	at com.kms.katalon.core.main.TestCaseExecutor.execute(TestCaseExecutor.java:233)
	at com.kms.katalon.core.main.TestSuiteExecutor.accessTestCaseMainPhase(TestSuiteExecutor.java:169)
	at com.kms.katalon.core.main.TestSuiteExecutor.accessTestSuiteMainPhase(TestSuiteExecutor.java:142)
	at com.kms.katalon.core.main.TestSuiteExecutor.execute(TestSuiteExecutor.java:91)
	at com.kms.katalon.core.main.TestCaseMain.startTestSuite(TestCaseMain.java:157)
	at com.kms.katalon.core.main.TestCaseMain$startTestSuite$0.call(Unknown Source)
	at TempTestSuite1581071026566.run(TempTestSuite1581071026566.groovy:36)
)

2020-02-07 12:28:47 - [MESSAGE][INFO] - Unable to find the element located by 'By.xpath: //*[@id="bottom-slider-id"]/div[10]/figure'. Please recheck the objects properties to make sure the desired element is located. 

2020-02-07 12:28:47 - [MESSAGE][FAILED] - com.kms.katalon.core.webui.exception.WebElementNotFoundException: Web element with id: 'Object Repository/Page_Reevio Video Maker/Editor_Scene_10' located by 'By.xpath: //*[@id="bottom-slider-id"]/div[10]/figure' not found (Root cause: com.kms.katalon.core.exception.StepFailedException: com.kms.katalon.core.webui.exception.WebElementNotFoundException: Web element with id: 'Object Repository/Page_Reevio Video Maker/Editor_Scene_10' located by 'By.xpath: //*[@id="bottom-slider-id"]/div[10]/figure' not found
	at com.kms.katalon.core.webui.keyword.internal.WebUIKeywordMain.stepFailed(WebUIKeywordMain.groovy:64)
	at com.kms.katalon.core.webui.keyword.builtin.VerifyElementPresentKeyword$_verifyElementPresent_closure1.doCall(VerifyElementPresentKeyword.groovy:85)
	at com.kms.katalon.core.webui.keyword.builtin.VerifyElementPresentKeyword$_verifyElementPresent_closure1.call(VerifyElementPresentKeyword.groovy)
	at com.kms.katalon.core.webui.keyword.internal.WebUIKeywordMain.runKeyword(WebUIKeywordMain.groovy:20)
	at com.kms.katalon.core.webui.keyword.builtin.VerifyElementPresentKeyword.verifyElementPresent(VerifyElementPresentKeyword.groovy:92)
	at com.kms.katalon.core.webui.keyword.builtin.VerifyElementPresentKeyword.execute(VerifyElementPresentKeyword.groovy:68)
	at com.kms.katalon.core.keyword.internal.KeywordExecutor.executeKeywordForPlatform(KeywordExecutor.groovy:72)
	at com.kms.katalon.core.webui.keyword.WebUiBuiltInKeywords.verifyElementPresent(WebUiBuiltInKeywords.groovy:1434)
	at com.kms.katalon.core.webui.keyword.WebUiBuiltInKeywords$verifyElementPresent$6.call(Unknown Source)
	at Background adding (Color 1-30cs) cycle.run(Background adding (Color 1-30cs) cycle:23)
	at com.kms.katalon.core.main.ScriptEngine.run(ScriptEngine.java:194)
	at com.kms.katalon.core.main.ScriptEngine.runScriptAsRawText(ScriptEngine.java:119)
	at com.kms.katalon.core.main.TestCaseExecutor.runScript(TestCaseExecutor.java:337)
	at com.kms.katalon.core.main.TestCaseExecutor.doExecute(TestCaseExecutor.java:328)
	at com.kms.katalon.core.main.TestCaseExecutor.processExecutionPhase(TestCaseExecutor.java:307)
	at com.kms.katalon.core.main.TestCaseExecutor.accessMainPhase(TestCaseExecutor.java:299)
	at com.kms.katalon.core.main.TestCaseExecutor.execute(TestCaseExecutor.java:233)
	at com.kms.katalon.core.main.TestSuiteExecutor.accessTestCaseMainPhase(TestSuiteExecutor.java:169)
	at com.kms.katalon.core.main.TestSuiteExecutor.accessTestSuiteMainPhase(TestSuiteExecutor.java:142)
	at com.kms.katalon.core.main.TestSuiteExecutor.execute(TestSuiteExecutor.java:91)
	at com.kms.katalon.core.main.TestCaseMain.startTestSuite(TestCaseMain.java:157)
	at com.kms.katalon.core.main.TestCaseMain$startTestSuite$0.call(Unknown Source)
	at TempTestSuite1581071026566.run(TempTestSuite1581071026566.groovy:36)
)

2020-02-07 12:28:47 - [TEST_STEP][PASSED] - else: null

2020-02-07 12:28:47 - [TEST_STEP][PASSED] - break: null

2020-02-07 12:28:47 - [TEST_STEP][PASSED] - doubleClick(findTestObject("Page_Reevio Video Maker/Editor_Scene_1")): Object: 'Object Repository/Page_Reevio Video Maker/Editor_Scene_1' is double clicked on

2020-02-07 12:28:47 - [MESSAGE][PASSED] - Object: 'Object Repository/Page_Reevio Video Maker/Editor_Scene_1' is double clicked on]]></system-out>
         <system-err><![CDATA[2020-02-07 12:28:02 - [TEST_CASE][FAILED] - Test Cases/Images adding/Background adding (Color 1-30cs) cycle: Test Cases/Images adding/Background adding (Color 1-30cs) cycle FAILED.
Reason:
com.kms.katalon.core.exception.StepFailedException: Object 'Object Repository/Page_Login/logoPlaceholder1' is not present (Root cause: com.kms.katalon.core.exception.StepFailedException: Object 'Object Repository/Page_Login/logoPlaceholder1' is not present
	at com.kms.katalon.core.webui.keyword.internal.WebUIKeywordMain.stepFailed(WebUIKeywordMain.groovy:64)
	at com.kms.katalon.core.webui.keyword.builtin.VerifyElementVisibleInViewportKeyword$_verifyElementVisibleInViewport_closure1.doCall(VerifyElementVisibleInViewportKeyword.groovy:83)
	at com.kms.katalon.core.webui.keyword.builtin.VerifyElementVisibleInViewportKeyword$_verifyElementVisibleInViewport_closure1.call(VerifyElementVisibleInViewportKeyword.groovy)
	at com.kms.katalon.core.webui.keyword.internal.WebUIKeywordMain.runKeyword(WebUIKeywordMain.groovy:20)
	at com.kms.katalon.core.webui.keyword.builtin.VerifyElementVisibleInViewportKeyword.verifyElementVisibleInViewport(VerifyElementVisibleInViewportKeyword.groovy:86)
	at com.kms.katalon.core.webui.keyword.builtin.VerifyElementVisibleInViewportKeyword.execute(VerifyElementVisibleInViewportKeyword.groovy:68)
	at com.kms.katalon.core.keyword.internal.KeywordExecutor.executeKeywordForPlatform(KeywordExecutor.groovy:72)
	at com.kms.katalon.core.webui.keyword.WebUiBuiltInKeywords.verifyElementInViewport(WebUiBuiltInKeywords.groovy:3039)
	at com.kms.katalon.core.webui.keyword.WebUiBuiltInKeywords$verifyElementInViewport$14.call(Unknown Source)
	at Background adding (Color 1-30cs) cycle.run(Background adding (Color 1-30cs) cycle:38)
	at com.kms.katalon.core.main.ScriptEngine.run(ScriptEngine.java:194)
	at com.kms.katalon.core.main.ScriptEngine.runScriptAsRawText(ScriptEngine.java:119)
	at com.kms.katalon.core.main.TestCaseExecutor.runScript(TestCaseExecutor.java:337)
	at com.kms.katalon.core.main.TestCaseExecutor.doExecute(TestCaseExecutor.java:328)
	at com.kms.katalon.core.main.TestCaseExecutor.processExecutionPhase(TestCaseExecutor.java:307)
	at com.kms.katalon.core.main.TestCaseExecutor.accessMainPhase(TestCaseExecutor.java:299)
	at com.kms.katalon.core.main.TestCaseExecutor.execute(TestCaseExecutor.java:233)
	at com.kms.katalon.core.main.TestSuiteExecutor.accessTestCaseMainPhase(TestSuiteExecutor.java:169)
	at com.kms.katalon.core.main.TestSuiteExecutor.accessTestSuiteMainPhase(TestSuiteExecutor.java:142)
	at com.kms.katalon.core.main.TestSuiteExecutor.execute(TestSuiteExecutor.java:91)
	at com.kms.katalon.core.main.TestCaseMain.startTestSuite(TestCaseMain.java:157)
	at com.kms.katalon.core.main.TestCaseMain$startTestSuite$0.call(Unknown Source)
	at TempTestSuite1581071026566.run(TempTestSuite1581071026566.groovy:36)
)
	at com.kms.katalon.core.keyword.internal.KeywordMain.stepFailed(KeywordMain.groovy:39)
	at com.kms.katalon.core.webui.keyword.internal.WebUIKeywordMain.stepFailed(WebUIKeywordMain.groovy:64)
	at com.kms.katalon.core.webui.keyword.builtin.VerifyElementVisibleInViewportKeyword$_verifyElementVisibleInViewport_closure1.doCall(VerifyElementVisibleInViewportKeyword.groovy:83)
	at com.kms.katalon.core.webui.keyword.builtin.VerifyElementVisibleInViewportKeyword$_verifyElementVisibleInViewport_closure1.call(VerifyElementVisibleInViewportKeyword.groovy)
	at com.kms.katalon.core.webui.keyword.internal.WebUIKeywordMain.runKeyword(WebUIKeywordMain.groovy:20)
	at com.kms.katalon.core.webui.keyword.builtin.VerifyElementVisibleInViewportKeyword.verifyElementVisibleInViewport(VerifyElementVisibleInViewportKeyword.groovy:86)
	at com.kms.katalon.core.webui.keyword.builtin.VerifyElementVisibleInViewportKeyword.execute(VerifyElementVisibleInViewportKeyword.groovy:68)
	at com.kms.katalon.core.keyword.internal.KeywordExecutor.executeKeywordForPlatform(KeywordExecutor.groovy:72)
	at com.kms.katalon.core.webui.keyword.WebUiBuiltInKeywords.verifyElementInViewport(WebUiBuiltInKeywords.groovy:3039)
	at com.kms.katalon.core.webui.keyword.WebUiBuiltInKeywords$verifyElementInViewport$14.call(Unknown Source)
	at Background adding (Color 1-30cs) cycle.run(Background adding (Color 1-30cs) cycle:38)
	at com.kms.katalon.core.main.ScriptEngine.run(ScriptEngine.java:194)
	at com.kms.katalon.core.main.ScriptEngine.runScriptAsRawText(ScriptEngine.java:119)
	at com.kms.katalon.core.main.TestCaseExecutor.runScript(TestCaseExecutor.java:337)
	at com.kms.katalon.core.main.TestCaseExecutor.doExecute(TestCaseExecutor.java:328)
	at com.kms.katalon.core.main.TestCaseExecutor.processExecutionPhase(TestCaseExecutor.java:307)
	at com.kms.katalon.core.main.TestCaseExecutor.accessMainPhase(TestCaseExecutor.java:299)
	at com.kms.katalon.core.main.TestCaseExecutor.execute(TestCaseExecutor.java:233)
	at com.kms.katalon.core.main.TestSuiteExecutor.accessTestCaseMainPhase(TestSuiteExecutor.java:169)
	at com.kms.katalon.core.main.TestSuiteExecutor.accessTestSuiteMainPhase(TestSuiteExecutor.java:142)
	at com.kms.katalon.core.main.TestSuiteExecutor.execute(TestSuiteExecutor.java:91)
	at com.kms.katalon.core.main.TestCaseMain.startTestSuite(TestCaseMain.java:157)
	at com.kms.katalon.core.main.TestCaseMain$startTestSuite$0.call(Unknown Source)
	at TempTestSuite1581071026566.run(TempTestSuite1581071026566.groovy:36)
Caused by: com.kms.katalon.core.exception.StepFailedException: Object 'Object Repository/Page_Login/logoPlaceholder1' is not present
	... 23 more]]></system-err>
      </testcase>
      <testcase name="Test Cases/clickSavebtn" time="1.139" classname="Test Cases/clickSavebtn" status="PASSED">
         <system-out><![CDATA[2020-02-07 12:28:47 - [TEST_CASE][PASSED] - Test Cases/clickSavebtn: Test Cases/clickSavebtn

2020-02-07 12:28:47 - [TEST_STEP][PASSED] - Savebtn = new com.kms.katalon.core.testobject.TestObject(data-target): null

2020-02-07 12:28:47 - [TEST_STEP][PASSED] - Savebtn.addProperty("xpath", EQUALS, "//button[@data-target = "#save-changes"]", true): null

2020-02-07 12:28:47 - [TEST_STEP][PASSED] - click(Savebtn): Object: 'data-target' is clicked on

2020-02-07 12:28:47 - [MESSAGE][PASSED] - Object: 'data-target' is clicked on

2020-02-07 12:28:47 - [TEST_STEP][PASSED] - delay(1): Delayed 1 second(s)

2020-02-07 12:28:48 - [MESSAGE][PASSED] - Delayed 1 second(s)]]></system-out>
         <system-err><![CDATA[]]></system-err>
      </testcase>
      <testcase name="Test Cases/Images adding/Adding photo in placeholders (double cycle) Architecture" time="102.812" classname="Test Cases/Images adding/Adding photo in placeholders (double cycle) Architecture" status="FAILED">
         <failure type="FAILED" message="Test Cases/Images adding/Adding photo in placeholders (double cycle) Architecture FAILED.
Reason:
com.kms.katalon.core.exception.StepFailedException: Object 'Object Repository/Add video in placeholers/Placeholders/div_Add media here_1' is not present (Root cause: com.kms.katalon.core.exception.StepFailedException: Object 'Object Repository/Add video in placeholers/Placeholders/div_Add media here_1' is not present
	at com.kms.katalon.core.webui.keyword.internal.WebUIKeywordMain.stepFailed(WebUIKeywordMain.groovy:64)
	at com.kms.katalon.core.webui.keyword.builtin.VerifyElementVisibleInViewportKeyword$_verifyElementVisibleInViewport_closure1.doCall(VerifyElementVisibleInViewportKeyword.groovy:83)
	at com.kms.katalon.core.webui.keyword.builtin.VerifyElementVisibleInViewportKeyword$_verifyElementVisibleInViewport_closure1.call(VerifyElementVisibleInViewportKeyword.groovy)
	at com.kms.katalon.core.webui.keyword.internal.WebUIKeywordMain.runKeyword(WebUIKeywordMain.groovy:20)
	at com.kms.katalon.core.webui.keyword.builtin.VerifyElementVisibleInViewportKeyword.verifyElementVisibleInViewport(VerifyElementVisibleInViewportKeyword.groovy:86)
	at com.kms.katalon.core.webui.keyword.builtin.VerifyElementVisibleInViewportKeyword.execute(VerifyElementVisibleInViewportKeyword.groovy:68)
	at com.kms.katalon.core.keyword.internal.KeywordExecutor.executeKeywordForPlatform(KeywordExecutor.groovy:72)
	at com.kms.katalon.core.webui.keyword.WebUiBuiltInKeywords.verifyElementInViewport(WebUiBuiltInKeywords.groovy:3039)
	at com.kms.katalon.core.webui.keyword.WebUiBuiltInKeywords$verifyElementInViewport$14.call(Unknown Source)
	at Adding photo in placeholders (double cycle) Architecture.run(Adding photo in placeholders (double cycle) Architecture:26)
	at com.kms.katalon.core.main.ScriptEngine.run(ScriptEngine.java:194)
	at com.kms.katalon.core.main.ScriptEngine.runScriptAsRawText(ScriptEngine.java:119)
	at com.kms.katalon.core.main.TestCaseExecutor.runScript(TestCaseExecutor.java:337)
	at com.kms.katalon.core.main.TestCaseExecutor.doExecute(TestCaseExecutor.java:328)
	at com.kms.katalon.core.main.TestCaseExecutor.processExecutionPhase(TestCaseExecutor.java:307)
	at com.kms.katalon.core.main.TestCaseExecutor.accessMainPhase(TestCaseExecutor.java:299)
	at com.kms.katalon.core.main.TestCaseExecutor.execute(TestCaseExecutor.java:233)
	at com.kms.katalon.core.main.TestSuiteExecutor.accessTestCaseMainPhase(TestSuiteExecutor.java:169)
	at com.kms.katalon.core.main.TestSuiteExecutor.accessTestSuiteMainPhase(TestSuiteExecutor.java:142)
	at com.kms.katalon.core.main.TestSuiteExecutor.execute(TestSuiteExecutor.java:91)
	at com.kms.katalon.core.main.TestCaseMain.startTestSuite(TestCaseMain.java:157)
	at com.kms.katalon.core.main.TestCaseMain$startTestSuite$0.call(Unknown Source)
	at TempTestSuite1581071026566.run(TempTestSuite1581071026566.groovy:36)
)
	at com.kms.katalon.core.keyword.internal.KeywordMain.stepFailed(KeywordMain.groovy:39)
	at com.kms.katalon.core.webui.keyword.internal.WebUIKeywordMain.stepFailed(WebUIKeywordMain.groovy:64)
	at com.kms.katalon.core.webui.keyword.builtin.VerifyElementVisibleInViewportKeyword$_verifyElementVisibleInViewport_closure1.doCall(VerifyElementVisibleInViewportKeyword.groovy:83)
	at com.kms.katalon.core.webui.keyword.builtin.VerifyElementVisibleInViewportKeyword$_verifyElementVisibleInViewport_closure1.call(VerifyElementVisibleInViewportKeyword.groovy)
	at com.kms.katalon.core.webui.keyword.internal.WebUIKeywordMain.runKeyword(WebUIKeywordMain.groovy:20)
	at com.kms.katalon.core.webui.keyword.builtin.VerifyElementVisibleInViewportKeyword.verifyElementVisibleInViewport(VerifyElementVisibleInViewportKeyword.groovy:86)
	at com.kms.katalon.core.webui.keyword.builtin.VerifyElementVisibleInViewportKeyword.execute(VerifyElementVisibleInViewportKeyword.groovy:68)
	at com.kms.katalon.core.keyword.internal.KeywordExecutor.executeKeywordForPlatform(KeywordExecutor.groovy:72)
	at com.kms.katalon.core.webui.keyword.WebUiBuiltInKeywords.verifyElementInViewport(WebUiBuiltInKeywords.groovy:3039)
	at com.kms.katalon.core.webui.keyword.WebUiBuiltInKeywords$verifyElementInViewport$14.call(Unknown Source)
	at Adding photo in placeholders (double cycle) Architecture.run(Adding photo in placeholders (double cycle) Architecture:26)
	at com.kms.katalon.core.main.ScriptEngine.run(ScriptEngine.java:194)
	at com.kms.katalon.core.main.ScriptEngine.runScriptAsRawText(ScriptEngine.java:119)
	at com.kms.katalon.core.main.TestCaseExecutor.runScript(TestCaseExecutor.java:337)
	at com.kms.katalon.core.main.TestCaseExecutor.doExecute(TestCaseExecutor.java:328)
	at com.kms.katalon.core.main.TestCaseExecutor.processExecutionPhase(TestCaseExecutor.java:307)
	at com.kms.katalon.core.main.TestCaseExecutor.accessMainPhase(TestCaseExecutor.java:299)
	at com.kms.katalon.core.main.TestCaseExecutor.execute(TestCaseExecutor.java:233)
	at com.kms.katalon.core.main.TestSuiteExecutor.accessTestCaseMainPhase(TestSuiteExecutor.java:169)
	at com.kms.katalon.core.main.TestSuiteExecutor.accessTestSuiteMainPhase(TestSuiteExecutor.java:142)
	at com.kms.katalon.core.main.TestSuiteExecutor.execute(TestSuiteExecutor.java:91)
	at com.kms.katalon.core.main.TestCaseMain.startTestSuite(TestCaseMain.java:157)
	at com.kms.katalon.core.main.TestCaseMain$startTestSuite$0.call(Unknown Source)
	at TempTestSuite1581071026566.run(TempTestSuite1581071026566.groovy:36)
Caused by: com.kms.katalon.core.exception.StepFailedException: Object 'Object Repository/Add video in placeholers/Placeholders/div_Add media here_1' is not present
	... 23 more
"/>
         <system-out><![CDATA[2020-02-07 12:28:48 - [TEST_CASE][FAILED] - Test Cases/Images adding/Adding photo in placeholders (double cycle) Architecture: Test Cases/Images adding/Adding photo in placeholders (double cycle) Architecture FAILED.
Reason:
com.kms.katalon.core.exception.StepFailedException: Object 'Object Repository/Add video in placeholers/Placeholders/div_Add media here_1' is not present (Root cause: com.kms.katalon.core.exception.StepFailedException: Object 'Object Repository/Add video in placeholers/Placeholders/div_Add media here_1' is not present
	at com.kms.katalon.core.webui.keyword.internal.WebUIKeywordMain.stepFailed(WebUIKeywordMain.groovy:64)
	at com.kms.katalon.core.webui.keyword.builtin.VerifyElementVisibleInViewportKeyword$_verifyElementVisibleInViewport_closure1.doCall(VerifyElementVisibleInViewportKeyword.groovy:83)
	at com.kms.katalon.core.webui.keyword.builtin.VerifyElementVisibleInViewportKeyword$_verifyElementVisibleInViewport_closure1.call(VerifyElementVisibleInViewportKeyword.groovy)
	at com.kms.katalon.core.webui.keyword.internal.WebUIKeywordMain.runKeyword(WebUIKeywordMain.groovy:20)
	at com.kms.katalon.core.webui.keyword.builtin.VerifyElementVisibleInViewportKeyword.verifyElementVisibleInViewport(VerifyElementVisibleInViewportKeyword.groovy:86)
	at com.kms.katalon.core.webui.keyword.builtin.VerifyElementVisibleInViewportKeyword.execute(VerifyElementVisibleInViewportKeyword.groovy:68)
	at com.kms.katalon.core.keyword.internal.KeywordExecutor.executeKeywordForPlatform(KeywordExecutor.groovy:72)
	at com.kms.katalon.core.webui.keyword.WebUiBuiltInKeywords.verifyElementInViewport(WebUiBuiltInKeywords.groovy:3039)
	at com.kms.katalon.core.webui.keyword.WebUiBuiltInKeywords$verifyElementInViewport$14.call(Unknown Source)
	at Adding photo in placeholders (double cycle) Architecture.run(Adding photo in placeholders (double cycle) Architecture:26)
	at com.kms.katalon.core.main.ScriptEngine.run(ScriptEngine.java:194)
	at com.kms.katalon.core.main.ScriptEngine.runScriptAsRawText(ScriptEngine.java:119)
	at com.kms.katalon.core.main.TestCaseExecutor.runScript(TestCaseExecutor.java:337)
	at com.kms.katalon.core.main.TestCaseExecutor.doExecute(TestCaseExecutor.java:328)
	at com.kms.katalon.core.main.TestCaseExecutor.processExecutionPhase(TestCaseExecutor.java:307)
	at com.kms.katalon.core.main.TestCaseExecutor.accessMainPhase(TestCaseExecutor.java:299)
	at com.kms.katalon.core.main.TestCaseExecutor.execute(TestCaseExecutor.java:233)
	at com.kms.katalon.core.main.TestSuiteExecutor.accessTestCaseMainPhase(TestSuiteExecutor.java:169)
	at com.kms.katalon.core.main.TestSuiteExecutor.accessTestSuiteMainPhase(TestSuiteExecutor.java:142)
	at com.kms.katalon.core.main.TestSuiteExecutor.execute(TestSuiteExecutor.java:91)
	at com.kms.katalon.core.main.TestCaseMain.startTestSuite(TestCaseMain.java:157)
	at com.kms.katalon.core.main.TestCaseMain$startTestSuite$0.call(Unknown Source)
	at TempTestSuite1581071026566.run(TempTestSuite1581071026566.groovy:36)
)
	at com.kms.katalon.core.keyword.internal.KeywordMain.stepFailed(KeywordMain.groovy:39)
	at com.kms.katalon.core.webui.keyword.internal.WebUIKeywordMain.stepFailed(WebUIKeywordMain.groovy:64)
	at com.kms.katalon.core.webui.keyword.builtin.VerifyElementVisibleInViewportKeyword$_verifyElementVisibleInViewport_closure1.doCall(VerifyElementVisibleInViewportKeyword.groovy:83)
	at com.kms.katalon.core.webui.keyword.builtin.VerifyElementVisibleInViewportKeyword$_verifyElementVisibleInViewport_closure1.call(VerifyElementVisibleInViewportKeyword.groovy)
	at com.kms.katalon.core.webui.keyword.internal.WebUIKeywordMain.runKeyword(WebUIKeywordMain.groovy:20)
	at com.kms.katalon.core.webui.keyword.builtin.VerifyElementVisibleInViewportKeyword.verifyElementVisibleInViewport(VerifyElementVisibleInViewportKeyword.groovy:86)
	at com.kms.katalon.core.webui.keyword.builtin.VerifyElementVisibleInViewportKeyword.execute(VerifyElementVisibleInViewportKeyword.groovy:68)
	at com.kms.katalon.core.keyword.internal.KeywordExecutor.executeKeywordForPlatform(KeywordExecutor.groovy:72)
	at com.kms.katalon.core.webui.keyword.WebUiBuiltInKeywords.verifyElementInViewport(WebUiBuiltInKeywords.groovy:3039)
	at com.kms.katalon.core.webui.keyword.WebUiBuiltInKeywords$verifyElementInViewport$14.call(Unknown Source)
	at Adding photo in placeholders (double cycle) Architecture.run(Adding photo in placeholders (double cycle) Architecture:26)
	at com.kms.katalon.core.main.ScriptEngine.run(ScriptEngine.java:194)
	at com.kms.katalon.core.main.ScriptEngine.runScriptAsRawText(ScriptEngine.java:119)
	at com.kms.katalon.core.main.TestCaseExecutor.runScript(TestCaseExecutor.java:337)
	at com.kms.katalon.core.main.TestCaseExecutor.doExecute(TestCaseExecutor.java:328)
	at com.kms.katalon.core.main.TestCaseExecutor.processExecutionPhase(TestCaseExecutor.java:307)
	at com.kms.katalon.core.main.TestCaseExecutor.accessMainPhase(TestCaseExecutor.java:299)
	at com.kms.katalon.core.main.TestCaseExecutor.execute(TestCaseExecutor.java:233)
	at com.kms.katalon.core.main.TestSuiteExecutor.accessTestCaseMainPhase(TestSuiteExecutor.java:169)
	at com.kms.katalon.core.main.TestSuiteExecutor.accessTestSuiteMainPhase(TestSuiteExecutor.java:142)
	at com.kms.katalon.core.main.TestSuiteExecutor.execute(TestSuiteExecutor.java:91)
	at com.kms.katalon.core.main.TestCaseMain.startTestSuite(TestCaseMain.java:157)
	at com.kms.katalon.core.main.TestCaseMain$startTestSuite$0.call(Unknown Source)
	at TempTestSuite1581071026566.run(TempTestSuite1581071026566.groovy:36)
Caused by: com.kms.katalon.core.exception.StepFailedException: Object 'Object Repository/Add video in placeholers/Placeholders/div_Add media here_1' is not present
	... 23 more


2020-02-07 12:28:48 - [TEST_STEP][PASSED] - n = 0: null

2020-02-07 12:28:48 - [TEST_STEP][PASSED] - p = 1: null

2020-02-07 12:28:48 - [TEST_STEP][PASSED] - doubleClick(findTestObject("Add video in placeholers/Video_img repository (videos, imgs and buttons)/Editor_Scene_1")): Object: 'Object Repository/Add video in placeholers/Video_img repository (videos, imgs and buttons)/Editor_Scene_1' is double clicked on

2020-02-07 12:28:49 - [MESSAGE][PASSED] - Object: 'Object Repository/Add video in placeholers/Video_img repository (videos, imgs and buttons)/Editor_Scene_1' is double clicked on

2020-02-07 12:28:49 - [TEST_STEP][FAILED] - for ([i = 1, i < 31, (i++)]): null

2020-02-07 12:28:49 - [TEST_STEP][PASSED] - if (verifyElementPresent(findTestObject("Page_Reevio Video Maker/Editor_Scene_" + i), 0) == true): null

2020-02-07 12:28:49 - [MESSAGE][WARNING] - Timeout '0' is invalid. Using default page load timeout: '1'

2020-02-07 12:28:49 - [MESSAGE][PASSED] - Object 'Object Repository/Page_Reevio Video Maker/Editor_Scene_1' is present

2020-02-07 12:28:49 - [TEST_STEP][PASSED] - doubleClick(findTestObject("Page_Reevio Video Maker/Editor_Scene_" + i)): Object: 'Object Repository/Page_Reevio Video Maker/Editor_Scene_1' is double clicked on

2020-02-07 12:28:49 - [MESSAGE][PASSED] - Object: 'Object Repository/Page_Reevio Video Maker/Editor_Scene_1' is double clicked on

2020-02-07 12:28:49 - [TEST_STEP][FAILED] - for ([j = 1, j < 7, (j++)]): null

2020-02-07 12:28:49 - [TEST_STEP][FAILED] - if (verifyElementInViewport(findTestObject("Add video in placeholers/Placeholders/div_Add media here_" + j), 0) == true): Object 'Object Repository/Add video in placeholers/Placeholders/div_Add media here_1' is not present (Root cause: com.kms.katalon.core.exception.StepFailedException: Object 'Object Repository/Add video in placeholers/Placeholders/div_Add media here_1' is not present
	at com.kms.katalon.core.webui.keyword.internal.WebUIKeywordMain.stepFailed(WebUIKeywordMain.groovy:64)
	at com.kms.katalon.core.webui.keyword.builtin.VerifyElementVisibleInViewportKeyword$_verifyElementVisibleInViewport_closure1.doCall(VerifyElementVisibleInViewportKeyword.groovy:83)
	at com.kms.katalon.core.webui.keyword.builtin.VerifyElementVisibleInViewportKeyword$_verifyElementVisibleInViewport_closure1.call(VerifyElementVisibleInViewportKeyword.groovy)
	at com.kms.katalon.core.webui.keyword.internal.WebUIKeywordMain.runKeyword(WebUIKeywordMain.groovy:20)
	at com.kms.katalon.core.webui.keyword.builtin.VerifyElementVisibleInViewportKeyword.verifyElementVisibleInViewport(VerifyElementVisibleInViewportKeyword.groovy:86)
	at com.kms.katalon.core.webui.keyword.builtin.VerifyElementVisibleInViewportKeyword.execute(VerifyElementVisibleInViewportKeyword.groovy:68)
	at com.kms.katalon.core.keyword.internal.KeywordExecutor.executeKeywordForPlatform(KeywordExecutor.groovy:72)
	at com.kms.katalon.core.webui.keyword.WebUiBuiltInKeywords.verifyElementInViewport(WebUiBuiltInKeywords.groovy:3039)
	at com.kms.katalon.core.webui.keyword.WebUiBuiltInKeywords$verifyElementInViewport$14.call(Unknown Source)
	at Adding photo in placeholders (double cycle) Architecture.run(Adding photo in placeholders (double cycle) Architecture:26)
	at com.kms.katalon.core.main.ScriptEngine.run(ScriptEngine.java:194)
	at com.kms.katalon.core.main.ScriptEngine.runScriptAsRawText(ScriptEngine.java:119)
	at com.kms.katalon.core.main.TestCaseExecutor.runScript(TestCaseExecutor.java:337)
	at com.kms.katalon.core.main.TestCaseExecutor.doExecute(TestCaseExecutor.java:328)
	at com.kms.katalon.core.main.TestCaseExecutor.processExecutionPhase(TestCaseExecutor.java:307)
	at com.kms.katalon.core.main.TestCaseExecutor.accessMainPhase(TestCaseExecutor.java:299)
	at com.kms.katalon.core.main.TestCaseExecutor.execute(TestCaseExecutor.java:233)
	at com.kms.katalon.core.main.TestSuiteExecutor.accessTestCaseMainPhase(TestSuiteExecutor.java:169)
	at com.kms.katalon.core.main.TestSuiteExecutor.accessTestSuiteMainPhase(TestSuiteExecutor.java:142)
	at com.kms.katalon.core.main.TestSuiteExecutor.execute(TestSuiteExecutor.java:91)
	at com.kms.katalon.core.main.TestCaseMain.startTestSuite(TestCaseMain.java:157)
	at com.kms.katalon.core.main.TestCaseMain$startTestSuite$0.call(Unknown Source)
	at TempTestSuite1581071026566.run(TempTestSuite1581071026566.groovy:36)
)

2020-02-07 12:28:49 - [MESSAGE][WARNING] - Timeout '0' is invalid. Using default page load timeout: '1'

2020-02-07 12:28:50 - [MESSAGE][INFO] - Unable to find the element located by 'By.xpath: //div[@class = 'current-slide active-slide']//*[@data-vidpk][1]'. Please recheck the objects properties to make sure the desired element is located. 

2020-02-07 12:28:50 - [MESSAGE][FAILED] - Object 'Object Repository/Add video in placeholers/Placeholders/div_Add media here_1' is not present (Root cause: com.kms.katalon.core.exception.StepFailedException: Object 'Object Repository/Add video in placeholers/Placeholders/div_Add media here_1' is not present
	at com.kms.katalon.core.webui.keyword.internal.WebUIKeywordMain.stepFailed(WebUIKeywordMain.groovy:64)
	at com.kms.katalon.core.webui.keyword.builtin.VerifyElementVisibleInViewportKeyword$_verifyElementVisibleInViewport_closure1.doCall(VerifyElementVisibleInViewportKeyword.groovy:83)
	at com.kms.katalon.core.webui.keyword.builtin.VerifyElementVisibleInViewportKeyword$_verifyElementVisibleInViewport_closure1.call(VerifyElementVisibleInViewportKeyword.groovy)
	at com.kms.katalon.core.webui.keyword.internal.WebUIKeywordMain.runKeyword(WebUIKeywordMain.groovy:20)
	at com.kms.katalon.core.webui.keyword.builtin.VerifyElementVisibleInViewportKeyword.verifyElementVisibleInViewport(VerifyElementVisibleInViewportKeyword.groovy:86)
	at com.kms.katalon.core.webui.keyword.builtin.VerifyElementVisibleInViewportKeyword.execute(VerifyElementVisibleInViewportKeyword.groovy:68)
	at com.kms.katalon.core.keyword.internal.KeywordExecutor.executeKeywordForPlatform(KeywordExecutor.groovy:72)
	at com.kms.katalon.core.webui.keyword.WebUiBuiltInKeywords.verifyElementInViewport(WebUiBuiltInKeywords.groovy:3039)
	at com.kms.katalon.core.webui.keyword.WebUiBuiltInKeywords$verifyElementInViewport$14.call(Unknown Source)
	at Adding photo in placeholders (double cycle) Architecture.run(Adding photo in placeholders (double cycle) Architecture:26)
	at com.kms.katalon.core.main.ScriptEngine.run(ScriptEngine.java:194)
	at com.kms.katalon.core.main.ScriptEngine.runScriptAsRawText(ScriptEngine.java:119)
	at com.kms.katalon.core.main.TestCaseExecutor.runScript(TestCaseExecutor.java:337)
	at com.kms.katalon.core.main.TestCaseExecutor.doExecute(TestCaseExecutor.java:328)
	at com.kms.katalon.core.main.TestCaseExecutor.processExecutionPhase(TestCaseExecutor.java:307)
	at com.kms.katalon.core.main.TestCaseExecutor.accessMainPhase(TestCaseExecutor.java:299)
	at com.kms.katalon.core.main.TestCaseExecutor.execute(TestCaseExecutor.java:233)
	at com.kms.katalon.core.main.TestSuiteExecutor.accessTestCaseMainPhase(TestSuiteExecutor.java:169)
	at com.kms.katalon.core.main.TestSuiteExecutor.accessTestSuiteMainPhase(TestSuiteExecutor.java:142)
	at com.kms.katalon.core.main.TestSuiteExecutor.execute(TestSuiteExecutor.java:91)
	at com.kms.katalon.core.main.TestCaseMain.startTestSuite(TestCaseMain.java:157)
	at com.kms.katalon.core.main.TestCaseMain$startTestSuite$0.call(Unknown Source)
	at TempTestSuite1581071026566.run(TempTestSuite1581071026566.groovy:36)
)

2020-02-07 12:28:50 - [TEST_STEP][PASSED] - else: null

2020-02-07 12:28:50 - [TEST_STEP][PASSED] - break: null

2020-02-07 12:28:50 - [TEST_STEP][PASSED] - if (verifyElementPresent(findTestObject("Page_Reevio Video Maker/Editor_Scene_" + i), 0) == true): null

2020-02-07 12:28:50 - [MESSAGE][WARNING] - Timeout '0' is invalid. Using default page load timeout: '1'

2020-02-07 12:28:50 - [MESSAGE][PASSED] - Object 'Object Repository/Page_Reevio Video Maker/Editor_Scene_2' is present

2020-02-07 12:28:50 - [TEST_STEP][PASSED] - doubleClick(findTestObject("Page_Reevio Video Maker/Editor_Scene_" + i)): Object: 'Object Repository/Page_Reevio Video Maker/Editor_Scene_2' is double clicked on

2020-02-07 12:28:51 - [MESSAGE][PASSED] - Object: 'Object Repository/Page_Reevio Video Maker/Editor_Scene_2' is double clicked on

2020-02-07 12:28:51 - [TEST_STEP][FAILED] - for ([j = 1, j < 7, (j++)]): null

2020-02-07 12:28:51 - [TEST_STEP][FAILED] - if (verifyElementInViewport(findTestObject("Add video in placeholers/Placeholders/div_Add media here_" + j), 0) == true): Object 'Object Repository/Add video in placeholers/Placeholders/div_Add media here_1' is not present (Root cause: com.kms.katalon.core.exception.StepFailedException: Object 'Object Repository/Add video in placeholers/Placeholders/div_Add media here_1' is not present
	at com.kms.katalon.core.webui.keyword.internal.WebUIKeywordMain.stepFailed(WebUIKeywordMain.groovy:64)
	at com.kms.katalon.core.webui.keyword.builtin.VerifyElementVisibleInViewportKeyword$_verifyElementVisibleInViewport_closure1.doCall(VerifyElementVisibleInViewportKeyword.groovy:83)
	at com.kms.katalon.core.webui.keyword.builtin.VerifyElementVisibleInViewportKeyword$_verifyElementVisibleInViewport_closure1.call(VerifyElementVisibleInViewportKeyword.groovy)
	at com.kms.katalon.core.webui.keyword.internal.WebUIKeywordMain.runKeyword(WebUIKeywordMain.groovy:20)
	at com.kms.katalon.core.webui.keyword.builtin.VerifyElementVisibleInViewportKeyword.verifyElementVisibleInViewport(VerifyElementVisibleInViewportKeyword.groovy:86)
	at com.kms.katalon.core.webui.keyword.builtin.VerifyElementVisibleInViewportKeyword.execute(VerifyElementVisibleInViewportKeyword.groovy:68)
	at com.kms.katalon.core.keyword.internal.KeywordExecutor.executeKeywordForPlatform(KeywordExecutor.groovy:72)
	at com.kms.katalon.core.webui.keyword.WebUiBuiltInKeywords.verifyElementInViewport(WebUiBuiltInKeywords.groovy:3039)
	at com.kms.katalon.core.webui.keyword.WebUiBuiltInKeywords$verifyElementInViewport$14.call(Unknown Source)
	at Adding photo in placeholders (double cycle) Architecture.run(Adding photo in placeholders (double cycle) Architecture:26)
	at com.kms.katalon.core.main.ScriptEngine.run(ScriptEngine.java:194)
	at com.kms.katalon.core.main.ScriptEngine.runScriptAsRawText(ScriptEngine.java:119)
	at com.kms.katalon.core.main.TestCaseExecutor.runScript(TestCaseExecutor.java:337)
	at com.kms.katalon.core.main.TestCaseExecutor.doExecute(TestCaseExecutor.java:328)
	at com.kms.katalon.core.main.TestCaseExecutor.processExecutionPhase(TestCaseExecutor.java:307)
	at com.kms.katalon.core.main.TestCaseExecutor.accessMainPhase(TestCaseExecutor.java:299)
	at com.kms.katalon.core.main.TestCaseExecutor.execute(TestCaseExecutor.java:233)
	at com.kms.katalon.core.main.TestSuiteExecutor.accessTestCaseMainPhase(TestSuiteExecutor.java:169)
	at com.kms.katalon.core.main.TestSuiteExecutor.accessTestSuiteMainPhase(TestSuiteExecutor.java:142)
	at com.kms.katalon.core.main.TestSuiteExecutor.execute(TestSuiteExecutor.java:91)
	at com.kms.katalon.core.main.TestCaseMain.startTestSuite(TestCaseMain.java:157)
	at com.kms.katalon.core.main.TestCaseMain$startTestSuite$0.call(Unknown Source)
	at TempTestSuite1581071026566.run(TempTestSuite1581071026566.groovy:36)
)

2020-02-07 12:28:51 - [MESSAGE][WARNING] - Timeout '0' is invalid. Using default page load timeout: '1'

2020-02-07 12:28:52 - [MESSAGE][INFO] - Unable to find the element located by 'By.xpath: //div[@class = 'current-slide active-slide']//*[@data-vidpk][1]'. Please recheck the objects properties to make sure the desired element is located. 

2020-02-07 12:28:52 - [MESSAGE][FAILED] - Object 'Object Repository/Add video in placeholers/Placeholders/div_Add media here_1' is not present (Root cause: com.kms.katalon.core.exception.StepFailedException: Object 'Object Repository/Add video in placeholers/Placeholders/div_Add media here_1' is not present
	at com.kms.katalon.core.webui.keyword.internal.WebUIKeywordMain.stepFailed(WebUIKeywordMain.groovy:64)
	at com.kms.katalon.core.webui.keyword.builtin.VerifyElementVisibleInViewportKeyword$_verifyElementVisibleInViewport_closure1.doCall(VerifyElementVisibleInViewportKeyword.groovy:83)
	at com.kms.katalon.core.webui.keyword.builtin.VerifyElementVisibleInViewportKeyword$_verifyElementVisibleInViewport_closure1.call(VerifyElementVisibleInViewportKeyword.groovy)
	at com.kms.katalon.core.webui.keyword.internal.WebUIKeywordMain.runKeyword(WebUIKeywordMain.groovy:20)
	at com.kms.katalon.core.webui.keyword.builtin.VerifyElementVisibleInViewportKeyword.verifyElementVisibleInViewport(VerifyElementVisibleInViewportKeyword.groovy:86)
	at com.kms.katalon.core.webui.keyword.builtin.VerifyElementVisibleInViewportKeyword.execute(VerifyElementVisibleInViewportKeyword.groovy:68)
	at com.kms.katalon.core.keyword.internal.KeywordExecutor.executeKeywordForPlatform(KeywordExecutor.groovy:72)
	at com.kms.katalon.core.webui.keyword.WebUiBuiltInKeywords.verifyElementInViewport(WebUiBuiltInKeywords.groovy:3039)
	at com.kms.katalon.core.webui.keyword.WebUiBuiltInKeywords$verifyElementInViewport$14.call(Unknown Source)
	at Adding photo in placeholders (double cycle) Architecture.run(Adding photo in placeholders (double cycle) Architecture:26)
	at com.kms.katalon.core.main.ScriptEngine.run(ScriptEngine.java:194)
	at com.kms.katalon.core.main.ScriptEngine.runScriptAsRawText(ScriptEngine.java:119)
	at com.kms.katalon.core.main.TestCaseExecutor.runScript(TestCaseExecutor.java:337)
	at com.kms.katalon.core.main.TestCaseExecutor.doExecute(TestCaseExecutor.java:328)
	at com.kms.katalon.core.main.TestCaseExecutor.processExecutionPhase(TestCaseExecutor.java:307)
	at com.kms.katalon.core.main.TestCaseExecutor.accessMainPhase(TestCaseExecutor.java:299)
	at com.kms.katalon.core.main.TestCaseExecutor.execute(TestCaseExecutor.java:233)
	at com.kms.katalon.core.main.TestSuiteExecutor.accessTestCaseMainPhase(TestSuiteExecutor.java:169)
	at com.kms.katalon.core.main.TestSuiteExecutor.accessTestSuiteMainPhase(TestSuiteExecutor.java:142)
	at com.kms.katalon.core.main.TestSuiteExecutor.execute(TestSuiteExecutor.java:91)
	at com.kms.katalon.core.main.TestCaseMain.startTestSuite(TestCaseMain.java:157)
	at com.kms.katalon.core.main.TestCaseMain$startTestSuite$0.call(Unknown Source)
	at TempTestSuite1581071026566.run(TempTestSuite1581071026566.groovy:36)
)

2020-02-07 12:28:52 - [TEST_STEP][PASSED] - else: null

2020-02-07 12:28:52 - [TEST_STEP][PASSED] - break: null

2020-02-07 12:28:52 - [TEST_STEP][PASSED] - if (verifyElementPresent(findTestObject("Page_Reevio Video Maker/Editor_Scene_" + i), 0) == true): null

2020-02-07 12:28:52 - [MESSAGE][WARNING] - Timeout '0' is invalid. Using default page load timeout: '1'

2020-02-07 12:28:52 - [MESSAGE][PASSED] - Object 'Object Repository/Page_Reevio Video Maker/Editor_Scene_3' is present

2020-02-07 12:28:52 - [TEST_STEP][PASSED] - doubleClick(findTestObject("Page_Reevio Video Maker/Editor_Scene_" + i)): Object: 'Object Repository/Page_Reevio Video Maker/Editor_Scene_3' is double clicked on

2020-02-07 12:28:52 - [MESSAGE][PASSED] - Object: 'Object Repository/Page_Reevio Video Maker/Editor_Scene_3' is double clicked on

2020-02-07 12:28:52 - [TEST_STEP][FAILED] - for ([j = 1, j < 7, (j++)]): null

2020-02-07 12:28:52 - [TEST_STEP][PASSED] - if (verifyElementInViewport(findTestObject("Add video in placeholers/Placeholders/div_Add media here_" + j), 0) == true): null

2020-02-07 12:28:52 - [MESSAGE][WARNING] - Timeout '0' is invalid. Using default page load timeout: '1'

2020-02-07 12:28:52 - [MESSAGE][PASSED] - Object 'Object Repository/Add video in placeholers/Placeholders/div_Add media here_1' is present and visible in viewport

2020-02-07 12:28:52 - [TEST_STEP][PASSED] - n = n + 1: null

2020-02-07 12:28:52 - [TEST_STEP][PASSED] - click(findTestObject("Add video in placeholers/Placeholders/div_Add media here_" + j)): Object: 'Object Repository/Add video in placeholers/Placeholders/div_Add media here_1' is clicked on

2020-02-07 12:28:53 - [MESSAGE][PASSED] - Object: 'Object Repository/Add video in placeholers/Placeholders/div_Add media here_1' is clicked on

2020-02-07 12:28:53 - [TEST_STEP][PASSED] - waitForPageLoad(5): Wait for page load successfully

2020-02-07 12:28:53 - [MESSAGE][PASSED] - Wait for page load successfully

2020-02-07 12:28:53 - [TEST_STEP][PASSED] - click(findTestObject("Add video in placeholers/Video_img repository (videos, imgs and buttons)/a_resetAllCategorisInLibrary")): Object: 'Object Repository/Add video in placeholers/Video_img repository (videos, imgs and buttons)/a_resetAllCategorisInLibrary' is clicked on

2020-02-07 12:28:53 - [MESSAGE][PASSED] - Object: 'Object Repository/Add video in placeholers/Video_img repository (videos, imgs and buttons)/a_resetAllCategorisInLibrary' is clicked on

2020-02-07 12:28:53 - [TEST_STEP][PASSED] - Thread.sleep(500): null

2020-02-07 12:28:54 - [TEST_STEP][PASSED] - waitForElementVisible(findTestObject("Add video in placeholers/Video_img repository (videos, imgs and buttons)/label__for_img_architecture"), 5): Object 'Object Repository/Add video in placeholers/Video_img repository (videos, imgs and buttons)/label__for_img_architecture' is visible

2020-02-07 12:28:54 - [MESSAGE][PASSED] - Object 'Object Repository/Add video in placeholers/Video_img repository (videos, imgs and buttons)/label__for_img_architecture' is visible

2020-02-07 12:28:54 - [TEST_STEP][PASSED] - click(findTestObject("Add video in placeholers/Video_img repository (videos, imgs and buttons)/label__for_img_architecture")): Object: 'Object Repository/Add video in placeholers/Video_img repository (videos, imgs and buttons)/label__for_img_architecture' is clicked on

2020-02-07 12:28:54 - [MESSAGE][PASSED] - Object: 'Object Repository/Add video in placeholers/Video_img repository (videos, imgs and buttons)/label__for_img_architecture' is clicked on

2020-02-07 12:28:54 - [TEST_STEP][PASSED] - Thread.sleep(500): null

2020-02-07 12:28:55 - [TEST_STEP][PASSED] - if (p > 1): null

2020-02-07 12:28:55 - [TEST_STEP][PASSED] - scrollToElement(findTestObject("Add video in placeholers/Video_img repository (videos, imgs and buttons)/div_photo-library/photo_library_" + n), 0): Scroll to object 'Object Repository/Add video in placeholers/Video_img repository (videos, imgs and buttons)/div_photo-library/photo_library_1' successfully

2020-02-07 12:28:55 - [MESSAGE][WARNING] - Timeout '0' is invalid. Using default page load timeout: '1'

2020-02-07 12:28:55 - [MESSAGE][PASSED] - Scroll to object 'Object Repository/Add video in placeholers/Video_img repository (videos, imgs and buttons)/div_photo-library/photo_library_1' successfully

2020-02-07 12:28:55 - [TEST_STEP][PASSED] - Thread.sleep(500): null

2020-02-07 12:28:55 - [TEST_STEP][PASSED] - focus(findTestObject("Add video in placeholers/Video_img repository (videos, imgs and buttons)/div_photo-library/photo_library_" + n)): Object: 'Object Repository/Add video in placeholers/Video_img repository (videos, imgs and buttons)/div_photo-library/photo_library_1' is focused

2020-02-07 12:28:56 - [MESSAGE][PASSED] - Object: 'Object Repository/Add video in placeholers/Video_img repository (videos, imgs and buttons)/div_photo-library/photo_library_1' is focused

2020-02-07 12:28:56 - [TEST_STEP][PASSED] - waitForElementVisible(findTestObject("Add video in placeholers/Video_img repository (videos, imgs and buttons)/photoButtons/photoButton_USE_v" + n), 5): Object 'Object Repository/Add video in placeholers/Video_img repository (videos, imgs and buttons)/photoButtons/photoButton_USE_v1' is visible

2020-02-07 12:28:56 - [MESSAGE][PASSED] - Object 'Object Repository/Add video in placeholers/Video_img repository (videos, imgs and buttons)/photoButtons/photoButton_USE_v1' is visible

2020-02-07 12:28:56 - [TEST_STEP][PASSED] - click(findTestObject("Add video in placeholers/Video_img repository (videos, imgs and buttons)/photoButtons/photoButton_USE_v" + n)): Object: 'Object Repository/Add video in placeholers/Video_img repository (videos, imgs and buttons)/photoButtons/photoButton_USE_v1' is clicked on

2020-02-07 12:28:56 - [MESSAGE][PASSED] - Object: 'Object Repository/Add video in placeholers/Video_img repository (videos, imgs and buttons)/photoButtons/photoButton_USE_v1' is clicked on

2020-02-07 12:28:56 - [TEST_STEP][PASSED] - verifyElementInViewport(findTestObject("Add video in placeholers/Video_img repository (videos, imgs and buttons)/div_Continue"), 5): Object 'Object Repository/Add video in placeholers/Video_img repository (videos, imgs and buttons)/div_Continue' is present and visible in viewport

2020-02-07 12:28:57 - [MESSAGE][PASSED] - Object 'Object Repository/Add video in placeholers/Video_img repository (videos, imgs and buttons)/div_Continue' is present and visible in viewport

2020-02-07 12:28:57 - [TEST_STEP][PASSED] - delay(3): Delayed 3 second(s)

2020-02-07 12:29:00 - [MESSAGE][PASSED] - Delayed 3 second(s)

2020-02-07 12:29:00 - [TEST_STEP][PASSED] - click(findTestObject("Add video in placeholers/Video_img repository (videos, imgs and buttons)/div_Continue")): Object: 'Object Repository/Add video in placeholers/Video_img repository (videos, imgs and buttons)/div_Continue' is clicked on

2020-02-07 12:29:00 - [MESSAGE][PASSED] - Object: 'Object Repository/Add video in placeholers/Video_img repository (videos, imgs and buttons)/div_Continue' is clicked on

2020-02-07 12:29:00 - [TEST_STEP][PASSED] - delay(2): Delayed 2 second(s)

2020-02-07 12:29:02 - [MESSAGE][PASSED] - Delayed 2 second(s)

2020-02-07 12:29:02 - [TEST_STEP][PASSED] - if (n == 12): null

2020-02-07 12:29:02 - [TEST_STEP][FAILED] - if (verifyElementInViewport(findTestObject("Add video in placeholers/Video_img repository (videos, imgs and buttons)/a_closeVideoAdding"), 1) == true): Object 'Object Repository/Add video in placeholers/Video_img repository (videos, imgs and buttons)/a_closeVideoAdding' is present but is not visible in viewport (Root cause: com.kms.katalon.core.exception.StepFailedException: Object 'Object Repository/Add video in placeholers/Video_img repository (videos, imgs and buttons)/a_closeVideoAdding' is present but is not visible in viewport
	at com.kms.katalon.core.webui.keyword.internal.WebUIKeywordMain.stepFailed(WebUIKeywordMain.groovy:64)
	at com.kms.katalon.core.webui.keyword.builtin.VerifyElementVisibleInViewportKeyword$_verifyElementVisibleInViewport_closure1.doCall(VerifyElementVisibleInViewportKeyword.groovy:79)
	at com.kms.katalon.core.webui.keyword.builtin.VerifyElementVisibleInViewportKeyword$_verifyElementVisibleInViewport_closure1.call(VerifyElementVisibleInViewportKeyword.groovy)
	at com.kms.katalon.core.webui.keyword.internal.WebUIKeywordMain.runKeyword(WebUIKeywordMain.groovy:20)
	at com.kms.katalon.core.webui.keyword.builtin.VerifyElementVisibleInViewportKeyword.verifyElementVisibleInViewport(VerifyElementVisibleInViewportKeyword.groovy:86)
	at com.kms.katalon.core.webui.keyword.builtin.VerifyElementVisibleInViewportKeyword.execute(VerifyElementVisibleInViewportKeyword.groovy:68)
	at com.kms.katalon.core.keyword.internal.KeywordExecutor.executeKeywordForPlatform(KeywordExecutor.groovy:72)
	at com.kms.katalon.core.webui.keyword.WebUiBuiltInKeywords.verifyElementInViewport(WebUiBuiltInKeywords.groovy:3039)
	at com.kms.katalon.core.webui.keyword.WebUiBuiltInKeywords$verifyElementInViewport$14.call(Unknown Source)
	at Adding photo in placeholders (double cycle) Architecture.run(Adding photo in placeholders (double cycle) Architecture:78)
	at com.kms.katalon.core.main.ScriptEngine.run(ScriptEngine.java:194)
	at com.kms.katalon.core.main.ScriptEngine.runScriptAsRawText(ScriptEngine.java:119)
	at com.kms.katalon.core.main.TestCaseExecutor.runScript(TestCaseExecutor.java:337)
	at com.kms.katalon.core.main.TestCaseExecutor.doExecute(TestCaseExecutor.java:328)
	at com.kms.katalon.core.main.TestCaseExecutor.processExecutionPhase(TestCaseExecutor.java:307)
	at com.kms.katalon.core.main.TestCaseExecutor.accessMainPhase(TestCaseExecutor.java:299)
	at com.kms.katalon.core.main.TestCaseExecutor.execute(TestCaseExecutor.java:233)
	at com.kms.katalon.core.main.TestSuiteExecutor.accessTestCaseMainPhase(TestSuiteExecutor.java:169)
	at com.kms.katalon.core.main.TestSuiteExecutor.accessTestSuiteMainPhase(TestSuiteExecutor.java:142)
	at com.kms.katalon.core.main.TestSuiteExecutor.execute(TestSuiteExecutor.java:91)
	at com.kms.katalon.core.main.TestCaseMain.startTestSuite(TestCaseMain.java:157)
	at com.kms.katalon.core.main.TestCaseMain$startTestSuite$0.call(Unknown Source)
	at TempTestSuite1581071026566.run(TempTestSuite1581071026566.groovy:36)
)

2020-02-07 12:29:03 - [MESSAGE][FAILED] - Object 'Object Repository/Add video in placeholers/Video_img repository (videos, imgs and buttons)/a_closeVideoAdding' is present but is not visible in viewport (Root cause: com.kms.katalon.core.exception.StepFailedException: Object 'Object Repository/Add video in placeholers/Video_img repository (videos, imgs and buttons)/a_closeVideoAdding' is present but is not visible in viewport
	at com.kms.katalon.core.webui.keyword.internal.WebUIKeywordMain.stepFailed(WebUIKeywordMain.groovy:64)
	at com.kms.katalon.core.webui.keyword.builtin.VerifyElementVisibleInViewportKeyword$_verifyElementVisibleInViewport_closure1.doCall(VerifyElementVisibleInViewportKeyword.groovy:79)
	at com.kms.katalon.core.webui.keyword.builtin.VerifyElementVisibleInViewportKeyword$_verifyElementVisibleInViewport_closure1.call(VerifyElementVisibleInViewportKeyword.groovy)
	at com.kms.katalon.core.webui.keyword.internal.WebUIKeywordMain.runKeyword(WebUIKeywordMain.groovy:20)
	at com.kms.katalon.core.webui.keyword.builtin.VerifyElementVisibleInViewportKeyword.verifyElementVisibleInViewport(VerifyElementVisibleInViewportKeyword.groovy:86)
	at com.kms.katalon.core.webui.keyword.builtin.VerifyElementVisibleInViewportKeyword.execute(VerifyElementVisibleInViewportKeyword.groovy:68)
	at com.kms.katalon.core.keyword.internal.KeywordExecutor.executeKeywordForPlatform(KeywordExecutor.groovy:72)
	at com.kms.katalon.core.webui.keyword.WebUiBuiltInKeywords.verifyElementInViewport(WebUiBuiltInKeywords.groovy:3039)
	at com.kms.katalon.core.webui.keyword.WebUiBuiltInKeywords$verifyElementInViewport$14.call(Unknown Source)
	at Adding photo in placeholders (double cycle) Architecture.run(Adding photo in placeholders (double cycle) Architecture:78)
	at com.kms.katalon.core.main.ScriptEngine.run(ScriptEngine.java:194)
	at com.kms.katalon.core.main.ScriptEngine.runScriptAsRawText(ScriptEngine.java:119)
	at com.kms.katalon.core.main.TestCaseExecutor.runScript(TestCaseExecutor.java:337)
	at com.kms.katalon.core.main.TestCaseExecutor.doExecute(TestCaseExecutor.java:328)
	at com.kms.katalon.core.main.TestCaseExecutor.processExecutionPhase(TestCaseExecutor.java:307)
	at com.kms.katalon.core.main.TestCaseExecutor.accessMainPhase(TestCaseExecutor.java:299)
	at com.kms.katalon.core.main.TestCaseExecutor.execute(TestCaseExecutor.java:233)
	at com.kms.katalon.core.main.TestSuiteExecutor.accessTestCaseMainPhase(TestSuiteExecutor.java:169)
	at com.kms.katalon.core.main.TestSuiteExecutor.accessTestSuiteMainPhase(TestSuiteExecutor.java:142)
	at com.kms.katalon.core.main.TestSuiteExecutor.execute(TestSuiteExecutor.java:91)
	at com.kms.katalon.core.main.TestCaseMain.startTestSuite(TestCaseMain.java:157)
	at com.kms.katalon.core.main.TestCaseMain$startTestSuite$0.call(Unknown Source)
	at TempTestSuite1581071026566.run(TempTestSuite1581071026566.groovy:36)
)

2020-02-07 12:29:03 - [TEST_STEP][PASSED] - if (verifyElementInViewport(findTestObject("Add video in placeholers/Placeholders/div_Add media here_" + j), 0) == true): null

2020-02-07 12:29:03 - [MESSAGE][WARNING] - Timeout '0' is invalid. Using default page load timeout: '1'

2020-02-07 12:29:03 - [MESSAGE][PASSED] - Object 'Object Repository/Add video in placeholers/Placeholders/div_Add media here_2' is present and visible in viewport

2020-02-07 12:29:03 - [TEST_STEP][PASSED] - n = n + 1: null

2020-02-07 12:29:03 - [TEST_STEP][PASSED] - click(findTestObject("Add video in placeholers/Placeholders/div_Add media here_" + j)): Object: 'Object Repository/Add video in placeholers/Placeholders/div_Add media here_2' is clicked on

2020-02-07 12:29:03 - [MESSAGE][PASSED] - Object: 'Object Repository/Add video in placeholers/Placeholders/div_Add media here_2' is clicked on

2020-02-07 12:29:03 - [TEST_STEP][PASSED] - waitForPageLoad(5): Wait for page load successfully

2020-02-07 12:29:03 - [MESSAGE][PASSED] - Wait for page load successfully

2020-02-07 12:29:03 - [TEST_STEP][PASSED] - click(findTestObject("Add video in placeholers/Video_img repository (videos, imgs and buttons)/a_resetAllCategorisInLibrary")): Object: 'Object Repository/Add video in placeholers/Video_img repository (videos, imgs and buttons)/a_resetAllCategorisInLibrary' is clicked on

2020-02-07 12:29:04 - [MESSAGE][PASSED] - Object: 'Object Repository/Add video in placeholers/Video_img repository (videos, imgs and buttons)/a_resetAllCategorisInLibrary' is clicked on

2020-02-07 12:29:04 - [TEST_STEP][PASSED] - Thread.sleep(500): null

2020-02-07 12:29:04 - [TEST_STEP][PASSED] - waitForElementVisible(findTestObject("Add video in placeholers/Video_img repository (videos, imgs and buttons)/label__for_img_architecture"), 5): Object 'Object Repository/Add video in placeholers/Video_img repository (videos, imgs and buttons)/label__for_img_architecture' is visible

2020-02-07 12:29:04 - [MESSAGE][PASSED] - Object 'Object Repository/Add video in placeholers/Video_img repository (videos, imgs and buttons)/label__for_img_architecture' is visible

2020-02-07 12:29:04 - [TEST_STEP][PASSED] - click(findTestObject("Add video in placeholers/Video_img repository (videos, imgs and buttons)/label__for_img_architecture")): Object: 'Object Repository/Add video in placeholers/Video_img repository (videos, imgs and buttons)/label__for_img_architecture' is clicked on

2020-02-07 12:29:04 - [MESSAGE][PASSED] - Object: 'Object Repository/Add video in placeholers/Video_img repository (videos, imgs and buttons)/label__for_img_architecture' is clicked on

2020-02-07 12:29:04 - [TEST_STEP][PASSED] - Thread.sleep(500): null

2020-02-07 12:29:05 - [TEST_STEP][PASSED] - if (p > 1): null

2020-02-07 12:29:05 - [TEST_STEP][PASSED] - scrollToElement(findTestObject("Add video in placeholers/Video_img repository (videos, imgs and buttons)/div_photo-library/photo_library_" + n), 0): Scroll to object 'Object Repository/Add video in placeholers/Video_img repository (videos, imgs and buttons)/div_photo-library/photo_library_2' successfully

2020-02-07 12:29:05 - [MESSAGE][WARNING] - Timeout '0' is invalid. Using default page load timeout: '1'

2020-02-07 12:29:05 - [MESSAGE][PASSED] - Scroll to object 'Object Repository/Add video in placeholers/Video_img repository (videos, imgs and buttons)/div_photo-library/photo_library_2' successfully

2020-02-07 12:29:05 - [TEST_STEP][PASSED] - Thread.sleep(500): null

2020-02-07 12:29:06 - [TEST_STEP][PASSED] - focus(findTestObject("Add video in placeholers/Video_img repository (videos, imgs and buttons)/div_photo-library/photo_library_" + n)): Object: 'Object Repository/Add video in placeholers/Video_img repository (videos, imgs and buttons)/div_photo-library/photo_library_2' is focused

2020-02-07 12:29:06 - [MESSAGE][PASSED] - Object: 'Object Repository/Add video in placeholers/Video_img repository (videos, imgs and buttons)/div_photo-library/photo_library_2' is focused

2020-02-07 12:29:06 - [TEST_STEP][PASSED] - waitForElementVisible(findTestObject("Add video in placeholers/Video_img repository (videos, imgs and buttons)/photoButtons/photoButton_USE_v" + n), 5): Object 'Object Repository/Add video in placeholers/Video_img repository (videos, imgs and buttons)/photoButtons/photoButton_USE_v2' is visible

2020-02-07 12:29:06 - [MESSAGE][PASSED] - Object 'Object Repository/Add video in placeholers/Video_img repository (videos, imgs and buttons)/photoButtons/photoButton_USE_v2' is visible

2020-02-07 12:29:06 - [TEST_STEP][PASSED] - click(findTestObject("Add video in placeholers/Video_img repository (videos, imgs and buttons)/photoButtons/photoButton_USE_v" + n)): Object: 'Object Repository/Add video in placeholers/Video_img repository (videos, imgs and buttons)/photoButtons/photoButton_USE_v2' is clicked on

2020-02-07 12:29:06 - [MESSAGE][PASSED] - Object: 'Object Repository/Add video in placeholers/Video_img repository (videos, imgs and buttons)/photoButtons/photoButton_USE_v2' is clicked on

2020-02-07 12:29:06 - [TEST_STEP][FAILED] - verifyElementInViewport(findTestObject("Add video in placeholers/Video_img repository (videos, imgs and buttons)/div_Continue"), 5): Object 'Object Repository/Add video in placeholers/Video_img repository (videos, imgs and buttons)/div_Continue' is present but is not visible in viewport (Root cause: com.kms.katalon.core.exception.StepFailedException: Object 'Object Repository/Add video in placeholers/Video_img repository (videos, imgs and buttons)/div_Continue' is present but is not visible in viewport
	at com.kms.katalon.core.webui.keyword.internal.WebUIKeywordMain.stepFailed(WebUIKeywordMain.groovy:64)
	at com.kms.katalon.core.webui.keyword.builtin.VerifyElementVisibleInViewportKeyword$_verifyElementVisibleInViewport_closure1.doCall(VerifyElementVisibleInViewportKeyword.groovy:79)
	at com.kms.katalon.core.webui.keyword.builtin.VerifyElementVisibleInViewportKeyword$_verifyElementVisibleInViewport_closure1.call(VerifyElementVisibleInViewportKeyword.groovy)
	at com.kms.katalon.core.webui.keyword.internal.WebUIKeywordMain.runKeyword(WebUIKeywordMain.groovy:20)
	at com.kms.katalon.core.webui.keyword.builtin.VerifyElementVisibleInViewportKeyword.verifyElementVisibleInViewport(VerifyElementVisibleInViewportKeyword.groovy:86)
	at com.kms.katalon.core.webui.keyword.builtin.VerifyElementVisibleInViewportKeyword.execute(VerifyElementVisibleInViewportKeyword.groovy:68)
	at com.kms.katalon.core.keyword.internal.KeywordExecutor.executeKeywordForPlatform(KeywordExecutor.groovy:72)
	at com.kms.katalon.core.webui.keyword.WebUiBuiltInKeywords.verifyElementInViewport(WebUiBuiltInKeywords.groovy:3039)
	at com.kms.katalon.core.webui.keyword.WebUiBuiltInKeywords$verifyElementInViewport$14.call(Unknown Source)
	at Adding photo in placeholders (double cycle) Architecture.run(Adding photo in placeholders (double cycle) Architecture:64)
	at com.kms.katalon.core.main.ScriptEngine.run(ScriptEngine.java:194)
	at com.kms.katalon.core.main.ScriptEngine.runScriptAsRawText(ScriptEngine.java:119)
	at com.kms.katalon.core.main.TestCaseExecutor.runScript(TestCaseExecutor.java:337)
	at com.kms.katalon.core.main.TestCaseExecutor.doExecute(TestCaseExecutor.java:328)
	at com.kms.katalon.core.main.TestCaseExecutor.processExecutionPhase(TestCaseExecutor.java:307)
	at com.kms.katalon.core.main.TestCaseExecutor.accessMainPhase(TestCaseExecutor.java:299)
	at com.kms.katalon.core.main.TestCaseExecutor.execute(TestCaseExecutor.java:233)
	at com.kms.katalon.core.main.TestSuiteExecutor.accessTestCaseMainPhase(TestSuiteExecutor.java:169)
	at com.kms.katalon.core.main.TestSuiteExecutor.accessTestSuiteMainPhase(TestSuiteExecutor.java:142)
	at com.kms.katalon.core.main.TestSuiteExecutor.execute(TestSuiteExecutor.java:91)
	at com.kms.katalon.core.main.TestCaseMain.startTestSuite(TestCaseMain.java:157)
	at com.kms.katalon.core.main.TestCaseMain$startTestSuite$0.call(Unknown Source)
	at TempTestSuite1581071026566.run(TempTestSuite1581071026566.groovy:36)
)

2020-02-07 12:29:06 - [MESSAGE][FAILED] - Object 'Object Repository/Add video in placeholers/Video_img repository (videos, imgs and buttons)/div_Continue' is present but is not visible in viewport (Root cause: com.kms.katalon.core.exception.StepFailedException: Object 'Object Repository/Add video in placeholers/Video_img repository (videos, imgs and buttons)/div_Continue' is present but is not visible in viewport
	at com.kms.katalon.core.webui.keyword.internal.WebUIKeywordMain.stepFailed(WebUIKeywordMain.groovy:64)
	at com.kms.katalon.core.webui.keyword.builtin.VerifyElementVisibleInViewportKeyword$_verifyElementVisibleInViewport_closure1.doCall(VerifyElementVisibleInViewportKeyword.groovy:79)
	at com.kms.katalon.core.webui.keyword.builtin.VerifyElementVisibleInViewportKeyword$_verifyElementVisibleInViewport_closure1.call(VerifyElementVisibleInViewportKeyword.groovy)
	at com.kms.katalon.core.webui.keyword.internal.WebUIKeywordMain.runKeyword(WebUIKeywordMain.groovy:20)
	at com.kms.katalon.core.webui.keyword.builtin.VerifyElementVisibleInViewportKeyword.verifyElementVisibleInViewport(VerifyElementVisibleInViewportKeyword.groovy:86)
	at com.kms.katalon.core.webui.keyword.builtin.VerifyElementVisibleInViewportKeyword.execute(VerifyElementVisibleInViewportKeyword.groovy:68)
	at com.kms.katalon.core.keyword.internal.KeywordExecutor.executeKeywordForPlatform(KeywordExecutor.groovy:72)
	at com.kms.katalon.core.webui.keyword.WebUiBuiltInKeywords.verifyElementInViewport(WebUiBuiltInKeywords.groovy:3039)
	at com.kms.katalon.core.webui.keyword.WebUiBuiltInKeywords$verifyElementInViewport$14.call(Unknown Source)
	at Adding photo in placeholders (double cycle) Architecture.run(Adding photo in placeholders (double cycle) Architecture:64)
	at com.kms.katalon.core.main.ScriptEngine.run(ScriptEngine.java:194)
	at com.kms.katalon.core.main.ScriptEngine.runScriptAsRawText(ScriptEngine.java:119)
	at com.kms.katalon.core.main.TestCaseExecutor.runScript(TestCaseExecutor.java:337)
	at com.kms.katalon.core.main.TestCaseExecutor.doExecute(TestCaseExecutor.java:328)
	at com.kms.katalon.core.main.TestCaseExecutor.processExecutionPhase(TestCaseExecutor.java:307)
	at com.kms.katalon.core.main.TestCaseExecutor.accessMainPhase(TestCaseExecutor.java:299)
	at com.kms.katalon.core.main.TestCaseExecutor.execute(TestCaseExecutor.java:233)
	at com.kms.katalon.core.main.TestSuiteExecutor.accessTestCaseMainPhase(TestSuiteExecutor.java:169)
	at com.kms.katalon.core.main.TestSuiteExecutor.accessTestSuiteMainPhase(TestSuiteExecutor.java:142)
	at com.kms.katalon.core.main.TestSuiteExecutor.execute(TestSuiteExecutor.java:91)
	at com.kms.katalon.core.main.TestCaseMain.startTestSuite(TestCaseMain.java:157)
	at com.kms.katalon.core.main.TestCaseMain$startTestSuite$0.call(Unknown Source)
	at TempTestSuite1581071026566.run(TempTestSuite1581071026566.groovy:36)
)

2020-02-07 12:29:06 - [TEST_STEP][PASSED] - delay(3): Delayed 3 second(s)

2020-02-07 12:29:09 - [MESSAGE][PASSED] - Delayed 3 second(s)

2020-02-07 12:29:09 - [TEST_STEP][PASSED] - click(findTestObject("Add video in placeholers/Video_img repository (videos, imgs and buttons)/div_Continue")): Object: 'Object Repository/Add video in placeholers/Video_img repository (videos, imgs and buttons)/div_Continue' is clicked on

2020-02-07 12:29:10 - [MESSAGE][PASSED] - Object: 'Object Repository/Add video in placeholers/Video_img repository (videos, imgs and buttons)/div_Continue' is clicked on

2020-02-07 12:29:10 - [TEST_STEP][PASSED] - delay(2): Delayed 2 second(s)

2020-02-07 12:29:12 - [MESSAGE][PASSED] - Delayed 2 second(s)

2020-02-07 12:29:12 - [TEST_STEP][PASSED] - if (n == 12): null

2020-02-07 12:29:12 - [TEST_STEP][FAILED] - if (verifyElementInViewport(findTestObject("Add video in placeholers/Video_img repository (videos, imgs and buttons)/a_closeVideoAdding"), 1) == true): Object 'Object Repository/Add video in placeholers/Video_img repository (videos, imgs and buttons)/a_closeVideoAdding' is present but is not visible in viewport (Root cause: com.kms.katalon.core.exception.StepFailedException: Object 'Object Repository/Add video in placeholers/Video_img repository (videos, imgs and buttons)/a_closeVideoAdding' is present but is not visible in viewport
	at com.kms.katalon.core.webui.keyword.internal.WebUIKeywordMain.stepFailed(WebUIKeywordMain.groovy:64)
	at com.kms.katalon.core.webui.keyword.builtin.VerifyElementVisibleInViewportKeyword$_verifyElementVisibleInViewport_closure1.doCall(VerifyElementVisibleInViewportKeyword.groovy:79)
	at com.kms.katalon.core.webui.keyword.builtin.VerifyElementVisibleInViewportKeyword$_verifyElementVisibleInViewport_closure1.call(VerifyElementVisibleInViewportKeyword.groovy)
	at com.kms.katalon.core.webui.keyword.internal.WebUIKeywordMain.runKeyword(WebUIKeywordMain.groovy:20)
	at com.kms.katalon.core.webui.keyword.builtin.VerifyElementVisibleInViewportKeyword.verifyElementVisibleInViewport(VerifyElementVisibleInViewportKeyword.groovy:86)
	at com.kms.katalon.core.webui.keyword.builtin.VerifyElementVisibleInViewportKeyword.execute(VerifyElementVisibleInViewportKeyword.groovy:68)
	at com.kms.katalon.core.keyword.internal.KeywordExecutor.executeKeywordForPlatform(KeywordExecutor.groovy:72)
	at com.kms.katalon.core.webui.keyword.WebUiBuiltInKeywords.verifyElementInViewport(WebUiBuiltInKeywords.groovy:3039)
	at com.kms.katalon.core.webui.keyword.WebUiBuiltInKeywords$verifyElementInViewport$14.call(Unknown Source)
	at Adding photo in placeholders (double cycle) Architecture.run(Adding photo in placeholders (double cycle) Architecture:78)
	at com.kms.katalon.core.main.ScriptEngine.run(ScriptEngine.java:194)
	at com.kms.katalon.core.main.ScriptEngine.runScriptAsRawText(ScriptEngine.java:119)
	at com.kms.katalon.core.main.TestCaseExecutor.runScript(TestCaseExecutor.java:337)
	at com.kms.katalon.core.main.TestCaseExecutor.doExecute(TestCaseExecutor.java:328)
	at com.kms.katalon.core.main.TestCaseExecutor.processExecutionPhase(TestCaseExecutor.java:307)
	at com.kms.katalon.core.main.TestCaseExecutor.accessMainPhase(TestCaseExecutor.java:299)
	at com.kms.katalon.core.main.TestCaseExecutor.execute(TestCaseExecutor.java:233)
	at com.kms.katalon.core.main.TestSuiteExecutor.accessTestCaseMainPhase(TestSuiteExecutor.java:169)
	at com.kms.katalon.core.main.TestSuiteExecutor.accessTestSuiteMainPhase(TestSuiteExecutor.java:142)
	at com.kms.katalon.core.main.TestSuiteExecutor.execute(TestSuiteExecutor.java:91)
	at com.kms.katalon.core.main.TestCaseMain.startTestSuite(TestCaseMain.java:157)
	at com.kms.katalon.core.main.TestCaseMain$startTestSuite$0.call(Unknown Source)
	at TempTestSuite1581071026566.run(TempTestSuite1581071026566.groovy:36)
)

2020-02-07 12:29:12 - [MESSAGE][FAILED] - Object 'Object Repository/Add video in placeholers/Video_img repository (videos, imgs and buttons)/a_closeVideoAdding' is present but is not visible in viewport (Root cause: com.kms.katalon.core.exception.StepFailedException: Object 'Object Repository/Add video in placeholers/Video_img repository (videos, imgs and buttons)/a_closeVideoAdding' is present but is not visible in viewport
	at com.kms.katalon.core.webui.keyword.internal.WebUIKeywordMain.stepFailed(WebUIKeywordMain.groovy:64)
	at com.kms.katalon.core.webui.keyword.builtin.VerifyElementVisibleInViewportKeyword$_verifyElementVisibleInViewport_closure1.doCall(VerifyElementVisibleInViewportKeyword.groovy:79)
	at com.kms.katalon.core.webui.keyword.builtin.VerifyElementVisibleInViewportKeyword$_verifyElementVisibleInViewport_closure1.call(VerifyElementVisibleInViewportKeyword.groovy)
	at com.kms.katalon.core.webui.keyword.internal.WebUIKeywordMain.runKeyword(WebUIKeywordMain.groovy:20)
	at com.kms.katalon.core.webui.keyword.builtin.VerifyElementVisibleInViewportKeyword.verifyElementVisibleInViewport(VerifyElementVisibleInViewportKeyword.groovy:86)
	at com.kms.katalon.core.webui.keyword.builtin.VerifyElementVisibleInViewportKeyword.execute(VerifyElementVisibleInViewportKeyword.groovy:68)
	at com.kms.katalon.core.keyword.internal.KeywordExecutor.executeKeywordForPlatform(KeywordExecutor.groovy:72)
	at com.kms.katalon.core.webui.keyword.WebUiBuiltInKeywords.verifyElementInViewport(WebUiBuiltInKeywords.groovy:3039)
	at com.kms.katalon.core.webui.keyword.WebUiBuiltInKeywords$verifyElementInViewport$14.call(Unknown Source)
	at Adding photo in placeholders (double cycle) Architecture.run(Adding photo in placeholders (double cycle) Architecture:78)
	at com.kms.katalon.core.main.ScriptEngine.run(ScriptEngine.java:194)
	at com.kms.katalon.core.main.ScriptEngine.runScriptAsRawText(ScriptEngine.java:119)
	at com.kms.katalon.core.main.TestCaseExecutor.runScript(TestCaseExecutor.java:337)
	at com.kms.katalon.core.main.TestCaseExecutor.doExecute(TestCaseExecutor.java:328)
	at com.kms.katalon.core.main.TestCaseExecutor.processExecutionPhase(TestCaseExecutor.java:307)
	at com.kms.katalon.core.main.TestCaseExecutor.accessMainPhase(TestCaseExecutor.java:299)
	at com.kms.katalon.core.main.TestCaseExecutor.execute(TestCaseExecutor.java:233)
	at com.kms.katalon.core.main.TestSuiteExecutor.accessTestCaseMainPhase(TestSuiteExecutor.java:169)
	at com.kms.katalon.core.main.TestSuiteExecutor.accessTestSuiteMainPhase(TestSuiteExecutor.java:142)
	at com.kms.katalon.core.main.TestSuiteExecutor.execute(TestSuiteExecutor.java:91)
	at com.kms.katalon.core.main.TestCaseMain.startTestSuite(TestCaseMain.java:157)
	at com.kms.katalon.core.main.TestCaseMain$startTestSuite$0.call(Unknown Source)
	at TempTestSuite1581071026566.run(TempTestSuite1581071026566.groovy:36)
)

2020-02-07 12:29:12 - [TEST_STEP][FAILED] - if (verifyElementInViewport(findTestObject("Add video in placeholers/Placeholders/div_Add media here_" + j), 0) == true): Object 'Object Repository/Add video in placeholers/Placeholders/div_Add media here_3' is not present (Root cause: com.kms.katalon.core.exception.StepFailedException: Object 'Object Repository/Add video in placeholers/Placeholders/div_Add media here_3' is not present
	at com.kms.katalon.core.webui.keyword.internal.WebUIKeywordMain.stepFailed(WebUIKeywordMain.groovy:64)
	at com.kms.katalon.core.webui.keyword.builtin.VerifyElementVisibleInViewportKeyword$_verifyElementVisibleInViewport_closure1.doCall(VerifyElementVisibleInViewportKeyword.groovy:83)
	at com.kms.katalon.core.webui.keyword.builtin.VerifyElementVisibleInViewportKeyword$_verifyElementVisibleInViewport_closure1.call(VerifyElementVisibleInViewportKeyword.groovy)
	at com.kms.katalon.core.webui.keyword.internal.WebUIKeywordMain.runKeyword(WebUIKeywordMain.groovy:20)
	at com.kms.katalon.core.webui.keyword.builtin.VerifyElementVisibleInViewportKeyword.verifyElementVisibleInViewport(VerifyElementVisibleInViewportKeyword.groovy:86)
	at com.kms.katalon.core.webui.keyword.builtin.VerifyElementVisibleInViewportKeyword.execute(VerifyElementVisibleInViewportKeyword.groovy:68)
	at com.kms.katalon.core.keyword.internal.KeywordExecutor.executeKeywordForPlatform(KeywordExecutor.groovy:72)
	at com.kms.katalon.core.webui.keyword.WebUiBuiltInKeywords.verifyElementInViewport(WebUiBuiltInKeywords.groovy:3039)
	at com.kms.katalon.core.webui.keyword.WebUiBuiltInKeywords$verifyElementInViewport$14.call(Unknown Source)
	at Adding photo in placeholders (double cycle) Architecture.run(Adding photo in placeholders (double cycle) Architecture:26)
	at com.kms.katalon.core.main.ScriptEngine.run(ScriptEngine.java:194)
	at com.kms.katalon.core.main.ScriptEngine.runScriptAsRawText(ScriptEngine.java:119)
	at com.kms.katalon.core.main.TestCaseExecutor.runScript(TestCaseExecutor.java:337)
	at com.kms.katalon.core.main.TestCaseExecutor.doExecute(TestCaseExecutor.java:328)
	at com.kms.katalon.core.main.TestCaseExecutor.processExecutionPhase(TestCaseExecutor.java:307)
	at com.kms.katalon.core.main.TestCaseExecutor.accessMainPhase(TestCaseExecutor.java:299)
	at com.kms.katalon.core.main.TestCaseExecutor.execute(TestCaseExecutor.java:233)
	at com.kms.katalon.core.main.TestSuiteExecutor.accessTestCaseMainPhase(TestSuiteExecutor.java:169)
	at com.kms.katalon.core.main.TestSuiteExecutor.accessTestSuiteMainPhase(TestSuiteExecutor.java:142)
	at com.kms.katalon.core.main.TestSuiteExecutor.execute(TestSuiteExecutor.java:91)
	at com.kms.katalon.core.main.TestCaseMain.startTestSuite(TestCaseMain.java:157)
	at com.kms.katalon.core.main.TestCaseMain$startTestSuite$0.call(Unknown Source)
	at TempTestSuite1581071026566.run(TempTestSuite1581071026566.groovy:36)
)

2020-02-07 12:29:12 - [MESSAGE][WARNING] - Timeout '0' is invalid. Using default page load timeout: '1'

2020-02-07 12:29:13 - [MESSAGE][INFO] - Unable to find the element located by 'By.xpath: //div[@class = 'current-slide active-slide']//*[@data-vidpk][3]'. Please recheck the objects properties to make sure the desired element is located. 

2020-02-07 12:29:13 - [MESSAGE][FAILED] - Object 'Object Repository/Add video in placeholers/Placeholders/div_Add media here_3' is not present (Root cause: com.kms.katalon.core.exception.StepFailedException: Object 'Object Repository/Add video in placeholers/Placeholders/div_Add media here_3' is not present
	at com.kms.katalon.core.webui.keyword.internal.WebUIKeywordMain.stepFailed(WebUIKeywordMain.groovy:64)
	at com.kms.katalon.core.webui.keyword.builtin.VerifyElementVisibleInViewportKeyword$_verifyElementVisibleInViewport_closure1.doCall(VerifyElementVisibleInViewportKeyword.groovy:83)
	at com.kms.katalon.core.webui.keyword.builtin.VerifyElementVisibleInViewportKeyword$_verifyElementVisibleInViewport_closure1.call(VerifyElementVisibleInViewportKeyword.groovy)
	at com.kms.katalon.core.webui.keyword.internal.WebUIKeywordMain.runKeyword(WebUIKeywordMain.groovy:20)
	at com.kms.katalon.core.webui.keyword.builtin.VerifyElementVisibleInViewportKeyword.verifyElementVisibleInViewport(VerifyElementVisibleInViewportKeyword.groovy:86)
	at com.kms.katalon.core.webui.keyword.builtin.VerifyElementVisibleInViewportKeyword.execute(VerifyElementVisibleInViewportKeyword.groovy:68)
	at com.kms.katalon.core.keyword.internal.KeywordExecutor.executeKeywordForPlatform(KeywordExecutor.groovy:72)
	at com.kms.katalon.core.webui.keyword.WebUiBuiltInKeywords.verifyElementInViewport(WebUiBuiltInKeywords.groovy:3039)
	at com.kms.katalon.core.webui.keyword.WebUiBuiltInKeywords$verifyElementInViewport$14.call(Unknown Source)
	at Adding photo in placeholders (double cycle) Architecture.run(Adding photo in placeholders (double cycle) Architecture:26)
	at com.kms.katalon.core.main.ScriptEngine.run(ScriptEngine.java:194)
	at com.kms.katalon.core.main.ScriptEngine.runScriptAsRawText(ScriptEngine.java:119)
	at com.kms.katalon.core.main.TestCaseExecutor.runScript(TestCaseExecutor.java:337)
	at com.kms.katalon.core.main.TestCaseExecutor.doExecute(TestCaseExecutor.java:328)
	at com.kms.katalon.core.main.TestCaseExecutor.processExecutionPhase(TestCaseExecutor.java:307)
	at com.kms.katalon.core.main.TestCaseExecutor.accessMainPhase(TestCaseExecutor.java:299)
	at com.kms.katalon.core.main.TestCaseExecutor.execute(TestCaseExecutor.java:233)
	at com.kms.katalon.core.main.TestSuiteExecutor.accessTestCaseMainPhase(TestSuiteExecutor.java:169)
	at com.kms.katalon.core.main.TestSuiteExecutor.accessTestSuiteMainPhase(TestSuiteExecutor.java:142)
	at com.kms.katalon.core.main.TestSuiteExecutor.execute(TestSuiteExecutor.java:91)
	at com.kms.katalon.core.main.TestCaseMain.startTestSuite(TestCaseMain.java:157)
	at com.kms.katalon.core.main.TestCaseMain$startTestSuite$0.call(Unknown Source)
	at TempTestSuite1581071026566.run(TempTestSuite1581071026566.groovy:36)
)

2020-02-07 12:29:13 - [TEST_STEP][PASSED] - else: null

2020-02-07 12:29:13 - [TEST_STEP][PASSED] - break: null

2020-02-07 12:29:13 - [TEST_STEP][PASSED] - if (verifyElementPresent(findTestObject("Page_Reevio Video Maker/Editor_Scene_" + i), 0) == true): null

2020-02-07 12:29:14 - [MESSAGE][WARNING] - Timeout '0' is invalid. Using default page load timeout: '1'

2020-02-07 12:29:14 - [MESSAGE][PASSED] - Object 'Object Repository/Page_Reevio Video Maker/Editor_Scene_4' is present

2020-02-07 12:29:14 - [TEST_STEP][PASSED] - doubleClick(findTestObject("Page_Reevio Video Maker/Editor_Scene_" + i)): Object: 'Object Repository/Page_Reevio Video Maker/Editor_Scene_4' is double clicked on

2020-02-07 12:29:14 - [MESSAGE][PASSED] - Object: 'Object Repository/Page_Reevio Video Maker/Editor_Scene_4' is double clicked on

2020-02-07 12:29:14 - [TEST_STEP][FAILED] - for ([j = 1, j < 7, (j++)]): null

2020-02-07 12:29:14 - [TEST_STEP][PASSED] - if (verifyElementInViewport(findTestObject("Add video in placeholers/Placeholders/div_Add media here_" + j), 0) == true): null

2020-02-07 12:29:14 - [MESSAGE][WARNING] - Timeout '0' is invalid. Using default page load timeout: '1'

2020-02-07 12:29:14 - [MESSAGE][PASSED] - Object 'Object Repository/Add video in placeholers/Placeholders/div_Add media here_1' is present and visible in viewport

2020-02-07 12:29:14 - [TEST_STEP][PASSED] - n = n + 1: null

2020-02-07 12:29:14 - [TEST_STEP][PASSED] - click(findTestObject("Add video in placeholers/Placeholders/div_Add media here_" + j)): Object: 'Object Repository/Add video in placeholers/Placeholders/div_Add media here_1' is clicked on

2020-02-07 12:29:14 - [MESSAGE][PASSED] - Object: 'Object Repository/Add video in placeholers/Placeholders/div_Add media here_1' is clicked on

2020-02-07 12:29:14 - [TEST_STEP][PASSED] - waitForPageLoad(5): Wait for page load successfully

2020-02-07 12:29:14 - [MESSAGE][PASSED] - Wait for page load successfully

2020-02-07 12:29:14 - [TEST_STEP][PASSED] - click(findTestObject("Add video in placeholers/Video_img repository (videos, imgs and buttons)/a_resetAllCategorisInLibrary")): Object: 'Object Repository/Add video in placeholers/Video_img repository (videos, imgs and buttons)/a_resetAllCategorisInLibrary' is clicked on

2020-02-07 12:29:14 - [MESSAGE][PASSED] - Object: 'Object Repository/Add video in placeholers/Video_img repository (videos, imgs and buttons)/a_resetAllCategorisInLibrary' is clicked on

2020-02-07 12:29:14 - [TEST_STEP][PASSED] - Thread.sleep(500): null

2020-02-07 12:29:15 - [TEST_STEP][PASSED] - waitForElementVisible(findTestObject("Add video in placeholers/Video_img repository (videos, imgs and buttons)/label__for_img_architecture"), 5): Object 'Object Repository/Add video in placeholers/Video_img repository (videos, imgs and buttons)/label__for_img_architecture' is visible

2020-02-07 12:29:15 - [MESSAGE][PASSED] - Object 'Object Repository/Add video in placeholers/Video_img repository (videos, imgs and buttons)/label__for_img_architecture' is visible

2020-02-07 12:29:15 - [TEST_STEP][PASSED] - click(findTestObject("Add video in placeholers/Video_img repository (videos, imgs and buttons)/label__for_img_architecture")): Object: 'Object Repository/Add video in placeholers/Video_img repository (videos, imgs and buttons)/label__for_img_architecture' is clicked on

2020-02-07 12:29:15 - [MESSAGE][PASSED] - Object: 'Object Repository/Add video in placeholers/Video_img repository (videos, imgs and buttons)/label__for_img_architecture' is clicked on

2020-02-07 12:29:15 - [TEST_STEP][PASSED] - Thread.sleep(500): null

2020-02-07 12:29:16 - [TEST_STEP][PASSED] - if (p > 1): null

2020-02-07 12:29:16 - [TEST_STEP][PASSED] - scrollToElement(findTestObject("Add video in placeholers/Video_img repository (videos, imgs and buttons)/div_photo-library/photo_library_" + n), 0): Scroll to object 'Object Repository/Add video in placeholers/Video_img repository (videos, imgs and buttons)/div_photo-library/photo_library_3' successfully

2020-02-07 12:29:16 - [MESSAGE][WARNING] - Timeout '0' is invalid. Using default page load timeout: '1'

2020-02-07 12:29:16 - [MESSAGE][PASSED] - Scroll to object 'Object Repository/Add video in placeholers/Video_img repository (videos, imgs and buttons)/div_photo-library/photo_library_3' successfully

2020-02-07 12:29:16 - [TEST_STEP][PASSED] - Thread.sleep(500): null

2020-02-07 12:29:16 - [TEST_STEP][PASSED] - focus(findTestObject("Add video in placeholers/Video_img repository (videos, imgs and buttons)/div_photo-library/photo_library_" + n)): Object: 'Object Repository/Add video in placeholers/Video_img repository (videos, imgs and buttons)/div_photo-library/photo_library_3' is focused

2020-02-07 12:29:17 - [MESSAGE][PASSED] - Object: 'Object Repository/Add video in placeholers/Video_img repository (videos, imgs and buttons)/div_photo-library/photo_library_3' is focused

2020-02-07 12:29:17 - [TEST_STEP][PASSED] - waitForElementVisible(findTestObject("Add video in placeholers/Video_img repository (videos, imgs and buttons)/photoButtons/photoButton_USE_v" + n), 5): Object 'Object Repository/Add video in placeholers/Video_img repository (videos, imgs and buttons)/photoButtons/photoButton_USE_v3' is visible

2020-02-07 12:29:17 - [MESSAGE][PASSED] - Object 'Object Repository/Add video in placeholers/Video_img repository (videos, imgs and buttons)/photoButtons/photoButton_USE_v3' is visible

2020-02-07 12:29:17 - [TEST_STEP][PASSED] - click(findTestObject("Add video in placeholers/Video_img repository (videos, imgs and buttons)/photoButtons/photoButton_USE_v" + n)): Object: 'Object Repository/Add video in placeholers/Video_img repository (videos, imgs and buttons)/photoButtons/photoButton_USE_v3' is clicked on

2020-02-07 12:29:17 - [MESSAGE][PASSED] - Object: 'Object Repository/Add video in placeholers/Video_img repository (videos, imgs and buttons)/photoButtons/photoButton_USE_v3' is clicked on

2020-02-07 12:29:17 - [TEST_STEP][PASSED] - verifyElementInViewport(findTestObject("Add video in placeholers/Video_img repository (videos, imgs and buttons)/div_Continue"), 5): Object 'Object Repository/Add video in placeholers/Video_img repository (videos, imgs and buttons)/div_Continue' is present and visible in viewport

2020-02-07 12:29:17 - [MESSAGE][PASSED] - Object 'Object Repository/Add video in placeholers/Video_img repository (videos, imgs and buttons)/div_Continue' is present and visible in viewport

2020-02-07 12:29:17 - [TEST_STEP][PASSED] - delay(3): Delayed 3 second(s)

2020-02-07 12:29:20 - [MESSAGE][PASSED] - Delayed 3 second(s)

2020-02-07 12:29:20 - [TEST_STEP][PASSED] - click(findTestObject("Add video in placeholers/Video_img repository (videos, imgs and buttons)/div_Continue")): Object: 'Object Repository/Add video in placeholers/Video_img repository (videos, imgs and buttons)/div_Continue' is clicked on

2020-02-07 12:29:21 - [MESSAGE][PASSED] - Object: 'Object Repository/Add video in placeholers/Video_img repository (videos, imgs and buttons)/div_Continue' is clicked on

2020-02-07 12:29:21 - [TEST_STEP][PASSED] - delay(2): Delayed 2 second(s)

2020-02-07 12:29:23 - [MESSAGE][PASSED] - Delayed 2 second(s)

2020-02-07 12:29:23 - [TEST_STEP][PASSED] - if (n == 12): null

2020-02-07 12:29:23 - [TEST_STEP][FAILED] - if (verifyElementInViewport(findTestObject("Add video in placeholers/Video_img repository (videos, imgs and buttons)/a_closeVideoAdding"), 1) == true): Object 'Object Repository/Add video in placeholers/Video_img repository (videos, imgs and buttons)/a_closeVideoAdding' is present but is not visible in viewport (Root cause: com.kms.katalon.core.exception.StepFailedException: Object 'Object Repository/Add video in placeholers/Video_img repository (videos, imgs and buttons)/a_closeVideoAdding' is present but is not visible in viewport
	at com.kms.katalon.core.webui.keyword.internal.WebUIKeywordMain.stepFailed(WebUIKeywordMain.groovy:64)
	at com.kms.katalon.core.webui.keyword.builtin.VerifyElementVisibleInViewportKeyword$_verifyElementVisibleInViewport_closure1.doCall(VerifyElementVisibleInViewportKeyword.groovy:79)
	at com.kms.katalon.core.webui.keyword.builtin.VerifyElementVisibleInViewportKeyword$_verifyElementVisibleInViewport_closure1.call(VerifyElementVisibleInViewportKeyword.groovy)
	at com.kms.katalon.core.webui.keyword.internal.WebUIKeywordMain.runKeyword(WebUIKeywordMain.groovy:20)
	at com.kms.katalon.core.webui.keyword.builtin.VerifyElementVisibleInViewportKeyword.verifyElementVisibleInViewport(VerifyElementVisibleInViewportKeyword.groovy:86)
	at com.kms.katalon.core.webui.keyword.builtin.VerifyElementVisibleInViewportKeyword.execute(VerifyElementVisibleInViewportKeyword.groovy:68)
	at com.kms.katalon.core.keyword.internal.KeywordExecutor.executeKeywordForPlatform(KeywordExecutor.groovy:72)
	at com.kms.katalon.core.webui.keyword.WebUiBuiltInKeywords.verifyElementInViewport(WebUiBuiltInKeywords.groovy:3039)
	at com.kms.katalon.core.webui.keyword.WebUiBuiltInKeywords$verifyElementInViewport$14.call(Unknown Source)
	at Adding photo in placeholders (double cycle) Architecture.run(Adding photo in placeholders (double cycle) Architecture:78)
	at com.kms.katalon.core.main.ScriptEngine.run(ScriptEngine.java:194)
	at com.kms.katalon.core.main.ScriptEngine.runScriptAsRawText(ScriptEngine.java:119)
	at com.kms.katalon.core.main.TestCaseExecutor.runScript(TestCaseExecutor.java:337)
	at com.kms.katalon.core.main.TestCaseExecutor.doExecute(TestCaseExecutor.java:328)
	at com.kms.katalon.core.main.TestCaseExecutor.processExecutionPhase(TestCaseExecutor.java:307)
	at com.kms.katalon.core.main.TestCaseExecutor.accessMainPhase(TestCaseExecutor.java:299)
	at com.kms.katalon.core.main.TestCaseExecutor.execute(TestCaseExecutor.java:233)
	at com.kms.katalon.core.main.TestSuiteExecutor.accessTestCaseMainPhase(TestSuiteExecutor.java:169)
	at com.kms.katalon.core.main.TestSuiteExecutor.accessTestSuiteMainPhase(TestSuiteExecutor.java:142)
	at com.kms.katalon.core.main.TestSuiteExecutor.execute(TestSuiteExecutor.java:91)
	at com.kms.katalon.core.main.TestCaseMain.startTestSuite(TestCaseMain.java:157)
	at com.kms.katalon.core.main.TestCaseMain$startTestSuite$0.call(Unknown Source)
	at TempTestSuite1581071026566.run(TempTestSuite1581071026566.groovy:36)
)

2020-02-07 12:29:23 - [MESSAGE][FAILED] - Object 'Object Repository/Add video in placeholers/Video_img repository (videos, imgs and buttons)/a_closeVideoAdding' is present but is not visible in viewport (Root cause: com.kms.katalon.core.exception.StepFailedException: Object 'Object Repository/Add video in placeholers/Video_img repository (videos, imgs and buttons)/a_closeVideoAdding' is present but is not visible in viewport
	at com.kms.katalon.core.webui.keyword.internal.WebUIKeywordMain.stepFailed(WebUIKeywordMain.groovy:64)
	at com.kms.katalon.core.webui.keyword.builtin.VerifyElementVisibleInViewportKeyword$_verifyElementVisibleInViewport_closure1.doCall(VerifyElementVisibleInViewportKeyword.groovy:79)
	at com.kms.katalon.core.webui.keyword.builtin.VerifyElementVisibleInViewportKeyword$_verifyElementVisibleInViewport_closure1.call(VerifyElementVisibleInViewportKeyword.groovy)
	at com.kms.katalon.core.webui.keyword.internal.WebUIKeywordMain.runKeyword(WebUIKeywordMain.groovy:20)
	at com.kms.katalon.core.webui.keyword.builtin.VerifyElementVisibleInViewportKeyword.verifyElementVisibleInViewport(VerifyElementVisibleInViewportKeyword.groovy:86)
	at com.kms.katalon.core.webui.keyword.builtin.VerifyElementVisibleInViewportKeyword.execute(VerifyElementVisibleInViewportKeyword.groovy:68)
	at com.kms.katalon.core.keyword.internal.KeywordExecutor.executeKeywordForPlatform(KeywordExecutor.groovy:72)
	at com.kms.katalon.core.webui.keyword.WebUiBuiltInKeywords.verifyElementInViewport(WebUiBuiltInKeywords.groovy:3039)
	at com.kms.katalon.core.webui.keyword.WebUiBuiltInKeywords$verifyElementInViewport$14.call(Unknown Source)
	at Adding photo in placeholders (double cycle) Architecture.run(Adding photo in placeholders (double cycle) Architecture:78)
	at com.kms.katalon.core.main.ScriptEngine.run(ScriptEngine.java:194)
	at com.kms.katalon.core.main.ScriptEngine.runScriptAsRawText(ScriptEngine.java:119)
	at com.kms.katalon.core.main.TestCaseExecutor.runScript(TestCaseExecutor.java:337)
	at com.kms.katalon.core.main.TestCaseExecutor.doExecute(TestCaseExecutor.java:328)
	at com.kms.katalon.core.main.TestCaseExecutor.processExecutionPhase(TestCaseExecutor.java:307)
	at com.kms.katalon.core.main.TestCaseExecutor.accessMainPhase(TestCaseExecutor.java:299)
	at com.kms.katalon.core.main.TestCaseExecutor.execute(TestCaseExecutor.java:233)
	at com.kms.katalon.core.main.TestSuiteExecutor.accessTestCaseMainPhase(TestSuiteExecutor.java:169)
	at com.kms.katalon.core.main.TestSuiteExecutor.accessTestSuiteMainPhase(TestSuiteExecutor.java:142)
	at com.kms.katalon.core.main.TestSuiteExecutor.execute(TestSuiteExecutor.java:91)
	at com.kms.katalon.core.main.TestCaseMain.startTestSuite(TestCaseMain.java:157)
	at com.kms.katalon.core.main.TestCaseMain$startTestSuite$0.call(Unknown Source)
	at TempTestSuite1581071026566.run(TempTestSuite1581071026566.groovy:36)
)

2020-02-07 12:29:23 - [TEST_STEP][PASSED] - if (verifyElementInViewport(findTestObject("Add video in placeholers/Placeholders/div_Add media here_" + j), 0) == true): null

2020-02-07 12:29:23 - [MESSAGE][WARNING] - Timeout '0' is invalid. Using default page load timeout: '1'

2020-02-07 12:29:23 - [MESSAGE][PASSED] - Object 'Object Repository/Add video in placeholers/Placeholders/div_Add media here_2' is present and visible in viewport

2020-02-07 12:29:23 - [TEST_STEP][PASSED] - n = n + 1: null

2020-02-07 12:29:23 - [TEST_STEP][PASSED] - click(findTestObject("Add video in placeholers/Placeholders/div_Add media here_" + j)): Object: 'Object Repository/Add video in placeholers/Placeholders/div_Add media here_2' is clicked on

2020-02-07 12:29:23 - [MESSAGE][PASSED] - Object: 'Object Repository/Add video in placeholers/Placeholders/div_Add media here_2' is clicked on

2020-02-07 12:29:23 - [TEST_STEP][PASSED] - waitForPageLoad(5): Wait for page load successfully

2020-02-07 12:29:23 - [MESSAGE][PASSED] - Wait for page load successfully

2020-02-07 12:29:23 - [TEST_STEP][PASSED] - click(findTestObject("Add video in placeholers/Video_img repository (videos, imgs and buttons)/a_resetAllCategorisInLibrary")): Object: 'Object Repository/Add video in placeholers/Video_img repository (videos, imgs and buttons)/a_resetAllCategorisInLibrary' is clicked on

2020-02-07 12:29:24 - [MESSAGE][PASSED] - Object: 'Object Repository/Add video in placeholers/Video_img repository (videos, imgs and buttons)/a_resetAllCategorisInLibrary' is clicked on

2020-02-07 12:29:24 - [TEST_STEP][PASSED] - Thread.sleep(500): null

2020-02-07 12:29:24 - [TEST_STEP][PASSED] - waitForElementVisible(findTestObject("Add video in placeholers/Video_img repository (videos, imgs and buttons)/label__for_img_architecture"), 5): Object 'Object Repository/Add video in placeholers/Video_img repository (videos, imgs and buttons)/label__for_img_architecture' is visible

2020-02-07 12:29:24 - [MESSAGE][PASSED] - Object 'Object Repository/Add video in placeholers/Video_img repository (videos, imgs and buttons)/label__for_img_architecture' is visible

2020-02-07 12:29:24 - [TEST_STEP][PASSED] - click(findTestObject("Add video in placeholers/Video_img repository (videos, imgs and buttons)/label__for_img_architecture")): Object: 'Object Repository/Add video in placeholers/Video_img repository (videos, imgs and buttons)/label__for_img_architecture' is clicked on

2020-02-07 12:29:25 - [MESSAGE][PASSED] - Object: 'Object Repository/Add video in placeholers/Video_img repository (videos, imgs and buttons)/label__for_img_architecture' is clicked on

2020-02-07 12:29:25 - [TEST_STEP][PASSED] - Thread.sleep(500): null

2020-02-07 12:29:25 - [TEST_STEP][PASSED] - if (p > 1): null

2020-02-07 12:29:25 - [TEST_STEP][PASSED] - scrollToElement(findTestObject("Add video in placeholers/Video_img repository (videos, imgs and buttons)/div_photo-library/photo_library_" + n), 0): Scroll to object 'Object Repository/Add video in placeholers/Video_img repository (videos, imgs and buttons)/div_photo-library/photo_library_4' successfully

2020-02-07 12:29:25 - [MESSAGE][WARNING] - Timeout '0' is invalid. Using default page load timeout: '1'

2020-02-07 12:29:25 - [MESSAGE][PASSED] - Scroll to object 'Object Repository/Add video in placeholers/Video_img repository (videos, imgs and buttons)/div_photo-library/photo_library_4' successfully

2020-02-07 12:29:25 - [TEST_STEP][PASSED] - Thread.sleep(500): null

2020-02-07 12:29:26 - [TEST_STEP][PASSED] - focus(findTestObject("Add video in placeholers/Video_img repository (videos, imgs and buttons)/div_photo-library/photo_library_" + n)): Object: 'Object Repository/Add video in placeholers/Video_img repository (videos, imgs and buttons)/div_photo-library/photo_library_4' is focused

2020-02-07 12:29:26 - [MESSAGE][PASSED] - Object: 'Object Repository/Add video in placeholers/Video_img repository (videos, imgs and buttons)/div_photo-library/photo_library_4' is focused

2020-02-07 12:29:26 - [TEST_STEP][PASSED] - waitForElementVisible(findTestObject("Add video in placeholers/Video_img repository (videos, imgs and buttons)/photoButtons/photoButton_USE_v" + n), 5): Object 'Object Repository/Add video in placeholers/Video_img repository (videos, imgs and buttons)/photoButtons/photoButton_USE_v4' is visible

2020-02-07 12:29:26 - [MESSAGE][PASSED] - Object 'Object Repository/Add video in placeholers/Video_img repository (videos, imgs and buttons)/photoButtons/photoButton_USE_v4' is visible

2020-02-07 12:29:26 - [TEST_STEP][PASSED] - click(findTestObject("Add video in placeholers/Video_img repository (videos, imgs and buttons)/photoButtons/photoButton_USE_v" + n)): Object: 'Object Repository/Add video in placeholers/Video_img repository (videos, imgs and buttons)/photoButtons/photoButton_USE_v4' is clicked on

2020-02-07 12:29:26 - [MESSAGE][PASSED] - Object: 'Object Repository/Add video in placeholers/Video_img repository (videos, imgs and buttons)/photoButtons/photoButton_USE_v4' is clicked on

2020-02-07 12:29:26 - [TEST_STEP][PASSED] - verifyElementInViewport(findTestObject("Add video in placeholers/Video_img repository (videos, imgs and buttons)/div_Continue"), 5): Object 'Object Repository/Add video in placeholers/Video_img repository (videos, imgs and buttons)/div_Continue' is present and visible in viewport

2020-02-07 12:29:26 - [MESSAGE][PASSED] - Object 'Object Repository/Add video in placeholers/Video_img repository (videos, imgs and buttons)/div_Continue' is present and visible in viewport

2020-02-07 12:29:26 - [TEST_STEP][PASSED] - delay(3): Delayed 3 second(s)

2020-02-07 12:29:29 - [MESSAGE][PASSED] - Delayed 3 second(s)

2020-02-07 12:29:29 - [TEST_STEP][PASSED] - click(findTestObject("Add video in placeholers/Video_img repository (videos, imgs and buttons)/div_Continue")): Object: 'Object Repository/Add video in placeholers/Video_img repository (videos, imgs and buttons)/div_Continue' is clicked on

2020-02-07 12:29:30 - [MESSAGE][PASSED] - Object: 'Object Repository/Add video in placeholers/Video_img repository (videos, imgs and buttons)/div_Continue' is clicked on

2020-02-07 12:29:30 - [TEST_STEP][PASSED] - delay(2): Delayed 2 second(s)

2020-02-07 12:29:32 - [MESSAGE][PASSED] - Delayed 2 second(s)

2020-02-07 12:29:32 - [TEST_STEP][PASSED] - if (n == 12): null

2020-02-07 12:29:32 - [TEST_STEP][FAILED] - if (verifyElementInViewport(findTestObject("Add video in placeholers/Video_img repository (videos, imgs and buttons)/a_closeVideoAdding"), 1) == true): Object 'Object Repository/Add video in placeholers/Video_img repository (videos, imgs and buttons)/a_closeVideoAdding' is present but is not visible in viewport (Root cause: com.kms.katalon.core.exception.StepFailedException: Object 'Object Repository/Add video in placeholers/Video_img repository (videos, imgs and buttons)/a_closeVideoAdding' is present but is not visible in viewport
	at com.kms.katalon.core.webui.keyword.internal.WebUIKeywordMain.stepFailed(WebUIKeywordMain.groovy:64)
	at com.kms.katalon.core.webui.keyword.builtin.VerifyElementVisibleInViewportKeyword$_verifyElementVisibleInViewport_closure1.doCall(VerifyElementVisibleInViewportKeyword.groovy:79)
	at com.kms.katalon.core.webui.keyword.builtin.VerifyElementVisibleInViewportKeyword$_verifyElementVisibleInViewport_closure1.call(VerifyElementVisibleInViewportKeyword.groovy)
	at com.kms.katalon.core.webui.keyword.internal.WebUIKeywordMain.runKeyword(WebUIKeywordMain.groovy:20)
	at com.kms.katalon.core.webui.keyword.builtin.VerifyElementVisibleInViewportKeyword.verifyElementVisibleInViewport(VerifyElementVisibleInViewportKeyword.groovy:86)
	at com.kms.katalon.core.webui.keyword.builtin.VerifyElementVisibleInViewportKeyword.execute(VerifyElementVisibleInViewportKeyword.groovy:68)
	at com.kms.katalon.core.keyword.internal.KeywordExecutor.executeKeywordForPlatform(KeywordExecutor.groovy:72)
	at com.kms.katalon.core.webui.keyword.WebUiBuiltInKeywords.verifyElementInViewport(WebUiBuiltInKeywords.groovy:3039)
	at com.kms.katalon.core.webui.keyword.WebUiBuiltInKeywords$verifyElementInViewport$14.call(Unknown Source)
	at Adding photo in placeholders (double cycle) Architecture.run(Adding photo in placeholders (double cycle) Architecture:78)
	at com.kms.katalon.core.main.ScriptEngine.run(ScriptEngine.java:194)
	at com.kms.katalon.core.main.ScriptEngine.runScriptAsRawText(ScriptEngine.java:119)
	at com.kms.katalon.core.main.TestCaseExecutor.runScript(TestCaseExecutor.java:337)
	at com.kms.katalon.core.main.TestCaseExecutor.doExecute(TestCaseExecutor.java:328)
	at com.kms.katalon.core.main.TestCaseExecutor.processExecutionPhase(TestCaseExecutor.java:307)
	at com.kms.katalon.core.main.TestCaseExecutor.accessMainPhase(TestCaseExecutor.java:299)
	at com.kms.katalon.core.main.TestCaseExecutor.execute(TestCaseExecutor.java:233)
	at com.kms.katalon.core.main.TestSuiteExecutor.accessTestCaseMainPhase(TestSuiteExecutor.java:169)
	at com.kms.katalon.core.main.TestSuiteExecutor.accessTestSuiteMainPhase(TestSuiteExecutor.java:142)
	at com.kms.katalon.core.main.TestSuiteExecutor.execute(TestSuiteExecutor.java:91)
	at com.kms.katalon.core.main.TestCaseMain.startTestSuite(TestCaseMain.java:157)
	at com.kms.katalon.core.main.TestCaseMain$startTestSuite$0.call(Unknown Source)
	at TempTestSuite1581071026566.run(TempTestSuite1581071026566.groovy:36)
)

2020-02-07 12:29:32 - [MESSAGE][FAILED] - Object 'Object Repository/Add video in placeholers/Video_img repository (videos, imgs and buttons)/a_closeVideoAdding' is present but is not visible in viewport (Root cause: com.kms.katalon.core.exception.StepFailedException: Object 'Object Repository/Add video in placeholers/Video_img repository (videos, imgs and buttons)/a_closeVideoAdding' is present but is not visible in viewport
	at com.kms.katalon.core.webui.keyword.internal.WebUIKeywordMain.stepFailed(WebUIKeywordMain.groovy:64)
	at com.kms.katalon.core.webui.keyword.builtin.VerifyElementVisibleInViewportKeyword$_verifyElementVisibleInViewport_closure1.doCall(VerifyElementVisibleInViewportKeyword.groovy:79)
	at com.kms.katalon.core.webui.keyword.builtin.VerifyElementVisibleInViewportKeyword$_verifyElementVisibleInViewport_closure1.call(VerifyElementVisibleInViewportKeyword.groovy)
	at com.kms.katalon.core.webui.keyword.internal.WebUIKeywordMain.runKeyword(WebUIKeywordMain.groovy:20)
	at com.kms.katalon.core.webui.keyword.builtin.VerifyElementVisibleInViewportKeyword.verifyElementVisibleInViewport(VerifyElementVisibleInViewportKeyword.groovy:86)
	at com.kms.katalon.core.webui.keyword.builtin.VerifyElementVisibleInViewportKeyword.execute(VerifyElementVisibleInViewportKeyword.groovy:68)
	at com.kms.katalon.core.keyword.internal.KeywordExecutor.executeKeywordForPlatform(KeywordExecutor.groovy:72)
	at com.kms.katalon.core.webui.keyword.WebUiBuiltInKeywords.verifyElementInViewport(WebUiBuiltInKeywords.groovy:3039)
	at com.kms.katalon.core.webui.keyword.WebUiBuiltInKeywords$verifyElementInViewport$14.call(Unknown Source)
	at Adding photo in placeholders (double cycle) Architecture.run(Adding photo in placeholders (double cycle) Architecture:78)
	at com.kms.katalon.core.main.ScriptEngine.run(ScriptEngine.java:194)
	at com.kms.katalon.core.main.ScriptEngine.runScriptAsRawText(ScriptEngine.java:119)
	at com.kms.katalon.core.main.TestCaseExecutor.runScript(TestCaseExecutor.java:337)
	at com.kms.katalon.core.main.TestCaseExecutor.doExecute(TestCaseExecutor.java:328)
	at com.kms.katalon.core.main.TestCaseExecutor.processExecutionPhase(TestCaseExecutor.java:307)
	at com.kms.katalon.core.main.TestCaseExecutor.accessMainPhase(TestCaseExecutor.java:299)
	at com.kms.katalon.core.main.TestCaseExecutor.execute(TestCaseExecutor.java:233)
	at com.kms.katalon.core.main.TestSuiteExecutor.accessTestCaseMainPhase(TestSuiteExecutor.java:169)
	at com.kms.katalon.core.main.TestSuiteExecutor.accessTestSuiteMainPhase(TestSuiteExecutor.java:142)
	at com.kms.katalon.core.main.TestSuiteExecutor.execute(TestSuiteExecutor.java:91)
	at com.kms.katalon.core.main.TestCaseMain.startTestSuite(TestCaseMain.java:157)
	at com.kms.katalon.core.main.TestCaseMain$startTestSuite$0.call(Unknown Source)
	at TempTestSuite1581071026566.run(TempTestSuite1581071026566.groovy:36)
)

2020-02-07 12:29:32 - [TEST_STEP][FAILED] - if (verifyElementInViewport(findTestObject("Add video in placeholers/Placeholders/div_Add media here_" + j), 0) == true): Object 'Object Repository/Add video in placeholers/Placeholders/div_Add media here_3' is not present (Root cause: com.kms.katalon.core.exception.StepFailedException: Object 'Object Repository/Add video in placeholers/Placeholders/div_Add media here_3' is not present
	at com.kms.katalon.core.webui.keyword.internal.WebUIKeywordMain.stepFailed(WebUIKeywordMain.groovy:64)
	at com.kms.katalon.core.webui.keyword.builtin.VerifyElementVisibleInViewportKeyword$_verifyElementVisibleInViewport_closure1.doCall(VerifyElementVisibleInViewportKeyword.groovy:83)
	at com.kms.katalon.core.webui.keyword.builtin.VerifyElementVisibleInViewportKeyword$_verifyElementVisibleInViewport_closure1.call(VerifyElementVisibleInViewportKeyword.groovy)
	at com.kms.katalon.core.webui.keyword.internal.WebUIKeywordMain.runKeyword(WebUIKeywordMain.groovy:20)
	at com.kms.katalon.core.webui.keyword.builtin.VerifyElementVisibleInViewportKeyword.verifyElementVisibleInViewport(VerifyElementVisibleInViewportKeyword.groovy:86)
	at com.kms.katalon.core.webui.keyword.builtin.VerifyElementVisibleInViewportKeyword.execute(VerifyElementVisibleInViewportKeyword.groovy:68)
	at com.kms.katalon.core.keyword.internal.KeywordExecutor.executeKeywordForPlatform(KeywordExecutor.groovy:72)
	at com.kms.katalon.core.webui.keyword.WebUiBuiltInKeywords.verifyElementInViewport(WebUiBuiltInKeywords.groovy:3039)
	at com.kms.katalon.core.webui.keyword.WebUiBuiltInKeywords$verifyElementInViewport$14.call(Unknown Source)
	at Adding photo in placeholders (double cycle) Architecture.run(Adding photo in placeholders (double cycle) Architecture:26)
	at com.kms.katalon.core.main.ScriptEngine.run(ScriptEngine.java:194)
	at com.kms.katalon.core.main.ScriptEngine.runScriptAsRawText(ScriptEngine.java:119)
	at com.kms.katalon.core.main.TestCaseExecutor.runScript(TestCaseExecutor.java:337)
	at com.kms.katalon.core.main.TestCaseExecutor.doExecute(TestCaseExecutor.java:328)
	at com.kms.katalon.core.main.TestCaseExecutor.processExecutionPhase(TestCaseExecutor.java:307)
	at com.kms.katalon.core.main.TestCaseExecutor.accessMainPhase(TestCaseExecutor.java:299)
	at com.kms.katalon.core.main.TestCaseExecutor.execute(TestCaseExecutor.java:233)
	at com.kms.katalon.core.main.TestSuiteExecutor.accessTestCaseMainPhase(TestSuiteExecutor.java:169)
	at com.kms.katalon.core.main.TestSuiteExecutor.accessTestSuiteMainPhase(TestSuiteExecutor.java:142)
	at com.kms.katalon.core.main.TestSuiteExecutor.execute(TestSuiteExecutor.java:91)
	at com.kms.katalon.core.main.TestCaseMain.startTestSuite(TestCaseMain.java:157)
	at com.kms.katalon.core.main.TestCaseMain$startTestSuite$0.call(Unknown Source)
	at TempTestSuite1581071026566.run(TempTestSuite1581071026566.groovy:36)
)

2020-02-07 12:29:32 - [MESSAGE][WARNING] - Timeout '0' is invalid. Using default page load timeout: '1'

2020-02-07 12:29:33 - [MESSAGE][INFO] - Unable to find the element located by 'By.xpath: //div[@class = 'current-slide active-slide']//*[@data-vidpk][3]'. Please recheck the objects properties to make sure the desired element is located. 

2020-02-07 12:29:33 - [MESSAGE][FAILED] - Object 'Object Repository/Add video in placeholers/Placeholders/div_Add media here_3' is not present (Root cause: com.kms.katalon.core.exception.StepFailedException: Object 'Object Repository/Add video in placeholers/Placeholders/div_Add media here_3' is not present
	at com.kms.katalon.core.webui.keyword.internal.WebUIKeywordMain.stepFailed(WebUIKeywordMain.groovy:64)
	at com.kms.katalon.core.webui.keyword.builtin.VerifyElementVisibleInViewportKeyword$_verifyElementVisibleInViewport_closure1.doCall(VerifyElementVisibleInViewportKeyword.groovy:83)
	at com.kms.katalon.core.webui.keyword.builtin.VerifyElementVisibleInViewportKeyword$_verifyElementVisibleInViewport_closure1.call(VerifyElementVisibleInViewportKeyword.groovy)
	at com.kms.katalon.core.webui.keyword.internal.WebUIKeywordMain.runKeyword(WebUIKeywordMain.groovy:20)
	at com.kms.katalon.core.webui.keyword.builtin.VerifyElementVisibleInViewportKeyword.verifyElementVisibleInViewport(VerifyElementVisibleInViewportKeyword.groovy:86)
	at com.kms.katalon.core.webui.keyword.builtin.VerifyElementVisibleInViewportKeyword.execute(VerifyElementVisibleInViewportKeyword.groovy:68)
	at com.kms.katalon.core.keyword.internal.KeywordExecutor.executeKeywordForPlatform(KeywordExecutor.groovy:72)
	at com.kms.katalon.core.webui.keyword.WebUiBuiltInKeywords.verifyElementInViewport(WebUiBuiltInKeywords.groovy:3039)
	at com.kms.katalon.core.webui.keyword.WebUiBuiltInKeywords$verifyElementInViewport$14.call(Unknown Source)
	at Adding photo in placeholders (double cycle) Architecture.run(Adding photo in placeholders (double cycle) Architecture:26)
	at com.kms.katalon.core.main.ScriptEngine.run(ScriptEngine.java:194)
	at com.kms.katalon.core.main.ScriptEngine.runScriptAsRawText(ScriptEngine.java:119)
	at com.kms.katalon.core.main.TestCaseExecutor.runScript(TestCaseExecutor.java:337)
	at com.kms.katalon.core.main.TestCaseExecutor.doExecute(TestCaseExecutor.java:328)
	at com.kms.katalon.core.main.TestCaseExecutor.processExecutionPhase(TestCaseExecutor.java:307)
	at com.kms.katalon.core.main.TestCaseExecutor.accessMainPhase(TestCaseExecutor.java:299)
	at com.kms.katalon.core.main.TestCaseExecutor.execute(TestCaseExecutor.java:233)
	at com.kms.katalon.core.main.TestSuiteExecutor.accessTestCaseMainPhase(TestSuiteExecutor.java:169)
	at com.kms.katalon.core.main.TestSuiteExecutor.accessTestSuiteMainPhase(TestSuiteExecutor.java:142)
	at com.kms.katalon.core.main.TestSuiteExecutor.execute(TestSuiteExecutor.java:91)
	at com.kms.katalon.core.main.TestCaseMain.startTestSuite(TestCaseMain.java:157)
	at com.kms.katalon.core.main.TestCaseMain$startTestSuite$0.call(Unknown Source)
	at TempTestSuite1581071026566.run(TempTestSuite1581071026566.groovy:36)
)

2020-02-07 12:29:33 - [TEST_STEP][PASSED] - else: null

2020-02-07 12:29:33 - [TEST_STEP][PASSED] - break: null

2020-02-07 12:29:33 - [TEST_STEP][PASSED] - if (verifyElementPresent(findTestObject("Page_Reevio Video Maker/Editor_Scene_" + i), 0) == true): null

2020-02-07 12:29:33 - [MESSAGE][WARNING] - Timeout '0' is invalid. Using default page load timeout: '1'

2020-02-07 12:29:33 - [MESSAGE][PASSED] - Object 'Object Repository/Page_Reevio Video Maker/Editor_Scene_5' is present

2020-02-07 12:29:33 - [TEST_STEP][PASSED] - doubleClick(findTestObject("Page_Reevio Video Maker/Editor_Scene_" + i)): Object: 'Object Repository/Page_Reevio Video Maker/Editor_Scene_5' is double clicked on

2020-02-07 12:29:33 - [MESSAGE][PASSED] - Object: 'Object Repository/Page_Reevio Video Maker/Editor_Scene_5' is double clicked on

2020-02-07 12:29:33 - [TEST_STEP][FAILED] - for ([j = 1, j < 7, (j++)]): null

2020-02-07 12:29:33 - [TEST_STEP][FAILED] - if (verifyElementInViewport(findTestObject("Add video in placeholers/Placeholders/div_Add media here_" + j), 0) == true): Object 'Object Repository/Add video in placeholers/Placeholders/div_Add media here_1' is not present (Root cause: com.kms.katalon.core.exception.StepFailedException: Object 'Object Repository/Add video in placeholers/Placeholders/div_Add media here_1' is not present
	at com.kms.katalon.core.webui.keyword.internal.WebUIKeywordMain.stepFailed(WebUIKeywordMain.groovy:64)
	at com.kms.katalon.core.webui.keyword.builtin.VerifyElementVisibleInViewportKeyword$_verifyElementVisibleInViewport_closure1.doCall(VerifyElementVisibleInViewportKeyword.groovy:83)
	at com.kms.katalon.core.webui.keyword.builtin.VerifyElementVisibleInViewportKeyword$_verifyElementVisibleInViewport_closure1.call(VerifyElementVisibleInViewportKeyword.groovy)
	at com.kms.katalon.core.webui.keyword.internal.WebUIKeywordMain.runKeyword(WebUIKeywordMain.groovy:20)
	at com.kms.katalon.core.webui.keyword.builtin.VerifyElementVisibleInViewportKeyword.verifyElementVisibleInViewport(VerifyElementVisibleInViewportKeyword.groovy:86)
	at com.kms.katalon.core.webui.keyword.builtin.VerifyElementVisibleInViewportKeyword.execute(VerifyElementVisibleInViewportKeyword.groovy:68)
	at com.kms.katalon.core.keyword.internal.KeywordExecutor.executeKeywordForPlatform(KeywordExecutor.groovy:72)
	at com.kms.katalon.core.webui.keyword.WebUiBuiltInKeywords.verifyElementInViewport(WebUiBuiltInKeywords.groovy:3039)
	at com.kms.katalon.core.webui.keyword.WebUiBuiltInKeywords$verifyElementInViewport$14.call(Unknown Source)
	at Adding photo in placeholders (double cycle) Architecture.run(Adding photo in placeholders (double cycle) Architecture:26)
	at com.kms.katalon.core.main.ScriptEngine.run(ScriptEngine.java:194)
	at com.kms.katalon.core.main.ScriptEngine.runScriptAsRawText(ScriptEngine.java:119)
	at com.kms.katalon.core.main.TestCaseExecutor.runScript(TestCaseExecutor.java:337)
	at com.kms.katalon.core.main.TestCaseExecutor.doExecute(TestCaseExecutor.java:328)
	at com.kms.katalon.core.main.TestCaseExecutor.processExecutionPhase(TestCaseExecutor.java:307)
	at com.kms.katalon.core.main.TestCaseExecutor.accessMainPhase(TestCaseExecutor.java:299)
	at com.kms.katalon.core.main.TestCaseExecutor.execute(TestCaseExecutor.java:233)
	at com.kms.katalon.core.main.TestSuiteExecutor.accessTestCaseMainPhase(TestSuiteExecutor.java:169)
	at com.kms.katalon.core.main.TestSuiteExecutor.accessTestSuiteMainPhase(TestSuiteExecutor.java:142)
	at com.kms.katalon.core.main.TestSuiteExecutor.execute(TestSuiteExecutor.java:91)
	at com.kms.katalon.core.main.TestCaseMain.startTestSuite(TestCaseMain.java:157)
	at com.kms.katalon.core.main.TestCaseMain$startTestSuite$0.call(Unknown Source)
	at TempTestSuite1581071026566.run(TempTestSuite1581071026566.groovy:36)
)

2020-02-07 12:29:33 - [MESSAGE][WARNING] - Timeout '0' is invalid. Using default page load timeout: '1'

2020-02-07 12:29:34 - [MESSAGE][INFO] - Unable to find the element located by 'By.xpath: //div[@class = 'current-slide active-slide']//*[@data-vidpk][1]'. Please recheck the objects properties to make sure the desired element is located. 

2020-02-07 12:29:34 - [MESSAGE][FAILED] - Object 'Object Repository/Add video in placeholers/Placeholders/div_Add media here_1' is not present (Root cause: com.kms.katalon.core.exception.StepFailedException: Object 'Object Repository/Add video in placeholers/Placeholders/div_Add media here_1' is not present
	at com.kms.katalon.core.webui.keyword.internal.WebUIKeywordMain.stepFailed(WebUIKeywordMain.groovy:64)
	at com.kms.katalon.core.webui.keyword.builtin.VerifyElementVisibleInViewportKeyword$_verifyElementVisibleInViewport_closure1.doCall(VerifyElementVisibleInViewportKeyword.groovy:83)
	at com.kms.katalon.core.webui.keyword.builtin.VerifyElementVisibleInViewportKeyword$_verifyElementVisibleInViewport_closure1.call(VerifyElementVisibleInViewportKeyword.groovy)
	at com.kms.katalon.core.webui.keyword.internal.WebUIKeywordMain.runKeyword(WebUIKeywordMain.groovy:20)
	at com.kms.katalon.core.webui.keyword.builtin.VerifyElementVisibleInViewportKeyword.verifyElementVisibleInViewport(VerifyElementVisibleInViewportKeyword.groovy:86)
	at com.kms.katalon.core.webui.keyword.builtin.VerifyElementVisibleInViewportKeyword.execute(VerifyElementVisibleInViewportKeyword.groovy:68)
	at com.kms.katalon.core.keyword.internal.KeywordExecutor.executeKeywordForPlatform(KeywordExecutor.groovy:72)
	at com.kms.katalon.core.webui.keyword.WebUiBuiltInKeywords.verifyElementInViewport(WebUiBuiltInKeywords.groovy:3039)
	at com.kms.katalon.core.webui.keyword.WebUiBuiltInKeywords$verifyElementInViewport$14.call(Unknown Source)
	at Adding photo in placeholders (double cycle) Architecture.run(Adding photo in placeholders (double cycle) Architecture:26)
	at com.kms.katalon.core.main.ScriptEngine.run(ScriptEngine.java:194)
	at com.kms.katalon.core.main.ScriptEngine.runScriptAsRawText(ScriptEngine.java:119)
	at com.kms.katalon.core.main.TestCaseExecutor.runScript(TestCaseExecutor.java:337)
	at com.kms.katalon.core.main.TestCaseExecutor.doExecute(TestCaseExecutor.java:328)
	at com.kms.katalon.core.main.TestCaseExecutor.processExecutionPhase(TestCaseExecutor.java:307)
	at com.kms.katalon.core.main.TestCaseExecutor.accessMainPhase(TestCaseExecutor.java:299)
	at com.kms.katalon.core.main.TestCaseExecutor.execute(TestCaseExecutor.java:233)
	at com.kms.katalon.core.main.TestSuiteExecutor.accessTestCaseMainPhase(TestSuiteExecutor.java:169)
	at com.kms.katalon.core.main.TestSuiteExecutor.accessTestSuiteMainPhase(TestSuiteExecutor.java:142)
	at com.kms.katalon.core.main.TestSuiteExecutor.execute(TestSuiteExecutor.java:91)
	at com.kms.katalon.core.main.TestCaseMain.startTestSuite(TestCaseMain.java:157)
	at com.kms.katalon.core.main.TestCaseMain$startTestSuite$0.call(Unknown Source)
	at TempTestSuite1581071026566.run(TempTestSuite1581071026566.groovy:36)
)

2020-02-07 12:29:34 - [TEST_STEP][PASSED] - else: null

2020-02-07 12:29:34 - [TEST_STEP][PASSED] - break: null

2020-02-07 12:29:34 - [TEST_STEP][PASSED] - if (verifyElementPresent(findTestObject("Page_Reevio Video Maker/Editor_Scene_" + i), 0) == true): null

2020-02-07 12:29:35 - [MESSAGE][WARNING] - Timeout '0' is invalid. Using default page load timeout: '1'

2020-02-07 12:29:35 - [MESSAGE][PASSED] - Object 'Object Repository/Page_Reevio Video Maker/Editor_Scene_6' is present

2020-02-07 12:29:35 - [TEST_STEP][PASSED] - doubleClick(findTestObject("Page_Reevio Video Maker/Editor_Scene_" + i)): Object: 'Object Repository/Page_Reevio Video Maker/Editor_Scene_6' is double clicked on

2020-02-07 12:29:35 - [MESSAGE][PASSED] - Object: 'Object Repository/Page_Reevio Video Maker/Editor_Scene_6' is double clicked on

2020-02-07 12:29:35 - [TEST_STEP][FAILED] - for ([j = 1, j < 7, (j++)]): null

2020-02-07 12:29:35 - [TEST_STEP][PASSED] - if (verifyElementInViewport(findTestObject("Add video in placeholers/Placeholders/div_Add media here_" + j), 0) == true): null

2020-02-07 12:29:35 - [MESSAGE][WARNING] - Timeout '0' is invalid. Using default page load timeout: '1'

2020-02-07 12:29:35 - [MESSAGE][PASSED] - Object 'Object Repository/Add video in placeholers/Placeholders/div_Add media here_1' is present and visible in viewport

2020-02-07 12:29:35 - [TEST_STEP][PASSED] - n = n + 1: null

2020-02-07 12:29:35 - [TEST_STEP][PASSED] - click(findTestObject("Add video in placeholers/Placeholders/div_Add media here_" + j)): Object: 'Object Repository/Add video in placeholers/Placeholders/div_Add media here_1' is clicked on

2020-02-07 12:29:36 - [MESSAGE][PASSED] - Object: 'Object Repository/Add video in placeholers/Placeholders/div_Add media here_1' is clicked on

2020-02-07 12:29:36 - [TEST_STEP][PASSED] - waitForPageLoad(5): Wait for page load successfully

2020-02-07 12:29:36 - [MESSAGE][PASSED] - Wait for page load successfully

2020-02-07 12:29:36 - [TEST_STEP][PASSED] - click(findTestObject("Add video in placeholers/Video_img repository (videos, imgs and buttons)/a_resetAllCategorisInLibrary")): Object: 'Object Repository/Add video in placeholers/Video_img repository (videos, imgs and buttons)/a_resetAllCategorisInLibrary' is clicked on

2020-02-07 12:29:36 - [MESSAGE][PASSED] - Object: 'Object Repository/Add video in placeholers/Video_img repository (videos, imgs and buttons)/a_resetAllCategorisInLibrary' is clicked on

2020-02-07 12:29:36 - [TEST_STEP][PASSED] - Thread.sleep(500): null

2020-02-07 12:29:37 - [TEST_STEP][PASSED] - waitForElementVisible(findTestObject("Add video in placeholers/Video_img repository (videos, imgs and buttons)/label__for_img_architecture"), 5): Object 'Object Repository/Add video in placeholers/Video_img repository (videos, imgs and buttons)/label__for_img_architecture' is visible

2020-02-07 12:29:37 - [MESSAGE][PASSED] - Object 'Object Repository/Add video in placeholers/Video_img repository (videos, imgs and buttons)/label__for_img_architecture' is visible

2020-02-07 12:29:37 - [TEST_STEP][PASSED] - click(findTestObject("Add video in placeholers/Video_img repository (videos, imgs and buttons)/label__for_img_architecture")): Object: 'Object Repository/Add video in placeholers/Video_img repository (videos, imgs and buttons)/label__for_img_architecture' is clicked on

2020-02-07 12:29:37 - [MESSAGE][PASSED] - Object: 'Object Repository/Add video in placeholers/Video_img repository (videos, imgs and buttons)/label__for_img_architecture' is clicked on

2020-02-07 12:29:37 - [TEST_STEP][PASSED] - Thread.sleep(500): null

2020-02-07 12:29:38 - [TEST_STEP][PASSED] - if (p > 1): null

2020-02-07 12:29:38 - [TEST_STEP][PASSED] - scrollToElement(findTestObject("Add video in placeholers/Video_img repository (videos, imgs and buttons)/div_photo-library/photo_library_" + n), 0): Scroll to object 'Object Repository/Add video in placeholers/Video_img repository (videos, imgs and buttons)/div_photo-library/photo_library_5' successfully

2020-02-07 12:29:38 - [MESSAGE][WARNING] - Timeout '0' is invalid. Using default page load timeout: '1'

2020-02-07 12:29:38 - [MESSAGE][PASSED] - Scroll to object 'Object Repository/Add video in placeholers/Video_img repository (videos, imgs and buttons)/div_photo-library/photo_library_5' successfully

2020-02-07 12:29:38 - [TEST_STEP][PASSED] - Thread.sleep(500): null

2020-02-07 12:29:38 - [TEST_STEP][PASSED] - focus(findTestObject("Add video in placeholers/Video_img repository (videos, imgs and buttons)/div_photo-library/photo_library_" + n)): Object: 'Object Repository/Add video in placeholers/Video_img repository (videos, imgs and buttons)/div_photo-library/photo_library_5' is focused

2020-02-07 12:29:39 - [MESSAGE][PASSED] - Object: 'Object Repository/Add video in placeholers/Video_img repository (videos, imgs and buttons)/div_photo-library/photo_library_5' is focused

2020-02-07 12:29:39 - [TEST_STEP][PASSED] - waitForElementVisible(findTestObject("Add video in placeholers/Video_img repository (videos, imgs and buttons)/photoButtons/photoButton_USE_v" + n), 5): Object 'Object Repository/Add video in placeholers/Video_img repository (videos, imgs and buttons)/photoButtons/photoButton_USE_v5' is visible

2020-02-07 12:29:39 - [MESSAGE][PASSED] - Object 'Object Repository/Add video in placeholers/Video_img repository (videos, imgs and buttons)/photoButtons/photoButton_USE_v5' is visible

2020-02-07 12:29:39 - [TEST_STEP][PASSED] - click(findTestObject("Add video in placeholers/Video_img repository (videos, imgs and buttons)/photoButtons/photoButton_USE_v" + n)): Object: 'Object Repository/Add video in placeholers/Video_img repository (videos, imgs and buttons)/photoButtons/photoButton_USE_v5' is clicked on

2020-02-07 12:29:39 - [MESSAGE][PASSED] - Object: 'Object Repository/Add video in placeholers/Video_img repository (videos, imgs and buttons)/photoButtons/photoButton_USE_v5' is clicked on

2020-02-07 12:29:39 - [TEST_STEP][FAILED] - verifyElementInViewport(findTestObject("Add video in placeholers/Video_img repository (videos, imgs and buttons)/div_Continue"), 5): Object 'Object Repository/Add video in placeholers/Video_img repository (videos, imgs and buttons)/div_Continue' is present but is not visible in viewport (Root cause: com.kms.katalon.core.exception.StepFailedException: Object 'Object Repository/Add video in placeholers/Video_img repository (videos, imgs and buttons)/div_Continue' is present but is not visible in viewport
	at com.kms.katalon.core.webui.keyword.internal.WebUIKeywordMain.stepFailed(WebUIKeywordMain.groovy:64)
	at com.kms.katalon.core.webui.keyword.builtin.VerifyElementVisibleInViewportKeyword$_verifyElementVisibleInViewport_closure1.doCall(VerifyElementVisibleInViewportKeyword.groovy:79)
	at com.kms.katalon.core.webui.keyword.builtin.VerifyElementVisibleInViewportKeyword$_verifyElementVisibleInViewport_closure1.call(VerifyElementVisibleInViewportKeyword.groovy)
	at com.kms.katalon.core.webui.keyword.internal.WebUIKeywordMain.runKeyword(WebUIKeywordMain.groovy:20)
	at com.kms.katalon.core.webui.keyword.builtin.VerifyElementVisibleInViewportKeyword.verifyElementVisibleInViewport(VerifyElementVisibleInViewportKeyword.groovy:86)
	at com.kms.katalon.core.webui.keyword.builtin.VerifyElementVisibleInViewportKeyword.execute(VerifyElementVisibleInViewportKeyword.groovy:68)
	at com.kms.katalon.core.keyword.internal.KeywordExecutor.executeKeywordForPlatform(KeywordExecutor.groovy:72)
	at com.kms.katalon.core.webui.keyword.WebUiBuiltInKeywords.verifyElementInViewport(WebUiBuiltInKeywords.groovy:3039)
	at com.kms.katalon.core.webui.keyword.WebUiBuiltInKeywords$verifyElementInViewport$14.call(Unknown Source)
	at Adding photo in placeholders (double cycle) Architecture.run(Adding photo in placeholders (double cycle) Architecture:64)
	at com.kms.katalon.core.main.ScriptEngine.run(ScriptEngine.java:194)
	at com.kms.katalon.core.main.ScriptEngine.runScriptAsRawText(ScriptEngine.java:119)
	at com.kms.katalon.core.main.TestCaseExecutor.runScript(TestCaseExecutor.java:337)
	at com.kms.katalon.core.main.TestCaseExecutor.doExecute(TestCaseExecutor.java:328)
	at com.kms.katalon.core.main.TestCaseExecutor.processExecutionPhase(TestCaseExecutor.java:307)
	at com.kms.katalon.core.main.TestCaseExecutor.accessMainPhase(TestCaseExecutor.java:299)
	at com.kms.katalon.core.main.TestCaseExecutor.execute(TestCaseExecutor.java:233)
	at com.kms.katalon.core.main.TestSuiteExecutor.accessTestCaseMainPhase(TestSuiteExecutor.java:169)
	at com.kms.katalon.core.main.TestSuiteExecutor.accessTestSuiteMainPhase(TestSuiteExecutor.java:142)
	at com.kms.katalon.core.main.TestSuiteExecutor.execute(TestSuiteExecutor.java:91)
	at com.kms.katalon.core.main.TestCaseMain.startTestSuite(TestCaseMain.java:157)
	at com.kms.katalon.core.main.TestCaseMain$startTestSuite$0.call(Unknown Source)
	at TempTestSuite1581071026566.run(TempTestSuite1581071026566.groovy:36)
)

2020-02-07 12:29:39 - [MESSAGE][FAILED] - Object 'Object Repository/Add video in placeholers/Video_img repository (videos, imgs and buttons)/div_Continue' is present but is not visible in viewport (Root cause: com.kms.katalon.core.exception.StepFailedException: Object 'Object Repository/Add video in placeholers/Video_img repository (videos, imgs and buttons)/div_Continue' is present but is not visible in viewport
	at com.kms.katalon.core.webui.keyword.internal.WebUIKeywordMain.stepFailed(WebUIKeywordMain.groovy:64)
	at com.kms.katalon.core.webui.keyword.builtin.VerifyElementVisibleInViewportKeyword$_verifyElementVisibleInViewport_closure1.doCall(VerifyElementVisibleInViewportKeyword.groovy:79)
	at com.kms.katalon.core.webui.keyword.builtin.VerifyElementVisibleInViewportKeyword$_verifyElementVisibleInViewport_closure1.call(VerifyElementVisibleInViewportKeyword.groovy)
	at com.kms.katalon.core.webui.keyword.internal.WebUIKeywordMain.runKeyword(WebUIKeywordMain.groovy:20)
	at com.kms.katalon.core.webui.keyword.builtin.VerifyElementVisibleInViewportKeyword.verifyElementVisibleInViewport(VerifyElementVisibleInViewportKeyword.groovy:86)
	at com.kms.katalon.core.webui.keyword.builtin.VerifyElementVisibleInViewportKeyword.execute(VerifyElementVisibleInViewportKeyword.groovy:68)
	at com.kms.katalon.core.keyword.internal.KeywordExecutor.executeKeywordForPlatform(KeywordExecutor.groovy:72)
	at com.kms.katalon.core.webui.keyword.WebUiBuiltInKeywords.verifyElementInViewport(WebUiBuiltInKeywords.groovy:3039)
	at com.kms.katalon.core.webui.keyword.WebUiBuiltInKeywords$verifyElementInViewport$14.call(Unknown Source)
	at Adding photo in placeholders (double cycle) Architecture.run(Adding photo in placeholders (double cycle) Architecture:64)
	at com.kms.katalon.core.main.ScriptEngine.run(ScriptEngine.java:194)
	at com.kms.katalon.core.main.ScriptEngine.runScriptAsRawText(ScriptEngine.java:119)
	at com.kms.katalon.core.main.TestCaseExecutor.runScript(TestCaseExecutor.java:337)
	at com.kms.katalon.core.main.TestCaseExecutor.doExecute(TestCaseExecutor.java:328)
	at com.kms.katalon.core.main.TestCaseExecutor.processExecutionPhase(TestCaseExecutor.java:307)
	at com.kms.katalon.core.main.TestCaseExecutor.accessMainPhase(TestCaseExecutor.java:299)
	at com.kms.katalon.core.main.TestCaseExecutor.execute(TestCaseExecutor.java:233)
	at com.kms.katalon.core.main.TestSuiteExecutor.accessTestCaseMainPhase(TestSuiteExecutor.java:169)
	at com.kms.katalon.core.main.TestSuiteExecutor.accessTestSuiteMainPhase(TestSuiteExecutor.java:142)
	at com.kms.katalon.core.main.TestSuiteExecutor.execute(TestSuiteExecutor.java:91)
	at com.kms.katalon.core.main.TestCaseMain.startTestSuite(TestCaseMain.java:157)
	at com.kms.katalon.core.main.TestCaseMain$startTestSuite$0.call(Unknown Source)
	at TempTestSuite1581071026566.run(TempTestSuite1581071026566.groovy:36)
)

2020-02-07 12:29:39 - [TEST_STEP][PASSED] - delay(3): Delayed 3 second(s)

2020-02-07 12:29:42 - [MESSAGE][PASSED] - Delayed 3 second(s)

2020-02-07 12:29:42 - [TEST_STEP][PASSED] - click(findTestObject("Add video in placeholers/Video_img repository (videos, imgs and buttons)/div_Continue")): Object: 'Object Repository/Add video in placeholers/Video_img repository (videos, imgs and buttons)/div_Continue' is clicked on

2020-02-07 12:29:43 - [MESSAGE][PASSED] - Object: 'Object Repository/Add video in placeholers/Video_img repository (videos, imgs and buttons)/div_Continue' is clicked on

2020-02-07 12:29:43 - [TEST_STEP][PASSED] - delay(2): Delayed 2 second(s)

2020-02-07 12:29:45 - [MESSAGE][PASSED] - Delayed 2 second(s)

2020-02-07 12:29:45 - [TEST_STEP][PASSED] - if (n == 12): null

2020-02-07 12:29:45 - [TEST_STEP][FAILED] - if (verifyElementInViewport(findTestObject("Add video in placeholers/Video_img repository (videos, imgs and buttons)/a_closeVideoAdding"), 1) == true): Object 'Object Repository/Add video in placeholers/Video_img repository (videos, imgs and buttons)/a_closeVideoAdding' is present but is not visible in viewport (Root cause: com.kms.katalon.core.exception.StepFailedException: Object 'Object Repository/Add video in placeholers/Video_img repository (videos, imgs and buttons)/a_closeVideoAdding' is present but is not visible in viewport
	at com.kms.katalon.core.webui.keyword.internal.WebUIKeywordMain.stepFailed(WebUIKeywordMain.groovy:64)
	at com.kms.katalon.core.webui.keyword.builtin.VerifyElementVisibleInViewportKeyword$_verifyElementVisibleInViewport_closure1.doCall(VerifyElementVisibleInViewportKeyword.groovy:79)
	at com.kms.katalon.core.webui.keyword.builtin.VerifyElementVisibleInViewportKeyword$_verifyElementVisibleInViewport_closure1.call(VerifyElementVisibleInViewportKeyword.groovy)
	at com.kms.katalon.core.webui.keyword.internal.WebUIKeywordMain.runKeyword(WebUIKeywordMain.groovy:20)
	at com.kms.katalon.core.webui.keyword.builtin.VerifyElementVisibleInViewportKeyword.verifyElementVisibleInViewport(VerifyElementVisibleInViewportKeyword.groovy:86)
	at com.kms.katalon.core.webui.keyword.builtin.VerifyElementVisibleInViewportKeyword.execute(VerifyElementVisibleInViewportKeyword.groovy:68)
	at com.kms.katalon.core.keyword.internal.KeywordExecutor.executeKeywordForPlatform(KeywordExecutor.groovy:72)
	at com.kms.katalon.core.webui.keyword.WebUiBuiltInKeywords.verifyElementInViewport(WebUiBuiltInKeywords.groovy:3039)
	at com.kms.katalon.core.webui.keyword.WebUiBuiltInKeywords$verifyElementInViewport$14.call(Unknown Source)
	at Adding photo in placeholders (double cycle) Architecture.run(Adding photo in placeholders (double cycle) Architecture:78)
	at com.kms.katalon.core.main.ScriptEngine.run(ScriptEngine.java:194)
	at com.kms.katalon.core.main.ScriptEngine.runScriptAsRawText(ScriptEngine.java:119)
	at com.kms.katalon.core.main.TestCaseExecutor.runScript(TestCaseExecutor.java:337)
	at com.kms.katalon.core.main.TestCaseExecutor.doExecute(TestCaseExecutor.java:328)
	at com.kms.katalon.core.main.TestCaseExecutor.processExecutionPhase(TestCaseExecutor.java:307)
	at com.kms.katalon.core.main.TestCaseExecutor.accessMainPhase(TestCaseExecutor.java:299)
	at com.kms.katalon.core.main.TestCaseExecutor.execute(TestCaseExecutor.java:233)
	at com.kms.katalon.core.main.TestSuiteExecutor.accessTestCaseMainPhase(TestSuiteExecutor.java:169)
	at com.kms.katalon.core.main.TestSuiteExecutor.accessTestSuiteMainPhase(TestSuiteExecutor.java:142)
	at com.kms.katalon.core.main.TestSuiteExecutor.execute(TestSuiteExecutor.java:91)
	at com.kms.katalon.core.main.TestCaseMain.startTestSuite(TestCaseMain.java:157)
	at com.kms.katalon.core.main.TestCaseMain$startTestSuite$0.call(Unknown Source)
	at TempTestSuite1581071026566.run(TempTestSuite1581071026566.groovy:36)
)

2020-02-07 12:29:45 - [MESSAGE][FAILED] - Object 'Object Repository/Add video in placeholers/Video_img repository (videos, imgs and buttons)/a_closeVideoAdding' is present but is not visible in viewport (Root cause: com.kms.katalon.core.exception.StepFailedException: Object 'Object Repository/Add video in placeholers/Video_img repository (videos, imgs and buttons)/a_closeVideoAdding' is present but is not visible in viewport
	at com.kms.katalon.core.webui.keyword.internal.WebUIKeywordMain.stepFailed(WebUIKeywordMain.groovy:64)
	at com.kms.katalon.core.webui.keyword.builtin.VerifyElementVisibleInViewportKeyword$_verifyElementVisibleInViewport_closure1.doCall(VerifyElementVisibleInViewportKeyword.groovy:79)
	at com.kms.katalon.core.webui.keyword.builtin.VerifyElementVisibleInViewportKeyword$_verifyElementVisibleInViewport_closure1.call(VerifyElementVisibleInViewportKeyword.groovy)
	at com.kms.katalon.core.webui.keyword.internal.WebUIKeywordMain.runKeyword(WebUIKeywordMain.groovy:20)
	at com.kms.katalon.core.webui.keyword.builtin.VerifyElementVisibleInViewportKeyword.verifyElementVisibleInViewport(VerifyElementVisibleInViewportKeyword.groovy:86)
	at com.kms.katalon.core.webui.keyword.builtin.VerifyElementVisibleInViewportKeyword.execute(VerifyElementVisibleInViewportKeyword.groovy:68)
	at com.kms.katalon.core.keyword.internal.KeywordExecutor.executeKeywordForPlatform(KeywordExecutor.groovy:72)
	at com.kms.katalon.core.webui.keyword.WebUiBuiltInKeywords.verifyElementInViewport(WebUiBuiltInKeywords.groovy:3039)
	at com.kms.katalon.core.webui.keyword.WebUiBuiltInKeywords$verifyElementInViewport$14.call(Unknown Source)
	at Adding photo in placeholders (double cycle) Architecture.run(Adding photo in placeholders (double cycle) Architecture:78)
	at com.kms.katalon.core.main.ScriptEngine.run(ScriptEngine.java:194)
	at com.kms.katalon.core.main.ScriptEngine.runScriptAsRawText(ScriptEngine.java:119)
	at com.kms.katalon.core.main.TestCaseExecutor.runScript(TestCaseExecutor.java:337)
	at com.kms.katalon.core.main.TestCaseExecutor.doExecute(TestCaseExecutor.java:328)
	at com.kms.katalon.core.main.TestCaseExecutor.processExecutionPhase(TestCaseExecutor.java:307)
	at com.kms.katalon.core.main.TestCaseExecutor.accessMainPhase(TestCaseExecutor.java:299)
	at com.kms.katalon.core.main.TestCaseExecutor.execute(TestCaseExecutor.java:233)
	at com.kms.katalon.core.main.TestSuiteExecutor.accessTestCaseMainPhase(TestSuiteExecutor.java:169)
	at com.kms.katalon.core.main.TestSuiteExecutor.accessTestSuiteMainPhase(TestSuiteExecutor.java:142)
	at com.kms.katalon.core.main.TestSuiteExecutor.execute(TestSuiteExecutor.java:91)
	at com.kms.katalon.core.main.TestCaseMain.startTestSuite(TestCaseMain.java:157)
	at com.kms.katalon.core.main.TestCaseMain$startTestSuite$0.call(Unknown Source)
	at TempTestSuite1581071026566.run(TempTestSuite1581071026566.groovy:36)
)

2020-02-07 12:29:45 - [TEST_STEP][PASSED] - if (verifyElementInViewport(findTestObject("Add video in placeholers/Placeholders/div_Add media here_" + j), 0) == true): null

2020-02-07 12:29:45 - [MESSAGE][WARNING] - Timeout '0' is invalid. Using default page load timeout: '1'

2020-02-07 12:29:45 - [MESSAGE][PASSED] - Object 'Object Repository/Add video in placeholers/Placeholders/div_Add media here_2' is present and visible in viewport

2020-02-07 12:29:45 - [TEST_STEP][PASSED] - n = n + 1: null

2020-02-07 12:29:45 - [TEST_STEP][PASSED] - click(findTestObject("Add video in placeholers/Placeholders/div_Add media here_" + j)): Object: 'Object Repository/Add video in placeholers/Placeholders/div_Add media here_2' is clicked on

2020-02-07 12:29:45 - [MESSAGE][PASSED] - Object: 'Object Repository/Add video in placeholers/Placeholders/div_Add media here_2' is clicked on

2020-02-07 12:29:45 - [TEST_STEP][PASSED] - waitForPageLoad(5): Wait for page load successfully

2020-02-07 12:29:45 - [MESSAGE][PASSED] - Wait for page load successfully

2020-02-07 12:29:45 - [TEST_STEP][PASSED] - click(findTestObject("Add video in placeholers/Video_img repository (videos, imgs and buttons)/a_resetAllCategorisInLibrary")): Object: 'Object Repository/Add video in placeholers/Video_img repository (videos, imgs and buttons)/a_resetAllCategorisInLibrary' is clicked on

2020-02-07 12:29:45 - [MESSAGE][PASSED] - Object: 'Object Repository/Add video in placeholers/Video_img repository (videos, imgs and buttons)/a_resetAllCategorisInLibrary' is clicked on

2020-02-07 12:29:45 - [TEST_STEP][PASSED] - Thread.sleep(500): null

2020-02-07 12:29:46 - [TEST_STEP][PASSED] - waitForElementVisible(findTestObject("Add video in placeholers/Video_img repository (videos, imgs and buttons)/label__for_img_architecture"), 5): Object 'Object Repository/Add video in placeholers/Video_img repository (videos, imgs and buttons)/label__for_img_architecture' is visible

2020-02-07 12:29:46 - [MESSAGE][PASSED] - Object 'Object Repository/Add video in placeholers/Video_img repository (videos, imgs and buttons)/label__for_img_architecture' is visible

2020-02-07 12:29:46 - [TEST_STEP][PASSED] - click(findTestObject("Add video in placeholers/Video_img repository (videos, imgs and buttons)/label__for_img_architecture")): Object: 'Object Repository/Add video in placeholers/Video_img repository (videos, imgs and buttons)/label__for_img_architecture' is clicked on

2020-02-07 12:29:46 - [MESSAGE][PASSED] - Object: 'Object Repository/Add video in placeholers/Video_img repository (videos, imgs and buttons)/label__for_img_architecture' is clicked on

2020-02-07 12:29:46 - [TEST_STEP][PASSED] - Thread.sleep(500): null

2020-02-07 12:29:47 - [TEST_STEP][PASSED] - if (p > 1): null

2020-02-07 12:29:47 - [TEST_STEP][PASSED] - scrollToElement(findTestObject("Add video in placeholers/Video_img repository (videos, imgs and buttons)/div_photo-library/photo_library_" + n), 0): Scroll to object 'Object Repository/Add video in placeholers/Video_img repository (videos, imgs and buttons)/div_photo-library/photo_library_6' successfully

2020-02-07 12:29:47 - [MESSAGE][WARNING] - Timeout '0' is invalid. Using default page load timeout: '1'

2020-02-07 12:29:47 - [MESSAGE][PASSED] - Scroll to object 'Object Repository/Add video in placeholers/Video_img repository (videos, imgs and buttons)/div_photo-library/photo_library_6' successfully

2020-02-07 12:29:47 - [TEST_STEP][PASSED] - Thread.sleep(500): null

2020-02-07 12:29:48 - [TEST_STEP][PASSED] - focus(findTestObject("Add video in placeholers/Video_img repository (videos, imgs and buttons)/div_photo-library/photo_library_" + n)): Object: 'Object Repository/Add video in placeholers/Video_img repository (videos, imgs and buttons)/div_photo-library/photo_library_6' is focused

2020-02-07 12:29:48 - [MESSAGE][PASSED] - Object: 'Object Repository/Add video in placeholers/Video_img repository (videos, imgs and buttons)/div_photo-library/photo_library_6' is focused

2020-02-07 12:29:48 - [TEST_STEP][PASSED] - waitForElementVisible(findTestObject("Add video in placeholers/Video_img repository (videos, imgs and buttons)/photoButtons/photoButton_USE_v" + n), 5): Object 'Object Repository/Add video in placeholers/Video_img repository (videos, imgs and buttons)/photoButtons/photoButton_USE_v6' is visible

2020-02-07 12:29:48 - [MESSAGE][PASSED] - Object 'Object Repository/Add video in placeholers/Video_img repository (videos, imgs and buttons)/photoButtons/photoButton_USE_v6' is visible

2020-02-07 12:29:48 - [TEST_STEP][PASSED] - click(findTestObject("Add video in placeholers/Video_img repository (videos, imgs and buttons)/photoButtons/photoButton_USE_v" + n)): Object: 'Object Repository/Add video in placeholers/Video_img repository (videos, imgs and buttons)/photoButtons/photoButton_USE_v6' is clicked on

2020-02-07 12:29:48 - [MESSAGE][PASSED] - Object: 'Object Repository/Add video in placeholers/Video_img repository (videos, imgs and buttons)/photoButtons/photoButton_USE_v6' is clicked on

2020-02-07 12:29:48 - [TEST_STEP][PASSED] - verifyElementInViewport(findTestObject("Add video in placeholers/Video_img repository (videos, imgs and buttons)/div_Continue"), 5): Object 'Object Repository/Add video in placeholers/Video_img repository (videos, imgs and buttons)/div_Continue' is present and visible in viewport

2020-02-07 12:29:48 - [MESSAGE][PASSED] - Object 'Object Repository/Add video in placeholers/Video_img repository (videos, imgs and buttons)/div_Continue' is present and visible in viewport

2020-02-07 12:29:48 - [TEST_STEP][PASSED] - delay(3): Delayed 3 second(s)

2020-02-07 12:29:51 - [MESSAGE][PASSED] - Delayed 3 second(s)

2020-02-07 12:29:51 - [TEST_STEP][PASSED] - click(findTestObject("Add video in placeholers/Video_img repository (videos, imgs and buttons)/div_Continue")): Object: 'Object Repository/Add video in placeholers/Video_img repository (videos, imgs and buttons)/div_Continue' is clicked on

2020-02-07 12:29:52 - [MESSAGE][PASSED] - Object: 'Object Repository/Add video in placeholers/Video_img repository (videos, imgs and buttons)/div_Continue' is clicked on

2020-02-07 12:29:52 - [TEST_STEP][PASSED] - delay(2): Delayed 2 second(s)

2020-02-07 12:29:54 - [MESSAGE][PASSED] - Delayed 2 second(s)

2020-02-07 12:29:54 - [TEST_STEP][PASSED] - if (n == 12): null

2020-02-07 12:29:54 - [TEST_STEP][FAILED] - if (verifyElementInViewport(findTestObject("Add video in placeholers/Video_img repository (videos, imgs and buttons)/a_closeVideoAdding"), 1) == true): Object 'Object Repository/Add video in placeholers/Video_img repository (videos, imgs and buttons)/a_closeVideoAdding' is present but is not visible in viewport (Root cause: com.kms.katalon.core.exception.StepFailedException: Object 'Object Repository/Add video in placeholers/Video_img repository (videos, imgs and buttons)/a_closeVideoAdding' is present but is not visible in viewport
	at com.kms.katalon.core.webui.keyword.internal.WebUIKeywordMain.stepFailed(WebUIKeywordMain.groovy:64)
	at com.kms.katalon.core.webui.keyword.builtin.VerifyElementVisibleInViewportKeyword$_verifyElementVisibleInViewport_closure1.doCall(VerifyElementVisibleInViewportKeyword.groovy:79)
	at com.kms.katalon.core.webui.keyword.builtin.VerifyElementVisibleInViewportKeyword$_verifyElementVisibleInViewport_closure1.call(VerifyElementVisibleInViewportKeyword.groovy)
	at com.kms.katalon.core.webui.keyword.internal.WebUIKeywordMain.runKeyword(WebUIKeywordMain.groovy:20)
	at com.kms.katalon.core.webui.keyword.builtin.VerifyElementVisibleInViewportKeyword.verifyElementVisibleInViewport(VerifyElementVisibleInViewportKeyword.groovy:86)
	at com.kms.katalon.core.webui.keyword.builtin.VerifyElementVisibleInViewportKeyword.execute(VerifyElementVisibleInViewportKeyword.groovy:68)
	at com.kms.katalon.core.keyword.internal.KeywordExecutor.executeKeywordForPlatform(KeywordExecutor.groovy:72)
	at com.kms.katalon.core.webui.keyword.WebUiBuiltInKeywords.verifyElementInViewport(WebUiBuiltInKeywords.groovy:3039)
	at com.kms.katalon.core.webui.keyword.WebUiBuiltInKeywords$verifyElementInViewport$14.call(Unknown Source)
	at Adding photo in placeholders (double cycle) Architecture.run(Adding photo in placeholders (double cycle) Architecture:78)
	at com.kms.katalon.core.main.ScriptEngine.run(ScriptEngine.java:194)
	at com.kms.katalon.core.main.ScriptEngine.runScriptAsRawText(ScriptEngine.java:119)
	at com.kms.katalon.core.main.TestCaseExecutor.runScript(TestCaseExecutor.java:337)
	at com.kms.katalon.core.main.TestCaseExecutor.doExecute(TestCaseExecutor.java:328)
	at com.kms.katalon.core.main.TestCaseExecutor.processExecutionPhase(TestCaseExecutor.java:307)
	at com.kms.katalon.core.main.TestCaseExecutor.accessMainPhase(TestCaseExecutor.java:299)
	at com.kms.katalon.core.main.TestCaseExecutor.execute(TestCaseExecutor.java:233)
	at com.kms.katalon.core.main.TestSuiteExecutor.accessTestCaseMainPhase(TestSuiteExecutor.java:169)
	at com.kms.katalon.core.main.TestSuiteExecutor.accessTestSuiteMainPhase(TestSuiteExecutor.java:142)
	at com.kms.katalon.core.main.TestSuiteExecutor.execute(TestSuiteExecutor.java:91)
	at com.kms.katalon.core.main.TestCaseMain.startTestSuite(TestCaseMain.java:157)
	at com.kms.katalon.core.main.TestCaseMain$startTestSuite$0.call(Unknown Source)
	at TempTestSuite1581071026566.run(TempTestSuite1581071026566.groovy:36)
)

2020-02-07 12:29:55 - [MESSAGE][FAILED] - Object 'Object Repository/Add video in placeholers/Video_img repository (videos, imgs and buttons)/a_closeVideoAdding' is present but is not visible in viewport (Root cause: com.kms.katalon.core.exception.StepFailedException: Object 'Object Repository/Add video in placeholers/Video_img repository (videos, imgs and buttons)/a_closeVideoAdding' is present but is not visible in viewport
	at com.kms.katalon.core.webui.keyword.internal.WebUIKeywordMain.stepFailed(WebUIKeywordMain.groovy:64)
	at com.kms.katalon.core.webui.keyword.builtin.VerifyElementVisibleInViewportKeyword$_verifyElementVisibleInViewport_closure1.doCall(VerifyElementVisibleInViewportKeyword.groovy:79)
	at com.kms.katalon.core.webui.keyword.builtin.VerifyElementVisibleInViewportKeyword$_verifyElementVisibleInViewport_closure1.call(VerifyElementVisibleInViewportKeyword.groovy)
	at com.kms.katalon.core.webui.keyword.internal.WebUIKeywordMain.runKeyword(WebUIKeywordMain.groovy:20)
	at com.kms.katalon.core.webui.keyword.builtin.VerifyElementVisibleInViewportKeyword.verifyElementVisibleInViewport(VerifyElementVisibleInViewportKeyword.groovy:86)
	at com.kms.katalon.core.webui.keyword.builtin.VerifyElementVisibleInViewportKeyword.execute(VerifyElementVisibleInViewportKeyword.groovy:68)
	at com.kms.katalon.core.keyword.internal.KeywordExecutor.executeKeywordForPlatform(KeywordExecutor.groovy:72)
	at com.kms.katalon.core.webui.keyword.WebUiBuiltInKeywords.verifyElementInViewport(WebUiBuiltInKeywords.groovy:3039)
	at com.kms.katalon.core.webui.keyword.WebUiBuiltInKeywords$verifyElementInViewport$14.call(Unknown Source)
	at Adding photo in placeholders (double cycle) Architecture.run(Adding photo in placeholders (double cycle) Architecture:78)
	at com.kms.katalon.core.main.ScriptEngine.run(ScriptEngine.java:194)
	at com.kms.katalon.core.main.ScriptEngine.runScriptAsRawText(ScriptEngine.java:119)
	at com.kms.katalon.core.main.TestCaseExecutor.runScript(TestCaseExecutor.java:337)
	at com.kms.katalon.core.main.TestCaseExecutor.doExecute(TestCaseExecutor.java:328)
	at com.kms.katalon.core.main.TestCaseExecutor.processExecutionPhase(TestCaseExecutor.java:307)
	at com.kms.katalon.core.main.TestCaseExecutor.accessMainPhase(TestCaseExecutor.java:299)
	at com.kms.katalon.core.main.TestCaseExecutor.execute(TestCaseExecutor.java:233)
	at com.kms.katalon.core.main.TestSuiteExecutor.accessTestCaseMainPhase(TestSuiteExecutor.java:169)
	at com.kms.katalon.core.main.TestSuiteExecutor.accessTestSuiteMainPhase(TestSuiteExecutor.java:142)
	at com.kms.katalon.core.main.TestSuiteExecutor.execute(TestSuiteExecutor.java:91)
	at com.kms.katalon.core.main.TestCaseMain.startTestSuite(TestCaseMain.java:157)
	at com.kms.katalon.core.main.TestCaseMain$startTestSuite$0.call(Unknown Source)
	at TempTestSuite1581071026566.run(TempTestSuite1581071026566.groovy:36)
)

2020-02-07 12:29:55 - [TEST_STEP][PASSED] - if (verifyElementInViewport(findTestObject("Add video in placeholers/Placeholders/div_Add media here_" + j), 0) == true): null

2020-02-07 12:29:55 - [MESSAGE][WARNING] - Timeout '0' is invalid. Using default page load timeout: '1'

2020-02-07 12:29:55 - [MESSAGE][PASSED] - Object 'Object Repository/Add video in placeholers/Placeholders/div_Add media here_3' is present and visible in viewport

2020-02-07 12:29:55 - [TEST_STEP][PASSED] - n = n + 1: null

2020-02-07 12:29:55 - [TEST_STEP][PASSED] - click(findTestObject("Add video in placeholers/Placeholders/div_Add media here_" + j)): Object: 'Object Repository/Add video in placeholers/Placeholders/div_Add media here_3' is clicked on

2020-02-07 12:29:56 - [MESSAGE][PASSED] - Object: 'Object Repository/Add video in placeholers/Placeholders/div_Add media here_3' is clicked on

2020-02-07 12:29:56 - [TEST_STEP][PASSED] - waitForPageLoad(5): Wait for page load successfully

2020-02-07 12:29:56 - [MESSAGE][PASSED] - Wait for page load successfully

2020-02-07 12:29:56 - [TEST_STEP][PASSED] - click(findTestObject("Add video in placeholers/Video_img repository (videos, imgs and buttons)/a_resetAllCategorisInLibrary")): Object: 'Object Repository/Add video in placeholers/Video_img repository (videos, imgs and buttons)/a_resetAllCategorisInLibrary' is clicked on

2020-02-07 12:29:57 - [MESSAGE][PASSED] - Object: 'Object Repository/Add video in placeholers/Video_img repository (videos, imgs and buttons)/a_resetAllCategorisInLibrary' is clicked on

2020-02-07 12:29:57 - [TEST_STEP][PASSED] - Thread.sleep(500): null

2020-02-07 12:29:57 - [TEST_STEP][PASSED] - waitForElementVisible(findTestObject("Add video in placeholers/Video_img repository (videos, imgs and buttons)/label__for_img_architecture"), 5): Object 'Object Repository/Add video in placeholers/Video_img repository (videos, imgs and buttons)/label__for_img_architecture' is visible

2020-02-07 12:29:57 - [MESSAGE][PASSED] - Object 'Object Repository/Add video in placeholers/Video_img repository (videos, imgs and buttons)/label__for_img_architecture' is visible

2020-02-07 12:29:57 - [TEST_STEP][PASSED] - click(findTestObject("Add video in placeholers/Video_img repository (videos, imgs and buttons)/label__for_img_architecture")): Object: 'Object Repository/Add video in placeholers/Video_img repository (videos, imgs and buttons)/label__for_img_architecture' is clicked on

2020-02-07 12:29:58 - [MESSAGE][PASSED] - Object: 'Object Repository/Add video in placeholers/Video_img repository (videos, imgs and buttons)/label__for_img_architecture' is clicked on

2020-02-07 12:29:58 - [TEST_STEP][PASSED] - Thread.sleep(500): null

2020-02-07 12:29:58 - [TEST_STEP][PASSED] - if (p > 1): null

2020-02-07 12:29:58 - [TEST_STEP][PASSED] - scrollToElement(findTestObject("Add video in placeholers/Video_img repository (videos, imgs and buttons)/div_photo-library/photo_library_" + n), 0): Scroll to object 'Object Repository/Add video in placeholers/Video_img repository (videos, imgs and buttons)/div_photo-library/photo_library_7' successfully

2020-02-07 12:29:58 - [MESSAGE][WARNING] - Timeout '0' is invalid. Using default page load timeout: '1'

2020-02-07 12:29:58 - [MESSAGE][PASSED] - Scroll to object 'Object Repository/Add video in placeholers/Video_img repository (videos, imgs and buttons)/div_photo-library/photo_library_7' successfully

2020-02-07 12:29:58 - [TEST_STEP][PASSED] - Thread.sleep(500): null

2020-02-07 12:29:59 - [TEST_STEP][PASSED] - focus(findTestObject("Add video in placeholers/Video_img repository (videos, imgs and buttons)/div_photo-library/photo_library_" + n)): Object: 'Object Repository/Add video in placeholers/Video_img repository (videos, imgs and buttons)/div_photo-library/photo_library_7' is focused

2020-02-07 12:29:59 - [MESSAGE][PASSED] - Object: 'Object Repository/Add video in placeholers/Video_img repository (videos, imgs and buttons)/div_photo-library/photo_library_7' is focused

2020-02-07 12:29:59 - [TEST_STEP][PASSED] - waitForElementVisible(findTestObject("Add video in placeholers/Video_img repository (videos, imgs and buttons)/photoButtons/photoButton_USE_v" + n), 5): Object 'Object Repository/Add video in placeholers/Video_img repository (videos, imgs and buttons)/photoButtons/photoButton_USE_v7' is visible

2020-02-07 12:29:59 - [MESSAGE][PASSED] - Object 'Object Repository/Add video in placeholers/Video_img repository (videos, imgs and buttons)/photoButtons/photoButton_USE_v7' is visible

2020-02-07 12:29:59 - [TEST_STEP][PASSED] - click(findTestObject("Add video in placeholers/Video_img repository (videos, imgs and buttons)/photoButtons/photoButton_USE_v" + n)): Object: 'Object Repository/Add video in placeholers/Video_img repository (videos, imgs and buttons)/photoButtons/photoButton_USE_v7' is clicked on

2020-02-07 12:30:00 - [MESSAGE][PASSED] - Object: 'Object Repository/Add video in placeholers/Video_img repository (videos, imgs and buttons)/photoButtons/photoButton_USE_v7' is clicked on

2020-02-07 12:30:00 - [TEST_STEP][PASSED] - verifyElementInViewport(findTestObject("Add video in placeholers/Video_img repository (videos, imgs and buttons)/div_Continue"), 5): Object 'Object Repository/Add video in placeholers/Video_img repository (videos, imgs and buttons)/div_Continue' is present and visible in viewport

2020-02-07 12:30:00 - [MESSAGE][PASSED] - Object 'Object Repository/Add video in placeholers/Video_img repository (videos, imgs and buttons)/div_Continue' is present and visible in viewport

2020-02-07 12:30:00 - [TEST_STEP][PASSED] - delay(3): Delayed 3 second(s)

2020-02-07 12:30:03 - [MESSAGE][PASSED] - Delayed 3 second(s)

2020-02-07 12:30:03 - [TEST_STEP][PASSED] - click(findTestObject("Add video in placeholers/Video_img repository (videos, imgs and buttons)/div_Continue")): Object: 'Object Repository/Add video in placeholers/Video_img repository (videos, imgs and buttons)/div_Continue' is clicked on

2020-02-07 12:30:03 - [MESSAGE][PASSED] - Object: 'Object Repository/Add video in placeholers/Video_img repository (videos, imgs and buttons)/div_Continue' is clicked on

2020-02-07 12:30:03 - [TEST_STEP][PASSED] - delay(2): Delayed 2 second(s)

2020-02-07 12:30:05 - [MESSAGE][PASSED] - Delayed 2 second(s)

2020-02-07 12:30:05 - [TEST_STEP][PASSED] - if (n == 12): null

2020-02-07 12:30:05 - [TEST_STEP][FAILED] - if (verifyElementInViewport(findTestObject("Add video in placeholers/Video_img repository (videos, imgs and buttons)/a_closeVideoAdding"), 1) == true): Object 'Object Repository/Add video in placeholers/Video_img repository (videos, imgs and buttons)/a_closeVideoAdding' is present but is not visible in viewport (Root cause: com.kms.katalon.core.exception.StepFailedException: Object 'Object Repository/Add video in placeholers/Video_img repository (videos, imgs and buttons)/a_closeVideoAdding' is present but is not visible in viewport
	at com.kms.katalon.core.webui.keyword.internal.WebUIKeywordMain.stepFailed(WebUIKeywordMain.groovy:64)
	at com.kms.katalon.core.webui.keyword.builtin.VerifyElementVisibleInViewportKeyword$_verifyElementVisibleInViewport_closure1.doCall(VerifyElementVisibleInViewportKeyword.groovy:79)
	at com.kms.katalon.core.webui.keyword.builtin.VerifyElementVisibleInViewportKeyword$_verifyElementVisibleInViewport_closure1.call(VerifyElementVisibleInViewportKeyword.groovy)
	at com.kms.katalon.core.webui.keyword.internal.WebUIKeywordMain.runKeyword(WebUIKeywordMain.groovy:20)
	at com.kms.katalon.core.webui.keyword.builtin.VerifyElementVisibleInViewportKeyword.verifyElementVisibleInViewport(VerifyElementVisibleInViewportKeyword.groovy:86)
	at com.kms.katalon.core.webui.keyword.builtin.VerifyElementVisibleInViewportKeyword.execute(VerifyElementVisibleInViewportKeyword.groovy:68)
	at com.kms.katalon.core.keyword.internal.KeywordExecutor.executeKeywordForPlatform(KeywordExecutor.groovy:72)
	at com.kms.katalon.core.webui.keyword.WebUiBuiltInKeywords.verifyElementInViewport(WebUiBuiltInKeywords.groovy:3039)
	at com.kms.katalon.core.webui.keyword.WebUiBuiltInKeywords$verifyElementInViewport$14.call(Unknown Source)
	at Adding photo in placeholders (double cycle) Architecture.run(Adding photo in placeholders (double cycle) Architecture:78)
	at com.kms.katalon.core.main.ScriptEngine.run(ScriptEngine.java:194)
	at com.kms.katalon.core.main.ScriptEngine.runScriptAsRawText(ScriptEngine.java:119)
	at com.kms.katalon.core.main.TestCaseExecutor.runScript(TestCaseExecutor.java:337)
	at com.kms.katalon.core.main.TestCaseExecutor.doExecute(TestCaseExecutor.java:328)
	at com.kms.katalon.core.main.TestCaseExecutor.processExecutionPhase(TestCaseExecutor.java:307)
	at com.kms.katalon.core.main.TestCaseExecutor.accessMainPhase(TestCaseExecutor.java:299)
	at com.kms.katalon.core.main.TestCaseExecutor.execute(TestCaseExecutor.java:233)
	at com.kms.katalon.core.main.TestSuiteExecutor.accessTestCaseMainPhase(TestSuiteExecutor.java:169)
	at com.kms.katalon.core.main.TestSuiteExecutor.accessTestSuiteMainPhase(TestSuiteExecutor.java:142)
	at com.kms.katalon.core.main.TestSuiteExecutor.execute(TestSuiteExecutor.java:91)
	at com.kms.katalon.core.main.TestCaseMain.startTestSuite(TestCaseMain.java:157)
	at com.kms.katalon.core.main.TestCaseMain$startTestSuite$0.call(Unknown Source)
	at TempTestSuite1581071026566.run(TempTestSuite1581071026566.groovy:36)
)

2020-02-07 12:30:05 - [MESSAGE][FAILED] - Object 'Object Repository/Add video in placeholers/Video_img repository (videos, imgs and buttons)/a_closeVideoAdding' is present but is not visible in viewport (Root cause: com.kms.katalon.core.exception.StepFailedException: Object 'Object Repository/Add video in placeholers/Video_img repository (videos, imgs and buttons)/a_closeVideoAdding' is present but is not visible in viewport
	at com.kms.katalon.core.webui.keyword.internal.WebUIKeywordMain.stepFailed(WebUIKeywordMain.groovy:64)
	at com.kms.katalon.core.webui.keyword.builtin.VerifyElementVisibleInViewportKeyword$_verifyElementVisibleInViewport_closure1.doCall(VerifyElementVisibleInViewportKeyword.groovy:79)
	at com.kms.katalon.core.webui.keyword.builtin.VerifyElementVisibleInViewportKeyword$_verifyElementVisibleInViewport_closure1.call(VerifyElementVisibleInViewportKeyword.groovy)
	at com.kms.katalon.core.webui.keyword.internal.WebUIKeywordMain.runKeyword(WebUIKeywordMain.groovy:20)
	at com.kms.katalon.core.webui.keyword.builtin.VerifyElementVisibleInViewportKeyword.verifyElementVisibleInViewport(VerifyElementVisibleInViewportKeyword.groovy:86)
	at com.kms.katalon.core.webui.keyword.builtin.VerifyElementVisibleInViewportKeyword.execute(VerifyElementVisibleInViewportKeyword.groovy:68)
	at com.kms.katalon.core.keyword.internal.KeywordExecutor.executeKeywordForPlatform(KeywordExecutor.groovy:72)
	at com.kms.katalon.core.webui.keyword.WebUiBuiltInKeywords.verifyElementInViewport(WebUiBuiltInKeywords.groovy:3039)
	at com.kms.katalon.core.webui.keyword.WebUiBuiltInKeywords$verifyElementInViewport$14.call(Unknown Source)
	at Adding photo in placeholders (double cycle) Architecture.run(Adding photo in placeholders (double cycle) Architecture:78)
	at com.kms.katalon.core.main.ScriptEngine.run(ScriptEngine.java:194)
	at com.kms.katalon.core.main.ScriptEngine.runScriptAsRawText(ScriptEngine.java:119)
	at com.kms.katalon.core.main.TestCaseExecutor.runScript(TestCaseExecutor.java:337)
	at com.kms.katalon.core.main.TestCaseExecutor.doExecute(TestCaseExecutor.java:328)
	at com.kms.katalon.core.main.TestCaseExecutor.processExecutionPhase(TestCaseExecutor.java:307)
	at com.kms.katalon.core.main.TestCaseExecutor.accessMainPhase(TestCaseExecutor.java:299)
	at com.kms.katalon.core.main.TestCaseExecutor.execute(TestCaseExecutor.java:233)
	at com.kms.katalon.core.main.TestSuiteExecutor.accessTestCaseMainPhase(TestSuiteExecutor.java:169)
	at com.kms.katalon.core.main.TestSuiteExecutor.accessTestSuiteMainPhase(TestSuiteExecutor.java:142)
	at com.kms.katalon.core.main.TestSuiteExecutor.execute(TestSuiteExecutor.java:91)
	at com.kms.katalon.core.main.TestCaseMain.startTestSuite(TestCaseMain.java:157)
	at com.kms.katalon.core.main.TestCaseMain$startTestSuite$0.call(Unknown Source)
	at TempTestSuite1581071026566.run(TempTestSuite1581071026566.groovy:36)
)

2020-02-07 12:30:05 - [TEST_STEP][FAILED] - if (verifyElementInViewport(findTestObject("Add video in placeholers/Placeholders/div_Add media here_" + j), 0) == true): Object 'Object Repository/Add video in placeholers/Placeholders/div_Add media here_4' is not present (Root cause: com.kms.katalon.core.exception.StepFailedException: Object 'Object Repository/Add video in placeholers/Placeholders/div_Add media here_4' is not present
	at com.kms.katalon.core.webui.keyword.internal.WebUIKeywordMain.stepFailed(WebUIKeywordMain.groovy:64)
	at com.kms.katalon.core.webui.keyword.builtin.VerifyElementVisibleInViewportKeyword$_verifyElementVisibleInViewport_closure1.doCall(VerifyElementVisibleInViewportKeyword.groovy:83)
	at com.kms.katalon.core.webui.keyword.builtin.VerifyElementVisibleInViewportKeyword$_verifyElementVisibleInViewport_closure1.call(VerifyElementVisibleInViewportKeyword.groovy)
	at com.kms.katalon.core.webui.keyword.internal.WebUIKeywordMain.runKeyword(WebUIKeywordMain.groovy:20)
	at com.kms.katalon.core.webui.keyword.builtin.VerifyElementVisibleInViewportKeyword.verifyElementVisibleInViewport(VerifyElementVisibleInViewportKeyword.groovy:86)
	at com.kms.katalon.core.webui.keyword.builtin.VerifyElementVisibleInViewportKeyword.execute(VerifyElementVisibleInViewportKeyword.groovy:68)
	at com.kms.katalon.core.keyword.internal.KeywordExecutor.executeKeywordForPlatform(KeywordExecutor.groovy:72)
	at com.kms.katalon.core.webui.keyword.WebUiBuiltInKeywords.verifyElementInViewport(WebUiBuiltInKeywords.groovy:3039)
	at com.kms.katalon.core.webui.keyword.WebUiBuiltInKeywords$verifyElementInViewport$14.call(Unknown Source)
	at Adding photo in placeholders (double cycle) Architecture.run(Adding photo in placeholders (double cycle) Architecture:26)
	at com.kms.katalon.core.main.ScriptEngine.run(ScriptEngine.java:194)
	at com.kms.katalon.core.main.ScriptEngine.runScriptAsRawText(ScriptEngine.java:119)
	at com.kms.katalon.core.main.TestCaseExecutor.runScript(TestCaseExecutor.java:337)
	at com.kms.katalon.core.main.TestCaseExecutor.doExecute(TestCaseExecutor.java:328)
	at com.kms.katalon.core.main.TestCaseExecutor.processExecutionPhase(TestCaseExecutor.java:307)
	at com.kms.katalon.core.main.TestCaseExecutor.accessMainPhase(TestCaseExecutor.java:299)
	at com.kms.katalon.core.main.TestCaseExecutor.execute(TestCaseExecutor.java:233)
	at com.kms.katalon.core.main.TestSuiteExecutor.accessTestCaseMainPhase(TestSuiteExecutor.java:169)
	at com.kms.katalon.core.main.TestSuiteExecutor.accessTestSuiteMainPhase(TestSuiteExecutor.java:142)
	at com.kms.katalon.core.main.TestSuiteExecutor.execute(TestSuiteExecutor.java:91)
	at com.kms.katalon.core.main.TestCaseMain.startTestSuite(TestCaseMain.java:157)
	at com.kms.katalon.core.main.TestCaseMain$startTestSuite$0.call(Unknown Source)
	at TempTestSuite1581071026566.run(TempTestSuite1581071026566.groovy:36)
)

2020-02-07 12:30:05 - [MESSAGE][WARNING] - Timeout '0' is invalid. Using default page load timeout: '1'

2020-02-07 12:30:07 - [MESSAGE][INFO] - Unable to find the element located by 'By.xpath: //div[@class = 'current-slide active-slide']//*[@data-vidpk][4]'. Please recheck the objects properties to make sure the desired element is located. 

2020-02-07 12:30:07 - [MESSAGE][FAILED] - Object 'Object Repository/Add video in placeholers/Placeholders/div_Add media here_4' is not present (Root cause: com.kms.katalon.core.exception.StepFailedException: Object 'Object Repository/Add video in placeholers/Placeholders/div_Add media here_4' is not present
	at com.kms.katalon.core.webui.keyword.internal.WebUIKeywordMain.stepFailed(WebUIKeywordMain.groovy:64)
	at com.kms.katalon.core.webui.keyword.builtin.VerifyElementVisibleInViewportKeyword$_verifyElementVisibleInViewport_closure1.doCall(VerifyElementVisibleInViewportKeyword.groovy:83)
	at com.kms.katalon.core.webui.keyword.builtin.VerifyElementVisibleInViewportKeyword$_verifyElementVisibleInViewport_closure1.call(VerifyElementVisibleInViewportKeyword.groovy)
	at com.kms.katalon.core.webui.keyword.internal.WebUIKeywordMain.runKeyword(WebUIKeywordMain.groovy:20)
	at com.kms.katalon.core.webui.keyword.builtin.VerifyElementVisibleInViewportKeyword.verifyElementVisibleInViewport(VerifyElementVisibleInViewportKeyword.groovy:86)
	at com.kms.katalon.core.webui.keyword.builtin.VerifyElementVisibleInViewportKeyword.execute(VerifyElementVisibleInViewportKeyword.groovy:68)
	at com.kms.katalon.core.keyword.internal.KeywordExecutor.executeKeywordForPlatform(KeywordExecutor.groovy:72)
	at com.kms.katalon.core.webui.keyword.WebUiBuiltInKeywords.verifyElementInViewport(WebUiBuiltInKeywords.groovy:3039)
	at com.kms.katalon.core.webui.keyword.WebUiBuiltInKeywords$verifyElementInViewport$14.call(Unknown Source)
	at Adding photo in placeholders (double cycle) Architecture.run(Adding photo in placeholders (double cycle) Architecture:26)
	at com.kms.katalon.core.main.ScriptEngine.run(ScriptEngine.java:194)
	at com.kms.katalon.core.main.ScriptEngine.runScriptAsRawText(ScriptEngine.java:119)
	at com.kms.katalon.core.main.TestCaseExecutor.runScript(TestCaseExecutor.java:337)
	at com.kms.katalon.core.main.TestCaseExecutor.doExecute(TestCaseExecutor.java:328)
	at com.kms.katalon.core.main.TestCaseExecutor.processExecutionPhase(TestCaseExecutor.java:307)
	at com.kms.katalon.core.main.TestCaseExecutor.accessMainPhase(TestCaseExecutor.java:299)
	at com.kms.katalon.core.main.TestCaseExecutor.execute(TestCaseExecutor.java:233)
	at com.kms.katalon.core.main.TestSuiteExecutor.accessTestCaseMainPhase(TestSuiteExecutor.java:169)
	at com.kms.katalon.core.main.TestSuiteExecutor.accessTestSuiteMainPhase(TestSuiteExecutor.java:142)
	at com.kms.katalon.core.main.TestSuiteExecutor.execute(TestSuiteExecutor.java:91)
	at com.kms.katalon.core.main.TestCaseMain.startTestSuite(TestCaseMain.java:157)
	at com.kms.katalon.core.main.TestCaseMain$startTestSuite$0.call(Unknown Source)
	at TempTestSuite1581071026566.run(TempTestSuite1581071026566.groovy:36)
)

2020-02-07 12:30:07 - [TEST_STEP][PASSED] - else: null

2020-02-07 12:30:07 - [TEST_STEP][PASSED] - break: null

2020-02-07 12:30:07 - [TEST_STEP][PASSED] - if (verifyElementPresent(findTestObject("Page_Reevio Video Maker/Editor_Scene_" + i), 0) == true): null

2020-02-07 12:30:07 - [MESSAGE][WARNING] - Timeout '0' is invalid. Using default page load timeout: '1'

2020-02-07 12:30:07 - [MESSAGE][PASSED] - Object 'Object Repository/Page_Reevio Video Maker/Editor_Scene_7' is present

2020-02-07 12:30:07 - [TEST_STEP][PASSED] - doubleClick(findTestObject("Page_Reevio Video Maker/Editor_Scene_" + i)): Object: 'Object Repository/Page_Reevio Video Maker/Editor_Scene_7' is double clicked on

2020-02-07 12:30:07 - [MESSAGE][PASSED] - Object: 'Object Repository/Page_Reevio Video Maker/Editor_Scene_7' is double clicked on

2020-02-07 12:30:07 - [TEST_STEP][FAILED] - for ([j = 1, j < 7, (j++)]): null

2020-02-07 12:30:07 - [TEST_STEP][FAILED] - if (verifyElementInViewport(findTestObject("Add video in placeholers/Placeholders/div_Add media here_" + j), 0) == true): Object 'Object Repository/Add video in placeholers/Placeholders/div_Add media here_1' is not present (Root cause: com.kms.katalon.core.exception.StepFailedException: Object 'Object Repository/Add video in placeholers/Placeholders/div_Add media here_1' is not present
	at com.kms.katalon.core.webui.keyword.internal.WebUIKeywordMain.stepFailed(WebUIKeywordMain.groovy:64)
	at com.kms.katalon.core.webui.keyword.builtin.VerifyElementVisibleInViewportKeyword$_verifyElementVisibleInViewport_closure1.doCall(VerifyElementVisibleInViewportKeyword.groovy:83)
	at com.kms.katalon.core.webui.keyword.builtin.VerifyElementVisibleInViewportKeyword$_verifyElementVisibleInViewport_closure1.call(VerifyElementVisibleInViewportKeyword.groovy)
	at com.kms.katalon.core.webui.keyword.internal.WebUIKeywordMain.runKeyword(WebUIKeywordMain.groovy:20)
	at com.kms.katalon.core.webui.keyword.builtin.VerifyElementVisibleInViewportKeyword.verifyElementVisibleInViewport(VerifyElementVisibleInViewportKeyword.groovy:86)
	at com.kms.katalon.core.webui.keyword.builtin.VerifyElementVisibleInViewportKeyword.execute(VerifyElementVisibleInViewportKeyword.groovy:68)
	at com.kms.katalon.core.keyword.internal.KeywordExecutor.executeKeywordForPlatform(KeywordExecutor.groovy:72)
	at com.kms.katalon.core.webui.keyword.WebUiBuiltInKeywords.verifyElementInViewport(WebUiBuiltInKeywords.groovy:3039)
	at com.kms.katalon.core.webui.keyword.WebUiBuiltInKeywords$verifyElementInViewport$14.call(Unknown Source)
	at Adding photo in placeholders (double cycle) Architecture.run(Adding photo in placeholders (double cycle) Architecture:26)
	at com.kms.katalon.core.main.ScriptEngine.run(ScriptEngine.java:194)
	at com.kms.katalon.core.main.ScriptEngine.runScriptAsRawText(ScriptEngine.java:119)
	at com.kms.katalon.core.main.TestCaseExecutor.runScript(TestCaseExecutor.java:337)
	at com.kms.katalon.core.main.TestCaseExecutor.doExecute(TestCaseExecutor.java:328)
	at com.kms.katalon.core.main.TestCaseExecutor.processExecutionPhase(TestCaseExecutor.java:307)
	at com.kms.katalon.core.main.TestCaseExecutor.accessMainPhase(TestCaseExecutor.java:299)
	at com.kms.katalon.core.main.TestCaseExecutor.execute(TestCaseExecutor.java:233)
	at com.kms.katalon.core.main.TestSuiteExecutor.accessTestCaseMainPhase(TestSuiteExecutor.java:169)
	at com.kms.katalon.core.main.TestSuiteExecutor.accessTestSuiteMainPhase(TestSuiteExecutor.java:142)
	at com.kms.katalon.core.main.TestSuiteExecutor.execute(TestSuiteExecutor.java:91)
	at com.kms.katalon.core.main.TestCaseMain.startTestSuite(TestCaseMain.java:157)
	at com.kms.katalon.core.main.TestCaseMain$startTestSuite$0.call(Unknown Source)
	at TempTestSuite1581071026566.run(TempTestSuite1581071026566.groovy:36)
)

2020-02-07 12:30:07 - [MESSAGE][WARNING] - Timeout '0' is invalid. Using default page load timeout: '1'

2020-02-07 12:30:08 - [MESSAGE][INFO] - Unable to find the element located by 'By.xpath: //div[@class = 'current-slide active-slide']//*[@data-vidpk][1]'. Please recheck the objects properties to make sure the desired element is located. 

2020-02-07 12:30:08 - [MESSAGE][FAILED] - Object 'Object Repository/Add video in placeholers/Placeholders/div_Add media here_1' is not present (Root cause: com.kms.katalon.core.exception.StepFailedException: Object 'Object Repository/Add video in placeholers/Placeholders/div_Add media here_1' is not present
	at com.kms.katalon.core.webui.keyword.internal.WebUIKeywordMain.stepFailed(WebUIKeywordMain.groovy:64)
	at com.kms.katalon.core.webui.keyword.builtin.VerifyElementVisibleInViewportKeyword$_verifyElementVisibleInViewport_closure1.doCall(VerifyElementVisibleInViewportKeyword.groovy:83)
	at com.kms.katalon.core.webui.keyword.builtin.VerifyElementVisibleInViewportKeyword$_verifyElementVisibleInViewport_closure1.call(VerifyElementVisibleInViewportKeyword.groovy)
	at com.kms.katalon.core.webui.keyword.internal.WebUIKeywordMain.runKeyword(WebUIKeywordMain.groovy:20)
	at com.kms.katalon.core.webui.keyword.builtin.VerifyElementVisibleInViewportKeyword.verifyElementVisibleInViewport(VerifyElementVisibleInViewportKeyword.groovy:86)
	at com.kms.katalon.core.webui.keyword.builtin.VerifyElementVisibleInViewportKeyword.execute(VerifyElementVisibleInViewportKeyword.groovy:68)
	at com.kms.katalon.core.keyword.internal.KeywordExecutor.executeKeywordForPlatform(KeywordExecutor.groovy:72)
	at com.kms.katalon.core.webui.keyword.WebUiBuiltInKeywords.verifyElementInViewport(WebUiBuiltInKeywords.groovy:3039)
	at com.kms.katalon.core.webui.keyword.WebUiBuiltInKeywords$verifyElementInViewport$14.call(Unknown Source)
	at Adding photo in placeholders (double cycle) Architecture.run(Adding photo in placeholders (double cycle) Architecture:26)
	at com.kms.katalon.core.main.ScriptEngine.run(ScriptEngine.java:194)
	at com.kms.katalon.core.main.ScriptEngine.runScriptAsRawText(ScriptEngine.java:119)
	at com.kms.katalon.core.main.TestCaseExecutor.runScript(TestCaseExecutor.java:337)
	at com.kms.katalon.core.main.TestCaseExecutor.doExecute(TestCaseExecutor.java:328)
	at com.kms.katalon.core.main.TestCaseExecutor.processExecutionPhase(TestCaseExecutor.java:307)
	at com.kms.katalon.core.main.TestCaseExecutor.accessMainPhase(TestCaseExecutor.java:299)
	at com.kms.katalon.core.main.TestCaseExecutor.execute(TestCaseExecutor.java:233)
	at com.kms.katalon.core.main.TestSuiteExecutor.accessTestCaseMainPhase(TestSuiteExecutor.java:169)
	at com.kms.katalon.core.main.TestSuiteExecutor.accessTestSuiteMainPhase(TestSuiteExecutor.java:142)
	at com.kms.katalon.core.main.TestSuiteExecutor.execute(TestSuiteExecutor.java:91)
	at com.kms.katalon.core.main.TestCaseMain.startTestSuite(TestCaseMain.java:157)
	at com.kms.katalon.core.main.TestCaseMain$startTestSuite$0.call(Unknown Source)
	at TempTestSuite1581071026566.run(TempTestSuite1581071026566.groovy:36)
)

2020-02-07 12:30:08 - [TEST_STEP][PASSED] - else: null

2020-02-07 12:30:08 - [TEST_STEP][PASSED] - break: null

2020-02-07 12:30:08 - [TEST_STEP][PASSED] - if (verifyElementPresent(findTestObject("Page_Reevio Video Maker/Editor_Scene_" + i), 0) == true): null

2020-02-07 12:30:08 - [MESSAGE][WARNING] - Timeout '0' is invalid. Using default page load timeout: '1'

2020-02-07 12:30:08 - [MESSAGE][PASSED] - Object 'Object Repository/Page_Reevio Video Maker/Editor_Scene_8' is present

2020-02-07 12:30:08 - [TEST_STEP][PASSED] - doubleClick(findTestObject("Page_Reevio Video Maker/Editor_Scene_" + i)): Object: 'Object Repository/Page_Reevio Video Maker/Editor_Scene_8' is double clicked on

2020-02-07 12:30:09 - [MESSAGE][PASSED] - Object: 'Object Repository/Page_Reevio Video Maker/Editor_Scene_8' is double clicked on

2020-02-07 12:30:09 - [TEST_STEP][FAILED] - for ([j = 1, j < 7, (j++)]): null

2020-02-07 12:30:09 - [TEST_STEP][PASSED] - if (verifyElementInViewport(findTestObject("Add video in placeholers/Placeholders/div_Add media here_" + j), 0) == true): null

2020-02-07 12:30:09 - [MESSAGE][WARNING] - Timeout '0' is invalid. Using default page load timeout: '1'

2020-02-07 12:30:09 - [MESSAGE][PASSED] - Object 'Object Repository/Add video in placeholers/Placeholders/div_Add media here_1' is present and visible in viewport

2020-02-07 12:30:09 - [TEST_STEP][PASSED] - n = n + 1: null

2020-02-07 12:30:09 - [TEST_STEP][PASSED] - click(findTestObject("Add video in placeholers/Placeholders/div_Add media here_" + j)): Object: 'Object Repository/Add video in placeholers/Placeholders/div_Add media here_1' is clicked on

2020-02-07 12:30:09 - [MESSAGE][PASSED] - Object: 'Object Repository/Add video in placeholers/Placeholders/div_Add media here_1' is clicked on

2020-02-07 12:30:09 - [TEST_STEP][PASSED] - waitForPageLoad(5): Wait for page load successfully

2020-02-07 12:30:09 - [MESSAGE][PASSED] - Wait for page load successfully

2020-02-07 12:30:09 - [TEST_STEP][PASSED] - click(findTestObject("Add video in placeholers/Video_img repository (videos, imgs and buttons)/a_resetAllCategorisInLibrary")): Object: 'Object Repository/Add video in placeholers/Video_img repository (videos, imgs and buttons)/a_resetAllCategorisInLibrary' is clicked on

2020-02-07 12:30:09 - [MESSAGE][PASSED] - Object: 'Object Repository/Add video in placeholers/Video_img repository (videos, imgs and buttons)/a_resetAllCategorisInLibrary' is clicked on

2020-02-07 12:30:09 - [TEST_STEP][PASSED] - Thread.sleep(500): null

2020-02-07 12:30:10 - [TEST_STEP][PASSED] - waitForElementVisible(findTestObject("Add video in placeholers/Video_img repository (videos, imgs and buttons)/label__for_img_architecture"), 5): Object 'Object Repository/Add video in placeholers/Video_img repository (videos, imgs and buttons)/label__for_img_architecture' is visible

2020-02-07 12:30:10 - [MESSAGE][PASSED] - Object 'Object Repository/Add video in placeholers/Video_img repository (videos, imgs and buttons)/label__for_img_architecture' is visible

2020-02-07 12:30:10 - [TEST_STEP][PASSED] - click(findTestObject("Add video in placeholers/Video_img repository (videos, imgs and buttons)/label__for_img_architecture")): Object: 'Object Repository/Add video in placeholers/Video_img repository (videos, imgs and buttons)/label__for_img_architecture' is clicked on

2020-02-07 12:30:10 - [MESSAGE][PASSED] - Object: 'Object Repository/Add video in placeholers/Video_img repository (videos, imgs and buttons)/label__for_img_architecture' is clicked on

2020-02-07 12:30:10 - [TEST_STEP][PASSED] - Thread.sleep(500): null

2020-02-07 12:30:11 - [TEST_STEP][PASSED] - if (p > 1): null

2020-02-07 12:30:11 - [TEST_STEP][PASSED] - scrollToElement(findTestObject("Add video in placeholers/Video_img repository (videos, imgs and buttons)/div_photo-library/photo_library_" + n), 0): Scroll to object 'Object Repository/Add video in placeholers/Video_img repository (videos, imgs and buttons)/div_photo-library/photo_library_8' successfully

2020-02-07 12:30:11 - [MESSAGE][WARNING] - Timeout '0' is invalid. Using default page load timeout: '1'

2020-02-07 12:30:11 - [MESSAGE][PASSED] - Scroll to object 'Object Repository/Add video in placeholers/Video_img repository (videos, imgs and buttons)/div_photo-library/photo_library_8' successfully

2020-02-07 12:30:11 - [TEST_STEP][PASSED] - Thread.sleep(500): null

2020-02-07 12:30:11 - [TEST_STEP][PASSED] - focus(findTestObject("Add video in placeholers/Video_img repository (videos, imgs and buttons)/div_photo-library/photo_library_" + n)): Object: 'Object Repository/Add video in placeholers/Video_img repository (videos, imgs and buttons)/div_photo-library/photo_library_8' is focused

2020-02-07 12:30:11 - [MESSAGE][PASSED] - Object: 'Object Repository/Add video in placeholers/Video_img repository (videos, imgs and buttons)/div_photo-library/photo_library_8' is focused

2020-02-07 12:30:11 - [TEST_STEP][PASSED] - waitForElementVisible(findTestObject("Add video in placeholers/Video_img repository (videos, imgs and buttons)/photoButtons/photoButton_USE_v" + n), 5): Object 'Object Repository/Add video in placeholers/Video_img repository (videos, imgs and buttons)/photoButtons/photoButton_USE_v8' is visible

2020-02-07 12:30:12 - [MESSAGE][PASSED] - Object 'Object Repository/Add video in placeholers/Video_img repository (videos, imgs and buttons)/photoButtons/photoButton_USE_v8' is visible

2020-02-07 12:30:12 - [TEST_STEP][PASSED] - click(findTestObject("Add video in placeholers/Video_img repository (videos, imgs and buttons)/photoButtons/photoButton_USE_v" + n)): Object: 'Object Repository/Add video in placeholers/Video_img repository (videos, imgs and buttons)/photoButtons/photoButton_USE_v8' is clicked on

2020-02-07 12:30:12 - [MESSAGE][PASSED] - Object: 'Object Repository/Add video in placeholers/Video_img repository (videos, imgs and buttons)/photoButtons/photoButton_USE_v8' is clicked on

2020-02-07 12:30:12 - [TEST_STEP][PASSED] - verifyElementInViewport(findTestObject("Add video in placeholers/Video_img repository (videos, imgs and buttons)/div_Continue"), 5): Object 'Object Repository/Add video in placeholers/Video_img repository (videos, imgs and buttons)/div_Continue' is present and visible in viewport

2020-02-07 12:30:12 - [MESSAGE][PASSED] - Object 'Object Repository/Add video in placeholers/Video_img repository (videos, imgs and buttons)/div_Continue' is present and visible in viewport

2020-02-07 12:30:12 - [TEST_STEP][PASSED] - delay(3): Delayed 3 second(s)

2020-02-07 12:30:15 - [MESSAGE][PASSED] - Delayed 3 second(s)

2020-02-07 12:30:15 - [TEST_STEP][PASSED] - click(findTestObject("Add video in placeholers/Video_img repository (videos, imgs and buttons)/div_Continue")): Object: 'Object Repository/Add video in placeholers/Video_img repository (videos, imgs and buttons)/div_Continue' is clicked on

2020-02-07 12:30:15 - [MESSAGE][PASSED] - Object: 'Object Repository/Add video in placeholers/Video_img repository (videos, imgs and buttons)/div_Continue' is clicked on

2020-02-07 12:30:15 - [TEST_STEP][PASSED] - delay(2): Delayed 2 second(s)

2020-02-07 12:30:17 - [MESSAGE][PASSED] - Delayed 2 second(s)

2020-02-07 12:30:17 - [TEST_STEP][PASSED] - if (n == 12): null

2020-02-07 12:30:17 - [TEST_STEP][FAILED] - if (verifyElementInViewport(findTestObject("Add video in placeholers/Video_img repository (videos, imgs and buttons)/a_closeVideoAdding"), 1) == true): Object 'Object Repository/Add video in placeholers/Video_img repository (videos, imgs and buttons)/a_closeVideoAdding' is present but is not visible in viewport (Root cause: com.kms.katalon.core.exception.StepFailedException: Object 'Object Repository/Add video in placeholers/Video_img repository (videos, imgs and buttons)/a_closeVideoAdding' is present but is not visible in viewport
	at com.kms.katalon.core.webui.keyword.internal.WebUIKeywordMain.stepFailed(WebUIKeywordMain.groovy:64)
	at com.kms.katalon.core.webui.keyword.builtin.VerifyElementVisibleInViewportKeyword$_verifyElementVisibleInViewport_closure1.doCall(VerifyElementVisibleInViewportKeyword.groovy:79)
	at com.kms.katalon.core.webui.keyword.builtin.VerifyElementVisibleInViewportKeyword$_verifyElementVisibleInViewport_closure1.call(VerifyElementVisibleInViewportKeyword.groovy)
	at com.kms.katalon.core.webui.keyword.internal.WebUIKeywordMain.runKeyword(WebUIKeywordMain.groovy:20)
	at com.kms.katalon.core.webui.keyword.builtin.VerifyElementVisibleInViewportKeyword.verifyElementVisibleInViewport(VerifyElementVisibleInViewportKeyword.groovy:86)
	at com.kms.katalon.core.webui.keyword.builtin.VerifyElementVisibleInViewportKeyword.execute(VerifyElementVisibleInViewportKeyword.groovy:68)
	at com.kms.katalon.core.keyword.internal.KeywordExecutor.executeKeywordForPlatform(KeywordExecutor.groovy:72)
	at com.kms.katalon.core.webui.keyword.WebUiBuiltInKeywords.verifyElementInViewport(WebUiBuiltInKeywords.groovy:3039)
	at com.kms.katalon.core.webui.keyword.WebUiBuiltInKeywords$verifyElementInViewport$14.call(Unknown Source)
	at Adding photo in placeholders (double cycle) Architecture.run(Adding photo in placeholders (double cycle) Architecture:78)
	at com.kms.katalon.core.main.ScriptEngine.run(ScriptEngine.java:194)
	at com.kms.katalon.core.main.ScriptEngine.runScriptAsRawText(ScriptEngine.java:119)
	at com.kms.katalon.core.main.TestCaseExecutor.runScript(TestCaseExecutor.java:337)
	at com.kms.katalon.core.main.TestCaseExecutor.doExecute(TestCaseExecutor.java:328)
	at com.kms.katalon.core.main.TestCaseExecutor.processExecutionPhase(TestCaseExecutor.java:307)
	at com.kms.katalon.core.main.TestCaseExecutor.accessMainPhase(TestCaseExecutor.java:299)
	at com.kms.katalon.core.main.TestCaseExecutor.execute(TestCaseExecutor.java:233)
	at com.kms.katalon.core.main.TestSuiteExecutor.accessTestCaseMainPhase(TestSuiteExecutor.java:169)
	at com.kms.katalon.core.main.TestSuiteExecutor.accessTestSuiteMainPhase(TestSuiteExecutor.java:142)
	at com.kms.katalon.core.main.TestSuiteExecutor.execute(TestSuiteExecutor.java:91)
	at com.kms.katalon.core.main.TestCaseMain.startTestSuite(TestCaseMain.java:157)
	at com.kms.katalon.core.main.TestCaseMain$startTestSuite$0.call(Unknown Source)
	at TempTestSuite1581071026566.run(TempTestSuite1581071026566.groovy:36)
)

2020-02-07 12:30:17 - [MESSAGE][FAILED] - Object 'Object Repository/Add video in placeholers/Video_img repository (videos, imgs and buttons)/a_closeVideoAdding' is present but is not visible in viewport (Root cause: com.kms.katalon.core.exception.StepFailedException: Object 'Object Repository/Add video in placeholers/Video_img repository (videos, imgs and buttons)/a_closeVideoAdding' is present but is not visible in viewport
	at com.kms.katalon.core.webui.keyword.internal.WebUIKeywordMain.stepFailed(WebUIKeywordMain.groovy:64)
	at com.kms.katalon.core.webui.keyword.builtin.VerifyElementVisibleInViewportKeyword$_verifyElementVisibleInViewport_closure1.doCall(VerifyElementVisibleInViewportKeyword.groovy:79)
	at com.kms.katalon.core.webui.keyword.builtin.VerifyElementVisibleInViewportKeyword$_verifyElementVisibleInViewport_closure1.call(VerifyElementVisibleInViewportKeyword.groovy)
	at com.kms.katalon.core.webui.keyword.internal.WebUIKeywordMain.runKeyword(WebUIKeywordMain.groovy:20)
	at com.kms.katalon.core.webui.keyword.builtin.VerifyElementVisibleInViewportKeyword.verifyElementVisibleInViewport(VerifyElementVisibleInViewportKeyword.groovy:86)
	at com.kms.katalon.core.webui.keyword.builtin.VerifyElementVisibleInViewportKeyword.execute(VerifyElementVisibleInViewportKeyword.groovy:68)
	at com.kms.katalon.core.keyword.internal.KeywordExecutor.executeKeywordForPlatform(KeywordExecutor.groovy:72)
	at com.kms.katalon.core.webui.keyword.WebUiBuiltInKeywords.verifyElementInViewport(WebUiBuiltInKeywords.groovy:3039)
	at com.kms.katalon.core.webui.keyword.WebUiBuiltInKeywords$verifyElementInViewport$14.call(Unknown Source)
	at Adding photo in placeholders (double cycle) Architecture.run(Adding photo in placeholders (double cycle) Architecture:78)
	at com.kms.katalon.core.main.ScriptEngine.run(ScriptEngine.java:194)
	at com.kms.katalon.core.main.ScriptEngine.runScriptAsRawText(ScriptEngine.java:119)
	at com.kms.katalon.core.main.TestCaseExecutor.runScript(TestCaseExecutor.java:337)
	at com.kms.katalon.core.main.TestCaseExecutor.doExecute(TestCaseExecutor.java:328)
	at com.kms.katalon.core.main.TestCaseExecutor.processExecutionPhase(TestCaseExecutor.java:307)
	at com.kms.katalon.core.main.TestCaseExecutor.accessMainPhase(TestCaseExecutor.java:299)
	at com.kms.katalon.core.main.TestCaseExecutor.execute(TestCaseExecutor.java:233)
	at com.kms.katalon.core.main.TestSuiteExecutor.accessTestCaseMainPhase(TestSuiteExecutor.java:169)
	at com.kms.katalon.core.main.TestSuiteExecutor.accessTestSuiteMainPhase(TestSuiteExecutor.java:142)
	at com.kms.katalon.core.main.TestSuiteExecutor.execute(TestSuiteExecutor.java:91)
	at com.kms.katalon.core.main.TestCaseMain.startTestSuite(TestCaseMain.java:157)
	at com.kms.katalon.core.main.TestCaseMain$startTestSuite$0.call(Unknown Source)
	at TempTestSuite1581071026566.run(TempTestSuite1581071026566.groovy:36)
)

2020-02-07 12:30:17 - [TEST_STEP][PASSED] - if (verifyElementInViewport(findTestObject("Add video in placeholers/Placeholders/div_Add media here_" + j), 0) == true): null

2020-02-07 12:30:17 - [MESSAGE][WARNING] - Timeout '0' is invalid. Using default page load timeout: '1'

2020-02-07 12:30:18 - [MESSAGE][PASSED] - Object 'Object Repository/Add video in placeholers/Placeholders/div_Add media here_2' is present and visible in viewport

2020-02-07 12:30:18 - [TEST_STEP][PASSED] - n = n + 1: null

2020-02-07 12:30:18 - [TEST_STEP][PASSED] - click(findTestObject("Add video in placeholers/Placeholders/div_Add media here_" + j)): Object: 'Object Repository/Add video in placeholers/Placeholders/div_Add media here_2' is clicked on

2020-02-07 12:30:18 - [MESSAGE][PASSED] - Object: 'Object Repository/Add video in placeholers/Placeholders/div_Add media here_2' is clicked on

2020-02-07 12:30:18 - [TEST_STEP][PASSED] - waitForPageLoad(5): Wait for page load successfully

2020-02-07 12:30:18 - [MESSAGE][PASSED] - Wait for page load successfully

2020-02-07 12:30:18 - [TEST_STEP][PASSED] - click(findTestObject("Add video in placeholers/Video_img repository (videos, imgs and buttons)/a_resetAllCategorisInLibrary")): Object: 'Object Repository/Add video in placeholers/Video_img repository (videos, imgs and buttons)/a_resetAllCategorisInLibrary' is clicked on

2020-02-07 12:30:18 - [MESSAGE][PASSED] - Object: 'Object Repository/Add video in placeholers/Video_img repository (videos, imgs and buttons)/a_resetAllCategorisInLibrary' is clicked on

2020-02-07 12:30:18 - [TEST_STEP][PASSED] - Thread.sleep(500): null

2020-02-07 12:30:19 - [TEST_STEP][PASSED] - waitForElementVisible(findTestObject("Add video in placeholers/Video_img repository (videos, imgs and buttons)/label__for_img_architecture"), 5): Object 'Object Repository/Add video in placeholers/Video_img repository (videos, imgs and buttons)/label__for_img_architecture' is visible

2020-02-07 12:30:19 - [MESSAGE][PASSED] - Object 'Object Repository/Add video in placeholers/Video_img repository (videos, imgs and buttons)/label__for_img_architecture' is visible

2020-02-07 12:30:19 - [TEST_STEP][PASSED] - click(findTestObject("Add video in placeholers/Video_img repository (videos, imgs and buttons)/label__for_img_architecture")): Object: 'Object Repository/Add video in placeholers/Video_img repository (videos, imgs and buttons)/label__for_img_architecture' is clicked on

2020-02-07 12:30:19 - [MESSAGE][PASSED] - Object: 'Object Repository/Add video in placeholers/Video_img repository (videos, imgs and buttons)/label__for_img_architecture' is clicked on

2020-02-07 12:30:19 - [TEST_STEP][PASSED] - Thread.sleep(500): null

2020-02-07 12:30:19 - [TEST_STEP][PASSED] - if (p > 1): null

2020-02-07 12:30:19 - [TEST_STEP][PASSED] - scrollToElement(findTestObject("Add video in placeholers/Video_img repository (videos, imgs and buttons)/div_photo-library/photo_library_" + n), 0): Scroll to object 'Object Repository/Add video in placeholers/Video_img repository (videos, imgs and buttons)/div_photo-library/photo_library_9' successfully

2020-02-07 12:30:19 - [MESSAGE][WARNING] - Timeout '0' is invalid. Using default page load timeout: '1'

2020-02-07 12:30:19 - [MESSAGE][PASSED] - Scroll to object 'Object Repository/Add video in placeholers/Video_img repository (videos, imgs and buttons)/div_photo-library/photo_library_9' successfully

2020-02-07 12:30:19 - [TEST_STEP][PASSED] - Thread.sleep(500): null

2020-02-07 12:30:20 - [TEST_STEP][PASSED] - focus(findTestObject("Add video in placeholers/Video_img repository (videos, imgs and buttons)/div_photo-library/photo_library_" + n)): Object: 'Object Repository/Add video in placeholers/Video_img repository (videos, imgs and buttons)/div_photo-library/photo_library_9' is focused

2020-02-07 12:30:20 - [MESSAGE][PASSED] - Object: 'Object Repository/Add video in placeholers/Video_img repository (videos, imgs and buttons)/div_photo-library/photo_library_9' is focused

2020-02-07 12:30:20 - [TEST_STEP][PASSED] - waitForElementVisible(findTestObject("Add video in placeholers/Video_img repository (videos, imgs and buttons)/photoButtons/photoButton_USE_v" + n), 5): Object 'Object Repository/Add video in placeholers/Video_img repository (videos, imgs and buttons)/photoButtons/photoButton_USE_v9' is visible

2020-02-07 12:30:20 - [MESSAGE][PASSED] - Object 'Object Repository/Add video in placeholers/Video_img repository (videos, imgs and buttons)/photoButtons/photoButton_USE_v9' is visible

2020-02-07 12:30:20 - [TEST_STEP][PASSED] - click(findTestObject("Add video in placeholers/Video_img repository (videos, imgs and buttons)/photoButtons/photoButton_USE_v" + n)): Object: 'Object Repository/Add video in placeholers/Video_img repository (videos, imgs and buttons)/photoButtons/photoButton_USE_v9' is clicked on

2020-02-07 12:30:21 - [MESSAGE][PASSED] - Object: 'Object Repository/Add video in placeholers/Video_img repository (videos, imgs and buttons)/photoButtons/photoButton_USE_v9' is clicked on

2020-02-07 12:30:21 - [TEST_STEP][FAILED] - verifyElementInViewport(findTestObject("Add video in placeholers/Video_img repository (videos, imgs and buttons)/div_Continue"), 5): Object 'Object Repository/Add video in placeholers/Video_img repository (videos, imgs and buttons)/div_Continue' is present but is not visible in viewport (Root cause: com.kms.katalon.core.exception.StepFailedException: Object 'Object Repository/Add video in placeholers/Video_img repository (videos, imgs and buttons)/div_Continue' is present but is not visible in viewport
	at com.kms.katalon.core.webui.keyword.internal.WebUIKeywordMain.stepFailed(WebUIKeywordMain.groovy:64)
	at com.kms.katalon.core.webui.keyword.builtin.VerifyElementVisibleInViewportKeyword$_verifyElementVisibleInViewport_closure1.doCall(VerifyElementVisibleInViewportKeyword.groovy:79)
	at com.kms.katalon.core.webui.keyword.builtin.VerifyElementVisibleInViewportKeyword$_verifyElementVisibleInViewport_closure1.call(VerifyElementVisibleInViewportKeyword.groovy)
	at com.kms.katalon.core.webui.keyword.internal.WebUIKeywordMain.runKeyword(WebUIKeywordMain.groovy:20)
	at com.kms.katalon.core.webui.keyword.builtin.VerifyElementVisibleInViewportKeyword.verifyElementVisibleInViewport(VerifyElementVisibleInViewportKeyword.groovy:86)
	at com.kms.katalon.core.webui.keyword.builtin.VerifyElementVisibleInViewportKeyword.execute(VerifyElementVisibleInViewportKeyword.groovy:68)
	at com.kms.katalon.core.keyword.internal.KeywordExecutor.executeKeywordForPlatform(KeywordExecutor.groovy:72)
	at com.kms.katalon.core.webui.keyword.WebUiBuiltInKeywords.verifyElementInViewport(WebUiBuiltInKeywords.groovy:3039)
	at com.kms.katalon.core.webui.keyword.WebUiBuiltInKeywords$verifyElementInViewport$14.call(Unknown Source)
	at Adding photo in placeholders (double cycle) Architecture.run(Adding photo in placeholders (double cycle) Architecture:64)
	at com.kms.katalon.core.main.ScriptEngine.run(ScriptEngine.java:194)
	at com.kms.katalon.core.main.ScriptEngine.runScriptAsRawText(ScriptEngine.java:119)
	at com.kms.katalon.core.main.TestCaseExecutor.runScript(TestCaseExecutor.java:337)
	at com.kms.katalon.core.main.TestCaseExecutor.doExecute(TestCaseExecutor.java:328)
	at com.kms.katalon.core.main.TestCaseExecutor.processExecutionPhase(TestCaseExecutor.java:307)
	at com.kms.katalon.core.main.TestCaseExecutor.accessMainPhase(TestCaseExecutor.java:299)
	at com.kms.katalon.core.main.TestCaseExecutor.execute(TestCaseExecutor.java:233)
	at com.kms.katalon.core.main.TestSuiteExecutor.accessTestCaseMainPhase(TestSuiteExecutor.java:169)
	at com.kms.katalon.core.main.TestSuiteExecutor.accessTestSuiteMainPhase(TestSuiteExecutor.java:142)
	at com.kms.katalon.core.main.TestSuiteExecutor.execute(TestSuiteExecutor.java:91)
	at com.kms.katalon.core.main.TestCaseMain.startTestSuite(TestCaseMain.java:157)
	at com.kms.katalon.core.main.TestCaseMain$startTestSuite$0.call(Unknown Source)
	at TempTestSuite1581071026566.run(TempTestSuite1581071026566.groovy:36)
)

2020-02-07 12:30:21 - [MESSAGE][FAILED] - Object 'Object Repository/Add video in placeholers/Video_img repository (videos, imgs and buttons)/div_Continue' is present but is not visible in viewport (Root cause: com.kms.katalon.core.exception.StepFailedException: Object 'Object Repository/Add video in placeholers/Video_img repository (videos, imgs and buttons)/div_Continue' is present but is not visible in viewport
	at com.kms.katalon.core.webui.keyword.internal.WebUIKeywordMain.stepFailed(WebUIKeywordMain.groovy:64)
	at com.kms.katalon.core.webui.keyword.builtin.VerifyElementVisibleInViewportKeyword$_verifyElementVisibleInViewport_closure1.doCall(VerifyElementVisibleInViewportKeyword.groovy:79)
	at com.kms.katalon.core.webui.keyword.builtin.VerifyElementVisibleInViewportKeyword$_verifyElementVisibleInViewport_closure1.call(VerifyElementVisibleInViewportKeyword.groovy)
	at com.kms.katalon.core.webui.keyword.internal.WebUIKeywordMain.runKeyword(WebUIKeywordMain.groovy:20)
	at com.kms.katalon.core.webui.keyword.builtin.VerifyElementVisibleInViewportKeyword.verifyElementVisibleInViewport(VerifyElementVisibleInViewportKeyword.groovy:86)
	at com.kms.katalon.core.webui.keyword.builtin.VerifyElementVisibleInViewportKeyword.execute(VerifyElementVisibleInViewportKeyword.groovy:68)
	at com.kms.katalon.core.keyword.internal.KeywordExecutor.executeKeywordForPlatform(KeywordExecutor.groovy:72)
	at com.kms.katalon.core.webui.keyword.WebUiBuiltInKeywords.verifyElementInViewport(WebUiBuiltInKeywords.groovy:3039)
	at com.kms.katalon.core.webui.keyword.WebUiBuiltInKeywords$verifyElementInViewport$14.call(Unknown Source)
	at Adding photo in placeholders (double cycle) Architecture.run(Adding photo in placeholders (double cycle) Architecture:64)
	at com.kms.katalon.core.main.ScriptEngine.run(ScriptEngine.java:194)
	at com.kms.katalon.core.main.ScriptEngine.runScriptAsRawText(ScriptEngine.java:119)
	at com.kms.katalon.core.main.TestCaseExecutor.runScript(TestCaseExecutor.java:337)
	at com.kms.katalon.core.main.TestCaseExecutor.doExecute(TestCaseExecutor.java:328)
	at com.kms.katalon.core.main.TestCaseExecutor.processExecutionPhase(TestCaseExecutor.java:307)
	at com.kms.katalon.core.main.TestCaseExecutor.accessMainPhase(TestCaseExecutor.java:299)
	at com.kms.katalon.core.main.TestCaseExecutor.execute(TestCaseExecutor.java:233)
	at com.kms.katalon.core.main.TestSuiteExecutor.accessTestCaseMainPhase(TestSuiteExecutor.java:169)
	at com.kms.katalon.core.main.TestSuiteExecutor.accessTestSuiteMainPhase(TestSuiteExecutor.java:142)
	at com.kms.katalon.core.main.TestSuiteExecutor.execute(TestSuiteExecutor.java:91)
	at com.kms.katalon.core.main.TestCaseMain.startTestSuite(TestCaseMain.java:157)
	at com.kms.katalon.core.main.TestCaseMain$startTestSuite$0.call(Unknown Source)
	at TempTestSuite1581071026566.run(TempTestSuite1581071026566.groovy:36)
)

2020-02-07 12:30:21 - [TEST_STEP][PASSED] - delay(3): Delayed 3 second(s)

2020-02-07 12:30:24 - [MESSAGE][PASSED] - Delayed 3 second(s)

2020-02-07 12:30:24 - [TEST_STEP][PASSED] - click(findTestObject("Add video in placeholers/Video_img repository (videos, imgs and buttons)/div_Continue")): Object: 'Object Repository/Add video in placeholers/Video_img repository (videos, imgs and buttons)/div_Continue' is clicked on

2020-02-07 12:30:24 - [MESSAGE][PASSED] - Object: 'Object Repository/Add video in placeholers/Video_img repository (videos, imgs and buttons)/div_Continue' is clicked on

2020-02-07 12:30:24 - [TEST_STEP][PASSED] - delay(2): Delayed 2 second(s)

2020-02-07 12:30:26 - [MESSAGE][PASSED] - Delayed 2 second(s)

2020-02-07 12:30:26 - [TEST_STEP][PASSED] - if (n == 12): null

2020-02-07 12:30:26 - [TEST_STEP][FAILED] - if (verifyElementInViewport(findTestObject("Add video in placeholers/Video_img repository (videos, imgs and buttons)/a_closeVideoAdding"), 1) == true): Object 'Object Repository/Add video in placeholers/Video_img repository (videos, imgs and buttons)/a_closeVideoAdding' is present but is not visible in viewport (Root cause: com.kms.katalon.core.exception.StepFailedException: Object 'Object Repository/Add video in placeholers/Video_img repository (videos, imgs and buttons)/a_closeVideoAdding' is present but is not visible in viewport
	at com.kms.katalon.core.webui.keyword.internal.WebUIKeywordMain.stepFailed(WebUIKeywordMain.groovy:64)
	at com.kms.katalon.core.webui.keyword.builtin.VerifyElementVisibleInViewportKeyword$_verifyElementVisibleInViewport_closure1.doCall(VerifyElementVisibleInViewportKeyword.groovy:79)
	at com.kms.katalon.core.webui.keyword.builtin.VerifyElementVisibleInViewportKeyword$_verifyElementVisibleInViewport_closure1.call(VerifyElementVisibleInViewportKeyword.groovy)
	at com.kms.katalon.core.webui.keyword.internal.WebUIKeywordMain.runKeyword(WebUIKeywordMain.groovy:20)
	at com.kms.katalon.core.webui.keyword.builtin.VerifyElementVisibleInViewportKeyword.verifyElementVisibleInViewport(VerifyElementVisibleInViewportKeyword.groovy:86)
	at com.kms.katalon.core.webui.keyword.builtin.VerifyElementVisibleInViewportKeyword.execute(VerifyElementVisibleInViewportKeyword.groovy:68)
	at com.kms.katalon.core.keyword.internal.KeywordExecutor.executeKeywordForPlatform(KeywordExecutor.groovy:72)
	at com.kms.katalon.core.webui.keyword.WebUiBuiltInKeywords.verifyElementInViewport(WebUiBuiltInKeywords.groovy:3039)
	at com.kms.katalon.core.webui.keyword.WebUiBuiltInKeywords$verifyElementInViewport$14.call(Unknown Source)
	at Adding photo in placeholders (double cycle) Architecture.run(Adding photo in placeholders (double cycle) Architecture:78)
	at com.kms.katalon.core.main.ScriptEngine.run(ScriptEngine.java:194)
	at com.kms.katalon.core.main.ScriptEngine.runScriptAsRawText(ScriptEngine.java:119)
	at com.kms.katalon.core.main.TestCaseExecutor.runScript(TestCaseExecutor.java:337)
	at com.kms.katalon.core.main.TestCaseExecutor.doExecute(TestCaseExecutor.java:328)
	at com.kms.katalon.core.main.TestCaseExecutor.processExecutionPhase(TestCaseExecutor.java:307)
	at com.kms.katalon.core.main.TestCaseExecutor.accessMainPhase(TestCaseExecutor.java:299)
	at com.kms.katalon.core.main.TestCaseExecutor.execute(TestCaseExecutor.java:233)
	at com.kms.katalon.core.main.TestSuiteExecutor.accessTestCaseMainPhase(TestSuiteExecutor.java:169)
	at com.kms.katalon.core.main.TestSuiteExecutor.accessTestSuiteMainPhase(TestSuiteExecutor.java:142)
	at com.kms.katalon.core.main.TestSuiteExecutor.execute(TestSuiteExecutor.java:91)
	at com.kms.katalon.core.main.TestCaseMain.startTestSuite(TestCaseMain.java:157)
	at com.kms.katalon.core.main.TestCaseMain$startTestSuite$0.call(Unknown Source)
	at TempTestSuite1581071026566.run(TempTestSuite1581071026566.groovy:36)
)

2020-02-07 12:30:26 - [MESSAGE][FAILED] - Object 'Object Repository/Add video in placeholers/Video_img repository (videos, imgs and buttons)/a_closeVideoAdding' is present but is not visible in viewport (Root cause: com.kms.katalon.core.exception.StepFailedException: Object 'Object Repository/Add video in placeholers/Video_img repository (videos, imgs and buttons)/a_closeVideoAdding' is present but is not visible in viewport
	at com.kms.katalon.core.webui.keyword.internal.WebUIKeywordMain.stepFailed(WebUIKeywordMain.groovy:64)
	at com.kms.katalon.core.webui.keyword.builtin.VerifyElementVisibleInViewportKeyword$_verifyElementVisibleInViewport_closure1.doCall(VerifyElementVisibleInViewportKeyword.groovy:79)
	at com.kms.katalon.core.webui.keyword.builtin.VerifyElementVisibleInViewportKeyword$_verifyElementVisibleInViewport_closure1.call(VerifyElementVisibleInViewportKeyword.groovy)
	at com.kms.katalon.core.webui.keyword.internal.WebUIKeywordMain.runKeyword(WebUIKeywordMain.groovy:20)
	at com.kms.katalon.core.webui.keyword.builtin.VerifyElementVisibleInViewportKeyword.verifyElementVisibleInViewport(VerifyElementVisibleInViewportKeyword.groovy:86)
	at com.kms.katalon.core.webui.keyword.builtin.VerifyElementVisibleInViewportKeyword.execute(VerifyElementVisibleInViewportKeyword.groovy:68)
	at com.kms.katalon.core.keyword.internal.KeywordExecutor.executeKeywordForPlatform(KeywordExecutor.groovy:72)
	at com.kms.katalon.core.webui.keyword.WebUiBuiltInKeywords.verifyElementInViewport(WebUiBuiltInKeywords.groovy:3039)
	at com.kms.katalon.core.webui.keyword.WebUiBuiltInKeywords$verifyElementInViewport$14.call(Unknown Source)
	at Adding photo in placeholders (double cycle) Architecture.run(Adding photo in placeholders (double cycle) Architecture:78)
	at com.kms.katalon.core.main.ScriptEngine.run(ScriptEngine.java:194)
	at com.kms.katalon.core.main.ScriptEngine.runScriptAsRawText(ScriptEngine.java:119)
	at com.kms.katalon.core.main.TestCaseExecutor.runScript(TestCaseExecutor.java:337)
	at com.kms.katalon.core.main.TestCaseExecutor.doExecute(TestCaseExecutor.java:328)
	at com.kms.katalon.core.main.TestCaseExecutor.processExecutionPhase(TestCaseExecutor.java:307)
	at com.kms.katalon.core.main.TestCaseExecutor.accessMainPhase(TestCaseExecutor.java:299)
	at com.kms.katalon.core.main.TestCaseExecutor.execute(TestCaseExecutor.java:233)
	at com.kms.katalon.core.main.TestSuiteExecutor.accessTestCaseMainPhase(TestSuiteExecutor.java:169)
	at com.kms.katalon.core.main.TestSuiteExecutor.accessTestSuiteMainPhase(TestSuiteExecutor.java:142)
	at com.kms.katalon.core.main.TestSuiteExecutor.execute(TestSuiteExecutor.java:91)
	at com.kms.katalon.core.main.TestCaseMain.startTestSuite(TestCaseMain.java:157)
	at com.kms.katalon.core.main.TestCaseMain$startTestSuite$0.call(Unknown Source)
	at TempTestSuite1581071026566.run(TempTestSuite1581071026566.groovy:36)
)

2020-02-07 12:30:26 - [TEST_STEP][FAILED] - if (verifyElementInViewport(findTestObject("Add video in placeholers/Placeholders/div_Add media here_" + j), 0) == true): Object 'Object Repository/Add video in placeholers/Placeholders/div_Add media here_3' is not present (Root cause: com.kms.katalon.core.exception.StepFailedException: Object 'Object Repository/Add video in placeholers/Placeholders/div_Add media here_3' is not present
	at com.kms.katalon.core.webui.keyword.internal.WebUIKeywordMain.stepFailed(WebUIKeywordMain.groovy:64)
	at com.kms.katalon.core.webui.keyword.builtin.VerifyElementVisibleInViewportKeyword$_verifyElementVisibleInViewport_closure1.doCall(VerifyElementVisibleInViewportKeyword.groovy:83)
	at com.kms.katalon.core.webui.keyword.builtin.VerifyElementVisibleInViewportKeyword$_verifyElementVisibleInViewport_closure1.call(VerifyElementVisibleInViewportKeyword.groovy)
	at com.kms.katalon.core.webui.keyword.internal.WebUIKeywordMain.runKeyword(WebUIKeywordMain.groovy:20)
	at com.kms.katalon.core.webui.keyword.builtin.VerifyElementVisibleInViewportKeyword.verifyElementVisibleInViewport(VerifyElementVisibleInViewportKeyword.groovy:86)
	at com.kms.katalon.core.webui.keyword.builtin.VerifyElementVisibleInViewportKeyword.execute(VerifyElementVisibleInViewportKeyword.groovy:68)
	at com.kms.katalon.core.keyword.internal.KeywordExecutor.executeKeywordForPlatform(KeywordExecutor.groovy:72)
	at com.kms.katalon.core.webui.keyword.WebUiBuiltInKeywords.verifyElementInViewport(WebUiBuiltInKeywords.groovy:3039)
	at com.kms.katalon.core.webui.keyword.WebUiBuiltInKeywords$verifyElementInViewport$14.call(Unknown Source)
	at Adding photo in placeholders (double cycle) Architecture.run(Adding photo in placeholders (double cycle) Architecture:26)
	at com.kms.katalon.core.main.ScriptEngine.run(ScriptEngine.java:194)
	at com.kms.katalon.core.main.ScriptEngine.runScriptAsRawText(ScriptEngine.java:119)
	at com.kms.katalon.core.main.TestCaseExecutor.runScript(TestCaseExecutor.java:337)
	at com.kms.katalon.core.main.TestCaseExecutor.doExecute(TestCaseExecutor.java:328)
	at com.kms.katalon.core.main.TestCaseExecutor.processExecutionPhase(TestCaseExecutor.java:307)
	at com.kms.katalon.core.main.TestCaseExecutor.accessMainPhase(TestCaseExecutor.java:299)
	at com.kms.katalon.core.main.TestCaseExecutor.execute(TestCaseExecutor.java:233)
	at com.kms.katalon.core.main.TestSuiteExecutor.accessTestCaseMainPhase(TestSuiteExecutor.java:169)
	at com.kms.katalon.core.main.TestSuiteExecutor.accessTestSuiteMainPhase(TestSuiteExecutor.java:142)
	at com.kms.katalon.core.main.TestSuiteExecutor.execute(TestSuiteExecutor.java:91)
	at com.kms.katalon.core.main.TestCaseMain.startTestSuite(TestCaseMain.java:157)
	at com.kms.katalon.core.main.TestCaseMain$startTestSuite$0.call(Unknown Source)
	at TempTestSuite1581071026566.run(TempTestSuite1581071026566.groovy:36)
)

2020-02-07 12:30:26 - [MESSAGE][WARNING] - Timeout '0' is invalid. Using default page load timeout: '1'

2020-02-07 12:30:27 - [MESSAGE][INFO] - Unable to find the element located by 'By.xpath: //div[@class = 'current-slide active-slide']//*[@data-vidpk][3]'. Please recheck the objects properties to make sure the desired element is located. 

2020-02-07 12:30:27 - [MESSAGE][FAILED] - Object 'Object Repository/Add video in placeholers/Placeholders/div_Add media here_3' is not present (Root cause: com.kms.katalon.core.exception.StepFailedException: Object 'Object Repository/Add video in placeholers/Placeholders/div_Add media here_3' is not present
	at com.kms.katalon.core.webui.keyword.internal.WebUIKeywordMain.stepFailed(WebUIKeywordMain.groovy:64)
	at com.kms.katalon.core.webui.keyword.builtin.VerifyElementVisibleInViewportKeyword$_verifyElementVisibleInViewport_closure1.doCall(VerifyElementVisibleInViewportKeyword.groovy:83)
	at com.kms.katalon.core.webui.keyword.builtin.VerifyElementVisibleInViewportKeyword$_verifyElementVisibleInViewport_closure1.call(VerifyElementVisibleInViewportKeyword.groovy)
	at com.kms.katalon.core.webui.keyword.internal.WebUIKeywordMain.runKeyword(WebUIKeywordMain.groovy:20)
	at com.kms.katalon.core.webui.keyword.builtin.VerifyElementVisibleInViewportKeyword.verifyElementVisibleInViewport(VerifyElementVisibleInViewportKeyword.groovy:86)
	at com.kms.katalon.core.webui.keyword.builtin.VerifyElementVisibleInViewportKeyword.execute(VerifyElementVisibleInViewportKeyword.groovy:68)
	at com.kms.katalon.core.keyword.internal.KeywordExecutor.executeKeywordForPlatform(KeywordExecutor.groovy:72)
	at com.kms.katalon.core.webui.keyword.WebUiBuiltInKeywords.verifyElementInViewport(WebUiBuiltInKeywords.groovy:3039)
	at com.kms.katalon.core.webui.keyword.WebUiBuiltInKeywords$verifyElementInViewport$14.call(Unknown Source)
	at Adding photo in placeholders (double cycle) Architecture.run(Adding photo in placeholders (double cycle) Architecture:26)
	at com.kms.katalon.core.main.ScriptEngine.run(ScriptEngine.java:194)
	at com.kms.katalon.core.main.ScriptEngine.runScriptAsRawText(ScriptEngine.java:119)
	at com.kms.katalon.core.main.TestCaseExecutor.runScript(TestCaseExecutor.java:337)
	at com.kms.katalon.core.main.TestCaseExecutor.doExecute(TestCaseExecutor.java:328)
	at com.kms.katalon.core.main.TestCaseExecutor.processExecutionPhase(TestCaseExecutor.java:307)
	at com.kms.katalon.core.main.TestCaseExecutor.accessMainPhase(TestCaseExecutor.java:299)
	at com.kms.katalon.core.main.TestCaseExecutor.execute(TestCaseExecutor.java:233)
	at com.kms.katalon.core.main.TestSuiteExecutor.accessTestCaseMainPhase(TestSuiteExecutor.java:169)
	at com.kms.katalon.core.main.TestSuiteExecutor.accessTestSuiteMainPhase(TestSuiteExecutor.java:142)
	at com.kms.katalon.core.main.TestSuiteExecutor.execute(TestSuiteExecutor.java:91)
	at com.kms.katalon.core.main.TestCaseMain.startTestSuite(TestCaseMain.java:157)
	at com.kms.katalon.core.main.TestCaseMain$startTestSuite$0.call(Unknown Source)
	at TempTestSuite1581071026566.run(TempTestSuite1581071026566.groovy:36)
)

2020-02-07 12:30:27 - [TEST_STEP][PASSED] - else: null

2020-02-07 12:30:27 - [TEST_STEP][PASSED] - break: null

2020-02-07 12:30:27 - [TEST_STEP][PASSED] - if (verifyElementPresent(findTestObject("Page_Reevio Video Maker/Editor_Scene_" + i), 0) == true): null

2020-02-07 12:30:27 - [MESSAGE][WARNING] - Timeout '0' is invalid. Using default page load timeout: '1'

2020-02-07 12:30:27 - [MESSAGE][PASSED] - Object 'Object Repository/Page_Reevio Video Maker/Editor_Scene_9' is present

2020-02-07 12:30:27 - [TEST_STEP][PASSED] - doubleClick(findTestObject("Page_Reevio Video Maker/Editor_Scene_" + i)): Object: 'Object Repository/Page_Reevio Video Maker/Editor_Scene_9' is double clicked on

2020-02-07 12:30:28 - [MESSAGE][PASSED] - Object: 'Object Repository/Page_Reevio Video Maker/Editor_Scene_9' is double clicked on

2020-02-07 12:30:28 - [TEST_STEP][FAILED] - for ([j = 1, j < 7, (j++)]): null

2020-02-07 12:30:28 - [TEST_STEP][FAILED] - if (verifyElementInViewport(findTestObject("Add video in placeholers/Placeholders/div_Add media here_" + j), 0) == true): Object 'Object Repository/Add video in placeholers/Placeholders/div_Add media here_1' is not present (Root cause: com.kms.katalon.core.exception.StepFailedException: Object 'Object Repository/Add video in placeholers/Placeholders/div_Add media here_1' is not present
	at com.kms.katalon.core.webui.keyword.internal.WebUIKeywordMain.stepFailed(WebUIKeywordMain.groovy:64)
	at com.kms.katalon.core.webui.keyword.builtin.VerifyElementVisibleInViewportKeyword$_verifyElementVisibleInViewport_closure1.doCall(VerifyElementVisibleInViewportKeyword.groovy:83)
	at com.kms.katalon.core.webui.keyword.builtin.VerifyElementVisibleInViewportKeyword$_verifyElementVisibleInViewport_closure1.call(VerifyElementVisibleInViewportKeyword.groovy)
	at com.kms.katalon.core.webui.keyword.internal.WebUIKeywordMain.runKeyword(WebUIKeywordMain.groovy:20)
	at com.kms.katalon.core.webui.keyword.builtin.VerifyElementVisibleInViewportKeyword.verifyElementVisibleInViewport(VerifyElementVisibleInViewportKeyword.groovy:86)
	at com.kms.katalon.core.webui.keyword.builtin.VerifyElementVisibleInViewportKeyword.execute(VerifyElementVisibleInViewportKeyword.groovy:68)
	at com.kms.katalon.core.keyword.internal.KeywordExecutor.executeKeywordForPlatform(KeywordExecutor.groovy:72)
	at com.kms.katalon.core.webui.keyword.WebUiBuiltInKeywords.verifyElementInViewport(WebUiBuiltInKeywords.groovy:3039)
	at com.kms.katalon.core.webui.keyword.WebUiBuiltInKeywords$verifyElementInViewport$14.call(Unknown Source)
	at Adding photo in placeholders (double cycle) Architecture.run(Adding photo in placeholders (double cycle) Architecture:26)
	at com.kms.katalon.core.main.ScriptEngine.run(ScriptEngine.java:194)
	at com.kms.katalon.core.main.ScriptEngine.runScriptAsRawText(ScriptEngine.java:119)
	at com.kms.katalon.core.main.TestCaseExecutor.runScript(TestCaseExecutor.java:337)
	at com.kms.katalon.core.main.TestCaseExecutor.doExecute(TestCaseExecutor.java:328)
	at com.kms.katalon.core.main.TestCaseExecutor.processExecutionPhase(TestCaseExecutor.java:307)
	at com.kms.katalon.core.main.TestCaseExecutor.accessMainPhase(TestCaseExecutor.java:299)
	at com.kms.katalon.core.main.TestCaseExecutor.execute(TestCaseExecutor.java:233)
	at com.kms.katalon.core.main.TestSuiteExecutor.accessTestCaseMainPhase(TestSuiteExecutor.java:169)
	at com.kms.katalon.core.main.TestSuiteExecutor.accessTestSuiteMainPhase(TestSuiteExecutor.java:142)
	at com.kms.katalon.core.main.TestSuiteExecutor.execute(TestSuiteExecutor.java:91)
	at com.kms.katalon.core.main.TestCaseMain.startTestSuite(TestCaseMain.java:157)
	at com.kms.katalon.core.main.TestCaseMain$startTestSuite$0.call(Unknown Source)
	at TempTestSuite1581071026566.run(TempTestSuite1581071026566.groovy:36)
)

2020-02-07 12:30:28 - [MESSAGE][WARNING] - Timeout '0' is invalid. Using default page load timeout: '1'

2020-02-07 12:30:29 - [MESSAGE][INFO] - Unable to find the element located by 'By.xpath: //div[@class = 'current-slide active-slide']//*[@data-vidpk][1]'. Please recheck the objects properties to make sure the desired element is located. 

2020-02-07 12:30:29 - [MESSAGE][FAILED] - Object 'Object Repository/Add video in placeholers/Placeholders/div_Add media here_1' is not present (Root cause: com.kms.katalon.core.exception.StepFailedException: Object 'Object Repository/Add video in placeholers/Placeholders/div_Add media here_1' is not present
	at com.kms.katalon.core.webui.keyword.internal.WebUIKeywordMain.stepFailed(WebUIKeywordMain.groovy:64)
	at com.kms.katalon.core.webui.keyword.builtin.VerifyElementVisibleInViewportKeyword$_verifyElementVisibleInViewport_closure1.doCall(VerifyElementVisibleInViewportKeyword.groovy:83)
	at com.kms.katalon.core.webui.keyword.builtin.VerifyElementVisibleInViewportKeyword$_verifyElementVisibleInViewport_closure1.call(VerifyElementVisibleInViewportKeyword.groovy)
	at com.kms.katalon.core.webui.keyword.internal.WebUIKeywordMain.runKeyword(WebUIKeywordMain.groovy:20)
	at com.kms.katalon.core.webui.keyword.builtin.VerifyElementVisibleInViewportKeyword.verifyElementVisibleInViewport(VerifyElementVisibleInViewportKeyword.groovy:86)
	at com.kms.katalon.core.webui.keyword.builtin.VerifyElementVisibleInViewportKeyword.execute(VerifyElementVisibleInViewportKeyword.groovy:68)
	at com.kms.katalon.core.keyword.internal.KeywordExecutor.executeKeywordForPlatform(KeywordExecutor.groovy:72)
	at com.kms.katalon.core.webui.keyword.WebUiBuiltInKeywords.verifyElementInViewport(WebUiBuiltInKeywords.groovy:3039)
	at com.kms.katalon.core.webui.keyword.WebUiBuiltInKeywords$verifyElementInViewport$14.call(Unknown Source)
	at Adding photo in placeholders (double cycle) Architecture.run(Adding photo in placeholders (double cycle) Architecture:26)
	at com.kms.katalon.core.main.ScriptEngine.run(ScriptEngine.java:194)
	at com.kms.katalon.core.main.ScriptEngine.runScriptAsRawText(ScriptEngine.java:119)
	at com.kms.katalon.core.main.TestCaseExecutor.runScript(TestCaseExecutor.java:337)
	at com.kms.katalon.core.main.TestCaseExecutor.doExecute(TestCaseExecutor.java:328)
	at com.kms.katalon.core.main.TestCaseExecutor.processExecutionPhase(TestCaseExecutor.java:307)
	at com.kms.katalon.core.main.TestCaseExecutor.accessMainPhase(TestCaseExecutor.java:299)
	at com.kms.katalon.core.main.TestCaseExecutor.execute(TestCaseExecutor.java:233)
	at com.kms.katalon.core.main.TestSuiteExecutor.accessTestCaseMainPhase(TestSuiteExecutor.java:169)
	at com.kms.katalon.core.main.TestSuiteExecutor.accessTestSuiteMainPhase(TestSuiteExecutor.java:142)
	at com.kms.katalon.core.main.TestSuiteExecutor.execute(TestSuiteExecutor.java:91)
	at com.kms.katalon.core.main.TestCaseMain.startTestSuite(TestCaseMain.java:157)
	at com.kms.katalon.core.main.TestCaseMain$startTestSuite$0.call(Unknown Source)
	at TempTestSuite1581071026566.run(TempTestSuite1581071026566.groovy:36)
)

2020-02-07 12:30:29 - [TEST_STEP][PASSED] - else: null

2020-02-07 12:30:29 - [TEST_STEP][PASSED] - break: null

2020-02-07 12:30:29 - [TEST_STEP][FAILED] - if (verifyElementPresent(findTestObject("Page_Reevio Video Maker/Editor_Scene_" + i), 0) == true): com.kms.katalon.core.webui.exception.WebElementNotFoundException: Web element with id: 'Object Repository/Page_Reevio Video Maker/Editor_Scene_10' located by 'By.xpath: //*[@id="bottom-slider-id"]/div[10]/figure' not found (Root cause: com.kms.katalon.core.exception.StepFailedException: com.kms.katalon.core.webui.exception.WebElementNotFoundException: Web element with id: 'Object Repository/Page_Reevio Video Maker/Editor_Scene_10' located by 'By.xpath: //*[@id="bottom-slider-id"]/div[10]/figure' not found
	at com.kms.katalon.core.webui.keyword.internal.WebUIKeywordMain.stepFailed(WebUIKeywordMain.groovy:64)
	at com.kms.katalon.core.webui.keyword.builtin.VerifyElementPresentKeyword$_verifyElementPresent_closure1.doCall(VerifyElementPresentKeyword.groovy:85)
	at com.kms.katalon.core.webui.keyword.builtin.VerifyElementPresentKeyword$_verifyElementPresent_closure1.call(VerifyElementPresentKeyword.groovy)
	at com.kms.katalon.core.webui.keyword.internal.WebUIKeywordMain.runKeyword(WebUIKeywordMain.groovy:20)
	at com.kms.katalon.core.webui.keyword.builtin.VerifyElementPresentKeyword.verifyElementPresent(VerifyElementPresentKeyword.groovy:92)
	at com.kms.katalon.core.webui.keyword.builtin.VerifyElementPresentKeyword.execute(VerifyElementPresentKeyword.groovy:68)
	at com.kms.katalon.core.keyword.internal.KeywordExecutor.executeKeywordForPlatform(KeywordExecutor.groovy:72)
	at com.kms.katalon.core.webui.keyword.WebUiBuiltInKeywords.verifyElementPresent(WebUiBuiltInKeywords.groovy:1434)
	at com.kms.katalon.core.webui.keyword.WebUiBuiltInKeywords$verifyElementPresent$6.call(Unknown Source)
	at Adding photo in placeholders (double cycle) Architecture.run(Adding photo in placeholders (double cycle) Architecture:22)
	at com.kms.katalon.core.main.ScriptEngine.run(ScriptEngine.java:194)
	at com.kms.katalon.core.main.ScriptEngine.runScriptAsRawText(ScriptEngine.java:119)
	at com.kms.katalon.core.main.TestCaseExecutor.runScript(TestCaseExecutor.java:337)
	at com.kms.katalon.core.main.TestCaseExecutor.doExecute(TestCaseExecutor.java:328)
	at com.kms.katalon.core.main.TestCaseExecutor.processExecutionPhase(TestCaseExecutor.java:307)
	at com.kms.katalon.core.main.TestCaseExecutor.accessMainPhase(TestCaseExecutor.java:299)
	at com.kms.katalon.core.main.TestCaseExecutor.execute(TestCaseExecutor.java:233)
	at com.kms.katalon.core.main.TestSuiteExecutor.accessTestCaseMainPhase(TestSuiteExecutor.java:169)
	at com.kms.katalon.core.main.TestSuiteExecutor.accessTestSuiteMainPhase(TestSuiteExecutor.java:142)
	at com.kms.katalon.core.main.TestSuiteExecutor.execute(TestSuiteExecutor.java:91)
	at com.kms.katalon.core.main.TestCaseMain.startTestSuite(TestCaseMain.java:157)
	at com.kms.katalon.core.main.TestCaseMain$startTestSuite$0.call(Unknown Source)
	at TempTestSuite1581071026566.run(TempTestSuite1581071026566.groovy:36)
)

2020-02-07 12:30:29 - [MESSAGE][WARNING] - Timeout '0' is invalid. Using default page load timeout: '1'

2020-02-07 12:30:31 - [MESSAGE][INFO] - Unable to find the element located by 'By.xpath: //*[@id="bottom-slider-id"]/div[10]/figure'. Please recheck the objects properties to make sure the desired element is located. 

2020-02-07 12:30:31 - [MESSAGE][FAILED] - com.kms.katalon.core.webui.exception.WebElementNotFoundException: Web element with id: 'Object Repository/Page_Reevio Video Maker/Editor_Scene_10' located by 'By.xpath: //*[@id="bottom-slider-id"]/div[10]/figure' not found (Root cause: com.kms.katalon.core.exception.StepFailedException: com.kms.katalon.core.webui.exception.WebElementNotFoundException: Web element with id: 'Object Repository/Page_Reevio Video Maker/Editor_Scene_10' located by 'By.xpath: //*[@id="bottom-slider-id"]/div[10]/figure' not found
	at com.kms.katalon.core.webui.keyword.internal.WebUIKeywordMain.stepFailed(WebUIKeywordMain.groovy:64)
	at com.kms.katalon.core.webui.keyword.builtin.VerifyElementPresentKeyword$_verifyElementPresent_closure1.doCall(VerifyElementPresentKeyword.groovy:85)
	at com.kms.katalon.core.webui.keyword.builtin.VerifyElementPresentKeyword$_verifyElementPresent_closure1.call(VerifyElementPresentKeyword.groovy)
	at com.kms.katalon.core.webui.keyword.internal.WebUIKeywordMain.runKeyword(WebUIKeywordMain.groovy:20)
	at com.kms.katalon.core.webui.keyword.builtin.VerifyElementPresentKeyword.verifyElementPresent(VerifyElementPresentKeyword.groovy:92)
	at com.kms.katalon.core.webui.keyword.builtin.VerifyElementPresentKeyword.execute(VerifyElementPresentKeyword.groovy:68)
	at com.kms.katalon.core.keyword.internal.KeywordExecutor.executeKeywordForPlatform(KeywordExecutor.groovy:72)
	at com.kms.katalon.core.webui.keyword.WebUiBuiltInKeywords.verifyElementPresent(WebUiBuiltInKeywords.groovy:1434)
	at com.kms.katalon.core.webui.keyword.WebUiBuiltInKeywords$verifyElementPresent$6.call(Unknown Source)
	at Adding photo in placeholders (double cycle) Architecture.run(Adding photo in placeholders (double cycle) Architecture:22)
	at com.kms.katalon.core.main.ScriptEngine.run(ScriptEngine.java:194)
	at com.kms.katalon.core.main.ScriptEngine.runScriptAsRawText(ScriptEngine.java:119)
	at com.kms.katalon.core.main.TestCaseExecutor.runScript(TestCaseExecutor.java:337)
	at com.kms.katalon.core.main.TestCaseExecutor.doExecute(TestCaseExecutor.java:328)
	at com.kms.katalon.core.main.TestCaseExecutor.processExecutionPhase(TestCaseExecutor.java:307)
	at com.kms.katalon.core.main.TestCaseExecutor.accessMainPhase(TestCaseExecutor.java:299)
	at com.kms.katalon.core.main.TestCaseExecutor.execute(TestCaseExecutor.java:233)
	at com.kms.katalon.core.main.TestSuiteExecutor.accessTestCaseMainPhase(TestSuiteExecutor.java:169)
	at com.kms.katalon.core.main.TestSuiteExecutor.accessTestSuiteMainPhase(TestSuiteExecutor.java:142)
	at com.kms.katalon.core.main.TestSuiteExecutor.execute(TestSuiteExecutor.java:91)
	at com.kms.katalon.core.main.TestCaseMain.startTestSuite(TestCaseMain.java:157)
	at com.kms.katalon.core.main.TestCaseMain$startTestSuite$0.call(Unknown Source)
	at TempTestSuite1581071026566.run(TempTestSuite1581071026566.groovy:36)
)

2020-02-07 12:30:31 - [TEST_STEP][PASSED] - else: null

2020-02-07 12:30:31 - [TEST_STEP][PASSED] - break: null]]></system-out>
         <system-err><![CDATA[2020-02-07 12:28:48 - [TEST_CASE][FAILED] - Test Cases/Images adding/Adding photo in placeholders (double cycle) Architecture: Test Cases/Images adding/Adding photo in placeholders (double cycle) Architecture FAILED.
Reason:
com.kms.katalon.core.exception.StepFailedException: Object 'Object Repository/Add video in placeholers/Placeholders/div_Add media here_1' is not present (Root cause: com.kms.katalon.core.exception.StepFailedException: Object 'Object Repository/Add video in placeholers/Placeholders/div_Add media here_1' is not present
	at com.kms.katalon.core.webui.keyword.internal.WebUIKeywordMain.stepFailed(WebUIKeywordMain.groovy:64)
	at com.kms.katalon.core.webui.keyword.builtin.VerifyElementVisibleInViewportKeyword$_verifyElementVisibleInViewport_closure1.doCall(VerifyElementVisibleInViewportKeyword.groovy:83)
	at com.kms.katalon.core.webui.keyword.builtin.VerifyElementVisibleInViewportKeyword$_verifyElementVisibleInViewport_closure1.call(VerifyElementVisibleInViewportKeyword.groovy)
	at com.kms.katalon.core.webui.keyword.internal.WebUIKeywordMain.runKeyword(WebUIKeywordMain.groovy:20)
	at com.kms.katalon.core.webui.keyword.builtin.VerifyElementVisibleInViewportKeyword.verifyElementVisibleInViewport(VerifyElementVisibleInViewportKeyword.groovy:86)
	at com.kms.katalon.core.webui.keyword.builtin.VerifyElementVisibleInViewportKeyword.execute(VerifyElementVisibleInViewportKeyword.groovy:68)
	at com.kms.katalon.core.keyword.internal.KeywordExecutor.executeKeywordForPlatform(KeywordExecutor.groovy:72)
	at com.kms.katalon.core.webui.keyword.WebUiBuiltInKeywords.verifyElementInViewport(WebUiBuiltInKeywords.groovy:3039)
	at com.kms.katalon.core.webui.keyword.WebUiBuiltInKeywords$verifyElementInViewport$14.call(Unknown Source)
	at Adding photo in placeholders (double cycle) Architecture.run(Adding photo in placeholders (double cycle) Architecture:26)
	at com.kms.katalon.core.main.ScriptEngine.run(ScriptEngine.java:194)
	at com.kms.katalon.core.main.ScriptEngine.runScriptAsRawText(ScriptEngine.java:119)
	at com.kms.katalon.core.main.TestCaseExecutor.runScript(TestCaseExecutor.java:337)
	at com.kms.katalon.core.main.TestCaseExecutor.doExecute(TestCaseExecutor.java:328)
	at com.kms.katalon.core.main.TestCaseExecutor.processExecutionPhase(TestCaseExecutor.java:307)
	at com.kms.katalon.core.main.TestCaseExecutor.accessMainPhase(TestCaseExecutor.java:299)
	at com.kms.katalon.core.main.TestCaseExecutor.execute(TestCaseExecutor.java:233)
	at com.kms.katalon.core.main.TestSuiteExecutor.accessTestCaseMainPhase(TestSuiteExecutor.java:169)
	at com.kms.katalon.core.main.TestSuiteExecutor.accessTestSuiteMainPhase(TestSuiteExecutor.java:142)
	at com.kms.katalon.core.main.TestSuiteExecutor.execute(TestSuiteExecutor.java:91)
	at com.kms.katalon.core.main.TestCaseMain.startTestSuite(TestCaseMain.java:157)
	at com.kms.katalon.core.main.TestCaseMain$startTestSuite$0.call(Unknown Source)
	at TempTestSuite1581071026566.run(TempTestSuite1581071026566.groovy:36)
)
	at com.kms.katalon.core.keyword.internal.KeywordMain.stepFailed(KeywordMain.groovy:39)
	at com.kms.katalon.core.webui.keyword.internal.WebUIKeywordMain.stepFailed(WebUIKeywordMain.groovy:64)
	at com.kms.katalon.core.webui.keyword.builtin.VerifyElementVisibleInViewportKeyword$_verifyElementVisibleInViewport_closure1.doCall(VerifyElementVisibleInViewportKeyword.groovy:83)
	at com.kms.katalon.core.webui.keyword.builtin.VerifyElementVisibleInViewportKeyword$_verifyElementVisibleInViewport_closure1.call(VerifyElementVisibleInViewportKeyword.groovy)
	at com.kms.katalon.core.webui.keyword.internal.WebUIKeywordMain.runKeyword(WebUIKeywordMain.groovy:20)
	at com.kms.katalon.core.webui.keyword.builtin.VerifyElementVisibleInViewportKeyword.verifyElementVisibleInViewport(VerifyElementVisibleInViewportKeyword.groovy:86)
	at com.kms.katalon.core.webui.keyword.builtin.VerifyElementVisibleInViewportKeyword.execute(VerifyElementVisibleInViewportKeyword.groovy:68)
	at com.kms.katalon.core.keyword.internal.KeywordExecutor.executeKeywordForPlatform(KeywordExecutor.groovy:72)
	at com.kms.katalon.core.webui.keyword.WebUiBuiltInKeywords.verifyElementInViewport(WebUiBuiltInKeywords.groovy:3039)
	at com.kms.katalon.core.webui.keyword.WebUiBuiltInKeywords$verifyElementInViewport$14.call(Unknown Source)
	at Adding photo in placeholders (double cycle) Architecture.run(Adding photo in placeholders (double cycle) Architecture:26)
	at com.kms.katalon.core.main.ScriptEngine.run(ScriptEngine.java:194)
	at com.kms.katalon.core.main.ScriptEngine.runScriptAsRawText(ScriptEngine.java:119)
	at com.kms.katalon.core.main.TestCaseExecutor.runScript(TestCaseExecutor.java:337)
	at com.kms.katalon.core.main.TestCaseExecutor.doExecute(TestCaseExecutor.java:328)
	at com.kms.katalon.core.main.TestCaseExecutor.processExecutionPhase(TestCaseExecutor.java:307)
	at com.kms.katalon.core.main.TestCaseExecutor.accessMainPhase(TestCaseExecutor.java:299)
	at com.kms.katalon.core.main.TestCaseExecutor.execute(TestCaseExecutor.java:233)
	at com.kms.katalon.core.main.TestSuiteExecutor.accessTestCaseMainPhase(TestSuiteExecutor.java:169)
	at com.kms.katalon.core.main.TestSuiteExecutor.accessTestSuiteMainPhase(TestSuiteExecutor.java:142)
	at com.kms.katalon.core.main.TestSuiteExecutor.execute(TestSuiteExecutor.java:91)
	at com.kms.katalon.core.main.TestCaseMain.startTestSuite(TestCaseMain.java:157)
	at com.kms.katalon.core.main.TestCaseMain$startTestSuite$0.call(Unknown Source)
	at TempTestSuite1581071026566.run(TempTestSuite1581071026566.groovy:36)
Caused by: com.kms.katalon.core.exception.StepFailedException: Object 'Object Repository/Add video in placeholers/Placeholders/div_Add media here_1' is not present
	... 23 more]]></system-err>
      </testcase>
      <testcase name="Test Cases/clickSavebtn" time="1.23" classname="Test Cases/clickSavebtn" status="PASSED">
         <system-out><![CDATA[2020-02-07 12:30:31 - [TEST_CASE][PASSED] - Test Cases/clickSavebtn: Test Cases/clickSavebtn

2020-02-07 12:30:31 - [TEST_STEP][PASSED] - Savebtn = new com.kms.katalon.core.testobject.TestObject(data-target): null

2020-02-07 12:30:31 - [TEST_STEP][PASSED] - Savebtn.addProperty("xpath", EQUALS, "//button[@data-target = "#save-changes"]", true): null

2020-02-07 12:30:31 - [TEST_STEP][PASSED] - click(Savebtn): Object: 'data-target' is clicked on

2020-02-07 12:30:31 - [MESSAGE][PASSED] - Object: 'data-target' is clicked on

2020-02-07 12:30:31 - [TEST_STEP][PASSED] - delay(1): Delayed 1 second(s)

2020-02-07 12:30:32 - [MESSAGE][PASSED] - Delayed 1 second(s)]]></system-out>
         <system-err><![CDATA[]]></system-err>
      </testcase>
      <system-out><![CDATA[2020-02-07 12:23:54 - [TEST_SUITE][FAILED] - Max (Reevio) 2: Test Cases/Deleting 1st scene FAILED.
Reason:
com.kms.katalon.core.exception.StepFailedException: com.kms.katalon.core.webui.exception.WebElementNotFoundException: Web element with id: 'Object Repository/Add video in placeholers/Video_img repository (videos, imgs and buttons)/Editor_Scene_1' located by 'By.xpath: //*[@id="bottom-slider-id"]/div[1]/figure' not found (Root cause: com.kms.katalon.core.exception.StepFailedException: com.kms.katalon.core.webui.exception.WebElementNotFoundException: Web element with id: 'Object Repository/Add video in placeholers/Video_img repository (videos, imgs and buttons)/Editor_Scene_1' located by 'By.xpath: //*[@id="bottom-slider-id"]/div[1]/figure' not found
	at com.kms.katalon.core.webui.keyword.internal.WebUIKeywordMain.stepFailed(WebUIKeywordMain.groovy:64)
	at com.kms.katalon.core.webui.keyword.builtin.VerifyElementPresentKeyword$_verifyElementPresent_closure1.doCall(VerifyElementPresentKeyword.groovy:85)
	at com.kms.katalon.core.webui.keyword.builtin.VerifyElementPresentKeyword$_verifyElementPresent_closure1.call(VerifyElementPresentKeyword.groovy)
	at com.kms.katalon.core.webui.keyword.internal.WebUIKeywordMain.runKeyword(WebUIKeywordMain.groovy:20)
	at com.kms.katalon.core.webui.keyword.builtin.VerifyElementPresentKeyword.verifyElementPresent(VerifyElementPresentKeyword.groovy:92)
	at com.kms.katalon.core.webui.keyword.builtin.VerifyElementPresentKeyword.execute(VerifyElementPresentKeyword.groovy:68)
	at com.kms.katalon.core.keyword.internal.KeywordExecutor.executeKeywordForPlatform(KeywordExecutor.groovy:72)
	at com.kms.katalon.core.webui.keyword.WebUiBuiltInKeywords.verifyElementPresent(WebUiBuiltInKeywords.groovy:1434)
	at com.kms.katalon.core.webui.keyword.WebUiBuiltInKeywords$verifyElementPresent$6.call(Unknown Source)
	at Deleting 1st scene.run(Deleting 1st scene:32)
	at com.kms.katalon.core.main.ScriptEngine.run(ScriptEngine.java:194)
	at com.kms.katalon.core.main.ScriptEngine.runScriptAsRawText(ScriptEngine.java:119)
	at com.kms.katalon.core.main.TestCaseExecutor.runScript(TestCaseExecutor.java:337)
	at com.kms.katalon.core.main.TestCaseExecutor.doExecute(TestCaseExecutor.java:328)
	at com.kms.katalon.core.main.TestCaseExecutor.processExecutionPhase(TestCaseExecutor.java:307)
	at com.kms.katalon.core.main.TestCaseExecutor.accessMainPhase(TestCaseExecutor.java:299)
	at com.kms.katalon.core.main.TestCaseExecutor.execute(TestCaseExecutor.java:233)
	at com.kms.katalon.core.main.TestSuiteExecutor.accessTestCaseMainPhase(TestSuiteExecutor.java:169)
	at com.kms.katalon.core.main.TestSuiteExecutor.accessTestSuiteMainPhase(TestSuiteExecutor.java:142)
	at com.kms.katalon.core.main.TestSuiteExecutor.execute(TestSuiteExecutor.java:91)
	at com.kms.katalon.core.main.TestCaseMain.startTestSuite(TestCaseMain.java:157)
	at com.kms.katalon.core.main.TestCaseMain$startTestSuite$0.call(Unknown Source)
	at TempTestSuite1581071026566.run(TempTestSuite1581071026566.groovy:36)
)
	at com.kms.katalon.core.keyword.internal.KeywordMain.stepFailed(KeywordMain.groovy:39)
	at com.kms.katalon.core.webui.keyword.internal.WebUIKeywordMain.stepFailed(WebUIKeywordMain.groovy:64)
	at com.kms.katalon.core.webui.keyword.builtin.VerifyElementPresentKeyword$_verifyElementPresent_closure1.doCall(VerifyElementPresentKeyword.groovy:85)
	at com.kms.katalon.core.webui.keyword.builtin.VerifyElementPresentKeyword$_verifyElementPresent_closure1.call(VerifyElementPresentKeyword.groovy)
	at com.kms.katalon.core.webui.keyword.internal.WebUIKeywordMain.runKeyword(WebUIKeywordMain.groovy:20)
	at com.kms.katalon.core.webui.keyword.builtin.VerifyElementPresentKeyword.verifyElementPresent(VerifyElementPresentKeyword.groovy:92)
	at com.kms.katalon.core.webui.keyword.builtin.VerifyElementPresentKeyword.execute(VerifyElementPresentKeyword.groovy:68)
	at com.kms.katalon.core.keyword.internal.KeywordExecutor.executeKeywordForPlatform(KeywordExecutor.groovy:72)
	at com.kms.katalon.core.webui.keyword.WebUiBuiltInKeywords.verifyElementPresent(WebUiBuiltInKeywords.groovy:1434)
	at com.kms.katalon.core.webui.keyword.WebUiBuiltInKeywords$verifyElementPresent$6.call(Unknown Source)
	at Deleting 1st scene.run(Deleting 1st scene:32)
	at com.kms.katalon.core.main.ScriptEngine.run(ScriptEngine.java:194)
	at com.kms.katalon.core.main.ScriptEngine.runScriptAsRawText(ScriptEngine.java:119)
	at com.kms.katalon.core.main.TestCaseExecutor.runScript(TestCaseExecutor.java:337)
	at com.kms.katalon.core.main.TestCaseExecutor.doExecute(TestCaseExecutor.java:328)
	at com.kms.katalon.core.main.TestCaseExecutor.processExecutionPhase(TestCaseExecutor.java:307)
	at com.kms.katalon.core.main.TestCaseExecutor.accessMainPhase(TestCaseExecutor.java:299)
	at com.kms.katalon.core.main.TestCaseExecutor.execute(TestCaseExecutor.java:233)
	at com.kms.katalon.core.main.TestSuiteExecutor.accessTestCaseMainPhase(TestSuiteExecutor.java:169)
	at com.kms.katalon.core.main.TestSuiteExecutor.accessTestSuiteMainPhase(TestSuiteExecutor.java:142)
	at com.kms.katalon.core.main.TestSuiteExecutor.execute(TestSuiteExecutor.java:91)
	at com.kms.katalon.core.main.TestCaseMain.startTestSuite(TestCaseMain.java:157)
	at com.kms.katalon.core.main.TestCaseMain$startTestSuite$0.call(Unknown Source)
	at TempTestSuite1581071026566.run(TempTestSuite1581071026566.groovy:36)
Caused by: com.kms.katalon.core.exception.StepFailedException: com.kms.katalon.core.webui.exception.WebElementNotFoundException: Web element with id: 'Object Repository/Add video in placeholers/Video_img repository (videos, imgs and buttons)/Editor_Scene_1' located by 'By.xpath: //*[@id="bottom-slider-id"]/div[1]/figure' not found
	... 23 more]]></system-out>
      <system-err><![CDATA[2020-02-07 12:23:54 - [TEST_SUITE][FAILED] - Max (Reevio) 2: Test Cases/Deleting 1st scene FAILED.
Reason:
com.kms.katalon.core.exception.StepFailedException: com.kms.katalon.core.webui.exception.WebElementNotFoundException: Web element with id: 'Object Repository/Add video in placeholers/Video_img repository (videos, imgs and buttons)/Editor_Scene_1' located by 'By.xpath: //*[@id="bottom-slider-id"]/div[1]/figure' not found (Root cause: com.kms.katalon.core.exception.StepFailedException: com.kms.katalon.core.webui.exception.WebElementNotFoundException: Web element with id: 'Object Repository/Add video in placeholers/Video_img repository (videos, imgs and buttons)/Editor_Scene_1' located by 'By.xpath: //*[@id="bottom-slider-id"]/div[1]/figure' not found
	at com.kms.katalon.core.webui.keyword.internal.WebUIKeywordMain.stepFailed(WebUIKeywordMain.groovy:64)
	at com.kms.katalon.core.webui.keyword.builtin.VerifyElementPresentKeyword$_verifyElementPresent_closure1.doCall(VerifyElementPresentKeyword.groovy:85)
	at com.kms.katalon.core.webui.keyword.builtin.VerifyElementPresentKeyword$_verifyElementPresent_closure1.call(VerifyElementPresentKeyword.groovy)
	at com.kms.katalon.core.webui.keyword.internal.WebUIKeywordMain.runKeyword(WebUIKeywordMain.groovy:20)
	at com.kms.katalon.core.webui.keyword.builtin.VerifyElementPresentKeyword.verifyElementPresent(VerifyElementPresentKeyword.groovy:92)
	at com.kms.katalon.core.webui.keyword.builtin.VerifyElementPresentKeyword.execute(VerifyElementPresentKeyword.groovy:68)
	at com.kms.katalon.core.keyword.internal.KeywordExecutor.executeKeywordForPlatform(KeywordExecutor.groovy:72)
	at com.kms.katalon.core.webui.keyword.WebUiBuiltInKeywords.verifyElementPresent(WebUiBuiltInKeywords.groovy:1434)
	at com.kms.katalon.core.webui.keyword.WebUiBuiltInKeywords$verifyElementPresent$6.call(Unknown Source)
	at Deleting 1st scene.run(Deleting 1st scene:32)
	at com.kms.katalon.core.main.ScriptEngine.run(ScriptEngine.java:194)
	at com.kms.katalon.core.main.ScriptEngine.runScriptAsRawText(ScriptEngine.java:119)
	at com.kms.katalon.core.main.TestCaseExecutor.runScript(TestCaseExecutor.java:337)
	at com.kms.katalon.core.main.TestCaseExecutor.doExecute(TestCaseExecutor.java:328)
	at com.kms.katalon.core.main.TestCaseExecutor.processExecutionPhase(TestCaseExecutor.java:307)
	at com.kms.katalon.core.main.TestCaseExecutor.accessMainPhase(TestCaseExecutor.java:299)
	at com.kms.katalon.core.main.TestCaseExecutor.execute(TestCaseExecutor.java:233)
	at com.kms.katalon.core.main.TestSuiteExecutor.accessTestCaseMainPhase(TestSuiteExecutor.java:169)
	at com.kms.katalon.core.main.TestSuiteExecutor.accessTestSuiteMainPhase(TestSuiteExecutor.java:142)
	at com.kms.katalon.core.main.TestSuiteExecutor.execute(TestSuiteExecutor.java:91)
	at com.kms.katalon.core.main.TestCaseMain.startTestSuite(TestCaseMain.java:157)
	at com.kms.katalon.core.main.TestCaseMain$startTestSuite$0.call(Unknown Source)
	at TempTestSuite1581071026566.run(TempTestSuite1581071026566.groovy:36)
)
	at com.kms.katalon.core.keyword.internal.KeywordMain.stepFailed(KeywordMain.groovy:39)
	at com.kms.katalon.core.webui.keyword.internal.WebUIKeywordMain.stepFailed(WebUIKeywordMain.groovy:64)
	at com.kms.katalon.core.webui.keyword.builtin.VerifyElementPresentKeyword$_verifyElementPresent_closure1.doCall(VerifyElementPresentKeyword.groovy:85)
	at com.kms.katalon.core.webui.keyword.builtin.VerifyElementPresentKeyword$_verifyElementPresent_closure1.call(VerifyElementPresentKeyword.groovy)
	at com.kms.katalon.core.webui.keyword.internal.WebUIKeywordMain.runKeyword(WebUIKeywordMain.groovy:20)
	at com.kms.katalon.core.webui.keyword.builtin.VerifyElementPresentKeyword.verifyElementPresent(VerifyElementPresentKeyword.groovy:92)
	at com.kms.katalon.core.webui.keyword.builtin.VerifyElementPresentKeyword.execute(VerifyElementPresentKeyword.groovy:68)
	at com.kms.katalon.core.keyword.internal.KeywordExecutor.executeKeywordForPlatform(KeywordExecutor.groovy:72)
	at com.kms.katalon.core.webui.keyword.WebUiBuiltInKeywords.verifyElementPresent(WebUiBuiltInKeywords.groovy:1434)
	at com.kms.katalon.core.webui.keyword.WebUiBuiltInKeywords$verifyElementPresent$6.call(Unknown Source)
	at Deleting 1st scene.run(Deleting 1st scene:32)
	at com.kms.katalon.core.main.ScriptEngine.run(ScriptEngine.java:194)
	at com.kms.katalon.core.main.ScriptEngine.runScriptAsRawText(ScriptEngine.java:119)
	at com.kms.katalon.core.main.TestCaseExecutor.runScript(TestCaseExecutor.java:337)
	at com.kms.katalon.core.main.TestCaseExecutor.doExecute(TestCaseExecutor.java:328)
	at com.kms.katalon.core.main.TestCaseExecutor.processExecutionPhase(TestCaseExecutor.java:307)
	at com.kms.katalon.core.main.TestCaseExecutor.accessMainPhase(TestCaseExecutor.java:299)
	at com.kms.katalon.core.main.TestCaseExecutor.execute(TestCaseExecutor.java:233)
	at com.kms.katalon.core.main.TestSuiteExecutor.accessTestCaseMainPhase(TestSuiteExecutor.java:169)
	at com.kms.katalon.core.main.TestSuiteExecutor.accessTestSuiteMainPhase(TestSuiteExecutor.java:142)
	at com.kms.katalon.core.main.TestSuiteExecutor.execute(TestSuiteExecutor.java:91)
	at com.kms.katalon.core.main.TestCaseMain.startTestSuite(TestCaseMain.java:157)
	at com.kms.katalon.core.main.TestCaseMain$startTestSuite$0.call(Unknown Source)
	at TempTestSuite1581071026566.run(TempTestSuite1581071026566.groovy:36)
Caused by: com.kms.katalon.core.exception.StepFailedException: com.kms.katalon.core.webui.exception.WebElementNotFoundException: Web element with id: 'Object Repository/Add video in placeholers/Video_img repository (videos, imgs and buttons)/Editor_Scene_1' located by 'By.xpath: //*[@id="bottom-slider-id"]/div[1]/figure' not found
	... 23 more]]></system-err>
   </testsuite>
</testsuites>
