<?xml version="1.0" encoding="UTF-8"?>
<testsuites name="Min (Reevio) 2" time="634.837" tests="11" failures="5" errors="0">
   <testsuite name="Min (Reevio) 2" tests="11" failures="5" errors="0" time="634.837" timestamp="2020-02-07 15:21:57" hostname="tester-3 - DESKTOP-J4SE4C2" id="Test Suites/Reevio (reevtest_reevtest3)/Min (Reevio) 2">
      <properties>
         <property name="deviceName" value=""/>
         <property name="devicePlatform" value=""/>
         <property name="logFolder" value="C:\\Users\\tester-3\\Katalon Studio\\Reevio_test_2.0\\Reports\\20200207_152150\\Reevio (reevtest_reevtest3)\\Min (Reevio) 2\\20200207_152150"/>
         <property name="logFiles" value="C:\\Users\\tester-3\\Katalon Studio\\Reevio_test_2.0\\Reports\\20200207_152150\\Reevio (reevtest_reevtest3)\\Min (Reevio) 2\\20200207_152150\\execution0.log"/>
         <property name="attachments" value=""/>
         <property name="hostName" value="tester-3 - DESKTOP-J4SE4C2"/>
         <property name="os" value="Windows 10 64bit"/>
         <property name="katalonVersion" value="7.2.1.1"/>
         <property name="browser" value="Chrome 80.0.3987.87"/>
         <property name="hostAddress" value="192.168.1.111"/>
         <property name="sessionId" value="1a940018fc46d7f0b1362b00212fe3b9"/>
         <property name="seleniumVersion" value="3.141.59"/>
         <property name="proxyInformation" value="ProxyInformation{proxyOption=NO_PROXY, proxyServerType=HTTP, password=, proxyServerAddress=, proxyServerPort=0, executionList=}"/>
         <property name="platform" value="Windows 10"/>
      </properties>
      <testcase name="Test Cases/Login and template selection (Reevio) reev" time="34.879" classname="Test Cases/Login and template selection (Reevio) reev" status="PASSED">
         <system-out><![CDATA[2020-02-07 15:21:58 - [TEST_CASE][PASSED] - Test Cases/Login and template selection (Reevio) reev: Test Cases/Login and template selection (Reevio) reev

2020-02-07 15:22:00 - [TEST_STEP][PASSED] - openBrowser(findTestData("vavowDate").getValue(1, 4)): Browser is opened with url: 'https://app3.reevio.com/editor/9984'

2020-02-07 15:22:03 - [MESSAGE][INFO] - Starting 'Chrome' driver

2020-02-07 15:22:03 - [MESSAGE][INFO] - Action delay is set to 0 seconds

2020-02-07 15:22:10 - [MESSAGE][PASSED] - Browser is opened with url: 'https://app3.reevio.com/editor/9984'

2020-02-07 15:22:10 - [TEST_STEP][PASSED] - maximizeWindow(): Current window maximized

2020-02-07 15:22:12 - [MESSAGE][PASSED] - Current window maximized

2020-02-07 15:22:12 - [TEST_STEP][PASSED] - waitForPageLoad(5): Wait for page load successfully

2020-02-07 15:22:13 - [MESSAGE][PASSED] - Wait for page load successfully

2020-02-07 15:22:13 - [TEST_STEP][PASSED] - click(findTestObject("Page_Login/form_Log in")): Object: 'Object Repository/Page_Login/form_Log in' is clicked on

2020-02-07 15:22:14 - [MESSAGE][PASSED] - Object: 'Object Repository/Page_Login/form_Log in' is clicked on

2020-02-07 15:22:14 - [TEST_STEP][PASSED] - setEncryptedText(findTestObject("Page_Login/input_Log in_password"), "NQEmfzfnB2k="): Text ****** has been set on object 'Object Repository/Page_Login/input_Log in_password'

2020-02-07 15:22:15 - [MESSAGE][PASSED] - Text ****** has been set on object 'Object Repository/Page_Login/input_Log in_password'

2020-02-07 15:22:15 - [TEST_STEP][PASSED] - setText(findTestObject("Page_Login/input_Log in_email"), "reevtest@gmail.com"): Text 'reevtest@gmail.com' is set on object 'Object Repository/Page_Login/input_Log in_email'

2020-02-07 15:22:16 - [MESSAGE][PASSED] - Text 'reevtest@gmail.com' is set on object 'Object Repository/Page_Login/input_Log in_email'

2020-02-07 15:22:16 - [TEST_STEP][PASSED] - click(findTestObject("Page_Login/button_Log in")): Object: 'Object Repository/Page_Login/button_Log in' is clicked on

2020-02-07 15:22:21 - [MESSAGE][PASSED] - Object: 'Object Repository/Page_Login/button_Log in' is clicked on

2020-02-07 15:22:21 - [TEST_STEP][PASSED] - navigateToUrl(findTestData("vavowDate").getValue(1, 4)): Navigate to 'https://app3.reevio.com/editor/9984' successfully

2020-02-07 15:22:33 - [MESSAGE][PASSED] - Navigate to 'https://app3.reevio.com/editor/9984' successfully

2020-02-07 15:22:33 - [TEST_STEP][PASSED] - waitForPageLoad(1): Wait for page load successfully

2020-02-07 15:22:33 - [MESSAGE][PASSED] - Wait for page load successfully]]></system-out>
         <system-err><![CDATA[]]></system-err>
      </testcase>
      <testcase name="Test Cases/Deleting 1st scene" time="7.364" classname="Test Cases/Deleting 1st scene" status="FAILED">
         <failure type="FAILED" message="Test Cases/Deleting 1st scene FAILED.
Reason:
com.kms.katalon.core.exception.StepFailedException: com.kms.katalon.core.webui.exception.WebElementNotFoundException: Web element with id: 'Object Repository/Add video in placeholers/Video_img repository (videos, imgs and buttons)/Editor_Scene_1' located by 'By.xpath: //*[@id=&quot;bottom-slider-id&quot;]/div[1]/figure' not found (Root cause: com.kms.katalon.core.exception.StepFailedException: com.kms.katalon.core.webui.exception.WebElementNotFoundException: Web element with id: 'Object Repository/Add video in placeholers/Video_img repository (videos, imgs and buttons)/Editor_Scene_1' located by 'By.xpath: //*[@id=&quot;bottom-slider-id&quot;]/div[1]/figure' not found
	at com.kms.katalon.core.webui.keyword.internal.WebUIKeywordMain.stepFailed(WebUIKeywordMain.groovy:64)
	at com.kms.katalon.core.webui.keyword.builtin.VerifyElementPresentKeyword$_verifyElementPresent_closure1.doCall(VerifyElementPresentKeyword.groovy:85)
	at com.kms.katalon.core.webui.keyword.builtin.VerifyElementPresentKeyword$_verifyElementPresent_closure1.call(VerifyElementPresentKeyword.groovy)
	at com.kms.katalon.core.webui.keyword.internal.WebUIKeywordMain.runKeyword(WebUIKeywordMain.groovy:20)
	at com.kms.katalon.core.webui.keyword.builtin.VerifyElementPresentKeyword.verifyElementPresent(VerifyElementPresentKeyword.groovy:92)
	at com.kms.katalon.core.webui.keyword.builtin.VerifyElementPresentKeyword.execute(VerifyElementPresentKeyword.groovy:68)
	at com.kms.katalon.core.keyword.internal.KeywordExecutor.executeKeywordForPlatform(KeywordExecutor.groovy:72)
	at com.kms.katalon.core.webui.keyword.WebUiBuiltInKeywords.verifyElementPresent(WebUiBuiltInKeywords.groovy:1434)
	at com.kms.katalon.core.webui.keyword.WebUiBuiltInKeywords$verifyElementPresent$6.call(Unknown Source)
	at Deleting 1st scene.run(Deleting 1st scene:32)
	at com.kms.katalon.core.main.ScriptEngine.run(ScriptEngine.java:194)
	at com.kms.katalon.core.main.ScriptEngine.runScriptAsRawText(ScriptEngine.java:119)
	at com.kms.katalon.core.main.TestCaseExecutor.runScript(TestCaseExecutor.java:337)
	at com.kms.katalon.core.main.TestCaseExecutor.doExecute(TestCaseExecutor.java:328)
	at com.kms.katalon.core.main.TestCaseExecutor.processExecutionPhase(TestCaseExecutor.java:307)
	at com.kms.katalon.core.main.TestCaseExecutor.accessMainPhase(TestCaseExecutor.java:299)
	at com.kms.katalon.core.main.TestCaseExecutor.execute(TestCaseExecutor.java:233)
	at com.kms.katalon.core.main.TestSuiteExecutor.accessTestCaseMainPhase(TestSuiteExecutor.java:169)
	at com.kms.katalon.core.main.TestSuiteExecutor.accessTestSuiteMainPhase(TestSuiteExecutor.java:142)
	at com.kms.katalon.core.main.TestSuiteExecutor.execute(TestSuiteExecutor.java:91)
	at com.kms.katalon.core.main.TestCaseMain.startTestSuite(TestCaseMain.java:157)
	at com.kms.katalon.core.main.TestCaseMain$startTestSuite$0.call(Unknown Source)
	at TempTestSuite1581081710748.run(TempTestSuite1581081710748.groovy:36)
)
	at com.kms.katalon.core.keyword.internal.KeywordMain.stepFailed(KeywordMain.groovy:39)
	at com.kms.katalon.core.webui.keyword.internal.WebUIKeywordMain.stepFailed(WebUIKeywordMain.groovy:64)
	at com.kms.katalon.core.webui.keyword.builtin.VerifyElementPresentKeyword$_verifyElementPresent_closure1.doCall(VerifyElementPresentKeyword.groovy:85)
	at com.kms.katalon.core.webui.keyword.builtin.VerifyElementPresentKeyword$_verifyElementPresent_closure1.call(VerifyElementPresentKeyword.groovy)
	at com.kms.katalon.core.webui.keyword.internal.WebUIKeywordMain.runKeyword(WebUIKeywordMain.groovy:20)
	at com.kms.katalon.core.webui.keyword.builtin.VerifyElementPresentKeyword.verifyElementPresent(VerifyElementPresentKeyword.groovy:92)
	at com.kms.katalon.core.webui.keyword.builtin.VerifyElementPresentKeyword.execute(VerifyElementPresentKeyword.groovy:68)
	at com.kms.katalon.core.keyword.internal.KeywordExecutor.executeKeywordForPlatform(KeywordExecutor.groovy:72)
	at com.kms.katalon.core.webui.keyword.WebUiBuiltInKeywords.verifyElementPresent(WebUiBuiltInKeywords.groovy:1434)
	at com.kms.katalon.core.webui.keyword.WebUiBuiltInKeywords$verifyElementPresent$6.call(Unknown Source)
	at Deleting 1st scene.run(Deleting 1st scene:32)
	at com.kms.katalon.core.main.ScriptEngine.run(ScriptEngine.java:194)
	at com.kms.katalon.core.main.ScriptEngine.runScriptAsRawText(ScriptEngine.java:119)
	at com.kms.katalon.core.main.TestCaseExecutor.runScript(TestCaseExecutor.java:337)
	at com.kms.katalon.core.main.TestCaseExecutor.doExecute(TestCaseExecutor.java:328)
	at com.kms.katalon.core.main.TestCaseExecutor.processExecutionPhase(TestCaseExecutor.java:307)
	at com.kms.katalon.core.main.TestCaseExecutor.accessMainPhase(TestCaseExecutor.java:299)
	at com.kms.katalon.core.main.TestCaseExecutor.execute(TestCaseExecutor.java:233)
	at com.kms.katalon.core.main.TestSuiteExecutor.accessTestCaseMainPhase(TestSuiteExecutor.java:169)
	at com.kms.katalon.core.main.TestSuiteExecutor.accessTestSuiteMainPhase(TestSuiteExecutor.java:142)
	at com.kms.katalon.core.main.TestSuiteExecutor.execute(TestSuiteExecutor.java:91)
	at com.kms.katalon.core.main.TestCaseMain.startTestSuite(TestCaseMain.java:157)
	at com.kms.katalon.core.main.TestCaseMain$startTestSuite$0.call(Unknown Source)
	at TempTestSuite1581081710748.run(TempTestSuite1581081710748.groovy:36)
Caused by: com.kms.katalon.core.exception.StepFailedException: com.kms.katalon.core.webui.exception.WebElementNotFoundException: Web element with id: 'Object Repository/Add video in placeholers/Video_img repository (videos, imgs and buttons)/Editor_Scene_1' located by 'By.xpath: //*[@id=&quot;bottom-slider-id&quot;]/div[1]/figure' not found
	... 23 more
"/>
         <system-out><![CDATA[2020-02-07 15:22:33 - [TEST_CASE][FAILED] - Test Cases/Deleting 1st scene: Test Cases/Deleting 1st scene FAILED.
Reason:
com.kms.katalon.core.exception.StepFailedException: com.kms.katalon.core.webui.exception.WebElementNotFoundException: Web element with id: 'Object Repository/Add video in placeholers/Video_img repository (videos, imgs and buttons)/Editor_Scene_1' located by 'By.xpath: //*[@id="bottom-slider-id"]/div[1]/figure' not found (Root cause: com.kms.katalon.core.exception.StepFailedException: com.kms.katalon.core.webui.exception.WebElementNotFoundException: Web element with id: 'Object Repository/Add video in placeholers/Video_img repository (videos, imgs and buttons)/Editor_Scene_1' located by 'By.xpath: //*[@id="bottom-slider-id"]/div[1]/figure' not found
	at com.kms.katalon.core.webui.keyword.internal.WebUIKeywordMain.stepFailed(WebUIKeywordMain.groovy:64)
	at com.kms.katalon.core.webui.keyword.builtin.VerifyElementPresentKeyword$_verifyElementPresent_closure1.doCall(VerifyElementPresentKeyword.groovy:85)
	at com.kms.katalon.core.webui.keyword.builtin.VerifyElementPresentKeyword$_verifyElementPresent_closure1.call(VerifyElementPresentKeyword.groovy)
	at com.kms.katalon.core.webui.keyword.internal.WebUIKeywordMain.runKeyword(WebUIKeywordMain.groovy:20)
	at com.kms.katalon.core.webui.keyword.builtin.VerifyElementPresentKeyword.verifyElementPresent(VerifyElementPresentKeyword.groovy:92)
	at com.kms.katalon.core.webui.keyword.builtin.VerifyElementPresentKeyword.execute(VerifyElementPresentKeyword.groovy:68)
	at com.kms.katalon.core.keyword.internal.KeywordExecutor.executeKeywordForPlatform(KeywordExecutor.groovy:72)
	at com.kms.katalon.core.webui.keyword.WebUiBuiltInKeywords.verifyElementPresent(WebUiBuiltInKeywords.groovy:1434)
	at com.kms.katalon.core.webui.keyword.WebUiBuiltInKeywords$verifyElementPresent$6.call(Unknown Source)
	at Deleting 1st scene.run(Deleting 1st scene:32)
	at com.kms.katalon.core.main.ScriptEngine.run(ScriptEngine.java:194)
	at com.kms.katalon.core.main.ScriptEngine.runScriptAsRawText(ScriptEngine.java:119)
	at com.kms.katalon.core.main.TestCaseExecutor.runScript(TestCaseExecutor.java:337)
	at com.kms.katalon.core.main.TestCaseExecutor.doExecute(TestCaseExecutor.java:328)
	at com.kms.katalon.core.main.TestCaseExecutor.processExecutionPhase(TestCaseExecutor.java:307)
	at com.kms.katalon.core.main.TestCaseExecutor.accessMainPhase(TestCaseExecutor.java:299)
	at com.kms.katalon.core.main.TestCaseExecutor.execute(TestCaseExecutor.java:233)
	at com.kms.katalon.core.main.TestSuiteExecutor.accessTestCaseMainPhase(TestSuiteExecutor.java:169)
	at com.kms.katalon.core.main.TestSuiteExecutor.accessTestSuiteMainPhase(TestSuiteExecutor.java:142)
	at com.kms.katalon.core.main.TestSuiteExecutor.execute(TestSuiteExecutor.java:91)
	at com.kms.katalon.core.main.TestCaseMain.startTestSuite(TestCaseMain.java:157)
	at com.kms.katalon.core.main.TestCaseMain$startTestSuite$0.call(Unknown Source)
	at TempTestSuite1581081710748.run(TempTestSuite1581081710748.groovy:36)
)
	at com.kms.katalon.core.keyword.internal.KeywordMain.stepFailed(KeywordMain.groovy:39)
	at com.kms.katalon.core.webui.keyword.internal.WebUIKeywordMain.stepFailed(WebUIKeywordMain.groovy:64)
	at com.kms.katalon.core.webui.keyword.builtin.VerifyElementPresentKeyword$_verifyElementPresent_closure1.doCall(VerifyElementPresentKeyword.groovy:85)
	at com.kms.katalon.core.webui.keyword.builtin.VerifyElementPresentKeyword$_verifyElementPresent_closure1.call(VerifyElementPresentKeyword.groovy)
	at com.kms.katalon.core.webui.keyword.internal.WebUIKeywordMain.runKeyword(WebUIKeywordMain.groovy:20)
	at com.kms.katalon.core.webui.keyword.builtin.VerifyElementPresentKeyword.verifyElementPresent(VerifyElementPresentKeyword.groovy:92)
	at com.kms.katalon.core.webui.keyword.builtin.VerifyElementPresentKeyword.execute(VerifyElementPresentKeyword.groovy:68)
	at com.kms.katalon.core.keyword.internal.KeywordExecutor.executeKeywordForPlatform(KeywordExecutor.groovy:72)
	at com.kms.katalon.core.webui.keyword.WebUiBuiltInKeywords.verifyElementPresent(WebUiBuiltInKeywords.groovy:1434)
	at com.kms.katalon.core.webui.keyword.WebUiBuiltInKeywords$verifyElementPresent$6.call(Unknown Source)
	at Deleting 1st scene.run(Deleting 1st scene:32)
	at com.kms.katalon.core.main.ScriptEngine.run(ScriptEngine.java:194)
	at com.kms.katalon.core.main.ScriptEngine.runScriptAsRawText(ScriptEngine.java:119)
	at com.kms.katalon.core.main.TestCaseExecutor.runScript(TestCaseExecutor.java:337)
	at com.kms.katalon.core.main.TestCaseExecutor.doExecute(TestCaseExecutor.java:328)
	at com.kms.katalon.core.main.TestCaseExecutor.processExecutionPhase(TestCaseExecutor.java:307)
	at com.kms.katalon.core.main.TestCaseExecutor.accessMainPhase(TestCaseExecutor.java:299)
	at com.kms.katalon.core.main.TestCaseExecutor.execute(TestCaseExecutor.java:233)
	at com.kms.katalon.core.main.TestSuiteExecutor.accessTestCaseMainPhase(TestSuiteExecutor.java:169)
	at com.kms.katalon.core.main.TestSuiteExecutor.accessTestSuiteMainPhase(TestSuiteExecutor.java:142)
	at com.kms.katalon.core.main.TestSuiteExecutor.execute(TestSuiteExecutor.java:91)
	at com.kms.katalon.core.main.TestCaseMain.startTestSuite(TestCaseMain.java:157)
	at com.kms.katalon.core.main.TestCaseMain$startTestSuite$0.call(Unknown Source)
	at TempTestSuite1581081710748.run(TempTestSuite1581081710748.groovy:36)
Caused by: com.kms.katalon.core.exception.StepFailedException: com.kms.katalon.core.webui.exception.WebElementNotFoundException: Web element with id: 'Object Repository/Add video in placeholers/Video_img repository (videos, imgs and buttons)/Editor_Scene_1' located by 'By.xpath: //*[@id="bottom-slider-id"]/div[1]/figure' not found
	... 23 more


2020-02-07 15:22:34 - [TEST_STEP][PASSED] - myNewObject = new com.kms.katalon.core.testobject.TestObject(default Scene): null

2020-02-07 15:22:34 - [TEST_STEP][PASSED] - myNewObject.addProperty("xpath", EQUALS, "//*[@id="s-tools"]"): null

2020-02-07 15:22:34 - [TEST_STEP][PASSED] - removeBtn = new com.kms.katalon.core.testobject.TestObject(removeBtn): null

2020-02-07 15:22:34 - [TEST_STEP][PASSED] - removeBtn.addProperty("xpath", EQUALS, "//div[@class="popover-content"]//a[@class="delete_slide"]"): null

2020-02-07 15:22:34 - [TEST_STEP][PASSED] - deleteBtn = new com.kms.katalon.core.testobject.TestObject(deleteBtn): null

2020-02-07 15:22:34 - [TEST_STEP][PASSED] - deleteBtn.addProperty("xpath", EQUALS, "//a[@id="yes_delete"]"): null

2020-02-07 15:22:34 - [TEST_STEP][FAILED] - for ([i = 1, i < 20, (i++)]): null

2020-02-07 15:22:34 - [TEST_STEP][PASSED] - if (verifyElementPresent(findTestObject("Add video in placeholers/Video_img repository (videos, imgs and buttons)/Editor_Scene_1"), 0) == true): null

2020-02-07 15:22:34 - [MESSAGE][WARNING] - Timeout '0' is invalid. Using default page load timeout: '1'

2020-02-07 15:22:35 - [MESSAGE][PASSED] - Object 'Object Repository/Add video in placeholers/Video_img repository (videos, imgs and buttons)/Editor_Scene_1' is present

2020-02-07 15:22:35 - [TEST_STEP][PASSED] - doubleClick(findTestObject("Add video in placeholers/Video_img repository (videos, imgs and buttons)/Editor_Scene_1")): Object: 'Object Repository/Add video in placeholers/Video_img repository (videos, imgs and buttons)/Editor_Scene_1' is double clicked on

2020-02-07 15:22:36 - [MESSAGE][PASSED] - Object: 'Object Repository/Add video in placeholers/Video_img repository (videos, imgs and buttons)/Editor_Scene_1' is double clicked on

2020-02-07 15:22:36 - [TEST_STEP][PASSED] - click(myNewObject): Object: 'default Scene' is clicked on

2020-02-07 15:22:36 - [MESSAGE][PASSED] - Object: 'default Scene' is clicked on

2020-02-07 15:22:36 - [TEST_STEP][PASSED] - Thread.sleep(200): null

2020-02-07 15:22:36 - [TEST_STEP][PASSED] - click(removeBtn): Object: 'removeBtn' is clicked on

2020-02-07 15:22:37 - [MESSAGE][PASSED] - Object: 'removeBtn' is clicked on

2020-02-07 15:22:37 - [TEST_STEP][PASSED] - Thread.sleep(1200): null

2020-02-07 15:22:38 - [TEST_STEP][PASSED] - click(deleteBtn): Object: 'deleteBtn' is clicked on

2020-02-07 15:22:39 - [MESSAGE][PASSED] - Object: 'deleteBtn' is clicked on

2020-02-07 15:22:39 - [TEST_STEP][FAILED] - if (verifyElementPresent(findTestObject("Add video in placeholers/Video_img repository (videos, imgs and buttons)/Editor_Scene_1"), 0) == true): com.kms.katalon.core.webui.exception.WebElementNotFoundException: Web element with id: 'Object Repository/Add video in placeholers/Video_img repository (videos, imgs and buttons)/Editor_Scene_1' located by 'By.xpath: //*[@id="bottom-slider-id"]/div[1]/figure' not found (Root cause: com.kms.katalon.core.exception.StepFailedException: com.kms.katalon.core.webui.exception.WebElementNotFoundException: Web element with id: 'Object Repository/Add video in placeholers/Video_img repository (videos, imgs and buttons)/Editor_Scene_1' located by 'By.xpath: //*[@id="bottom-slider-id"]/div[1]/figure' not found
	at com.kms.katalon.core.webui.keyword.internal.WebUIKeywordMain.stepFailed(WebUIKeywordMain.groovy:64)
	at com.kms.katalon.core.webui.keyword.builtin.VerifyElementPresentKeyword$_verifyElementPresent_closure1.doCall(VerifyElementPresentKeyword.groovy:85)
	at com.kms.katalon.core.webui.keyword.builtin.VerifyElementPresentKeyword$_verifyElementPresent_closure1.call(VerifyElementPresentKeyword.groovy)
	at com.kms.katalon.core.webui.keyword.internal.WebUIKeywordMain.runKeyword(WebUIKeywordMain.groovy:20)
	at com.kms.katalon.core.webui.keyword.builtin.VerifyElementPresentKeyword.verifyElementPresent(VerifyElementPresentKeyword.groovy:92)
	at com.kms.katalon.core.webui.keyword.builtin.VerifyElementPresentKeyword.execute(VerifyElementPresentKeyword.groovy:68)
	at com.kms.katalon.core.keyword.internal.KeywordExecutor.executeKeywordForPlatform(KeywordExecutor.groovy:72)
	at com.kms.katalon.core.webui.keyword.WebUiBuiltInKeywords.verifyElementPresent(WebUiBuiltInKeywords.groovy:1434)
	at com.kms.katalon.core.webui.keyword.WebUiBuiltInKeywords$verifyElementPresent$6.call(Unknown Source)
	at Deleting 1st scene.run(Deleting 1st scene:32)
	at com.kms.katalon.core.main.ScriptEngine.run(ScriptEngine.java:194)
	at com.kms.katalon.core.main.ScriptEngine.runScriptAsRawText(ScriptEngine.java:119)
	at com.kms.katalon.core.main.TestCaseExecutor.runScript(TestCaseExecutor.java:337)
	at com.kms.katalon.core.main.TestCaseExecutor.doExecute(TestCaseExecutor.java:328)
	at com.kms.katalon.core.main.TestCaseExecutor.processExecutionPhase(TestCaseExecutor.java:307)
	at com.kms.katalon.core.main.TestCaseExecutor.accessMainPhase(TestCaseExecutor.java:299)
	at com.kms.katalon.core.main.TestCaseExecutor.execute(TestCaseExecutor.java:233)
	at com.kms.katalon.core.main.TestSuiteExecutor.accessTestCaseMainPhase(TestSuiteExecutor.java:169)
	at com.kms.katalon.core.main.TestSuiteExecutor.accessTestSuiteMainPhase(TestSuiteExecutor.java:142)
	at com.kms.katalon.core.main.TestSuiteExecutor.execute(TestSuiteExecutor.java:91)
	at com.kms.katalon.core.main.TestCaseMain.startTestSuite(TestCaseMain.java:157)
	at com.kms.katalon.core.main.TestCaseMain$startTestSuite$0.call(Unknown Source)
	at TempTestSuite1581081710748.run(TempTestSuite1581081710748.groovy:36)
)

2020-02-07 15:22:39 - [MESSAGE][WARNING] - Timeout '0' is invalid. Using default page load timeout: '1'

2020-02-07 15:22:40 - [MESSAGE][INFO] - Unable to find the element located by 'By.xpath: //*[@id="bottom-slider-id"]/div[1]/figure'. Please recheck the objects properties to make sure the desired element is located. 

2020-02-07 15:22:40 - [MESSAGE][FAILED] - com.kms.katalon.core.webui.exception.WebElementNotFoundException: Web element with id: 'Object Repository/Add video in placeholers/Video_img repository (videos, imgs and buttons)/Editor_Scene_1' located by 'By.xpath: //*[@id="bottom-slider-id"]/div[1]/figure' not found (Root cause: com.kms.katalon.core.exception.StepFailedException: com.kms.katalon.core.webui.exception.WebElementNotFoundException: Web element with id: 'Object Repository/Add video in placeholers/Video_img repository (videos, imgs and buttons)/Editor_Scene_1' located by 'By.xpath: //*[@id="bottom-slider-id"]/div[1]/figure' not found
	at com.kms.katalon.core.webui.keyword.internal.WebUIKeywordMain.stepFailed(WebUIKeywordMain.groovy:64)
	at com.kms.katalon.core.webui.keyword.builtin.VerifyElementPresentKeyword$_verifyElementPresent_closure1.doCall(VerifyElementPresentKeyword.groovy:85)
	at com.kms.katalon.core.webui.keyword.builtin.VerifyElementPresentKeyword$_verifyElementPresent_closure1.call(VerifyElementPresentKeyword.groovy)
	at com.kms.katalon.core.webui.keyword.internal.WebUIKeywordMain.runKeyword(WebUIKeywordMain.groovy:20)
	at com.kms.katalon.core.webui.keyword.builtin.VerifyElementPresentKeyword.verifyElementPresent(VerifyElementPresentKeyword.groovy:92)
	at com.kms.katalon.core.webui.keyword.builtin.VerifyElementPresentKeyword.execute(VerifyElementPresentKeyword.groovy:68)
	at com.kms.katalon.core.keyword.internal.KeywordExecutor.executeKeywordForPlatform(KeywordExecutor.groovy:72)
	at com.kms.katalon.core.webui.keyword.WebUiBuiltInKeywords.verifyElementPresent(WebUiBuiltInKeywords.groovy:1434)
	at com.kms.katalon.core.webui.keyword.WebUiBuiltInKeywords$verifyElementPresent$6.call(Unknown Source)
	at Deleting 1st scene.run(Deleting 1st scene:32)
	at com.kms.katalon.core.main.ScriptEngine.run(ScriptEngine.java:194)
	at com.kms.katalon.core.main.ScriptEngine.runScriptAsRawText(ScriptEngine.java:119)
	at com.kms.katalon.core.main.TestCaseExecutor.runScript(TestCaseExecutor.java:337)
	at com.kms.katalon.core.main.TestCaseExecutor.doExecute(TestCaseExecutor.java:328)
	at com.kms.katalon.core.main.TestCaseExecutor.processExecutionPhase(TestCaseExecutor.java:307)
	at com.kms.katalon.core.main.TestCaseExecutor.accessMainPhase(TestCaseExecutor.java:299)
	at com.kms.katalon.core.main.TestCaseExecutor.execute(TestCaseExecutor.java:233)
	at com.kms.katalon.core.main.TestSuiteExecutor.accessTestCaseMainPhase(TestSuiteExecutor.java:169)
	at com.kms.katalon.core.main.TestSuiteExecutor.accessTestSuiteMainPhase(TestSuiteExecutor.java:142)
	at com.kms.katalon.core.main.TestSuiteExecutor.execute(TestSuiteExecutor.java:91)
	at com.kms.katalon.core.main.TestCaseMain.startTestSuite(TestCaseMain.java:157)
	at com.kms.katalon.core.main.TestCaseMain$startTestSuite$0.call(Unknown Source)
	at TempTestSuite1581081710748.run(TempTestSuite1581081710748.groovy:36)
)

2020-02-07 15:22:40 - [TEST_STEP][PASSED] - else: null

2020-02-07 15:22:40 - [TEST_STEP][PASSED] - break: null]]></system-out>
         <system-err><![CDATA[2020-02-07 15:22:33 - [TEST_CASE][FAILED] - Test Cases/Deleting 1st scene: Test Cases/Deleting 1st scene FAILED.
Reason:
com.kms.katalon.core.exception.StepFailedException: com.kms.katalon.core.webui.exception.WebElementNotFoundException: Web element with id: 'Object Repository/Add video in placeholers/Video_img repository (videos, imgs and buttons)/Editor_Scene_1' located by 'By.xpath: //*[@id="bottom-slider-id"]/div[1]/figure' not found (Root cause: com.kms.katalon.core.exception.StepFailedException: com.kms.katalon.core.webui.exception.WebElementNotFoundException: Web element with id: 'Object Repository/Add video in placeholers/Video_img repository (videos, imgs and buttons)/Editor_Scene_1' located by 'By.xpath: //*[@id="bottom-slider-id"]/div[1]/figure' not found
	at com.kms.katalon.core.webui.keyword.internal.WebUIKeywordMain.stepFailed(WebUIKeywordMain.groovy:64)
	at com.kms.katalon.core.webui.keyword.builtin.VerifyElementPresentKeyword$_verifyElementPresent_closure1.doCall(VerifyElementPresentKeyword.groovy:85)
	at com.kms.katalon.core.webui.keyword.builtin.VerifyElementPresentKeyword$_verifyElementPresent_closure1.call(VerifyElementPresentKeyword.groovy)
	at com.kms.katalon.core.webui.keyword.internal.WebUIKeywordMain.runKeyword(WebUIKeywordMain.groovy:20)
	at com.kms.katalon.core.webui.keyword.builtin.VerifyElementPresentKeyword.verifyElementPresent(VerifyElementPresentKeyword.groovy:92)
	at com.kms.katalon.core.webui.keyword.builtin.VerifyElementPresentKeyword.execute(VerifyElementPresentKeyword.groovy:68)
	at com.kms.katalon.core.keyword.internal.KeywordExecutor.executeKeywordForPlatform(KeywordExecutor.groovy:72)
	at com.kms.katalon.core.webui.keyword.WebUiBuiltInKeywords.verifyElementPresent(WebUiBuiltInKeywords.groovy:1434)
	at com.kms.katalon.core.webui.keyword.WebUiBuiltInKeywords$verifyElementPresent$6.call(Unknown Source)
	at Deleting 1st scene.run(Deleting 1st scene:32)
	at com.kms.katalon.core.main.ScriptEngine.run(ScriptEngine.java:194)
	at com.kms.katalon.core.main.ScriptEngine.runScriptAsRawText(ScriptEngine.java:119)
	at com.kms.katalon.core.main.TestCaseExecutor.runScript(TestCaseExecutor.java:337)
	at com.kms.katalon.core.main.TestCaseExecutor.doExecute(TestCaseExecutor.java:328)
	at com.kms.katalon.core.main.TestCaseExecutor.processExecutionPhase(TestCaseExecutor.java:307)
	at com.kms.katalon.core.main.TestCaseExecutor.accessMainPhase(TestCaseExecutor.java:299)
	at com.kms.katalon.core.main.TestCaseExecutor.execute(TestCaseExecutor.java:233)
	at com.kms.katalon.core.main.TestSuiteExecutor.accessTestCaseMainPhase(TestSuiteExecutor.java:169)
	at com.kms.katalon.core.main.TestSuiteExecutor.accessTestSuiteMainPhase(TestSuiteExecutor.java:142)
	at com.kms.katalon.core.main.TestSuiteExecutor.execute(TestSuiteExecutor.java:91)
	at com.kms.katalon.core.main.TestCaseMain.startTestSuite(TestCaseMain.java:157)
	at com.kms.katalon.core.main.TestCaseMain$startTestSuite$0.call(Unknown Source)
	at TempTestSuite1581081710748.run(TempTestSuite1581081710748.groovy:36)
)
	at com.kms.katalon.core.keyword.internal.KeywordMain.stepFailed(KeywordMain.groovy:39)
	at com.kms.katalon.core.webui.keyword.internal.WebUIKeywordMain.stepFailed(WebUIKeywordMain.groovy:64)
	at com.kms.katalon.core.webui.keyword.builtin.VerifyElementPresentKeyword$_verifyElementPresent_closure1.doCall(VerifyElementPresentKeyword.groovy:85)
	at com.kms.katalon.core.webui.keyword.builtin.VerifyElementPresentKeyword$_verifyElementPresent_closure1.call(VerifyElementPresentKeyword.groovy)
	at com.kms.katalon.core.webui.keyword.internal.WebUIKeywordMain.runKeyword(WebUIKeywordMain.groovy:20)
	at com.kms.katalon.core.webui.keyword.builtin.VerifyElementPresentKeyword.verifyElementPresent(VerifyElementPresentKeyword.groovy:92)
	at com.kms.katalon.core.webui.keyword.builtin.VerifyElementPresentKeyword.execute(VerifyElementPresentKeyword.groovy:68)
	at com.kms.katalon.core.keyword.internal.KeywordExecutor.executeKeywordForPlatform(KeywordExecutor.groovy:72)
	at com.kms.katalon.core.webui.keyword.WebUiBuiltInKeywords.verifyElementPresent(WebUiBuiltInKeywords.groovy:1434)
	at com.kms.katalon.core.webui.keyword.WebUiBuiltInKeywords$verifyElementPresent$6.call(Unknown Source)
	at Deleting 1st scene.run(Deleting 1st scene:32)
	at com.kms.katalon.core.main.ScriptEngine.run(ScriptEngine.java:194)
	at com.kms.katalon.core.main.ScriptEngine.runScriptAsRawText(ScriptEngine.java:119)
	at com.kms.katalon.core.main.TestCaseExecutor.runScript(TestCaseExecutor.java:337)
	at com.kms.katalon.core.main.TestCaseExecutor.doExecute(TestCaseExecutor.java:328)
	at com.kms.katalon.core.main.TestCaseExecutor.processExecutionPhase(TestCaseExecutor.java:307)
	at com.kms.katalon.core.main.TestCaseExecutor.accessMainPhase(TestCaseExecutor.java:299)
	at com.kms.katalon.core.main.TestCaseExecutor.execute(TestCaseExecutor.java:233)
	at com.kms.katalon.core.main.TestSuiteExecutor.accessTestCaseMainPhase(TestSuiteExecutor.java:169)
	at com.kms.katalon.core.main.TestSuiteExecutor.accessTestSuiteMainPhase(TestSuiteExecutor.java:142)
	at com.kms.katalon.core.main.TestSuiteExecutor.execute(TestSuiteExecutor.java:91)
	at com.kms.katalon.core.main.TestCaseMain.startTestSuite(TestCaseMain.java:157)
	at com.kms.katalon.core.main.TestCaseMain$startTestSuite$0.call(Unknown Source)
	at TempTestSuite1581081710748.run(TempTestSuite1581081710748.groovy:36)
Caused by: com.kms.katalon.core.exception.StepFailedException: com.kms.katalon.core.webui.exception.WebElementNotFoundException: Web element with id: 'Object Repository/Add video in placeholers/Video_img repository (videos, imgs and buttons)/Editor_Scene_1' located by 'By.xpath: //*[@id="bottom-slider-id"]/div[1]/figure' not found
	... 23 more]]></system-err>
      </testcase>
      <testcase name="Test Cases/Scenes adding (30 scenes) cycles" time="54.164" classname="Test Cases/Scenes adding (30 scenes) cycles" status="PASSED">
         <system-out><![CDATA[2020-02-07 15:22:40 - [TEST_CASE][PASSED] - Test Cases/Scenes adding (30 scenes) cycles: Test Cases/Scenes adding (30 scenes) cycles

2020-02-07 15:22:41 - [TEST_STEP][PASSED] - waitForPageLoad(1): Wait for page load successfully

2020-02-07 15:22:42 - [MESSAGE][PASSED] - Wait for page load successfully

2020-02-07 15:22:42 - [TEST_STEP][PASSED] - click(findTestObject("Add video in placeholers/From recorder/img_add_scenes")): Object: 'Object Repository/Add video in placeholers/From recorder/img_add_scenes' is clicked on

2020-02-07 15:22:43 - [MESSAGE][PASSED] - Object: 'Object Repository/Add video in placeholers/From recorder/img_add_scenes' is clicked on

2020-02-07 15:22:43 - [TEST_STEP][PASSED] - waitForPageLoad(5): Wait for page load successfully

2020-02-07 15:22:43 - [MESSAGE][PASSED] - Wait for page load successfully

2020-02-07 15:22:43 - [TEST_STEP][PASSED] - delay(1): Delayed 1 second(s)

2020-02-07 15:22:44 - [MESSAGE][PASSED] - Delayed 1 second(s)

2020-02-07 15:22:44 - [TEST_STEP][PASSED] - for ([i = 1, i < 12, (i++)]): null

2020-02-07 15:22:44 - [TEST_STEP][PASSED] - Thread.sleep(500): null

2020-02-07 15:22:45 - [TEST_STEP][PASSED] - if (verifyElementVisibleInViewport(findTestObject("Add video in placeholers/From recorder/Scenes_adding/div_Scene " + i), 1) == true): null

2020-02-07 15:22:45 - [MESSAGE][PASSED] - Object 'Object Repository/Add video in placeholers/From recorder/Scenes_adding/div_Scene 1' is present and visible in viewport

2020-02-07 15:22:45 - [TEST_STEP][PASSED] - focus(findTestObject("Add video in placeholers/From recorder/Scenes_adding/div_Scene " + i)): Object: 'Object Repository/Add video in placeholers/From recorder/Scenes_adding/div_Scene 1' is focused

2020-02-07 15:22:46 - [MESSAGE][PASSED] - Object: 'Object Repository/Add video in placeholers/From recorder/Scenes_adding/div_Scene 1' is focused

2020-02-07 15:22:46 - [TEST_STEP][PASSED] - waitForElementVisible(findTestObject("Add video in placeholers/From recorder/Scenes_adding/li__Scene_" + i), 5): Object 'Object Repository/Add video in placeholers/From recorder/Scenes_adding/li__Scene_1' is visible

2020-02-07 15:22:48 - [MESSAGE][PASSED] - Object 'Object Repository/Add video in placeholers/From recorder/Scenes_adding/li__Scene_1' is visible

2020-02-07 15:22:48 - [TEST_STEP][PASSED] - click(findTestObject("Add video in placeholers/From recorder/Scenes_adding/li__Scene_" + i)): Object: 'Object Repository/Add video in placeholers/From recorder/Scenes_adding/li__Scene_1' is clicked on

2020-02-07 15:22:49 - [MESSAGE][PASSED] - Object: 'Object Repository/Add video in placeholers/From recorder/Scenes_adding/li__Scene_1' is clicked on

2020-02-07 15:22:49 - [TEST_STEP][PASSED] - Thread.sleep(200): null

2020-02-07 15:22:49 - [TEST_STEP][PASSED] - Thread.sleep(500): null

2020-02-07 15:22:49 - [TEST_STEP][PASSED] - if (verifyElementVisibleInViewport(findTestObject("Add video in placeholers/From recorder/Scenes_adding/div_Scene " + i), 1) == true): null

2020-02-07 15:22:50 - [MESSAGE][PASSED] - Object 'Object Repository/Add video in placeholers/From recorder/Scenes_adding/div_Scene 2' is present and visible in viewport

2020-02-07 15:22:50 - [TEST_STEP][PASSED] - focus(findTestObject("Add video in placeholers/From recorder/Scenes_adding/div_Scene " + i)): Object: 'Object Repository/Add video in placeholers/From recorder/Scenes_adding/div_Scene 2' is focused

2020-02-07 15:22:50 - [MESSAGE][PASSED] - Object: 'Object Repository/Add video in placeholers/From recorder/Scenes_adding/div_Scene 2' is focused

2020-02-07 15:22:50 - [TEST_STEP][PASSED] - waitForElementVisible(findTestObject("Add video in placeholers/From recorder/Scenes_adding/li__Scene_" + i), 5): Object 'Object Repository/Add video in placeholers/From recorder/Scenes_adding/li__Scene_2' is visible

2020-02-07 15:22:52 - [MESSAGE][PASSED] - Object 'Object Repository/Add video in placeholers/From recorder/Scenes_adding/li__Scene_2' is visible

2020-02-07 15:22:52 - [TEST_STEP][PASSED] - click(findTestObject("Add video in placeholers/From recorder/Scenes_adding/li__Scene_" + i)): Object: 'Object Repository/Add video in placeholers/From recorder/Scenes_adding/li__Scene_2' is clicked on

2020-02-07 15:22:52 - [MESSAGE][PASSED] - Object: 'Object Repository/Add video in placeholers/From recorder/Scenes_adding/li__Scene_2' is clicked on

2020-02-07 15:22:52 - [TEST_STEP][PASSED] - Thread.sleep(200): null

2020-02-07 15:22:52 - [TEST_STEP][PASSED] - Thread.sleep(500): null

2020-02-07 15:22:53 - [TEST_STEP][PASSED] - if (verifyElementVisibleInViewport(findTestObject("Add video in placeholers/From recorder/Scenes_adding/div_Scene " + i), 1) == true): null

2020-02-07 15:22:54 - [MESSAGE][PASSED] - Object 'Object Repository/Add video in placeholers/From recorder/Scenes_adding/div_Scene 3' is present and visible in viewport

2020-02-07 15:22:54 - [TEST_STEP][PASSED] - focus(findTestObject("Add video in placeholers/From recorder/Scenes_adding/div_Scene " + i)): Object: 'Object Repository/Add video in placeholers/From recorder/Scenes_adding/div_Scene 3' is focused

2020-02-07 15:22:55 - [MESSAGE][PASSED] - Object: 'Object Repository/Add video in placeholers/From recorder/Scenes_adding/div_Scene 3' is focused

2020-02-07 15:22:55 - [TEST_STEP][PASSED] - waitForElementVisible(findTestObject("Add video in placeholers/From recorder/Scenes_adding/li__Scene_" + i), 5): Object 'Object Repository/Add video in placeholers/From recorder/Scenes_adding/li__Scene_3' is visible

2020-02-07 15:22:56 - [MESSAGE][PASSED] - Object 'Object Repository/Add video in placeholers/From recorder/Scenes_adding/li__Scene_3' is visible

2020-02-07 15:22:56 - [TEST_STEP][PASSED] - click(findTestObject("Add video in placeholers/From recorder/Scenes_adding/li__Scene_" + i)): Object: 'Object Repository/Add video in placeholers/From recorder/Scenes_adding/li__Scene_3' is clicked on

2020-02-07 15:22:57 - [MESSAGE][PASSED] - Object: 'Object Repository/Add video in placeholers/From recorder/Scenes_adding/li__Scene_3' is clicked on

2020-02-07 15:22:57 - [TEST_STEP][PASSED] - Thread.sleep(200): null

2020-02-07 15:22:57 - [TEST_STEP][PASSED] - Thread.sleep(500): null

2020-02-07 15:22:58 - [TEST_STEP][PASSED] - if (verifyElementVisibleInViewport(findTestObject("Add video in placeholers/From recorder/Scenes_adding/div_Scene " + i), 1) == true): null

2020-02-07 15:22:59 - [MESSAGE][PASSED] - Object 'Object Repository/Add video in placeholers/From recorder/Scenes_adding/div_Scene 4' is present and visible in viewport

2020-02-07 15:22:59 - [TEST_STEP][PASSED] - focus(findTestObject("Add video in placeholers/From recorder/Scenes_adding/div_Scene " + i)): Object: 'Object Repository/Add video in placeholers/From recorder/Scenes_adding/div_Scene 4' is focused

2020-02-07 15:23:00 - [MESSAGE][PASSED] - Object: 'Object Repository/Add video in placeholers/From recorder/Scenes_adding/div_Scene 4' is focused

2020-02-07 15:23:00 - [TEST_STEP][PASSED] - waitForElementVisible(findTestObject("Add video in placeholers/From recorder/Scenes_adding/li__Scene_" + i), 5): Object 'Object Repository/Add video in placeholers/From recorder/Scenes_adding/li__Scene_4' is visible

2020-02-07 15:23:00 - [MESSAGE][PASSED] - Object 'Object Repository/Add video in placeholers/From recorder/Scenes_adding/li__Scene_4' is visible

2020-02-07 15:23:00 - [TEST_STEP][PASSED] - click(findTestObject("Add video in placeholers/From recorder/Scenes_adding/li__Scene_" + i)): Object: 'Object Repository/Add video in placeholers/From recorder/Scenes_adding/li__Scene_4' is clicked on

2020-02-07 15:23:01 - [MESSAGE][PASSED] - Object: 'Object Repository/Add video in placeholers/From recorder/Scenes_adding/li__Scene_4' is clicked on

2020-02-07 15:23:01 - [TEST_STEP][PASSED] - Thread.sleep(200): null

2020-02-07 15:23:01 - [TEST_STEP][PASSED] - Thread.sleep(500): null

2020-02-07 15:23:01 - [TEST_STEP][PASSED] - if (verifyElementVisibleInViewport(findTestObject("Add video in placeholers/From recorder/Scenes_adding/div_Scene " + i), 1) == true): null

2020-02-07 15:23:02 - [MESSAGE][PASSED] - Object 'Object Repository/Add video in placeholers/From recorder/Scenes_adding/div_Scene 5' is present and visible in viewport

2020-02-07 15:23:02 - [TEST_STEP][PASSED] - focus(findTestObject("Add video in placeholers/From recorder/Scenes_adding/div_Scene " + i)): Object: 'Object Repository/Add video in placeholers/From recorder/Scenes_adding/div_Scene 5' is focused

2020-02-07 15:23:03 - [MESSAGE][PASSED] - Object: 'Object Repository/Add video in placeholers/From recorder/Scenes_adding/div_Scene 5' is focused

2020-02-07 15:23:03 - [TEST_STEP][PASSED] - waitForElementVisible(findTestObject("Add video in placeholers/From recorder/Scenes_adding/li__Scene_" + i), 5): Object 'Object Repository/Add video in placeholers/From recorder/Scenes_adding/li__Scene_5' is visible

2020-02-07 15:23:04 - [MESSAGE][PASSED] - Object 'Object Repository/Add video in placeholers/From recorder/Scenes_adding/li__Scene_5' is visible

2020-02-07 15:23:04 - [TEST_STEP][PASSED] - click(findTestObject("Add video in placeholers/From recorder/Scenes_adding/li__Scene_" + i)): Object: 'Object Repository/Add video in placeholers/From recorder/Scenes_adding/li__Scene_5' is clicked on

2020-02-07 15:23:05 - [MESSAGE][PASSED] - Object: 'Object Repository/Add video in placeholers/From recorder/Scenes_adding/li__Scene_5' is clicked on

2020-02-07 15:23:05 - [TEST_STEP][PASSED] - Thread.sleep(200): null

2020-02-07 15:23:05 - [TEST_STEP][PASSED] - Thread.sleep(500): null

2020-02-07 15:23:06 - [TEST_STEP][PASSED] - if (verifyElementVisibleInViewport(findTestObject("Add video in placeholers/From recorder/Scenes_adding/div_Scene " + i), 1) == true): null

2020-02-07 15:23:06 - [MESSAGE][PASSED] - Object 'Object Repository/Add video in placeholers/From recorder/Scenes_adding/div_Scene 6' is present and visible in viewport

2020-02-07 15:23:06 - [TEST_STEP][PASSED] - focus(findTestObject("Add video in placeholers/From recorder/Scenes_adding/div_Scene " + i)): Object: 'Object Repository/Add video in placeholers/From recorder/Scenes_adding/div_Scene 6' is focused

2020-02-07 15:23:07 - [MESSAGE][PASSED] - Object: 'Object Repository/Add video in placeholers/From recorder/Scenes_adding/div_Scene 6' is focused

2020-02-07 15:23:07 - [TEST_STEP][PASSED] - waitForElementVisible(findTestObject("Add video in placeholers/From recorder/Scenes_adding/li__Scene_" + i), 5): Object 'Object Repository/Add video in placeholers/From recorder/Scenes_adding/li__Scene_6' is visible

2020-02-07 15:23:07 - [MESSAGE][PASSED] - Object 'Object Repository/Add video in placeholers/From recorder/Scenes_adding/li__Scene_6' is visible

2020-02-07 15:23:07 - [TEST_STEP][PASSED] - click(findTestObject("Add video in placeholers/From recorder/Scenes_adding/li__Scene_" + i)): Object: 'Object Repository/Add video in placeholers/From recorder/Scenes_adding/li__Scene_6' is clicked on

2020-02-07 15:23:08 - [MESSAGE][PASSED] - Object: 'Object Repository/Add video in placeholers/From recorder/Scenes_adding/li__Scene_6' is clicked on

2020-02-07 15:23:08 - [TEST_STEP][PASSED] - Thread.sleep(200): null

2020-02-07 15:23:08 - [TEST_STEP][PASSED] - Thread.sleep(500): null

2020-02-07 15:23:09 - [TEST_STEP][PASSED] - if (verifyElementVisibleInViewport(findTestObject("Add video in placeholers/From recorder/Scenes_adding/div_Scene " + i), 1) == true): null

2020-02-07 15:23:10 - [MESSAGE][PASSED] - Object 'Object Repository/Add video in placeholers/From recorder/Scenes_adding/div_Scene 7' is present and visible in viewport

2020-02-07 15:23:10 - [TEST_STEP][PASSED] - focus(findTestObject("Add video in placeholers/From recorder/Scenes_adding/div_Scene " + i)): Object: 'Object Repository/Add video in placeholers/From recorder/Scenes_adding/div_Scene 7' is focused

2020-02-07 15:23:10 - [MESSAGE][PASSED] - Object: 'Object Repository/Add video in placeholers/From recorder/Scenes_adding/div_Scene 7' is focused

2020-02-07 15:23:10 - [TEST_STEP][PASSED] - waitForElementVisible(findTestObject("Add video in placeholers/From recorder/Scenes_adding/li__Scene_" + i), 5): Object 'Object Repository/Add video in placeholers/From recorder/Scenes_adding/li__Scene_7' is visible

2020-02-07 15:23:11 - [MESSAGE][PASSED] - Object 'Object Repository/Add video in placeholers/From recorder/Scenes_adding/li__Scene_7' is visible

2020-02-07 15:23:11 - [TEST_STEP][PASSED] - click(findTestObject("Add video in placeholers/From recorder/Scenes_adding/li__Scene_" + i)): Object: 'Object Repository/Add video in placeholers/From recorder/Scenes_adding/li__Scene_7' is clicked on

2020-02-07 15:23:12 - [MESSAGE][PASSED] - Object: 'Object Repository/Add video in placeholers/From recorder/Scenes_adding/li__Scene_7' is clicked on

2020-02-07 15:23:12 - [TEST_STEP][PASSED] - Thread.sleep(200): null

2020-02-07 15:23:12 - [TEST_STEP][PASSED] - Thread.sleep(500): null

2020-02-07 15:23:12 - [TEST_STEP][PASSED] - if (verifyElementVisibleInViewport(findTestObject("Add video in placeholers/From recorder/Scenes_adding/div_Scene " + i), 1) == true): null

2020-02-07 15:23:13 - [MESSAGE][PASSED] - Object 'Object Repository/Add video in placeholers/From recorder/Scenes_adding/div_Scene 8' is present and visible in viewport

2020-02-07 15:23:13 - [TEST_STEP][PASSED] - focus(findTestObject("Add video in placeholers/From recorder/Scenes_adding/div_Scene " + i)): Object: 'Object Repository/Add video in placeholers/From recorder/Scenes_adding/div_Scene 8' is focused

2020-02-07 15:23:13 - [MESSAGE][PASSED] - Object: 'Object Repository/Add video in placeholers/From recorder/Scenes_adding/div_Scene 8' is focused

2020-02-07 15:23:13 - [TEST_STEP][PASSED] - waitForElementVisible(findTestObject("Add video in placeholers/From recorder/Scenes_adding/li__Scene_" + i), 5): Object 'Object Repository/Add video in placeholers/From recorder/Scenes_adding/li__Scene_8' is visible

2020-02-07 15:23:14 - [MESSAGE][PASSED] - Object 'Object Repository/Add video in placeholers/From recorder/Scenes_adding/li__Scene_8' is visible

2020-02-07 15:23:14 - [TEST_STEP][PASSED] - click(findTestObject("Add video in placeholers/From recorder/Scenes_adding/li__Scene_" + i)): Object: 'Object Repository/Add video in placeholers/From recorder/Scenes_adding/li__Scene_8' is clicked on

2020-02-07 15:23:15 - [MESSAGE][PASSED] - Object: 'Object Repository/Add video in placeholers/From recorder/Scenes_adding/li__Scene_8' is clicked on

2020-02-07 15:23:15 - [TEST_STEP][PASSED] - Thread.sleep(200): null

2020-02-07 15:23:15 - [TEST_STEP][PASSED] - Thread.sleep(500): null

2020-02-07 15:23:15 - [TEST_STEP][PASSED] - if (verifyElementVisibleInViewport(findTestObject("Add video in placeholers/From recorder/Scenes_adding/div_Scene " + i), 1) == true): null

2020-02-07 15:23:16 - [MESSAGE][PASSED] - Object 'Object Repository/Add video in placeholers/From recorder/Scenes_adding/div_Scene 9' is present and visible in viewport

2020-02-07 15:23:16 - [TEST_STEP][PASSED] - focus(findTestObject("Add video in placeholers/From recorder/Scenes_adding/div_Scene " + i)): Object: 'Object Repository/Add video in placeholers/From recorder/Scenes_adding/div_Scene 9' is focused

2020-02-07 15:23:16 - [MESSAGE][PASSED] - Object: 'Object Repository/Add video in placeholers/From recorder/Scenes_adding/div_Scene 9' is focused

2020-02-07 15:23:16 - [TEST_STEP][PASSED] - waitForElementVisible(findTestObject("Add video in placeholers/From recorder/Scenes_adding/li__Scene_" + i), 5): Object 'Object Repository/Add video in placeholers/From recorder/Scenes_adding/li__Scene_9' is visible

2020-02-07 15:23:16 - [MESSAGE][PASSED] - Object 'Object Repository/Add video in placeholers/From recorder/Scenes_adding/li__Scene_9' is visible

2020-02-07 15:23:16 - [TEST_STEP][PASSED] - click(findTestObject("Add video in placeholers/From recorder/Scenes_adding/li__Scene_" + i)): Object: 'Object Repository/Add video in placeholers/From recorder/Scenes_adding/li__Scene_9' is clicked on

2020-02-07 15:23:17 - [MESSAGE][PASSED] - Object: 'Object Repository/Add video in placeholers/From recorder/Scenes_adding/li__Scene_9' is clicked on

2020-02-07 15:23:17 - [TEST_STEP][PASSED] - Thread.sleep(200): null

2020-02-07 15:23:17 - [TEST_STEP][PASSED] - Thread.sleep(500): null

2020-02-07 15:23:18 - [TEST_STEP][PASSED] - if (verifyElementVisibleInViewport(findTestObject("Add video in placeholers/From recorder/Scenes_adding/div_Scene " + i), 1) == true): null

2020-02-07 15:23:18 - [MESSAGE][PASSED] - Object 'Object Repository/Add video in placeholers/From recorder/Scenes_adding/div_Scene 10' is present and visible in viewport

2020-02-07 15:23:18 - [TEST_STEP][PASSED] - focus(findTestObject("Add video in placeholers/From recorder/Scenes_adding/div_Scene " + i)): Object: 'Object Repository/Add video in placeholers/From recorder/Scenes_adding/div_Scene 10' is focused

2020-02-07 15:23:19 - [MESSAGE][PASSED] - Object: 'Object Repository/Add video in placeholers/From recorder/Scenes_adding/div_Scene 10' is focused

2020-02-07 15:23:19 - [TEST_STEP][PASSED] - waitForElementVisible(findTestObject("Add video in placeholers/From recorder/Scenes_adding/li__Scene_" + i), 5): Object 'Object Repository/Add video in placeholers/From recorder/Scenes_adding/li__Scene_10' is visible

2020-02-07 15:23:20 - [MESSAGE][PASSED] - Object 'Object Repository/Add video in placeholers/From recorder/Scenes_adding/li__Scene_10' is visible

2020-02-07 15:23:20 - [TEST_STEP][PASSED] - click(findTestObject("Add video in placeholers/From recorder/Scenes_adding/li__Scene_" + i)): Object: 'Object Repository/Add video in placeholers/From recorder/Scenes_adding/li__Scene_10' is clicked on

2020-02-07 15:23:21 - [MESSAGE][PASSED] - Object: 'Object Repository/Add video in placeholers/From recorder/Scenes_adding/li__Scene_10' is clicked on

2020-02-07 15:23:21 - [TEST_STEP][PASSED] - Thread.sleep(200): null

2020-02-07 15:23:21 - [TEST_STEP][PASSED] - Thread.sleep(500): null

2020-02-07 15:23:21 - [TEST_STEP][PASSED] - if (verifyElementVisibleInViewport(findTestObject("Add video in placeholers/From recorder/Scenes_adding/div_Scene " + i), 1) == true): null

2020-02-07 15:23:23 - [MESSAGE][PASSED] - Object 'Object Repository/Add video in placeholers/From recorder/Scenes_adding/div_Scene 11' is present and visible in viewport

2020-02-07 15:23:23 - [TEST_STEP][PASSED] - focus(findTestObject("Add video in placeholers/From recorder/Scenes_adding/div_Scene " + i)): Object: 'Object Repository/Add video in placeholers/From recorder/Scenes_adding/div_Scene 11' is focused

2020-02-07 15:23:23 - [MESSAGE][PASSED] - Object: 'Object Repository/Add video in placeholers/From recorder/Scenes_adding/div_Scene 11' is focused

2020-02-07 15:23:23 - [TEST_STEP][PASSED] - waitForElementVisible(findTestObject("Add video in placeholers/From recorder/Scenes_adding/li__Scene_" + i), 5): Object 'Object Repository/Add video in placeholers/From recorder/Scenes_adding/li__Scene_11' is visible

2020-02-07 15:23:24 - [MESSAGE][PASSED] - Object 'Object Repository/Add video in placeholers/From recorder/Scenes_adding/li__Scene_11' is visible

2020-02-07 15:23:24 - [TEST_STEP][PASSED] - click(findTestObject("Add video in placeholers/From recorder/Scenes_adding/li__Scene_" + i)): Object: 'Object Repository/Add video in placeholers/From recorder/Scenes_adding/li__Scene_11' is clicked on

2020-02-07 15:23:25 - [MESSAGE][PASSED] - Object: 'Object Repository/Add video in placeholers/From recorder/Scenes_adding/li__Scene_11' is clicked on

2020-02-07 15:23:25 - [TEST_STEP][PASSED] - Thread.sleep(200): null

2020-02-07 15:23:25 - [TEST_STEP][PASSED] - if (verifyElementPresent(findTestObject("Object Repository/Add video in placeholers/From recorder/2ndPageAddingScenes"), 1) == false): Object 'Object Repository/Add video in placeholers/From recorder/2ndPageAddingScenes' is present

2020-02-07 15:23:26 - [MESSAGE][PASSED] - Object 'Object Repository/Add video in placeholers/From recorder/2ndPageAddingScenes' is present

2020-02-07 15:23:26 - [TEST_STEP][PASSED] - delay(3): Delayed 3 second(s)

2020-02-07 15:23:30 - [MESSAGE][PASSED] - Delayed 3 second(s)

2020-02-07 15:23:30 - [TEST_STEP][PASSED] - click(findTestObject("Add video in placeholers/From recorder/img_1_close_adding_scenes")): Object: 'Object Repository/Add video in placeholers/From recorder/img_1_close_adding_scenes' is clicked on

2020-02-07 15:23:33 - [MESSAGE][PASSED] - Object: 'Object Repository/Add video in placeholers/From recorder/img_1_close_adding_scenes' is clicked on

2020-02-07 15:23:33 - [TEST_STEP][PASSED] - doubleClick(findTestObject("Add video in placeholers/Video_img repository (videos, imgs and buttons)/Editor_Scene_1")): Object: 'Object Repository/Add video in placeholers/Video_img repository (videos, imgs and buttons)/Editor_Scene_1' is double clicked on

2020-02-07 15:23:35 - [MESSAGE][PASSED] - Object: 'Object Repository/Add video in placeholers/Video_img repository (videos, imgs and buttons)/Editor_Scene_1' is double clicked on]]></system-out>
         <system-err><![CDATA[]]></system-err>
      </testcase>
      <testcase name="Test Cases/Project names/Project name writting (min)" time="4.99" classname="Test Cases/Project names/Project name writting (min)" status="PASSED">
         <system-out><![CDATA[2020-02-07 15:23:35 - [TEST_CASE][PASSED] - Test Cases/Project names/Project name writting (min): Test Cases/Project names/Project name writting (min)

2020-02-07 15:23:35 - [TEST_STEP][PASSED] - click(findTestObject("Object Repository/Page_Reevio Video Maker/Editor/videoTitle/img_Continue_add-title")): Object: 'Object Repository/Page_Reevio Video Maker/Editor/videoTitle/img_Continue_add-title' is clicked on

2020-02-07 15:23:36 - [MESSAGE][PASSED] - Object: 'Object Repository/Page_Reevio Video Maker/Editor/videoTitle/img_Continue_add-title' is clicked on

2020-02-07 15:23:36 - [TEST_STEP][PASSED] - verifyElementPresent(findTestObject("Page_Reevio Video Maker/Editor/videoTitle/input_videoTitle"), 7, CONTINUE_ON_FAILURE): Object 'Object Repository/Page_Reevio Video Maker/Editor/videoTitle/input_videoTitle' is present

2020-02-07 15:23:36 - [MESSAGE][PASSED] - Object 'Object Repository/Page_Reevio Video Maker/Editor/videoTitle/input_videoTitle' is present

2020-02-07 15:23:36 - [TEST_STEP][PASSED] - attribute = getAttribute(findTestObject("Page_Reevio Video Maker/Editor/videoTitle/input_videoTitle"), "value"): Attribute 'value' of object 'Object Repository/Page_Reevio Video Maker/Editor/videoTitle/input_videoTitle' is: 'Minimal Titles'

2020-02-07 15:23:36 - [MESSAGE][PASSED] - Attribute 'value' of object 'Object Repository/Page_Reevio Video Maker/Editor/videoTitle/input_videoTitle' is: 'Minimal Titles'

2020-02-07 15:23:36 - [TEST_STEP][PASSED] - clearText(findTestObject("Page_Reevio Video Maker/Editor/videoTitle/input_videoTitle")): Text of object 'Object Repository/Page_Reevio Video Maker/Editor/videoTitle/input_videoTitle' is cleared

2020-02-07 15:23:37 - [MESSAGE][PASSED] - Text of object 'Object Repository/Page_Reevio Video Maker/Editor/videoTitle/input_videoTitle' is cleared

2020-02-07 15:23:37 - [TEST_STEP][PASSED] - click(findTestObject("Page_Reevio Video Maker/Editor/videoTitle/input_Continue_videos-name")): Object: 'Object Repository/Page_Reevio Video Maker/Editor/videoTitle/input_Continue_videos-name' is clicked on

2020-02-07 15:23:37 - [MESSAGE][PASSED] - Object: 'Object Repository/Page_Reevio Video Maker/Editor/videoTitle/input_Continue_videos-name' is clicked on

2020-02-07 15:23:37 - [TEST_STEP][PASSED] - templateID = findTestData("vavowDate").getValue(1, 3): null

2020-02-07 15:23:38 - [TEST_STEP][PASSED] - setText(findTestObject("Page_Reevio Video Maker/Editor/videoTitle/input_Continue_videos-name"), attribute + "_MIN_" + templateID): Text 'Minimal Titles_MIN_9984' is set on object 'Object Repository/Page_Reevio Video Maker/Editor/videoTitle/input_Continue_videos-name'

2020-02-07 15:23:40 - [MESSAGE][PASSED] - Text 'Minimal Titles_MIN_9984' is set on object 'Object Repository/Page_Reevio Video Maker/Editor/videoTitle/input_Continue_videos-name']]></system-out>
         <system-err><![CDATA[]]></system-err>
      </testcase>
      <testcase name="Test Cases/Drops color (1-30 scenes) for -30" time="146.591" classname="Test Cases/Drops color (1-30 scenes) for -30" status="FAILED">
         <failure type="FAILED" message="Test Cases/Drops color (1-30 scenes) for -30 FAILED.
Reason:
com.kms.katalon.core.exception.StepFailedException: Object 'Object Repository/Drop/Drops_as_objects/div_Drop_2' is not present (Root cause: com.kms.katalon.core.exception.StepFailedException: Object 'Object Repository/Drop/Drops_as_objects/div_Drop_2' is not present
	at com.kms.katalon.core.webui.keyword.internal.WebUIKeywordMain.stepFailed(WebUIKeywordMain.groovy:64)
	at com.kms.katalon.core.webui.keyword.builtin.VerifyElementVisibleInViewportKeyword$_verifyElementVisibleInViewport_closure1.doCall(VerifyElementVisibleInViewportKeyword.groovy:83)
	at com.kms.katalon.core.webui.keyword.builtin.VerifyElementVisibleInViewportKeyword$_verifyElementVisibleInViewport_closure1.call(VerifyElementVisibleInViewportKeyword.groovy)
	at com.kms.katalon.core.webui.keyword.internal.WebUIKeywordMain.runKeyword(WebUIKeywordMain.groovy:20)
	at com.kms.katalon.core.webui.keyword.builtin.VerifyElementVisibleInViewportKeyword.verifyElementVisibleInViewport(VerifyElementVisibleInViewportKeyword.groovy:86)
	at com.kms.katalon.core.webui.keyword.builtin.VerifyElementVisibleInViewportKeyword.execute(VerifyElementVisibleInViewportKeyword.groovy:68)
	at com.kms.katalon.core.keyword.internal.KeywordExecutor.executeKeywordForPlatform(KeywordExecutor.groovy:72)
	at com.kms.katalon.core.webui.keyword.WebUiBuiltInKeywords.verifyElementInViewport(WebUiBuiltInKeywords.groovy:3039)
	at com.kms.katalon.core.webui.keyword.WebUiBuiltInKeywords$verifyElementInViewport$14.call(Unknown Source)
	at Drops color (1-30 scenes) for -30.run(Drops color (1-30 scenes) for -30:48)
	at com.kms.katalon.core.main.ScriptEngine.run(ScriptEngine.java:194)
	at com.kms.katalon.core.main.ScriptEngine.runScriptAsRawText(ScriptEngine.java:119)
	at com.kms.katalon.core.main.TestCaseExecutor.runScript(TestCaseExecutor.java:337)
	at com.kms.katalon.core.main.TestCaseExecutor.doExecute(TestCaseExecutor.java:328)
	at com.kms.katalon.core.main.TestCaseExecutor.processExecutionPhase(TestCaseExecutor.java:307)
	at com.kms.katalon.core.main.TestCaseExecutor.accessMainPhase(TestCaseExecutor.java:299)
	at com.kms.katalon.core.main.TestCaseExecutor.execute(TestCaseExecutor.java:233)
	at com.kms.katalon.core.main.TestSuiteExecutor.accessTestCaseMainPhase(TestSuiteExecutor.java:169)
	at com.kms.katalon.core.main.TestSuiteExecutor.accessTestSuiteMainPhase(TestSuiteExecutor.java:142)
	at com.kms.katalon.core.main.TestSuiteExecutor.execute(TestSuiteExecutor.java:91)
	at com.kms.katalon.core.main.TestCaseMain.startTestSuite(TestCaseMain.java:157)
	at com.kms.katalon.core.main.TestCaseMain$startTestSuite$0.call(Unknown Source)
	at TempTestSuite1581081710748.run(TempTestSuite1581081710748.groovy:36)
)
	at com.kms.katalon.core.keyword.internal.KeywordMain.stepFailed(KeywordMain.groovy:39)
	at com.kms.katalon.core.webui.keyword.internal.WebUIKeywordMain.stepFailed(WebUIKeywordMain.groovy:64)
	at com.kms.katalon.core.webui.keyword.builtin.VerifyElementVisibleInViewportKeyword$_verifyElementVisibleInViewport_closure1.doCall(VerifyElementVisibleInViewportKeyword.groovy:83)
	at com.kms.katalon.core.webui.keyword.builtin.VerifyElementVisibleInViewportKeyword$_verifyElementVisibleInViewport_closure1.call(VerifyElementVisibleInViewportKeyword.groovy)
	at com.kms.katalon.core.webui.keyword.internal.WebUIKeywordMain.runKeyword(WebUIKeywordMain.groovy:20)
	at com.kms.katalon.core.webui.keyword.builtin.VerifyElementVisibleInViewportKeyword.verifyElementVisibleInViewport(VerifyElementVisibleInViewportKeyword.groovy:86)
	at com.kms.katalon.core.webui.keyword.builtin.VerifyElementVisibleInViewportKeyword.execute(VerifyElementVisibleInViewportKeyword.groovy:68)
	at com.kms.katalon.core.keyword.internal.KeywordExecutor.executeKeywordForPlatform(KeywordExecutor.groovy:72)
	at com.kms.katalon.core.webui.keyword.WebUiBuiltInKeywords.verifyElementInViewport(WebUiBuiltInKeywords.groovy:3039)
	at com.kms.katalon.core.webui.keyword.WebUiBuiltInKeywords$verifyElementInViewport$14.call(Unknown Source)
	at Drops color (1-30 scenes) for -30.run(Drops color (1-30 scenes) for -30:48)
	at com.kms.katalon.core.main.ScriptEngine.run(ScriptEngine.java:194)
	at com.kms.katalon.core.main.ScriptEngine.runScriptAsRawText(ScriptEngine.java:119)
	at com.kms.katalon.core.main.TestCaseExecutor.runScript(TestCaseExecutor.java:337)
	at com.kms.katalon.core.main.TestCaseExecutor.doExecute(TestCaseExecutor.java:328)
	at com.kms.katalon.core.main.TestCaseExecutor.processExecutionPhase(TestCaseExecutor.java:307)
	at com.kms.katalon.core.main.TestCaseExecutor.accessMainPhase(TestCaseExecutor.java:299)
	at com.kms.katalon.core.main.TestCaseExecutor.execute(TestCaseExecutor.java:233)
	at com.kms.katalon.core.main.TestSuiteExecutor.accessTestCaseMainPhase(TestSuiteExecutor.java:169)
	at com.kms.katalon.core.main.TestSuiteExecutor.accessTestSuiteMainPhase(TestSuiteExecutor.java:142)
	at com.kms.katalon.core.main.TestSuiteExecutor.execute(TestSuiteExecutor.java:91)
	at com.kms.katalon.core.main.TestCaseMain.startTestSuite(TestCaseMain.java:157)
	at com.kms.katalon.core.main.TestCaseMain$startTestSuite$0.call(Unknown Source)
	at TempTestSuite1581081710748.run(TempTestSuite1581081710748.groovy:36)
Caused by: com.kms.katalon.core.exception.StepFailedException: Object 'Object Repository/Drop/Drops_as_objects/div_Drop_2' is not present
	... 23 more
"/>
         <system-out><![CDATA[2020-02-07 15:23:40 - [TEST_CASE][FAILED] - Test Cases/Drops color (1-30 scenes) for -30: Test Cases/Drops color (1-30 scenes) for -30 FAILED.
Reason:
com.kms.katalon.core.exception.StepFailedException: Object 'Object Repository/Drop/Drops_as_objects/div_Drop_2' is not present (Root cause: com.kms.katalon.core.exception.StepFailedException: Object 'Object Repository/Drop/Drops_as_objects/div_Drop_2' is not present
	at com.kms.katalon.core.webui.keyword.internal.WebUIKeywordMain.stepFailed(WebUIKeywordMain.groovy:64)
	at com.kms.katalon.core.webui.keyword.builtin.VerifyElementVisibleInViewportKeyword$_verifyElementVisibleInViewport_closure1.doCall(VerifyElementVisibleInViewportKeyword.groovy:83)
	at com.kms.katalon.core.webui.keyword.builtin.VerifyElementVisibleInViewportKeyword$_verifyElementVisibleInViewport_closure1.call(VerifyElementVisibleInViewportKeyword.groovy)
	at com.kms.katalon.core.webui.keyword.internal.WebUIKeywordMain.runKeyword(WebUIKeywordMain.groovy:20)
	at com.kms.katalon.core.webui.keyword.builtin.VerifyElementVisibleInViewportKeyword.verifyElementVisibleInViewport(VerifyElementVisibleInViewportKeyword.groovy:86)
	at com.kms.katalon.core.webui.keyword.builtin.VerifyElementVisibleInViewportKeyword.execute(VerifyElementVisibleInViewportKeyword.groovy:68)
	at com.kms.katalon.core.keyword.internal.KeywordExecutor.executeKeywordForPlatform(KeywordExecutor.groovy:72)
	at com.kms.katalon.core.webui.keyword.WebUiBuiltInKeywords.verifyElementInViewport(WebUiBuiltInKeywords.groovy:3039)
	at com.kms.katalon.core.webui.keyword.WebUiBuiltInKeywords$verifyElementInViewport$14.call(Unknown Source)
	at Drops color (1-30 scenes) for -30.run(Drops color (1-30 scenes) for -30:48)
	at com.kms.katalon.core.main.ScriptEngine.run(ScriptEngine.java:194)
	at com.kms.katalon.core.main.ScriptEngine.runScriptAsRawText(ScriptEngine.java:119)
	at com.kms.katalon.core.main.TestCaseExecutor.runScript(TestCaseExecutor.java:337)
	at com.kms.katalon.core.main.TestCaseExecutor.doExecute(TestCaseExecutor.java:328)
	at com.kms.katalon.core.main.TestCaseExecutor.processExecutionPhase(TestCaseExecutor.java:307)
	at com.kms.katalon.core.main.TestCaseExecutor.accessMainPhase(TestCaseExecutor.java:299)
	at com.kms.katalon.core.main.TestCaseExecutor.execute(TestCaseExecutor.java:233)
	at com.kms.katalon.core.main.TestSuiteExecutor.accessTestCaseMainPhase(TestSuiteExecutor.java:169)
	at com.kms.katalon.core.main.TestSuiteExecutor.accessTestSuiteMainPhase(TestSuiteExecutor.java:142)
	at com.kms.katalon.core.main.TestSuiteExecutor.execute(TestSuiteExecutor.java:91)
	at com.kms.katalon.core.main.TestCaseMain.startTestSuite(TestCaseMain.java:157)
	at com.kms.katalon.core.main.TestCaseMain$startTestSuite$0.call(Unknown Source)
	at TempTestSuite1581081710748.run(TempTestSuite1581081710748.groovy:36)
)
	at com.kms.katalon.core.keyword.internal.KeywordMain.stepFailed(KeywordMain.groovy:39)
	at com.kms.katalon.core.webui.keyword.internal.WebUIKeywordMain.stepFailed(WebUIKeywordMain.groovy:64)
	at com.kms.katalon.core.webui.keyword.builtin.VerifyElementVisibleInViewportKeyword$_verifyElementVisibleInViewport_closure1.doCall(VerifyElementVisibleInViewportKeyword.groovy:83)
	at com.kms.katalon.core.webui.keyword.builtin.VerifyElementVisibleInViewportKeyword$_verifyElementVisibleInViewport_closure1.call(VerifyElementVisibleInViewportKeyword.groovy)
	at com.kms.katalon.core.webui.keyword.internal.WebUIKeywordMain.runKeyword(WebUIKeywordMain.groovy:20)
	at com.kms.katalon.core.webui.keyword.builtin.VerifyElementVisibleInViewportKeyword.verifyElementVisibleInViewport(VerifyElementVisibleInViewportKeyword.groovy:86)
	at com.kms.katalon.core.webui.keyword.builtin.VerifyElementVisibleInViewportKeyword.execute(VerifyElementVisibleInViewportKeyword.groovy:68)
	at com.kms.katalon.core.keyword.internal.KeywordExecutor.executeKeywordForPlatform(KeywordExecutor.groovy:72)
	at com.kms.katalon.core.webui.keyword.WebUiBuiltInKeywords.verifyElementInViewport(WebUiBuiltInKeywords.groovy:3039)
	at com.kms.katalon.core.webui.keyword.WebUiBuiltInKeywords$verifyElementInViewport$14.call(Unknown Source)
	at Drops color (1-30 scenes) for -30.run(Drops color (1-30 scenes) for -30:48)
	at com.kms.katalon.core.main.ScriptEngine.run(ScriptEngine.java:194)
	at com.kms.katalon.core.main.ScriptEngine.runScriptAsRawText(ScriptEngine.java:119)
	at com.kms.katalon.core.main.TestCaseExecutor.runScript(TestCaseExecutor.java:337)
	at com.kms.katalon.core.main.TestCaseExecutor.doExecute(TestCaseExecutor.java:328)
	at com.kms.katalon.core.main.TestCaseExecutor.processExecutionPhase(TestCaseExecutor.java:307)
	at com.kms.katalon.core.main.TestCaseExecutor.accessMainPhase(TestCaseExecutor.java:299)
	at com.kms.katalon.core.main.TestCaseExecutor.execute(TestCaseExecutor.java:233)
	at com.kms.katalon.core.main.TestSuiteExecutor.accessTestCaseMainPhase(TestSuiteExecutor.java:169)
	at com.kms.katalon.core.main.TestSuiteExecutor.accessTestSuiteMainPhase(TestSuiteExecutor.java:142)
	at com.kms.katalon.core.main.TestSuiteExecutor.execute(TestSuiteExecutor.java:91)
	at com.kms.katalon.core.main.TestCaseMain.startTestSuite(TestCaseMain.java:157)
	at com.kms.katalon.core.main.TestCaseMain$startTestSuite$0.call(Unknown Source)
	at TempTestSuite1581081710748.run(TempTestSuite1581081710748.groovy:36)
Caused by: com.kms.katalon.core.exception.StepFailedException: Object 'Object Repository/Drop/Drops_as_objects/div_Drop_2' is not present
	... 23 more


2020-02-07 15:23:41 - [TEST_STEP][PASSED] - click(findTestObject("Page_Reevio Video Maker/Editor_Scene_1")): Object: 'Object Repository/Page_Reevio Video Maker/Editor_Scene_1' is clicked on

2020-02-07 15:23:41 - [MESSAGE][PASSED] - Object: 'Object Repository/Page_Reevio Video Maker/Editor_Scene_1' is clicked on

2020-02-07 15:23:41 - [TEST_STEP][FAILED] - for ([i = 1, i < 31, (i++)]): null

2020-02-07 15:23:41 - [TEST_STEP][PASSED] - if (verifyElementPresent(findTestObject("Page_Reevio Video Maker/Editor_Scene_" + i), 0) == true): null

2020-02-07 15:23:41 - [MESSAGE][WARNING] - Timeout '0' is invalid. Using default page load timeout: '1'

2020-02-07 15:23:42 - [MESSAGE][PASSED] - Object 'Object Repository/Page_Reevio Video Maker/Editor_Scene_1' is present

2020-02-07 15:23:42 - [TEST_STEP][PASSED] - doubleClick(findTestObject("Page_Reevio Video Maker/Editor_Scene_" + i)): Object: 'Object Repository/Page_Reevio Video Maker/Editor_Scene_1' is double clicked on

2020-02-07 15:23:42 - [MESSAGE][PASSED] - Object: 'Object Repository/Page_Reevio Video Maker/Editor_Scene_1' is double clicked on

2020-02-07 15:23:42 - [TEST_STEP][PASSED] - if (verifyElementInViewport(findTestObject("Drop/Drops_as_objects/div_Drop_1"), 0)): null

2020-02-07 15:23:43 - [MESSAGE][WARNING] - Timeout '0' is invalid. Using default page load timeout: '1'

2020-02-07 15:23:43 - [MESSAGE][PASSED] - Object 'Object Repository/Drop/Drops_as_objects/div_Drop_1' is present and visible in viewport

2020-02-07 15:23:43 - [TEST_STEP][PASSED] - click(findTestObject("Drop/Drops_as_objects/div_Drop_1")): Object: 'Object Repository/Drop/Drops_as_objects/div_Drop_1' is clicked on

2020-02-07 15:23:44 - [MESSAGE][PASSED] - Object: 'Object Repository/Drop/Drops_as_objects/div_Drop_1' is clicked on

2020-02-07 15:23:44 - [TEST_STEP][PASSED] - click(findTestObject("Drop/input_RGB_drophex-color (Drop color)")): Object: 'Object Repository/Drop/input_RGB_drophex-color (Drop color)' is clicked on

2020-02-07 15:23:45 - [MESSAGE][PASSED] - Object: 'Object Repository/Drop/input_RGB_drophex-color (Drop color)' is clicked on

2020-02-07 15:23:45 - [TEST_STEP][PASSED] - clearText(findTestObject("Drop/input_RGB_drophex-color (Drop color)")): Text of object 'Object Repository/Drop/input_RGB_drophex-color (Drop color)' is cleared

2020-02-07 15:23:46 - [MESSAGE][PASSED] - Text of object 'Object Repository/Drop/input_RGB_drophex-color (Drop color)' is cleared

2020-02-07 15:23:46 - [TEST_STEP][PASSED] - Thread.sleep(50): null

2020-02-07 15:23:46 - [TEST_STEP][PASSED] - setText(findTestObject("Drop/input_RGB_drophex-color (Drop color)"), findTestData("vavowDate").getValue(4, 1)): Text '#B30000' is set on object 'Object Repository/Drop/input_RGB_drophex-color (Drop color)'

2020-02-07 15:23:49 - [MESSAGE][PASSED] - Text '#B30000' is set on object 'Object Repository/Drop/input_RGB_drophex-color (Drop color)'

2020-02-07 15:23:49 - [TEST_STEP][PASSED] - Thread.sleep(50): null

2020-02-07 15:23:49 - [TEST_STEP][PASSED] - click(findTestObject("Drop/button_Apply(drop_color)")): Object: 'Object Repository/Drop/button_Apply(drop_color)' is clicked on

2020-02-07 15:23:50 - [MESSAGE][PASSED] - Object: 'Object Repository/Drop/button_Apply(drop_color)' is clicked on

2020-02-07 15:23:50 - [TEST_STEP][PASSED] - Thread.sleep(50): null

2020-02-07 15:23:50 - [TEST_STEP][FAILED] - if (verifyElementInViewport(findTestObject("Drop/Drops_as_objects/div_Drop_2"), 0)): Object 'Object Repository/Drop/Drops_as_objects/div_Drop_2' is not present (Root cause: com.kms.katalon.core.exception.StepFailedException: Object 'Object Repository/Drop/Drops_as_objects/div_Drop_2' is not present
	at com.kms.katalon.core.webui.keyword.internal.WebUIKeywordMain.stepFailed(WebUIKeywordMain.groovy:64)
	at com.kms.katalon.core.webui.keyword.builtin.VerifyElementVisibleInViewportKeyword$_verifyElementVisibleInViewport_closure1.doCall(VerifyElementVisibleInViewportKeyword.groovy:83)
	at com.kms.katalon.core.webui.keyword.builtin.VerifyElementVisibleInViewportKeyword$_verifyElementVisibleInViewport_closure1.call(VerifyElementVisibleInViewportKeyword.groovy)
	at com.kms.katalon.core.webui.keyword.internal.WebUIKeywordMain.runKeyword(WebUIKeywordMain.groovy:20)
	at com.kms.katalon.core.webui.keyword.builtin.VerifyElementVisibleInViewportKeyword.verifyElementVisibleInViewport(VerifyElementVisibleInViewportKeyword.groovy:86)
	at com.kms.katalon.core.webui.keyword.builtin.VerifyElementVisibleInViewportKeyword.execute(VerifyElementVisibleInViewportKeyword.groovy:68)
	at com.kms.katalon.core.keyword.internal.KeywordExecutor.executeKeywordForPlatform(KeywordExecutor.groovy:72)
	at com.kms.katalon.core.webui.keyword.WebUiBuiltInKeywords.verifyElementInViewport(WebUiBuiltInKeywords.groovy:3039)
	at com.kms.katalon.core.webui.keyword.WebUiBuiltInKeywords$verifyElementInViewport$14.call(Unknown Source)
	at Drops color (1-30 scenes) for -30.run(Drops color (1-30 scenes) for -30:48)
	at com.kms.katalon.core.main.ScriptEngine.run(ScriptEngine.java:194)
	at com.kms.katalon.core.main.ScriptEngine.runScriptAsRawText(ScriptEngine.java:119)
	at com.kms.katalon.core.main.TestCaseExecutor.runScript(TestCaseExecutor.java:337)
	at com.kms.katalon.core.main.TestCaseExecutor.doExecute(TestCaseExecutor.java:328)
	at com.kms.katalon.core.main.TestCaseExecutor.processExecutionPhase(TestCaseExecutor.java:307)
	at com.kms.katalon.core.main.TestCaseExecutor.accessMainPhase(TestCaseExecutor.java:299)
	at com.kms.katalon.core.main.TestCaseExecutor.execute(TestCaseExecutor.java:233)
	at com.kms.katalon.core.main.TestSuiteExecutor.accessTestCaseMainPhase(TestSuiteExecutor.java:169)
	at com.kms.katalon.core.main.TestSuiteExecutor.accessTestSuiteMainPhase(TestSuiteExecutor.java:142)
	at com.kms.katalon.core.main.TestSuiteExecutor.execute(TestSuiteExecutor.java:91)
	at com.kms.katalon.core.main.TestCaseMain.startTestSuite(TestCaseMain.java:157)
	at com.kms.katalon.core.main.TestCaseMain$startTestSuite$0.call(Unknown Source)
	at TempTestSuite1581081710748.run(TempTestSuite1581081710748.groovy:36)
)

2020-02-07 15:23:50 - [MESSAGE][WARNING] - Timeout '0' is invalid. Using default page load timeout: '1'

2020-02-07 15:23:52 - [MESSAGE][INFO] - Unable to find the element located by 'By.xpath: //div[@class = 'current-slide active-slide']//div[@class='background-slide'][2]'. Please recheck the objects properties to make sure the desired element is located. 

2020-02-07 15:23:52 - [MESSAGE][FAILED] - Object 'Object Repository/Drop/Drops_as_objects/div_Drop_2' is not present (Root cause: com.kms.katalon.core.exception.StepFailedException: Object 'Object Repository/Drop/Drops_as_objects/div_Drop_2' is not present
	at com.kms.katalon.core.webui.keyword.internal.WebUIKeywordMain.stepFailed(WebUIKeywordMain.groovy:64)
	at com.kms.katalon.core.webui.keyword.builtin.VerifyElementVisibleInViewportKeyword$_verifyElementVisibleInViewport_closure1.doCall(VerifyElementVisibleInViewportKeyword.groovy:83)
	at com.kms.katalon.core.webui.keyword.builtin.VerifyElementVisibleInViewportKeyword$_verifyElementVisibleInViewport_closure1.call(VerifyElementVisibleInViewportKeyword.groovy)
	at com.kms.katalon.core.webui.keyword.internal.WebUIKeywordMain.runKeyword(WebUIKeywordMain.groovy:20)
	at com.kms.katalon.core.webui.keyword.builtin.VerifyElementVisibleInViewportKeyword.verifyElementVisibleInViewport(VerifyElementVisibleInViewportKeyword.groovy:86)
	at com.kms.katalon.core.webui.keyword.builtin.VerifyElementVisibleInViewportKeyword.execute(VerifyElementVisibleInViewportKeyword.groovy:68)
	at com.kms.katalon.core.keyword.internal.KeywordExecutor.executeKeywordForPlatform(KeywordExecutor.groovy:72)
	at com.kms.katalon.core.webui.keyword.WebUiBuiltInKeywords.verifyElementInViewport(WebUiBuiltInKeywords.groovy:3039)
	at com.kms.katalon.core.webui.keyword.WebUiBuiltInKeywords$verifyElementInViewport$14.call(Unknown Source)
	at Drops color (1-30 scenes) for -30.run(Drops color (1-30 scenes) for -30:48)
	at com.kms.katalon.core.main.ScriptEngine.run(ScriptEngine.java:194)
	at com.kms.katalon.core.main.ScriptEngine.runScriptAsRawText(ScriptEngine.java:119)
	at com.kms.katalon.core.main.TestCaseExecutor.runScript(TestCaseExecutor.java:337)
	at com.kms.katalon.core.main.TestCaseExecutor.doExecute(TestCaseExecutor.java:328)
	at com.kms.katalon.core.main.TestCaseExecutor.processExecutionPhase(TestCaseExecutor.java:307)
	at com.kms.katalon.core.main.TestCaseExecutor.accessMainPhase(TestCaseExecutor.java:299)
	at com.kms.katalon.core.main.TestCaseExecutor.execute(TestCaseExecutor.java:233)
	at com.kms.katalon.core.main.TestSuiteExecutor.accessTestCaseMainPhase(TestSuiteExecutor.java:169)
	at com.kms.katalon.core.main.TestSuiteExecutor.accessTestSuiteMainPhase(TestSuiteExecutor.java:142)
	at com.kms.katalon.core.main.TestSuiteExecutor.execute(TestSuiteExecutor.java:91)
	at com.kms.katalon.core.main.TestCaseMain.startTestSuite(TestCaseMain.java:157)
	at com.kms.katalon.core.main.TestCaseMain$startTestSuite$0.call(Unknown Source)
	at TempTestSuite1581081710748.run(TempTestSuite1581081710748.groovy:36)
)

2020-02-07 15:23:52 - [TEST_STEP][PASSED] - if (verifyElementPresent(findTestObject("Page_Reevio Video Maker/Editor_Scene_" + i), 0) == true): null

2020-02-07 15:23:52 - [MESSAGE][WARNING] - Timeout '0' is invalid. Using default page load timeout: '1'

2020-02-07 15:23:52 - [MESSAGE][PASSED] - Object 'Object Repository/Page_Reevio Video Maker/Editor_Scene_2' is present

2020-02-07 15:23:52 - [TEST_STEP][PASSED] - doubleClick(findTestObject("Page_Reevio Video Maker/Editor_Scene_" + i)): Object: 'Object Repository/Page_Reevio Video Maker/Editor_Scene_2' is double clicked on

2020-02-07 15:23:54 - [MESSAGE][PASSED] - Object: 'Object Repository/Page_Reevio Video Maker/Editor_Scene_2' is double clicked on

2020-02-07 15:23:54 - [TEST_STEP][PASSED] - if (verifyElementInViewport(findTestObject("Drop/Drops_as_objects/div_Drop_1"), 0)): null

2020-02-07 15:23:54 - [MESSAGE][WARNING] - Timeout '0' is invalid. Using default page load timeout: '1'

2020-02-07 15:23:56 - [MESSAGE][PASSED] - Object 'Object Repository/Drop/Drops_as_objects/div_Drop_1' is present and visible in viewport

2020-02-07 15:23:56 - [TEST_STEP][PASSED] - click(findTestObject("Drop/Drops_as_objects/div_Drop_1")): Object: 'Object Repository/Drop/Drops_as_objects/div_Drop_1' is clicked on

2020-02-07 15:23:57 - [MESSAGE][PASSED] - Object: 'Object Repository/Drop/Drops_as_objects/div_Drop_1' is clicked on

2020-02-07 15:23:57 - [TEST_STEP][PASSED] - click(findTestObject("Drop/input_RGB_drophex-color (Drop color)")): Object: 'Object Repository/Drop/input_RGB_drophex-color (Drop color)' is clicked on

2020-02-07 15:23:58 - [MESSAGE][PASSED] - Object: 'Object Repository/Drop/input_RGB_drophex-color (Drop color)' is clicked on

2020-02-07 15:23:58 - [TEST_STEP][PASSED] - clearText(findTestObject("Drop/input_RGB_drophex-color (Drop color)")): Text of object 'Object Repository/Drop/input_RGB_drophex-color (Drop color)' is cleared

2020-02-07 15:23:59 - [MESSAGE][PASSED] - Text of object 'Object Repository/Drop/input_RGB_drophex-color (Drop color)' is cleared

2020-02-07 15:23:59 - [TEST_STEP][PASSED] - Thread.sleep(50): null

2020-02-07 15:23:59 - [TEST_STEP][PASSED] - setText(findTestObject("Drop/input_RGB_drophex-color (Drop color)"), findTestData("vavowDate").getValue(4, 1)): Text '#B30000' is set on object 'Object Repository/Drop/input_RGB_drophex-color (Drop color)'

2020-02-07 15:24:01 - [MESSAGE][PASSED] - Text '#B30000' is set on object 'Object Repository/Drop/input_RGB_drophex-color (Drop color)'

2020-02-07 15:24:01 - [TEST_STEP][PASSED] - Thread.sleep(50): null

2020-02-07 15:24:01 - [TEST_STEP][PASSED] - click(findTestObject("Drop/button_Apply(drop_color)")): Object: 'Object Repository/Drop/button_Apply(drop_color)' is clicked on

2020-02-07 15:24:02 - [MESSAGE][PASSED] - Object: 'Object Repository/Drop/button_Apply(drop_color)' is clicked on

2020-02-07 15:24:02 - [TEST_STEP][PASSED] - Thread.sleep(50): null

2020-02-07 15:24:02 - [TEST_STEP][FAILED] - if (verifyElementInViewport(findTestObject("Drop/Drops_as_objects/div_Drop_2"), 0)): Object 'Object Repository/Drop/Drops_as_objects/div_Drop_2' is not present (Root cause: com.kms.katalon.core.exception.StepFailedException: Object 'Object Repository/Drop/Drops_as_objects/div_Drop_2' is not present
	at com.kms.katalon.core.webui.keyword.internal.WebUIKeywordMain.stepFailed(WebUIKeywordMain.groovy:64)
	at com.kms.katalon.core.webui.keyword.builtin.VerifyElementVisibleInViewportKeyword$_verifyElementVisibleInViewport_closure1.doCall(VerifyElementVisibleInViewportKeyword.groovy:83)
	at com.kms.katalon.core.webui.keyword.builtin.VerifyElementVisibleInViewportKeyword$_verifyElementVisibleInViewport_closure1.call(VerifyElementVisibleInViewportKeyword.groovy)
	at com.kms.katalon.core.webui.keyword.internal.WebUIKeywordMain.runKeyword(WebUIKeywordMain.groovy:20)
	at com.kms.katalon.core.webui.keyword.builtin.VerifyElementVisibleInViewportKeyword.verifyElementVisibleInViewport(VerifyElementVisibleInViewportKeyword.groovy:86)
	at com.kms.katalon.core.webui.keyword.builtin.VerifyElementVisibleInViewportKeyword.execute(VerifyElementVisibleInViewportKeyword.groovy:68)
	at com.kms.katalon.core.keyword.internal.KeywordExecutor.executeKeywordForPlatform(KeywordExecutor.groovy:72)
	at com.kms.katalon.core.webui.keyword.WebUiBuiltInKeywords.verifyElementInViewport(WebUiBuiltInKeywords.groovy:3039)
	at com.kms.katalon.core.webui.keyword.WebUiBuiltInKeywords$verifyElementInViewport$14.call(Unknown Source)
	at Drops color (1-30 scenes) for -30.run(Drops color (1-30 scenes) for -30:48)
	at com.kms.katalon.core.main.ScriptEngine.run(ScriptEngine.java:194)
	at com.kms.katalon.core.main.ScriptEngine.runScriptAsRawText(ScriptEngine.java:119)
	at com.kms.katalon.core.main.TestCaseExecutor.runScript(TestCaseExecutor.java:337)
	at com.kms.katalon.core.main.TestCaseExecutor.doExecute(TestCaseExecutor.java:328)
	at com.kms.katalon.core.main.TestCaseExecutor.processExecutionPhase(TestCaseExecutor.java:307)
	at com.kms.katalon.core.main.TestCaseExecutor.accessMainPhase(TestCaseExecutor.java:299)
	at com.kms.katalon.core.main.TestCaseExecutor.execute(TestCaseExecutor.java:233)
	at com.kms.katalon.core.main.TestSuiteExecutor.accessTestCaseMainPhase(TestSuiteExecutor.java:169)
	at com.kms.katalon.core.main.TestSuiteExecutor.accessTestSuiteMainPhase(TestSuiteExecutor.java:142)
	at com.kms.katalon.core.main.TestSuiteExecutor.execute(TestSuiteExecutor.java:91)
	at com.kms.katalon.core.main.TestCaseMain.startTestSuite(TestCaseMain.java:157)
	at com.kms.katalon.core.main.TestCaseMain$startTestSuite$0.call(Unknown Source)
	at TempTestSuite1581081710748.run(TempTestSuite1581081710748.groovy:36)
)

2020-02-07 15:24:02 - [MESSAGE][WARNING] - Timeout '0' is invalid. Using default page load timeout: '1'

2020-02-07 15:24:04 - [MESSAGE][INFO] - Unable to find the element located by 'By.xpath: //div[@class = 'current-slide active-slide']//div[@class='background-slide'][2]'. Please recheck the objects properties to make sure the desired element is located. 

2020-02-07 15:24:04 - [MESSAGE][FAILED] - Object 'Object Repository/Drop/Drops_as_objects/div_Drop_2' is not present (Root cause: com.kms.katalon.core.exception.StepFailedException: Object 'Object Repository/Drop/Drops_as_objects/div_Drop_2' is not present
	at com.kms.katalon.core.webui.keyword.internal.WebUIKeywordMain.stepFailed(WebUIKeywordMain.groovy:64)
	at com.kms.katalon.core.webui.keyword.builtin.VerifyElementVisibleInViewportKeyword$_verifyElementVisibleInViewport_closure1.doCall(VerifyElementVisibleInViewportKeyword.groovy:83)
	at com.kms.katalon.core.webui.keyword.builtin.VerifyElementVisibleInViewportKeyword$_verifyElementVisibleInViewport_closure1.call(VerifyElementVisibleInViewportKeyword.groovy)
	at com.kms.katalon.core.webui.keyword.internal.WebUIKeywordMain.runKeyword(WebUIKeywordMain.groovy:20)
	at com.kms.katalon.core.webui.keyword.builtin.VerifyElementVisibleInViewportKeyword.verifyElementVisibleInViewport(VerifyElementVisibleInViewportKeyword.groovy:86)
	at com.kms.katalon.core.webui.keyword.builtin.VerifyElementVisibleInViewportKeyword.execute(VerifyElementVisibleInViewportKeyword.groovy:68)
	at com.kms.katalon.core.keyword.internal.KeywordExecutor.executeKeywordForPlatform(KeywordExecutor.groovy:72)
	at com.kms.katalon.core.webui.keyword.WebUiBuiltInKeywords.verifyElementInViewport(WebUiBuiltInKeywords.groovy:3039)
	at com.kms.katalon.core.webui.keyword.WebUiBuiltInKeywords$verifyElementInViewport$14.call(Unknown Source)
	at Drops color (1-30 scenes) for -30.run(Drops color (1-30 scenes) for -30:48)
	at com.kms.katalon.core.main.ScriptEngine.run(ScriptEngine.java:194)
	at com.kms.katalon.core.main.ScriptEngine.runScriptAsRawText(ScriptEngine.java:119)
	at com.kms.katalon.core.main.TestCaseExecutor.runScript(TestCaseExecutor.java:337)
	at com.kms.katalon.core.main.TestCaseExecutor.doExecute(TestCaseExecutor.java:328)
	at com.kms.katalon.core.main.TestCaseExecutor.processExecutionPhase(TestCaseExecutor.java:307)
	at com.kms.katalon.core.main.TestCaseExecutor.accessMainPhase(TestCaseExecutor.java:299)
	at com.kms.katalon.core.main.TestCaseExecutor.execute(TestCaseExecutor.java:233)
	at com.kms.katalon.core.main.TestSuiteExecutor.accessTestCaseMainPhase(TestSuiteExecutor.java:169)
	at com.kms.katalon.core.main.TestSuiteExecutor.accessTestSuiteMainPhase(TestSuiteExecutor.java:142)
	at com.kms.katalon.core.main.TestSuiteExecutor.execute(TestSuiteExecutor.java:91)
	at com.kms.katalon.core.main.TestCaseMain.startTestSuite(TestCaseMain.java:157)
	at com.kms.katalon.core.main.TestCaseMain$startTestSuite$0.call(Unknown Source)
	at TempTestSuite1581081710748.run(TempTestSuite1581081710748.groovy:36)
)

2020-02-07 15:24:04 - [TEST_STEP][PASSED] - if (verifyElementPresent(findTestObject("Page_Reevio Video Maker/Editor_Scene_" + i), 0) == true): null

2020-02-07 15:24:04 - [MESSAGE][WARNING] - Timeout '0' is invalid. Using default page load timeout: '1'

2020-02-07 15:24:04 - [MESSAGE][PASSED] - Object 'Object Repository/Page_Reevio Video Maker/Editor_Scene_3' is present

2020-02-07 15:24:04 - [TEST_STEP][PASSED] - doubleClick(findTestObject("Page_Reevio Video Maker/Editor_Scene_" + i)): Object: 'Object Repository/Page_Reevio Video Maker/Editor_Scene_3' is double clicked on

2020-02-07 15:24:07 - [MESSAGE][PASSED] - Object: 'Object Repository/Page_Reevio Video Maker/Editor_Scene_3' is double clicked on

2020-02-07 15:24:07 - [TEST_STEP][PASSED] - if (verifyElementInViewport(findTestObject("Drop/Drops_as_objects/div_Drop_1"), 0)): null

2020-02-07 15:24:07 - [MESSAGE][WARNING] - Timeout '0' is invalid. Using default page load timeout: '1'

2020-02-07 15:24:09 - [MESSAGE][PASSED] - Object 'Object Repository/Drop/Drops_as_objects/div_Drop_1' is present and visible in viewport

2020-02-07 15:24:09 - [TEST_STEP][PASSED] - click(findTestObject("Drop/Drops_as_objects/div_Drop_1")): Object: 'Object Repository/Drop/Drops_as_objects/div_Drop_1' is clicked on

2020-02-07 15:24:10 - [MESSAGE][PASSED] - Object: 'Object Repository/Drop/Drops_as_objects/div_Drop_1' is clicked on

2020-02-07 15:24:10 - [TEST_STEP][PASSED] - click(findTestObject("Drop/input_RGB_drophex-color (Drop color)")): Object: 'Object Repository/Drop/input_RGB_drophex-color (Drop color)' is clicked on

2020-02-07 15:24:11 - [MESSAGE][PASSED] - Object: 'Object Repository/Drop/input_RGB_drophex-color (Drop color)' is clicked on

2020-02-07 15:24:11 - [TEST_STEP][PASSED] - clearText(findTestObject("Drop/input_RGB_drophex-color (Drop color)")): Text of object 'Object Repository/Drop/input_RGB_drophex-color (Drop color)' is cleared

2020-02-07 15:24:12 - [MESSAGE][PASSED] - Text of object 'Object Repository/Drop/input_RGB_drophex-color (Drop color)' is cleared

2020-02-07 15:24:12 - [TEST_STEP][PASSED] - Thread.sleep(50): null

2020-02-07 15:24:12 - [TEST_STEP][PASSED] - setText(findTestObject("Drop/input_RGB_drophex-color (Drop color)"), findTestData("vavowDate").getValue(4, 1)): Text '#B30000' is set on object 'Object Repository/Drop/input_RGB_drophex-color (Drop color)'

2020-02-07 15:24:15 - [MESSAGE][PASSED] - Text '#B30000' is set on object 'Object Repository/Drop/input_RGB_drophex-color (Drop color)'

2020-02-07 15:24:15 - [TEST_STEP][PASSED] - Thread.sleep(50): null

2020-02-07 15:24:15 - [TEST_STEP][PASSED] - click(findTestObject("Drop/button_Apply(drop_color)")): Object: 'Object Repository/Drop/button_Apply(drop_color)' is clicked on

2020-02-07 15:24:15 - [MESSAGE][PASSED] - Object: 'Object Repository/Drop/button_Apply(drop_color)' is clicked on

2020-02-07 15:24:15 - [TEST_STEP][PASSED] - Thread.sleep(50): null

2020-02-07 15:24:15 - [TEST_STEP][FAILED] - if (verifyElementInViewport(findTestObject("Drop/Drops_as_objects/div_Drop_2"), 0)): Object 'Object Repository/Drop/Drops_as_objects/div_Drop_2' is not present (Root cause: com.kms.katalon.core.exception.StepFailedException: Object 'Object Repository/Drop/Drops_as_objects/div_Drop_2' is not present
	at com.kms.katalon.core.webui.keyword.internal.WebUIKeywordMain.stepFailed(WebUIKeywordMain.groovy:64)
	at com.kms.katalon.core.webui.keyword.builtin.VerifyElementVisibleInViewportKeyword$_verifyElementVisibleInViewport_closure1.doCall(VerifyElementVisibleInViewportKeyword.groovy:83)
	at com.kms.katalon.core.webui.keyword.builtin.VerifyElementVisibleInViewportKeyword$_verifyElementVisibleInViewport_closure1.call(VerifyElementVisibleInViewportKeyword.groovy)
	at com.kms.katalon.core.webui.keyword.internal.WebUIKeywordMain.runKeyword(WebUIKeywordMain.groovy:20)
	at com.kms.katalon.core.webui.keyword.builtin.VerifyElementVisibleInViewportKeyword.verifyElementVisibleInViewport(VerifyElementVisibleInViewportKeyword.groovy:86)
	at com.kms.katalon.core.webui.keyword.builtin.VerifyElementVisibleInViewportKeyword.execute(VerifyElementVisibleInViewportKeyword.groovy:68)
	at com.kms.katalon.core.keyword.internal.KeywordExecutor.executeKeywordForPlatform(KeywordExecutor.groovy:72)
	at com.kms.katalon.core.webui.keyword.WebUiBuiltInKeywords.verifyElementInViewport(WebUiBuiltInKeywords.groovy:3039)
	at com.kms.katalon.core.webui.keyword.WebUiBuiltInKeywords$verifyElementInViewport$14.call(Unknown Source)
	at Drops color (1-30 scenes) for -30.run(Drops color (1-30 scenes) for -30:48)
	at com.kms.katalon.core.main.ScriptEngine.run(ScriptEngine.java:194)
	at com.kms.katalon.core.main.ScriptEngine.runScriptAsRawText(ScriptEngine.java:119)
	at com.kms.katalon.core.main.TestCaseExecutor.runScript(TestCaseExecutor.java:337)
	at com.kms.katalon.core.main.TestCaseExecutor.doExecute(TestCaseExecutor.java:328)
	at com.kms.katalon.core.main.TestCaseExecutor.processExecutionPhase(TestCaseExecutor.java:307)
	at com.kms.katalon.core.main.TestCaseExecutor.accessMainPhase(TestCaseExecutor.java:299)
	at com.kms.katalon.core.main.TestCaseExecutor.execute(TestCaseExecutor.java:233)
	at com.kms.katalon.core.main.TestSuiteExecutor.accessTestCaseMainPhase(TestSuiteExecutor.java:169)
	at com.kms.katalon.core.main.TestSuiteExecutor.accessTestSuiteMainPhase(TestSuiteExecutor.java:142)
	at com.kms.katalon.core.main.TestSuiteExecutor.execute(TestSuiteExecutor.java:91)
	at com.kms.katalon.core.main.TestCaseMain.startTestSuite(TestCaseMain.java:157)
	at com.kms.katalon.core.main.TestCaseMain$startTestSuite$0.call(Unknown Source)
	at TempTestSuite1581081710748.run(TempTestSuite1581081710748.groovy:36)
)

2020-02-07 15:24:16 - [MESSAGE][WARNING] - Timeout '0' is invalid. Using default page load timeout: '1'

2020-02-07 15:24:17 - [MESSAGE][INFO] - Unable to find the element located by 'By.xpath: //div[@class = 'current-slide active-slide']//div[@class='background-slide'][2]'. Please recheck the objects properties to make sure the desired element is located. 

2020-02-07 15:24:17 - [MESSAGE][FAILED] - Object 'Object Repository/Drop/Drops_as_objects/div_Drop_2' is not present (Root cause: com.kms.katalon.core.exception.StepFailedException: Object 'Object Repository/Drop/Drops_as_objects/div_Drop_2' is not present
	at com.kms.katalon.core.webui.keyword.internal.WebUIKeywordMain.stepFailed(WebUIKeywordMain.groovy:64)
	at com.kms.katalon.core.webui.keyword.builtin.VerifyElementVisibleInViewportKeyword$_verifyElementVisibleInViewport_closure1.doCall(VerifyElementVisibleInViewportKeyword.groovy:83)
	at com.kms.katalon.core.webui.keyword.builtin.VerifyElementVisibleInViewportKeyword$_verifyElementVisibleInViewport_closure1.call(VerifyElementVisibleInViewportKeyword.groovy)
	at com.kms.katalon.core.webui.keyword.internal.WebUIKeywordMain.runKeyword(WebUIKeywordMain.groovy:20)
	at com.kms.katalon.core.webui.keyword.builtin.VerifyElementVisibleInViewportKeyword.verifyElementVisibleInViewport(VerifyElementVisibleInViewportKeyword.groovy:86)
	at com.kms.katalon.core.webui.keyword.builtin.VerifyElementVisibleInViewportKeyword.execute(VerifyElementVisibleInViewportKeyword.groovy:68)
	at com.kms.katalon.core.keyword.internal.KeywordExecutor.executeKeywordForPlatform(KeywordExecutor.groovy:72)
	at com.kms.katalon.core.webui.keyword.WebUiBuiltInKeywords.verifyElementInViewport(WebUiBuiltInKeywords.groovy:3039)
	at com.kms.katalon.core.webui.keyword.WebUiBuiltInKeywords$verifyElementInViewport$14.call(Unknown Source)
	at Drops color (1-30 scenes) for -30.run(Drops color (1-30 scenes) for -30:48)
	at com.kms.katalon.core.main.ScriptEngine.run(ScriptEngine.java:194)
	at com.kms.katalon.core.main.ScriptEngine.runScriptAsRawText(ScriptEngine.java:119)
	at com.kms.katalon.core.main.TestCaseExecutor.runScript(TestCaseExecutor.java:337)
	at com.kms.katalon.core.main.TestCaseExecutor.doExecute(TestCaseExecutor.java:328)
	at com.kms.katalon.core.main.TestCaseExecutor.processExecutionPhase(TestCaseExecutor.java:307)
	at com.kms.katalon.core.main.TestCaseExecutor.accessMainPhase(TestCaseExecutor.java:299)
	at com.kms.katalon.core.main.TestCaseExecutor.execute(TestCaseExecutor.java:233)
	at com.kms.katalon.core.main.TestSuiteExecutor.accessTestCaseMainPhase(TestSuiteExecutor.java:169)
	at com.kms.katalon.core.main.TestSuiteExecutor.accessTestSuiteMainPhase(TestSuiteExecutor.java:142)
	at com.kms.katalon.core.main.TestSuiteExecutor.execute(TestSuiteExecutor.java:91)
	at com.kms.katalon.core.main.TestCaseMain.startTestSuite(TestCaseMain.java:157)
	at com.kms.katalon.core.main.TestCaseMain$startTestSuite$0.call(Unknown Source)
	at TempTestSuite1581081710748.run(TempTestSuite1581081710748.groovy:36)
)

2020-02-07 15:24:17 - [TEST_STEP][PASSED] - if (verifyElementPresent(findTestObject("Page_Reevio Video Maker/Editor_Scene_" + i), 0) == true): null

2020-02-07 15:24:17 - [MESSAGE][WARNING] - Timeout '0' is invalid. Using default page load timeout: '1'

2020-02-07 15:24:18 - [MESSAGE][PASSED] - Object 'Object Repository/Page_Reevio Video Maker/Editor_Scene_4' is present

2020-02-07 15:24:18 - [TEST_STEP][PASSED] - doubleClick(findTestObject("Page_Reevio Video Maker/Editor_Scene_" + i)): Object: 'Object Repository/Page_Reevio Video Maker/Editor_Scene_4' is double clicked on

2020-02-07 15:24:19 - [MESSAGE][PASSED] - Object: 'Object Repository/Page_Reevio Video Maker/Editor_Scene_4' is double clicked on

2020-02-07 15:24:19 - [TEST_STEP][PASSED] - if (verifyElementInViewport(findTestObject("Drop/Drops_as_objects/div_Drop_1"), 0)): null

2020-02-07 15:24:19 - [MESSAGE][WARNING] - Timeout '0' is invalid. Using default page load timeout: '1'

2020-02-07 15:24:20 - [MESSAGE][PASSED] - Object 'Object Repository/Drop/Drops_as_objects/div_Drop_1' is present and visible in viewport

2020-02-07 15:24:20 - [TEST_STEP][PASSED] - click(findTestObject("Drop/Drops_as_objects/div_Drop_1")): Object: 'Object Repository/Drop/Drops_as_objects/div_Drop_1' is clicked on

2020-02-07 15:24:21 - [MESSAGE][PASSED] - Object: 'Object Repository/Drop/Drops_as_objects/div_Drop_1' is clicked on

2020-02-07 15:24:21 - [TEST_STEP][PASSED] - click(findTestObject("Drop/input_RGB_drophex-color (Drop color)")): Object: 'Object Repository/Drop/input_RGB_drophex-color (Drop color)' is clicked on

2020-02-07 15:24:22 - [MESSAGE][PASSED] - Object: 'Object Repository/Drop/input_RGB_drophex-color (Drop color)' is clicked on

2020-02-07 15:24:22 - [TEST_STEP][PASSED] - clearText(findTestObject("Drop/input_RGB_drophex-color (Drop color)")): Text of object 'Object Repository/Drop/input_RGB_drophex-color (Drop color)' is cleared

2020-02-07 15:24:23 - [MESSAGE][PASSED] - Text of object 'Object Repository/Drop/input_RGB_drophex-color (Drop color)' is cleared

2020-02-07 15:24:23 - [TEST_STEP][PASSED] - Thread.sleep(50): null

2020-02-07 15:24:23 - [TEST_STEP][PASSED] - setText(findTestObject("Drop/input_RGB_drophex-color (Drop color)"), findTestData("vavowDate").getValue(4, 1)): Text '#B30000' is set on object 'Object Repository/Drop/input_RGB_drophex-color (Drop color)'

2020-02-07 15:24:25 - [MESSAGE][PASSED] - Text '#B30000' is set on object 'Object Repository/Drop/input_RGB_drophex-color (Drop color)'

2020-02-07 15:24:25 - [TEST_STEP][PASSED] - Thread.sleep(50): null

2020-02-07 15:24:25 - [TEST_STEP][PASSED] - click(findTestObject("Drop/button_Apply(drop_color)")): Object: 'Object Repository/Drop/button_Apply(drop_color)' is clicked on

2020-02-07 15:24:26 - [MESSAGE][PASSED] - Object: 'Object Repository/Drop/button_Apply(drop_color)' is clicked on

2020-02-07 15:24:26 - [TEST_STEP][PASSED] - Thread.sleep(50): null

2020-02-07 15:24:26 - [TEST_STEP][FAILED] - if (verifyElementInViewport(findTestObject("Drop/Drops_as_objects/div_Drop_2"), 0)): Object 'Object Repository/Drop/Drops_as_objects/div_Drop_2' is not present (Root cause: com.kms.katalon.core.exception.StepFailedException: Object 'Object Repository/Drop/Drops_as_objects/div_Drop_2' is not present
	at com.kms.katalon.core.webui.keyword.internal.WebUIKeywordMain.stepFailed(WebUIKeywordMain.groovy:64)
	at com.kms.katalon.core.webui.keyword.builtin.VerifyElementVisibleInViewportKeyword$_verifyElementVisibleInViewport_closure1.doCall(VerifyElementVisibleInViewportKeyword.groovy:83)
	at com.kms.katalon.core.webui.keyword.builtin.VerifyElementVisibleInViewportKeyword$_verifyElementVisibleInViewport_closure1.call(VerifyElementVisibleInViewportKeyword.groovy)
	at com.kms.katalon.core.webui.keyword.internal.WebUIKeywordMain.runKeyword(WebUIKeywordMain.groovy:20)
	at com.kms.katalon.core.webui.keyword.builtin.VerifyElementVisibleInViewportKeyword.verifyElementVisibleInViewport(VerifyElementVisibleInViewportKeyword.groovy:86)
	at com.kms.katalon.core.webui.keyword.builtin.VerifyElementVisibleInViewportKeyword.execute(VerifyElementVisibleInViewportKeyword.groovy:68)
	at com.kms.katalon.core.keyword.internal.KeywordExecutor.executeKeywordForPlatform(KeywordExecutor.groovy:72)
	at com.kms.katalon.core.webui.keyword.WebUiBuiltInKeywords.verifyElementInViewport(WebUiBuiltInKeywords.groovy:3039)
	at com.kms.katalon.core.webui.keyword.WebUiBuiltInKeywords$verifyElementInViewport$14.call(Unknown Source)
	at Drops color (1-30 scenes) for -30.run(Drops color (1-30 scenes) for -30:48)
	at com.kms.katalon.core.main.ScriptEngine.run(ScriptEngine.java:194)
	at com.kms.katalon.core.main.ScriptEngine.runScriptAsRawText(ScriptEngine.java:119)
	at com.kms.katalon.core.main.TestCaseExecutor.runScript(TestCaseExecutor.java:337)
	at com.kms.katalon.core.main.TestCaseExecutor.doExecute(TestCaseExecutor.java:328)
	at com.kms.katalon.core.main.TestCaseExecutor.processExecutionPhase(TestCaseExecutor.java:307)
	at com.kms.katalon.core.main.TestCaseExecutor.accessMainPhase(TestCaseExecutor.java:299)
	at com.kms.katalon.core.main.TestCaseExecutor.execute(TestCaseExecutor.java:233)
	at com.kms.katalon.core.main.TestSuiteExecutor.accessTestCaseMainPhase(TestSuiteExecutor.java:169)
	at com.kms.katalon.core.main.TestSuiteExecutor.accessTestSuiteMainPhase(TestSuiteExecutor.java:142)
	at com.kms.katalon.core.main.TestSuiteExecutor.execute(TestSuiteExecutor.java:91)
	at com.kms.katalon.core.main.TestCaseMain.startTestSuite(TestCaseMain.java:157)
	at com.kms.katalon.core.main.TestCaseMain$startTestSuite$0.call(Unknown Source)
	at TempTestSuite1581081710748.run(TempTestSuite1581081710748.groovy:36)
)

2020-02-07 15:24:26 - [MESSAGE][WARNING] - Timeout '0' is invalid. Using default page load timeout: '1'

2020-02-07 15:24:28 - [MESSAGE][INFO] - Unable to find the element located by 'By.xpath: //div[@class = 'current-slide active-slide']//div[@class='background-slide'][2]'. Please recheck the objects properties to make sure the desired element is located. 

2020-02-07 15:24:28 - [MESSAGE][FAILED] - Object 'Object Repository/Drop/Drops_as_objects/div_Drop_2' is not present (Root cause: com.kms.katalon.core.exception.StepFailedException: Object 'Object Repository/Drop/Drops_as_objects/div_Drop_2' is not present
	at com.kms.katalon.core.webui.keyword.internal.WebUIKeywordMain.stepFailed(WebUIKeywordMain.groovy:64)
	at com.kms.katalon.core.webui.keyword.builtin.VerifyElementVisibleInViewportKeyword$_verifyElementVisibleInViewport_closure1.doCall(VerifyElementVisibleInViewportKeyword.groovy:83)
	at com.kms.katalon.core.webui.keyword.builtin.VerifyElementVisibleInViewportKeyword$_verifyElementVisibleInViewport_closure1.call(VerifyElementVisibleInViewportKeyword.groovy)
	at com.kms.katalon.core.webui.keyword.internal.WebUIKeywordMain.runKeyword(WebUIKeywordMain.groovy:20)
	at com.kms.katalon.core.webui.keyword.builtin.VerifyElementVisibleInViewportKeyword.verifyElementVisibleInViewport(VerifyElementVisibleInViewportKeyword.groovy:86)
	at com.kms.katalon.core.webui.keyword.builtin.VerifyElementVisibleInViewportKeyword.execute(VerifyElementVisibleInViewportKeyword.groovy:68)
	at com.kms.katalon.core.keyword.internal.KeywordExecutor.executeKeywordForPlatform(KeywordExecutor.groovy:72)
	at com.kms.katalon.core.webui.keyword.WebUiBuiltInKeywords.verifyElementInViewport(WebUiBuiltInKeywords.groovy:3039)
	at com.kms.katalon.core.webui.keyword.WebUiBuiltInKeywords$verifyElementInViewport$14.call(Unknown Source)
	at Drops color (1-30 scenes) for -30.run(Drops color (1-30 scenes) for -30:48)
	at com.kms.katalon.core.main.ScriptEngine.run(ScriptEngine.java:194)
	at com.kms.katalon.core.main.ScriptEngine.runScriptAsRawText(ScriptEngine.java:119)
	at com.kms.katalon.core.main.TestCaseExecutor.runScript(TestCaseExecutor.java:337)
	at com.kms.katalon.core.main.TestCaseExecutor.doExecute(TestCaseExecutor.java:328)
	at com.kms.katalon.core.main.TestCaseExecutor.processExecutionPhase(TestCaseExecutor.java:307)
	at com.kms.katalon.core.main.TestCaseExecutor.accessMainPhase(TestCaseExecutor.java:299)
	at com.kms.katalon.core.main.TestCaseExecutor.execute(TestCaseExecutor.java:233)
	at com.kms.katalon.core.main.TestSuiteExecutor.accessTestCaseMainPhase(TestSuiteExecutor.java:169)
	at com.kms.katalon.core.main.TestSuiteExecutor.accessTestSuiteMainPhase(TestSuiteExecutor.java:142)
	at com.kms.katalon.core.main.TestSuiteExecutor.execute(TestSuiteExecutor.java:91)
	at com.kms.katalon.core.main.TestCaseMain.startTestSuite(TestCaseMain.java:157)
	at com.kms.katalon.core.main.TestCaseMain$startTestSuite$0.call(Unknown Source)
	at TempTestSuite1581081710748.run(TempTestSuite1581081710748.groovy:36)
)

2020-02-07 15:24:28 - [TEST_STEP][PASSED] - if (verifyElementPresent(findTestObject("Page_Reevio Video Maker/Editor_Scene_" + i), 0) == true): null

2020-02-07 15:24:28 - [MESSAGE][WARNING] - Timeout '0' is invalid. Using default page load timeout: '1'

2020-02-07 15:24:28 - [MESSAGE][PASSED] - Object 'Object Repository/Page_Reevio Video Maker/Editor_Scene_5' is present

2020-02-07 15:24:28 - [TEST_STEP][PASSED] - doubleClick(findTestObject("Page_Reevio Video Maker/Editor_Scene_" + i)): Object: 'Object Repository/Page_Reevio Video Maker/Editor_Scene_5' is double clicked on

2020-02-07 15:24:30 - [MESSAGE][PASSED] - Object: 'Object Repository/Page_Reevio Video Maker/Editor_Scene_5' is double clicked on

2020-02-07 15:24:30 - [TEST_STEP][PASSED] - if (verifyElementInViewport(findTestObject("Drop/Drops_as_objects/div_Drop_1"), 0)): null

2020-02-07 15:24:30 - [MESSAGE][WARNING] - Timeout '0' is invalid. Using default page load timeout: '1'

2020-02-07 15:24:31 - [MESSAGE][PASSED] - Object 'Object Repository/Drop/Drops_as_objects/div_Drop_1' is present and visible in viewport

2020-02-07 15:24:31 - [TEST_STEP][PASSED] - click(findTestObject("Drop/Drops_as_objects/div_Drop_1")): Object: 'Object Repository/Drop/Drops_as_objects/div_Drop_1' is clicked on

2020-02-07 15:24:32 - [MESSAGE][PASSED] - Object: 'Object Repository/Drop/Drops_as_objects/div_Drop_1' is clicked on

2020-02-07 15:24:32 - [TEST_STEP][PASSED] - click(findTestObject("Drop/input_RGB_drophex-color (Drop color)")): Object: 'Object Repository/Drop/input_RGB_drophex-color (Drop color)' is clicked on

2020-02-07 15:24:32 - [MESSAGE][PASSED] - Object: 'Object Repository/Drop/input_RGB_drophex-color (Drop color)' is clicked on

2020-02-07 15:24:32 - [TEST_STEP][PASSED] - clearText(findTestObject("Drop/input_RGB_drophex-color (Drop color)")): Text of object 'Object Repository/Drop/input_RGB_drophex-color (Drop color)' is cleared

2020-02-07 15:24:33 - [MESSAGE][PASSED] - Text of object 'Object Repository/Drop/input_RGB_drophex-color (Drop color)' is cleared

2020-02-07 15:24:33 - [TEST_STEP][PASSED] - Thread.sleep(50): null

2020-02-07 15:24:33 - [TEST_STEP][PASSED] - setText(findTestObject("Drop/input_RGB_drophex-color (Drop color)"), findTestData("vavowDate").getValue(4, 1)): Text '#B30000' is set on object 'Object Repository/Drop/input_RGB_drophex-color (Drop color)'

2020-02-07 15:24:36 - [MESSAGE][PASSED] - Text '#B30000' is set on object 'Object Repository/Drop/input_RGB_drophex-color (Drop color)'

2020-02-07 15:24:36 - [TEST_STEP][PASSED] - Thread.sleep(50): null

2020-02-07 15:24:36 - [TEST_STEP][PASSED] - click(findTestObject("Drop/button_Apply(drop_color)")): Object: 'Object Repository/Drop/button_Apply(drop_color)' is clicked on

2020-02-07 15:24:37 - [MESSAGE][PASSED] - Object: 'Object Repository/Drop/button_Apply(drop_color)' is clicked on

2020-02-07 15:24:37 - [TEST_STEP][PASSED] - Thread.sleep(50): null

2020-02-07 15:24:37 - [TEST_STEP][FAILED] - if (verifyElementInViewport(findTestObject("Drop/Drops_as_objects/div_Drop_2"), 0)): Object 'Object Repository/Drop/Drops_as_objects/div_Drop_2' is not present (Root cause: com.kms.katalon.core.exception.StepFailedException: Object 'Object Repository/Drop/Drops_as_objects/div_Drop_2' is not present
	at com.kms.katalon.core.webui.keyword.internal.WebUIKeywordMain.stepFailed(WebUIKeywordMain.groovy:64)
	at com.kms.katalon.core.webui.keyword.builtin.VerifyElementVisibleInViewportKeyword$_verifyElementVisibleInViewport_closure1.doCall(VerifyElementVisibleInViewportKeyword.groovy:83)
	at com.kms.katalon.core.webui.keyword.builtin.VerifyElementVisibleInViewportKeyword$_verifyElementVisibleInViewport_closure1.call(VerifyElementVisibleInViewportKeyword.groovy)
	at com.kms.katalon.core.webui.keyword.internal.WebUIKeywordMain.runKeyword(WebUIKeywordMain.groovy:20)
	at com.kms.katalon.core.webui.keyword.builtin.VerifyElementVisibleInViewportKeyword.verifyElementVisibleInViewport(VerifyElementVisibleInViewportKeyword.groovy:86)
	at com.kms.katalon.core.webui.keyword.builtin.VerifyElementVisibleInViewportKeyword.execute(VerifyElementVisibleInViewportKeyword.groovy:68)
	at com.kms.katalon.core.keyword.internal.KeywordExecutor.executeKeywordForPlatform(KeywordExecutor.groovy:72)
	at com.kms.katalon.core.webui.keyword.WebUiBuiltInKeywords.verifyElementInViewport(WebUiBuiltInKeywords.groovy:3039)
	at com.kms.katalon.core.webui.keyword.WebUiBuiltInKeywords$verifyElementInViewport$14.call(Unknown Source)
	at Drops color (1-30 scenes) for -30.run(Drops color (1-30 scenes) for -30:48)
	at com.kms.katalon.core.main.ScriptEngine.run(ScriptEngine.java:194)
	at com.kms.katalon.core.main.ScriptEngine.runScriptAsRawText(ScriptEngine.java:119)
	at com.kms.katalon.core.main.TestCaseExecutor.runScript(TestCaseExecutor.java:337)
	at com.kms.katalon.core.main.TestCaseExecutor.doExecute(TestCaseExecutor.java:328)
	at com.kms.katalon.core.main.TestCaseExecutor.processExecutionPhase(TestCaseExecutor.java:307)
	at com.kms.katalon.core.main.TestCaseExecutor.accessMainPhase(TestCaseExecutor.java:299)
	at com.kms.katalon.core.main.TestCaseExecutor.execute(TestCaseExecutor.java:233)
	at com.kms.katalon.core.main.TestSuiteExecutor.accessTestCaseMainPhase(TestSuiteExecutor.java:169)
	at com.kms.katalon.core.main.TestSuiteExecutor.accessTestSuiteMainPhase(TestSuiteExecutor.java:142)
	at com.kms.katalon.core.main.TestSuiteExecutor.execute(TestSuiteExecutor.java:91)
	at com.kms.katalon.core.main.TestCaseMain.startTestSuite(TestCaseMain.java:157)
	at com.kms.katalon.core.main.TestCaseMain$startTestSuite$0.call(Unknown Source)
	at TempTestSuite1581081710748.run(TempTestSuite1581081710748.groovy:36)
)

2020-02-07 15:24:38 - [MESSAGE][WARNING] - Timeout '0' is invalid. Using default page load timeout: '1'

2020-02-07 15:24:39 - [MESSAGE][INFO] - Unable to find the element located by 'By.xpath: //div[@class = 'current-slide active-slide']//div[@class='background-slide'][2]'. Please recheck the objects properties to make sure the desired element is located. 

2020-02-07 15:24:39 - [MESSAGE][FAILED] - Object 'Object Repository/Drop/Drops_as_objects/div_Drop_2' is not present (Root cause: com.kms.katalon.core.exception.StepFailedException: Object 'Object Repository/Drop/Drops_as_objects/div_Drop_2' is not present
	at com.kms.katalon.core.webui.keyword.internal.WebUIKeywordMain.stepFailed(WebUIKeywordMain.groovy:64)
	at com.kms.katalon.core.webui.keyword.builtin.VerifyElementVisibleInViewportKeyword$_verifyElementVisibleInViewport_closure1.doCall(VerifyElementVisibleInViewportKeyword.groovy:83)
	at com.kms.katalon.core.webui.keyword.builtin.VerifyElementVisibleInViewportKeyword$_verifyElementVisibleInViewport_closure1.call(VerifyElementVisibleInViewportKeyword.groovy)
	at com.kms.katalon.core.webui.keyword.internal.WebUIKeywordMain.runKeyword(WebUIKeywordMain.groovy:20)
	at com.kms.katalon.core.webui.keyword.builtin.VerifyElementVisibleInViewportKeyword.verifyElementVisibleInViewport(VerifyElementVisibleInViewportKeyword.groovy:86)
	at com.kms.katalon.core.webui.keyword.builtin.VerifyElementVisibleInViewportKeyword.execute(VerifyElementVisibleInViewportKeyword.groovy:68)
	at com.kms.katalon.core.keyword.internal.KeywordExecutor.executeKeywordForPlatform(KeywordExecutor.groovy:72)
	at com.kms.katalon.core.webui.keyword.WebUiBuiltInKeywords.verifyElementInViewport(WebUiBuiltInKeywords.groovy:3039)
	at com.kms.katalon.core.webui.keyword.WebUiBuiltInKeywords$verifyElementInViewport$14.call(Unknown Source)
	at Drops color (1-30 scenes) for -30.run(Drops color (1-30 scenes) for -30:48)
	at com.kms.katalon.core.main.ScriptEngine.run(ScriptEngine.java:194)
	at com.kms.katalon.core.main.ScriptEngine.runScriptAsRawText(ScriptEngine.java:119)
	at com.kms.katalon.core.main.TestCaseExecutor.runScript(TestCaseExecutor.java:337)
	at com.kms.katalon.core.main.TestCaseExecutor.doExecute(TestCaseExecutor.java:328)
	at com.kms.katalon.core.main.TestCaseExecutor.processExecutionPhase(TestCaseExecutor.java:307)
	at com.kms.katalon.core.main.TestCaseExecutor.accessMainPhase(TestCaseExecutor.java:299)
	at com.kms.katalon.core.main.TestCaseExecutor.execute(TestCaseExecutor.java:233)
	at com.kms.katalon.core.main.TestSuiteExecutor.accessTestCaseMainPhase(TestSuiteExecutor.java:169)
	at com.kms.katalon.core.main.TestSuiteExecutor.accessTestSuiteMainPhase(TestSuiteExecutor.java:142)
	at com.kms.katalon.core.main.TestSuiteExecutor.execute(TestSuiteExecutor.java:91)
	at com.kms.katalon.core.main.TestCaseMain.startTestSuite(TestCaseMain.java:157)
	at com.kms.katalon.core.main.TestCaseMain$startTestSuite$0.call(Unknown Source)
	at TempTestSuite1581081710748.run(TempTestSuite1581081710748.groovy:36)
)

2020-02-07 15:24:39 - [TEST_STEP][PASSED] - if (verifyElementPresent(findTestObject("Page_Reevio Video Maker/Editor_Scene_" + i), 0) == true): null

2020-02-07 15:24:40 - [MESSAGE][WARNING] - Timeout '0' is invalid. Using default page load timeout: '1'

2020-02-07 15:24:40 - [MESSAGE][PASSED] - Object 'Object Repository/Page_Reevio Video Maker/Editor_Scene_6' is present

2020-02-07 15:24:40 - [TEST_STEP][PASSED] - doubleClick(findTestObject("Page_Reevio Video Maker/Editor_Scene_" + i)): Object: 'Object Repository/Page_Reevio Video Maker/Editor_Scene_6' is double clicked on

2020-02-07 15:24:41 - [MESSAGE][PASSED] - Object: 'Object Repository/Page_Reevio Video Maker/Editor_Scene_6' is double clicked on

2020-02-07 15:24:41 - [TEST_STEP][PASSED] - if (verifyElementInViewport(findTestObject("Drop/Drops_as_objects/div_Drop_1"), 0)): null

2020-02-07 15:24:41 - [MESSAGE][WARNING] - Timeout '0' is invalid. Using default page load timeout: '1'

2020-02-07 15:24:42 - [MESSAGE][PASSED] - Object 'Object Repository/Drop/Drops_as_objects/div_Drop_1' is present and visible in viewport

2020-02-07 15:24:42 - [TEST_STEP][PASSED] - click(findTestObject("Drop/Drops_as_objects/div_Drop_1")): Object: 'Object Repository/Drop/Drops_as_objects/div_Drop_1' is clicked on

2020-02-07 15:24:43 - [MESSAGE][PASSED] - Object: 'Object Repository/Drop/Drops_as_objects/div_Drop_1' is clicked on

2020-02-07 15:24:43 - [TEST_STEP][PASSED] - click(findTestObject("Drop/input_RGB_drophex-color (Drop color)")): Object: 'Object Repository/Drop/input_RGB_drophex-color (Drop color)' is clicked on

2020-02-07 15:24:44 - [MESSAGE][PASSED] - Object: 'Object Repository/Drop/input_RGB_drophex-color (Drop color)' is clicked on

2020-02-07 15:24:44 - [TEST_STEP][PASSED] - clearText(findTestObject("Drop/input_RGB_drophex-color (Drop color)")): Text of object 'Object Repository/Drop/input_RGB_drophex-color (Drop color)' is cleared

2020-02-07 15:24:45 - [MESSAGE][PASSED] - Text of object 'Object Repository/Drop/input_RGB_drophex-color (Drop color)' is cleared

2020-02-07 15:24:45 - [TEST_STEP][PASSED] - Thread.sleep(50): null

2020-02-07 15:24:45 - [TEST_STEP][PASSED] - setText(findTestObject("Drop/input_RGB_drophex-color (Drop color)"), findTestData("vavowDate").getValue(4, 1)): Text '#B30000' is set on object 'Object Repository/Drop/input_RGB_drophex-color (Drop color)'

2020-02-07 15:24:47 - [MESSAGE][PASSED] - Text '#B30000' is set on object 'Object Repository/Drop/input_RGB_drophex-color (Drop color)'

2020-02-07 15:24:47 - [TEST_STEP][PASSED] - Thread.sleep(50): null

2020-02-07 15:24:47 - [TEST_STEP][PASSED] - click(findTestObject("Drop/button_Apply(drop_color)")): Object: 'Object Repository/Drop/button_Apply(drop_color)' is clicked on

2020-02-07 15:24:48 - [MESSAGE][PASSED] - Object: 'Object Repository/Drop/button_Apply(drop_color)' is clicked on

2020-02-07 15:24:48 - [TEST_STEP][PASSED] - Thread.sleep(50): null

2020-02-07 15:24:48 - [TEST_STEP][FAILED] - if (verifyElementInViewport(findTestObject("Drop/Drops_as_objects/div_Drop_2"), 0)): Object 'Object Repository/Drop/Drops_as_objects/div_Drop_2' is not present (Root cause: com.kms.katalon.core.exception.StepFailedException: Object 'Object Repository/Drop/Drops_as_objects/div_Drop_2' is not present
	at com.kms.katalon.core.webui.keyword.internal.WebUIKeywordMain.stepFailed(WebUIKeywordMain.groovy:64)
	at com.kms.katalon.core.webui.keyword.builtin.VerifyElementVisibleInViewportKeyword$_verifyElementVisibleInViewport_closure1.doCall(VerifyElementVisibleInViewportKeyword.groovy:83)
	at com.kms.katalon.core.webui.keyword.builtin.VerifyElementVisibleInViewportKeyword$_verifyElementVisibleInViewport_closure1.call(VerifyElementVisibleInViewportKeyword.groovy)
	at com.kms.katalon.core.webui.keyword.internal.WebUIKeywordMain.runKeyword(WebUIKeywordMain.groovy:20)
	at com.kms.katalon.core.webui.keyword.builtin.VerifyElementVisibleInViewportKeyword.verifyElementVisibleInViewport(VerifyElementVisibleInViewportKeyword.groovy:86)
	at com.kms.katalon.core.webui.keyword.builtin.VerifyElementVisibleInViewportKeyword.execute(VerifyElementVisibleInViewportKeyword.groovy:68)
	at com.kms.katalon.core.keyword.internal.KeywordExecutor.executeKeywordForPlatform(KeywordExecutor.groovy:72)
	at com.kms.katalon.core.webui.keyword.WebUiBuiltInKeywords.verifyElementInViewport(WebUiBuiltInKeywords.groovy:3039)
	at com.kms.katalon.core.webui.keyword.WebUiBuiltInKeywords$verifyElementInViewport$14.call(Unknown Source)
	at Drops color (1-30 scenes) for -30.run(Drops color (1-30 scenes) for -30:48)
	at com.kms.katalon.core.main.ScriptEngine.run(ScriptEngine.java:194)
	at com.kms.katalon.core.main.ScriptEngine.runScriptAsRawText(ScriptEngine.java:119)
	at com.kms.katalon.core.main.TestCaseExecutor.runScript(TestCaseExecutor.java:337)
	at com.kms.katalon.core.main.TestCaseExecutor.doExecute(TestCaseExecutor.java:328)
	at com.kms.katalon.core.main.TestCaseExecutor.processExecutionPhase(TestCaseExecutor.java:307)
	at com.kms.katalon.core.main.TestCaseExecutor.accessMainPhase(TestCaseExecutor.java:299)
	at com.kms.katalon.core.main.TestCaseExecutor.execute(TestCaseExecutor.java:233)
	at com.kms.katalon.core.main.TestSuiteExecutor.accessTestCaseMainPhase(TestSuiteExecutor.java:169)
	at com.kms.katalon.core.main.TestSuiteExecutor.accessTestSuiteMainPhase(TestSuiteExecutor.java:142)
	at com.kms.katalon.core.main.TestSuiteExecutor.execute(TestSuiteExecutor.java:91)
	at com.kms.katalon.core.main.TestCaseMain.startTestSuite(TestCaseMain.java:157)
	at com.kms.katalon.core.main.TestCaseMain$startTestSuite$0.call(Unknown Source)
	at TempTestSuite1581081710748.run(TempTestSuite1581081710748.groovy:36)
)

2020-02-07 15:24:49 - [MESSAGE][WARNING] - Timeout '0' is invalid. Using default page load timeout: '1'

2020-02-07 15:24:50 - [MESSAGE][INFO] - Unable to find the element located by 'By.xpath: //div[@class = 'current-slide active-slide']//div[@class='background-slide'][2]'. Please recheck the objects properties to make sure the desired element is located. 

2020-02-07 15:24:50 - [MESSAGE][FAILED] - Object 'Object Repository/Drop/Drops_as_objects/div_Drop_2' is not present (Root cause: com.kms.katalon.core.exception.StepFailedException: Object 'Object Repository/Drop/Drops_as_objects/div_Drop_2' is not present
	at com.kms.katalon.core.webui.keyword.internal.WebUIKeywordMain.stepFailed(WebUIKeywordMain.groovy:64)
	at com.kms.katalon.core.webui.keyword.builtin.VerifyElementVisibleInViewportKeyword$_verifyElementVisibleInViewport_closure1.doCall(VerifyElementVisibleInViewportKeyword.groovy:83)
	at com.kms.katalon.core.webui.keyword.builtin.VerifyElementVisibleInViewportKeyword$_verifyElementVisibleInViewport_closure1.call(VerifyElementVisibleInViewportKeyword.groovy)
	at com.kms.katalon.core.webui.keyword.internal.WebUIKeywordMain.runKeyword(WebUIKeywordMain.groovy:20)
	at com.kms.katalon.core.webui.keyword.builtin.VerifyElementVisibleInViewportKeyword.verifyElementVisibleInViewport(VerifyElementVisibleInViewportKeyword.groovy:86)
	at com.kms.katalon.core.webui.keyword.builtin.VerifyElementVisibleInViewportKeyword.execute(VerifyElementVisibleInViewportKeyword.groovy:68)
	at com.kms.katalon.core.keyword.internal.KeywordExecutor.executeKeywordForPlatform(KeywordExecutor.groovy:72)
	at com.kms.katalon.core.webui.keyword.WebUiBuiltInKeywords.verifyElementInViewport(WebUiBuiltInKeywords.groovy:3039)
	at com.kms.katalon.core.webui.keyword.WebUiBuiltInKeywords$verifyElementInViewport$14.call(Unknown Source)
	at Drops color (1-30 scenes) for -30.run(Drops color (1-30 scenes) for -30:48)
	at com.kms.katalon.core.main.ScriptEngine.run(ScriptEngine.java:194)
	at com.kms.katalon.core.main.ScriptEngine.runScriptAsRawText(ScriptEngine.java:119)
	at com.kms.katalon.core.main.TestCaseExecutor.runScript(TestCaseExecutor.java:337)
	at com.kms.katalon.core.main.TestCaseExecutor.doExecute(TestCaseExecutor.java:328)
	at com.kms.katalon.core.main.TestCaseExecutor.processExecutionPhase(TestCaseExecutor.java:307)
	at com.kms.katalon.core.main.TestCaseExecutor.accessMainPhase(TestCaseExecutor.java:299)
	at com.kms.katalon.core.main.TestCaseExecutor.execute(TestCaseExecutor.java:233)
	at com.kms.katalon.core.main.TestSuiteExecutor.accessTestCaseMainPhase(TestSuiteExecutor.java:169)
	at com.kms.katalon.core.main.TestSuiteExecutor.accessTestSuiteMainPhase(TestSuiteExecutor.java:142)
	at com.kms.katalon.core.main.TestSuiteExecutor.execute(TestSuiteExecutor.java:91)
	at com.kms.katalon.core.main.TestCaseMain.startTestSuite(TestCaseMain.java:157)
	at com.kms.katalon.core.main.TestCaseMain$startTestSuite$0.call(Unknown Source)
	at TempTestSuite1581081710748.run(TempTestSuite1581081710748.groovy:36)
)

2020-02-07 15:24:50 - [TEST_STEP][PASSED] - if (verifyElementPresent(findTestObject("Page_Reevio Video Maker/Editor_Scene_" + i), 0) == true): null

2020-02-07 15:24:50 - [MESSAGE][WARNING] - Timeout '0' is invalid. Using default page load timeout: '1'

2020-02-07 15:24:51 - [MESSAGE][PASSED] - Object 'Object Repository/Page_Reevio Video Maker/Editor_Scene_7' is present

2020-02-07 15:24:51 - [TEST_STEP][PASSED] - doubleClick(findTestObject("Page_Reevio Video Maker/Editor_Scene_" + i)): Object: 'Object Repository/Page_Reevio Video Maker/Editor_Scene_7' is double clicked on

2020-02-07 15:24:52 - [MESSAGE][PASSED] - Object: 'Object Repository/Page_Reevio Video Maker/Editor_Scene_7' is double clicked on

2020-02-07 15:24:52 - [TEST_STEP][PASSED] - if (verifyElementInViewport(findTestObject("Drop/Drops_as_objects/div_Drop_1"), 0)): null

2020-02-07 15:24:53 - [MESSAGE][WARNING] - Timeout '0' is invalid. Using default page load timeout: '1'

2020-02-07 15:24:53 - [MESSAGE][PASSED] - Object 'Object Repository/Drop/Drops_as_objects/div_Drop_1' is present and visible in viewport

2020-02-07 15:24:53 - [TEST_STEP][PASSED] - click(findTestObject("Drop/Drops_as_objects/div_Drop_1")): Object: 'Object Repository/Drop/Drops_as_objects/div_Drop_1' is clicked on

2020-02-07 15:24:54 - [MESSAGE][PASSED] - Object: 'Object Repository/Drop/Drops_as_objects/div_Drop_1' is clicked on

2020-02-07 15:24:54 - [TEST_STEP][PASSED] - click(findTestObject("Drop/input_RGB_drophex-color (Drop color)")): Object: 'Object Repository/Drop/input_RGB_drophex-color (Drop color)' is clicked on

2020-02-07 15:24:55 - [MESSAGE][PASSED] - Object: 'Object Repository/Drop/input_RGB_drophex-color (Drop color)' is clicked on

2020-02-07 15:24:55 - [TEST_STEP][PASSED] - clearText(findTestObject("Drop/input_RGB_drophex-color (Drop color)")): Text of object 'Object Repository/Drop/input_RGB_drophex-color (Drop color)' is cleared

2020-02-07 15:24:57 - [MESSAGE][PASSED] - Text of object 'Object Repository/Drop/input_RGB_drophex-color (Drop color)' is cleared

2020-02-07 15:24:57 - [TEST_STEP][PASSED] - Thread.sleep(50): null

2020-02-07 15:24:57 - [TEST_STEP][PASSED] - setText(findTestObject("Drop/input_RGB_drophex-color (Drop color)"), findTestData("vavowDate").getValue(4, 1)): Text '#B30000' is set on object 'Object Repository/Drop/input_RGB_drophex-color (Drop color)'

2020-02-07 15:25:00 - [MESSAGE][PASSED] - Text '#B30000' is set on object 'Object Repository/Drop/input_RGB_drophex-color (Drop color)'

2020-02-07 15:25:00 - [TEST_STEP][PASSED] - Thread.sleep(50): null

2020-02-07 15:25:00 - [TEST_STEP][PASSED] - click(findTestObject("Drop/button_Apply(drop_color)")): Object: 'Object Repository/Drop/button_Apply(drop_color)' is clicked on

2020-02-07 15:25:01 - [MESSAGE][PASSED] - Object: 'Object Repository/Drop/button_Apply(drop_color)' is clicked on

2020-02-07 15:25:01 - [TEST_STEP][PASSED] - Thread.sleep(50): null

2020-02-07 15:25:01 - [TEST_STEP][FAILED] - if (verifyElementInViewport(findTestObject("Drop/Drops_as_objects/div_Drop_2"), 0)): Object 'Object Repository/Drop/Drops_as_objects/div_Drop_2' is not present (Root cause: com.kms.katalon.core.exception.StepFailedException: Object 'Object Repository/Drop/Drops_as_objects/div_Drop_2' is not present
	at com.kms.katalon.core.webui.keyword.internal.WebUIKeywordMain.stepFailed(WebUIKeywordMain.groovy:64)
	at com.kms.katalon.core.webui.keyword.builtin.VerifyElementVisibleInViewportKeyword$_verifyElementVisibleInViewport_closure1.doCall(VerifyElementVisibleInViewportKeyword.groovy:83)
	at com.kms.katalon.core.webui.keyword.builtin.VerifyElementVisibleInViewportKeyword$_verifyElementVisibleInViewport_closure1.call(VerifyElementVisibleInViewportKeyword.groovy)
	at com.kms.katalon.core.webui.keyword.internal.WebUIKeywordMain.runKeyword(WebUIKeywordMain.groovy:20)
	at com.kms.katalon.core.webui.keyword.builtin.VerifyElementVisibleInViewportKeyword.verifyElementVisibleInViewport(VerifyElementVisibleInViewportKeyword.groovy:86)
	at com.kms.katalon.core.webui.keyword.builtin.VerifyElementVisibleInViewportKeyword.execute(VerifyElementVisibleInViewportKeyword.groovy:68)
	at com.kms.katalon.core.keyword.internal.KeywordExecutor.executeKeywordForPlatform(KeywordExecutor.groovy:72)
	at com.kms.katalon.core.webui.keyword.WebUiBuiltInKeywords.verifyElementInViewport(WebUiBuiltInKeywords.groovy:3039)
	at com.kms.katalon.core.webui.keyword.WebUiBuiltInKeywords$verifyElementInViewport$14.call(Unknown Source)
	at Drops color (1-30 scenes) for -30.run(Drops color (1-30 scenes) for -30:48)
	at com.kms.katalon.core.main.ScriptEngine.run(ScriptEngine.java:194)
	at com.kms.katalon.core.main.ScriptEngine.runScriptAsRawText(ScriptEngine.java:119)
	at com.kms.katalon.core.main.TestCaseExecutor.runScript(TestCaseExecutor.java:337)
	at com.kms.katalon.core.main.TestCaseExecutor.doExecute(TestCaseExecutor.java:328)
	at com.kms.katalon.core.main.TestCaseExecutor.processExecutionPhase(TestCaseExecutor.java:307)
	at com.kms.katalon.core.main.TestCaseExecutor.accessMainPhase(TestCaseExecutor.java:299)
	at com.kms.katalon.core.main.TestCaseExecutor.execute(TestCaseExecutor.java:233)
	at com.kms.katalon.core.main.TestSuiteExecutor.accessTestCaseMainPhase(TestSuiteExecutor.java:169)
	at com.kms.katalon.core.main.TestSuiteExecutor.accessTestSuiteMainPhase(TestSuiteExecutor.java:142)
	at com.kms.katalon.core.main.TestSuiteExecutor.execute(TestSuiteExecutor.java:91)
	at com.kms.katalon.core.main.TestCaseMain.startTestSuite(TestCaseMain.java:157)
	at com.kms.katalon.core.main.TestCaseMain$startTestSuite$0.call(Unknown Source)
	at TempTestSuite1581081710748.run(TempTestSuite1581081710748.groovy:36)
)

2020-02-07 15:25:01 - [MESSAGE][WARNING] - Timeout '0' is invalid. Using default page load timeout: '1'

2020-02-07 15:25:02 - [MESSAGE][INFO] - Unable to find the element located by 'By.xpath: //div[@class = 'current-slide active-slide']//div[@class='background-slide'][2]'. Please recheck the objects properties to make sure the desired element is located. 

2020-02-07 15:25:02 - [MESSAGE][FAILED] - Object 'Object Repository/Drop/Drops_as_objects/div_Drop_2' is not present (Root cause: com.kms.katalon.core.exception.StepFailedException: Object 'Object Repository/Drop/Drops_as_objects/div_Drop_2' is not present
	at com.kms.katalon.core.webui.keyword.internal.WebUIKeywordMain.stepFailed(WebUIKeywordMain.groovy:64)
	at com.kms.katalon.core.webui.keyword.builtin.VerifyElementVisibleInViewportKeyword$_verifyElementVisibleInViewport_closure1.doCall(VerifyElementVisibleInViewportKeyword.groovy:83)
	at com.kms.katalon.core.webui.keyword.builtin.VerifyElementVisibleInViewportKeyword$_verifyElementVisibleInViewport_closure1.call(VerifyElementVisibleInViewportKeyword.groovy)
	at com.kms.katalon.core.webui.keyword.internal.WebUIKeywordMain.runKeyword(WebUIKeywordMain.groovy:20)
	at com.kms.katalon.core.webui.keyword.builtin.VerifyElementVisibleInViewportKeyword.verifyElementVisibleInViewport(VerifyElementVisibleInViewportKeyword.groovy:86)
	at com.kms.katalon.core.webui.keyword.builtin.VerifyElementVisibleInViewportKeyword.execute(VerifyElementVisibleInViewportKeyword.groovy:68)
	at com.kms.katalon.core.keyword.internal.KeywordExecutor.executeKeywordForPlatform(KeywordExecutor.groovy:72)
	at com.kms.katalon.core.webui.keyword.WebUiBuiltInKeywords.verifyElementInViewport(WebUiBuiltInKeywords.groovy:3039)
	at com.kms.katalon.core.webui.keyword.WebUiBuiltInKeywords$verifyElementInViewport$14.call(Unknown Source)
	at Drops color (1-30 scenes) for -30.run(Drops color (1-30 scenes) for -30:48)
	at com.kms.katalon.core.main.ScriptEngine.run(ScriptEngine.java:194)
	at com.kms.katalon.core.main.ScriptEngine.runScriptAsRawText(ScriptEngine.java:119)
	at com.kms.katalon.core.main.TestCaseExecutor.runScript(TestCaseExecutor.java:337)
	at com.kms.katalon.core.main.TestCaseExecutor.doExecute(TestCaseExecutor.java:328)
	at com.kms.katalon.core.main.TestCaseExecutor.processExecutionPhase(TestCaseExecutor.java:307)
	at com.kms.katalon.core.main.TestCaseExecutor.accessMainPhase(TestCaseExecutor.java:299)
	at com.kms.katalon.core.main.TestCaseExecutor.execute(TestCaseExecutor.java:233)
	at com.kms.katalon.core.main.TestSuiteExecutor.accessTestCaseMainPhase(TestSuiteExecutor.java:169)
	at com.kms.katalon.core.main.TestSuiteExecutor.accessTestSuiteMainPhase(TestSuiteExecutor.java:142)
	at com.kms.katalon.core.main.TestSuiteExecutor.execute(TestSuiteExecutor.java:91)
	at com.kms.katalon.core.main.TestCaseMain.startTestSuite(TestCaseMain.java:157)
	at com.kms.katalon.core.main.TestCaseMain$startTestSuite$0.call(Unknown Source)
	at TempTestSuite1581081710748.run(TempTestSuite1581081710748.groovy:36)
)

2020-02-07 15:25:02 - [TEST_STEP][PASSED] - if (verifyElementPresent(findTestObject("Page_Reevio Video Maker/Editor_Scene_" + i), 0) == true): null

2020-02-07 15:25:03 - [MESSAGE][WARNING] - Timeout '0' is invalid. Using default page load timeout: '1'

2020-02-07 15:25:03 - [MESSAGE][PASSED] - Object 'Object Repository/Page_Reevio Video Maker/Editor_Scene_8' is present

2020-02-07 15:25:03 - [TEST_STEP][PASSED] - doubleClick(findTestObject("Page_Reevio Video Maker/Editor_Scene_" + i)): Object: 'Object Repository/Page_Reevio Video Maker/Editor_Scene_8' is double clicked on

2020-02-07 15:25:05 - [MESSAGE][PASSED] - Object: 'Object Repository/Page_Reevio Video Maker/Editor_Scene_8' is double clicked on

2020-02-07 15:25:05 - [TEST_STEP][PASSED] - if (verifyElementInViewport(findTestObject("Drop/Drops_as_objects/div_Drop_1"), 0)): null

2020-02-07 15:25:05 - [MESSAGE][WARNING] - Timeout '0' is invalid. Using default page load timeout: '1'

2020-02-07 15:25:05 - [MESSAGE][PASSED] - Object 'Object Repository/Drop/Drops_as_objects/div_Drop_1' is present and visible in viewport

2020-02-07 15:25:05 - [TEST_STEP][PASSED] - click(findTestObject("Drop/Drops_as_objects/div_Drop_1")): Object: 'Object Repository/Drop/Drops_as_objects/div_Drop_1' is clicked on

2020-02-07 15:25:06 - [MESSAGE][PASSED] - Object: 'Object Repository/Drop/Drops_as_objects/div_Drop_1' is clicked on

2020-02-07 15:25:06 - [TEST_STEP][PASSED] - click(findTestObject("Drop/input_RGB_drophex-color (Drop color)")): Object: 'Object Repository/Drop/input_RGB_drophex-color (Drop color)' is clicked on

2020-02-07 15:25:07 - [MESSAGE][PASSED] - Object: 'Object Repository/Drop/input_RGB_drophex-color (Drop color)' is clicked on

2020-02-07 15:25:07 - [TEST_STEP][PASSED] - clearText(findTestObject("Drop/input_RGB_drophex-color (Drop color)")): Text of object 'Object Repository/Drop/input_RGB_drophex-color (Drop color)' is cleared

2020-02-07 15:25:08 - [MESSAGE][PASSED] - Text of object 'Object Repository/Drop/input_RGB_drophex-color (Drop color)' is cleared

2020-02-07 15:25:08 - [TEST_STEP][PASSED] - Thread.sleep(50): null

2020-02-07 15:25:08 - [TEST_STEP][PASSED] - setText(findTestObject("Drop/input_RGB_drophex-color (Drop color)"), findTestData("vavowDate").getValue(4, 1)): Text '#B30000' is set on object 'Object Repository/Drop/input_RGB_drophex-color (Drop color)'

2020-02-07 15:25:11 - [MESSAGE][PASSED] - Text '#B30000' is set on object 'Object Repository/Drop/input_RGB_drophex-color (Drop color)'

2020-02-07 15:25:11 - [TEST_STEP][PASSED] - Thread.sleep(50): null

2020-02-07 15:25:11 - [TEST_STEP][PASSED] - click(findTestObject("Drop/button_Apply(drop_color)")): Object: 'Object Repository/Drop/button_Apply(drop_color)' is clicked on

2020-02-07 15:25:12 - [MESSAGE][PASSED] - Object: 'Object Repository/Drop/button_Apply(drop_color)' is clicked on

2020-02-07 15:25:12 - [TEST_STEP][PASSED] - Thread.sleep(50): null

2020-02-07 15:25:12 - [TEST_STEP][PASSED] - if (verifyElementInViewport(findTestObject("Drop/Drops_as_objects/div_Drop_2"), 0)): null

2020-02-07 15:25:13 - [MESSAGE][WARNING] - Timeout '0' is invalid. Using default page load timeout: '1'

2020-02-07 15:25:14 - [MESSAGE][PASSED] - Object 'Object Repository/Drop/Drops_as_objects/div_Drop_2' is present and visible in viewport

2020-02-07 15:25:14 - [TEST_STEP][PASSED] - click(findTestObject("Drop/Drops_as_objects/div_Drop_2")): Object: 'Object Repository/Drop/Drops_as_objects/div_Drop_2' is clicked on

2020-02-07 15:25:15 - [MESSAGE][PASSED] - Object: 'Object Repository/Drop/Drops_as_objects/div_Drop_2' is clicked on

2020-02-07 15:25:15 - [TEST_STEP][PASSED] - Thread.sleep(50): null

2020-02-07 15:25:15 - [TEST_STEP][PASSED] - click(findTestObject("Drop/input_RGB_drophex-color (Drop color)")): Object: 'Object Repository/Drop/input_RGB_drophex-color (Drop color)' is clicked on

2020-02-07 15:25:16 - [MESSAGE][PASSED] - Object: 'Object Repository/Drop/input_RGB_drophex-color (Drop color)' is clicked on

2020-02-07 15:25:16 - [TEST_STEP][PASSED] - Thread.sleep(50): null

2020-02-07 15:25:16 - [TEST_STEP][PASSED] - clearText(findTestObject("Drop/input_RGB_drophex-color (Drop color)")): Text of object 'Object Repository/Drop/input_RGB_drophex-color (Drop color)' is cleared

2020-02-07 15:25:17 - [MESSAGE][PASSED] - Text of object 'Object Repository/Drop/input_RGB_drophex-color (Drop color)' is cleared

2020-02-07 15:25:17 - [TEST_STEP][PASSED] - Thread.sleep(50): null

2020-02-07 15:25:17 - [TEST_STEP][PASSED] - setText(findTestObject("Drop/input_RGB_drophex-color (Drop color)"), findTestData("vavowDate").getValue(5, 1)): Text '#FFC58F' is set on object 'Object Repository/Drop/input_RGB_drophex-color (Drop color)'

2020-02-07 15:25:19 - [MESSAGE][PASSED] - Text '#FFC58F' is set on object 'Object Repository/Drop/input_RGB_drophex-color (Drop color)'

2020-02-07 15:25:19 - [TEST_STEP][PASSED] - Thread.sleep(50): null

2020-02-07 15:25:19 - [TEST_STEP][PASSED] - click(findTestObject("Drop/button_Apply(drop_color)")): Object: 'Object Repository/Drop/button_Apply(drop_color)' is clicked on

2020-02-07 15:25:20 - [MESSAGE][PASSED] - Object: 'Object Repository/Drop/button_Apply(drop_color)' is clicked on

2020-02-07 15:25:20 - [TEST_STEP][PASSED] - Thread.sleep(50): null

2020-02-07 15:25:20 - [TEST_STEP][FAILED] - if (verifyElementInViewport(findTestObject("Drop/Drops_as_objects/div_Drop_3"), 0)): Object 'Object Repository/Drop/Drops_as_objects/div_Drop_3' is not present (Root cause: com.kms.katalon.core.exception.StepFailedException: Object 'Object Repository/Drop/Drops_as_objects/div_Drop_3' is not present
	at com.kms.katalon.core.webui.keyword.internal.WebUIKeywordMain.stepFailed(WebUIKeywordMain.groovy:64)
	at com.kms.katalon.core.webui.keyword.builtin.VerifyElementVisibleInViewportKeyword$_verifyElementVisibleInViewport_closure1.doCall(VerifyElementVisibleInViewportKeyword.groovy:83)
	at com.kms.katalon.core.webui.keyword.builtin.VerifyElementVisibleInViewportKeyword$_verifyElementVisibleInViewport_closure1.call(VerifyElementVisibleInViewportKeyword.groovy)
	at com.kms.katalon.core.webui.keyword.internal.WebUIKeywordMain.runKeyword(WebUIKeywordMain.groovy:20)
	at com.kms.katalon.core.webui.keyword.builtin.VerifyElementVisibleInViewportKeyword.verifyElementVisibleInViewport(VerifyElementVisibleInViewportKeyword.groovy:86)
	at com.kms.katalon.core.webui.keyword.builtin.VerifyElementVisibleInViewportKeyword.execute(VerifyElementVisibleInViewportKeyword.groovy:68)
	at com.kms.katalon.core.keyword.internal.KeywordExecutor.executeKeywordForPlatform(KeywordExecutor.groovy:72)
	at com.kms.katalon.core.webui.keyword.WebUiBuiltInKeywords.verifyElementInViewport(WebUiBuiltInKeywords.groovy:3039)
	at com.kms.katalon.core.webui.keyword.WebUiBuiltInKeywords$verifyElementInViewport$14.call(Unknown Source)
	at Drops color (1-30 scenes) for -30.run(Drops color (1-30 scenes) for -30:61)
	at com.kms.katalon.core.main.ScriptEngine.run(ScriptEngine.java:194)
	at com.kms.katalon.core.main.ScriptEngine.runScriptAsRawText(ScriptEngine.java:119)
	at com.kms.katalon.core.main.TestCaseExecutor.runScript(TestCaseExecutor.java:337)
	at com.kms.katalon.core.main.TestCaseExecutor.doExecute(TestCaseExecutor.java:328)
	at com.kms.katalon.core.main.TestCaseExecutor.processExecutionPhase(TestCaseExecutor.java:307)
	at com.kms.katalon.core.main.TestCaseExecutor.accessMainPhase(TestCaseExecutor.java:299)
	at com.kms.katalon.core.main.TestCaseExecutor.execute(TestCaseExecutor.java:233)
	at com.kms.katalon.core.main.TestSuiteExecutor.accessTestCaseMainPhase(TestSuiteExecutor.java:169)
	at com.kms.katalon.core.main.TestSuiteExecutor.accessTestSuiteMainPhase(TestSuiteExecutor.java:142)
	at com.kms.katalon.core.main.TestSuiteExecutor.execute(TestSuiteExecutor.java:91)
	at com.kms.katalon.core.main.TestCaseMain.startTestSuite(TestCaseMain.java:157)
	at com.kms.katalon.core.main.TestCaseMain$startTestSuite$0.call(Unknown Source)
	at TempTestSuite1581081710748.run(TempTestSuite1581081710748.groovy:36)
)

2020-02-07 15:25:21 - [MESSAGE][WARNING] - Timeout '0' is invalid. Using default page load timeout: '1'

2020-02-07 15:25:22 - [MESSAGE][INFO] - Unable to find the element located by 'By.xpath: //div[@class = 'current-slide active-slide']//div[@class='background-slide'][3]'. Please recheck the objects properties to make sure the desired element is located. 

2020-02-07 15:25:22 - [MESSAGE][FAILED] - Object 'Object Repository/Drop/Drops_as_objects/div_Drop_3' is not present (Root cause: com.kms.katalon.core.exception.StepFailedException: Object 'Object Repository/Drop/Drops_as_objects/div_Drop_3' is not present
	at com.kms.katalon.core.webui.keyword.internal.WebUIKeywordMain.stepFailed(WebUIKeywordMain.groovy:64)
	at com.kms.katalon.core.webui.keyword.builtin.VerifyElementVisibleInViewportKeyword$_verifyElementVisibleInViewport_closure1.doCall(VerifyElementVisibleInViewportKeyword.groovy:83)
	at com.kms.katalon.core.webui.keyword.builtin.VerifyElementVisibleInViewportKeyword$_verifyElementVisibleInViewport_closure1.call(VerifyElementVisibleInViewportKeyword.groovy)
	at com.kms.katalon.core.webui.keyword.internal.WebUIKeywordMain.runKeyword(WebUIKeywordMain.groovy:20)
	at com.kms.katalon.core.webui.keyword.builtin.VerifyElementVisibleInViewportKeyword.verifyElementVisibleInViewport(VerifyElementVisibleInViewportKeyword.groovy:86)
	at com.kms.katalon.core.webui.keyword.builtin.VerifyElementVisibleInViewportKeyword.execute(VerifyElementVisibleInViewportKeyword.groovy:68)
	at com.kms.katalon.core.keyword.internal.KeywordExecutor.executeKeywordForPlatform(KeywordExecutor.groovy:72)
	at com.kms.katalon.core.webui.keyword.WebUiBuiltInKeywords.verifyElementInViewport(WebUiBuiltInKeywords.groovy:3039)
	at com.kms.katalon.core.webui.keyword.WebUiBuiltInKeywords$verifyElementInViewport$14.call(Unknown Source)
	at Drops color (1-30 scenes) for -30.run(Drops color (1-30 scenes) for -30:61)
	at com.kms.katalon.core.main.ScriptEngine.run(ScriptEngine.java:194)
	at com.kms.katalon.core.main.ScriptEngine.runScriptAsRawText(ScriptEngine.java:119)
	at com.kms.katalon.core.main.TestCaseExecutor.runScript(TestCaseExecutor.java:337)
	at com.kms.katalon.core.main.TestCaseExecutor.doExecute(TestCaseExecutor.java:328)
	at com.kms.katalon.core.main.TestCaseExecutor.processExecutionPhase(TestCaseExecutor.java:307)
	at com.kms.katalon.core.main.TestCaseExecutor.accessMainPhase(TestCaseExecutor.java:299)
	at com.kms.katalon.core.main.TestCaseExecutor.execute(TestCaseExecutor.java:233)
	at com.kms.katalon.core.main.TestSuiteExecutor.accessTestCaseMainPhase(TestSuiteExecutor.java:169)
	at com.kms.katalon.core.main.TestSuiteExecutor.accessTestSuiteMainPhase(TestSuiteExecutor.java:142)
	at com.kms.katalon.core.main.TestSuiteExecutor.execute(TestSuiteExecutor.java:91)
	at com.kms.katalon.core.main.TestCaseMain.startTestSuite(TestCaseMain.java:157)
	at com.kms.katalon.core.main.TestCaseMain$startTestSuite$0.call(Unknown Source)
	at TempTestSuite1581081710748.run(TempTestSuite1581081710748.groovy:36)
)

2020-02-07 15:25:22 - [TEST_STEP][PASSED] - if (verifyElementPresent(findTestObject("Page_Reevio Video Maker/Editor_Scene_" + i), 0) == true): null

2020-02-07 15:25:22 - [MESSAGE][WARNING] - Timeout '0' is invalid. Using default page load timeout: '1'

2020-02-07 15:25:22 - [MESSAGE][PASSED] - Object 'Object Repository/Page_Reevio Video Maker/Editor_Scene_9' is present

2020-02-07 15:25:22 - [TEST_STEP][PASSED] - doubleClick(findTestObject("Page_Reevio Video Maker/Editor_Scene_" + i)): Object: 'Object Repository/Page_Reevio Video Maker/Editor_Scene_9' is double clicked on

2020-02-07 15:25:24 - [MESSAGE][PASSED] - Object: 'Object Repository/Page_Reevio Video Maker/Editor_Scene_9' is double clicked on

2020-02-07 15:25:24 - [TEST_STEP][PASSED] - if (verifyElementInViewport(findTestObject("Drop/Drops_as_objects/div_Drop_1"), 0)): null

2020-02-07 15:25:24 - [MESSAGE][WARNING] - Timeout '0' is invalid. Using default page load timeout: '1'

2020-02-07 15:25:25 - [MESSAGE][PASSED] - Object 'Object Repository/Drop/Drops_as_objects/div_Drop_1' is present and visible in viewport

2020-02-07 15:25:25 - [TEST_STEP][PASSED] - click(findTestObject("Drop/Drops_as_objects/div_Drop_1")): Object: 'Object Repository/Drop/Drops_as_objects/div_Drop_1' is clicked on

2020-02-07 15:25:25 - [MESSAGE][PASSED] - Object: 'Object Repository/Drop/Drops_as_objects/div_Drop_1' is clicked on

2020-02-07 15:25:25 - [TEST_STEP][PASSED] - click(findTestObject("Drop/input_RGB_drophex-color (Drop color)")): Object: 'Object Repository/Drop/input_RGB_drophex-color (Drop color)' is clicked on

2020-02-07 15:25:27 - [MESSAGE][PASSED] - Object: 'Object Repository/Drop/input_RGB_drophex-color (Drop color)' is clicked on

2020-02-07 15:25:27 - [TEST_STEP][PASSED] - clearText(findTestObject("Drop/input_RGB_drophex-color (Drop color)")): Text of object 'Object Repository/Drop/input_RGB_drophex-color (Drop color)' is cleared

2020-02-07 15:25:28 - [MESSAGE][PASSED] - Text of object 'Object Repository/Drop/input_RGB_drophex-color (Drop color)' is cleared

2020-02-07 15:25:28 - [TEST_STEP][PASSED] - Thread.sleep(50): null

2020-02-07 15:25:28 - [TEST_STEP][PASSED] - setText(findTestObject("Drop/input_RGB_drophex-color (Drop color)"), findTestData("vavowDate").getValue(4, 1)): Text '#B30000' is set on object 'Object Repository/Drop/input_RGB_drophex-color (Drop color)'

2020-02-07 15:25:30 - [MESSAGE][PASSED] - Text '#B30000' is set on object 'Object Repository/Drop/input_RGB_drophex-color (Drop color)'

2020-02-07 15:25:30 - [TEST_STEP][PASSED] - Thread.sleep(50): null

2020-02-07 15:25:30 - [TEST_STEP][PASSED] - click(findTestObject("Drop/button_Apply(drop_color)")): Object: 'Object Repository/Drop/button_Apply(drop_color)' is clicked on

2020-02-07 15:25:31 - [MESSAGE][PASSED] - Object: 'Object Repository/Drop/button_Apply(drop_color)' is clicked on

2020-02-07 15:25:31 - [TEST_STEP][PASSED] - Thread.sleep(50): null

2020-02-07 15:25:31 - [TEST_STEP][FAILED] - if (verifyElementInViewport(findTestObject("Drop/Drops_as_objects/div_Drop_2"), 0)): Object 'Object Repository/Drop/Drops_as_objects/div_Drop_2' is not present (Root cause: com.kms.katalon.core.exception.StepFailedException: Object 'Object Repository/Drop/Drops_as_objects/div_Drop_2' is not present
	at com.kms.katalon.core.webui.keyword.internal.WebUIKeywordMain.stepFailed(WebUIKeywordMain.groovy:64)
	at com.kms.katalon.core.webui.keyword.builtin.VerifyElementVisibleInViewportKeyword$_verifyElementVisibleInViewport_closure1.doCall(VerifyElementVisibleInViewportKeyword.groovy:83)
	at com.kms.katalon.core.webui.keyword.builtin.VerifyElementVisibleInViewportKeyword$_verifyElementVisibleInViewport_closure1.call(VerifyElementVisibleInViewportKeyword.groovy)
	at com.kms.katalon.core.webui.keyword.internal.WebUIKeywordMain.runKeyword(WebUIKeywordMain.groovy:20)
	at com.kms.katalon.core.webui.keyword.builtin.VerifyElementVisibleInViewportKeyword.verifyElementVisibleInViewport(VerifyElementVisibleInViewportKeyword.groovy:86)
	at com.kms.katalon.core.webui.keyword.builtin.VerifyElementVisibleInViewportKeyword.execute(VerifyElementVisibleInViewportKeyword.groovy:68)
	at com.kms.katalon.core.keyword.internal.KeywordExecutor.executeKeywordForPlatform(KeywordExecutor.groovy:72)
	at com.kms.katalon.core.webui.keyword.WebUiBuiltInKeywords.verifyElementInViewport(WebUiBuiltInKeywords.groovy:3039)
	at com.kms.katalon.core.webui.keyword.WebUiBuiltInKeywords$verifyElementInViewport$14.call(Unknown Source)
	at Drops color (1-30 scenes) for -30.run(Drops color (1-30 scenes) for -30:48)
	at com.kms.katalon.core.main.ScriptEngine.run(ScriptEngine.java:194)
	at com.kms.katalon.core.main.ScriptEngine.runScriptAsRawText(ScriptEngine.java:119)
	at com.kms.katalon.core.main.TestCaseExecutor.runScript(TestCaseExecutor.java:337)
	at com.kms.katalon.core.main.TestCaseExecutor.doExecute(TestCaseExecutor.java:328)
	at com.kms.katalon.core.main.TestCaseExecutor.processExecutionPhase(TestCaseExecutor.java:307)
	at com.kms.katalon.core.main.TestCaseExecutor.accessMainPhase(TestCaseExecutor.java:299)
	at com.kms.katalon.core.main.TestCaseExecutor.execute(TestCaseExecutor.java:233)
	at com.kms.katalon.core.main.TestSuiteExecutor.accessTestCaseMainPhase(TestSuiteExecutor.java:169)
	at com.kms.katalon.core.main.TestSuiteExecutor.accessTestSuiteMainPhase(TestSuiteExecutor.java:142)
	at com.kms.katalon.core.main.TestSuiteExecutor.execute(TestSuiteExecutor.java:91)
	at com.kms.katalon.core.main.TestCaseMain.startTestSuite(TestCaseMain.java:157)
	at com.kms.katalon.core.main.TestCaseMain$startTestSuite$0.call(Unknown Source)
	at TempTestSuite1581081710748.run(TempTestSuite1581081710748.groovy:36)
)

2020-02-07 15:25:32 - [MESSAGE][WARNING] - Timeout '0' is invalid. Using default page load timeout: '1'

2020-02-07 15:25:33 - [MESSAGE][INFO] - Unable to find the element located by 'By.xpath: //div[@class = 'current-slide active-slide']//div[@class='background-slide'][2]'. Please recheck the objects properties to make sure the desired element is located. 

2020-02-07 15:25:33 - [MESSAGE][FAILED] - Object 'Object Repository/Drop/Drops_as_objects/div_Drop_2' is not present (Root cause: com.kms.katalon.core.exception.StepFailedException: Object 'Object Repository/Drop/Drops_as_objects/div_Drop_2' is not present
	at com.kms.katalon.core.webui.keyword.internal.WebUIKeywordMain.stepFailed(WebUIKeywordMain.groovy:64)
	at com.kms.katalon.core.webui.keyword.builtin.VerifyElementVisibleInViewportKeyword$_verifyElementVisibleInViewport_closure1.doCall(VerifyElementVisibleInViewportKeyword.groovy:83)
	at com.kms.katalon.core.webui.keyword.builtin.VerifyElementVisibleInViewportKeyword$_verifyElementVisibleInViewport_closure1.call(VerifyElementVisibleInViewportKeyword.groovy)
	at com.kms.katalon.core.webui.keyword.internal.WebUIKeywordMain.runKeyword(WebUIKeywordMain.groovy:20)
	at com.kms.katalon.core.webui.keyword.builtin.VerifyElementVisibleInViewportKeyword.verifyElementVisibleInViewport(VerifyElementVisibleInViewportKeyword.groovy:86)
	at com.kms.katalon.core.webui.keyword.builtin.VerifyElementVisibleInViewportKeyword.execute(VerifyElementVisibleInViewportKeyword.groovy:68)
	at com.kms.katalon.core.keyword.internal.KeywordExecutor.executeKeywordForPlatform(KeywordExecutor.groovy:72)
	at com.kms.katalon.core.webui.keyword.WebUiBuiltInKeywords.verifyElementInViewport(WebUiBuiltInKeywords.groovy:3039)
	at com.kms.katalon.core.webui.keyword.WebUiBuiltInKeywords$verifyElementInViewport$14.call(Unknown Source)
	at Drops color (1-30 scenes) for -30.run(Drops color (1-30 scenes) for -30:48)
	at com.kms.katalon.core.main.ScriptEngine.run(ScriptEngine.java:194)
	at com.kms.katalon.core.main.ScriptEngine.runScriptAsRawText(ScriptEngine.java:119)
	at com.kms.katalon.core.main.TestCaseExecutor.runScript(TestCaseExecutor.java:337)
	at com.kms.katalon.core.main.TestCaseExecutor.doExecute(TestCaseExecutor.java:328)
	at com.kms.katalon.core.main.TestCaseExecutor.processExecutionPhase(TestCaseExecutor.java:307)
	at com.kms.katalon.core.main.TestCaseExecutor.accessMainPhase(TestCaseExecutor.java:299)
	at com.kms.katalon.core.main.TestCaseExecutor.execute(TestCaseExecutor.java:233)
	at com.kms.katalon.core.main.TestSuiteExecutor.accessTestCaseMainPhase(TestSuiteExecutor.java:169)
	at com.kms.katalon.core.main.TestSuiteExecutor.accessTestSuiteMainPhase(TestSuiteExecutor.java:142)
	at com.kms.katalon.core.main.TestSuiteExecutor.execute(TestSuiteExecutor.java:91)
	at com.kms.katalon.core.main.TestCaseMain.startTestSuite(TestCaseMain.java:157)
	at com.kms.katalon.core.main.TestCaseMain$startTestSuite$0.call(Unknown Source)
	at TempTestSuite1581081710748.run(TempTestSuite1581081710748.groovy:36)
)

2020-02-07 15:25:33 - [TEST_STEP][PASSED] - if (verifyElementPresent(findTestObject("Page_Reevio Video Maker/Editor_Scene_" + i), 0) == true): null

2020-02-07 15:25:34 - [MESSAGE][WARNING] - Timeout '0' is invalid. Using default page load timeout: '1'

2020-02-07 15:25:34 - [MESSAGE][PASSED] - Object 'Object Repository/Page_Reevio Video Maker/Editor_Scene_10' is present

2020-02-07 15:25:34 - [TEST_STEP][PASSED] - doubleClick(findTestObject("Page_Reevio Video Maker/Editor_Scene_" + i)): Object: 'Object Repository/Page_Reevio Video Maker/Editor_Scene_10' is double clicked on

2020-02-07 15:25:35 - [MESSAGE][PASSED] - Object: 'Object Repository/Page_Reevio Video Maker/Editor_Scene_10' is double clicked on

2020-02-07 15:25:35 - [TEST_STEP][PASSED] - if (verifyElementInViewport(findTestObject("Drop/Drops_as_objects/div_Drop_1"), 0)): null

2020-02-07 15:25:35 - [MESSAGE][WARNING] - Timeout '0' is invalid. Using default page load timeout: '1'

2020-02-07 15:25:36 - [MESSAGE][PASSED] - Object 'Object Repository/Drop/Drops_as_objects/div_Drop_1' is present and visible in viewport

2020-02-07 15:25:36 - [TEST_STEP][PASSED] - click(findTestObject("Drop/Drops_as_objects/div_Drop_1")): Object: 'Object Repository/Drop/Drops_as_objects/div_Drop_1' is clicked on

2020-02-07 15:25:37 - [MESSAGE][PASSED] - Object: 'Object Repository/Drop/Drops_as_objects/div_Drop_1' is clicked on

2020-02-07 15:25:37 - [TEST_STEP][PASSED] - click(findTestObject("Drop/input_RGB_drophex-color (Drop color)")): Object: 'Object Repository/Drop/input_RGB_drophex-color (Drop color)' is clicked on

2020-02-07 15:25:38 - [MESSAGE][PASSED] - Object: 'Object Repository/Drop/input_RGB_drophex-color (Drop color)' is clicked on

2020-02-07 15:25:38 - [TEST_STEP][PASSED] - clearText(findTestObject("Drop/input_RGB_drophex-color (Drop color)")): Text of object 'Object Repository/Drop/input_RGB_drophex-color (Drop color)' is cleared

2020-02-07 15:25:39 - [MESSAGE][PASSED] - Text of object 'Object Repository/Drop/input_RGB_drophex-color (Drop color)' is cleared

2020-02-07 15:25:39 - [TEST_STEP][PASSED] - Thread.sleep(50): null

2020-02-07 15:25:39 - [TEST_STEP][PASSED] - setText(findTestObject("Drop/input_RGB_drophex-color (Drop color)"), findTestData("vavowDate").getValue(4, 1)): Text '#B30000' is set on object 'Object Repository/Drop/input_RGB_drophex-color (Drop color)'

2020-02-07 15:25:41 - [MESSAGE][PASSED] - Text '#B30000' is set on object 'Object Repository/Drop/input_RGB_drophex-color (Drop color)'

2020-02-07 15:25:41 - [TEST_STEP][PASSED] - Thread.sleep(50): null

2020-02-07 15:25:41 - [TEST_STEP][PASSED] - click(findTestObject("Drop/button_Apply(drop_color)")): Object: 'Object Repository/Drop/button_Apply(drop_color)' is clicked on

2020-02-07 15:25:42 - [MESSAGE][PASSED] - Object: 'Object Repository/Drop/button_Apply(drop_color)' is clicked on

2020-02-07 15:25:42 - [TEST_STEP][PASSED] - Thread.sleep(50): null

2020-02-07 15:25:43 - [TEST_STEP][PASSED] - if (verifyElementInViewport(findTestObject("Drop/Drops_as_objects/div_Drop_2"), 0)): null

2020-02-07 15:25:43 - [MESSAGE][WARNING] - Timeout '0' is invalid. Using default page load timeout: '1'

2020-02-07 15:25:43 - [MESSAGE][PASSED] - Object 'Object Repository/Drop/Drops_as_objects/div_Drop_2' is present and visible in viewport

2020-02-07 15:25:43 - [TEST_STEP][PASSED] - click(findTestObject("Drop/Drops_as_objects/div_Drop_2")): Object: 'Object Repository/Drop/Drops_as_objects/div_Drop_2' is clicked on

2020-02-07 15:25:44 - [MESSAGE][PASSED] - Object: 'Object Repository/Drop/Drops_as_objects/div_Drop_2' is clicked on

2020-02-07 15:25:44 - [TEST_STEP][PASSED] - Thread.sleep(50): null

2020-02-07 15:25:44 - [TEST_STEP][PASSED] - click(findTestObject("Drop/input_RGB_drophex-color (Drop color)")): Object: 'Object Repository/Drop/input_RGB_drophex-color (Drop color)' is clicked on

2020-02-07 15:25:45 - [MESSAGE][PASSED] - Object: 'Object Repository/Drop/input_RGB_drophex-color (Drop color)' is clicked on

2020-02-07 15:25:45 - [TEST_STEP][PASSED] - Thread.sleep(50): null

2020-02-07 15:25:45 - [TEST_STEP][PASSED] - clearText(findTestObject("Drop/input_RGB_drophex-color (Drop color)")): Text of object 'Object Repository/Drop/input_RGB_drophex-color (Drop color)' is cleared

2020-02-07 15:25:46 - [MESSAGE][PASSED] - Text of object 'Object Repository/Drop/input_RGB_drophex-color (Drop color)' is cleared

2020-02-07 15:25:46 - [TEST_STEP][PASSED] - Thread.sleep(50): null

2020-02-07 15:25:46 - [TEST_STEP][PASSED] - setText(findTestObject("Drop/input_RGB_drophex-color (Drop color)"), findTestData("vavowDate").getValue(5, 1)): Text '#FFC58F' is set on object 'Object Repository/Drop/input_RGB_drophex-color (Drop color)'

2020-02-07 15:25:48 - [MESSAGE][PASSED] - Text '#FFC58F' is set on object 'Object Repository/Drop/input_RGB_drophex-color (Drop color)'

2020-02-07 15:25:48 - [TEST_STEP][PASSED] - Thread.sleep(50): null

2020-02-07 15:25:48 - [TEST_STEP][PASSED] - click(findTestObject("Drop/button_Apply(drop_color)")): Object: 'Object Repository/Drop/button_Apply(drop_color)' is clicked on

2020-02-07 15:25:49 - [MESSAGE][PASSED] - Object: 'Object Repository/Drop/button_Apply(drop_color)' is clicked on

2020-02-07 15:25:49 - [TEST_STEP][PASSED] - Thread.sleep(50): null

2020-02-07 15:25:50 - [TEST_STEP][FAILED] - if (verifyElementInViewport(findTestObject("Drop/Drops_as_objects/div_Drop_3"), 0)): Object 'Object Repository/Drop/Drops_as_objects/div_Drop_3' is not present (Root cause: com.kms.katalon.core.exception.StepFailedException: Object 'Object Repository/Drop/Drops_as_objects/div_Drop_3' is not present
	at com.kms.katalon.core.webui.keyword.internal.WebUIKeywordMain.stepFailed(WebUIKeywordMain.groovy:64)
	at com.kms.katalon.core.webui.keyword.builtin.VerifyElementVisibleInViewportKeyword$_verifyElementVisibleInViewport_closure1.doCall(VerifyElementVisibleInViewportKeyword.groovy:83)
	at com.kms.katalon.core.webui.keyword.builtin.VerifyElementVisibleInViewportKeyword$_verifyElementVisibleInViewport_closure1.call(VerifyElementVisibleInViewportKeyword.groovy)
	at com.kms.katalon.core.webui.keyword.internal.WebUIKeywordMain.runKeyword(WebUIKeywordMain.groovy:20)
	at com.kms.katalon.core.webui.keyword.builtin.VerifyElementVisibleInViewportKeyword.verifyElementVisibleInViewport(VerifyElementVisibleInViewportKeyword.groovy:86)
	at com.kms.katalon.core.webui.keyword.builtin.VerifyElementVisibleInViewportKeyword.execute(VerifyElementVisibleInViewportKeyword.groovy:68)
	at com.kms.katalon.core.keyword.internal.KeywordExecutor.executeKeywordForPlatform(KeywordExecutor.groovy:72)
	at com.kms.katalon.core.webui.keyword.WebUiBuiltInKeywords.verifyElementInViewport(WebUiBuiltInKeywords.groovy:3039)
	at com.kms.katalon.core.webui.keyword.WebUiBuiltInKeywords$verifyElementInViewport$14.call(Unknown Source)
	at Drops color (1-30 scenes) for -30.run(Drops color (1-30 scenes) for -30:61)
	at com.kms.katalon.core.main.ScriptEngine.run(ScriptEngine.java:194)
	at com.kms.katalon.core.main.ScriptEngine.runScriptAsRawText(ScriptEngine.java:119)
	at com.kms.katalon.core.main.TestCaseExecutor.runScript(TestCaseExecutor.java:337)
	at com.kms.katalon.core.main.TestCaseExecutor.doExecute(TestCaseExecutor.java:328)
	at com.kms.katalon.core.main.TestCaseExecutor.processExecutionPhase(TestCaseExecutor.java:307)
	at com.kms.katalon.core.main.TestCaseExecutor.accessMainPhase(TestCaseExecutor.java:299)
	at com.kms.katalon.core.main.TestCaseExecutor.execute(TestCaseExecutor.java:233)
	at com.kms.katalon.core.main.TestSuiteExecutor.accessTestCaseMainPhase(TestSuiteExecutor.java:169)
	at com.kms.katalon.core.main.TestSuiteExecutor.accessTestSuiteMainPhase(TestSuiteExecutor.java:142)
	at com.kms.katalon.core.main.TestSuiteExecutor.execute(TestSuiteExecutor.java:91)
	at com.kms.katalon.core.main.TestCaseMain.startTestSuite(TestCaseMain.java:157)
	at com.kms.katalon.core.main.TestCaseMain$startTestSuite$0.call(Unknown Source)
	at TempTestSuite1581081710748.run(TempTestSuite1581081710748.groovy:36)
)

2020-02-07 15:25:50 - [MESSAGE][WARNING] - Timeout '0' is invalid. Using default page load timeout: '1'

2020-02-07 15:25:51 - [MESSAGE][INFO] - Unable to find the element located by 'By.xpath: //div[@class = 'current-slide active-slide']//div[@class='background-slide'][3]'. Please recheck the objects properties to make sure the desired element is located. 

2020-02-07 15:25:51 - [MESSAGE][FAILED] - Object 'Object Repository/Drop/Drops_as_objects/div_Drop_3' is not present (Root cause: com.kms.katalon.core.exception.StepFailedException: Object 'Object Repository/Drop/Drops_as_objects/div_Drop_3' is not present
	at com.kms.katalon.core.webui.keyword.internal.WebUIKeywordMain.stepFailed(WebUIKeywordMain.groovy:64)
	at com.kms.katalon.core.webui.keyword.builtin.VerifyElementVisibleInViewportKeyword$_verifyElementVisibleInViewport_closure1.doCall(VerifyElementVisibleInViewportKeyword.groovy:83)
	at com.kms.katalon.core.webui.keyword.builtin.VerifyElementVisibleInViewportKeyword$_verifyElementVisibleInViewport_closure1.call(VerifyElementVisibleInViewportKeyword.groovy)
	at com.kms.katalon.core.webui.keyword.internal.WebUIKeywordMain.runKeyword(WebUIKeywordMain.groovy:20)
	at com.kms.katalon.core.webui.keyword.builtin.VerifyElementVisibleInViewportKeyword.verifyElementVisibleInViewport(VerifyElementVisibleInViewportKeyword.groovy:86)
	at com.kms.katalon.core.webui.keyword.builtin.VerifyElementVisibleInViewportKeyword.execute(VerifyElementVisibleInViewportKeyword.groovy:68)
	at com.kms.katalon.core.keyword.internal.KeywordExecutor.executeKeywordForPlatform(KeywordExecutor.groovy:72)
	at com.kms.katalon.core.webui.keyword.WebUiBuiltInKeywords.verifyElementInViewport(WebUiBuiltInKeywords.groovy:3039)
	at com.kms.katalon.core.webui.keyword.WebUiBuiltInKeywords$verifyElementInViewport$14.call(Unknown Source)
	at Drops color (1-30 scenes) for -30.run(Drops color (1-30 scenes) for -30:61)
	at com.kms.katalon.core.main.ScriptEngine.run(ScriptEngine.java:194)
	at com.kms.katalon.core.main.ScriptEngine.runScriptAsRawText(ScriptEngine.java:119)
	at com.kms.katalon.core.main.TestCaseExecutor.runScript(TestCaseExecutor.java:337)
	at com.kms.katalon.core.main.TestCaseExecutor.doExecute(TestCaseExecutor.java:328)
	at com.kms.katalon.core.main.TestCaseExecutor.processExecutionPhase(TestCaseExecutor.java:307)
	at com.kms.katalon.core.main.TestCaseExecutor.accessMainPhase(TestCaseExecutor.java:299)
	at com.kms.katalon.core.main.TestCaseExecutor.execute(TestCaseExecutor.java:233)
	at com.kms.katalon.core.main.TestSuiteExecutor.accessTestCaseMainPhase(TestSuiteExecutor.java:169)
	at com.kms.katalon.core.main.TestSuiteExecutor.accessTestSuiteMainPhase(TestSuiteExecutor.java:142)
	at com.kms.katalon.core.main.TestSuiteExecutor.execute(TestSuiteExecutor.java:91)
	at com.kms.katalon.core.main.TestCaseMain.startTestSuite(TestCaseMain.java:157)
	at com.kms.katalon.core.main.TestCaseMain$startTestSuite$0.call(Unknown Source)
	at TempTestSuite1581081710748.run(TempTestSuite1581081710748.groovy:36)
)

2020-02-07 15:25:51 - [TEST_STEP][PASSED] - if (verifyElementPresent(findTestObject("Page_Reevio Video Maker/Editor_Scene_" + i), 0) == true): null

2020-02-07 15:25:52 - [MESSAGE][WARNING] - Timeout '0' is invalid. Using default page load timeout: '1'

2020-02-07 15:25:52 - [MESSAGE][PASSED] - Object 'Object Repository/Page_Reevio Video Maker/Editor_Scene_11' is present

2020-02-07 15:25:52 - [TEST_STEP][PASSED] - doubleClick(findTestObject("Page_Reevio Video Maker/Editor_Scene_" + i)): Object: 'Object Repository/Page_Reevio Video Maker/Editor_Scene_11' is double clicked on

2020-02-07 15:25:53 - [MESSAGE][PASSED] - Object: 'Object Repository/Page_Reevio Video Maker/Editor_Scene_11' is double clicked on

2020-02-07 15:25:53 - [TEST_STEP][PASSED] - if (verifyElementInViewport(findTestObject("Drop/Drops_as_objects/div_Drop_1"), 0)): null

2020-02-07 15:25:53 - [MESSAGE][WARNING] - Timeout '0' is invalid. Using default page load timeout: '1'

2020-02-07 15:25:54 - [MESSAGE][PASSED] - Object 'Object Repository/Drop/Drops_as_objects/div_Drop_1' is present and visible in viewport

2020-02-07 15:25:54 - [TEST_STEP][PASSED] - click(findTestObject("Drop/Drops_as_objects/div_Drop_1")): Object: 'Object Repository/Drop/Drops_as_objects/div_Drop_1' is clicked on

2020-02-07 15:25:55 - [MESSAGE][PASSED] - Object: 'Object Repository/Drop/Drops_as_objects/div_Drop_1' is clicked on

2020-02-07 15:25:55 - [TEST_STEP][PASSED] - click(findTestObject("Drop/input_RGB_drophex-color (Drop color)")): Object: 'Object Repository/Drop/input_RGB_drophex-color (Drop color)' is clicked on

2020-02-07 15:25:56 - [MESSAGE][PASSED] - Object: 'Object Repository/Drop/input_RGB_drophex-color (Drop color)' is clicked on

2020-02-07 15:25:56 - [TEST_STEP][PASSED] - clearText(findTestObject("Drop/input_RGB_drophex-color (Drop color)")): Text of object 'Object Repository/Drop/input_RGB_drophex-color (Drop color)' is cleared

2020-02-07 15:25:56 - [MESSAGE][PASSED] - Text of object 'Object Repository/Drop/input_RGB_drophex-color (Drop color)' is cleared

2020-02-07 15:25:56 - [TEST_STEP][PASSED] - Thread.sleep(50): null

2020-02-07 15:25:56 - [TEST_STEP][PASSED] - setText(findTestObject("Drop/input_RGB_drophex-color (Drop color)"), findTestData("vavowDate").getValue(4, 1)): Text '#B30000' is set on object 'Object Repository/Drop/input_RGB_drophex-color (Drop color)'

2020-02-07 15:25:58 - [MESSAGE][PASSED] - Text '#B30000' is set on object 'Object Repository/Drop/input_RGB_drophex-color (Drop color)'

2020-02-07 15:25:58 - [TEST_STEP][PASSED] - Thread.sleep(50): null

2020-02-07 15:25:59 - [TEST_STEP][PASSED] - click(findTestObject("Drop/button_Apply(drop_color)")): Object: 'Object Repository/Drop/button_Apply(drop_color)' is clicked on

2020-02-07 15:26:00 - [MESSAGE][PASSED] - Object: 'Object Repository/Drop/button_Apply(drop_color)' is clicked on

2020-02-07 15:26:00 - [TEST_STEP][PASSED] - Thread.sleep(50): null

2020-02-07 15:26:00 - [TEST_STEP][FAILED] - if (verifyElementInViewport(findTestObject("Drop/Drops_as_objects/div_Drop_2"), 0)): Object 'Object Repository/Drop/Drops_as_objects/div_Drop_2' is not present (Root cause: com.kms.katalon.core.exception.StepFailedException: Object 'Object Repository/Drop/Drops_as_objects/div_Drop_2' is not present
	at com.kms.katalon.core.webui.keyword.internal.WebUIKeywordMain.stepFailed(WebUIKeywordMain.groovy:64)
	at com.kms.katalon.core.webui.keyword.builtin.VerifyElementVisibleInViewportKeyword$_verifyElementVisibleInViewport_closure1.doCall(VerifyElementVisibleInViewportKeyword.groovy:83)
	at com.kms.katalon.core.webui.keyword.builtin.VerifyElementVisibleInViewportKeyword$_verifyElementVisibleInViewport_closure1.call(VerifyElementVisibleInViewportKeyword.groovy)
	at com.kms.katalon.core.webui.keyword.internal.WebUIKeywordMain.runKeyword(WebUIKeywordMain.groovy:20)
	at com.kms.katalon.core.webui.keyword.builtin.VerifyElementVisibleInViewportKeyword.verifyElementVisibleInViewport(VerifyElementVisibleInViewportKeyword.groovy:86)
	at com.kms.katalon.core.webui.keyword.builtin.VerifyElementVisibleInViewportKeyword.execute(VerifyElementVisibleInViewportKeyword.groovy:68)
	at com.kms.katalon.core.keyword.internal.KeywordExecutor.executeKeywordForPlatform(KeywordExecutor.groovy:72)
	at com.kms.katalon.core.webui.keyword.WebUiBuiltInKeywords.verifyElementInViewport(WebUiBuiltInKeywords.groovy:3039)
	at com.kms.katalon.core.webui.keyword.WebUiBuiltInKeywords$verifyElementInViewport$14.call(Unknown Source)
	at Drops color (1-30 scenes) for -30.run(Drops color (1-30 scenes) for -30:48)
	at com.kms.katalon.core.main.ScriptEngine.run(ScriptEngine.java:194)
	at com.kms.katalon.core.main.ScriptEngine.runScriptAsRawText(ScriptEngine.java:119)
	at com.kms.katalon.core.main.TestCaseExecutor.runScript(TestCaseExecutor.java:337)
	at com.kms.katalon.core.main.TestCaseExecutor.doExecute(TestCaseExecutor.java:328)
	at com.kms.katalon.core.main.TestCaseExecutor.processExecutionPhase(TestCaseExecutor.java:307)
	at com.kms.katalon.core.main.TestCaseExecutor.accessMainPhase(TestCaseExecutor.java:299)
	at com.kms.katalon.core.main.TestCaseExecutor.execute(TestCaseExecutor.java:233)
	at com.kms.katalon.core.main.TestSuiteExecutor.accessTestCaseMainPhase(TestSuiteExecutor.java:169)
	at com.kms.katalon.core.main.TestSuiteExecutor.accessTestSuiteMainPhase(TestSuiteExecutor.java:142)
	at com.kms.katalon.core.main.TestSuiteExecutor.execute(TestSuiteExecutor.java:91)
	at com.kms.katalon.core.main.TestCaseMain.startTestSuite(TestCaseMain.java:157)
	at com.kms.katalon.core.main.TestCaseMain$startTestSuite$0.call(Unknown Source)
	at TempTestSuite1581081710748.run(TempTestSuite1581081710748.groovy:36)
)

2020-02-07 15:26:01 - [MESSAGE][WARNING] - Timeout '0' is invalid. Using default page load timeout: '1'

2020-02-07 15:26:02 - [MESSAGE][INFO] - Unable to find the element located by 'By.xpath: //div[@class = 'current-slide active-slide']//div[@class='background-slide'][2]'. Please recheck the objects properties to make sure the desired element is located. 

2020-02-07 15:26:02 - [MESSAGE][FAILED] - Object 'Object Repository/Drop/Drops_as_objects/div_Drop_2' is not present (Root cause: com.kms.katalon.core.exception.StepFailedException: Object 'Object Repository/Drop/Drops_as_objects/div_Drop_2' is not present
	at com.kms.katalon.core.webui.keyword.internal.WebUIKeywordMain.stepFailed(WebUIKeywordMain.groovy:64)
	at com.kms.katalon.core.webui.keyword.builtin.VerifyElementVisibleInViewportKeyword$_verifyElementVisibleInViewport_closure1.doCall(VerifyElementVisibleInViewportKeyword.groovy:83)
	at com.kms.katalon.core.webui.keyword.builtin.VerifyElementVisibleInViewportKeyword$_verifyElementVisibleInViewport_closure1.call(VerifyElementVisibleInViewportKeyword.groovy)
	at com.kms.katalon.core.webui.keyword.internal.WebUIKeywordMain.runKeyword(WebUIKeywordMain.groovy:20)
	at com.kms.katalon.core.webui.keyword.builtin.VerifyElementVisibleInViewportKeyword.verifyElementVisibleInViewport(VerifyElementVisibleInViewportKeyword.groovy:86)
	at com.kms.katalon.core.webui.keyword.builtin.VerifyElementVisibleInViewportKeyword.execute(VerifyElementVisibleInViewportKeyword.groovy:68)
	at com.kms.katalon.core.keyword.internal.KeywordExecutor.executeKeywordForPlatform(KeywordExecutor.groovy:72)
	at com.kms.katalon.core.webui.keyword.WebUiBuiltInKeywords.verifyElementInViewport(WebUiBuiltInKeywords.groovy:3039)
	at com.kms.katalon.core.webui.keyword.WebUiBuiltInKeywords$verifyElementInViewport$14.call(Unknown Source)
	at Drops color (1-30 scenes) for -30.run(Drops color (1-30 scenes) for -30:48)
	at com.kms.katalon.core.main.ScriptEngine.run(ScriptEngine.java:194)
	at com.kms.katalon.core.main.ScriptEngine.runScriptAsRawText(ScriptEngine.java:119)
	at com.kms.katalon.core.main.TestCaseExecutor.runScript(TestCaseExecutor.java:337)
	at com.kms.katalon.core.main.TestCaseExecutor.doExecute(TestCaseExecutor.java:328)
	at com.kms.katalon.core.main.TestCaseExecutor.processExecutionPhase(TestCaseExecutor.java:307)
	at com.kms.katalon.core.main.TestCaseExecutor.accessMainPhase(TestCaseExecutor.java:299)
	at com.kms.katalon.core.main.TestCaseExecutor.execute(TestCaseExecutor.java:233)
	at com.kms.katalon.core.main.TestSuiteExecutor.accessTestCaseMainPhase(TestSuiteExecutor.java:169)
	at com.kms.katalon.core.main.TestSuiteExecutor.accessTestSuiteMainPhase(TestSuiteExecutor.java:142)
	at com.kms.katalon.core.main.TestSuiteExecutor.execute(TestSuiteExecutor.java:91)
	at com.kms.katalon.core.main.TestCaseMain.startTestSuite(TestCaseMain.java:157)
	at com.kms.katalon.core.main.TestCaseMain$startTestSuite$0.call(Unknown Source)
	at TempTestSuite1581081710748.run(TempTestSuite1581081710748.groovy:36)
)

2020-02-07 15:26:02 - [TEST_STEP][FAILED] - if (verifyElementPresent(findTestObject("Page_Reevio Video Maker/Editor_Scene_" + i), 0) == true): com.kms.katalon.core.webui.exception.WebElementNotFoundException: Web element with id: 'Object Repository/Page_Reevio Video Maker/Editor_Scene_12' located by 'By.xpath: //*[@id="bottom-slider-id"]/div[12]/figure' not found (Root cause: com.kms.katalon.core.exception.StepFailedException: com.kms.katalon.core.webui.exception.WebElementNotFoundException: Web element with id: 'Object Repository/Page_Reevio Video Maker/Editor_Scene_12' located by 'By.xpath: //*[@id="bottom-slider-id"]/div[12]/figure' not found
	at com.kms.katalon.core.webui.keyword.internal.WebUIKeywordMain.stepFailed(WebUIKeywordMain.groovy:64)
	at com.kms.katalon.core.webui.keyword.builtin.VerifyElementPresentKeyword$_verifyElementPresent_closure1.doCall(VerifyElementPresentKeyword.groovy:85)
	at com.kms.katalon.core.webui.keyword.builtin.VerifyElementPresentKeyword$_verifyElementPresent_closure1.call(VerifyElementPresentKeyword.groovy)
	at com.kms.katalon.core.webui.keyword.internal.WebUIKeywordMain.runKeyword(WebUIKeywordMain.groovy:20)
	at com.kms.katalon.core.webui.keyword.builtin.VerifyElementPresentKeyword.verifyElementPresent(VerifyElementPresentKeyword.groovy:92)
	at com.kms.katalon.core.webui.keyword.builtin.VerifyElementPresentKeyword.execute(VerifyElementPresentKeyword.groovy:68)
	at com.kms.katalon.core.keyword.internal.KeywordExecutor.executeKeywordForPlatform(KeywordExecutor.groovy:72)
	at com.kms.katalon.core.webui.keyword.WebUiBuiltInKeywords.verifyElementPresent(WebUiBuiltInKeywords.groovy:1434)
	at com.kms.katalon.core.webui.keyword.WebUiBuiltInKeywords$verifyElementPresent$6.call(Unknown Source)
	at Drops color (1-30 scenes) for -30.run(Drops color (1-30 scenes) for -30:26)
	at com.kms.katalon.core.main.ScriptEngine.run(ScriptEngine.java:194)
	at com.kms.katalon.core.main.ScriptEngine.runScriptAsRawText(ScriptEngine.java:119)
	at com.kms.katalon.core.main.TestCaseExecutor.runScript(TestCaseExecutor.java:337)
	at com.kms.katalon.core.main.TestCaseExecutor.doExecute(TestCaseExecutor.java:328)
	at com.kms.katalon.core.main.TestCaseExecutor.processExecutionPhase(TestCaseExecutor.java:307)
	at com.kms.katalon.core.main.TestCaseExecutor.accessMainPhase(TestCaseExecutor.java:299)
	at com.kms.katalon.core.main.TestCaseExecutor.execute(TestCaseExecutor.java:233)
	at com.kms.katalon.core.main.TestSuiteExecutor.accessTestCaseMainPhase(TestSuiteExecutor.java:169)
	at com.kms.katalon.core.main.TestSuiteExecutor.accessTestSuiteMainPhase(TestSuiteExecutor.java:142)
	at com.kms.katalon.core.main.TestSuiteExecutor.execute(TestSuiteExecutor.java:91)
	at com.kms.katalon.core.main.TestCaseMain.startTestSuite(TestCaseMain.java:157)
	at com.kms.katalon.core.main.TestCaseMain$startTestSuite$0.call(Unknown Source)
	at TempTestSuite1581081710748.run(TempTestSuite1581081710748.groovy:36)
)

2020-02-07 15:26:02 - [MESSAGE][WARNING] - Timeout '0' is invalid. Using default page load timeout: '1'

2020-02-07 15:26:04 - [MESSAGE][INFO] - Unable to find the element located by 'By.xpath: //*[@id="bottom-slider-id"]/div[12]/figure'. Please recheck the objects properties to make sure the desired element is located. 

2020-02-07 15:26:04 - [MESSAGE][FAILED] - com.kms.katalon.core.webui.exception.WebElementNotFoundException: Web element with id: 'Object Repository/Page_Reevio Video Maker/Editor_Scene_12' located by 'By.xpath: //*[@id="bottom-slider-id"]/div[12]/figure' not found (Root cause: com.kms.katalon.core.exception.StepFailedException: com.kms.katalon.core.webui.exception.WebElementNotFoundException: Web element with id: 'Object Repository/Page_Reevio Video Maker/Editor_Scene_12' located by 'By.xpath: //*[@id="bottom-slider-id"]/div[12]/figure' not found
	at com.kms.katalon.core.webui.keyword.internal.WebUIKeywordMain.stepFailed(WebUIKeywordMain.groovy:64)
	at com.kms.katalon.core.webui.keyword.builtin.VerifyElementPresentKeyword$_verifyElementPresent_closure1.doCall(VerifyElementPresentKeyword.groovy:85)
	at com.kms.katalon.core.webui.keyword.builtin.VerifyElementPresentKeyword$_verifyElementPresent_closure1.call(VerifyElementPresentKeyword.groovy)
	at com.kms.katalon.core.webui.keyword.internal.WebUIKeywordMain.runKeyword(WebUIKeywordMain.groovy:20)
	at com.kms.katalon.core.webui.keyword.builtin.VerifyElementPresentKeyword.verifyElementPresent(VerifyElementPresentKeyword.groovy:92)
	at com.kms.katalon.core.webui.keyword.builtin.VerifyElementPresentKeyword.execute(VerifyElementPresentKeyword.groovy:68)
	at com.kms.katalon.core.keyword.internal.KeywordExecutor.executeKeywordForPlatform(KeywordExecutor.groovy:72)
	at com.kms.katalon.core.webui.keyword.WebUiBuiltInKeywords.verifyElementPresent(WebUiBuiltInKeywords.groovy:1434)
	at com.kms.katalon.core.webui.keyword.WebUiBuiltInKeywords$verifyElementPresent$6.call(Unknown Source)
	at Drops color (1-30 scenes) for -30.run(Drops color (1-30 scenes) for -30:26)
	at com.kms.katalon.core.main.ScriptEngine.run(ScriptEngine.java:194)
	at com.kms.katalon.core.main.ScriptEngine.runScriptAsRawText(ScriptEngine.java:119)
	at com.kms.katalon.core.main.TestCaseExecutor.runScript(TestCaseExecutor.java:337)
	at com.kms.katalon.core.main.TestCaseExecutor.doExecute(TestCaseExecutor.java:328)
	at com.kms.katalon.core.main.TestCaseExecutor.processExecutionPhase(TestCaseExecutor.java:307)
	at com.kms.katalon.core.main.TestCaseExecutor.accessMainPhase(TestCaseExecutor.java:299)
	at com.kms.katalon.core.main.TestCaseExecutor.execute(TestCaseExecutor.java:233)
	at com.kms.katalon.core.main.TestSuiteExecutor.accessTestCaseMainPhase(TestSuiteExecutor.java:169)
	at com.kms.katalon.core.main.TestSuiteExecutor.accessTestSuiteMainPhase(TestSuiteExecutor.java:142)
	at com.kms.katalon.core.main.TestSuiteExecutor.execute(TestSuiteExecutor.java:91)
	at com.kms.katalon.core.main.TestCaseMain.startTestSuite(TestCaseMain.java:157)
	at com.kms.katalon.core.main.TestCaseMain$startTestSuite$0.call(Unknown Source)
	at TempTestSuite1581081710748.run(TempTestSuite1581081710748.groovy:36)
)

2020-02-07 15:26:04 - [TEST_STEP][PASSED] - else: null

2020-02-07 15:26:04 - [TEST_STEP][PASSED] - break: null

2020-02-07 15:26:04 - [TEST_STEP][PASSED] - doubleClick(findTestObject("Page_Reevio Video Maker/Editor_Scene_1")): Object: 'Object Repository/Page_Reevio Video Maker/Editor_Scene_1' is double clicked on

2020-02-07 15:26:06 - [MESSAGE][PASSED] - Object: 'Object Repository/Page_Reevio Video Maker/Editor_Scene_1' is double clicked on]]></system-out>
         <system-err><![CDATA[2020-02-07 15:23:40 - [TEST_CASE][FAILED] - Test Cases/Drops color (1-30 scenes) for -30: Test Cases/Drops color (1-30 scenes) for -30 FAILED.
Reason:
com.kms.katalon.core.exception.StepFailedException: Object 'Object Repository/Drop/Drops_as_objects/div_Drop_2' is not present (Root cause: com.kms.katalon.core.exception.StepFailedException: Object 'Object Repository/Drop/Drops_as_objects/div_Drop_2' is not present
	at com.kms.katalon.core.webui.keyword.internal.WebUIKeywordMain.stepFailed(WebUIKeywordMain.groovy:64)
	at com.kms.katalon.core.webui.keyword.builtin.VerifyElementVisibleInViewportKeyword$_verifyElementVisibleInViewport_closure1.doCall(VerifyElementVisibleInViewportKeyword.groovy:83)
	at com.kms.katalon.core.webui.keyword.builtin.VerifyElementVisibleInViewportKeyword$_verifyElementVisibleInViewport_closure1.call(VerifyElementVisibleInViewportKeyword.groovy)
	at com.kms.katalon.core.webui.keyword.internal.WebUIKeywordMain.runKeyword(WebUIKeywordMain.groovy:20)
	at com.kms.katalon.core.webui.keyword.builtin.VerifyElementVisibleInViewportKeyword.verifyElementVisibleInViewport(VerifyElementVisibleInViewportKeyword.groovy:86)
	at com.kms.katalon.core.webui.keyword.builtin.VerifyElementVisibleInViewportKeyword.execute(VerifyElementVisibleInViewportKeyword.groovy:68)
	at com.kms.katalon.core.keyword.internal.KeywordExecutor.executeKeywordForPlatform(KeywordExecutor.groovy:72)
	at com.kms.katalon.core.webui.keyword.WebUiBuiltInKeywords.verifyElementInViewport(WebUiBuiltInKeywords.groovy:3039)
	at com.kms.katalon.core.webui.keyword.WebUiBuiltInKeywords$verifyElementInViewport$14.call(Unknown Source)
	at Drops color (1-30 scenes) for -30.run(Drops color (1-30 scenes) for -30:48)
	at com.kms.katalon.core.main.ScriptEngine.run(ScriptEngine.java:194)
	at com.kms.katalon.core.main.ScriptEngine.runScriptAsRawText(ScriptEngine.java:119)
	at com.kms.katalon.core.main.TestCaseExecutor.runScript(TestCaseExecutor.java:337)
	at com.kms.katalon.core.main.TestCaseExecutor.doExecute(TestCaseExecutor.java:328)
	at com.kms.katalon.core.main.TestCaseExecutor.processExecutionPhase(TestCaseExecutor.java:307)
	at com.kms.katalon.core.main.TestCaseExecutor.accessMainPhase(TestCaseExecutor.java:299)
	at com.kms.katalon.core.main.TestCaseExecutor.execute(TestCaseExecutor.java:233)
	at com.kms.katalon.core.main.TestSuiteExecutor.accessTestCaseMainPhase(TestSuiteExecutor.java:169)
	at com.kms.katalon.core.main.TestSuiteExecutor.accessTestSuiteMainPhase(TestSuiteExecutor.java:142)
	at com.kms.katalon.core.main.TestSuiteExecutor.execute(TestSuiteExecutor.java:91)
	at com.kms.katalon.core.main.TestCaseMain.startTestSuite(TestCaseMain.java:157)
	at com.kms.katalon.core.main.TestCaseMain$startTestSuite$0.call(Unknown Source)
	at TempTestSuite1581081710748.run(TempTestSuite1581081710748.groovy:36)
)
	at com.kms.katalon.core.keyword.internal.KeywordMain.stepFailed(KeywordMain.groovy:39)
	at com.kms.katalon.core.webui.keyword.internal.WebUIKeywordMain.stepFailed(WebUIKeywordMain.groovy:64)
	at com.kms.katalon.core.webui.keyword.builtin.VerifyElementVisibleInViewportKeyword$_verifyElementVisibleInViewport_closure1.doCall(VerifyElementVisibleInViewportKeyword.groovy:83)
	at com.kms.katalon.core.webui.keyword.builtin.VerifyElementVisibleInViewportKeyword$_verifyElementVisibleInViewport_closure1.call(VerifyElementVisibleInViewportKeyword.groovy)
	at com.kms.katalon.core.webui.keyword.internal.WebUIKeywordMain.runKeyword(WebUIKeywordMain.groovy:20)
	at com.kms.katalon.core.webui.keyword.builtin.VerifyElementVisibleInViewportKeyword.verifyElementVisibleInViewport(VerifyElementVisibleInViewportKeyword.groovy:86)
	at com.kms.katalon.core.webui.keyword.builtin.VerifyElementVisibleInViewportKeyword.execute(VerifyElementVisibleInViewportKeyword.groovy:68)
	at com.kms.katalon.core.keyword.internal.KeywordExecutor.executeKeywordForPlatform(KeywordExecutor.groovy:72)
	at com.kms.katalon.core.webui.keyword.WebUiBuiltInKeywords.verifyElementInViewport(WebUiBuiltInKeywords.groovy:3039)
	at com.kms.katalon.core.webui.keyword.WebUiBuiltInKeywords$verifyElementInViewport$14.call(Unknown Source)
	at Drops color (1-30 scenes) for -30.run(Drops color (1-30 scenes) for -30:48)
	at com.kms.katalon.core.main.ScriptEngine.run(ScriptEngine.java:194)
	at com.kms.katalon.core.main.ScriptEngine.runScriptAsRawText(ScriptEngine.java:119)
	at com.kms.katalon.core.main.TestCaseExecutor.runScript(TestCaseExecutor.java:337)
	at com.kms.katalon.core.main.TestCaseExecutor.doExecute(TestCaseExecutor.java:328)
	at com.kms.katalon.core.main.TestCaseExecutor.processExecutionPhase(TestCaseExecutor.java:307)
	at com.kms.katalon.core.main.TestCaseExecutor.accessMainPhase(TestCaseExecutor.java:299)
	at com.kms.katalon.core.main.TestCaseExecutor.execute(TestCaseExecutor.java:233)
	at com.kms.katalon.core.main.TestSuiteExecutor.accessTestCaseMainPhase(TestSuiteExecutor.java:169)
	at com.kms.katalon.core.main.TestSuiteExecutor.accessTestSuiteMainPhase(TestSuiteExecutor.java:142)
	at com.kms.katalon.core.main.TestSuiteExecutor.execute(TestSuiteExecutor.java:91)
	at com.kms.katalon.core.main.TestCaseMain.startTestSuite(TestCaseMain.java:157)
	at com.kms.katalon.core.main.TestCaseMain$startTestSuite$0.call(Unknown Source)
	at TempTestSuite1581081710748.run(TempTestSuite1581081710748.groovy:36)
Caused by: com.kms.katalon.core.exception.StepFailedException: Object 'Object Repository/Drop/Drops_as_objects/div_Drop_2' is not present
	... 23 more]]></system-err>
      </testcase>
      <testcase name="Test Cases/Text adding/Text adding Min and COLOR (1-30)sc" time="304.692" classname="Test Cases/Text adding/Text adding Min and COLOR (1-30)sc" status="FAILED">
         <failure type="FAILED" message="Test Cases/Text adding/Text adding Min and COLOR (1-30)sc FAILED.
Reason:
com.kms.katalon.core.exception.StepFailedException: Object 'Object Repository/Page_Reevio Video Maker/Editor/Test Text fields/a_Text 3' is not present (Root cause: com.kms.katalon.core.exception.StepFailedException: Object 'Object Repository/Page_Reevio Video Maker/Editor/Test Text fields/a_Text 3' is not present
	at com.kms.katalon.core.webui.keyword.internal.WebUIKeywordMain.stepFailed(WebUIKeywordMain.groovy:64)
	at com.kms.katalon.core.webui.keyword.builtin.VerifyElementVisibleInViewportKeyword$_verifyElementVisibleInViewport_closure1.doCall(VerifyElementVisibleInViewportKeyword.groovy:83)
	at com.kms.katalon.core.webui.keyword.builtin.VerifyElementVisibleInViewportKeyword$_verifyElementVisibleInViewport_closure1.call(VerifyElementVisibleInViewportKeyword.groovy)
	at com.kms.katalon.core.webui.keyword.internal.WebUIKeywordMain.runKeyword(WebUIKeywordMain.groovy:20)
	at com.kms.katalon.core.webui.keyword.builtin.VerifyElementVisibleInViewportKeyword.verifyElementVisibleInViewport(VerifyElementVisibleInViewportKeyword.groovy:86)
	at com.kms.katalon.core.webui.keyword.builtin.VerifyElementVisibleInViewportKeyword.execute(VerifyElementVisibleInViewportKeyword.groovy:68)
	at com.kms.katalon.core.keyword.internal.KeywordExecutor.executeKeywordForPlatform(KeywordExecutor.groovy:72)
	at com.kms.katalon.core.webui.keyword.WebUiBuiltInKeywords.verifyElementInViewport(WebUiBuiltInKeywords.groovy:3039)
	at com.kms.katalon.core.webui.keyword.WebUiBuiltInKeywords$verifyElementInViewport$14.call(Unknown Source)
	at Text adding Min and COLOR (1-30)sc.run(Text adding Min and COLOR (1-30)sc:30)
	at com.kms.katalon.core.main.ScriptEngine.run(ScriptEngine.java:194)
	at com.kms.katalon.core.main.ScriptEngine.runScriptAsRawText(ScriptEngine.java:119)
	at com.kms.katalon.core.main.TestCaseExecutor.runScript(TestCaseExecutor.java:337)
	at com.kms.katalon.core.main.TestCaseExecutor.doExecute(TestCaseExecutor.java:328)
	at com.kms.katalon.core.main.TestCaseExecutor.processExecutionPhase(TestCaseExecutor.java:307)
	at com.kms.katalon.core.main.TestCaseExecutor.accessMainPhase(TestCaseExecutor.java:299)
	at com.kms.katalon.core.main.TestCaseExecutor.execute(TestCaseExecutor.java:233)
	at com.kms.katalon.core.main.TestSuiteExecutor.accessTestCaseMainPhase(TestSuiteExecutor.java:169)
	at com.kms.katalon.core.main.TestSuiteExecutor.accessTestSuiteMainPhase(TestSuiteExecutor.java:142)
	at com.kms.katalon.core.main.TestSuiteExecutor.execute(TestSuiteExecutor.java:91)
	at com.kms.katalon.core.main.TestCaseMain.startTestSuite(TestCaseMain.java:157)
	at com.kms.katalon.core.main.TestCaseMain$startTestSuite$0.call(Unknown Source)
	at TempTestSuite1581081710748.run(TempTestSuite1581081710748.groovy:36)
)
	at com.kms.katalon.core.keyword.internal.KeywordMain.stepFailed(KeywordMain.groovy:39)
	at com.kms.katalon.core.webui.keyword.internal.WebUIKeywordMain.stepFailed(WebUIKeywordMain.groovy:64)
	at com.kms.katalon.core.webui.keyword.builtin.VerifyElementVisibleInViewportKeyword$_verifyElementVisibleInViewport_closure1.doCall(VerifyElementVisibleInViewportKeyword.groovy:83)
	at com.kms.katalon.core.webui.keyword.builtin.VerifyElementVisibleInViewportKeyword$_verifyElementVisibleInViewport_closure1.call(VerifyElementVisibleInViewportKeyword.groovy)
	at com.kms.katalon.core.webui.keyword.internal.WebUIKeywordMain.runKeyword(WebUIKeywordMain.groovy:20)
	at com.kms.katalon.core.webui.keyword.builtin.VerifyElementVisibleInViewportKeyword.verifyElementVisibleInViewport(VerifyElementVisibleInViewportKeyword.groovy:86)
	at com.kms.katalon.core.webui.keyword.builtin.VerifyElementVisibleInViewportKeyword.execute(VerifyElementVisibleInViewportKeyword.groovy:68)
	at com.kms.katalon.core.keyword.internal.KeywordExecutor.executeKeywordForPlatform(KeywordExecutor.groovy:72)
	at com.kms.katalon.core.webui.keyword.WebUiBuiltInKeywords.verifyElementInViewport(WebUiBuiltInKeywords.groovy:3039)
	at com.kms.katalon.core.webui.keyword.WebUiBuiltInKeywords$verifyElementInViewport$14.call(Unknown Source)
	at Text adding Min and COLOR (1-30)sc.run(Text adding Min and COLOR (1-30)sc:30)
	at com.kms.katalon.core.main.ScriptEngine.run(ScriptEngine.java:194)
	at com.kms.katalon.core.main.ScriptEngine.runScriptAsRawText(ScriptEngine.java:119)
	at com.kms.katalon.core.main.TestCaseExecutor.runScript(TestCaseExecutor.java:337)
	at com.kms.katalon.core.main.TestCaseExecutor.doExecute(TestCaseExecutor.java:328)
	at com.kms.katalon.core.main.TestCaseExecutor.processExecutionPhase(TestCaseExecutor.java:307)
	at com.kms.katalon.core.main.TestCaseExecutor.accessMainPhase(TestCaseExecutor.java:299)
	at com.kms.katalon.core.main.TestCaseExecutor.execute(TestCaseExecutor.java:233)
	at com.kms.katalon.core.main.TestSuiteExecutor.accessTestCaseMainPhase(TestSuiteExecutor.java:169)
	at com.kms.katalon.core.main.TestSuiteExecutor.accessTestSuiteMainPhase(TestSuiteExecutor.java:142)
	at com.kms.katalon.core.main.TestSuiteExecutor.execute(TestSuiteExecutor.java:91)
	at com.kms.katalon.core.main.TestCaseMain.startTestSuite(TestCaseMain.java:157)
	at com.kms.katalon.core.main.TestCaseMain$startTestSuite$0.call(Unknown Source)
	at TempTestSuite1581081710748.run(TempTestSuite1581081710748.groovy:36)
Caused by: com.kms.katalon.core.exception.StepFailedException: Object 'Object Repository/Page_Reevio Video Maker/Editor/Test Text fields/a_Text 3' is not present
	... 23 more
"/>
         <system-out><![CDATA[2020-02-07 15:26:06 - [TEST_CASE][FAILED] - Test Cases/Text adding/Text adding Min and COLOR (1-30)sc: Test Cases/Text adding/Text adding Min and COLOR (1-30)sc FAILED.
Reason:
com.kms.katalon.core.exception.StepFailedException: Object 'Object Repository/Page_Reevio Video Maker/Editor/Test Text fields/a_Text 3' is not present (Root cause: com.kms.katalon.core.exception.StepFailedException: Object 'Object Repository/Page_Reevio Video Maker/Editor/Test Text fields/a_Text 3' is not present
	at com.kms.katalon.core.webui.keyword.internal.WebUIKeywordMain.stepFailed(WebUIKeywordMain.groovy:64)
	at com.kms.katalon.core.webui.keyword.builtin.VerifyElementVisibleInViewportKeyword$_verifyElementVisibleInViewport_closure1.doCall(VerifyElementVisibleInViewportKeyword.groovy:83)
	at com.kms.katalon.core.webui.keyword.builtin.VerifyElementVisibleInViewportKeyword$_verifyElementVisibleInViewport_closure1.call(VerifyElementVisibleInViewportKeyword.groovy)
	at com.kms.katalon.core.webui.keyword.internal.WebUIKeywordMain.runKeyword(WebUIKeywordMain.groovy:20)
	at com.kms.katalon.core.webui.keyword.builtin.VerifyElementVisibleInViewportKeyword.verifyElementVisibleInViewport(VerifyElementVisibleInViewportKeyword.groovy:86)
	at com.kms.katalon.core.webui.keyword.builtin.VerifyElementVisibleInViewportKeyword.execute(VerifyElementVisibleInViewportKeyword.groovy:68)
	at com.kms.katalon.core.keyword.internal.KeywordExecutor.executeKeywordForPlatform(KeywordExecutor.groovy:72)
	at com.kms.katalon.core.webui.keyword.WebUiBuiltInKeywords.verifyElementInViewport(WebUiBuiltInKeywords.groovy:3039)
	at com.kms.katalon.core.webui.keyword.WebUiBuiltInKeywords$verifyElementInViewport$14.call(Unknown Source)
	at Text adding Min and COLOR (1-30)sc.run(Text adding Min and COLOR (1-30)sc:30)
	at com.kms.katalon.core.main.ScriptEngine.run(ScriptEngine.java:194)
	at com.kms.katalon.core.main.ScriptEngine.runScriptAsRawText(ScriptEngine.java:119)
	at com.kms.katalon.core.main.TestCaseExecutor.runScript(TestCaseExecutor.java:337)
	at com.kms.katalon.core.main.TestCaseExecutor.doExecute(TestCaseExecutor.java:328)
	at com.kms.katalon.core.main.TestCaseExecutor.processExecutionPhase(TestCaseExecutor.java:307)
	at com.kms.katalon.core.main.TestCaseExecutor.accessMainPhase(TestCaseExecutor.java:299)
	at com.kms.katalon.core.main.TestCaseExecutor.execute(TestCaseExecutor.java:233)
	at com.kms.katalon.core.main.TestSuiteExecutor.accessTestCaseMainPhase(TestSuiteExecutor.java:169)
	at com.kms.katalon.core.main.TestSuiteExecutor.accessTestSuiteMainPhase(TestSuiteExecutor.java:142)
	at com.kms.katalon.core.main.TestSuiteExecutor.execute(TestSuiteExecutor.java:91)
	at com.kms.katalon.core.main.TestCaseMain.startTestSuite(TestCaseMain.java:157)
	at com.kms.katalon.core.main.TestCaseMain$startTestSuite$0.call(Unknown Source)
	at TempTestSuite1581081710748.run(TempTestSuite1581081710748.groovy:36)
)
	at com.kms.katalon.core.keyword.internal.KeywordMain.stepFailed(KeywordMain.groovy:39)
	at com.kms.katalon.core.webui.keyword.internal.WebUIKeywordMain.stepFailed(WebUIKeywordMain.groovy:64)
	at com.kms.katalon.core.webui.keyword.builtin.VerifyElementVisibleInViewportKeyword$_verifyElementVisibleInViewport_closure1.doCall(VerifyElementVisibleInViewportKeyword.groovy:83)
	at com.kms.katalon.core.webui.keyword.builtin.VerifyElementVisibleInViewportKeyword$_verifyElementVisibleInViewport_closure1.call(VerifyElementVisibleInViewportKeyword.groovy)
	at com.kms.katalon.core.webui.keyword.internal.WebUIKeywordMain.runKeyword(WebUIKeywordMain.groovy:20)
	at com.kms.katalon.core.webui.keyword.builtin.VerifyElementVisibleInViewportKeyword.verifyElementVisibleInViewport(VerifyElementVisibleInViewportKeyword.groovy:86)
	at com.kms.katalon.core.webui.keyword.builtin.VerifyElementVisibleInViewportKeyword.execute(VerifyElementVisibleInViewportKeyword.groovy:68)
	at com.kms.katalon.core.keyword.internal.KeywordExecutor.executeKeywordForPlatform(KeywordExecutor.groovy:72)
	at com.kms.katalon.core.webui.keyword.WebUiBuiltInKeywords.verifyElementInViewport(WebUiBuiltInKeywords.groovy:3039)
	at com.kms.katalon.core.webui.keyword.WebUiBuiltInKeywords$verifyElementInViewport$14.call(Unknown Source)
	at Text adding Min and COLOR (1-30)sc.run(Text adding Min and COLOR (1-30)sc:30)
	at com.kms.katalon.core.main.ScriptEngine.run(ScriptEngine.java:194)
	at com.kms.katalon.core.main.ScriptEngine.runScriptAsRawText(ScriptEngine.java:119)
	at com.kms.katalon.core.main.TestCaseExecutor.runScript(TestCaseExecutor.java:337)
	at com.kms.katalon.core.main.TestCaseExecutor.doExecute(TestCaseExecutor.java:328)
	at com.kms.katalon.core.main.TestCaseExecutor.processExecutionPhase(TestCaseExecutor.java:307)
	at com.kms.katalon.core.main.TestCaseExecutor.accessMainPhase(TestCaseExecutor.java:299)
	at com.kms.katalon.core.main.TestCaseExecutor.execute(TestCaseExecutor.java:233)
	at com.kms.katalon.core.main.TestSuiteExecutor.accessTestCaseMainPhase(TestSuiteExecutor.java:169)
	at com.kms.katalon.core.main.TestSuiteExecutor.accessTestSuiteMainPhase(TestSuiteExecutor.java:142)
	at com.kms.katalon.core.main.TestSuiteExecutor.execute(TestSuiteExecutor.java:91)
	at com.kms.katalon.core.main.TestCaseMain.startTestSuite(TestCaseMain.java:157)
	at com.kms.katalon.core.main.TestCaseMain$startTestSuite$0.call(Unknown Source)
	at TempTestSuite1581081710748.run(TempTestSuite1581081710748.groovy:36)
Caused by: com.kms.katalon.core.exception.StepFailedException: Object 'Object Repository/Page_Reevio Video Maker/Editor/Test Text fields/a_Text 3' is not present
	... 23 more


2020-02-07 15:26:08 - [TEST_STEP][PASSED] - click(findTestObject("Page_Reevio Video Maker/Editor_Scene_1")): Object: 'Object Repository/Page_Reevio Video Maker/Editor_Scene_1' is clicked on

2020-02-07 15:26:09 - [MESSAGE][PASSED] - Object: 'Object Repository/Page_Reevio Video Maker/Editor_Scene_1' is clicked on

2020-02-07 15:26:09 - [TEST_STEP][FAILED] - for ([i = 1, i < 31, (i++)]): null

2020-02-07 15:26:09 - [TEST_STEP][PASSED] - if (verifyElementPresent(findTestObject("Page_Reevio Video Maker/Editor_Scene_" + i), 0) == true): null

2020-02-07 15:26:09 - [MESSAGE][WARNING] - Timeout '0' is invalid. Using default page load timeout: '1'

2020-02-07 15:26:09 - [MESSAGE][PASSED] - Object 'Object Repository/Page_Reevio Video Maker/Editor_Scene_1' is present

2020-02-07 15:26:09 - [TEST_STEP][PASSED] - doubleClick(findTestObject("Page_Reevio Video Maker/Editor_Scene_" + i)): Object: 'Object Repository/Page_Reevio Video Maker/Editor_Scene_1' is double clicked on

2020-02-07 15:26:10 - [MESSAGE][PASSED] - Object: 'Object Repository/Page_Reevio Video Maker/Editor_Scene_1' is double clicked on

2020-02-07 15:26:10 - [TEST_STEP][PASSED] - delay(1): Delayed 1 second(s)

2020-02-07 15:26:11 - [MESSAGE][PASSED] - Delayed 1 second(s)

2020-02-07 15:26:11 - [TEST_STEP][FAILED] - for ([j = 1, j < 7, (j++)]): null

2020-02-07 15:26:11 - [TEST_STEP][PASSED] - if (verifyElementInViewport(findTestObject("Page_Reevio Video Maker/Editor/Test Text fields/a_Text " + j), 0) == true): null

2020-02-07 15:26:12 - [MESSAGE][WARNING] - Timeout '0' is invalid. Using default page load timeout: '1'

2020-02-07 15:26:12 - [MESSAGE][PASSED] - Object 'Object Repository/Page_Reevio Video Maker/Editor/Test Text fields/a_Text 1' is present and visible in viewport

2020-02-07 15:26:12 - [TEST_STEP][PASSED] - doubleClick(findTestObject("Page_Reevio Video Maker/Editor/Test Text fields/a_Text " + j)): Object: 'Object Repository/Page_Reevio Video Maker/Editor/Test Text fields/a_Text 1' is double clicked on

2020-02-07 15:26:13 - [MESSAGE][PASSED] - Object: 'Object Repository/Page_Reevio Video Maker/Editor/Test Text fields/a_Text 1' is double clicked on

2020-02-07 15:26:13 - [TEST_STEP][PASSED] - maxlength = getAttribute(findTestObject("Page_Reevio Video Maker/Editor/Test Text fields/a_Text " + j), "data-maxlength"): Attribute 'data-maxlength' of object 'Object Repository/Page_Reevio Video Maker/Editor/Test Text fields/a_Text 1' is: '40'

2020-02-07 15:26:14 - [MESSAGE][PASSED] - Attribute 'data-maxlength' of object 'Object Repository/Page_Reevio Video Maker/Editor/Test Text fields/a_Text 1' is: '40'

2020-02-07 15:26:14 - [TEST_STEP][PASSED] - clearText(findTestObject("Page_Reevio Video Maker/Editor/Text Editor/input_Enable text_cinput"), CONTINUE_ON_FAILURE): Text of object 'Object Repository/Page_Reevio Video Maker/Editor/Text Editor/input_Enable text_cinput' is cleared

2020-02-07 15:26:15 - [MESSAGE][PASSED] - Text of object 'Object Repository/Page_Reevio Video Maker/Editor/Text Editor/input_Enable text_cinput' is cleared

2020-02-07 15:26:15 - [TEST_STEP][PASSED] - setText(findTestObject("Page_Reevio Video Maker/Editor/Text Editor/input_Enable text_cinput"), findTestData("vavowDate").getValue(1, 6)): Text 'A beige fox jumps.' is set on object 'Object Repository/Page_Reevio Video Maker/Editor/Text Editor/input_Enable text_cinput'

2020-02-07 15:26:18 - [MESSAGE][PASSED] - Text 'A beige fox jumps.' is set on object 'Object Repository/Page_Reevio Video Maker/Editor/Text Editor/input_Enable text_cinput'

2020-02-07 15:26:18 - [TEST_STEP][PASSED] - click(findTestObject("Page_Reevio Video Maker/Editor/Text Editor/span_Save")): Object: 'Object Repository/Page_Reevio Video Maker/Editor/Text Editor/span_Save' is clicked on

2020-02-07 15:26:19 - [MESSAGE][PASSED] - Object: 'Object Repository/Page_Reevio Video Maker/Editor/Text Editor/span_Save' is clicked on

2020-02-07 15:26:19 - [TEST_STEP][PASSED] - click(findTestObject("Page_Reevio Video Maker/Editor/Text Color/span_Shadows Into Light_minicolors-swatch-color")): Object: 'Object Repository/Page_Reevio Video Maker/Editor/Text Color/span_Shadows Into Light_minicolors-swatch-color' is clicked on

2020-02-07 15:26:20 - [MESSAGE][PASSED] - Object: 'Object Repository/Page_Reevio Video Maker/Editor/Text Color/span_Shadows Into Light_minicolors-swatch-color' is clicked on

2020-02-07 15:26:20 - [TEST_STEP][PASSED] - clearText(findTestObject("Page_Reevio Video Maker/Editor/Text Color/input_RGB_texthex-color")): Text of object 'Object Repository/Page_Reevio Video Maker/Editor/Text Color/input_RGB_texthex-color' is cleared

2020-02-07 15:26:20 - [MESSAGE][PASSED] - Text of object 'Object Repository/Page_Reevio Video Maker/Editor/Text Color/input_RGB_texthex-color' is cleared

2020-02-07 15:26:20 - [TEST_STEP][PASSED] - setText(findTestObject("Page_Reevio Video Maker/Editor/Text Color/input_RGB_texthex-color"), findTestData("vavowDate").getValue(7, 1)): Text '#67FF4C' is set on object 'Object Repository/Page_Reevio Video Maker/Editor/Text Color/input_RGB_texthex-color'

2020-02-07 15:26:22 - [MESSAGE][PASSED] - Text '#67FF4C' is set on object 'Object Repository/Page_Reevio Video Maker/Editor/Text Color/input_RGB_texthex-color'

2020-02-07 15:26:22 - [TEST_STEP][PASSED] - click(findTestObject("Page_Reevio Video Maker/Editor/Text Color/button_Apply")): Object: 'Object Repository/Page_Reevio Video Maker/Editor/Text Color/button_Apply' is clicked on

2020-02-07 15:26:23 - [MESSAGE][PASSED] - Object: 'Object Repository/Page_Reevio Video Maker/Editor/Text Color/button_Apply' is clicked on

2020-02-07 15:26:23 - [TEST_STEP][PASSED] - maxlength = 0: null

2020-02-07 15:26:23 - [TEST_STEP][PASSED] - if (verifyElementInViewport(findTestObject("Page_Reevio Video Maker/Editor/Test Text fields/a_Text " + j), 0) == true): null

2020-02-07 15:26:23 - [MESSAGE][WARNING] - Timeout '0' is invalid. Using default page load timeout: '1'

2020-02-07 15:26:24 - [MESSAGE][PASSED] - Object 'Object Repository/Page_Reevio Video Maker/Editor/Test Text fields/a_Text 2' is present and visible in viewport

2020-02-07 15:26:24 - [TEST_STEP][PASSED] - doubleClick(findTestObject("Page_Reevio Video Maker/Editor/Test Text fields/a_Text " + j)): Object: 'Object Repository/Page_Reevio Video Maker/Editor/Test Text fields/a_Text 2' is double clicked on

2020-02-07 15:26:25 - [MESSAGE][PASSED] - Object: 'Object Repository/Page_Reevio Video Maker/Editor/Test Text fields/a_Text 2' is double clicked on

2020-02-07 15:26:25 - [TEST_STEP][PASSED] - maxlength = getAttribute(findTestObject("Page_Reevio Video Maker/Editor/Test Text fields/a_Text " + j), "data-maxlength"): Attribute 'data-maxlength' of object 'Object Repository/Page_Reevio Video Maker/Editor/Test Text fields/a_Text 2' is: '60'

2020-02-07 15:26:25 - [MESSAGE][PASSED] - Attribute 'data-maxlength' of object 'Object Repository/Page_Reevio Video Maker/Editor/Test Text fields/a_Text 2' is: '60'

2020-02-07 15:26:25 - [TEST_STEP][PASSED] - clearText(findTestObject("Page_Reevio Video Maker/Editor/Text Editor/input_Enable text_cinput"), CONTINUE_ON_FAILURE): Text of object 'Object Repository/Page_Reevio Video Maker/Editor/Text Editor/input_Enable text_cinput' is cleared

2020-02-07 15:26:26 - [MESSAGE][PASSED] - Text of object 'Object Repository/Page_Reevio Video Maker/Editor/Text Editor/input_Enable text_cinput' is cleared

2020-02-07 15:26:26 - [TEST_STEP][PASSED] - setText(findTestObject("Page_Reevio Video Maker/Editor/Text Editor/input_Enable text_cinput"), findTestData("vavowDate").getValue(1, 6)): Text 'A beige fox jumps.' is set on object 'Object Repository/Page_Reevio Video Maker/Editor/Text Editor/input_Enable text_cinput'

2020-02-07 15:26:29 - [MESSAGE][PASSED] - Text 'A beige fox jumps.' is set on object 'Object Repository/Page_Reevio Video Maker/Editor/Text Editor/input_Enable text_cinput'

2020-02-07 15:26:29 - [TEST_STEP][PASSED] - click(findTestObject("Page_Reevio Video Maker/Editor/Text Editor/span_Save")): Object: 'Object Repository/Page_Reevio Video Maker/Editor/Text Editor/span_Save' is clicked on

2020-02-07 15:26:30 - [MESSAGE][PASSED] - Object: 'Object Repository/Page_Reevio Video Maker/Editor/Text Editor/span_Save' is clicked on

2020-02-07 15:26:30 - [TEST_STEP][PASSED] - click(findTestObject("Page_Reevio Video Maker/Editor/Text Color/span_Shadows Into Light_minicolors-swatch-color")): Object: 'Object Repository/Page_Reevio Video Maker/Editor/Text Color/span_Shadows Into Light_minicolors-swatch-color' is clicked on

2020-02-07 15:26:31 - [MESSAGE][PASSED] - Object: 'Object Repository/Page_Reevio Video Maker/Editor/Text Color/span_Shadows Into Light_minicolors-swatch-color' is clicked on

2020-02-07 15:26:31 - [TEST_STEP][PASSED] - clearText(findTestObject("Page_Reevio Video Maker/Editor/Text Color/input_RGB_texthex-color")): Text of object 'Object Repository/Page_Reevio Video Maker/Editor/Text Color/input_RGB_texthex-color' is cleared

2020-02-07 15:26:32 - [MESSAGE][PASSED] - Text of object 'Object Repository/Page_Reevio Video Maker/Editor/Text Color/input_RGB_texthex-color' is cleared

2020-02-07 15:26:32 - [TEST_STEP][PASSED] - setText(findTestObject("Page_Reevio Video Maker/Editor/Text Color/input_RGB_texthex-color"), findTestData("vavowDate").getValue(7, 1)): Text '#67FF4C' is set on object 'Object Repository/Page_Reevio Video Maker/Editor/Text Color/input_RGB_texthex-color'

2020-02-07 15:26:33 - [MESSAGE][PASSED] - Text '#67FF4C' is set on object 'Object Repository/Page_Reevio Video Maker/Editor/Text Color/input_RGB_texthex-color'

2020-02-07 15:26:33 - [TEST_STEP][PASSED] - click(findTestObject("Page_Reevio Video Maker/Editor/Text Color/button_Apply")): Object: 'Object Repository/Page_Reevio Video Maker/Editor/Text Color/button_Apply' is clicked on

2020-02-07 15:26:34 - [MESSAGE][PASSED] - Object: 'Object Repository/Page_Reevio Video Maker/Editor/Text Color/button_Apply' is clicked on

2020-02-07 15:26:34 - [TEST_STEP][PASSED] - maxlength = 0: null

2020-02-07 15:26:34 - [TEST_STEP][FAILED] - if (verifyElementInViewport(findTestObject("Page_Reevio Video Maker/Editor/Test Text fields/a_Text " + j), 0) == true): Object 'Object Repository/Page_Reevio Video Maker/Editor/Test Text fields/a_Text 3' is not present (Root cause: com.kms.katalon.core.exception.StepFailedException: Object 'Object Repository/Page_Reevio Video Maker/Editor/Test Text fields/a_Text 3' is not present
	at com.kms.katalon.core.webui.keyword.internal.WebUIKeywordMain.stepFailed(WebUIKeywordMain.groovy:64)
	at com.kms.katalon.core.webui.keyword.builtin.VerifyElementVisibleInViewportKeyword$_verifyElementVisibleInViewport_closure1.doCall(VerifyElementVisibleInViewportKeyword.groovy:83)
	at com.kms.katalon.core.webui.keyword.builtin.VerifyElementVisibleInViewportKeyword$_verifyElementVisibleInViewport_closure1.call(VerifyElementVisibleInViewportKeyword.groovy)
	at com.kms.katalon.core.webui.keyword.internal.WebUIKeywordMain.runKeyword(WebUIKeywordMain.groovy:20)
	at com.kms.katalon.core.webui.keyword.builtin.VerifyElementVisibleInViewportKeyword.verifyElementVisibleInViewport(VerifyElementVisibleInViewportKeyword.groovy:86)
	at com.kms.katalon.core.webui.keyword.builtin.VerifyElementVisibleInViewportKeyword.execute(VerifyElementVisibleInViewportKeyword.groovy:68)
	at com.kms.katalon.core.keyword.internal.KeywordExecutor.executeKeywordForPlatform(KeywordExecutor.groovy:72)
	at com.kms.katalon.core.webui.keyword.WebUiBuiltInKeywords.verifyElementInViewport(WebUiBuiltInKeywords.groovy:3039)
	at com.kms.katalon.core.webui.keyword.WebUiBuiltInKeywords$verifyElementInViewport$14.call(Unknown Source)
	at Text adding Min and COLOR (1-30)sc.run(Text adding Min and COLOR (1-30)sc:30)
	at com.kms.katalon.core.main.ScriptEngine.run(ScriptEngine.java:194)
	at com.kms.katalon.core.main.ScriptEngine.runScriptAsRawText(ScriptEngine.java:119)
	at com.kms.katalon.core.main.TestCaseExecutor.runScript(TestCaseExecutor.java:337)
	at com.kms.katalon.core.main.TestCaseExecutor.doExecute(TestCaseExecutor.java:328)
	at com.kms.katalon.core.main.TestCaseExecutor.processExecutionPhase(TestCaseExecutor.java:307)
	at com.kms.katalon.core.main.TestCaseExecutor.accessMainPhase(TestCaseExecutor.java:299)
	at com.kms.katalon.core.main.TestCaseExecutor.execute(TestCaseExecutor.java:233)
	at com.kms.katalon.core.main.TestSuiteExecutor.accessTestCaseMainPhase(TestSuiteExecutor.java:169)
	at com.kms.katalon.core.main.TestSuiteExecutor.accessTestSuiteMainPhase(TestSuiteExecutor.java:142)
	at com.kms.katalon.core.main.TestSuiteExecutor.execute(TestSuiteExecutor.java:91)
	at com.kms.katalon.core.main.TestCaseMain.startTestSuite(TestCaseMain.java:157)
	at com.kms.katalon.core.main.TestCaseMain$startTestSuite$0.call(Unknown Source)
	at TempTestSuite1581081710748.run(TempTestSuite1581081710748.groovy:36)
)

2020-02-07 15:26:34 - [MESSAGE][WARNING] - Timeout '0' is invalid. Using default page load timeout: '1'

2020-02-07 15:26:36 - [MESSAGE][INFO] - Unable to find the element located by 'By.xpath: (//div[@class='current-slide active-slide']//*[@id="anchor_input"])[3]'. Please recheck the objects properties to make sure the desired element is located. 

2020-02-07 15:26:36 - [MESSAGE][FAILED] - Object 'Object Repository/Page_Reevio Video Maker/Editor/Test Text fields/a_Text 3' is not present (Root cause: com.kms.katalon.core.exception.StepFailedException: Object 'Object Repository/Page_Reevio Video Maker/Editor/Test Text fields/a_Text 3' is not present
	at com.kms.katalon.core.webui.keyword.internal.WebUIKeywordMain.stepFailed(WebUIKeywordMain.groovy:64)
	at com.kms.katalon.core.webui.keyword.builtin.VerifyElementVisibleInViewportKeyword$_verifyElementVisibleInViewport_closure1.doCall(VerifyElementVisibleInViewportKeyword.groovy:83)
	at com.kms.katalon.core.webui.keyword.builtin.VerifyElementVisibleInViewportKeyword$_verifyElementVisibleInViewport_closure1.call(VerifyElementVisibleInViewportKeyword.groovy)
	at com.kms.katalon.core.webui.keyword.internal.WebUIKeywordMain.runKeyword(WebUIKeywordMain.groovy:20)
	at com.kms.katalon.core.webui.keyword.builtin.VerifyElementVisibleInViewportKeyword.verifyElementVisibleInViewport(VerifyElementVisibleInViewportKeyword.groovy:86)
	at com.kms.katalon.core.webui.keyword.builtin.VerifyElementVisibleInViewportKeyword.execute(VerifyElementVisibleInViewportKeyword.groovy:68)
	at com.kms.katalon.core.keyword.internal.KeywordExecutor.executeKeywordForPlatform(KeywordExecutor.groovy:72)
	at com.kms.katalon.core.webui.keyword.WebUiBuiltInKeywords.verifyElementInViewport(WebUiBuiltInKeywords.groovy:3039)
	at com.kms.katalon.core.webui.keyword.WebUiBuiltInKeywords$verifyElementInViewport$14.call(Unknown Source)
	at Text adding Min and COLOR (1-30)sc.run(Text adding Min and COLOR (1-30)sc:30)
	at com.kms.katalon.core.main.ScriptEngine.run(ScriptEngine.java:194)
	at com.kms.katalon.core.main.ScriptEngine.runScriptAsRawText(ScriptEngine.java:119)
	at com.kms.katalon.core.main.TestCaseExecutor.runScript(TestCaseExecutor.java:337)
	at com.kms.katalon.core.main.TestCaseExecutor.doExecute(TestCaseExecutor.java:328)
	at com.kms.katalon.core.main.TestCaseExecutor.processExecutionPhase(TestCaseExecutor.java:307)
	at com.kms.katalon.core.main.TestCaseExecutor.accessMainPhase(TestCaseExecutor.java:299)
	at com.kms.katalon.core.main.TestCaseExecutor.execute(TestCaseExecutor.java:233)
	at com.kms.katalon.core.main.TestSuiteExecutor.accessTestCaseMainPhase(TestSuiteExecutor.java:169)
	at com.kms.katalon.core.main.TestSuiteExecutor.accessTestSuiteMainPhase(TestSuiteExecutor.java:142)
	at com.kms.katalon.core.main.TestSuiteExecutor.execute(TestSuiteExecutor.java:91)
	at com.kms.katalon.core.main.TestCaseMain.startTestSuite(TestCaseMain.java:157)
	at com.kms.katalon.core.main.TestCaseMain$startTestSuite$0.call(Unknown Source)
	at TempTestSuite1581081710748.run(TempTestSuite1581081710748.groovy:36)
)

2020-02-07 15:26:36 - [TEST_STEP][PASSED] - else: null

2020-02-07 15:26:36 - [TEST_STEP][PASSED] - break: null

2020-02-07 15:26:36 - [TEST_STEP][PASSED] - if (verifyElementPresent(findTestObject("Page_Reevio Video Maker/Editor_Scene_" + i), 0) == true): null

2020-02-07 15:26:36 - [MESSAGE][WARNING] - Timeout '0' is invalid. Using default page load timeout: '1'

2020-02-07 15:26:36 - [MESSAGE][PASSED] - Object 'Object Repository/Page_Reevio Video Maker/Editor_Scene_2' is present

2020-02-07 15:26:36 - [TEST_STEP][PASSED] - doubleClick(findTestObject("Page_Reevio Video Maker/Editor_Scene_" + i)): Object: 'Object Repository/Page_Reevio Video Maker/Editor_Scene_2' is double clicked on

2020-02-07 15:26:37 - [MESSAGE][PASSED] - Object: 'Object Repository/Page_Reevio Video Maker/Editor_Scene_2' is double clicked on

2020-02-07 15:26:37 - [TEST_STEP][PASSED] - delay(1): Delayed 1 second(s)

2020-02-07 15:26:38 - [MESSAGE][PASSED] - Delayed 1 second(s)

2020-02-07 15:26:38 - [TEST_STEP][FAILED] - for ([j = 1, j < 7, (j++)]): null

2020-02-07 15:26:38 - [TEST_STEP][PASSED] - if (verifyElementInViewport(findTestObject("Page_Reevio Video Maker/Editor/Test Text fields/a_Text " + j), 0) == true): null

2020-02-07 15:26:38 - [MESSAGE][WARNING] - Timeout '0' is invalid. Using default page load timeout: '1'

2020-02-07 15:26:39 - [MESSAGE][PASSED] - Object 'Object Repository/Page_Reevio Video Maker/Editor/Test Text fields/a_Text 1' is present and visible in viewport

2020-02-07 15:26:39 - [TEST_STEP][PASSED] - doubleClick(findTestObject("Page_Reevio Video Maker/Editor/Test Text fields/a_Text " + j)): Object: 'Object Repository/Page_Reevio Video Maker/Editor/Test Text fields/a_Text 1' is double clicked on

2020-02-07 15:26:40 - [MESSAGE][PASSED] - Object: 'Object Repository/Page_Reevio Video Maker/Editor/Test Text fields/a_Text 1' is double clicked on

2020-02-07 15:26:40 - [TEST_STEP][PASSED] - maxlength = getAttribute(findTestObject("Page_Reevio Video Maker/Editor/Test Text fields/a_Text " + j), "data-maxlength"): Attribute 'data-maxlength' of object 'Object Repository/Page_Reevio Video Maker/Editor/Test Text fields/a_Text 1' is: '25'

2020-02-07 15:26:41 - [MESSAGE][PASSED] - Attribute 'data-maxlength' of object 'Object Repository/Page_Reevio Video Maker/Editor/Test Text fields/a_Text 1' is: '25'

2020-02-07 15:26:41 - [TEST_STEP][PASSED] - clearText(findTestObject("Page_Reevio Video Maker/Editor/Text Editor/input_Enable text_cinput"), CONTINUE_ON_FAILURE): Text of object 'Object Repository/Page_Reevio Video Maker/Editor/Text Editor/input_Enable text_cinput' is cleared

2020-02-07 15:26:41 - [MESSAGE][PASSED] - Text of object 'Object Repository/Page_Reevio Video Maker/Editor/Text Editor/input_Enable text_cinput' is cleared

2020-02-07 15:26:41 - [TEST_STEP][PASSED] - setText(findTestObject("Page_Reevio Video Maker/Editor/Text Editor/input_Enable text_cinput"), findTestData("vavowDate").getValue(1, 6)): Text 'A beige fox jumps.' is set on object 'Object Repository/Page_Reevio Video Maker/Editor/Text Editor/input_Enable text_cinput'

2020-02-07 15:26:45 - [MESSAGE][PASSED] - Text 'A beige fox jumps.' is set on object 'Object Repository/Page_Reevio Video Maker/Editor/Text Editor/input_Enable text_cinput'

2020-02-07 15:26:45 - [TEST_STEP][PASSED] - click(findTestObject("Page_Reevio Video Maker/Editor/Text Editor/span_Save")): Object: 'Object Repository/Page_Reevio Video Maker/Editor/Text Editor/span_Save' is clicked on

2020-02-07 15:26:46 - [MESSAGE][PASSED] - Object: 'Object Repository/Page_Reevio Video Maker/Editor/Text Editor/span_Save' is clicked on

2020-02-07 15:26:46 - [TEST_STEP][PASSED] - click(findTestObject("Page_Reevio Video Maker/Editor/Text Color/span_Shadows Into Light_minicolors-swatch-color")): Object: 'Object Repository/Page_Reevio Video Maker/Editor/Text Color/span_Shadows Into Light_minicolors-swatch-color' is clicked on

2020-02-07 15:26:47 - [MESSAGE][PASSED] - Object: 'Object Repository/Page_Reevio Video Maker/Editor/Text Color/span_Shadows Into Light_minicolors-swatch-color' is clicked on

2020-02-07 15:26:47 - [TEST_STEP][PASSED] - clearText(findTestObject("Page_Reevio Video Maker/Editor/Text Color/input_RGB_texthex-color")): Text of object 'Object Repository/Page_Reevio Video Maker/Editor/Text Color/input_RGB_texthex-color' is cleared

2020-02-07 15:26:48 - [MESSAGE][PASSED] - Text of object 'Object Repository/Page_Reevio Video Maker/Editor/Text Color/input_RGB_texthex-color' is cleared

2020-02-07 15:26:48 - [TEST_STEP][PASSED] - setText(findTestObject("Page_Reevio Video Maker/Editor/Text Color/input_RGB_texthex-color"), findTestData("vavowDate").getValue(7, 1)): Text '#67FF4C' is set on object 'Object Repository/Page_Reevio Video Maker/Editor/Text Color/input_RGB_texthex-color'

2020-02-07 15:26:50 - [MESSAGE][PASSED] - Text '#67FF4C' is set on object 'Object Repository/Page_Reevio Video Maker/Editor/Text Color/input_RGB_texthex-color'

2020-02-07 15:26:50 - [TEST_STEP][PASSED] - click(findTestObject("Page_Reevio Video Maker/Editor/Text Color/button_Apply")): Object: 'Object Repository/Page_Reevio Video Maker/Editor/Text Color/button_Apply' is clicked on

2020-02-07 15:26:51 - [MESSAGE][PASSED] - Object: 'Object Repository/Page_Reevio Video Maker/Editor/Text Color/button_Apply' is clicked on

2020-02-07 15:26:51 - [TEST_STEP][PASSED] - maxlength = 0: null

2020-02-07 15:26:51 - [TEST_STEP][PASSED] - if (verifyElementInViewport(findTestObject("Page_Reevio Video Maker/Editor/Test Text fields/a_Text " + j), 0) == true): null

2020-02-07 15:26:52 - [MESSAGE][WARNING] - Timeout '0' is invalid. Using default page load timeout: '1'

2020-02-07 15:26:53 - [MESSAGE][PASSED] - Object 'Object Repository/Page_Reevio Video Maker/Editor/Test Text fields/a_Text 2' is present and visible in viewport

2020-02-07 15:26:53 - [TEST_STEP][PASSED] - doubleClick(findTestObject("Page_Reevio Video Maker/Editor/Test Text fields/a_Text " + j)): Object: 'Object Repository/Page_Reevio Video Maker/Editor/Test Text fields/a_Text 2' is double clicked on

2020-02-07 15:26:54 - [MESSAGE][PASSED] - Object: 'Object Repository/Page_Reevio Video Maker/Editor/Test Text fields/a_Text 2' is double clicked on

2020-02-07 15:26:54 - [TEST_STEP][PASSED] - maxlength = getAttribute(findTestObject("Page_Reevio Video Maker/Editor/Test Text fields/a_Text " + j), "data-maxlength"): Attribute 'data-maxlength' of object 'Object Repository/Page_Reevio Video Maker/Editor/Test Text fields/a_Text 2' is: '50'

2020-02-07 15:26:54 - [MESSAGE][PASSED] - Attribute 'data-maxlength' of object 'Object Repository/Page_Reevio Video Maker/Editor/Test Text fields/a_Text 2' is: '50'

2020-02-07 15:26:54 - [TEST_STEP][PASSED] - clearText(findTestObject("Page_Reevio Video Maker/Editor/Text Editor/input_Enable text_cinput"), CONTINUE_ON_FAILURE): Text of object 'Object Repository/Page_Reevio Video Maker/Editor/Text Editor/input_Enable text_cinput' is cleared

2020-02-07 15:26:55 - [MESSAGE][PASSED] - Text of object 'Object Repository/Page_Reevio Video Maker/Editor/Text Editor/input_Enable text_cinput' is cleared

2020-02-07 15:26:55 - [TEST_STEP][PASSED] - setText(findTestObject("Page_Reevio Video Maker/Editor/Text Editor/input_Enable text_cinput"), findTestData("vavowDate").getValue(1, 6)): Text 'A beige fox jumps.' is set on object 'Object Repository/Page_Reevio Video Maker/Editor/Text Editor/input_Enable text_cinput'

2020-02-07 15:27:00 - [MESSAGE][PASSED] - Text 'A beige fox jumps.' is set on object 'Object Repository/Page_Reevio Video Maker/Editor/Text Editor/input_Enable text_cinput'

2020-02-07 15:27:00 - [TEST_STEP][PASSED] - click(findTestObject("Page_Reevio Video Maker/Editor/Text Editor/span_Save")): Object: 'Object Repository/Page_Reevio Video Maker/Editor/Text Editor/span_Save' is clicked on

2020-02-07 15:27:01 - [MESSAGE][PASSED] - Object: 'Object Repository/Page_Reevio Video Maker/Editor/Text Editor/span_Save' is clicked on

2020-02-07 15:27:01 - [TEST_STEP][PASSED] - click(findTestObject("Page_Reevio Video Maker/Editor/Text Color/span_Shadows Into Light_minicolors-swatch-color")): Object: 'Object Repository/Page_Reevio Video Maker/Editor/Text Color/span_Shadows Into Light_minicolors-swatch-color' is clicked on

2020-02-07 15:27:02 - [MESSAGE][PASSED] - Object: 'Object Repository/Page_Reevio Video Maker/Editor/Text Color/span_Shadows Into Light_minicolors-swatch-color' is clicked on

2020-02-07 15:27:02 - [TEST_STEP][PASSED] - clearText(findTestObject("Page_Reevio Video Maker/Editor/Text Color/input_RGB_texthex-color")): Text of object 'Object Repository/Page_Reevio Video Maker/Editor/Text Color/input_RGB_texthex-color' is cleared

2020-02-07 15:27:02 - [MESSAGE][PASSED] - Text of object 'Object Repository/Page_Reevio Video Maker/Editor/Text Color/input_RGB_texthex-color' is cleared

2020-02-07 15:27:02 - [TEST_STEP][PASSED] - setText(findTestObject("Page_Reevio Video Maker/Editor/Text Color/input_RGB_texthex-color"), findTestData("vavowDate").getValue(7, 1)): Text '#67FF4C' is set on object 'Object Repository/Page_Reevio Video Maker/Editor/Text Color/input_RGB_texthex-color'

2020-02-07 15:27:05 - [MESSAGE][PASSED] - Text '#67FF4C' is set on object 'Object Repository/Page_Reevio Video Maker/Editor/Text Color/input_RGB_texthex-color'

2020-02-07 15:27:05 - [TEST_STEP][PASSED] - click(findTestObject("Page_Reevio Video Maker/Editor/Text Color/button_Apply")): Object: 'Object Repository/Page_Reevio Video Maker/Editor/Text Color/button_Apply' is clicked on

2020-02-07 15:27:06 - [MESSAGE][PASSED] - Object: 'Object Repository/Page_Reevio Video Maker/Editor/Text Color/button_Apply' is clicked on

2020-02-07 15:27:06 - [TEST_STEP][PASSED] - maxlength = 0: null

2020-02-07 15:27:06 - [TEST_STEP][FAILED] - if (verifyElementInViewport(findTestObject("Page_Reevio Video Maker/Editor/Test Text fields/a_Text " + j), 0) == true): Object 'Object Repository/Page_Reevio Video Maker/Editor/Test Text fields/a_Text 3' is not present (Root cause: com.kms.katalon.core.exception.StepFailedException: Object 'Object Repository/Page_Reevio Video Maker/Editor/Test Text fields/a_Text 3' is not present
	at com.kms.katalon.core.webui.keyword.internal.WebUIKeywordMain.stepFailed(WebUIKeywordMain.groovy:64)
	at com.kms.katalon.core.webui.keyword.builtin.VerifyElementVisibleInViewportKeyword$_verifyElementVisibleInViewport_closure1.doCall(VerifyElementVisibleInViewportKeyword.groovy:83)
	at com.kms.katalon.core.webui.keyword.builtin.VerifyElementVisibleInViewportKeyword$_verifyElementVisibleInViewport_closure1.call(VerifyElementVisibleInViewportKeyword.groovy)
	at com.kms.katalon.core.webui.keyword.internal.WebUIKeywordMain.runKeyword(WebUIKeywordMain.groovy:20)
	at com.kms.katalon.core.webui.keyword.builtin.VerifyElementVisibleInViewportKeyword.verifyElementVisibleInViewport(VerifyElementVisibleInViewportKeyword.groovy:86)
	at com.kms.katalon.core.webui.keyword.builtin.VerifyElementVisibleInViewportKeyword.execute(VerifyElementVisibleInViewportKeyword.groovy:68)
	at com.kms.katalon.core.keyword.internal.KeywordExecutor.executeKeywordForPlatform(KeywordExecutor.groovy:72)
	at com.kms.katalon.core.webui.keyword.WebUiBuiltInKeywords.verifyElementInViewport(WebUiBuiltInKeywords.groovy:3039)
	at com.kms.katalon.core.webui.keyword.WebUiBuiltInKeywords$verifyElementInViewport$14.call(Unknown Source)
	at Text adding Min and COLOR (1-30)sc.run(Text adding Min and COLOR (1-30)sc:30)
	at com.kms.katalon.core.main.ScriptEngine.run(ScriptEngine.java:194)
	at com.kms.katalon.core.main.ScriptEngine.runScriptAsRawText(ScriptEngine.java:119)
	at com.kms.katalon.core.main.TestCaseExecutor.runScript(TestCaseExecutor.java:337)
	at com.kms.katalon.core.main.TestCaseExecutor.doExecute(TestCaseExecutor.java:328)
	at com.kms.katalon.core.main.TestCaseExecutor.processExecutionPhase(TestCaseExecutor.java:307)
	at com.kms.katalon.core.main.TestCaseExecutor.accessMainPhase(TestCaseExecutor.java:299)
	at com.kms.katalon.core.main.TestCaseExecutor.execute(TestCaseExecutor.java:233)
	at com.kms.katalon.core.main.TestSuiteExecutor.accessTestCaseMainPhase(TestSuiteExecutor.java:169)
	at com.kms.katalon.core.main.TestSuiteExecutor.accessTestSuiteMainPhase(TestSuiteExecutor.java:142)
	at com.kms.katalon.core.main.TestSuiteExecutor.execute(TestSuiteExecutor.java:91)
	at com.kms.katalon.core.main.TestCaseMain.startTestSuite(TestCaseMain.java:157)
	at com.kms.katalon.core.main.TestCaseMain$startTestSuite$0.call(Unknown Source)
	at TempTestSuite1581081710748.run(TempTestSuite1581081710748.groovy:36)
)

2020-02-07 15:27:06 - [MESSAGE][WARNING] - Timeout '0' is invalid. Using default page load timeout: '1'

2020-02-07 15:27:07 - [MESSAGE][INFO] - Unable to find the element located by 'By.xpath: (//div[@class='current-slide active-slide']//*[@id="anchor_input"])[3]'. Please recheck the objects properties to make sure the desired element is located. 

2020-02-07 15:27:07 - [MESSAGE][FAILED] - Object 'Object Repository/Page_Reevio Video Maker/Editor/Test Text fields/a_Text 3' is not present (Root cause: com.kms.katalon.core.exception.StepFailedException: Object 'Object Repository/Page_Reevio Video Maker/Editor/Test Text fields/a_Text 3' is not present
	at com.kms.katalon.core.webui.keyword.internal.WebUIKeywordMain.stepFailed(WebUIKeywordMain.groovy:64)
	at com.kms.katalon.core.webui.keyword.builtin.VerifyElementVisibleInViewportKeyword$_verifyElementVisibleInViewport_closure1.doCall(VerifyElementVisibleInViewportKeyword.groovy:83)
	at com.kms.katalon.core.webui.keyword.builtin.VerifyElementVisibleInViewportKeyword$_verifyElementVisibleInViewport_closure1.call(VerifyElementVisibleInViewportKeyword.groovy)
	at com.kms.katalon.core.webui.keyword.internal.WebUIKeywordMain.runKeyword(WebUIKeywordMain.groovy:20)
	at com.kms.katalon.core.webui.keyword.builtin.VerifyElementVisibleInViewportKeyword.verifyElementVisibleInViewport(VerifyElementVisibleInViewportKeyword.groovy:86)
	at com.kms.katalon.core.webui.keyword.builtin.VerifyElementVisibleInViewportKeyword.execute(VerifyElementVisibleInViewportKeyword.groovy:68)
	at com.kms.katalon.core.keyword.internal.KeywordExecutor.executeKeywordForPlatform(KeywordExecutor.groovy:72)
	at com.kms.katalon.core.webui.keyword.WebUiBuiltInKeywords.verifyElementInViewport(WebUiBuiltInKeywords.groovy:3039)
	at com.kms.katalon.core.webui.keyword.WebUiBuiltInKeywords$verifyElementInViewport$14.call(Unknown Source)
	at Text adding Min and COLOR (1-30)sc.run(Text adding Min and COLOR (1-30)sc:30)
	at com.kms.katalon.core.main.ScriptEngine.run(ScriptEngine.java:194)
	at com.kms.katalon.core.main.ScriptEngine.runScriptAsRawText(ScriptEngine.java:119)
	at com.kms.katalon.core.main.TestCaseExecutor.runScript(TestCaseExecutor.java:337)
	at com.kms.katalon.core.main.TestCaseExecutor.doExecute(TestCaseExecutor.java:328)
	at com.kms.katalon.core.main.TestCaseExecutor.processExecutionPhase(TestCaseExecutor.java:307)
	at com.kms.katalon.core.main.TestCaseExecutor.accessMainPhase(TestCaseExecutor.java:299)
	at com.kms.katalon.core.main.TestCaseExecutor.execute(TestCaseExecutor.java:233)
	at com.kms.katalon.core.main.TestSuiteExecutor.accessTestCaseMainPhase(TestSuiteExecutor.java:169)
	at com.kms.katalon.core.main.TestSuiteExecutor.accessTestSuiteMainPhase(TestSuiteExecutor.java:142)
	at com.kms.katalon.core.main.TestSuiteExecutor.execute(TestSuiteExecutor.java:91)
	at com.kms.katalon.core.main.TestCaseMain.startTestSuite(TestCaseMain.java:157)
	at com.kms.katalon.core.main.TestCaseMain$startTestSuite$0.call(Unknown Source)
	at TempTestSuite1581081710748.run(TempTestSuite1581081710748.groovy:36)
)

2020-02-07 15:27:07 - [TEST_STEP][PASSED] - else: null

2020-02-07 15:27:07 - [TEST_STEP][PASSED] - break: null

2020-02-07 15:27:07 - [TEST_STEP][PASSED] - if (verifyElementPresent(findTestObject("Page_Reevio Video Maker/Editor_Scene_" + i), 0) == true): null

2020-02-07 15:27:08 - [MESSAGE][WARNING] - Timeout '0' is invalid. Using default page load timeout: '1'

2020-02-07 15:27:08 - [MESSAGE][PASSED] - Object 'Object Repository/Page_Reevio Video Maker/Editor_Scene_3' is present

2020-02-07 15:27:08 - [TEST_STEP][PASSED] - doubleClick(findTestObject("Page_Reevio Video Maker/Editor_Scene_" + i)): Object: 'Object Repository/Page_Reevio Video Maker/Editor_Scene_3' is double clicked on

2020-02-07 15:27:09 - [MESSAGE][PASSED] - Object: 'Object Repository/Page_Reevio Video Maker/Editor_Scene_3' is double clicked on

2020-02-07 15:27:09 - [TEST_STEP][PASSED] - delay(1): Delayed 1 second(s)

2020-02-07 15:27:10 - [MESSAGE][PASSED] - Delayed 1 second(s)

2020-02-07 15:27:10 - [TEST_STEP][FAILED] - for ([j = 1, j < 7, (j++)]): null

2020-02-07 15:27:10 - [TEST_STEP][PASSED] - if (verifyElementInViewport(findTestObject("Page_Reevio Video Maker/Editor/Test Text fields/a_Text " + j), 0) == true): null

2020-02-07 15:27:10 - [MESSAGE][WARNING] - Timeout '0' is invalid. Using default page load timeout: '1'

2020-02-07 15:27:11 - [MESSAGE][PASSED] - Object 'Object Repository/Page_Reevio Video Maker/Editor/Test Text fields/a_Text 1' is present and visible in viewport

2020-02-07 15:27:11 - [TEST_STEP][PASSED] - doubleClick(findTestObject("Page_Reevio Video Maker/Editor/Test Text fields/a_Text " + j)): Object: 'Object Repository/Page_Reevio Video Maker/Editor/Test Text fields/a_Text 1' is double clicked on

2020-02-07 15:27:13 - [MESSAGE][PASSED] - Object: 'Object Repository/Page_Reevio Video Maker/Editor/Test Text fields/a_Text 1' is double clicked on

2020-02-07 15:27:13 - [TEST_STEP][PASSED] - maxlength = getAttribute(findTestObject("Page_Reevio Video Maker/Editor/Test Text fields/a_Text " + j), "data-maxlength"): Attribute 'data-maxlength' of object 'Object Repository/Page_Reevio Video Maker/Editor/Test Text fields/a_Text 1' is: '30'

2020-02-07 15:27:13 - [MESSAGE][PASSED] - Attribute 'data-maxlength' of object 'Object Repository/Page_Reevio Video Maker/Editor/Test Text fields/a_Text 1' is: '30'

2020-02-07 15:27:13 - [TEST_STEP][PASSED] - clearText(findTestObject("Page_Reevio Video Maker/Editor/Text Editor/input_Enable text_cinput"), CONTINUE_ON_FAILURE): Text of object 'Object Repository/Page_Reevio Video Maker/Editor/Text Editor/input_Enable text_cinput' is cleared

2020-02-07 15:27:14 - [MESSAGE][PASSED] - Text of object 'Object Repository/Page_Reevio Video Maker/Editor/Text Editor/input_Enable text_cinput' is cleared

2020-02-07 15:27:14 - [TEST_STEP][PASSED] - setText(findTestObject("Page_Reevio Video Maker/Editor/Text Editor/input_Enable text_cinput"), findTestData("vavowDate").getValue(1, 6)): Text 'A beige fox jumps.' is set on object 'Object Repository/Page_Reevio Video Maker/Editor/Text Editor/input_Enable text_cinput'

2020-02-07 15:27:17 - [MESSAGE][PASSED] - Text 'A beige fox jumps.' is set on object 'Object Repository/Page_Reevio Video Maker/Editor/Text Editor/input_Enable text_cinput'

2020-02-07 15:27:17 - [TEST_STEP][PASSED] - click(findTestObject("Page_Reevio Video Maker/Editor/Text Editor/span_Save")): Object: 'Object Repository/Page_Reevio Video Maker/Editor/Text Editor/span_Save' is clicked on

2020-02-07 15:27:17 - [MESSAGE][PASSED] - Object: 'Object Repository/Page_Reevio Video Maker/Editor/Text Editor/span_Save' is clicked on

2020-02-07 15:27:17 - [TEST_STEP][PASSED] - click(findTestObject("Page_Reevio Video Maker/Editor/Text Color/span_Shadows Into Light_minicolors-swatch-color")): Object: 'Object Repository/Page_Reevio Video Maker/Editor/Text Color/span_Shadows Into Light_minicolors-swatch-color' is clicked on

2020-02-07 15:27:18 - [MESSAGE][PASSED] - Object: 'Object Repository/Page_Reevio Video Maker/Editor/Text Color/span_Shadows Into Light_minicolors-swatch-color' is clicked on

2020-02-07 15:27:18 - [TEST_STEP][PASSED] - clearText(findTestObject("Page_Reevio Video Maker/Editor/Text Color/input_RGB_texthex-color")): Text of object 'Object Repository/Page_Reevio Video Maker/Editor/Text Color/input_RGB_texthex-color' is cleared

2020-02-07 15:27:19 - [MESSAGE][PASSED] - Text of object 'Object Repository/Page_Reevio Video Maker/Editor/Text Color/input_RGB_texthex-color' is cleared

2020-02-07 15:27:19 - [TEST_STEP][PASSED] - setText(findTestObject("Page_Reevio Video Maker/Editor/Text Color/input_RGB_texthex-color"), findTestData("vavowDate").getValue(7, 1)): Text '#67FF4C' is set on object 'Object Repository/Page_Reevio Video Maker/Editor/Text Color/input_RGB_texthex-color'

2020-02-07 15:27:21 - [MESSAGE][PASSED] - Text '#67FF4C' is set on object 'Object Repository/Page_Reevio Video Maker/Editor/Text Color/input_RGB_texthex-color'

2020-02-07 15:27:21 - [TEST_STEP][PASSED] - click(findTestObject("Page_Reevio Video Maker/Editor/Text Color/button_Apply")): Object: 'Object Repository/Page_Reevio Video Maker/Editor/Text Color/button_Apply' is clicked on

2020-02-07 15:27:22 - [MESSAGE][PASSED] - Object: 'Object Repository/Page_Reevio Video Maker/Editor/Text Color/button_Apply' is clicked on

2020-02-07 15:27:22 - [TEST_STEP][PASSED] - maxlength = 0: null

2020-02-07 15:27:22 - [TEST_STEP][PASSED] - if (verifyElementInViewport(findTestObject("Page_Reevio Video Maker/Editor/Test Text fields/a_Text " + j), 0) == true): null

2020-02-07 15:27:22 - [MESSAGE][WARNING] - Timeout '0' is invalid. Using default page load timeout: '1'

2020-02-07 15:27:22 - [MESSAGE][PASSED] - Object 'Object Repository/Page_Reevio Video Maker/Editor/Test Text fields/a_Text 2' is present and visible in viewport

2020-02-07 15:27:22 - [TEST_STEP][PASSED] - doubleClick(findTestObject("Page_Reevio Video Maker/Editor/Test Text fields/a_Text " + j)): Object: 'Object Repository/Page_Reevio Video Maker/Editor/Test Text fields/a_Text 2' is double clicked on

2020-02-07 15:27:23 - [MESSAGE][PASSED] - Object: 'Object Repository/Page_Reevio Video Maker/Editor/Test Text fields/a_Text 2' is double clicked on

2020-02-07 15:27:23 - [TEST_STEP][PASSED] - maxlength = getAttribute(findTestObject("Page_Reevio Video Maker/Editor/Test Text fields/a_Text " + j), "data-maxlength"): Attribute 'data-maxlength' of object 'Object Repository/Page_Reevio Video Maker/Editor/Test Text fields/a_Text 2' is: '40'

2020-02-07 15:27:23 - [MESSAGE][PASSED] - Attribute 'data-maxlength' of object 'Object Repository/Page_Reevio Video Maker/Editor/Test Text fields/a_Text 2' is: '40'

2020-02-07 15:27:23 - [TEST_STEP][PASSED] - clearText(findTestObject("Page_Reevio Video Maker/Editor/Text Editor/input_Enable text_cinput"), CONTINUE_ON_FAILURE): Text of object 'Object Repository/Page_Reevio Video Maker/Editor/Text Editor/input_Enable text_cinput' is cleared

2020-02-07 15:27:24 - [MESSAGE][PASSED] - Text of object 'Object Repository/Page_Reevio Video Maker/Editor/Text Editor/input_Enable text_cinput' is cleared

2020-02-07 15:27:24 - [TEST_STEP][PASSED] - setText(findTestObject("Page_Reevio Video Maker/Editor/Text Editor/input_Enable text_cinput"), findTestData("vavowDate").getValue(1, 6)): Text 'A beige fox jumps.' is set on object 'Object Repository/Page_Reevio Video Maker/Editor/Text Editor/input_Enable text_cinput'

2020-02-07 15:27:27 - [MESSAGE][PASSED] - Text 'A beige fox jumps.' is set on object 'Object Repository/Page_Reevio Video Maker/Editor/Text Editor/input_Enable text_cinput'

2020-02-07 15:27:27 - [TEST_STEP][PASSED] - click(findTestObject("Page_Reevio Video Maker/Editor/Text Editor/span_Save")): Object: 'Object Repository/Page_Reevio Video Maker/Editor/Text Editor/span_Save' is clicked on

2020-02-07 15:27:28 - [MESSAGE][PASSED] - Object: 'Object Repository/Page_Reevio Video Maker/Editor/Text Editor/span_Save' is clicked on

2020-02-07 15:27:28 - [TEST_STEP][PASSED] - click(findTestObject("Page_Reevio Video Maker/Editor/Text Color/span_Shadows Into Light_minicolors-swatch-color")): Object: 'Object Repository/Page_Reevio Video Maker/Editor/Text Color/span_Shadows Into Light_minicolors-swatch-color' is clicked on

2020-02-07 15:27:28 - [MESSAGE][PASSED] - Object: 'Object Repository/Page_Reevio Video Maker/Editor/Text Color/span_Shadows Into Light_minicolors-swatch-color' is clicked on

2020-02-07 15:27:28 - [TEST_STEP][PASSED] - clearText(findTestObject("Page_Reevio Video Maker/Editor/Text Color/input_RGB_texthex-color")): Text of object 'Object Repository/Page_Reevio Video Maker/Editor/Text Color/input_RGB_texthex-color' is cleared

2020-02-07 15:27:29 - [MESSAGE][PASSED] - Text of object 'Object Repository/Page_Reevio Video Maker/Editor/Text Color/input_RGB_texthex-color' is cleared

2020-02-07 15:27:29 - [TEST_STEP][PASSED] - setText(findTestObject("Page_Reevio Video Maker/Editor/Text Color/input_RGB_texthex-color"), findTestData("vavowDate").getValue(7, 1)): Text '#67FF4C' is set on object 'Object Repository/Page_Reevio Video Maker/Editor/Text Color/input_RGB_texthex-color'

2020-02-07 15:27:31 - [MESSAGE][PASSED] - Text '#67FF4C' is set on object 'Object Repository/Page_Reevio Video Maker/Editor/Text Color/input_RGB_texthex-color'

2020-02-07 15:27:31 - [TEST_STEP][PASSED] - click(findTestObject("Page_Reevio Video Maker/Editor/Text Color/button_Apply")): Object: 'Object Repository/Page_Reevio Video Maker/Editor/Text Color/button_Apply' is clicked on

2020-02-07 15:27:32 - [MESSAGE][PASSED] - Object: 'Object Repository/Page_Reevio Video Maker/Editor/Text Color/button_Apply' is clicked on

2020-02-07 15:27:32 - [TEST_STEP][PASSED] - maxlength = 0: null

2020-02-07 15:27:32 - [TEST_STEP][FAILED] - if (verifyElementInViewport(findTestObject("Page_Reevio Video Maker/Editor/Test Text fields/a_Text " + j), 0) == true): Object 'Object Repository/Page_Reevio Video Maker/Editor/Test Text fields/a_Text 3' is not present (Root cause: com.kms.katalon.core.exception.StepFailedException: Object 'Object Repository/Page_Reevio Video Maker/Editor/Test Text fields/a_Text 3' is not present
	at com.kms.katalon.core.webui.keyword.internal.WebUIKeywordMain.stepFailed(WebUIKeywordMain.groovy:64)
	at com.kms.katalon.core.webui.keyword.builtin.VerifyElementVisibleInViewportKeyword$_verifyElementVisibleInViewport_closure1.doCall(VerifyElementVisibleInViewportKeyword.groovy:83)
	at com.kms.katalon.core.webui.keyword.builtin.VerifyElementVisibleInViewportKeyword$_verifyElementVisibleInViewport_closure1.call(VerifyElementVisibleInViewportKeyword.groovy)
	at com.kms.katalon.core.webui.keyword.internal.WebUIKeywordMain.runKeyword(WebUIKeywordMain.groovy:20)
	at com.kms.katalon.core.webui.keyword.builtin.VerifyElementVisibleInViewportKeyword.verifyElementVisibleInViewport(VerifyElementVisibleInViewportKeyword.groovy:86)
	at com.kms.katalon.core.webui.keyword.builtin.VerifyElementVisibleInViewportKeyword.execute(VerifyElementVisibleInViewportKeyword.groovy:68)
	at com.kms.katalon.core.keyword.internal.KeywordExecutor.executeKeywordForPlatform(KeywordExecutor.groovy:72)
	at com.kms.katalon.core.webui.keyword.WebUiBuiltInKeywords.verifyElementInViewport(WebUiBuiltInKeywords.groovy:3039)
	at com.kms.katalon.core.webui.keyword.WebUiBuiltInKeywords$verifyElementInViewport$14.call(Unknown Source)
	at Text adding Min and COLOR (1-30)sc.run(Text adding Min and COLOR (1-30)sc:30)
	at com.kms.katalon.core.main.ScriptEngine.run(ScriptEngine.java:194)
	at com.kms.katalon.core.main.ScriptEngine.runScriptAsRawText(ScriptEngine.java:119)
	at com.kms.katalon.core.main.TestCaseExecutor.runScript(TestCaseExecutor.java:337)
	at com.kms.katalon.core.main.TestCaseExecutor.doExecute(TestCaseExecutor.java:328)
	at com.kms.katalon.core.main.TestCaseExecutor.processExecutionPhase(TestCaseExecutor.java:307)
	at com.kms.katalon.core.main.TestCaseExecutor.accessMainPhase(TestCaseExecutor.java:299)
	at com.kms.katalon.core.main.TestCaseExecutor.execute(TestCaseExecutor.java:233)
	at com.kms.katalon.core.main.TestSuiteExecutor.accessTestCaseMainPhase(TestSuiteExecutor.java:169)
	at com.kms.katalon.core.main.TestSuiteExecutor.accessTestSuiteMainPhase(TestSuiteExecutor.java:142)
	at com.kms.katalon.core.main.TestSuiteExecutor.execute(TestSuiteExecutor.java:91)
	at com.kms.katalon.core.main.TestCaseMain.startTestSuite(TestCaseMain.java:157)
	at com.kms.katalon.core.main.TestCaseMain$startTestSuite$0.call(Unknown Source)
	at TempTestSuite1581081710748.run(TempTestSuite1581081710748.groovy:36)
)

2020-02-07 15:27:32 - [MESSAGE][WARNING] - Timeout '0' is invalid. Using default page load timeout: '1'

2020-02-07 15:27:33 - [MESSAGE][INFO] - Unable to find the element located by 'By.xpath: (//div[@class='current-slide active-slide']//*[@id="anchor_input"])[3]'. Please recheck the objects properties to make sure the desired element is located. 

2020-02-07 15:27:33 - [MESSAGE][FAILED] - Object 'Object Repository/Page_Reevio Video Maker/Editor/Test Text fields/a_Text 3' is not present (Root cause: com.kms.katalon.core.exception.StepFailedException: Object 'Object Repository/Page_Reevio Video Maker/Editor/Test Text fields/a_Text 3' is not present
	at com.kms.katalon.core.webui.keyword.internal.WebUIKeywordMain.stepFailed(WebUIKeywordMain.groovy:64)
	at com.kms.katalon.core.webui.keyword.builtin.VerifyElementVisibleInViewportKeyword$_verifyElementVisibleInViewport_closure1.doCall(VerifyElementVisibleInViewportKeyword.groovy:83)
	at com.kms.katalon.core.webui.keyword.builtin.VerifyElementVisibleInViewportKeyword$_verifyElementVisibleInViewport_closure1.call(VerifyElementVisibleInViewportKeyword.groovy)
	at com.kms.katalon.core.webui.keyword.internal.WebUIKeywordMain.runKeyword(WebUIKeywordMain.groovy:20)
	at com.kms.katalon.core.webui.keyword.builtin.VerifyElementVisibleInViewportKeyword.verifyElementVisibleInViewport(VerifyElementVisibleInViewportKeyword.groovy:86)
	at com.kms.katalon.core.webui.keyword.builtin.VerifyElementVisibleInViewportKeyword.execute(VerifyElementVisibleInViewportKeyword.groovy:68)
	at com.kms.katalon.core.keyword.internal.KeywordExecutor.executeKeywordForPlatform(KeywordExecutor.groovy:72)
	at com.kms.katalon.core.webui.keyword.WebUiBuiltInKeywords.verifyElementInViewport(WebUiBuiltInKeywords.groovy:3039)
	at com.kms.katalon.core.webui.keyword.WebUiBuiltInKeywords$verifyElementInViewport$14.call(Unknown Source)
	at Text adding Min and COLOR (1-30)sc.run(Text adding Min and COLOR (1-30)sc:30)
	at com.kms.katalon.core.main.ScriptEngine.run(ScriptEngine.java:194)
	at com.kms.katalon.core.main.ScriptEngine.runScriptAsRawText(ScriptEngine.java:119)
	at com.kms.katalon.core.main.TestCaseExecutor.runScript(TestCaseExecutor.java:337)
	at com.kms.katalon.core.main.TestCaseExecutor.doExecute(TestCaseExecutor.java:328)
	at com.kms.katalon.core.main.TestCaseExecutor.processExecutionPhase(TestCaseExecutor.java:307)
	at com.kms.katalon.core.main.TestCaseExecutor.accessMainPhase(TestCaseExecutor.java:299)
	at com.kms.katalon.core.main.TestCaseExecutor.execute(TestCaseExecutor.java:233)
	at com.kms.katalon.core.main.TestSuiteExecutor.accessTestCaseMainPhase(TestSuiteExecutor.java:169)
	at com.kms.katalon.core.main.TestSuiteExecutor.accessTestSuiteMainPhase(TestSuiteExecutor.java:142)
	at com.kms.katalon.core.main.TestSuiteExecutor.execute(TestSuiteExecutor.java:91)
	at com.kms.katalon.core.main.TestCaseMain.startTestSuite(TestCaseMain.java:157)
	at com.kms.katalon.core.main.TestCaseMain$startTestSuite$0.call(Unknown Source)
	at TempTestSuite1581081710748.run(TempTestSuite1581081710748.groovy:36)
)

2020-02-07 15:27:33 - [TEST_STEP][PASSED] - else: null

2020-02-07 15:27:33 - [TEST_STEP][PASSED] - break: null

2020-02-07 15:27:33 - [TEST_STEP][PASSED] - if (verifyElementPresent(findTestObject("Page_Reevio Video Maker/Editor_Scene_" + i), 0) == true): null

2020-02-07 15:27:34 - [MESSAGE][WARNING] - Timeout '0' is invalid. Using default page load timeout: '1'

2020-02-07 15:27:34 - [MESSAGE][PASSED] - Object 'Object Repository/Page_Reevio Video Maker/Editor_Scene_4' is present

2020-02-07 15:27:34 - [TEST_STEP][PASSED] - doubleClick(findTestObject("Page_Reevio Video Maker/Editor_Scene_" + i)): Object: 'Object Repository/Page_Reevio Video Maker/Editor_Scene_4' is double clicked on

2020-02-07 15:27:36 - [MESSAGE][PASSED] - Object: 'Object Repository/Page_Reevio Video Maker/Editor_Scene_4' is double clicked on

2020-02-07 15:27:36 - [TEST_STEP][PASSED] - delay(1): Delayed 1 second(s)

2020-02-07 15:27:37 - [MESSAGE][PASSED] - Delayed 1 second(s)

2020-02-07 15:27:37 - [TEST_STEP][FAILED] - for ([j = 1, j < 7, (j++)]): null

2020-02-07 15:27:37 - [TEST_STEP][PASSED] - if (verifyElementInViewport(findTestObject("Page_Reevio Video Maker/Editor/Test Text fields/a_Text " + j), 0) == true): null

2020-02-07 15:27:38 - [MESSAGE][WARNING] - Timeout '0' is invalid. Using default page load timeout: '1'

2020-02-07 15:27:39 - [MESSAGE][PASSED] - Object 'Object Repository/Page_Reevio Video Maker/Editor/Test Text fields/a_Text 1' is present and visible in viewport

2020-02-07 15:27:39 - [TEST_STEP][PASSED] - doubleClick(findTestObject("Page_Reevio Video Maker/Editor/Test Text fields/a_Text " + j)): Object: 'Object Repository/Page_Reevio Video Maker/Editor/Test Text fields/a_Text 1' is double clicked on

2020-02-07 15:27:40 - [MESSAGE][PASSED] - Object: 'Object Repository/Page_Reevio Video Maker/Editor/Test Text fields/a_Text 1' is double clicked on

2020-02-07 15:27:40 - [TEST_STEP][PASSED] - maxlength = getAttribute(findTestObject("Page_Reevio Video Maker/Editor/Test Text fields/a_Text " + j), "data-maxlength"): Attribute 'data-maxlength' of object 'Object Repository/Page_Reevio Video Maker/Editor/Test Text fields/a_Text 1' is: '45'

2020-02-07 15:27:40 - [MESSAGE][PASSED] - Attribute 'data-maxlength' of object 'Object Repository/Page_Reevio Video Maker/Editor/Test Text fields/a_Text 1' is: '45'

2020-02-07 15:27:40 - [TEST_STEP][PASSED] - clearText(findTestObject("Page_Reevio Video Maker/Editor/Text Editor/input_Enable text_cinput"), CONTINUE_ON_FAILURE): Text of object 'Object Repository/Page_Reevio Video Maker/Editor/Text Editor/input_Enable text_cinput' is cleared

2020-02-07 15:27:41 - [MESSAGE][PASSED] - Text of object 'Object Repository/Page_Reevio Video Maker/Editor/Text Editor/input_Enable text_cinput' is cleared

2020-02-07 15:27:41 - [TEST_STEP][PASSED] - setText(findTestObject("Page_Reevio Video Maker/Editor/Text Editor/input_Enable text_cinput"), findTestData("vavowDate").getValue(1, 6)): Text 'A beige fox jumps.' is set on object 'Object Repository/Page_Reevio Video Maker/Editor/Text Editor/input_Enable text_cinput'

2020-02-07 15:27:46 - [MESSAGE][PASSED] - Text 'A beige fox jumps.' is set on object 'Object Repository/Page_Reevio Video Maker/Editor/Text Editor/input_Enable text_cinput'

2020-02-07 15:27:46 - [TEST_STEP][PASSED] - click(findTestObject("Page_Reevio Video Maker/Editor/Text Editor/span_Save")): Object: 'Object Repository/Page_Reevio Video Maker/Editor/Text Editor/span_Save' is clicked on

2020-02-07 15:27:47 - [MESSAGE][PASSED] - Object: 'Object Repository/Page_Reevio Video Maker/Editor/Text Editor/span_Save' is clicked on

2020-02-07 15:27:47 - [TEST_STEP][PASSED] - click(findTestObject("Page_Reevio Video Maker/Editor/Text Color/span_Shadows Into Light_minicolors-swatch-color")): Object: 'Object Repository/Page_Reevio Video Maker/Editor/Text Color/span_Shadows Into Light_minicolors-swatch-color' is clicked on

2020-02-07 15:27:48 - [MESSAGE][PASSED] - Object: 'Object Repository/Page_Reevio Video Maker/Editor/Text Color/span_Shadows Into Light_minicolors-swatch-color' is clicked on

2020-02-07 15:27:48 - [TEST_STEP][PASSED] - clearText(findTestObject("Page_Reevio Video Maker/Editor/Text Color/input_RGB_texthex-color")): Text of object 'Object Repository/Page_Reevio Video Maker/Editor/Text Color/input_RGB_texthex-color' is cleared

2020-02-07 15:27:49 - [MESSAGE][PASSED] - Text of object 'Object Repository/Page_Reevio Video Maker/Editor/Text Color/input_RGB_texthex-color' is cleared

2020-02-07 15:27:49 - [TEST_STEP][PASSED] - setText(findTestObject("Page_Reevio Video Maker/Editor/Text Color/input_RGB_texthex-color"), findTestData("vavowDate").getValue(7, 1)): Text '#67FF4C' is set on object 'Object Repository/Page_Reevio Video Maker/Editor/Text Color/input_RGB_texthex-color'

2020-02-07 15:27:51 - [MESSAGE][PASSED] - Text '#67FF4C' is set on object 'Object Repository/Page_Reevio Video Maker/Editor/Text Color/input_RGB_texthex-color'

2020-02-07 15:27:51 - [TEST_STEP][PASSED] - click(findTestObject("Page_Reevio Video Maker/Editor/Text Color/button_Apply")): Object: 'Object Repository/Page_Reevio Video Maker/Editor/Text Color/button_Apply' is clicked on

2020-02-07 15:27:52 - [MESSAGE][PASSED] - Object: 'Object Repository/Page_Reevio Video Maker/Editor/Text Color/button_Apply' is clicked on

2020-02-07 15:27:52 - [TEST_STEP][PASSED] - maxlength = 0: null

2020-02-07 15:27:52 - [TEST_STEP][PASSED] - if (verifyElementInViewport(findTestObject("Page_Reevio Video Maker/Editor/Test Text fields/a_Text " + j), 0) == true): null

2020-02-07 15:27:53 - [MESSAGE][WARNING] - Timeout '0' is invalid. Using default page load timeout: '1'

2020-02-07 15:27:53 - [MESSAGE][PASSED] - Object 'Object Repository/Page_Reevio Video Maker/Editor/Test Text fields/a_Text 2' is present and visible in viewport

2020-02-07 15:27:53 - [TEST_STEP][PASSED] - doubleClick(findTestObject("Page_Reevio Video Maker/Editor/Test Text fields/a_Text " + j)): Object: 'Object Repository/Page_Reevio Video Maker/Editor/Test Text fields/a_Text 2' is double clicked on

2020-02-07 15:27:54 - [MESSAGE][PASSED] - Object: 'Object Repository/Page_Reevio Video Maker/Editor/Test Text fields/a_Text 2' is double clicked on

2020-02-07 15:27:54 - [TEST_STEP][PASSED] - maxlength = getAttribute(findTestObject("Page_Reevio Video Maker/Editor/Test Text fields/a_Text " + j), "data-maxlength"): Attribute 'data-maxlength' of object 'Object Repository/Page_Reevio Video Maker/Editor/Test Text fields/a_Text 2' is: '60'

2020-02-07 15:27:54 - [MESSAGE][PASSED] - Attribute 'data-maxlength' of object 'Object Repository/Page_Reevio Video Maker/Editor/Test Text fields/a_Text 2' is: '60'

2020-02-07 15:27:54 - [TEST_STEP][PASSED] - clearText(findTestObject("Page_Reevio Video Maker/Editor/Text Editor/input_Enable text_cinput"), CONTINUE_ON_FAILURE): Text of object 'Object Repository/Page_Reevio Video Maker/Editor/Text Editor/input_Enable text_cinput' is cleared

2020-02-07 15:27:55 - [MESSAGE][PASSED] - Text of object 'Object Repository/Page_Reevio Video Maker/Editor/Text Editor/input_Enable text_cinput' is cleared

2020-02-07 15:27:55 - [TEST_STEP][PASSED] - setText(findTestObject("Page_Reevio Video Maker/Editor/Text Editor/input_Enable text_cinput"), findTestData("vavowDate").getValue(1, 6)): Text 'A beige fox jumps.' is set on object 'Object Repository/Page_Reevio Video Maker/Editor/Text Editor/input_Enable text_cinput'

2020-02-07 15:27:58 - [MESSAGE][PASSED] - Text 'A beige fox jumps.' is set on object 'Object Repository/Page_Reevio Video Maker/Editor/Text Editor/input_Enable text_cinput'

2020-02-07 15:27:58 - [TEST_STEP][PASSED] - click(findTestObject("Page_Reevio Video Maker/Editor/Text Editor/span_Save")): Object: 'Object Repository/Page_Reevio Video Maker/Editor/Text Editor/span_Save' is clicked on

2020-02-07 15:27:58 - [MESSAGE][PASSED] - Object: 'Object Repository/Page_Reevio Video Maker/Editor/Text Editor/span_Save' is clicked on

2020-02-07 15:27:58 - [TEST_STEP][PASSED] - click(findTestObject("Page_Reevio Video Maker/Editor/Text Color/span_Shadows Into Light_minicolors-swatch-color")): Object: 'Object Repository/Page_Reevio Video Maker/Editor/Text Color/span_Shadows Into Light_minicolors-swatch-color' is clicked on

2020-02-07 15:27:59 - [MESSAGE][PASSED] - Object: 'Object Repository/Page_Reevio Video Maker/Editor/Text Color/span_Shadows Into Light_minicolors-swatch-color' is clicked on

2020-02-07 15:27:59 - [TEST_STEP][PASSED] - clearText(findTestObject("Page_Reevio Video Maker/Editor/Text Color/input_RGB_texthex-color")): Text of object 'Object Repository/Page_Reevio Video Maker/Editor/Text Color/input_RGB_texthex-color' is cleared

2020-02-07 15:28:00 - [MESSAGE][PASSED] - Text of object 'Object Repository/Page_Reevio Video Maker/Editor/Text Color/input_RGB_texthex-color' is cleared

2020-02-07 15:28:00 - [TEST_STEP][PASSED] - setText(findTestObject("Page_Reevio Video Maker/Editor/Text Color/input_RGB_texthex-color"), findTestData("vavowDate").getValue(7, 1)): Text '#67FF4C' is set on object 'Object Repository/Page_Reevio Video Maker/Editor/Text Color/input_RGB_texthex-color'

2020-02-07 15:28:01 - [MESSAGE][PASSED] - Text '#67FF4C' is set on object 'Object Repository/Page_Reevio Video Maker/Editor/Text Color/input_RGB_texthex-color'

2020-02-07 15:28:01 - [TEST_STEP][PASSED] - click(findTestObject("Page_Reevio Video Maker/Editor/Text Color/button_Apply")): Object: 'Object Repository/Page_Reevio Video Maker/Editor/Text Color/button_Apply' is clicked on

2020-02-07 15:28:02 - [MESSAGE][PASSED] - Object: 'Object Repository/Page_Reevio Video Maker/Editor/Text Color/button_Apply' is clicked on

2020-02-07 15:28:02 - [TEST_STEP][PASSED] - maxlength = 0: null

2020-02-07 15:28:02 - [TEST_STEP][FAILED] - if (verifyElementInViewport(findTestObject("Page_Reevio Video Maker/Editor/Test Text fields/a_Text " + j), 0) == true): Object 'Object Repository/Page_Reevio Video Maker/Editor/Test Text fields/a_Text 3' is not present (Root cause: com.kms.katalon.core.exception.StepFailedException: Object 'Object Repository/Page_Reevio Video Maker/Editor/Test Text fields/a_Text 3' is not present
	at com.kms.katalon.core.webui.keyword.internal.WebUIKeywordMain.stepFailed(WebUIKeywordMain.groovy:64)
	at com.kms.katalon.core.webui.keyword.builtin.VerifyElementVisibleInViewportKeyword$_verifyElementVisibleInViewport_closure1.doCall(VerifyElementVisibleInViewportKeyword.groovy:83)
	at com.kms.katalon.core.webui.keyword.builtin.VerifyElementVisibleInViewportKeyword$_verifyElementVisibleInViewport_closure1.call(VerifyElementVisibleInViewportKeyword.groovy)
	at com.kms.katalon.core.webui.keyword.internal.WebUIKeywordMain.runKeyword(WebUIKeywordMain.groovy:20)
	at com.kms.katalon.core.webui.keyword.builtin.VerifyElementVisibleInViewportKeyword.verifyElementVisibleInViewport(VerifyElementVisibleInViewportKeyword.groovy:86)
	at com.kms.katalon.core.webui.keyword.builtin.VerifyElementVisibleInViewportKeyword.execute(VerifyElementVisibleInViewportKeyword.groovy:68)
	at com.kms.katalon.core.keyword.internal.KeywordExecutor.executeKeywordForPlatform(KeywordExecutor.groovy:72)
	at com.kms.katalon.core.webui.keyword.WebUiBuiltInKeywords.verifyElementInViewport(WebUiBuiltInKeywords.groovy:3039)
	at com.kms.katalon.core.webui.keyword.WebUiBuiltInKeywords$verifyElementInViewport$14.call(Unknown Source)
	at Text adding Min and COLOR (1-30)sc.run(Text adding Min and COLOR (1-30)sc:30)
	at com.kms.katalon.core.main.ScriptEngine.run(ScriptEngine.java:194)
	at com.kms.katalon.core.main.ScriptEngine.runScriptAsRawText(ScriptEngine.java:119)
	at com.kms.katalon.core.main.TestCaseExecutor.runScript(TestCaseExecutor.java:337)
	at com.kms.katalon.core.main.TestCaseExecutor.doExecute(TestCaseExecutor.java:328)
	at com.kms.katalon.core.main.TestCaseExecutor.processExecutionPhase(TestCaseExecutor.java:307)
	at com.kms.katalon.core.main.TestCaseExecutor.accessMainPhase(TestCaseExecutor.java:299)
	at com.kms.katalon.core.main.TestCaseExecutor.execute(TestCaseExecutor.java:233)
	at com.kms.katalon.core.main.TestSuiteExecutor.accessTestCaseMainPhase(TestSuiteExecutor.java:169)
	at com.kms.katalon.core.main.TestSuiteExecutor.accessTestSuiteMainPhase(TestSuiteExecutor.java:142)
	at com.kms.katalon.core.main.TestSuiteExecutor.execute(TestSuiteExecutor.java:91)
	at com.kms.katalon.core.main.TestCaseMain.startTestSuite(TestCaseMain.java:157)
	at com.kms.katalon.core.main.TestCaseMain$startTestSuite$0.call(Unknown Source)
	at TempTestSuite1581081710748.run(TempTestSuite1581081710748.groovy:36)
)

2020-02-07 15:28:02 - [MESSAGE][WARNING] - Timeout '0' is invalid. Using default page load timeout: '1'

2020-02-07 15:28:04 - [MESSAGE][INFO] - Unable to find the element located by 'By.xpath: (//div[@class='current-slide active-slide']//*[@id="anchor_input"])[3]'. Please recheck the objects properties to make sure the desired element is located. 

2020-02-07 15:28:04 - [MESSAGE][FAILED] - Object 'Object Repository/Page_Reevio Video Maker/Editor/Test Text fields/a_Text 3' is not present (Root cause: com.kms.katalon.core.exception.StepFailedException: Object 'Object Repository/Page_Reevio Video Maker/Editor/Test Text fields/a_Text 3' is not present
	at com.kms.katalon.core.webui.keyword.internal.WebUIKeywordMain.stepFailed(WebUIKeywordMain.groovy:64)
	at com.kms.katalon.core.webui.keyword.builtin.VerifyElementVisibleInViewportKeyword$_verifyElementVisibleInViewport_closure1.doCall(VerifyElementVisibleInViewportKeyword.groovy:83)
	at com.kms.katalon.core.webui.keyword.builtin.VerifyElementVisibleInViewportKeyword$_verifyElementVisibleInViewport_closure1.call(VerifyElementVisibleInViewportKeyword.groovy)
	at com.kms.katalon.core.webui.keyword.internal.WebUIKeywordMain.runKeyword(WebUIKeywordMain.groovy:20)
	at com.kms.katalon.core.webui.keyword.builtin.VerifyElementVisibleInViewportKeyword.verifyElementVisibleInViewport(VerifyElementVisibleInViewportKeyword.groovy:86)
	at com.kms.katalon.core.webui.keyword.builtin.VerifyElementVisibleInViewportKeyword.execute(VerifyElementVisibleInViewportKeyword.groovy:68)
	at com.kms.katalon.core.keyword.internal.KeywordExecutor.executeKeywordForPlatform(KeywordExecutor.groovy:72)
	at com.kms.katalon.core.webui.keyword.WebUiBuiltInKeywords.verifyElementInViewport(WebUiBuiltInKeywords.groovy:3039)
	at com.kms.katalon.core.webui.keyword.WebUiBuiltInKeywords$verifyElementInViewport$14.call(Unknown Source)
	at Text adding Min and COLOR (1-30)sc.run(Text adding Min and COLOR (1-30)sc:30)
	at com.kms.katalon.core.main.ScriptEngine.run(ScriptEngine.java:194)
	at com.kms.katalon.core.main.ScriptEngine.runScriptAsRawText(ScriptEngine.java:119)
	at com.kms.katalon.core.main.TestCaseExecutor.runScript(TestCaseExecutor.java:337)
	at com.kms.katalon.core.main.TestCaseExecutor.doExecute(TestCaseExecutor.java:328)
	at com.kms.katalon.core.main.TestCaseExecutor.processExecutionPhase(TestCaseExecutor.java:307)
	at com.kms.katalon.core.main.TestCaseExecutor.accessMainPhase(TestCaseExecutor.java:299)
	at com.kms.katalon.core.main.TestCaseExecutor.execute(TestCaseExecutor.java:233)
	at com.kms.katalon.core.main.TestSuiteExecutor.accessTestCaseMainPhase(TestSuiteExecutor.java:169)
	at com.kms.katalon.core.main.TestSuiteExecutor.accessTestSuiteMainPhase(TestSuiteExecutor.java:142)
	at com.kms.katalon.core.main.TestSuiteExecutor.execute(TestSuiteExecutor.java:91)
	at com.kms.katalon.core.main.TestCaseMain.startTestSuite(TestCaseMain.java:157)
	at com.kms.katalon.core.main.TestCaseMain$startTestSuite$0.call(Unknown Source)
	at TempTestSuite1581081710748.run(TempTestSuite1581081710748.groovy:36)
)

2020-02-07 15:28:04 - [TEST_STEP][PASSED] - else: null

2020-02-07 15:28:04 - [TEST_STEP][PASSED] - break: null

2020-02-07 15:28:04 - [TEST_STEP][PASSED] - if (verifyElementPresent(findTestObject("Page_Reevio Video Maker/Editor_Scene_" + i), 0) == true): null

2020-02-07 15:28:04 - [MESSAGE][WARNING] - Timeout '0' is invalid. Using default page load timeout: '1'

2020-02-07 15:28:04 - [MESSAGE][PASSED] - Object 'Object Repository/Page_Reevio Video Maker/Editor_Scene_5' is present

2020-02-07 15:28:04 - [TEST_STEP][PASSED] - doubleClick(findTestObject("Page_Reevio Video Maker/Editor_Scene_" + i)): Object: 'Object Repository/Page_Reevio Video Maker/Editor_Scene_5' is double clicked on

2020-02-07 15:28:05 - [MESSAGE][PASSED] - Object: 'Object Repository/Page_Reevio Video Maker/Editor_Scene_5' is double clicked on

2020-02-07 15:28:05 - [TEST_STEP][PASSED] - delay(1): Delayed 1 second(s)

2020-02-07 15:28:06 - [MESSAGE][PASSED] - Delayed 1 second(s)

2020-02-07 15:28:06 - [TEST_STEP][FAILED] - for ([j = 1, j < 7, (j++)]): null

2020-02-07 15:28:06 - [TEST_STEP][PASSED] - if (verifyElementInViewport(findTestObject("Page_Reevio Video Maker/Editor/Test Text fields/a_Text " + j), 0) == true): null

2020-02-07 15:28:07 - [MESSAGE][WARNING] - Timeout '0' is invalid. Using default page load timeout: '1'

2020-02-07 15:28:07 - [MESSAGE][PASSED] - Object 'Object Repository/Page_Reevio Video Maker/Editor/Test Text fields/a_Text 1' is present and visible in viewport

2020-02-07 15:28:07 - [TEST_STEP][PASSED] - doubleClick(findTestObject("Page_Reevio Video Maker/Editor/Test Text fields/a_Text " + j)): Object: 'Object Repository/Page_Reevio Video Maker/Editor/Test Text fields/a_Text 1' is double clicked on

2020-02-07 15:28:08 - [MESSAGE][PASSED] - Object: 'Object Repository/Page_Reevio Video Maker/Editor/Test Text fields/a_Text 1' is double clicked on

2020-02-07 15:28:08 - [TEST_STEP][PASSED] - maxlength = getAttribute(findTestObject("Page_Reevio Video Maker/Editor/Test Text fields/a_Text " + j), "data-maxlength"): Attribute 'data-maxlength' of object 'Object Repository/Page_Reevio Video Maker/Editor/Test Text fields/a_Text 1' is: '70'

2020-02-07 15:28:08 - [MESSAGE][PASSED] - Attribute 'data-maxlength' of object 'Object Repository/Page_Reevio Video Maker/Editor/Test Text fields/a_Text 1' is: '70'

2020-02-07 15:28:08 - [TEST_STEP][PASSED] - clearText(findTestObject("Page_Reevio Video Maker/Editor/Text Editor/input_Enable text_cinput"), CONTINUE_ON_FAILURE): Text of object 'Object Repository/Page_Reevio Video Maker/Editor/Text Editor/input_Enable text_cinput' is cleared

2020-02-07 15:28:09 - [MESSAGE][PASSED] - Text of object 'Object Repository/Page_Reevio Video Maker/Editor/Text Editor/input_Enable text_cinput' is cleared

2020-02-07 15:28:09 - [TEST_STEP][PASSED] - setText(findTestObject("Page_Reevio Video Maker/Editor/Text Editor/input_Enable text_cinput"), findTestData("vavowDate").getValue(1, 6)): Text 'A beige fox jumps.' is set on object 'Object Repository/Page_Reevio Video Maker/Editor/Text Editor/input_Enable text_cinput'

2020-02-07 15:28:11 - [MESSAGE][PASSED] - Text 'A beige fox jumps.' is set on object 'Object Repository/Page_Reevio Video Maker/Editor/Text Editor/input_Enable text_cinput'

2020-02-07 15:28:11 - [TEST_STEP][PASSED] - click(findTestObject("Page_Reevio Video Maker/Editor/Text Editor/span_Save")): Object: 'Object Repository/Page_Reevio Video Maker/Editor/Text Editor/span_Save' is clicked on

2020-02-07 15:28:12 - [MESSAGE][PASSED] - Object: 'Object Repository/Page_Reevio Video Maker/Editor/Text Editor/span_Save' is clicked on

2020-02-07 15:28:12 - [TEST_STEP][PASSED] - click(findTestObject("Page_Reevio Video Maker/Editor/Text Color/span_Shadows Into Light_minicolors-swatch-color")): Object: 'Object Repository/Page_Reevio Video Maker/Editor/Text Color/span_Shadows Into Light_minicolors-swatch-color' is clicked on

2020-02-07 15:28:13 - [MESSAGE][PASSED] - Object: 'Object Repository/Page_Reevio Video Maker/Editor/Text Color/span_Shadows Into Light_minicolors-swatch-color' is clicked on

2020-02-07 15:28:13 - [TEST_STEP][PASSED] - clearText(findTestObject("Page_Reevio Video Maker/Editor/Text Color/input_RGB_texthex-color")): Text of object 'Object Repository/Page_Reevio Video Maker/Editor/Text Color/input_RGB_texthex-color' is cleared

2020-02-07 15:28:14 - [MESSAGE][PASSED] - Text of object 'Object Repository/Page_Reevio Video Maker/Editor/Text Color/input_RGB_texthex-color' is cleared

2020-02-07 15:28:14 - [TEST_STEP][PASSED] - setText(findTestObject("Page_Reevio Video Maker/Editor/Text Color/input_RGB_texthex-color"), findTestData("vavowDate").getValue(7, 1)): Text '#67FF4C' is set on object 'Object Repository/Page_Reevio Video Maker/Editor/Text Color/input_RGB_texthex-color'

2020-02-07 15:28:16 - [MESSAGE][PASSED] - Text '#67FF4C' is set on object 'Object Repository/Page_Reevio Video Maker/Editor/Text Color/input_RGB_texthex-color'

2020-02-07 15:28:16 - [TEST_STEP][PASSED] - click(findTestObject("Page_Reevio Video Maker/Editor/Text Color/button_Apply")): Object: 'Object Repository/Page_Reevio Video Maker/Editor/Text Color/button_Apply' is clicked on

2020-02-07 15:28:17 - [MESSAGE][PASSED] - Object: 'Object Repository/Page_Reevio Video Maker/Editor/Text Color/button_Apply' is clicked on

2020-02-07 15:28:17 - [TEST_STEP][PASSED] - maxlength = 0: null

2020-02-07 15:28:17 - [TEST_STEP][PASSED] - if (verifyElementInViewport(findTestObject("Page_Reevio Video Maker/Editor/Test Text fields/a_Text " + j), 0) == true): null

2020-02-07 15:28:17 - [MESSAGE][WARNING] - Timeout '0' is invalid. Using default page load timeout: '1'

2020-02-07 15:28:17 - [MESSAGE][PASSED] - Object 'Object Repository/Page_Reevio Video Maker/Editor/Test Text fields/a_Text 2' is present and visible in viewport

2020-02-07 15:28:17 - [TEST_STEP][PASSED] - doubleClick(findTestObject("Page_Reevio Video Maker/Editor/Test Text fields/a_Text " + j)): Object: 'Object Repository/Page_Reevio Video Maker/Editor/Test Text fields/a_Text 2' is double clicked on

2020-02-07 15:28:18 - [MESSAGE][PASSED] - Object: 'Object Repository/Page_Reevio Video Maker/Editor/Test Text fields/a_Text 2' is double clicked on

2020-02-07 15:28:18 - [TEST_STEP][PASSED] - maxlength = getAttribute(findTestObject("Page_Reevio Video Maker/Editor/Test Text fields/a_Text " + j), "data-maxlength"): Attribute 'data-maxlength' of object 'Object Repository/Page_Reevio Video Maker/Editor/Test Text fields/a_Text 2' is: '30'

2020-02-07 15:28:18 - [MESSAGE][PASSED] - Attribute 'data-maxlength' of object 'Object Repository/Page_Reevio Video Maker/Editor/Test Text fields/a_Text 2' is: '30'

2020-02-07 15:28:18 - [TEST_STEP][PASSED] - clearText(findTestObject("Page_Reevio Video Maker/Editor/Text Editor/input_Enable text_cinput"), CONTINUE_ON_FAILURE): Text of object 'Object Repository/Page_Reevio Video Maker/Editor/Text Editor/input_Enable text_cinput' is cleared

2020-02-07 15:28:19 - [MESSAGE][PASSED] - Text of object 'Object Repository/Page_Reevio Video Maker/Editor/Text Editor/input_Enable text_cinput' is cleared

2020-02-07 15:28:19 - [TEST_STEP][PASSED] - setText(findTestObject("Page_Reevio Video Maker/Editor/Text Editor/input_Enable text_cinput"), findTestData("vavowDate").getValue(1, 6)): Text 'A beige fox jumps.' is set on object 'Object Repository/Page_Reevio Video Maker/Editor/Text Editor/input_Enable text_cinput'

2020-02-07 15:28:23 - [MESSAGE][PASSED] - Text 'A beige fox jumps.' is set on object 'Object Repository/Page_Reevio Video Maker/Editor/Text Editor/input_Enable text_cinput'

2020-02-07 15:28:23 - [TEST_STEP][PASSED] - click(findTestObject("Page_Reevio Video Maker/Editor/Text Editor/span_Save")): Object: 'Object Repository/Page_Reevio Video Maker/Editor/Text Editor/span_Save' is clicked on

2020-02-07 15:28:24 - [MESSAGE][PASSED] - Object: 'Object Repository/Page_Reevio Video Maker/Editor/Text Editor/span_Save' is clicked on

2020-02-07 15:28:24 - [TEST_STEP][PASSED] - click(findTestObject("Page_Reevio Video Maker/Editor/Text Color/span_Shadows Into Light_minicolors-swatch-color")): Object: 'Object Repository/Page_Reevio Video Maker/Editor/Text Color/span_Shadows Into Light_minicolors-swatch-color' is clicked on

2020-02-07 15:28:25 - [MESSAGE][PASSED] - Object: 'Object Repository/Page_Reevio Video Maker/Editor/Text Color/span_Shadows Into Light_minicolors-swatch-color' is clicked on

2020-02-07 15:28:25 - [TEST_STEP][PASSED] - clearText(findTestObject("Page_Reevio Video Maker/Editor/Text Color/input_RGB_texthex-color")): Text of object 'Object Repository/Page_Reevio Video Maker/Editor/Text Color/input_RGB_texthex-color' is cleared

2020-02-07 15:28:26 - [MESSAGE][PASSED] - Text of object 'Object Repository/Page_Reevio Video Maker/Editor/Text Color/input_RGB_texthex-color' is cleared

2020-02-07 15:28:26 - [TEST_STEP][PASSED] - setText(findTestObject("Page_Reevio Video Maker/Editor/Text Color/input_RGB_texthex-color"), findTestData("vavowDate").getValue(7, 1)): Text '#67FF4C' is set on object 'Object Repository/Page_Reevio Video Maker/Editor/Text Color/input_RGB_texthex-color'

2020-02-07 15:28:28 - [MESSAGE][PASSED] - Text '#67FF4C' is set on object 'Object Repository/Page_Reevio Video Maker/Editor/Text Color/input_RGB_texthex-color'

2020-02-07 15:28:28 - [TEST_STEP][PASSED] - click(findTestObject("Page_Reevio Video Maker/Editor/Text Color/button_Apply")): Object: 'Object Repository/Page_Reevio Video Maker/Editor/Text Color/button_Apply' is clicked on

2020-02-07 15:28:29 - [MESSAGE][PASSED] - Object: 'Object Repository/Page_Reevio Video Maker/Editor/Text Color/button_Apply' is clicked on

2020-02-07 15:28:29 - [TEST_STEP][PASSED] - maxlength = 0: null

2020-02-07 15:28:29 - [TEST_STEP][PASSED] - if (verifyElementInViewport(findTestObject("Page_Reevio Video Maker/Editor/Test Text fields/a_Text " + j), 0) == true): null

2020-02-07 15:28:29 - [MESSAGE][WARNING] - Timeout '0' is invalid. Using default page load timeout: '1'

2020-02-07 15:28:30 - [MESSAGE][PASSED] - Object 'Object Repository/Page_Reevio Video Maker/Editor/Test Text fields/a_Text 3' is present and visible in viewport

2020-02-07 15:28:30 - [TEST_STEP][PASSED] - doubleClick(findTestObject("Page_Reevio Video Maker/Editor/Test Text fields/a_Text " + j)): Object: 'Object Repository/Page_Reevio Video Maker/Editor/Test Text fields/a_Text 3' is double clicked on

2020-02-07 15:28:31 - [MESSAGE][PASSED] - Object: 'Object Repository/Page_Reevio Video Maker/Editor/Test Text fields/a_Text 3' is double clicked on

2020-02-07 15:28:31 - [TEST_STEP][PASSED] - maxlength = getAttribute(findTestObject("Page_Reevio Video Maker/Editor/Test Text fields/a_Text " + j), "data-maxlength"): Attribute 'data-maxlength' of object 'Object Repository/Page_Reevio Video Maker/Editor/Test Text fields/a_Text 3' is: '35'

2020-02-07 15:28:32 - [MESSAGE][PASSED] - Attribute 'data-maxlength' of object 'Object Repository/Page_Reevio Video Maker/Editor/Test Text fields/a_Text 3' is: '35'

2020-02-07 15:28:32 - [TEST_STEP][PASSED] - clearText(findTestObject("Page_Reevio Video Maker/Editor/Text Editor/input_Enable text_cinput"), CONTINUE_ON_FAILURE): Text of object 'Object Repository/Page_Reevio Video Maker/Editor/Text Editor/input_Enable text_cinput' is cleared

2020-02-07 15:28:32 - [MESSAGE][PASSED] - Text of object 'Object Repository/Page_Reevio Video Maker/Editor/Text Editor/input_Enable text_cinput' is cleared

2020-02-07 15:28:32 - [TEST_STEP][PASSED] - setText(findTestObject("Page_Reevio Video Maker/Editor/Text Editor/input_Enable text_cinput"), findTestData("vavowDate").getValue(1, 6)): Text 'A beige fox jumps.' is set on object 'Object Repository/Page_Reevio Video Maker/Editor/Text Editor/input_Enable text_cinput'

2020-02-07 15:28:36 - [MESSAGE][PASSED] - Text 'A beige fox jumps.' is set on object 'Object Repository/Page_Reevio Video Maker/Editor/Text Editor/input_Enable text_cinput'

2020-02-07 15:28:36 - [TEST_STEP][PASSED] - click(findTestObject("Page_Reevio Video Maker/Editor/Text Editor/span_Save")): Object: 'Object Repository/Page_Reevio Video Maker/Editor/Text Editor/span_Save' is clicked on

2020-02-07 15:28:37 - [MESSAGE][PASSED] - Object: 'Object Repository/Page_Reevio Video Maker/Editor/Text Editor/span_Save' is clicked on

2020-02-07 15:28:37 - [TEST_STEP][PASSED] - click(findTestObject("Page_Reevio Video Maker/Editor/Text Color/span_Shadows Into Light_minicolors-swatch-color")): Object: 'Object Repository/Page_Reevio Video Maker/Editor/Text Color/span_Shadows Into Light_minicolors-swatch-color' is clicked on

2020-02-07 15:28:38 - [MESSAGE][PASSED] - Object: 'Object Repository/Page_Reevio Video Maker/Editor/Text Color/span_Shadows Into Light_minicolors-swatch-color' is clicked on

2020-02-07 15:28:38 - [TEST_STEP][PASSED] - clearText(findTestObject("Page_Reevio Video Maker/Editor/Text Color/input_RGB_texthex-color")): Text of object 'Object Repository/Page_Reevio Video Maker/Editor/Text Color/input_RGB_texthex-color' is cleared

2020-02-07 15:28:38 - [MESSAGE][PASSED] - Text of object 'Object Repository/Page_Reevio Video Maker/Editor/Text Color/input_RGB_texthex-color' is cleared

2020-02-07 15:28:38 - [TEST_STEP][PASSED] - setText(findTestObject("Page_Reevio Video Maker/Editor/Text Color/input_RGB_texthex-color"), findTestData("vavowDate").getValue(7, 1)): Text '#67FF4C' is set on object 'Object Repository/Page_Reevio Video Maker/Editor/Text Color/input_RGB_texthex-color'

2020-02-07 15:28:40 - [MESSAGE][PASSED] - Text '#67FF4C' is set on object 'Object Repository/Page_Reevio Video Maker/Editor/Text Color/input_RGB_texthex-color'

2020-02-07 15:28:40 - [TEST_STEP][PASSED] - click(findTestObject("Page_Reevio Video Maker/Editor/Text Color/button_Apply")): Object: 'Object Repository/Page_Reevio Video Maker/Editor/Text Color/button_Apply' is clicked on

2020-02-07 15:28:41 - [MESSAGE][PASSED] - Object: 'Object Repository/Page_Reevio Video Maker/Editor/Text Color/button_Apply' is clicked on

2020-02-07 15:28:41 - [TEST_STEP][PASSED] - maxlength = 0: null

2020-02-07 15:28:41 - [TEST_STEP][PASSED] - if (verifyElementInViewport(findTestObject("Page_Reevio Video Maker/Editor/Test Text fields/a_Text " + j), 0) == true): null

2020-02-07 15:28:41 - [MESSAGE][WARNING] - Timeout '0' is invalid. Using default page load timeout: '1'

2020-02-07 15:28:41 - [MESSAGE][PASSED] - Object 'Object Repository/Page_Reevio Video Maker/Editor/Test Text fields/a_Text 4' is present and visible in viewport

2020-02-07 15:28:41 - [TEST_STEP][PASSED] - doubleClick(findTestObject("Page_Reevio Video Maker/Editor/Test Text fields/a_Text " + j)): Object: 'Object Repository/Page_Reevio Video Maker/Editor/Test Text fields/a_Text 4' is double clicked on

2020-02-07 15:28:42 - [MESSAGE][PASSED] - Object: 'Object Repository/Page_Reevio Video Maker/Editor/Test Text fields/a_Text 4' is double clicked on

2020-02-07 15:28:42 - [TEST_STEP][PASSED] - maxlength = getAttribute(findTestObject("Page_Reevio Video Maker/Editor/Test Text fields/a_Text " + j), "data-maxlength"): Attribute 'data-maxlength' of object 'Object Repository/Page_Reevio Video Maker/Editor/Test Text fields/a_Text 4' is: '50'

2020-02-07 15:28:43 - [MESSAGE][PASSED] - Attribute 'data-maxlength' of object 'Object Repository/Page_Reevio Video Maker/Editor/Test Text fields/a_Text 4' is: '50'

2020-02-07 15:28:43 - [TEST_STEP][PASSED] - clearText(findTestObject("Page_Reevio Video Maker/Editor/Text Editor/input_Enable text_cinput"), CONTINUE_ON_FAILURE): Text of object 'Object Repository/Page_Reevio Video Maker/Editor/Text Editor/input_Enable text_cinput' is cleared

2020-02-07 15:28:43 - [MESSAGE][PASSED] - Text of object 'Object Repository/Page_Reevio Video Maker/Editor/Text Editor/input_Enable text_cinput' is cleared

2020-02-07 15:28:43 - [TEST_STEP][PASSED] - setText(findTestObject("Page_Reevio Video Maker/Editor/Text Editor/input_Enable text_cinput"), findTestData("vavowDate").getValue(1, 6)): Text 'A beige fox jumps.' is set on object 'Object Repository/Page_Reevio Video Maker/Editor/Text Editor/input_Enable text_cinput'

2020-02-07 15:28:46 - [MESSAGE][PASSED] - Text 'A beige fox jumps.' is set on object 'Object Repository/Page_Reevio Video Maker/Editor/Text Editor/input_Enable text_cinput'

2020-02-07 15:28:46 - [TEST_STEP][PASSED] - click(findTestObject("Page_Reevio Video Maker/Editor/Text Editor/span_Save")): Object: 'Object Repository/Page_Reevio Video Maker/Editor/Text Editor/span_Save' is clicked on

2020-02-07 15:28:47 - [MESSAGE][PASSED] - Object: 'Object Repository/Page_Reevio Video Maker/Editor/Text Editor/span_Save' is clicked on

2020-02-07 15:28:47 - [TEST_STEP][PASSED] - click(findTestObject("Page_Reevio Video Maker/Editor/Text Color/span_Shadows Into Light_minicolors-swatch-color")): Object: 'Object Repository/Page_Reevio Video Maker/Editor/Text Color/span_Shadows Into Light_minicolors-swatch-color' is clicked on

2020-02-07 15:28:48 - [MESSAGE][PASSED] - Object: 'Object Repository/Page_Reevio Video Maker/Editor/Text Color/span_Shadows Into Light_minicolors-swatch-color' is clicked on

2020-02-07 15:28:48 - [TEST_STEP][PASSED] - clearText(findTestObject("Page_Reevio Video Maker/Editor/Text Color/input_RGB_texthex-color")): Text of object 'Object Repository/Page_Reevio Video Maker/Editor/Text Color/input_RGB_texthex-color' is cleared

2020-02-07 15:28:48 - [MESSAGE][PASSED] - Text of object 'Object Repository/Page_Reevio Video Maker/Editor/Text Color/input_RGB_texthex-color' is cleared

2020-02-07 15:28:48 - [TEST_STEP][PASSED] - setText(findTestObject("Page_Reevio Video Maker/Editor/Text Color/input_RGB_texthex-color"), findTestData("vavowDate").getValue(7, 1)): Text '#67FF4C' is set on object 'Object Repository/Page_Reevio Video Maker/Editor/Text Color/input_RGB_texthex-color'

2020-02-07 15:28:50 - [MESSAGE][PASSED] - Text '#67FF4C' is set on object 'Object Repository/Page_Reevio Video Maker/Editor/Text Color/input_RGB_texthex-color'

2020-02-07 15:28:50 - [TEST_STEP][PASSED] - click(findTestObject("Page_Reevio Video Maker/Editor/Text Color/button_Apply")): Object: 'Object Repository/Page_Reevio Video Maker/Editor/Text Color/button_Apply' is clicked on

2020-02-07 15:28:51 - [MESSAGE][PASSED] - Object: 'Object Repository/Page_Reevio Video Maker/Editor/Text Color/button_Apply' is clicked on

2020-02-07 15:28:51 - [TEST_STEP][PASSED] - maxlength = 0: null

2020-02-07 15:28:51 - [TEST_STEP][FAILED] - if (verifyElementInViewport(findTestObject("Page_Reevio Video Maker/Editor/Test Text fields/a_Text " + j), 0) == true): Object 'Object Repository/Page_Reevio Video Maker/Editor/Test Text fields/a_Text 5' is not present (Root cause: com.kms.katalon.core.exception.StepFailedException: Object 'Object Repository/Page_Reevio Video Maker/Editor/Test Text fields/a_Text 5' is not present
	at com.kms.katalon.core.webui.keyword.internal.WebUIKeywordMain.stepFailed(WebUIKeywordMain.groovy:64)
	at com.kms.katalon.core.webui.keyword.builtin.VerifyElementVisibleInViewportKeyword$_verifyElementVisibleInViewport_closure1.doCall(VerifyElementVisibleInViewportKeyword.groovy:83)
	at com.kms.katalon.core.webui.keyword.builtin.VerifyElementVisibleInViewportKeyword$_verifyElementVisibleInViewport_closure1.call(VerifyElementVisibleInViewportKeyword.groovy)
	at com.kms.katalon.core.webui.keyword.internal.WebUIKeywordMain.runKeyword(WebUIKeywordMain.groovy:20)
	at com.kms.katalon.core.webui.keyword.builtin.VerifyElementVisibleInViewportKeyword.verifyElementVisibleInViewport(VerifyElementVisibleInViewportKeyword.groovy:86)
	at com.kms.katalon.core.webui.keyword.builtin.VerifyElementVisibleInViewportKeyword.execute(VerifyElementVisibleInViewportKeyword.groovy:68)
	at com.kms.katalon.core.keyword.internal.KeywordExecutor.executeKeywordForPlatform(KeywordExecutor.groovy:72)
	at com.kms.katalon.core.webui.keyword.WebUiBuiltInKeywords.verifyElementInViewport(WebUiBuiltInKeywords.groovy:3039)
	at com.kms.katalon.core.webui.keyword.WebUiBuiltInKeywords$verifyElementInViewport$14.call(Unknown Source)
	at Text adding Min and COLOR (1-30)sc.run(Text adding Min and COLOR (1-30)sc:30)
	at com.kms.katalon.core.main.ScriptEngine.run(ScriptEngine.java:194)
	at com.kms.katalon.core.main.ScriptEngine.runScriptAsRawText(ScriptEngine.java:119)
	at com.kms.katalon.core.main.TestCaseExecutor.runScript(TestCaseExecutor.java:337)
	at com.kms.katalon.core.main.TestCaseExecutor.doExecute(TestCaseExecutor.java:328)
	at com.kms.katalon.core.main.TestCaseExecutor.processExecutionPhase(TestCaseExecutor.java:307)
	at com.kms.katalon.core.main.TestCaseExecutor.accessMainPhase(TestCaseExecutor.java:299)
	at com.kms.katalon.core.main.TestCaseExecutor.execute(TestCaseExecutor.java:233)
	at com.kms.katalon.core.main.TestSuiteExecutor.accessTestCaseMainPhase(TestSuiteExecutor.java:169)
	at com.kms.katalon.core.main.TestSuiteExecutor.accessTestSuiteMainPhase(TestSuiteExecutor.java:142)
	at com.kms.katalon.core.main.TestSuiteExecutor.execute(TestSuiteExecutor.java:91)
	at com.kms.katalon.core.main.TestCaseMain.startTestSuite(TestCaseMain.java:157)
	at com.kms.katalon.core.main.TestCaseMain$startTestSuite$0.call(Unknown Source)
	at TempTestSuite1581081710748.run(TempTestSuite1581081710748.groovy:36)
)

2020-02-07 15:28:51 - [MESSAGE][WARNING] - Timeout '0' is invalid. Using default page load timeout: '1'

2020-02-07 15:28:52 - [MESSAGE][INFO] - Unable to find the element located by 'By.xpath: (//div[@class='current-slide active-slide']//*[@id="anchor_input"])[5]'. Please recheck the objects properties to make sure the desired element is located. 

2020-02-07 15:28:52 - [MESSAGE][FAILED] - Object 'Object Repository/Page_Reevio Video Maker/Editor/Test Text fields/a_Text 5' is not present (Root cause: com.kms.katalon.core.exception.StepFailedException: Object 'Object Repository/Page_Reevio Video Maker/Editor/Test Text fields/a_Text 5' is not present
	at com.kms.katalon.core.webui.keyword.internal.WebUIKeywordMain.stepFailed(WebUIKeywordMain.groovy:64)
	at com.kms.katalon.core.webui.keyword.builtin.VerifyElementVisibleInViewportKeyword$_verifyElementVisibleInViewport_closure1.doCall(VerifyElementVisibleInViewportKeyword.groovy:83)
	at com.kms.katalon.core.webui.keyword.builtin.VerifyElementVisibleInViewportKeyword$_verifyElementVisibleInViewport_closure1.call(VerifyElementVisibleInViewportKeyword.groovy)
	at com.kms.katalon.core.webui.keyword.internal.WebUIKeywordMain.runKeyword(WebUIKeywordMain.groovy:20)
	at com.kms.katalon.core.webui.keyword.builtin.VerifyElementVisibleInViewportKeyword.verifyElementVisibleInViewport(VerifyElementVisibleInViewportKeyword.groovy:86)
	at com.kms.katalon.core.webui.keyword.builtin.VerifyElementVisibleInViewportKeyword.execute(VerifyElementVisibleInViewportKeyword.groovy:68)
	at com.kms.katalon.core.keyword.internal.KeywordExecutor.executeKeywordForPlatform(KeywordExecutor.groovy:72)
	at com.kms.katalon.core.webui.keyword.WebUiBuiltInKeywords.verifyElementInViewport(WebUiBuiltInKeywords.groovy:3039)
	at com.kms.katalon.core.webui.keyword.WebUiBuiltInKeywords$verifyElementInViewport$14.call(Unknown Source)
	at Text adding Min and COLOR (1-30)sc.run(Text adding Min and COLOR (1-30)sc:30)
	at com.kms.katalon.core.main.ScriptEngine.run(ScriptEngine.java:194)
	at com.kms.katalon.core.main.ScriptEngine.runScriptAsRawText(ScriptEngine.java:119)
	at com.kms.katalon.core.main.TestCaseExecutor.runScript(TestCaseExecutor.java:337)
	at com.kms.katalon.core.main.TestCaseExecutor.doExecute(TestCaseExecutor.java:328)
	at com.kms.katalon.core.main.TestCaseExecutor.processExecutionPhase(TestCaseExecutor.java:307)
	at com.kms.katalon.core.main.TestCaseExecutor.accessMainPhase(TestCaseExecutor.java:299)
	at com.kms.katalon.core.main.TestCaseExecutor.execute(TestCaseExecutor.java:233)
	at com.kms.katalon.core.main.TestSuiteExecutor.accessTestCaseMainPhase(TestSuiteExecutor.java:169)
	at com.kms.katalon.core.main.TestSuiteExecutor.accessTestSuiteMainPhase(TestSuiteExecutor.java:142)
	at com.kms.katalon.core.main.TestSuiteExecutor.execute(TestSuiteExecutor.java:91)
	at com.kms.katalon.core.main.TestCaseMain.startTestSuite(TestCaseMain.java:157)
	at com.kms.katalon.core.main.TestCaseMain$startTestSuite$0.call(Unknown Source)
	at TempTestSuite1581081710748.run(TempTestSuite1581081710748.groovy:36)
)

2020-02-07 15:28:52 - [TEST_STEP][PASSED] - else: null

2020-02-07 15:28:52 - [TEST_STEP][PASSED] - break: null

2020-02-07 15:28:52 - [TEST_STEP][PASSED] - if (verifyElementPresent(findTestObject("Page_Reevio Video Maker/Editor_Scene_" + i), 0) == true): null

2020-02-07 15:28:53 - [MESSAGE][WARNING] - Timeout '0' is invalid. Using default page load timeout: '1'

2020-02-07 15:28:53 - [MESSAGE][PASSED] - Object 'Object Repository/Page_Reevio Video Maker/Editor_Scene_6' is present

2020-02-07 15:28:53 - [TEST_STEP][PASSED] - doubleClick(findTestObject("Page_Reevio Video Maker/Editor_Scene_" + i)): Object: 'Object Repository/Page_Reevio Video Maker/Editor_Scene_6' is double clicked on

2020-02-07 15:28:54 - [MESSAGE][PASSED] - Object: 'Object Repository/Page_Reevio Video Maker/Editor_Scene_6' is double clicked on

2020-02-07 15:28:54 - [TEST_STEP][PASSED] - delay(1): Delayed 1 second(s)

2020-02-07 15:28:55 - [MESSAGE][PASSED] - Delayed 1 second(s)

2020-02-07 15:28:55 - [TEST_STEP][FAILED] - for ([j = 1, j < 7, (j++)]): null

2020-02-07 15:28:55 - [TEST_STEP][PASSED] - if (verifyElementInViewport(findTestObject("Page_Reevio Video Maker/Editor/Test Text fields/a_Text " + j), 0) == true): null

2020-02-07 15:28:55 - [MESSAGE][WARNING] - Timeout '0' is invalid. Using default page load timeout: '1'

2020-02-07 15:28:56 - [MESSAGE][PASSED] - Object 'Object Repository/Page_Reevio Video Maker/Editor/Test Text fields/a_Text 1' is present and visible in viewport

2020-02-07 15:28:56 - [TEST_STEP][PASSED] - doubleClick(findTestObject("Page_Reevio Video Maker/Editor/Test Text fields/a_Text " + j)): Object: 'Object Repository/Page_Reevio Video Maker/Editor/Test Text fields/a_Text 1' is double clicked on

2020-02-07 15:28:57 - [MESSAGE][PASSED] - Object: 'Object Repository/Page_Reevio Video Maker/Editor/Test Text fields/a_Text 1' is double clicked on

2020-02-07 15:28:57 - [TEST_STEP][PASSED] - maxlength = getAttribute(findTestObject("Page_Reevio Video Maker/Editor/Test Text fields/a_Text " + j), "data-maxlength"): Attribute 'data-maxlength' of object 'Object Repository/Page_Reevio Video Maker/Editor/Test Text fields/a_Text 1' is: '55'

2020-02-07 15:28:57 - [MESSAGE][PASSED] - Attribute 'data-maxlength' of object 'Object Repository/Page_Reevio Video Maker/Editor/Test Text fields/a_Text 1' is: '55'

2020-02-07 15:28:57 - [TEST_STEP][PASSED] - clearText(findTestObject("Page_Reevio Video Maker/Editor/Text Editor/input_Enable text_cinput"), CONTINUE_ON_FAILURE): Text of object 'Object Repository/Page_Reevio Video Maker/Editor/Text Editor/input_Enable text_cinput' is cleared

2020-02-07 15:28:58 - [MESSAGE][PASSED] - Text of object 'Object Repository/Page_Reevio Video Maker/Editor/Text Editor/input_Enable text_cinput' is cleared

2020-02-07 15:28:58 - [TEST_STEP][PASSED] - setText(findTestObject("Page_Reevio Video Maker/Editor/Text Editor/input_Enable text_cinput"), findTestData("vavowDate").getValue(1, 6)): Text 'A beige fox jumps.' is set on object 'Object Repository/Page_Reevio Video Maker/Editor/Text Editor/input_Enable text_cinput'

2020-02-07 15:29:02 - [MESSAGE][PASSED] - Text 'A beige fox jumps.' is set on object 'Object Repository/Page_Reevio Video Maker/Editor/Text Editor/input_Enable text_cinput'

2020-02-07 15:29:02 - [TEST_STEP][PASSED] - click(findTestObject("Page_Reevio Video Maker/Editor/Text Editor/span_Save")): Object: 'Object Repository/Page_Reevio Video Maker/Editor/Text Editor/span_Save' is clicked on

2020-02-07 15:29:03 - [MESSAGE][PASSED] - Object: 'Object Repository/Page_Reevio Video Maker/Editor/Text Editor/span_Save' is clicked on

2020-02-07 15:29:03 - [TEST_STEP][PASSED] - click(findTestObject("Page_Reevio Video Maker/Editor/Text Color/span_Shadows Into Light_minicolors-swatch-color")): Object: 'Object Repository/Page_Reevio Video Maker/Editor/Text Color/span_Shadows Into Light_minicolors-swatch-color' is clicked on

2020-02-07 15:29:03 - [MESSAGE][PASSED] - Object: 'Object Repository/Page_Reevio Video Maker/Editor/Text Color/span_Shadows Into Light_minicolors-swatch-color' is clicked on

2020-02-07 15:29:03 - [TEST_STEP][PASSED] - clearText(findTestObject("Page_Reevio Video Maker/Editor/Text Color/input_RGB_texthex-color")): Text of object 'Object Repository/Page_Reevio Video Maker/Editor/Text Color/input_RGB_texthex-color' is cleared

2020-02-07 15:29:04 - [MESSAGE][PASSED] - Text of object 'Object Repository/Page_Reevio Video Maker/Editor/Text Color/input_RGB_texthex-color' is cleared

2020-02-07 15:29:04 - [TEST_STEP][PASSED] - setText(findTestObject("Page_Reevio Video Maker/Editor/Text Color/input_RGB_texthex-color"), findTestData("vavowDate").getValue(7, 1)): Text '#67FF4C' is set on object 'Object Repository/Page_Reevio Video Maker/Editor/Text Color/input_RGB_texthex-color'

2020-02-07 15:29:07 - [MESSAGE][PASSED] - Text '#67FF4C' is set on object 'Object Repository/Page_Reevio Video Maker/Editor/Text Color/input_RGB_texthex-color'

2020-02-07 15:29:07 - [TEST_STEP][PASSED] - click(findTestObject("Page_Reevio Video Maker/Editor/Text Color/button_Apply")): Object: 'Object Repository/Page_Reevio Video Maker/Editor/Text Color/button_Apply' is clicked on

2020-02-07 15:29:09 - [MESSAGE][PASSED] - Object: 'Object Repository/Page_Reevio Video Maker/Editor/Text Color/button_Apply' is clicked on

2020-02-07 15:29:09 - [TEST_STEP][PASSED] - maxlength = 0: null

2020-02-07 15:29:09 - [TEST_STEP][FAILED] - if (verifyElementInViewport(findTestObject("Page_Reevio Video Maker/Editor/Test Text fields/a_Text " + j), 0) == true): Object 'Object Repository/Page_Reevio Video Maker/Editor/Test Text fields/a_Text 2' is not present (Root cause: com.kms.katalon.core.exception.StepFailedException: Object 'Object Repository/Page_Reevio Video Maker/Editor/Test Text fields/a_Text 2' is not present
	at com.kms.katalon.core.webui.keyword.internal.WebUIKeywordMain.stepFailed(WebUIKeywordMain.groovy:64)
	at com.kms.katalon.core.webui.keyword.builtin.VerifyElementVisibleInViewportKeyword$_verifyElementVisibleInViewport_closure1.doCall(VerifyElementVisibleInViewportKeyword.groovy:83)
	at com.kms.katalon.core.webui.keyword.builtin.VerifyElementVisibleInViewportKeyword$_verifyElementVisibleInViewport_closure1.call(VerifyElementVisibleInViewportKeyword.groovy)
	at com.kms.katalon.core.webui.keyword.internal.WebUIKeywordMain.runKeyword(WebUIKeywordMain.groovy:20)
	at com.kms.katalon.core.webui.keyword.builtin.VerifyElementVisibleInViewportKeyword.verifyElementVisibleInViewport(VerifyElementVisibleInViewportKeyword.groovy:86)
	at com.kms.katalon.core.webui.keyword.builtin.VerifyElementVisibleInViewportKeyword.execute(VerifyElementVisibleInViewportKeyword.groovy:68)
	at com.kms.katalon.core.keyword.internal.KeywordExecutor.executeKeywordForPlatform(KeywordExecutor.groovy:72)
	at com.kms.katalon.core.webui.keyword.WebUiBuiltInKeywords.verifyElementInViewport(WebUiBuiltInKeywords.groovy:3039)
	at com.kms.katalon.core.webui.keyword.WebUiBuiltInKeywords$verifyElementInViewport$14.call(Unknown Source)
	at Text adding Min and COLOR (1-30)sc.run(Text adding Min and COLOR (1-30)sc:30)
	at com.kms.katalon.core.main.ScriptEngine.run(ScriptEngine.java:194)
	at com.kms.katalon.core.main.ScriptEngine.runScriptAsRawText(ScriptEngine.java:119)
	at com.kms.katalon.core.main.TestCaseExecutor.runScript(TestCaseExecutor.java:337)
	at com.kms.katalon.core.main.TestCaseExecutor.doExecute(TestCaseExecutor.java:328)
	at com.kms.katalon.core.main.TestCaseExecutor.processExecutionPhase(TestCaseExecutor.java:307)
	at com.kms.katalon.core.main.TestCaseExecutor.accessMainPhase(TestCaseExecutor.java:299)
	at com.kms.katalon.core.main.TestCaseExecutor.execute(TestCaseExecutor.java:233)
	at com.kms.katalon.core.main.TestSuiteExecutor.accessTestCaseMainPhase(TestSuiteExecutor.java:169)
	at com.kms.katalon.core.main.TestSuiteExecutor.accessTestSuiteMainPhase(TestSuiteExecutor.java:142)
	at com.kms.katalon.core.main.TestSuiteExecutor.execute(TestSuiteExecutor.java:91)
	at com.kms.katalon.core.main.TestCaseMain.startTestSuite(TestCaseMain.java:157)
	at com.kms.katalon.core.main.TestCaseMain$startTestSuite$0.call(Unknown Source)
	at TempTestSuite1581081710748.run(TempTestSuite1581081710748.groovy:36)
)

2020-02-07 15:29:09 - [MESSAGE][WARNING] - Timeout '0' is invalid. Using default page load timeout: '1'

2020-02-07 15:29:10 - [MESSAGE][INFO] - Unable to find the element located by 'By.xpath: (//div[@class='current-slide active-slide']//*[@id="anchor_input"])[2]'. Please recheck the objects properties to make sure the desired element is located. 

2020-02-07 15:29:10 - [MESSAGE][FAILED] - Object 'Object Repository/Page_Reevio Video Maker/Editor/Test Text fields/a_Text 2' is not present (Root cause: com.kms.katalon.core.exception.StepFailedException: Object 'Object Repository/Page_Reevio Video Maker/Editor/Test Text fields/a_Text 2' is not present
	at com.kms.katalon.core.webui.keyword.internal.WebUIKeywordMain.stepFailed(WebUIKeywordMain.groovy:64)
	at com.kms.katalon.core.webui.keyword.builtin.VerifyElementVisibleInViewportKeyword$_verifyElementVisibleInViewport_closure1.doCall(VerifyElementVisibleInViewportKeyword.groovy:83)
	at com.kms.katalon.core.webui.keyword.builtin.VerifyElementVisibleInViewportKeyword$_verifyElementVisibleInViewport_closure1.call(VerifyElementVisibleInViewportKeyword.groovy)
	at com.kms.katalon.core.webui.keyword.internal.WebUIKeywordMain.runKeyword(WebUIKeywordMain.groovy:20)
	at com.kms.katalon.core.webui.keyword.builtin.VerifyElementVisibleInViewportKeyword.verifyElementVisibleInViewport(VerifyElementVisibleInViewportKeyword.groovy:86)
	at com.kms.katalon.core.webui.keyword.builtin.VerifyElementVisibleInViewportKeyword.execute(VerifyElementVisibleInViewportKeyword.groovy:68)
	at com.kms.katalon.core.keyword.internal.KeywordExecutor.executeKeywordForPlatform(KeywordExecutor.groovy:72)
	at com.kms.katalon.core.webui.keyword.WebUiBuiltInKeywords.verifyElementInViewport(WebUiBuiltInKeywords.groovy:3039)
	at com.kms.katalon.core.webui.keyword.WebUiBuiltInKeywords$verifyElementInViewport$14.call(Unknown Source)
	at Text adding Min and COLOR (1-30)sc.run(Text adding Min and COLOR (1-30)sc:30)
	at com.kms.katalon.core.main.ScriptEngine.run(ScriptEngine.java:194)
	at com.kms.katalon.core.main.ScriptEngine.runScriptAsRawText(ScriptEngine.java:119)
	at com.kms.katalon.core.main.TestCaseExecutor.runScript(TestCaseExecutor.java:337)
	at com.kms.katalon.core.main.TestCaseExecutor.doExecute(TestCaseExecutor.java:328)
	at com.kms.katalon.core.main.TestCaseExecutor.processExecutionPhase(TestCaseExecutor.java:307)
	at com.kms.katalon.core.main.TestCaseExecutor.accessMainPhase(TestCaseExecutor.java:299)
	at com.kms.katalon.core.main.TestCaseExecutor.execute(TestCaseExecutor.java:233)
	at com.kms.katalon.core.main.TestSuiteExecutor.accessTestCaseMainPhase(TestSuiteExecutor.java:169)
	at com.kms.katalon.core.main.TestSuiteExecutor.accessTestSuiteMainPhase(TestSuiteExecutor.java:142)
	at com.kms.katalon.core.main.TestSuiteExecutor.execute(TestSuiteExecutor.java:91)
	at com.kms.katalon.core.main.TestCaseMain.startTestSuite(TestCaseMain.java:157)
	at com.kms.katalon.core.main.TestCaseMain$startTestSuite$0.call(Unknown Source)
	at TempTestSuite1581081710748.run(TempTestSuite1581081710748.groovy:36)
)

2020-02-07 15:29:10 - [TEST_STEP][PASSED] - else: null

2020-02-07 15:29:10 - [TEST_STEP][PASSED] - break: null

2020-02-07 15:29:10 - [TEST_STEP][PASSED] - if (verifyElementPresent(findTestObject("Page_Reevio Video Maker/Editor_Scene_" + i), 0) == true): null

2020-02-07 15:29:11 - [MESSAGE][WARNING] - Timeout '0' is invalid. Using default page load timeout: '1'

2020-02-07 15:29:11 - [MESSAGE][PASSED] - Object 'Object Repository/Page_Reevio Video Maker/Editor_Scene_7' is present

2020-02-07 15:29:11 - [TEST_STEP][PASSED] - doubleClick(findTestObject("Page_Reevio Video Maker/Editor_Scene_" + i)): Object: 'Object Repository/Page_Reevio Video Maker/Editor_Scene_7' is double clicked on

2020-02-07 15:29:13 - [MESSAGE][PASSED] - Object: 'Object Repository/Page_Reevio Video Maker/Editor_Scene_7' is double clicked on

2020-02-07 15:29:13 - [TEST_STEP][PASSED] - delay(1): Delayed 1 second(s)

2020-02-07 15:29:14 - [MESSAGE][PASSED] - Delayed 1 second(s)

2020-02-07 15:29:14 - [TEST_STEP][FAILED] - for ([j = 1, j < 7, (j++)]): null

2020-02-07 15:29:14 - [TEST_STEP][PASSED] - if (verifyElementInViewport(findTestObject("Page_Reevio Video Maker/Editor/Test Text fields/a_Text " + j), 0) == true): null

2020-02-07 15:29:14 - [MESSAGE][WARNING] - Timeout '0' is invalid. Using default page load timeout: '1'

2020-02-07 15:29:16 - [MESSAGE][PASSED] - Object 'Object Repository/Page_Reevio Video Maker/Editor/Test Text fields/a_Text 1' is present and visible in viewport

2020-02-07 15:29:16 - [TEST_STEP][PASSED] - doubleClick(findTestObject("Page_Reevio Video Maker/Editor/Test Text fields/a_Text " + j)): Object: 'Object Repository/Page_Reevio Video Maker/Editor/Test Text fields/a_Text 1' is double clicked on

2020-02-07 15:29:17 - [MESSAGE][PASSED] - Object: 'Object Repository/Page_Reevio Video Maker/Editor/Test Text fields/a_Text 1' is double clicked on

2020-02-07 15:29:17 - [TEST_STEP][PASSED] - maxlength = getAttribute(findTestObject("Page_Reevio Video Maker/Editor/Test Text fields/a_Text " + j), "data-maxlength"): Attribute 'data-maxlength' of object 'Object Repository/Page_Reevio Video Maker/Editor/Test Text fields/a_Text 1' is: '40'

2020-02-07 15:29:18 - [MESSAGE][PASSED] - Attribute 'data-maxlength' of object 'Object Repository/Page_Reevio Video Maker/Editor/Test Text fields/a_Text 1' is: '40'

2020-02-07 15:29:18 - [TEST_STEP][PASSED] - clearText(findTestObject("Page_Reevio Video Maker/Editor/Text Editor/input_Enable text_cinput"), CONTINUE_ON_FAILURE): Text of object 'Object Repository/Page_Reevio Video Maker/Editor/Text Editor/input_Enable text_cinput' is cleared

2020-02-07 15:29:18 - [MESSAGE][PASSED] - Text of object 'Object Repository/Page_Reevio Video Maker/Editor/Text Editor/input_Enable text_cinput' is cleared

2020-02-07 15:29:18 - [TEST_STEP][PASSED] - setText(findTestObject("Page_Reevio Video Maker/Editor/Text Editor/input_Enable text_cinput"), findTestData("vavowDate").getValue(1, 6)): Text 'A beige fox jumps.' is set on object 'Object Repository/Page_Reevio Video Maker/Editor/Text Editor/input_Enable text_cinput'

2020-02-07 15:29:24 - [MESSAGE][PASSED] - Text 'A beige fox jumps.' is set on object 'Object Repository/Page_Reevio Video Maker/Editor/Text Editor/input_Enable text_cinput'

2020-02-07 15:29:24 - [TEST_STEP][PASSED] - click(findTestObject("Page_Reevio Video Maker/Editor/Text Editor/span_Save")): Object: 'Object Repository/Page_Reevio Video Maker/Editor/Text Editor/span_Save' is clicked on

2020-02-07 15:29:25 - [MESSAGE][PASSED] - Object: 'Object Repository/Page_Reevio Video Maker/Editor/Text Editor/span_Save' is clicked on

2020-02-07 15:29:25 - [TEST_STEP][PASSED] - click(findTestObject("Page_Reevio Video Maker/Editor/Text Color/span_Shadows Into Light_minicolors-swatch-color")): Object: 'Object Repository/Page_Reevio Video Maker/Editor/Text Color/span_Shadows Into Light_minicolors-swatch-color' is clicked on

2020-02-07 15:29:26 - [MESSAGE][PASSED] - Object: 'Object Repository/Page_Reevio Video Maker/Editor/Text Color/span_Shadows Into Light_minicolors-swatch-color' is clicked on

2020-02-07 15:29:26 - [TEST_STEP][PASSED] - clearText(findTestObject("Page_Reevio Video Maker/Editor/Text Color/input_RGB_texthex-color")): Text of object 'Object Repository/Page_Reevio Video Maker/Editor/Text Color/input_RGB_texthex-color' is cleared

2020-02-07 15:29:27 - [MESSAGE][PASSED] - Text of object 'Object Repository/Page_Reevio Video Maker/Editor/Text Color/input_RGB_texthex-color' is cleared

2020-02-07 15:29:27 - [TEST_STEP][PASSED] - setText(findTestObject("Page_Reevio Video Maker/Editor/Text Color/input_RGB_texthex-color"), findTestData("vavowDate").getValue(7, 1)): Text '#67FF4C' is set on object 'Object Repository/Page_Reevio Video Maker/Editor/Text Color/input_RGB_texthex-color'

2020-02-07 15:29:30 - [MESSAGE][PASSED] - Text '#67FF4C' is set on object 'Object Repository/Page_Reevio Video Maker/Editor/Text Color/input_RGB_texthex-color'

2020-02-07 15:29:30 - [TEST_STEP][PASSED] - click(findTestObject("Page_Reevio Video Maker/Editor/Text Color/button_Apply")): Object: 'Object Repository/Page_Reevio Video Maker/Editor/Text Color/button_Apply' is clicked on

2020-02-07 15:29:31 - [MESSAGE][PASSED] - Object: 'Object Repository/Page_Reevio Video Maker/Editor/Text Color/button_Apply' is clicked on

2020-02-07 15:29:31 - [TEST_STEP][PASSED] - maxlength = 0: null

2020-02-07 15:29:31 - [TEST_STEP][FAILED] - if (verifyElementInViewport(findTestObject("Page_Reevio Video Maker/Editor/Test Text fields/a_Text " + j), 0) == true): Object 'Object Repository/Page_Reevio Video Maker/Editor/Test Text fields/a_Text 2' is not present (Root cause: com.kms.katalon.core.exception.StepFailedException: Object 'Object Repository/Page_Reevio Video Maker/Editor/Test Text fields/a_Text 2' is not present
	at com.kms.katalon.core.webui.keyword.internal.WebUIKeywordMain.stepFailed(WebUIKeywordMain.groovy:64)
	at com.kms.katalon.core.webui.keyword.builtin.VerifyElementVisibleInViewportKeyword$_verifyElementVisibleInViewport_closure1.doCall(VerifyElementVisibleInViewportKeyword.groovy:83)
	at com.kms.katalon.core.webui.keyword.builtin.VerifyElementVisibleInViewportKeyword$_verifyElementVisibleInViewport_closure1.call(VerifyElementVisibleInViewportKeyword.groovy)
	at com.kms.katalon.core.webui.keyword.internal.WebUIKeywordMain.runKeyword(WebUIKeywordMain.groovy:20)
	at com.kms.katalon.core.webui.keyword.builtin.VerifyElementVisibleInViewportKeyword.verifyElementVisibleInViewport(VerifyElementVisibleInViewportKeyword.groovy:86)
	at com.kms.katalon.core.webui.keyword.builtin.VerifyElementVisibleInViewportKeyword.execute(VerifyElementVisibleInViewportKeyword.groovy:68)
	at com.kms.katalon.core.keyword.internal.KeywordExecutor.executeKeywordForPlatform(KeywordExecutor.groovy:72)
	at com.kms.katalon.core.webui.keyword.WebUiBuiltInKeywords.verifyElementInViewport(WebUiBuiltInKeywords.groovy:3039)
	at com.kms.katalon.core.webui.keyword.WebUiBuiltInKeywords$verifyElementInViewport$14.call(Unknown Source)
	at Text adding Min and COLOR (1-30)sc.run(Text adding Min and COLOR (1-30)sc:30)
	at com.kms.katalon.core.main.ScriptEngine.run(ScriptEngine.java:194)
	at com.kms.katalon.core.main.ScriptEngine.runScriptAsRawText(ScriptEngine.java:119)
	at com.kms.katalon.core.main.TestCaseExecutor.runScript(TestCaseExecutor.java:337)
	at com.kms.katalon.core.main.TestCaseExecutor.doExecute(TestCaseExecutor.java:328)
	at com.kms.katalon.core.main.TestCaseExecutor.processExecutionPhase(TestCaseExecutor.java:307)
	at com.kms.katalon.core.main.TestCaseExecutor.accessMainPhase(TestCaseExecutor.java:299)
	at com.kms.katalon.core.main.TestCaseExecutor.execute(TestCaseExecutor.java:233)
	at com.kms.katalon.core.main.TestSuiteExecutor.accessTestCaseMainPhase(TestSuiteExecutor.java:169)
	at com.kms.katalon.core.main.TestSuiteExecutor.accessTestSuiteMainPhase(TestSuiteExecutor.java:142)
	at com.kms.katalon.core.main.TestSuiteExecutor.execute(TestSuiteExecutor.java:91)
	at com.kms.katalon.core.main.TestCaseMain.startTestSuite(TestCaseMain.java:157)
	at com.kms.katalon.core.main.TestCaseMain$startTestSuite$0.call(Unknown Source)
	at TempTestSuite1581081710748.run(TempTestSuite1581081710748.groovy:36)
)

2020-02-07 15:29:31 - [MESSAGE][WARNING] - Timeout '0' is invalid. Using default page load timeout: '1'

2020-02-07 15:29:33 - [MESSAGE][INFO] - Unable to find the element located by 'By.xpath: (//div[@class='current-slide active-slide']//*[@id="anchor_input"])[2]'. Please recheck the objects properties to make sure the desired element is located. 

2020-02-07 15:29:33 - [MESSAGE][FAILED] - Object 'Object Repository/Page_Reevio Video Maker/Editor/Test Text fields/a_Text 2' is not present (Root cause: com.kms.katalon.core.exception.StepFailedException: Object 'Object Repository/Page_Reevio Video Maker/Editor/Test Text fields/a_Text 2' is not present
	at com.kms.katalon.core.webui.keyword.internal.WebUIKeywordMain.stepFailed(WebUIKeywordMain.groovy:64)
	at com.kms.katalon.core.webui.keyword.builtin.VerifyElementVisibleInViewportKeyword$_verifyElementVisibleInViewport_closure1.doCall(VerifyElementVisibleInViewportKeyword.groovy:83)
	at com.kms.katalon.core.webui.keyword.builtin.VerifyElementVisibleInViewportKeyword$_verifyElementVisibleInViewport_closure1.call(VerifyElementVisibleInViewportKeyword.groovy)
	at com.kms.katalon.core.webui.keyword.internal.WebUIKeywordMain.runKeyword(WebUIKeywordMain.groovy:20)
	at com.kms.katalon.core.webui.keyword.builtin.VerifyElementVisibleInViewportKeyword.verifyElementVisibleInViewport(VerifyElementVisibleInViewportKeyword.groovy:86)
	at com.kms.katalon.core.webui.keyword.builtin.VerifyElementVisibleInViewportKeyword.execute(VerifyElementVisibleInViewportKeyword.groovy:68)
	at com.kms.katalon.core.keyword.internal.KeywordExecutor.executeKeywordForPlatform(KeywordExecutor.groovy:72)
	at com.kms.katalon.core.webui.keyword.WebUiBuiltInKeywords.verifyElementInViewport(WebUiBuiltInKeywords.groovy:3039)
	at com.kms.katalon.core.webui.keyword.WebUiBuiltInKeywords$verifyElementInViewport$14.call(Unknown Source)
	at Text adding Min and COLOR (1-30)sc.run(Text adding Min and COLOR (1-30)sc:30)
	at com.kms.katalon.core.main.ScriptEngine.run(ScriptEngine.java:194)
	at com.kms.katalon.core.main.ScriptEngine.runScriptAsRawText(ScriptEngine.java:119)
	at com.kms.katalon.core.main.TestCaseExecutor.runScript(TestCaseExecutor.java:337)
	at com.kms.katalon.core.main.TestCaseExecutor.doExecute(TestCaseExecutor.java:328)
	at com.kms.katalon.core.main.TestCaseExecutor.processExecutionPhase(TestCaseExecutor.java:307)
	at com.kms.katalon.core.main.TestCaseExecutor.accessMainPhase(TestCaseExecutor.java:299)
	at com.kms.katalon.core.main.TestCaseExecutor.execute(TestCaseExecutor.java:233)
	at com.kms.katalon.core.main.TestSuiteExecutor.accessTestCaseMainPhase(TestSuiteExecutor.java:169)
	at com.kms.katalon.core.main.TestSuiteExecutor.accessTestSuiteMainPhase(TestSuiteExecutor.java:142)
	at com.kms.katalon.core.main.TestSuiteExecutor.execute(TestSuiteExecutor.java:91)
	at com.kms.katalon.core.main.TestCaseMain.startTestSuite(TestCaseMain.java:157)
	at com.kms.katalon.core.main.TestCaseMain$startTestSuite$0.call(Unknown Source)
	at TempTestSuite1581081710748.run(TempTestSuite1581081710748.groovy:36)
)

2020-02-07 15:29:33 - [TEST_STEP][PASSED] - else: null

2020-02-07 15:29:33 - [TEST_STEP][PASSED] - break: null

2020-02-07 15:29:33 - [TEST_STEP][PASSED] - if (verifyElementPresent(findTestObject("Page_Reevio Video Maker/Editor_Scene_" + i), 0) == true): null

2020-02-07 15:29:33 - [MESSAGE][WARNING] - Timeout '0' is invalid. Using default page load timeout: '1'

2020-02-07 15:29:33 - [MESSAGE][PASSED] - Object 'Object Repository/Page_Reevio Video Maker/Editor_Scene_8' is present

2020-02-07 15:29:33 - [TEST_STEP][PASSED] - doubleClick(findTestObject("Page_Reevio Video Maker/Editor_Scene_" + i)): Object: 'Object Repository/Page_Reevio Video Maker/Editor_Scene_8' is double clicked on

2020-02-07 15:29:35 - [MESSAGE][PASSED] - Object: 'Object Repository/Page_Reevio Video Maker/Editor_Scene_8' is double clicked on

2020-02-07 15:29:35 - [TEST_STEP][PASSED] - delay(1): Delayed 1 second(s)

2020-02-07 15:29:36 - [MESSAGE][PASSED] - Delayed 1 second(s)

2020-02-07 15:29:36 - [TEST_STEP][FAILED] - for ([j = 1, j < 7, (j++)]): null

2020-02-07 15:29:36 - [TEST_STEP][PASSED] - if (verifyElementInViewport(findTestObject("Page_Reevio Video Maker/Editor/Test Text fields/a_Text " + j), 0) == true): null

2020-02-07 15:29:36 - [MESSAGE][WARNING] - Timeout '0' is invalid. Using default page load timeout: '1'

2020-02-07 15:29:37 - [MESSAGE][PASSED] - Object 'Object Repository/Page_Reevio Video Maker/Editor/Test Text fields/a_Text 1' is present and visible in viewport

2020-02-07 15:29:37 - [TEST_STEP][PASSED] - doubleClick(findTestObject("Page_Reevio Video Maker/Editor/Test Text fields/a_Text " + j)): Object: 'Object Repository/Page_Reevio Video Maker/Editor/Test Text fields/a_Text 1' is double clicked on

2020-02-07 15:29:38 - [MESSAGE][PASSED] - Object: 'Object Repository/Page_Reevio Video Maker/Editor/Test Text fields/a_Text 1' is double clicked on

2020-02-07 15:29:38 - [TEST_STEP][PASSED] - maxlength = getAttribute(findTestObject("Page_Reevio Video Maker/Editor/Test Text fields/a_Text " + j), "data-maxlength"): Attribute 'data-maxlength' of object 'Object Repository/Page_Reevio Video Maker/Editor/Test Text fields/a_Text 1' is: '40'

2020-02-07 15:29:39 - [MESSAGE][PASSED] - Attribute 'data-maxlength' of object 'Object Repository/Page_Reevio Video Maker/Editor/Test Text fields/a_Text 1' is: '40'

2020-02-07 15:29:39 - [TEST_STEP][PASSED] - clearText(findTestObject("Page_Reevio Video Maker/Editor/Text Editor/input_Enable text_cinput"), CONTINUE_ON_FAILURE): Text of object 'Object Repository/Page_Reevio Video Maker/Editor/Text Editor/input_Enable text_cinput' is cleared

2020-02-07 15:29:39 - [MESSAGE][PASSED] - Text of object 'Object Repository/Page_Reevio Video Maker/Editor/Text Editor/input_Enable text_cinput' is cleared

2020-02-07 15:29:39 - [TEST_STEP][PASSED] - setText(findTestObject("Page_Reevio Video Maker/Editor/Text Editor/input_Enable text_cinput"), findTestData("vavowDate").getValue(1, 6)): Text 'A beige fox jumps.' is set on object 'Object Repository/Page_Reevio Video Maker/Editor/Text Editor/input_Enable text_cinput'

2020-02-07 15:29:43 - [MESSAGE][PASSED] - Text 'A beige fox jumps.' is set on object 'Object Repository/Page_Reevio Video Maker/Editor/Text Editor/input_Enable text_cinput'

2020-02-07 15:29:43 - [TEST_STEP][PASSED] - click(findTestObject("Page_Reevio Video Maker/Editor/Text Editor/span_Save")): Object: 'Object Repository/Page_Reevio Video Maker/Editor/Text Editor/span_Save' is clicked on

2020-02-07 15:29:44 - [MESSAGE][PASSED] - Object: 'Object Repository/Page_Reevio Video Maker/Editor/Text Editor/span_Save' is clicked on

2020-02-07 15:29:44 - [TEST_STEP][PASSED] - click(findTestObject("Page_Reevio Video Maker/Editor/Text Color/span_Shadows Into Light_minicolors-swatch-color")): Object: 'Object Repository/Page_Reevio Video Maker/Editor/Text Color/span_Shadows Into Light_minicolors-swatch-color' is clicked on

2020-02-07 15:29:46 - [MESSAGE][PASSED] - Object: 'Object Repository/Page_Reevio Video Maker/Editor/Text Color/span_Shadows Into Light_minicolors-swatch-color' is clicked on

2020-02-07 15:29:46 - [TEST_STEP][PASSED] - clearText(findTestObject("Page_Reevio Video Maker/Editor/Text Color/input_RGB_texthex-color")): Text of object 'Object Repository/Page_Reevio Video Maker/Editor/Text Color/input_RGB_texthex-color' is cleared

2020-02-07 15:29:46 - [MESSAGE][PASSED] - Text of object 'Object Repository/Page_Reevio Video Maker/Editor/Text Color/input_RGB_texthex-color' is cleared

2020-02-07 15:29:46 - [TEST_STEP][PASSED] - setText(findTestObject("Page_Reevio Video Maker/Editor/Text Color/input_RGB_texthex-color"), findTestData("vavowDate").getValue(7, 1)): Text '#67FF4C' is set on object 'Object Repository/Page_Reevio Video Maker/Editor/Text Color/input_RGB_texthex-color'

2020-02-07 15:29:49 - [MESSAGE][PASSED] - Text '#67FF4C' is set on object 'Object Repository/Page_Reevio Video Maker/Editor/Text Color/input_RGB_texthex-color'

2020-02-07 15:29:49 - [TEST_STEP][PASSED] - click(findTestObject("Page_Reevio Video Maker/Editor/Text Color/button_Apply")): Object: 'Object Repository/Page_Reevio Video Maker/Editor/Text Color/button_Apply' is clicked on

2020-02-07 15:29:50 - [MESSAGE][PASSED] - Object: 'Object Repository/Page_Reevio Video Maker/Editor/Text Color/button_Apply' is clicked on

2020-02-07 15:29:50 - [TEST_STEP][PASSED] - maxlength = 0: null

2020-02-07 15:29:50 - [TEST_STEP][PASSED] - if (verifyElementInViewport(findTestObject("Page_Reevio Video Maker/Editor/Test Text fields/a_Text " + j), 0) == true): null

2020-02-07 15:29:50 - [MESSAGE][WARNING] - Timeout '0' is invalid. Using default page load timeout: '1'

2020-02-07 15:29:51 - [MESSAGE][PASSED] - Object 'Object Repository/Page_Reevio Video Maker/Editor/Test Text fields/a_Text 2' is present and visible in viewport

2020-02-07 15:29:51 - [TEST_STEP][PASSED] - doubleClick(findTestObject("Page_Reevio Video Maker/Editor/Test Text fields/a_Text " + j)): Object: 'Object Repository/Page_Reevio Video Maker/Editor/Test Text fields/a_Text 2' is double clicked on

2020-02-07 15:29:52 - [MESSAGE][PASSED] - Object: 'Object Repository/Page_Reevio Video Maker/Editor/Test Text fields/a_Text 2' is double clicked on

2020-02-07 15:29:52 - [TEST_STEP][PASSED] - maxlength = getAttribute(findTestObject("Page_Reevio Video Maker/Editor/Test Text fields/a_Text " + j), "data-maxlength"): Attribute 'data-maxlength' of object 'Object Repository/Page_Reevio Video Maker/Editor/Test Text fields/a_Text 2' is: '50'

2020-02-07 15:29:52 - [MESSAGE][PASSED] - Attribute 'data-maxlength' of object 'Object Repository/Page_Reevio Video Maker/Editor/Test Text fields/a_Text 2' is: '50'

2020-02-07 15:29:52 - [TEST_STEP][PASSED] - clearText(findTestObject("Page_Reevio Video Maker/Editor/Text Editor/input_Enable text_cinput"), CONTINUE_ON_FAILURE): Text of object 'Object Repository/Page_Reevio Video Maker/Editor/Text Editor/input_Enable text_cinput' is cleared

2020-02-07 15:29:53 - [MESSAGE][PASSED] - Text of object 'Object Repository/Page_Reevio Video Maker/Editor/Text Editor/input_Enable text_cinput' is cleared

2020-02-07 15:29:53 - [TEST_STEP][PASSED] - setText(findTestObject("Page_Reevio Video Maker/Editor/Text Editor/input_Enable text_cinput"), findTestData("vavowDate").getValue(1, 6)): Text 'A beige fox jumps.' is set on object 'Object Repository/Page_Reevio Video Maker/Editor/Text Editor/input_Enable text_cinput'

2020-02-07 15:29:56 - [MESSAGE][PASSED] - Text 'A beige fox jumps.' is set on object 'Object Repository/Page_Reevio Video Maker/Editor/Text Editor/input_Enable text_cinput'

2020-02-07 15:29:56 - [TEST_STEP][PASSED] - click(findTestObject("Page_Reevio Video Maker/Editor/Text Editor/span_Save")): Object: 'Object Repository/Page_Reevio Video Maker/Editor/Text Editor/span_Save' is clicked on

2020-02-07 15:29:57 - [MESSAGE][PASSED] - Object: 'Object Repository/Page_Reevio Video Maker/Editor/Text Editor/span_Save' is clicked on

2020-02-07 15:29:57 - [TEST_STEP][PASSED] - click(findTestObject("Page_Reevio Video Maker/Editor/Text Color/span_Shadows Into Light_minicolors-swatch-color")): Object: 'Object Repository/Page_Reevio Video Maker/Editor/Text Color/span_Shadows Into Light_minicolors-swatch-color' is clicked on

2020-02-07 15:29:58 - [MESSAGE][PASSED] - Object: 'Object Repository/Page_Reevio Video Maker/Editor/Text Color/span_Shadows Into Light_minicolors-swatch-color' is clicked on

2020-02-07 15:29:58 - [TEST_STEP][PASSED] - clearText(findTestObject("Page_Reevio Video Maker/Editor/Text Color/input_RGB_texthex-color")): Text of object 'Object Repository/Page_Reevio Video Maker/Editor/Text Color/input_RGB_texthex-color' is cleared

2020-02-07 15:29:58 - [MESSAGE][PASSED] - Text of object 'Object Repository/Page_Reevio Video Maker/Editor/Text Color/input_RGB_texthex-color' is cleared

2020-02-07 15:29:58 - [TEST_STEP][PASSED] - setText(findTestObject("Page_Reevio Video Maker/Editor/Text Color/input_RGB_texthex-color"), findTestData("vavowDate").getValue(7, 1)): Text '#67FF4C' is set on object 'Object Repository/Page_Reevio Video Maker/Editor/Text Color/input_RGB_texthex-color'

2020-02-07 15:30:00 - [MESSAGE][PASSED] - Text '#67FF4C' is set on object 'Object Repository/Page_Reevio Video Maker/Editor/Text Color/input_RGB_texthex-color'

2020-02-07 15:30:00 - [TEST_STEP][PASSED] - click(findTestObject("Page_Reevio Video Maker/Editor/Text Color/button_Apply")): Object: 'Object Repository/Page_Reevio Video Maker/Editor/Text Color/button_Apply' is clicked on

2020-02-07 15:30:01 - [MESSAGE][PASSED] - Object: 'Object Repository/Page_Reevio Video Maker/Editor/Text Color/button_Apply' is clicked on

2020-02-07 15:30:01 - [TEST_STEP][PASSED] - maxlength = 0: null

2020-02-07 15:30:01 - [TEST_STEP][PASSED] - if (verifyElementInViewport(findTestObject("Page_Reevio Video Maker/Editor/Test Text fields/a_Text " + j), 0) == true): null

2020-02-07 15:30:01 - [MESSAGE][WARNING] - Timeout '0' is invalid. Using default page load timeout: '1'

2020-02-07 15:30:01 - [MESSAGE][PASSED] - Object 'Object Repository/Page_Reevio Video Maker/Editor/Test Text fields/a_Text 3' is present and visible in viewport

2020-02-07 15:30:01 - [TEST_STEP][PASSED] - doubleClick(findTestObject("Page_Reevio Video Maker/Editor/Test Text fields/a_Text " + j)): Object: 'Object Repository/Page_Reevio Video Maker/Editor/Test Text fields/a_Text 3' is double clicked on

2020-02-07 15:30:02 - [MESSAGE][PASSED] - Object: 'Object Repository/Page_Reevio Video Maker/Editor/Test Text fields/a_Text 3' is double clicked on

2020-02-07 15:30:02 - [TEST_STEP][PASSED] - maxlength = getAttribute(findTestObject("Page_Reevio Video Maker/Editor/Test Text fields/a_Text " + j), "data-maxlength"): Attribute 'data-maxlength' of object 'Object Repository/Page_Reevio Video Maker/Editor/Test Text fields/a_Text 3' is: '40'

2020-02-07 15:30:02 - [MESSAGE][PASSED] - Attribute 'data-maxlength' of object 'Object Repository/Page_Reevio Video Maker/Editor/Test Text fields/a_Text 3' is: '40'

2020-02-07 15:30:02 - [TEST_STEP][PASSED] - clearText(findTestObject("Page_Reevio Video Maker/Editor/Text Editor/input_Enable text_cinput"), CONTINUE_ON_FAILURE): Text of object 'Object Repository/Page_Reevio Video Maker/Editor/Text Editor/input_Enable text_cinput' is cleared

2020-02-07 15:30:03 - [MESSAGE][PASSED] - Text of object 'Object Repository/Page_Reevio Video Maker/Editor/Text Editor/input_Enable text_cinput' is cleared

2020-02-07 15:30:03 - [TEST_STEP][PASSED] - setText(findTestObject("Page_Reevio Video Maker/Editor/Text Editor/input_Enable text_cinput"), findTestData("vavowDate").getValue(1, 6)): Text 'A beige fox jumps.' is set on object 'Object Repository/Page_Reevio Video Maker/Editor/Text Editor/input_Enable text_cinput'

2020-02-07 15:30:07 - [MESSAGE][PASSED] - Text 'A beige fox jumps.' is set on object 'Object Repository/Page_Reevio Video Maker/Editor/Text Editor/input_Enable text_cinput'

2020-02-07 15:30:07 - [TEST_STEP][PASSED] - click(findTestObject("Page_Reevio Video Maker/Editor/Text Editor/span_Save")): Object: 'Object Repository/Page_Reevio Video Maker/Editor/Text Editor/span_Save' is clicked on

2020-02-07 15:30:08 - [MESSAGE][PASSED] - Object: 'Object Repository/Page_Reevio Video Maker/Editor/Text Editor/span_Save' is clicked on

2020-02-07 15:30:08 - [TEST_STEP][PASSED] - click(findTestObject("Page_Reevio Video Maker/Editor/Text Color/span_Shadows Into Light_minicolors-swatch-color")): Object: 'Object Repository/Page_Reevio Video Maker/Editor/Text Color/span_Shadows Into Light_minicolors-swatch-color' is clicked on

2020-02-07 15:30:09 - [MESSAGE][PASSED] - Object: 'Object Repository/Page_Reevio Video Maker/Editor/Text Color/span_Shadows Into Light_minicolors-swatch-color' is clicked on

2020-02-07 15:30:09 - [TEST_STEP][PASSED] - clearText(findTestObject("Page_Reevio Video Maker/Editor/Text Color/input_RGB_texthex-color")): Text of object 'Object Repository/Page_Reevio Video Maker/Editor/Text Color/input_RGB_texthex-color' is cleared

2020-02-07 15:30:09 - [MESSAGE][PASSED] - Text of object 'Object Repository/Page_Reevio Video Maker/Editor/Text Color/input_RGB_texthex-color' is cleared

2020-02-07 15:30:09 - [TEST_STEP][PASSED] - setText(findTestObject("Page_Reevio Video Maker/Editor/Text Color/input_RGB_texthex-color"), findTestData("vavowDate").getValue(7, 1)): Text '#67FF4C' is set on object 'Object Repository/Page_Reevio Video Maker/Editor/Text Color/input_RGB_texthex-color'

2020-02-07 15:30:11 - [MESSAGE][PASSED] - Text '#67FF4C' is set on object 'Object Repository/Page_Reevio Video Maker/Editor/Text Color/input_RGB_texthex-color'

2020-02-07 15:30:11 - [TEST_STEP][PASSED] - click(findTestObject("Page_Reevio Video Maker/Editor/Text Color/button_Apply")): Object: 'Object Repository/Page_Reevio Video Maker/Editor/Text Color/button_Apply' is clicked on

2020-02-07 15:30:12 - [MESSAGE][PASSED] - Object: 'Object Repository/Page_Reevio Video Maker/Editor/Text Color/button_Apply' is clicked on

2020-02-07 15:30:12 - [TEST_STEP][PASSED] - maxlength = 0: null

2020-02-07 15:30:12 - [TEST_STEP][PASSED] - if (verifyElementInViewport(findTestObject("Page_Reevio Video Maker/Editor/Test Text fields/a_Text " + j), 0) == true): null

2020-02-07 15:30:13 - [MESSAGE][WARNING] - Timeout '0' is invalid. Using default page load timeout: '1'

2020-02-07 15:30:14 - [MESSAGE][PASSED] - Object 'Object Repository/Page_Reevio Video Maker/Editor/Test Text fields/a_Text 4' is present and visible in viewport

2020-02-07 15:30:14 - [TEST_STEP][PASSED] - doubleClick(findTestObject("Page_Reevio Video Maker/Editor/Test Text fields/a_Text " + j)): Object: 'Object Repository/Page_Reevio Video Maker/Editor/Test Text fields/a_Text 4' is double clicked on

2020-02-07 15:30:15 - [MESSAGE][PASSED] - Object: 'Object Repository/Page_Reevio Video Maker/Editor/Test Text fields/a_Text 4' is double clicked on

2020-02-07 15:30:15 - [TEST_STEP][PASSED] - maxlength = getAttribute(findTestObject("Page_Reevio Video Maker/Editor/Test Text fields/a_Text " + j), "data-maxlength"): Attribute 'data-maxlength' of object 'Object Repository/Page_Reevio Video Maker/Editor/Test Text fields/a_Text 4' is: '45'

2020-02-07 15:30:15 - [MESSAGE][PASSED] - Attribute 'data-maxlength' of object 'Object Repository/Page_Reevio Video Maker/Editor/Test Text fields/a_Text 4' is: '45'

2020-02-07 15:30:15 - [TEST_STEP][PASSED] - clearText(findTestObject("Page_Reevio Video Maker/Editor/Text Editor/input_Enable text_cinput"), CONTINUE_ON_FAILURE): Text of object 'Object Repository/Page_Reevio Video Maker/Editor/Text Editor/input_Enable text_cinput' is cleared

2020-02-07 15:30:16 - [MESSAGE][PASSED] - Text of object 'Object Repository/Page_Reevio Video Maker/Editor/Text Editor/input_Enable text_cinput' is cleared

2020-02-07 15:30:16 - [TEST_STEP][PASSED] - setText(findTestObject("Page_Reevio Video Maker/Editor/Text Editor/input_Enable text_cinput"), findTestData("vavowDate").getValue(1, 6)): Text 'A beige fox jumps.' is set on object 'Object Repository/Page_Reevio Video Maker/Editor/Text Editor/input_Enable text_cinput'

2020-02-07 15:30:19 - [MESSAGE][PASSED] - Text 'A beige fox jumps.' is set on object 'Object Repository/Page_Reevio Video Maker/Editor/Text Editor/input_Enable text_cinput'

2020-02-07 15:30:19 - [TEST_STEP][PASSED] - click(findTestObject("Page_Reevio Video Maker/Editor/Text Editor/span_Save")): Object: 'Object Repository/Page_Reevio Video Maker/Editor/Text Editor/span_Save' is clicked on

2020-02-07 15:30:20 - [MESSAGE][PASSED] - Object: 'Object Repository/Page_Reevio Video Maker/Editor/Text Editor/span_Save' is clicked on

2020-02-07 15:30:20 - [TEST_STEP][PASSED] - click(findTestObject("Page_Reevio Video Maker/Editor/Text Color/span_Shadows Into Light_minicolors-swatch-color")): Object: 'Object Repository/Page_Reevio Video Maker/Editor/Text Color/span_Shadows Into Light_minicolors-swatch-color' is clicked on

2020-02-07 15:30:21 - [MESSAGE][PASSED] - Object: 'Object Repository/Page_Reevio Video Maker/Editor/Text Color/span_Shadows Into Light_minicolors-swatch-color' is clicked on

2020-02-07 15:30:21 - [TEST_STEP][PASSED] - clearText(findTestObject("Page_Reevio Video Maker/Editor/Text Color/input_RGB_texthex-color")): Text of object 'Object Repository/Page_Reevio Video Maker/Editor/Text Color/input_RGB_texthex-color' is cleared

2020-02-07 15:30:22 - [MESSAGE][PASSED] - Text of object 'Object Repository/Page_Reevio Video Maker/Editor/Text Color/input_RGB_texthex-color' is cleared

2020-02-07 15:30:22 - [TEST_STEP][PASSED] - setText(findTestObject("Page_Reevio Video Maker/Editor/Text Color/input_RGB_texthex-color"), findTestData("vavowDate").getValue(7, 1)): Text '#67FF4C' is set on object 'Object Repository/Page_Reevio Video Maker/Editor/Text Color/input_RGB_texthex-color'

2020-02-07 15:30:24 - [MESSAGE][PASSED] - Text '#67FF4C' is set on object 'Object Repository/Page_Reevio Video Maker/Editor/Text Color/input_RGB_texthex-color'

2020-02-07 15:30:24 - [TEST_STEP][PASSED] - click(findTestObject("Page_Reevio Video Maker/Editor/Text Color/button_Apply")): Object: 'Object Repository/Page_Reevio Video Maker/Editor/Text Color/button_Apply' is clicked on

2020-02-07 15:30:25 - [MESSAGE][PASSED] - Object: 'Object Repository/Page_Reevio Video Maker/Editor/Text Color/button_Apply' is clicked on

2020-02-07 15:30:25 - [TEST_STEP][PASSED] - maxlength = 0: null

2020-02-07 15:30:25 - [TEST_STEP][FAILED] - if (verifyElementInViewport(findTestObject("Page_Reevio Video Maker/Editor/Test Text fields/a_Text " + j), 0) == true): Object 'Object Repository/Page_Reevio Video Maker/Editor/Test Text fields/a_Text 5' is not present (Root cause: com.kms.katalon.core.exception.StepFailedException: Object 'Object Repository/Page_Reevio Video Maker/Editor/Test Text fields/a_Text 5' is not present
	at com.kms.katalon.core.webui.keyword.internal.WebUIKeywordMain.stepFailed(WebUIKeywordMain.groovy:64)
	at com.kms.katalon.core.webui.keyword.builtin.VerifyElementVisibleInViewportKeyword$_verifyElementVisibleInViewport_closure1.doCall(VerifyElementVisibleInViewportKeyword.groovy:83)
	at com.kms.katalon.core.webui.keyword.builtin.VerifyElementVisibleInViewportKeyword$_verifyElementVisibleInViewport_closure1.call(VerifyElementVisibleInViewportKeyword.groovy)
	at com.kms.katalon.core.webui.keyword.internal.WebUIKeywordMain.runKeyword(WebUIKeywordMain.groovy:20)
	at com.kms.katalon.core.webui.keyword.builtin.VerifyElementVisibleInViewportKeyword.verifyElementVisibleInViewport(VerifyElementVisibleInViewportKeyword.groovy:86)
	at com.kms.katalon.core.webui.keyword.builtin.VerifyElementVisibleInViewportKeyword.execute(VerifyElementVisibleInViewportKeyword.groovy:68)
	at com.kms.katalon.core.keyword.internal.KeywordExecutor.executeKeywordForPlatform(KeywordExecutor.groovy:72)
	at com.kms.katalon.core.webui.keyword.WebUiBuiltInKeywords.verifyElementInViewport(WebUiBuiltInKeywords.groovy:3039)
	at com.kms.katalon.core.webui.keyword.WebUiBuiltInKeywords$verifyElementInViewport$14.call(Unknown Source)
	at Text adding Min and COLOR (1-30)sc.run(Text adding Min and COLOR (1-30)sc:30)
	at com.kms.katalon.core.main.ScriptEngine.run(ScriptEngine.java:194)
	at com.kms.katalon.core.main.ScriptEngine.runScriptAsRawText(ScriptEngine.java:119)
	at com.kms.katalon.core.main.TestCaseExecutor.runScript(TestCaseExecutor.java:337)
	at com.kms.katalon.core.main.TestCaseExecutor.doExecute(TestCaseExecutor.java:328)
	at com.kms.katalon.core.main.TestCaseExecutor.processExecutionPhase(TestCaseExecutor.java:307)
	at com.kms.katalon.core.main.TestCaseExecutor.accessMainPhase(TestCaseExecutor.java:299)
	at com.kms.katalon.core.main.TestCaseExecutor.execute(TestCaseExecutor.java:233)
	at com.kms.katalon.core.main.TestSuiteExecutor.accessTestCaseMainPhase(TestSuiteExecutor.java:169)
	at com.kms.katalon.core.main.TestSuiteExecutor.accessTestSuiteMainPhase(TestSuiteExecutor.java:142)
	at com.kms.katalon.core.main.TestSuiteExecutor.execute(TestSuiteExecutor.java:91)
	at com.kms.katalon.core.main.TestCaseMain.startTestSuite(TestCaseMain.java:157)
	at com.kms.katalon.core.main.TestCaseMain$startTestSuite$0.call(Unknown Source)
	at TempTestSuite1581081710748.run(TempTestSuite1581081710748.groovy:36)
)

2020-02-07 15:30:25 - [MESSAGE][WARNING] - Timeout '0' is invalid. Using default page load timeout: '1'

2020-02-07 15:30:26 - [MESSAGE][INFO] - Unable to find the element located by 'By.xpath: (//div[@class='current-slide active-slide']//*[@id="anchor_input"])[5]'. Please recheck the objects properties to make sure the desired element is located. 

2020-02-07 15:30:26 - [MESSAGE][FAILED] - Object 'Object Repository/Page_Reevio Video Maker/Editor/Test Text fields/a_Text 5' is not present (Root cause: com.kms.katalon.core.exception.StepFailedException: Object 'Object Repository/Page_Reevio Video Maker/Editor/Test Text fields/a_Text 5' is not present
	at com.kms.katalon.core.webui.keyword.internal.WebUIKeywordMain.stepFailed(WebUIKeywordMain.groovy:64)
	at com.kms.katalon.core.webui.keyword.builtin.VerifyElementVisibleInViewportKeyword$_verifyElementVisibleInViewport_closure1.doCall(VerifyElementVisibleInViewportKeyword.groovy:83)
	at com.kms.katalon.core.webui.keyword.builtin.VerifyElementVisibleInViewportKeyword$_verifyElementVisibleInViewport_closure1.call(VerifyElementVisibleInViewportKeyword.groovy)
	at com.kms.katalon.core.webui.keyword.internal.WebUIKeywordMain.runKeyword(WebUIKeywordMain.groovy:20)
	at com.kms.katalon.core.webui.keyword.builtin.VerifyElementVisibleInViewportKeyword.verifyElementVisibleInViewport(VerifyElementVisibleInViewportKeyword.groovy:86)
	at com.kms.katalon.core.webui.keyword.builtin.VerifyElementVisibleInViewportKeyword.execute(VerifyElementVisibleInViewportKeyword.groovy:68)
	at com.kms.katalon.core.keyword.internal.KeywordExecutor.executeKeywordForPlatform(KeywordExecutor.groovy:72)
	at com.kms.katalon.core.webui.keyword.WebUiBuiltInKeywords.verifyElementInViewport(WebUiBuiltInKeywords.groovy:3039)
	at com.kms.katalon.core.webui.keyword.WebUiBuiltInKeywords$verifyElementInViewport$14.call(Unknown Source)
	at Text adding Min and COLOR (1-30)sc.run(Text adding Min and COLOR (1-30)sc:30)
	at com.kms.katalon.core.main.ScriptEngine.run(ScriptEngine.java:194)
	at com.kms.katalon.core.main.ScriptEngine.runScriptAsRawText(ScriptEngine.java:119)
	at com.kms.katalon.core.main.TestCaseExecutor.runScript(TestCaseExecutor.java:337)
	at com.kms.katalon.core.main.TestCaseExecutor.doExecute(TestCaseExecutor.java:328)
	at com.kms.katalon.core.main.TestCaseExecutor.processExecutionPhase(TestCaseExecutor.java:307)
	at com.kms.katalon.core.main.TestCaseExecutor.accessMainPhase(TestCaseExecutor.java:299)
	at com.kms.katalon.core.main.TestCaseExecutor.execute(TestCaseExecutor.java:233)
	at com.kms.katalon.core.main.TestSuiteExecutor.accessTestCaseMainPhase(TestSuiteExecutor.java:169)
	at com.kms.katalon.core.main.TestSuiteExecutor.accessTestSuiteMainPhase(TestSuiteExecutor.java:142)
	at com.kms.katalon.core.main.TestSuiteExecutor.execute(TestSuiteExecutor.java:91)
	at com.kms.katalon.core.main.TestCaseMain.startTestSuite(TestCaseMain.java:157)
	at com.kms.katalon.core.main.TestCaseMain$startTestSuite$0.call(Unknown Source)
	at TempTestSuite1581081710748.run(TempTestSuite1581081710748.groovy:36)
)

2020-02-07 15:30:26 - [TEST_STEP][PASSED] - else: null

2020-02-07 15:30:26 - [TEST_STEP][PASSED] - break: null

2020-02-07 15:30:26 - [TEST_STEP][PASSED] - if (verifyElementPresent(findTestObject("Page_Reevio Video Maker/Editor_Scene_" + i), 0) == true): null

2020-02-07 15:30:26 - [MESSAGE][WARNING] - Timeout '0' is invalid. Using default page load timeout: '1'

2020-02-07 15:30:27 - [MESSAGE][PASSED] - Object 'Object Repository/Page_Reevio Video Maker/Editor_Scene_9' is present

2020-02-07 15:30:27 - [TEST_STEP][PASSED] - doubleClick(findTestObject("Page_Reevio Video Maker/Editor_Scene_" + i)): Object: 'Object Repository/Page_Reevio Video Maker/Editor_Scene_9' is double clicked on

2020-02-07 15:30:28 - [MESSAGE][PASSED] - Object: 'Object Repository/Page_Reevio Video Maker/Editor_Scene_9' is double clicked on

2020-02-07 15:30:28 - [TEST_STEP][PASSED] - delay(1): Delayed 1 second(s)

2020-02-07 15:30:29 - [MESSAGE][PASSED] - Delayed 1 second(s)

2020-02-07 15:30:29 - [TEST_STEP][FAILED] - for ([j = 1, j < 7, (j++)]): null

2020-02-07 15:30:29 - [TEST_STEP][PASSED] - if (verifyElementInViewport(findTestObject("Page_Reevio Video Maker/Editor/Test Text fields/a_Text " + j), 0) == true): null

2020-02-07 15:30:29 - [MESSAGE][WARNING] - Timeout '0' is invalid. Using default page load timeout: '1'

2020-02-07 15:30:30 - [MESSAGE][PASSED] - Object 'Object Repository/Page_Reevio Video Maker/Editor/Test Text fields/a_Text 1' is present and visible in viewport

2020-02-07 15:30:30 - [TEST_STEP][PASSED] - doubleClick(findTestObject("Page_Reevio Video Maker/Editor/Test Text fields/a_Text " + j)): Object: 'Object Repository/Page_Reevio Video Maker/Editor/Test Text fields/a_Text 1' is double clicked on

2020-02-07 15:30:31 - [MESSAGE][PASSED] - Object: 'Object Repository/Page_Reevio Video Maker/Editor/Test Text fields/a_Text 1' is double clicked on

2020-02-07 15:30:31 - [TEST_STEP][PASSED] - maxlength = getAttribute(findTestObject("Page_Reevio Video Maker/Editor/Test Text fields/a_Text " + j), "data-maxlength"): Attribute 'data-maxlength' of object 'Object Repository/Page_Reevio Video Maker/Editor/Test Text fields/a_Text 1' is: '45'

2020-02-07 15:30:32 - [MESSAGE][PASSED] - Attribute 'data-maxlength' of object 'Object Repository/Page_Reevio Video Maker/Editor/Test Text fields/a_Text 1' is: '45'

2020-02-07 15:30:32 - [TEST_STEP][PASSED] - clearText(findTestObject("Page_Reevio Video Maker/Editor/Text Editor/input_Enable text_cinput"), CONTINUE_ON_FAILURE): Text of object 'Object Repository/Page_Reevio Video Maker/Editor/Text Editor/input_Enable text_cinput' is cleared

2020-02-07 15:30:32 - [MESSAGE][PASSED] - Text of object 'Object Repository/Page_Reevio Video Maker/Editor/Text Editor/input_Enable text_cinput' is cleared

2020-02-07 15:30:32 - [TEST_STEP][PASSED] - setText(findTestObject("Page_Reevio Video Maker/Editor/Text Editor/input_Enable text_cinput"), findTestData("vavowDate").getValue(1, 6)): Text 'A beige fox jumps.' is set on object 'Object Repository/Page_Reevio Video Maker/Editor/Text Editor/input_Enable text_cinput'

2020-02-07 15:30:36 - [MESSAGE][PASSED] - Text 'A beige fox jumps.' is set on object 'Object Repository/Page_Reevio Video Maker/Editor/Text Editor/input_Enable text_cinput'

2020-02-07 15:30:36 - [TEST_STEP][PASSED] - click(findTestObject("Page_Reevio Video Maker/Editor/Text Editor/span_Save")): Object: 'Object Repository/Page_Reevio Video Maker/Editor/Text Editor/span_Save' is clicked on

2020-02-07 15:30:37 - [MESSAGE][PASSED] - Object: 'Object Repository/Page_Reevio Video Maker/Editor/Text Editor/span_Save' is clicked on

2020-02-07 15:30:37 - [TEST_STEP][PASSED] - click(findTestObject("Page_Reevio Video Maker/Editor/Text Color/span_Shadows Into Light_minicolors-swatch-color")): Object: 'Object Repository/Page_Reevio Video Maker/Editor/Text Color/span_Shadows Into Light_minicolors-swatch-color' is clicked on

2020-02-07 15:30:38 - [MESSAGE][PASSED] - Object: 'Object Repository/Page_Reevio Video Maker/Editor/Text Color/span_Shadows Into Light_minicolors-swatch-color' is clicked on

2020-02-07 15:30:38 - [TEST_STEP][PASSED] - clearText(findTestObject("Page_Reevio Video Maker/Editor/Text Color/input_RGB_texthex-color")): Text of object 'Object Repository/Page_Reevio Video Maker/Editor/Text Color/input_RGB_texthex-color' is cleared

2020-02-07 15:30:39 - [MESSAGE][PASSED] - Text of object 'Object Repository/Page_Reevio Video Maker/Editor/Text Color/input_RGB_texthex-color' is cleared

2020-02-07 15:30:39 - [TEST_STEP][PASSED] - setText(findTestObject("Page_Reevio Video Maker/Editor/Text Color/input_RGB_texthex-color"), findTestData("vavowDate").getValue(7, 1)): Text '#67FF4C' is set on object 'Object Repository/Page_Reevio Video Maker/Editor/Text Color/input_RGB_texthex-color'

2020-02-07 15:30:41 - [MESSAGE][PASSED] - Text '#67FF4C' is set on object 'Object Repository/Page_Reevio Video Maker/Editor/Text Color/input_RGB_texthex-color'

2020-02-07 15:30:41 - [TEST_STEP][PASSED] - click(findTestObject("Page_Reevio Video Maker/Editor/Text Color/button_Apply")): Object: 'Object Repository/Page_Reevio Video Maker/Editor/Text Color/button_Apply' is clicked on

2020-02-07 15:30:42 - [MESSAGE][PASSED] - Object: 'Object Repository/Page_Reevio Video Maker/Editor/Text Color/button_Apply' is clicked on

2020-02-07 15:30:42 - [TEST_STEP][PASSED] - maxlength = 0: null

2020-02-07 15:30:42 - [TEST_STEP][PASSED] - if (verifyElementInViewport(findTestObject("Page_Reevio Video Maker/Editor/Test Text fields/a_Text " + j), 0) == true): null

2020-02-07 15:30:42 - [MESSAGE][WARNING] - Timeout '0' is invalid. Using default page load timeout: '1'

2020-02-07 15:30:43 - [MESSAGE][PASSED] - Object 'Object Repository/Page_Reevio Video Maker/Editor/Test Text fields/a_Text 2' is present and visible in viewport

2020-02-07 15:30:43 - [TEST_STEP][PASSED] - doubleClick(findTestObject("Page_Reevio Video Maker/Editor/Test Text fields/a_Text " + j)): Object: 'Object Repository/Page_Reevio Video Maker/Editor/Test Text fields/a_Text 2' is double clicked on

2020-02-07 15:30:44 - [MESSAGE][PASSED] - Object: 'Object Repository/Page_Reevio Video Maker/Editor/Test Text fields/a_Text 2' is double clicked on

2020-02-07 15:30:44 - [TEST_STEP][PASSED] - maxlength = getAttribute(findTestObject("Page_Reevio Video Maker/Editor/Test Text fields/a_Text " + j), "data-maxlength"): Attribute 'data-maxlength' of object 'Object Repository/Page_Reevio Video Maker/Editor/Test Text fields/a_Text 2' is: '45'

2020-02-07 15:30:44 - [MESSAGE][PASSED] - Attribute 'data-maxlength' of object 'Object Repository/Page_Reevio Video Maker/Editor/Test Text fields/a_Text 2' is: '45'

2020-02-07 15:30:44 - [TEST_STEP][PASSED] - clearText(findTestObject("Page_Reevio Video Maker/Editor/Text Editor/input_Enable text_cinput"), CONTINUE_ON_FAILURE): Text of object 'Object Repository/Page_Reevio Video Maker/Editor/Text Editor/input_Enable text_cinput' is cleared

2020-02-07 15:30:45 - [MESSAGE][PASSED] - Text of object 'Object Repository/Page_Reevio Video Maker/Editor/Text Editor/input_Enable text_cinput' is cleared

2020-02-07 15:30:45 - [TEST_STEP][PASSED] - setText(findTestObject("Page_Reevio Video Maker/Editor/Text Editor/input_Enable text_cinput"), findTestData("vavowDate").getValue(1, 6)): Text 'A beige fox jumps.' is set on object 'Object Repository/Page_Reevio Video Maker/Editor/Text Editor/input_Enable text_cinput'

2020-02-07 15:30:49 - [MESSAGE][PASSED] - Text 'A beige fox jumps.' is set on object 'Object Repository/Page_Reevio Video Maker/Editor/Text Editor/input_Enable text_cinput'

2020-02-07 15:30:49 - [TEST_STEP][PASSED] - click(findTestObject("Page_Reevio Video Maker/Editor/Text Editor/span_Save")): Object: 'Object Repository/Page_Reevio Video Maker/Editor/Text Editor/span_Save' is clicked on

2020-02-07 15:30:49 - [MESSAGE][PASSED] - Object: 'Object Repository/Page_Reevio Video Maker/Editor/Text Editor/span_Save' is clicked on

2020-02-07 15:30:49 - [TEST_STEP][PASSED] - click(findTestObject("Page_Reevio Video Maker/Editor/Text Color/span_Shadows Into Light_minicolors-swatch-color")): Object: 'Object Repository/Page_Reevio Video Maker/Editor/Text Color/span_Shadows Into Light_minicolors-swatch-color' is clicked on

2020-02-07 15:30:49 - [MESSAGE][PASSED] - Object: 'Object Repository/Page_Reevio Video Maker/Editor/Text Color/span_Shadows Into Light_minicolors-swatch-color' is clicked on

2020-02-07 15:30:49 - [TEST_STEP][PASSED] - clearText(findTestObject("Page_Reevio Video Maker/Editor/Text Color/input_RGB_texthex-color")): Text of object 'Object Repository/Page_Reevio Video Maker/Editor/Text Color/input_RGB_texthex-color' is cleared

2020-02-07 15:30:49 - [MESSAGE][PASSED] - Text of object 'Object Repository/Page_Reevio Video Maker/Editor/Text Color/input_RGB_texthex-color' is cleared

2020-02-07 15:30:49 - [TEST_STEP][PASSED] - setText(findTestObject("Page_Reevio Video Maker/Editor/Text Color/input_RGB_texthex-color"), findTestData("vavowDate").getValue(7, 1)): Text '#67FF4C' is set on object 'Object Repository/Page_Reevio Video Maker/Editor/Text Color/input_RGB_texthex-color'

2020-02-07 15:30:50 - [MESSAGE][PASSED] - Text '#67FF4C' is set on object 'Object Repository/Page_Reevio Video Maker/Editor/Text Color/input_RGB_texthex-color'

2020-02-07 15:30:50 - [TEST_STEP][PASSED] - click(findTestObject("Page_Reevio Video Maker/Editor/Text Color/button_Apply")): Object: 'Object Repository/Page_Reevio Video Maker/Editor/Text Color/button_Apply' is clicked on

2020-02-07 15:30:50 - [MESSAGE][PASSED] - Object: 'Object Repository/Page_Reevio Video Maker/Editor/Text Color/button_Apply' is clicked on

2020-02-07 15:30:50 - [TEST_STEP][PASSED] - maxlength = 0: null

2020-02-07 15:30:50 - [TEST_STEP][PASSED] - if (verifyElementInViewport(findTestObject("Page_Reevio Video Maker/Editor/Test Text fields/a_Text " + j), 0) == true): null

2020-02-07 15:30:50 - [MESSAGE][WARNING] - Timeout '0' is invalid. Using default page load timeout: '1'

2020-02-07 15:30:50 - [MESSAGE][PASSED] - Object 'Object Repository/Page_Reevio Video Maker/Editor/Test Text fields/a_Text 3' is present and visible in viewport

2020-02-07 15:30:50 - [TEST_STEP][PASSED] - doubleClick(findTestObject("Page_Reevio Video Maker/Editor/Test Text fields/a_Text " + j)): Object: 'Object Repository/Page_Reevio Video Maker/Editor/Test Text fields/a_Text 3' is double clicked on

2020-02-07 15:30:51 - [MESSAGE][PASSED] - Object: 'Object Repository/Page_Reevio Video Maker/Editor/Test Text fields/a_Text 3' is double clicked on

2020-02-07 15:30:51 - [TEST_STEP][PASSED] - maxlength = getAttribute(findTestObject("Page_Reevio Video Maker/Editor/Test Text fields/a_Text " + j), "data-maxlength"): Attribute 'data-maxlength' of object 'Object Repository/Page_Reevio Video Maker/Editor/Test Text fields/a_Text 3' is: '45'

2020-02-07 15:30:51 - [MESSAGE][PASSED] - Attribute 'data-maxlength' of object 'Object Repository/Page_Reevio Video Maker/Editor/Test Text fields/a_Text 3' is: '45'

2020-02-07 15:30:51 - [TEST_STEP][PASSED] - clearText(findTestObject("Page_Reevio Video Maker/Editor/Text Editor/input_Enable text_cinput"), CONTINUE_ON_FAILURE): Text of object 'Object Repository/Page_Reevio Video Maker/Editor/Text Editor/input_Enable text_cinput' is cleared

2020-02-07 15:30:51 - [MESSAGE][PASSED] - Text of object 'Object Repository/Page_Reevio Video Maker/Editor/Text Editor/input_Enable text_cinput' is cleared

2020-02-07 15:30:51 - [TEST_STEP][PASSED] - setText(findTestObject("Page_Reevio Video Maker/Editor/Text Editor/input_Enable text_cinput"), findTestData("vavowDate").getValue(1, 6)): Text 'A beige fox jumps.' is set on object 'Object Repository/Page_Reevio Video Maker/Editor/Text Editor/input_Enable text_cinput'

2020-02-07 15:30:52 - [MESSAGE][PASSED] - Text 'A beige fox jumps.' is set on object 'Object Repository/Page_Reevio Video Maker/Editor/Text Editor/input_Enable text_cinput'

2020-02-07 15:30:52 - [TEST_STEP][PASSED] - click(findTestObject("Page_Reevio Video Maker/Editor/Text Editor/span_Save")): Object: 'Object Repository/Page_Reevio Video Maker/Editor/Text Editor/span_Save' is clicked on

2020-02-07 15:30:52 - [MESSAGE][PASSED] - Object: 'Object Repository/Page_Reevio Video Maker/Editor/Text Editor/span_Save' is clicked on

2020-02-07 15:30:52 - [TEST_STEP][PASSED] - click(findTestObject("Page_Reevio Video Maker/Editor/Text Color/span_Shadows Into Light_minicolors-swatch-color")): Object: 'Object Repository/Page_Reevio Video Maker/Editor/Text Color/span_Shadows Into Light_minicolors-swatch-color' is clicked on

2020-02-07 15:30:52 - [MESSAGE][PASSED] - Object: 'Object Repository/Page_Reevio Video Maker/Editor/Text Color/span_Shadows Into Light_minicolors-swatch-color' is clicked on

2020-02-07 15:30:52 - [TEST_STEP][PASSED] - clearText(findTestObject("Page_Reevio Video Maker/Editor/Text Color/input_RGB_texthex-color")): Text of object 'Object Repository/Page_Reevio Video Maker/Editor/Text Color/input_RGB_texthex-color' is cleared

2020-02-07 15:30:52 - [MESSAGE][PASSED] - Text of object 'Object Repository/Page_Reevio Video Maker/Editor/Text Color/input_RGB_texthex-color' is cleared

2020-02-07 15:30:52 - [TEST_STEP][PASSED] - setText(findTestObject("Page_Reevio Video Maker/Editor/Text Color/input_RGB_texthex-color"), findTestData("vavowDate").getValue(7, 1)): Text '#67FF4C' is set on object 'Object Repository/Page_Reevio Video Maker/Editor/Text Color/input_RGB_texthex-color'

2020-02-07 15:30:52 - [MESSAGE][PASSED] - Text '#67FF4C' is set on object 'Object Repository/Page_Reevio Video Maker/Editor/Text Color/input_RGB_texthex-color'

2020-02-07 15:30:52 - [TEST_STEP][PASSED] - click(findTestObject("Page_Reevio Video Maker/Editor/Text Color/button_Apply")): Object: 'Object Repository/Page_Reevio Video Maker/Editor/Text Color/button_Apply' is clicked on

2020-02-07 15:30:53 - [MESSAGE][PASSED] - Object: 'Object Repository/Page_Reevio Video Maker/Editor/Text Color/button_Apply' is clicked on

2020-02-07 15:30:53 - [TEST_STEP][PASSED] - maxlength = 0: null

2020-02-07 15:30:53 - [TEST_STEP][FAILED] - if (verifyElementInViewport(findTestObject("Page_Reevio Video Maker/Editor/Test Text fields/a_Text " + j), 0) == true): Object 'Object Repository/Page_Reevio Video Maker/Editor/Test Text fields/a_Text 4' is not present (Root cause: com.kms.katalon.core.exception.StepFailedException: Object 'Object Repository/Page_Reevio Video Maker/Editor/Test Text fields/a_Text 4' is not present
	at com.kms.katalon.core.webui.keyword.internal.WebUIKeywordMain.stepFailed(WebUIKeywordMain.groovy:64)
	at com.kms.katalon.core.webui.keyword.builtin.VerifyElementVisibleInViewportKeyword$_verifyElementVisibleInViewport_closure1.doCall(VerifyElementVisibleInViewportKeyword.groovy:83)
	at com.kms.katalon.core.webui.keyword.builtin.VerifyElementVisibleInViewportKeyword$_verifyElementVisibleInViewport_closure1.call(VerifyElementVisibleInViewportKeyword.groovy)
	at com.kms.katalon.core.webui.keyword.internal.WebUIKeywordMain.runKeyword(WebUIKeywordMain.groovy:20)
	at com.kms.katalon.core.webui.keyword.builtin.VerifyElementVisibleInViewportKeyword.verifyElementVisibleInViewport(VerifyElementVisibleInViewportKeyword.groovy:86)
	at com.kms.katalon.core.webui.keyword.builtin.VerifyElementVisibleInViewportKeyword.execute(VerifyElementVisibleInViewportKeyword.groovy:68)
	at com.kms.katalon.core.keyword.internal.KeywordExecutor.executeKeywordForPlatform(KeywordExecutor.groovy:72)
	at com.kms.katalon.core.webui.keyword.WebUiBuiltInKeywords.verifyElementInViewport(WebUiBuiltInKeywords.groovy:3039)
	at com.kms.katalon.core.webui.keyword.WebUiBuiltInKeywords$verifyElementInViewport$14.call(Unknown Source)
	at Text adding Min and COLOR (1-30)sc.run(Text adding Min and COLOR (1-30)sc:30)
	at com.kms.katalon.core.main.ScriptEngine.run(ScriptEngine.java:194)
	at com.kms.katalon.core.main.ScriptEngine.runScriptAsRawText(ScriptEngine.java:119)
	at com.kms.katalon.core.main.TestCaseExecutor.runScript(TestCaseExecutor.java:337)
	at com.kms.katalon.core.main.TestCaseExecutor.doExecute(TestCaseExecutor.java:328)
	at com.kms.katalon.core.main.TestCaseExecutor.processExecutionPhase(TestCaseExecutor.java:307)
	at com.kms.katalon.core.main.TestCaseExecutor.accessMainPhase(TestCaseExecutor.java:299)
	at com.kms.katalon.core.main.TestCaseExecutor.execute(TestCaseExecutor.java:233)
	at com.kms.katalon.core.main.TestSuiteExecutor.accessTestCaseMainPhase(TestSuiteExecutor.java:169)
	at com.kms.katalon.core.main.TestSuiteExecutor.accessTestSuiteMainPhase(TestSuiteExecutor.java:142)
	at com.kms.katalon.core.main.TestSuiteExecutor.execute(TestSuiteExecutor.java:91)
	at com.kms.katalon.core.main.TestCaseMain.startTestSuite(TestCaseMain.java:157)
	at com.kms.katalon.core.main.TestCaseMain$startTestSuite$0.call(Unknown Source)
	at TempTestSuite1581081710748.run(TempTestSuite1581081710748.groovy:36)
)

2020-02-07 15:30:53 - [MESSAGE][WARNING] - Timeout '0' is invalid. Using default page load timeout: '1'

2020-02-07 15:30:54 - [MESSAGE][INFO] - Unable to find the element located by 'By.xpath: (//div[@class='current-slide active-slide']//*[@id="anchor_input"])[4]'. Please recheck the objects properties to make sure the desired element is located. 

2020-02-07 15:30:54 - [MESSAGE][FAILED] - Object 'Object Repository/Page_Reevio Video Maker/Editor/Test Text fields/a_Text 4' is not present (Root cause: com.kms.katalon.core.exception.StepFailedException: Object 'Object Repository/Page_Reevio Video Maker/Editor/Test Text fields/a_Text 4' is not present
	at com.kms.katalon.core.webui.keyword.internal.WebUIKeywordMain.stepFailed(WebUIKeywordMain.groovy:64)
	at com.kms.katalon.core.webui.keyword.builtin.VerifyElementVisibleInViewportKeyword$_verifyElementVisibleInViewport_closure1.doCall(VerifyElementVisibleInViewportKeyword.groovy:83)
	at com.kms.katalon.core.webui.keyword.builtin.VerifyElementVisibleInViewportKeyword$_verifyElementVisibleInViewport_closure1.call(VerifyElementVisibleInViewportKeyword.groovy)
	at com.kms.katalon.core.webui.keyword.internal.WebUIKeywordMain.runKeyword(WebUIKeywordMain.groovy:20)
	at com.kms.katalon.core.webui.keyword.builtin.VerifyElementVisibleInViewportKeyword.verifyElementVisibleInViewport(VerifyElementVisibleInViewportKeyword.groovy:86)
	at com.kms.katalon.core.webui.keyword.builtin.VerifyElementVisibleInViewportKeyword.execute(VerifyElementVisibleInViewportKeyword.groovy:68)
	at com.kms.katalon.core.keyword.internal.KeywordExecutor.executeKeywordForPlatform(KeywordExecutor.groovy:72)
	at com.kms.katalon.core.webui.keyword.WebUiBuiltInKeywords.verifyElementInViewport(WebUiBuiltInKeywords.groovy:3039)
	at com.kms.katalon.core.webui.keyword.WebUiBuiltInKeywords$verifyElementInViewport$14.call(Unknown Source)
	at Text adding Min and COLOR (1-30)sc.run(Text adding Min and COLOR (1-30)sc:30)
	at com.kms.katalon.core.main.ScriptEngine.run(ScriptEngine.java:194)
	at com.kms.katalon.core.main.ScriptEngine.runScriptAsRawText(ScriptEngine.java:119)
	at com.kms.katalon.core.main.TestCaseExecutor.runScript(TestCaseExecutor.java:337)
	at com.kms.katalon.core.main.TestCaseExecutor.doExecute(TestCaseExecutor.java:328)
	at com.kms.katalon.core.main.TestCaseExecutor.processExecutionPhase(TestCaseExecutor.java:307)
	at com.kms.katalon.core.main.TestCaseExecutor.accessMainPhase(TestCaseExecutor.java:299)
	at com.kms.katalon.core.main.TestCaseExecutor.execute(TestCaseExecutor.java:233)
	at com.kms.katalon.core.main.TestSuiteExecutor.accessTestCaseMainPhase(TestSuiteExecutor.java:169)
	at com.kms.katalon.core.main.TestSuiteExecutor.accessTestSuiteMainPhase(TestSuiteExecutor.java:142)
	at com.kms.katalon.core.main.TestSuiteExecutor.execute(TestSuiteExecutor.java:91)
	at com.kms.katalon.core.main.TestCaseMain.startTestSuite(TestCaseMain.java:157)
	at com.kms.katalon.core.main.TestCaseMain$startTestSuite$0.call(Unknown Source)
	at TempTestSuite1581081710748.run(TempTestSuite1581081710748.groovy:36)
)

2020-02-07 15:30:54 - [TEST_STEP][PASSED] - else: null

2020-02-07 15:30:54 - [TEST_STEP][PASSED] - break: null

2020-02-07 15:30:54 - [TEST_STEP][PASSED] - if (verifyElementPresent(findTestObject("Page_Reevio Video Maker/Editor_Scene_" + i), 0) == true): null

2020-02-07 15:30:54 - [MESSAGE][WARNING] - Timeout '0' is invalid. Using default page load timeout: '1'

2020-02-07 15:30:54 - [MESSAGE][PASSED] - Object 'Object Repository/Page_Reevio Video Maker/Editor_Scene_10' is present

2020-02-07 15:30:54 - [TEST_STEP][PASSED] - doubleClick(findTestObject("Page_Reevio Video Maker/Editor_Scene_" + i)): Object: 'Object Repository/Page_Reevio Video Maker/Editor_Scene_10' is double clicked on

2020-02-07 15:30:55 - [MESSAGE][PASSED] - Object: 'Object Repository/Page_Reevio Video Maker/Editor_Scene_10' is double clicked on

2020-02-07 15:30:55 - [TEST_STEP][PASSED] - delay(1): Delayed 1 second(s)

2020-02-07 15:30:56 - [MESSAGE][PASSED] - Delayed 1 second(s)

2020-02-07 15:30:56 - [TEST_STEP][FAILED] - for ([j = 1, j < 7, (j++)]): null

2020-02-07 15:30:56 - [TEST_STEP][PASSED] - if (verifyElementInViewport(findTestObject("Page_Reevio Video Maker/Editor/Test Text fields/a_Text " + j), 0) == true): null

2020-02-07 15:30:56 - [MESSAGE][WARNING] - Timeout '0' is invalid. Using default page load timeout: '1'

2020-02-07 15:30:56 - [MESSAGE][PASSED] - Object 'Object Repository/Page_Reevio Video Maker/Editor/Test Text fields/a_Text 1' is present and visible in viewport

2020-02-07 15:30:56 - [TEST_STEP][PASSED] - doubleClick(findTestObject("Page_Reevio Video Maker/Editor/Test Text fields/a_Text " + j)): Object: 'Object Repository/Page_Reevio Video Maker/Editor/Test Text fields/a_Text 1' is double clicked on

2020-02-07 15:30:56 - [MESSAGE][PASSED] - Object: 'Object Repository/Page_Reevio Video Maker/Editor/Test Text fields/a_Text 1' is double clicked on

2020-02-07 15:30:56 - [TEST_STEP][PASSED] - maxlength = getAttribute(findTestObject("Page_Reevio Video Maker/Editor/Test Text fields/a_Text " + j), "data-maxlength"): Attribute 'data-maxlength' of object 'Object Repository/Page_Reevio Video Maker/Editor/Test Text fields/a_Text 1' is: '40'

2020-02-07 15:30:56 - [MESSAGE][PASSED] - Attribute 'data-maxlength' of object 'Object Repository/Page_Reevio Video Maker/Editor/Test Text fields/a_Text 1' is: '40'

2020-02-07 15:30:56 - [TEST_STEP][PASSED] - clearText(findTestObject("Page_Reevio Video Maker/Editor/Text Editor/input_Enable text_cinput"), CONTINUE_ON_FAILURE): Text of object 'Object Repository/Page_Reevio Video Maker/Editor/Text Editor/input_Enable text_cinput' is cleared

2020-02-07 15:30:56 - [MESSAGE][PASSED] - Text of object 'Object Repository/Page_Reevio Video Maker/Editor/Text Editor/input_Enable text_cinput' is cleared

2020-02-07 15:30:56 - [TEST_STEP][PASSED] - setText(findTestObject("Page_Reevio Video Maker/Editor/Text Editor/input_Enable text_cinput"), findTestData("vavowDate").getValue(1, 6)): Text 'A beige fox jumps.' is set on object 'Object Repository/Page_Reevio Video Maker/Editor/Text Editor/input_Enable text_cinput'

2020-02-07 15:30:57 - [MESSAGE][PASSED] - Text 'A beige fox jumps.' is set on object 'Object Repository/Page_Reevio Video Maker/Editor/Text Editor/input_Enable text_cinput'

2020-02-07 15:30:57 - [TEST_STEP][PASSED] - click(findTestObject("Page_Reevio Video Maker/Editor/Text Editor/span_Save")): Object: 'Object Repository/Page_Reevio Video Maker/Editor/Text Editor/span_Save' is clicked on

2020-02-07 15:30:57 - [MESSAGE][PASSED] - Object: 'Object Repository/Page_Reevio Video Maker/Editor/Text Editor/span_Save' is clicked on

2020-02-07 15:30:57 - [TEST_STEP][PASSED] - click(findTestObject("Page_Reevio Video Maker/Editor/Text Color/span_Shadows Into Light_minicolors-swatch-color")): Object: 'Object Repository/Page_Reevio Video Maker/Editor/Text Color/span_Shadows Into Light_minicolors-swatch-color' is clicked on

2020-02-07 15:30:57 - [MESSAGE][PASSED] - Object: 'Object Repository/Page_Reevio Video Maker/Editor/Text Color/span_Shadows Into Light_minicolors-swatch-color' is clicked on

2020-02-07 15:30:57 - [TEST_STEP][PASSED] - clearText(findTestObject("Page_Reevio Video Maker/Editor/Text Color/input_RGB_texthex-color")): Text of object 'Object Repository/Page_Reevio Video Maker/Editor/Text Color/input_RGB_texthex-color' is cleared

2020-02-07 15:30:58 - [MESSAGE][PASSED] - Text of object 'Object Repository/Page_Reevio Video Maker/Editor/Text Color/input_RGB_texthex-color' is cleared

2020-02-07 15:30:58 - [TEST_STEP][PASSED] - setText(findTestObject("Page_Reevio Video Maker/Editor/Text Color/input_RGB_texthex-color"), findTestData("vavowDate").getValue(7, 1)): Text '#67FF4C' is set on object 'Object Repository/Page_Reevio Video Maker/Editor/Text Color/input_RGB_texthex-color'

2020-02-07 15:30:58 - [MESSAGE][PASSED] - Text '#67FF4C' is set on object 'Object Repository/Page_Reevio Video Maker/Editor/Text Color/input_RGB_texthex-color'

2020-02-07 15:30:58 - [TEST_STEP][PASSED] - click(findTestObject("Page_Reevio Video Maker/Editor/Text Color/button_Apply")): Object: 'Object Repository/Page_Reevio Video Maker/Editor/Text Color/button_Apply' is clicked on

2020-02-07 15:30:58 - [MESSAGE][PASSED] - Object: 'Object Repository/Page_Reevio Video Maker/Editor/Text Color/button_Apply' is clicked on

2020-02-07 15:30:58 - [TEST_STEP][PASSED] - maxlength = 0: null

2020-02-07 15:30:58 - [TEST_STEP][PASSED] - if (verifyElementInViewport(findTestObject("Page_Reevio Video Maker/Editor/Test Text fields/a_Text " + j), 0) == true): null

2020-02-07 15:30:58 - [MESSAGE][WARNING] - Timeout '0' is invalid. Using default page load timeout: '1'

2020-02-07 15:30:58 - [MESSAGE][PASSED] - Object 'Object Repository/Page_Reevio Video Maker/Editor/Test Text fields/a_Text 2' is present and visible in viewport

2020-02-07 15:30:58 - [TEST_STEP][PASSED] - doubleClick(findTestObject("Page_Reevio Video Maker/Editor/Test Text fields/a_Text " + j)): Object: 'Object Repository/Page_Reevio Video Maker/Editor/Test Text fields/a_Text 2' is double clicked on

2020-02-07 15:30:59 - [MESSAGE][PASSED] - Object: 'Object Repository/Page_Reevio Video Maker/Editor/Test Text fields/a_Text 2' is double clicked on

2020-02-07 15:30:59 - [TEST_STEP][PASSED] - maxlength = getAttribute(findTestObject("Page_Reevio Video Maker/Editor/Test Text fields/a_Text " + j), "data-maxlength"): Attribute 'data-maxlength' of object 'Object Repository/Page_Reevio Video Maker/Editor/Test Text fields/a_Text 2' is: '40'

2020-02-07 15:30:59 - [MESSAGE][PASSED] - Attribute 'data-maxlength' of object 'Object Repository/Page_Reevio Video Maker/Editor/Test Text fields/a_Text 2' is: '40'

2020-02-07 15:30:59 - [TEST_STEP][PASSED] - clearText(findTestObject("Page_Reevio Video Maker/Editor/Text Editor/input_Enable text_cinput"), CONTINUE_ON_FAILURE): Text of object 'Object Repository/Page_Reevio Video Maker/Editor/Text Editor/input_Enable text_cinput' is cleared

2020-02-07 15:30:59 - [MESSAGE][PASSED] - Text of object 'Object Repository/Page_Reevio Video Maker/Editor/Text Editor/input_Enable text_cinput' is cleared

2020-02-07 15:30:59 - [TEST_STEP][PASSED] - setText(findTestObject("Page_Reevio Video Maker/Editor/Text Editor/input_Enable text_cinput"), findTestData("vavowDate").getValue(1, 6)): Text 'A beige fox jumps.' is set on object 'Object Repository/Page_Reevio Video Maker/Editor/Text Editor/input_Enable text_cinput'

2020-02-07 15:31:00 - [MESSAGE][PASSED] - Text 'A beige fox jumps.' is set on object 'Object Repository/Page_Reevio Video Maker/Editor/Text Editor/input_Enable text_cinput'

2020-02-07 15:31:00 - [TEST_STEP][PASSED] - click(findTestObject("Page_Reevio Video Maker/Editor/Text Editor/span_Save")): Object: 'Object Repository/Page_Reevio Video Maker/Editor/Text Editor/span_Save' is clicked on

2020-02-07 15:31:00 - [MESSAGE][PASSED] - Object: 'Object Repository/Page_Reevio Video Maker/Editor/Text Editor/span_Save' is clicked on

2020-02-07 15:31:00 - [TEST_STEP][PASSED] - click(findTestObject("Page_Reevio Video Maker/Editor/Text Color/span_Shadows Into Light_minicolors-swatch-color")): Object: 'Object Repository/Page_Reevio Video Maker/Editor/Text Color/span_Shadows Into Light_minicolors-swatch-color' is clicked on

2020-02-07 15:31:00 - [MESSAGE][PASSED] - Object: 'Object Repository/Page_Reevio Video Maker/Editor/Text Color/span_Shadows Into Light_minicolors-swatch-color' is clicked on

2020-02-07 15:31:00 - [TEST_STEP][PASSED] - clearText(findTestObject("Page_Reevio Video Maker/Editor/Text Color/input_RGB_texthex-color")): Text of object 'Object Repository/Page_Reevio Video Maker/Editor/Text Color/input_RGB_texthex-color' is cleared

2020-02-07 15:31:00 - [MESSAGE][PASSED] - Text of object 'Object Repository/Page_Reevio Video Maker/Editor/Text Color/input_RGB_texthex-color' is cleared

2020-02-07 15:31:00 - [TEST_STEP][PASSED] - setText(findTestObject("Page_Reevio Video Maker/Editor/Text Color/input_RGB_texthex-color"), findTestData("vavowDate").getValue(7, 1)): Text '#67FF4C' is set on object 'Object Repository/Page_Reevio Video Maker/Editor/Text Color/input_RGB_texthex-color'

2020-02-07 15:31:01 - [MESSAGE][PASSED] - Text '#67FF4C' is set on object 'Object Repository/Page_Reevio Video Maker/Editor/Text Color/input_RGB_texthex-color'

2020-02-07 15:31:01 - [TEST_STEP][PASSED] - click(findTestObject("Page_Reevio Video Maker/Editor/Text Color/button_Apply")): Object: 'Object Repository/Page_Reevio Video Maker/Editor/Text Color/button_Apply' is clicked on

2020-02-07 15:31:01 - [MESSAGE][PASSED] - Object: 'Object Repository/Page_Reevio Video Maker/Editor/Text Color/button_Apply' is clicked on

2020-02-07 15:31:01 - [TEST_STEP][PASSED] - maxlength = 0: null

2020-02-07 15:31:01 - [TEST_STEP][FAILED] - if (verifyElementInViewport(findTestObject("Page_Reevio Video Maker/Editor/Test Text fields/a_Text " + j), 0) == true): Object 'Object Repository/Page_Reevio Video Maker/Editor/Test Text fields/a_Text 3' is not present (Root cause: com.kms.katalon.core.exception.StepFailedException: Object 'Object Repository/Page_Reevio Video Maker/Editor/Test Text fields/a_Text 3' is not present
	at com.kms.katalon.core.webui.keyword.internal.WebUIKeywordMain.stepFailed(WebUIKeywordMain.groovy:64)
	at com.kms.katalon.core.webui.keyword.builtin.VerifyElementVisibleInViewportKeyword$_verifyElementVisibleInViewport_closure1.doCall(VerifyElementVisibleInViewportKeyword.groovy:83)
	at com.kms.katalon.core.webui.keyword.builtin.VerifyElementVisibleInViewportKeyword$_verifyElementVisibleInViewport_closure1.call(VerifyElementVisibleInViewportKeyword.groovy)
	at com.kms.katalon.core.webui.keyword.internal.WebUIKeywordMain.runKeyword(WebUIKeywordMain.groovy:20)
	at com.kms.katalon.core.webui.keyword.builtin.VerifyElementVisibleInViewportKeyword.verifyElementVisibleInViewport(VerifyElementVisibleInViewportKeyword.groovy:86)
	at com.kms.katalon.core.webui.keyword.builtin.VerifyElementVisibleInViewportKeyword.execute(VerifyElementVisibleInViewportKeyword.groovy:68)
	at com.kms.katalon.core.keyword.internal.KeywordExecutor.executeKeywordForPlatform(KeywordExecutor.groovy:72)
	at com.kms.katalon.core.webui.keyword.WebUiBuiltInKeywords.verifyElementInViewport(WebUiBuiltInKeywords.groovy:3039)
	at com.kms.katalon.core.webui.keyword.WebUiBuiltInKeywords$verifyElementInViewport$14.call(Unknown Source)
	at Text adding Min and COLOR (1-30)sc.run(Text adding Min and COLOR (1-30)sc:30)
	at com.kms.katalon.core.main.ScriptEngine.run(ScriptEngine.java:194)
	at com.kms.katalon.core.main.ScriptEngine.runScriptAsRawText(ScriptEngine.java:119)
	at com.kms.katalon.core.main.TestCaseExecutor.runScript(TestCaseExecutor.java:337)
	at com.kms.katalon.core.main.TestCaseExecutor.doExecute(TestCaseExecutor.java:328)
	at com.kms.katalon.core.main.TestCaseExecutor.processExecutionPhase(TestCaseExecutor.java:307)
	at com.kms.katalon.core.main.TestCaseExecutor.accessMainPhase(TestCaseExecutor.java:299)
	at com.kms.katalon.core.main.TestCaseExecutor.execute(TestCaseExecutor.java:233)
	at com.kms.katalon.core.main.TestSuiteExecutor.accessTestCaseMainPhase(TestSuiteExecutor.java:169)
	at com.kms.katalon.core.main.TestSuiteExecutor.accessTestSuiteMainPhase(TestSuiteExecutor.java:142)
	at com.kms.katalon.core.main.TestSuiteExecutor.execute(TestSuiteExecutor.java:91)
	at com.kms.katalon.core.main.TestCaseMain.startTestSuite(TestCaseMain.java:157)
	at com.kms.katalon.core.main.TestCaseMain$startTestSuite$0.call(Unknown Source)
	at TempTestSuite1581081710748.run(TempTestSuite1581081710748.groovy:36)
)

2020-02-07 15:31:01 - [MESSAGE][WARNING] - Timeout '0' is invalid. Using default page load timeout: '1'

2020-02-07 15:31:02 - [MESSAGE][INFO] - Unable to find the element located by 'By.xpath: (//div[@class='current-slide active-slide']//*[@id="anchor_input"])[3]'. Please recheck the objects properties to make sure the desired element is located. 

2020-02-07 15:31:02 - [MESSAGE][FAILED] - Object 'Object Repository/Page_Reevio Video Maker/Editor/Test Text fields/a_Text 3' is not present (Root cause: com.kms.katalon.core.exception.StepFailedException: Object 'Object Repository/Page_Reevio Video Maker/Editor/Test Text fields/a_Text 3' is not present
	at com.kms.katalon.core.webui.keyword.internal.WebUIKeywordMain.stepFailed(WebUIKeywordMain.groovy:64)
	at com.kms.katalon.core.webui.keyword.builtin.VerifyElementVisibleInViewportKeyword$_verifyElementVisibleInViewport_closure1.doCall(VerifyElementVisibleInViewportKeyword.groovy:83)
	at com.kms.katalon.core.webui.keyword.builtin.VerifyElementVisibleInViewportKeyword$_verifyElementVisibleInViewport_closure1.call(VerifyElementVisibleInViewportKeyword.groovy)
	at com.kms.katalon.core.webui.keyword.internal.WebUIKeywordMain.runKeyword(WebUIKeywordMain.groovy:20)
	at com.kms.katalon.core.webui.keyword.builtin.VerifyElementVisibleInViewportKeyword.verifyElementVisibleInViewport(VerifyElementVisibleInViewportKeyword.groovy:86)
	at com.kms.katalon.core.webui.keyword.builtin.VerifyElementVisibleInViewportKeyword.execute(VerifyElementVisibleInViewportKeyword.groovy:68)
	at com.kms.katalon.core.keyword.internal.KeywordExecutor.executeKeywordForPlatform(KeywordExecutor.groovy:72)
	at com.kms.katalon.core.webui.keyword.WebUiBuiltInKeywords.verifyElementInViewport(WebUiBuiltInKeywords.groovy:3039)
	at com.kms.katalon.core.webui.keyword.WebUiBuiltInKeywords$verifyElementInViewport$14.call(Unknown Source)
	at Text adding Min and COLOR (1-30)sc.run(Text adding Min and COLOR (1-30)sc:30)
	at com.kms.katalon.core.main.ScriptEngine.run(ScriptEngine.java:194)
	at com.kms.katalon.core.main.ScriptEngine.runScriptAsRawText(ScriptEngine.java:119)
	at com.kms.katalon.core.main.TestCaseExecutor.runScript(TestCaseExecutor.java:337)
	at com.kms.katalon.core.main.TestCaseExecutor.doExecute(TestCaseExecutor.java:328)
	at com.kms.katalon.core.main.TestCaseExecutor.processExecutionPhase(TestCaseExecutor.java:307)
	at com.kms.katalon.core.main.TestCaseExecutor.accessMainPhase(TestCaseExecutor.java:299)
	at com.kms.katalon.core.main.TestCaseExecutor.execute(TestCaseExecutor.java:233)
	at com.kms.katalon.core.main.TestSuiteExecutor.accessTestCaseMainPhase(TestSuiteExecutor.java:169)
	at com.kms.katalon.core.main.TestSuiteExecutor.accessTestSuiteMainPhase(TestSuiteExecutor.java:142)
	at com.kms.katalon.core.main.TestSuiteExecutor.execute(TestSuiteExecutor.java:91)
	at com.kms.katalon.core.main.TestCaseMain.startTestSuite(TestCaseMain.java:157)
	at com.kms.katalon.core.main.TestCaseMain$startTestSuite$0.call(Unknown Source)
	at TempTestSuite1581081710748.run(TempTestSuite1581081710748.groovy:36)
)

2020-02-07 15:31:02 - [TEST_STEP][PASSED] - else: null

2020-02-07 15:31:02 - [TEST_STEP][PASSED] - break: null

2020-02-07 15:31:02 - [TEST_STEP][PASSED] - if (verifyElementPresent(findTestObject("Page_Reevio Video Maker/Editor_Scene_" + i), 0) == true): null

2020-02-07 15:31:02 - [MESSAGE][WARNING] - Timeout '0' is invalid. Using default page load timeout: '1'

2020-02-07 15:31:02 - [MESSAGE][PASSED] - Object 'Object Repository/Page_Reevio Video Maker/Editor_Scene_11' is present

2020-02-07 15:31:02 - [TEST_STEP][PASSED] - doubleClick(findTestObject("Page_Reevio Video Maker/Editor_Scene_" + i)): Object: 'Object Repository/Page_Reevio Video Maker/Editor_Scene_11' is double clicked on

2020-02-07 15:31:03 - [MESSAGE][PASSED] - Object: 'Object Repository/Page_Reevio Video Maker/Editor_Scene_11' is double clicked on

2020-02-07 15:31:03 - [TEST_STEP][PASSED] - delay(1): Delayed 1 second(s)

2020-02-07 15:31:04 - [MESSAGE][PASSED] - Delayed 1 second(s)

2020-02-07 15:31:04 - [TEST_STEP][FAILED] - for ([j = 1, j < 7, (j++)]): null

2020-02-07 15:31:04 - [TEST_STEP][PASSED] - if (verifyElementInViewport(findTestObject("Page_Reevio Video Maker/Editor/Test Text fields/a_Text " + j), 0) == true): null

2020-02-07 15:31:04 - [MESSAGE][WARNING] - Timeout '0' is invalid. Using default page load timeout: '1'

2020-02-07 15:31:04 - [MESSAGE][PASSED] - Object 'Object Repository/Page_Reevio Video Maker/Editor/Test Text fields/a_Text 1' is present and visible in viewport

2020-02-07 15:31:04 - [TEST_STEP][PASSED] - doubleClick(findTestObject("Page_Reevio Video Maker/Editor/Test Text fields/a_Text " + j)): Object: 'Object Repository/Page_Reevio Video Maker/Editor/Test Text fields/a_Text 1' is double clicked on

2020-02-07 15:31:04 - [MESSAGE][PASSED] - Object: 'Object Repository/Page_Reevio Video Maker/Editor/Test Text fields/a_Text 1' is double clicked on

2020-02-07 15:31:04 - [TEST_STEP][PASSED] - maxlength = getAttribute(findTestObject("Page_Reevio Video Maker/Editor/Test Text fields/a_Text " + j), "data-maxlength"): Attribute 'data-maxlength' of object 'Object Repository/Page_Reevio Video Maker/Editor/Test Text fields/a_Text 1' is: '30'

2020-02-07 15:31:04 - [MESSAGE][PASSED] - Attribute 'data-maxlength' of object 'Object Repository/Page_Reevio Video Maker/Editor/Test Text fields/a_Text 1' is: '30'

2020-02-07 15:31:04 - [TEST_STEP][PASSED] - clearText(findTestObject("Page_Reevio Video Maker/Editor/Text Editor/input_Enable text_cinput"), CONTINUE_ON_FAILURE): Text of object 'Object Repository/Page_Reevio Video Maker/Editor/Text Editor/input_Enable text_cinput' is cleared

2020-02-07 15:31:04 - [MESSAGE][PASSED] - Text of object 'Object Repository/Page_Reevio Video Maker/Editor/Text Editor/input_Enable text_cinput' is cleared

2020-02-07 15:31:04 - [TEST_STEP][PASSED] - setText(findTestObject("Page_Reevio Video Maker/Editor/Text Editor/input_Enable text_cinput"), findTestData("vavowDate").getValue(1, 6)): Text 'A beige fox jumps.' is set on object 'Object Repository/Page_Reevio Video Maker/Editor/Text Editor/input_Enable text_cinput'

2020-02-07 15:31:05 - [MESSAGE][PASSED] - Text 'A beige fox jumps.' is set on object 'Object Repository/Page_Reevio Video Maker/Editor/Text Editor/input_Enable text_cinput'

2020-02-07 15:31:05 - [TEST_STEP][PASSED] - click(findTestObject("Page_Reevio Video Maker/Editor/Text Editor/span_Save")): Object: 'Object Repository/Page_Reevio Video Maker/Editor/Text Editor/span_Save' is clicked on

2020-02-07 15:31:05 - [MESSAGE][PASSED] - Object: 'Object Repository/Page_Reevio Video Maker/Editor/Text Editor/span_Save' is clicked on

2020-02-07 15:31:05 - [TEST_STEP][PASSED] - click(findTestObject("Page_Reevio Video Maker/Editor/Text Color/span_Shadows Into Light_minicolors-swatch-color")): Object: 'Object Repository/Page_Reevio Video Maker/Editor/Text Color/span_Shadows Into Light_minicolors-swatch-color' is clicked on

2020-02-07 15:31:05 - [MESSAGE][PASSED] - Object: 'Object Repository/Page_Reevio Video Maker/Editor/Text Color/span_Shadows Into Light_minicolors-swatch-color' is clicked on

2020-02-07 15:31:05 - [TEST_STEP][PASSED] - clearText(findTestObject("Page_Reevio Video Maker/Editor/Text Color/input_RGB_texthex-color")): Text of object 'Object Repository/Page_Reevio Video Maker/Editor/Text Color/input_RGB_texthex-color' is cleared

2020-02-07 15:31:05 - [MESSAGE][PASSED] - Text of object 'Object Repository/Page_Reevio Video Maker/Editor/Text Color/input_RGB_texthex-color' is cleared

2020-02-07 15:31:05 - [TEST_STEP][PASSED] - setText(findTestObject("Page_Reevio Video Maker/Editor/Text Color/input_RGB_texthex-color"), findTestData("vavowDate").getValue(7, 1)): Text '#67FF4C' is set on object 'Object Repository/Page_Reevio Video Maker/Editor/Text Color/input_RGB_texthex-color'

2020-02-07 15:31:06 - [MESSAGE][PASSED] - Text '#67FF4C' is set on object 'Object Repository/Page_Reevio Video Maker/Editor/Text Color/input_RGB_texthex-color'

2020-02-07 15:31:06 - [TEST_STEP][PASSED] - click(findTestObject("Page_Reevio Video Maker/Editor/Text Color/button_Apply")): Object: 'Object Repository/Page_Reevio Video Maker/Editor/Text Color/button_Apply' is clicked on

2020-02-07 15:31:06 - [MESSAGE][PASSED] - Object: 'Object Repository/Page_Reevio Video Maker/Editor/Text Color/button_Apply' is clicked on

2020-02-07 15:31:06 - [TEST_STEP][PASSED] - maxlength = 0: null

2020-02-07 15:31:06 - [TEST_STEP][PASSED] - if (verifyElementInViewport(findTestObject("Page_Reevio Video Maker/Editor/Test Text fields/a_Text " + j), 0) == true): null

2020-02-07 15:31:06 - [MESSAGE][WARNING] - Timeout '0' is invalid. Using default page load timeout: '1'

2020-02-07 15:31:06 - [MESSAGE][PASSED] - Object 'Object Repository/Page_Reevio Video Maker/Editor/Test Text fields/a_Text 2' is present and visible in viewport

2020-02-07 15:31:06 - [TEST_STEP][PASSED] - doubleClick(findTestObject("Page_Reevio Video Maker/Editor/Test Text fields/a_Text " + j)): Object: 'Object Repository/Page_Reevio Video Maker/Editor/Test Text fields/a_Text 2' is double clicked on

2020-02-07 15:31:06 - [MESSAGE][PASSED] - Object: 'Object Repository/Page_Reevio Video Maker/Editor/Test Text fields/a_Text 2' is double clicked on

2020-02-07 15:31:06 - [TEST_STEP][PASSED] - maxlength = getAttribute(findTestObject("Page_Reevio Video Maker/Editor/Test Text fields/a_Text " + j), "data-maxlength"): Attribute 'data-maxlength' of object 'Object Repository/Page_Reevio Video Maker/Editor/Test Text fields/a_Text 2' is: '30'

2020-02-07 15:31:06 - [MESSAGE][PASSED] - Attribute 'data-maxlength' of object 'Object Repository/Page_Reevio Video Maker/Editor/Test Text fields/a_Text 2' is: '30'

2020-02-07 15:31:06 - [TEST_STEP][PASSED] - clearText(findTestObject("Page_Reevio Video Maker/Editor/Text Editor/input_Enable text_cinput"), CONTINUE_ON_FAILURE): Text of object 'Object Repository/Page_Reevio Video Maker/Editor/Text Editor/input_Enable text_cinput' is cleared

2020-02-07 15:31:07 - [MESSAGE][PASSED] - Text of object 'Object Repository/Page_Reevio Video Maker/Editor/Text Editor/input_Enable text_cinput' is cleared

2020-02-07 15:31:07 - [TEST_STEP][PASSED] - setText(findTestObject("Page_Reevio Video Maker/Editor/Text Editor/input_Enable text_cinput"), findTestData("vavowDate").getValue(1, 6)): Text 'A beige fox jumps.' is set on object 'Object Repository/Page_Reevio Video Maker/Editor/Text Editor/input_Enable text_cinput'

2020-02-07 15:31:07 - [MESSAGE][PASSED] - Text 'A beige fox jumps.' is set on object 'Object Repository/Page_Reevio Video Maker/Editor/Text Editor/input_Enable text_cinput'

2020-02-07 15:31:07 - [TEST_STEP][PASSED] - click(findTestObject("Page_Reevio Video Maker/Editor/Text Editor/span_Save")): Object: 'Object Repository/Page_Reevio Video Maker/Editor/Text Editor/span_Save' is clicked on

2020-02-07 15:31:08 - [MESSAGE][PASSED] - Object: 'Object Repository/Page_Reevio Video Maker/Editor/Text Editor/span_Save' is clicked on

2020-02-07 15:31:08 - [TEST_STEP][PASSED] - click(findTestObject("Page_Reevio Video Maker/Editor/Text Color/span_Shadows Into Light_minicolors-swatch-color")): Object: 'Object Repository/Page_Reevio Video Maker/Editor/Text Color/span_Shadows Into Light_minicolors-swatch-color' is clicked on

2020-02-07 15:31:08 - [MESSAGE][PASSED] - Object: 'Object Repository/Page_Reevio Video Maker/Editor/Text Color/span_Shadows Into Light_minicolors-swatch-color' is clicked on

2020-02-07 15:31:08 - [TEST_STEP][PASSED] - clearText(findTestObject("Page_Reevio Video Maker/Editor/Text Color/input_RGB_texthex-color")): Text of object 'Object Repository/Page_Reevio Video Maker/Editor/Text Color/input_RGB_texthex-color' is cleared

2020-02-07 15:31:08 - [MESSAGE][PASSED] - Text of object 'Object Repository/Page_Reevio Video Maker/Editor/Text Color/input_RGB_texthex-color' is cleared

2020-02-07 15:31:08 - [TEST_STEP][PASSED] - setText(findTestObject("Page_Reevio Video Maker/Editor/Text Color/input_RGB_texthex-color"), findTestData("vavowDate").getValue(7, 1)): Text '#67FF4C' is set on object 'Object Repository/Page_Reevio Video Maker/Editor/Text Color/input_RGB_texthex-color'

2020-02-07 15:31:08 - [MESSAGE][PASSED] - Text '#67FF4C' is set on object 'Object Repository/Page_Reevio Video Maker/Editor/Text Color/input_RGB_texthex-color'

2020-02-07 15:31:08 - [TEST_STEP][PASSED] - click(findTestObject("Page_Reevio Video Maker/Editor/Text Color/button_Apply")): Object: 'Object Repository/Page_Reevio Video Maker/Editor/Text Color/button_Apply' is clicked on

2020-02-07 15:31:09 - [MESSAGE][PASSED] - Object: 'Object Repository/Page_Reevio Video Maker/Editor/Text Color/button_Apply' is clicked on

2020-02-07 15:31:09 - [TEST_STEP][PASSED] - maxlength = 0: null

2020-02-07 15:31:09 - [TEST_STEP][FAILED] - if (verifyElementInViewport(findTestObject("Page_Reevio Video Maker/Editor/Test Text fields/a_Text " + j), 0) == true): Object 'Object Repository/Page_Reevio Video Maker/Editor/Test Text fields/a_Text 3' is not present (Root cause: com.kms.katalon.core.exception.StepFailedException: Object 'Object Repository/Page_Reevio Video Maker/Editor/Test Text fields/a_Text 3' is not present
	at com.kms.katalon.core.webui.keyword.internal.WebUIKeywordMain.stepFailed(WebUIKeywordMain.groovy:64)
	at com.kms.katalon.core.webui.keyword.builtin.VerifyElementVisibleInViewportKeyword$_verifyElementVisibleInViewport_closure1.doCall(VerifyElementVisibleInViewportKeyword.groovy:83)
	at com.kms.katalon.core.webui.keyword.builtin.VerifyElementVisibleInViewportKeyword$_verifyElementVisibleInViewport_closure1.call(VerifyElementVisibleInViewportKeyword.groovy)
	at com.kms.katalon.core.webui.keyword.internal.WebUIKeywordMain.runKeyword(WebUIKeywordMain.groovy:20)
	at com.kms.katalon.core.webui.keyword.builtin.VerifyElementVisibleInViewportKeyword.verifyElementVisibleInViewport(VerifyElementVisibleInViewportKeyword.groovy:86)
	at com.kms.katalon.core.webui.keyword.builtin.VerifyElementVisibleInViewportKeyword.execute(VerifyElementVisibleInViewportKeyword.groovy:68)
	at com.kms.katalon.core.keyword.internal.KeywordExecutor.executeKeywordForPlatform(KeywordExecutor.groovy:72)
	at com.kms.katalon.core.webui.keyword.WebUiBuiltInKeywords.verifyElementInViewport(WebUiBuiltInKeywords.groovy:3039)
	at com.kms.katalon.core.webui.keyword.WebUiBuiltInKeywords$verifyElementInViewport$14.call(Unknown Source)
	at Text adding Min and COLOR (1-30)sc.run(Text adding Min and COLOR (1-30)sc:30)
	at com.kms.katalon.core.main.ScriptEngine.run(ScriptEngine.java:194)
	at com.kms.katalon.core.main.ScriptEngine.runScriptAsRawText(ScriptEngine.java:119)
	at com.kms.katalon.core.main.TestCaseExecutor.runScript(TestCaseExecutor.java:337)
	at com.kms.katalon.core.main.TestCaseExecutor.doExecute(TestCaseExecutor.java:328)
	at com.kms.katalon.core.main.TestCaseExecutor.processExecutionPhase(TestCaseExecutor.java:307)
	at com.kms.katalon.core.main.TestCaseExecutor.accessMainPhase(TestCaseExecutor.java:299)
	at com.kms.katalon.core.main.TestCaseExecutor.execute(TestCaseExecutor.java:233)
	at com.kms.katalon.core.main.TestSuiteExecutor.accessTestCaseMainPhase(TestSuiteExecutor.java:169)
	at com.kms.katalon.core.main.TestSuiteExecutor.accessTestSuiteMainPhase(TestSuiteExecutor.java:142)
	at com.kms.katalon.core.main.TestSuiteExecutor.execute(TestSuiteExecutor.java:91)
	at com.kms.katalon.core.main.TestCaseMain.startTestSuite(TestCaseMain.java:157)
	at com.kms.katalon.core.main.TestCaseMain$startTestSuite$0.call(Unknown Source)
	at TempTestSuite1581081710748.run(TempTestSuite1581081710748.groovy:36)
)

2020-02-07 15:31:09 - [MESSAGE][WARNING] - Timeout '0' is invalid. Using default page load timeout: '1'

2020-02-07 15:31:10 - [MESSAGE][INFO] - Unable to find the element located by 'By.xpath: (//div[@class='current-slide active-slide']//*[@id="anchor_input"])[3]'. Please recheck the objects properties to make sure the desired element is located. 

2020-02-07 15:31:10 - [MESSAGE][FAILED] - Object 'Object Repository/Page_Reevio Video Maker/Editor/Test Text fields/a_Text 3' is not present (Root cause: com.kms.katalon.core.exception.StepFailedException: Object 'Object Repository/Page_Reevio Video Maker/Editor/Test Text fields/a_Text 3' is not present
	at com.kms.katalon.core.webui.keyword.internal.WebUIKeywordMain.stepFailed(WebUIKeywordMain.groovy:64)
	at com.kms.katalon.core.webui.keyword.builtin.VerifyElementVisibleInViewportKeyword$_verifyElementVisibleInViewport_closure1.doCall(VerifyElementVisibleInViewportKeyword.groovy:83)
	at com.kms.katalon.core.webui.keyword.builtin.VerifyElementVisibleInViewportKeyword$_verifyElementVisibleInViewport_closure1.call(VerifyElementVisibleInViewportKeyword.groovy)
	at com.kms.katalon.core.webui.keyword.internal.WebUIKeywordMain.runKeyword(WebUIKeywordMain.groovy:20)
	at com.kms.katalon.core.webui.keyword.builtin.VerifyElementVisibleInViewportKeyword.verifyElementVisibleInViewport(VerifyElementVisibleInViewportKeyword.groovy:86)
	at com.kms.katalon.core.webui.keyword.builtin.VerifyElementVisibleInViewportKeyword.execute(VerifyElementVisibleInViewportKeyword.groovy:68)
	at com.kms.katalon.core.keyword.internal.KeywordExecutor.executeKeywordForPlatform(KeywordExecutor.groovy:72)
	at com.kms.katalon.core.webui.keyword.WebUiBuiltInKeywords.verifyElementInViewport(WebUiBuiltInKeywords.groovy:3039)
	at com.kms.katalon.core.webui.keyword.WebUiBuiltInKeywords$verifyElementInViewport$14.call(Unknown Source)
	at Text adding Min and COLOR (1-30)sc.run(Text adding Min and COLOR (1-30)sc:30)
	at com.kms.katalon.core.main.ScriptEngine.run(ScriptEngine.java:194)
	at com.kms.katalon.core.main.ScriptEngine.runScriptAsRawText(ScriptEngine.java:119)
	at com.kms.katalon.core.main.TestCaseExecutor.runScript(TestCaseExecutor.java:337)
	at com.kms.katalon.core.main.TestCaseExecutor.doExecute(TestCaseExecutor.java:328)
	at com.kms.katalon.core.main.TestCaseExecutor.processExecutionPhase(TestCaseExecutor.java:307)
	at com.kms.katalon.core.main.TestCaseExecutor.accessMainPhase(TestCaseExecutor.java:299)
	at com.kms.katalon.core.main.TestCaseExecutor.execute(TestCaseExecutor.java:233)
	at com.kms.katalon.core.main.TestSuiteExecutor.accessTestCaseMainPhase(TestSuiteExecutor.java:169)
	at com.kms.katalon.core.main.TestSuiteExecutor.accessTestSuiteMainPhase(TestSuiteExecutor.java:142)
	at com.kms.katalon.core.main.TestSuiteExecutor.execute(TestSuiteExecutor.java:91)
	at com.kms.katalon.core.main.TestCaseMain.startTestSuite(TestCaseMain.java:157)
	at com.kms.katalon.core.main.TestCaseMain$startTestSuite$0.call(Unknown Source)
	at TempTestSuite1581081710748.run(TempTestSuite1581081710748.groovy:36)
)

2020-02-07 15:31:10 - [TEST_STEP][PASSED] - else: null

2020-02-07 15:31:10 - [TEST_STEP][PASSED] - break: null

2020-02-07 15:31:10 - [TEST_STEP][FAILED] - if (verifyElementPresent(findTestObject("Page_Reevio Video Maker/Editor_Scene_" + i), 0) == true): com.kms.katalon.core.webui.exception.WebElementNotFoundException: Web element with id: 'Object Repository/Page_Reevio Video Maker/Editor_Scene_12' located by 'By.xpath: //*[@id="bottom-slider-id"]/div[12]/figure' not found (Root cause: com.kms.katalon.core.exception.StepFailedException: com.kms.katalon.core.webui.exception.WebElementNotFoundException: Web element with id: 'Object Repository/Page_Reevio Video Maker/Editor_Scene_12' located by 'By.xpath: //*[@id="bottom-slider-id"]/div[12]/figure' not found
	at com.kms.katalon.core.webui.keyword.internal.WebUIKeywordMain.stepFailed(WebUIKeywordMain.groovy:64)
	at com.kms.katalon.core.webui.keyword.builtin.VerifyElementPresentKeyword$_verifyElementPresent_closure1.doCall(VerifyElementPresentKeyword.groovy:85)
	at com.kms.katalon.core.webui.keyword.builtin.VerifyElementPresentKeyword$_verifyElementPresent_closure1.call(VerifyElementPresentKeyword.groovy)
	at com.kms.katalon.core.webui.keyword.internal.WebUIKeywordMain.runKeyword(WebUIKeywordMain.groovy:20)
	at com.kms.katalon.core.webui.keyword.builtin.VerifyElementPresentKeyword.verifyElementPresent(VerifyElementPresentKeyword.groovy:92)
	at com.kms.katalon.core.webui.keyword.builtin.VerifyElementPresentKeyword.execute(VerifyElementPresentKeyword.groovy:68)
	at com.kms.katalon.core.keyword.internal.KeywordExecutor.executeKeywordForPlatform(KeywordExecutor.groovy:72)
	at com.kms.katalon.core.webui.keyword.WebUiBuiltInKeywords.verifyElementPresent(WebUiBuiltInKeywords.groovy:1434)
	at com.kms.katalon.core.webui.keyword.WebUiBuiltInKeywords$verifyElementPresent$6.call(Unknown Source)
	at Text adding Min and COLOR (1-30)sc.run(Text adding Min and COLOR (1-30)sc:22)
	at com.kms.katalon.core.main.ScriptEngine.run(ScriptEngine.java:194)
	at com.kms.katalon.core.main.ScriptEngine.runScriptAsRawText(ScriptEngine.java:119)
	at com.kms.katalon.core.main.TestCaseExecutor.runScript(TestCaseExecutor.java:337)
	at com.kms.katalon.core.main.TestCaseExecutor.doExecute(TestCaseExecutor.java:328)
	at com.kms.katalon.core.main.TestCaseExecutor.processExecutionPhase(TestCaseExecutor.java:307)
	at com.kms.katalon.core.main.TestCaseExecutor.accessMainPhase(TestCaseExecutor.java:299)
	at com.kms.katalon.core.main.TestCaseExecutor.execute(TestCaseExecutor.java:233)
	at com.kms.katalon.core.main.TestSuiteExecutor.accessTestCaseMainPhase(TestSuiteExecutor.java:169)
	at com.kms.katalon.core.main.TestSuiteExecutor.accessTestSuiteMainPhase(TestSuiteExecutor.java:142)
	at com.kms.katalon.core.main.TestSuiteExecutor.execute(TestSuiteExecutor.java:91)
	at com.kms.katalon.core.main.TestCaseMain.startTestSuite(TestCaseMain.java:157)
	at com.kms.katalon.core.main.TestCaseMain$startTestSuite$0.call(Unknown Source)
	at TempTestSuite1581081710748.run(TempTestSuite1581081710748.groovy:36)
)

2020-02-07 15:31:10 - [MESSAGE][WARNING] - Timeout '0' is invalid. Using default page load timeout: '1'

2020-02-07 15:31:11 - [MESSAGE][INFO] - Unable to find the element located by 'By.xpath: //*[@id="bottom-slider-id"]/div[12]/figure'. Please recheck the objects properties to make sure the desired element is located. 

2020-02-07 15:31:11 - [MESSAGE][FAILED] - com.kms.katalon.core.webui.exception.WebElementNotFoundException: Web element with id: 'Object Repository/Page_Reevio Video Maker/Editor_Scene_12' located by 'By.xpath: //*[@id="bottom-slider-id"]/div[12]/figure' not found (Root cause: com.kms.katalon.core.exception.StepFailedException: com.kms.katalon.core.webui.exception.WebElementNotFoundException: Web element with id: 'Object Repository/Page_Reevio Video Maker/Editor_Scene_12' located by 'By.xpath: //*[@id="bottom-slider-id"]/div[12]/figure' not found
	at com.kms.katalon.core.webui.keyword.internal.WebUIKeywordMain.stepFailed(WebUIKeywordMain.groovy:64)
	at com.kms.katalon.core.webui.keyword.builtin.VerifyElementPresentKeyword$_verifyElementPresent_closure1.doCall(VerifyElementPresentKeyword.groovy:85)
	at com.kms.katalon.core.webui.keyword.builtin.VerifyElementPresentKeyword$_verifyElementPresent_closure1.call(VerifyElementPresentKeyword.groovy)
	at com.kms.katalon.core.webui.keyword.internal.WebUIKeywordMain.runKeyword(WebUIKeywordMain.groovy:20)
	at com.kms.katalon.core.webui.keyword.builtin.VerifyElementPresentKeyword.verifyElementPresent(VerifyElementPresentKeyword.groovy:92)
	at com.kms.katalon.core.webui.keyword.builtin.VerifyElementPresentKeyword.execute(VerifyElementPresentKeyword.groovy:68)
	at com.kms.katalon.core.keyword.internal.KeywordExecutor.executeKeywordForPlatform(KeywordExecutor.groovy:72)
	at com.kms.katalon.core.webui.keyword.WebUiBuiltInKeywords.verifyElementPresent(WebUiBuiltInKeywords.groovy:1434)
	at com.kms.katalon.core.webui.keyword.WebUiBuiltInKeywords$verifyElementPresent$6.call(Unknown Source)
	at Text adding Min and COLOR (1-30)sc.run(Text adding Min and COLOR (1-30)sc:22)
	at com.kms.katalon.core.main.ScriptEngine.run(ScriptEngine.java:194)
	at com.kms.katalon.core.main.ScriptEngine.runScriptAsRawText(ScriptEngine.java:119)
	at com.kms.katalon.core.main.TestCaseExecutor.runScript(TestCaseExecutor.java:337)
	at com.kms.katalon.core.main.TestCaseExecutor.doExecute(TestCaseExecutor.java:328)
	at com.kms.katalon.core.main.TestCaseExecutor.processExecutionPhase(TestCaseExecutor.java:307)
	at com.kms.katalon.core.main.TestCaseExecutor.accessMainPhase(TestCaseExecutor.java:299)
	at com.kms.katalon.core.main.TestCaseExecutor.execute(TestCaseExecutor.java:233)
	at com.kms.katalon.core.main.TestSuiteExecutor.accessTestCaseMainPhase(TestSuiteExecutor.java:169)
	at com.kms.katalon.core.main.TestSuiteExecutor.accessTestSuiteMainPhase(TestSuiteExecutor.java:142)
	at com.kms.katalon.core.main.TestSuiteExecutor.execute(TestSuiteExecutor.java:91)
	at com.kms.katalon.core.main.TestCaseMain.startTestSuite(TestCaseMain.java:157)
	at com.kms.katalon.core.main.TestCaseMain$startTestSuite$0.call(Unknown Source)
	at TempTestSuite1581081710748.run(TempTestSuite1581081710748.groovy:36)
)

2020-02-07 15:31:11 - [TEST_STEP][PASSED] - else: null

2020-02-07 15:31:11 - [TEST_STEP][PASSED] - break: null]]></system-out>
         <system-err><![CDATA[2020-02-07 15:26:06 - [TEST_CASE][FAILED] - Test Cases/Text adding/Text adding Min and COLOR (1-30)sc: Test Cases/Text adding/Text adding Min and COLOR (1-30)sc FAILED.
Reason:
com.kms.katalon.core.exception.StepFailedException: Object 'Object Repository/Page_Reevio Video Maker/Editor/Test Text fields/a_Text 3' is not present (Root cause: com.kms.katalon.core.exception.StepFailedException: Object 'Object Repository/Page_Reevio Video Maker/Editor/Test Text fields/a_Text 3' is not present
	at com.kms.katalon.core.webui.keyword.internal.WebUIKeywordMain.stepFailed(WebUIKeywordMain.groovy:64)
	at com.kms.katalon.core.webui.keyword.builtin.VerifyElementVisibleInViewportKeyword$_verifyElementVisibleInViewport_closure1.doCall(VerifyElementVisibleInViewportKeyword.groovy:83)
	at com.kms.katalon.core.webui.keyword.builtin.VerifyElementVisibleInViewportKeyword$_verifyElementVisibleInViewport_closure1.call(VerifyElementVisibleInViewportKeyword.groovy)
	at com.kms.katalon.core.webui.keyword.internal.WebUIKeywordMain.runKeyword(WebUIKeywordMain.groovy:20)
	at com.kms.katalon.core.webui.keyword.builtin.VerifyElementVisibleInViewportKeyword.verifyElementVisibleInViewport(VerifyElementVisibleInViewportKeyword.groovy:86)
	at com.kms.katalon.core.webui.keyword.builtin.VerifyElementVisibleInViewportKeyword.execute(VerifyElementVisibleInViewportKeyword.groovy:68)
	at com.kms.katalon.core.keyword.internal.KeywordExecutor.executeKeywordForPlatform(KeywordExecutor.groovy:72)
	at com.kms.katalon.core.webui.keyword.WebUiBuiltInKeywords.verifyElementInViewport(WebUiBuiltInKeywords.groovy:3039)
	at com.kms.katalon.core.webui.keyword.WebUiBuiltInKeywords$verifyElementInViewport$14.call(Unknown Source)
	at Text adding Min and COLOR (1-30)sc.run(Text adding Min and COLOR (1-30)sc:30)
	at com.kms.katalon.core.main.ScriptEngine.run(ScriptEngine.java:194)
	at com.kms.katalon.core.main.ScriptEngine.runScriptAsRawText(ScriptEngine.java:119)
	at com.kms.katalon.core.main.TestCaseExecutor.runScript(TestCaseExecutor.java:337)
	at com.kms.katalon.core.main.TestCaseExecutor.doExecute(TestCaseExecutor.java:328)
	at com.kms.katalon.core.main.TestCaseExecutor.processExecutionPhase(TestCaseExecutor.java:307)
	at com.kms.katalon.core.main.TestCaseExecutor.accessMainPhase(TestCaseExecutor.java:299)
	at com.kms.katalon.core.main.TestCaseExecutor.execute(TestCaseExecutor.java:233)
	at com.kms.katalon.core.main.TestSuiteExecutor.accessTestCaseMainPhase(TestSuiteExecutor.java:169)
	at com.kms.katalon.core.main.TestSuiteExecutor.accessTestSuiteMainPhase(TestSuiteExecutor.java:142)
	at com.kms.katalon.core.main.TestSuiteExecutor.execute(TestSuiteExecutor.java:91)
	at com.kms.katalon.core.main.TestCaseMain.startTestSuite(TestCaseMain.java:157)
	at com.kms.katalon.core.main.TestCaseMain$startTestSuite$0.call(Unknown Source)
	at TempTestSuite1581081710748.run(TempTestSuite1581081710748.groovy:36)
)
	at com.kms.katalon.core.keyword.internal.KeywordMain.stepFailed(KeywordMain.groovy:39)
	at com.kms.katalon.core.webui.keyword.internal.WebUIKeywordMain.stepFailed(WebUIKeywordMain.groovy:64)
	at com.kms.katalon.core.webui.keyword.builtin.VerifyElementVisibleInViewportKeyword$_verifyElementVisibleInViewport_closure1.doCall(VerifyElementVisibleInViewportKeyword.groovy:83)
	at com.kms.katalon.core.webui.keyword.builtin.VerifyElementVisibleInViewportKeyword$_verifyElementVisibleInViewport_closure1.call(VerifyElementVisibleInViewportKeyword.groovy)
	at com.kms.katalon.core.webui.keyword.internal.WebUIKeywordMain.runKeyword(WebUIKeywordMain.groovy:20)
	at com.kms.katalon.core.webui.keyword.builtin.VerifyElementVisibleInViewportKeyword.verifyElementVisibleInViewport(VerifyElementVisibleInViewportKeyword.groovy:86)
	at com.kms.katalon.core.webui.keyword.builtin.VerifyElementVisibleInViewportKeyword.execute(VerifyElementVisibleInViewportKeyword.groovy:68)
	at com.kms.katalon.core.keyword.internal.KeywordExecutor.executeKeywordForPlatform(KeywordExecutor.groovy:72)
	at com.kms.katalon.core.webui.keyword.WebUiBuiltInKeywords.verifyElementInViewport(WebUiBuiltInKeywords.groovy:3039)
	at com.kms.katalon.core.webui.keyword.WebUiBuiltInKeywords$verifyElementInViewport$14.call(Unknown Source)
	at Text adding Min and COLOR (1-30)sc.run(Text adding Min and COLOR (1-30)sc:30)
	at com.kms.katalon.core.main.ScriptEngine.run(ScriptEngine.java:194)
	at com.kms.katalon.core.main.ScriptEngine.runScriptAsRawText(ScriptEngine.java:119)
	at com.kms.katalon.core.main.TestCaseExecutor.runScript(TestCaseExecutor.java:337)
	at com.kms.katalon.core.main.TestCaseExecutor.doExecute(TestCaseExecutor.java:328)
	at com.kms.katalon.core.main.TestCaseExecutor.processExecutionPhase(TestCaseExecutor.java:307)
	at com.kms.katalon.core.main.TestCaseExecutor.accessMainPhase(TestCaseExecutor.java:299)
	at com.kms.katalon.core.main.TestCaseExecutor.execute(TestCaseExecutor.java:233)
	at com.kms.katalon.core.main.TestSuiteExecutor.accessTestCaseMainPhase(TestSuiteExecutor.java:169)
	at com.kms.katalon.core.main.TestSuiteExecutor.accessTestSuiteMainPhase(TestSuiteExecutor.java:142)
	at com.kms.katalon.core.main.TestSuiteExecutor.execute(TestSuiteExecutor.java:91)
	at com.kms.katalon.core.main.TestCaseMain.startTestSuite(TestCaseMain.java:157)
	at com.kms.katalon.core.main.TestCaseMain$startTestSuite$0.call(Unknown Source)
	at TempTestSuite1581081710748.run(TempTestSuite1581081710748.groovy:36)
Caused by: com.kms.katalon.core.exception.StepFailedException: Object 'Object Repository/Page_Reevio Video Maker/Editor/Test Text fields/a_Text 3' is not present
	... 23 more]]></system-err>
      </testcase>
      <testcase name="Test Cases/clickSavebtn" time="1.506" classname="Test Cases/clickSavebtn" status="PASSED">
         <system-out><![CDATA[2020-02-07 15:31:11 - [TEST_CASE][PASSED] - Test Cases/clickSavebtn: Test Cases/clickSavebtn

2020-02-07 15:31:11 - [TEST_STEP][PASSED] - Savebtn = new com.kms.katalon.core.testobject.TestObject(data-target): null

2020-02-07 15:31:11 - [TEST_STEP][PASSED] - Savebtn.addProperty("xpath", EQUALS, "//button[@data-target = "#save-changes"]", true): null

2020-02-07 15:31:11 - [TEST_STEP][PASSED] - click(Savebtn): Object: 'data-target' is clicked on

2020-02-07 15:31:11 - [MESSAGE][PASSED] - Object: 'data-target' is clicked on

2020-02-07 15:31:11 - [TEST_STEP][PASSED] - delay(1): Delayed 1 second(s)

2020-02-07 15:31:12 - [MESSAGE][PASSED] - Delayed 1 second(s)]]></system-out>
         <system-err><![CDATA[]]></system-err>
      </testcase>
      <testcase name="Test Cases/Images adding/Background adding (Color 1-30cs) cycle" time="41.754" classname="Test Cases/Images adding/Background adding (Color 1-30cs) cycle" status="FAILED">
         <failure type="FAILED" message="Test Cases/Images adding/Background adding (Color 1-30cs) cycle FAILED.
Reason:
com.kms.katalon.core.exception.StepFailedException: Object 'Object Repository/Page_Login/logoPlaceholder1' is not present (Root cause: com.kms.katalon.core.exception.StepFailedException: Object 'Object Repository/Page_Login/logoPlaceholder1' is not present
	at com.kms.katalon.core.webui.keyword.internal.WebUIKeywordMain.stepFailed(WebUIKeywordMain.groovy:64)
	at com.kms.katalon.core.webui.keyword.builtin.VerifyElementVisibleInViewportKeyword$_verifyElementVisibleInViewport_closure1.doCall(VerifyElementVisibleInViewportKeyword.groovy:83)
	at com.kms.katalon.core.webui.keyword.builtin.VerifyElementVisibleInViewportKeyword$_verifyElementVisibleInViewport_closure1.call(VerifyElementVisibleInViewportKeyword.groovy)
	at com.kms.katalon.core.webui.keyword.internal.WebUIKeywordMain.runKeyword(WebUIKeywordMain.groovy:20)
	at com.kms.katalon.core.webui.keyword.builtin.VerifyElementVisibleInViewportKeyword.verifyElementVisibleInViewport(VerifyElementVisibleInViewportKeyword.groovy:86)
	at com.kms.katalon.core.webui.keyword.builtin.VerifyElementVisibleInViewportKeyword.execute(VerifyElementVisibleInViewportKeyword.groovy:68)
	at com.kms.katalon.core.keyword.internal.KeywordExecutor.executeKeywordForPlatform(KeywordExecutor.groovy:72)
	at com.kms.katalon.core.webui.keyword.WebUiBuiltInKeywords.verifyElementInViewport(WebUiBuiltInKeywords.groovy:3039)
	at com.kms.katalon.core.webui.keyword.WebUiBuiltInKeywords$verifyElementInViewport$14.call(Unknown Source)
	at Background adding (Color 1-30cs) cycle.run(Background adding (Color 1-30cs) cycle:38)
	at com.kms.katalon.core.main.ScriptEngine.run(ScriptEngine.java:194)
	at com.kms.katalon.core.main.ScriptEngine.runScriptAsRawText(ScriptEngine.java:119)
	at com.kms.katalon.core.main.TestCaseExecutor.runScript(TestCaseExecutor.java:337)
	at com.kms.katalon.core.main.TestCaseExecutor.doExecute(TestCaseExecutor.java:328)
	at com.kms.katalon.core.main.TestCaseExecutor.processExecutionPhase(TestCaseExecutor.java:307)
	at com.kms.katalon.core.main.TestCaseExecutor.accessMainPhase(TestCaseExecutor.java:299)
	at com.kms.katalon.core.main.TestCaseExecutor.execute(TestCaseExecutor.java:233)
	at com.kms.katalon.core.main.TestSuiteExecutor.accessTestCaseMainPhase(TestSuiteExecutor.java:169)
	at com.kms.katalon.core.main.TestSuiteExecutor.accessTestSuiteMainPhase(TestSuiteExecutor.java:142)
	at com.kms.katalon.core.main.TestSuiteExecutor.execute(TestSuiteExecutor.java:91)
	at com.kms.katalon.core.main.TestCaseMain.startTestSuite(TestCaseMain.java:157)
	at com.kms.katalon.core.main.TestCaseMain$startTestSuite$0.call(Unknown Source)
	at TempTestSuite1581081710748.run(TempTestSuite1581081710748.groovy:36)
)
	at com.kms.katalon.core.keyword.internal.KeywordMain.stepFailed(KeywordMain.groovy:39)
	at com.kms.katalon.core.webui.keyword.internal.WebUIKeywordMain.stepFailed(WebUIKeywordMain.groovy:64)
	at com.kms.katalon.core.webui.keyword.builtin.VerifyElementVisibleInViewportKeyword$_verifyElementVisibleInViewport_closure1.doCall(VerifyElementVisibleInViewportKeyword.groovy:83)
	at com.kms.katalon.core.webui.keyword.builtin.VerifyElementVisibleInViewportKeyword$_verifyElementVisibleInViewport_closure1.call(VerifyElementVisibleInViewportKeyword.groovy)
	at com.kms.katalon.core.webui.keyword.internal.WebUIKeywordMain.runKeyword(WebUIKeywordMain.groovy:20)
	at com.kms.katalon.core.webui.keyword.builtin.VerifyElementVisibleInViewportKeyword.verifyElementVisibleInViewport(VerifyElementVisibleInViewportKeyword.groovy:86)
	at com.kms.katalon.core.webui.keyword.builtin.VerifyElementVisibleInViewportKeyword.execute(VerifyElementVisibleInViewportKeyword.groovy:68)
	at com.kms.katalon.core.keyword.internal.KeywordExecutor.executeKeywordForPlatform(KeywordExecutor.groovy:72)
	at com.kms.katalon.core.webui.keyword.WebUiBuiltInKeywords.verifyElementInViewport(WebUiBuiltInKeywords.groovy:3039)
	at com.kms.katalon.core.webui.keyword.WebUiBuiltInKeywords$verifyElementInViewport$14.call(Unknown Source)
	at Background adding (Color 1-30cs) cycle.run(Background adding (Color 1-30cs) cycle:38)
	at com.kms.katalon.core.main.ScriptEngine.run(ScriptEngine.java:194)
	at com.kms.katalon.core.main.ScriptEngine.runScriptAsRawText(ScriptEngine.java:119)
	at com.kms.katalon.core.main.TestCaseExecutor.runScript(TestCaseExecutor.java:337)
	at com.kms.katalon.core.main.TestCaseExecutor.doExecute(TestCaseExecutor.java:328)
	at com.kms.katalon.core.main.TestCaseExecutor.processExecutionPhase(TestCaseExecutor.java:307)
	at com.kms.katalon.core.main.TestCaseExecutor.accessMainPhase(TestCaseExecutor.java:299)
	at com.kms.katalon.core.main.TestCaseExecutor.execute(TestCaseExecutor.java:233)
	at com.kms.katalon.core.main.TestSuiteExecutor.accessTestCaseMainPhase(TestSuiteExecutor.java:169)
	at com.kms.katalon.core.main.TestSuiteExecutor.accessTestSuiteMainPhase(TestSuiteExecutor.java:142)
	at com.kms.katalon.core.main.TestSuiteExecutor.execute(TestSuiteExecutor.java:91)
	at com.kms.katalon.core.main.TestCaseMain.startTestSuite(TestCaseMain.java:157)
	at com.kms.katalon.core.main.TestCaseMain$startTestSuite$0.call(Unknown Source)
	at TempTestSuite1581081710748.run(TempTestSuite1581081710748.groovy:36)
Caused by: com.kms.katalon.core.exception.StepFailedException: Object 'Object Repository/Page_Login/logoPlaceholder1' is not present
	... 23 more
"/>
         <system-out><![CDATA[2020-02-07 15:31:12 - [TEST_CASE][FAILED] - Test Cases/Images adding/Background adding (Color 1-30cs) cycle: Test Cases/Images adding/Background adding (Color 1-30cs) cycle FAILED.
Reason:
com.kms.katalon.core.exception.StepFailedException: Object 'Object Repository/Page_Login/logoPlaceholder1' is not present (Root cause: com.kms.katalon.core.exception.StepFailedException: Object 'Object Repository/Page_Login/logoPlaceholder1' is not present
	at com.kms.katalon.core.webui.keyword.internal.WebUIKeywordMain.stepFailed(WebUIKeywordMain.groovy:64)
	at com.kms.katalon.core.webui.keyword.builtin.VerifyElementVisibleInViewportKeyword$_verifyElementVisibleInViewport_closure1.doCall(VerifyElementVisibleInViewportKeyword.groovy:83)
	at com.kms.katalon.core.webui.keyword.builtin.VerifyElementVisibleInViewportKeyword$_verifyElementVisibleInViewport_closure1.call(VerifyElementVisibleInViewportKeyword.groovy)
	at com.kms.katalon.core.webui.keyword.internal.WebUIKeywordMain.runKeyword(WebUIKeywordMain.groovy:20)
	at com.kms.katalon.core.webui.keyword.builtin.VerifyElementVisibleInViewportKeyword.verifyElementVisibleInViewport(VerifyElementVisibleInViewportKeyword.groovy:86)
	at com.kms.katalon.core.webui.keyword.builtin.VerifyElementVisibleInViewportKeyword.execute(VerifyElementVisibleInViewportKeyword.groovy:68)
	at com.kms.katalon.core.keyword.internal.KeywordExecutor.executeKeywordForPlatform(KeywordExecutor.groovy:72)
	at com.kms.katalon.core.webui.keyword.WebUiBuiltInKeywords.verifyElementInViewport(WebUiBuiltInKeywords.groovy:3039)
	at com.kms.katalon.core.webui.keyword.WebUiBuiltInKeywords$verifyElementInViewport$14.call(Unknown Source)
	at Background adding (Color 1-30cs) cycle.run(Background adding (Color 1-30cs) cycle:38)
	at com.kms.katalon.core.main.ScriptEngine.run(ScriptEngine.java:194)
	at com.kms.katalon.core.main.ScriptEngine.runScriptAsRawText(ScriptEngine.java:119)
	at com.kms.katalon.core.main.TestCaseExecutor.runScript(TestCaseExecutor.java:337)
	at com.kms.katalon.core.main.TestCaseExecutor.doExecute(TestCaseExecutor.java:328)
	at com.kms.katalon.core.main.TestCaseExecutor.processExecutionPhase(TestCaseExecutor.java:307)
	at com.kms.katalon.core.main.TestCaseExecutor.accessMainPhase(TestCaseExecutor.java:299)
	at com.kms.katalon.core.main.TestCaseExecutor.execute(TestCaseExecutor.java:233)
	at com.kms.katalon.core.main.TestSuiteExecutor.accessTestCaseMainPhase(TestSuiteExecutor.java:169)
	at com.kms.katalon.core.main.TestSuiteExecutor.accessTestSuiteMainPhase(TestSuiteExecutor.java:142)
	at com.kms.katalon.core.main.TestSuiteExecutor.execute(TestSuiteExecutor.java:91)
	at com.kms.katalon.core.main.TestCaseMain.startTestSuite(TestCaseMain.java:157)
	at com.kms.katalon.core.main.TestCaseMain$startTestSuite$0.call(Unknown Source)
	at TempTestSuite1581081710748.run(TempTestSuite1581081710748.groovy:36)
)
	at com.kms.katalon.core.keyword.internal.KeywordMain.stepFailed(KeywordMain.groovy:39)
	at com.kms.katalon.core.webui.keyword.internal.WebUIKeywordMain.stepFailed(WebUIKeywordMain.groovy:64)
	at com.kms.katalon.core.webui.keyword.builtin.VerifyElementVisibleInViewportKeyword$_verifyElementVisibleInViewport_closure1.doCall(VerifyElementVisibleInViewportKeyword.groovy:83)
	at com.kms.katalon.core.webui.keyword.builtin.VerifyElementVisibleInViewportKeyword$_verifyElementVisibleInViewport_closure1.call(VerifyElementVisibleInViewportKeyword.groovy)
	at com.kms.katalon.core.webui.keyword.internal.WebUIKeywordMain.runKeyword(WebUIKeywordMain.groovy:20)
	at com.kms.katalon.core.webui.keyword.builtin.VerifyElementVisibleInViewportKeyword.verifyElementVisibleInViewport(VerifyElementVisibleInViewportKeyword.groovy:86)
	at com.kms.katalon.core.webui.keyword.builtin.VerifyElementVisibleInViewportKeyword.execute(VerifyElementVisibleInViewportKeyword.groovy:68)
	at com.kms.katalon.core.keyword.internal.KeywordExecutor.executeKeywordForPlatform(KeywordExecutor.groovy:72)
	at com.kms.katalon.core.webui.keyword.WebUiBuiltInKeywords.verifyElementInViewport(WebUiBuiltInKeywords.groovy:3039)
	at com.kms.katalon.core.webui.keyword.WebUiBuiltInKeywords$verifyElementInViewport$14.call(Unknown Source)
	at Background adding (Color 1-30cs) cycle.run(Background adding (Color 1-30cs) cycle:38)
	at com.kms.katalon.core.main.ScriptEngine.run(ScriptEngine.java:194)
	at com.kms.katalon.core.main.ScriptEngine.runScriptAsRawText(ScriptEngine.java:119)
	at com.kms.katalon.core.main.TestCaseExecutor.runScript(TestCaseExecutor.java:337)
	at com.kms.katalon.core.main.TestCaseExecutor.doExecute(TestCaseExecutor.java:328)
	at com.kms.katalon.core.main.TestCaseExecutor.processExecutionPhase(TestCaseExecutor.java:307)
	at com.kms.katalon.core.main.TestCaseExecutor.accessMainPhase(TestCaseExecutor.java:299)
	at com.kms.katalon.core.main.TestCaseExecutor.execute(TestCaseExecutor.java:233)
	at com.kms.katalon.core.main.TestSuiteExecutor.accessTestCaseMainPhase(TestSuiteExecutor.java:169)
	at com.kms.katalon.core.main.TestSuiteExecutor.accessTestSuiteMainPhase(TestSuiteExecutor.java:142)
	at com.kms.katalon.core.main.TestSuiteExecutor.execute(TestSuiteExecutor.java:91)
	at com.kms.katalon.core.main.TestCaseMain.startTestSuite(TestCaseMain.java:157)
	at com.kms.katalon.core.main.TestCaseMain$startTestSuite$0.call(Unknown Source)
	at TempTestSuite1581081710748.run(TempTestSuite1581081710748.groovy:36)
Caused by: com.kms.katalon.core.exception.StepFailedException: Object 'Object Repository/Page_Login/logoPlaceholder1' is not present
	... 23 more


2020-02-07 15:31:13 - [TEST_STEP][PASSED] - click(findTestObject("Page_Reevio Video Maker/Editor_Scene_1")): Object: 'Object Repository/Page_Reevio Video Maker/Editor_Scene_1' is clicked on

2020-02-07 15:31:13 - [MESSAGE][PASSED] - Object: 'Object Repository/Page_Reevio Video Maker/Editor_Scene_1' is clicked on

2020-02-07 15:31:13 - [TEST_STEP][PASSED] - delay(1): Delayed 1 second(s)

2020-02-07 15:31:14 - [MESSAGE][PASSED] - Delayed 1 second(s)

2020-02-07 15:31:14 - [TEST_STEP][PASSED] - sceneCore = "Page_Reevio Video Maker/Editor_Scene_": null

2020-02-07 15:31:14 - [TEST_STEP][FAILED] - for ([i = 1, i < 31, (i++)]): null

2020-02-07 15:31:14 - [TEST_STEP][PASSED] - if (verifyElementPresent(findTestObject(sceneCore + i), 1) == true): null

2020-02-07 15:31:14 - [MESSAGE][PASSED] - Object 'Object Repository/Page_Reevio Video Maker/Editor_Scene_1' is present

2020-02-07 15:31:14 - [TEST_STEP][PASSED] - doubleClick(findTestObject(sceneCore + i)): Object: 'Object Repository/Page_Reevio Video Maker/Editor_Scene_1' is double clicked on

2020-02-07 15:31:15 - [MESSAGE][PASSED] - Object: 'Object Repository/Page_Reevio Video Maker/Editor_Scene_1' is double clicked on

2020-02-07 15:31:15 - [TEST_STEP][PASSED] - click(findTestObject("Add video in placeholers/Video_img backgrounds/div_Background_Color")): Object: 'Object Repository/Add video in placeholers/Video_img backgrounds/div_Background_Color' is clicked on

2020-02-07 15:31:15 - [MESSAGE][PASSED] - Object: 'Object Repository/Add video in placeholers/Video_img backgrounds/div_Background_Color' is clicked on

2020-02-07 15:31:15 - [TEST_STEP][PASSED] - clearText(findTestObject("Add video in placeholers/Video_img repository (videos, imgs and buttons)/change color/input_RGB_hex-color")): Text of object 'Object Repository/Add video in placeholers/Video_img repository (videos, imgs and buttons)/change color/input_RGB_hex-color' is cleared

2020-02-07 15:31:15 - [MESSAGE][PASSED] - Text of object 'Object Repository/Add video in placeholers/Video_img repository (videos, imgs and buttons)/change color/input_RGB_hex-color' is cleared

2020-02-07 15:31:15 - [TEST_STEP][PASSED] - setText(findTestObject("Object Repository/Add video in placeholers/Video_img repository (videos, imgs and buttons)/change color/input_RGB_hex-color"), findTestData("vavowDate").getValue(6, 1)): Text '#123456' is set on object 'Object Repository/Add video in placeholers/Video_img repository (videos, imgs and buttons)/change color/input_RGB_hex-color'

2020-02-07 15:31:15 - [MESSAGE][PASSED] - Text '#123456' is set on object 'Object Repository/Add video in placeholers/Video_img repository (videos, imgs and buttons)/change color/input_RGB_hex-color'

2020-02-07 15:31:15 - [TEST_STEP][PASSED] - click(findTestObject("Object Repository/Add video in placeholers/Video_img repository (videos, imgs and buttons)/change color/button_Apply")): Object: 'Object Repository/Add video in placeholers/Video_img repository (videos, imgs and buttons)/change color/button_Apply' is clicked on

2020-02-07 15:31:16 - [MESSAGE][PASSED] - Object: 'Object Repository/Add video in placeholers/Video_img repository (videos, imgs and buttons)/change color/button_Apply' is clicked on

2020-02-07 15:31:16 - [TEST_STEP][PASSED] - if (verifyElementPresent(findTestObject("Page_Reevio Video Maker/Editor_Scene_" + i), 0) == true): null

2020-02-07 15:31:16 - [MESSAGE][WARNING] - Timeout '0' is invalid. Using default page load timeout: '1'

2020-02-07 15:31:16 - [MESSAGE][PASSED] - Object 'Object Repository/Page_Reevio Video Maker/Editor_Scene_1' is present

2020-02-07 15:31:16 - [TEST_STEP][PASSED] - doubleClick(findTestObject("Page_Reevio Video Maker/Editor_Scene_" + i)): Object: 'Object Repository/Page_Reevio Video Maker/Editor_Scene_1' is double clicked on

2020-02-07 15:31:16 - [MESSAGE][PASSED] - Object: 'Object Repository/Page_Reevio Video Maker/Editor_Scene_1' is double clicked on

2020-02-07 15:31:16 - [TEST_STEP][FAILED] - if (verifyElementInViewport(findTestObject("Object Repository/Page_Login/logoPlaceholder1"), 0)): Object 'Object Repository/Page_Login/logoPlaceholder1' is not present (Root cause: com.kms.katalon.core.exception.StepFailedException: Object 'Object Repository/Page_Login/logoPlaceholder1' is not present
	at com.kms.katalon.core.webui.keyword.internal.WebUIKeywordMain.stepFailed(WebUIKeywordMain.groovy:64)
	at com.kms.katalon.core.webui.keyword.builtin.VerifyElementVisibleInViewportKeyword$_verifyElementVisibleInViewport_closure1.doCall(VerifyElementVisibleInViewportKeyword.groovy:83)
	at com.kms.katalon.core.webui.keyword.builtin.VerifyElementVisibleInViewportKeyword$_verifyElementVisibleInViewport_closure1.call(VerifyElementVisibleInViewportKeyword.groovy)
	at com.kms.katalon.core.webui.keyword.internal.WebUIKeywordMain.runKeyword(WebUIKeywordMain.groovy:20)
	at com.kms.katalon.core.webui.keyword.builtin.VerifyElementVisibleInViewportKeyword.verifyElementVisibleInViewport(VerifyElementVisibleInViewportKeyword.groovy:86)
	at com.kms.katalon.core.webui.keyword.builtin.VerifyElementVisibleInViewportKeyword.execute(VerifyElementVisibleInViewportKeyword.groovy:68)
	at com.kms.katalon.core.keyword.internal.KeywordExecutor.executeKeywordForPlatform(KeywordExecutor.groovy:72)
	at com.kms.katalon.core.webui.keyword.WebUiBuiltInKeywords.verifyElementInViewport(WebUiBuiltInKeywords.groovy:3039)
	at com.kms.katalon.core.webui.keyword.WebUiBuiltInKeywords$verifyElementInViewport$14.call(Unknown Source)
	at Background adding (Color 1-30cs) cycle.run(Background adding (Color 1-30cs) cycle:38)
	at com.kms.katalon.core.main.ScriptEngine.run(ScriptEngine.java:194)
	at com.kms.katalon.core.main.ScriptEngine.runScriptAsRawText(ScriptEngine.java:119)
	at com.kms.katalon.core.main.TestCaseExecutor.runScript(TestCaseExecutor.java:337)
	at com.kms.katalon.core.main.TestCaseExecutor.doExecute(TestCaseExecutor.java:328)
	at com.kms.katalon.core.main.TestCaseExecutor.processExecutionPhase(TestCaseExecutor.java:307)
	at com.kms.katalon.core.main.TestCaseExecutor.accessMainPhase(TestCaseExecutor.java:299)
	at com.kms.katalon.core.main.TestCaseExecutor.execute(TestCaseExecutor.java:233)
	at com.kms.katalon.core.main.TestSuiteExecutor.accessTestCaseMainPhase(TestSuiteExecutor.java:169)
	at com.kms.katalon.core.main.TestSuiteExecutor.accessTestSuiteMainPhase(TestSuiteExecutor.java:142)
	at com.kms.katalon.core.main.TestSuiteExecutor.execute(TestSuiteExecutor.java:91)
	at com.kms.katalon.core.main.TestCaseMain.startTestSuite(TestCaseMain.java:157)
	at com.kms.katalon.core.main.TestCaseMain$startTestSuite$0.call(Unknown Source)
	at TempTestSuite1581081710748.run(TempTestSuite1581081710748.groovy:36)
)

2020-02-07 15:31:16 - [MESSAGE][WARNING] - Timeout '0' is invalid. Using default page load timeout: '1'

2020-02-07 15:31:17 - [MESSAGE][INFO] - Unable to find the element located by 'By.xpath: //div[@class = 'current-slide active-slide']//div[@class="uploded-pic frame ui-droppable"]'. Please recheck the objects properties to make sure the desired element is located. 

2020-02-07 15:31:17 - [MESSAGE][FAILED] - Object 'Object Repository/Page_Login/logoPlaceholder1' is not present (Root cause: com.kms.katalon.core.exception.StepFailedException: Object 'Object Repository/Page_Login/logoPlaceholder1' is not present
	at com.kms.katalon.core.webui.keyword.internal.WebUIKeywordMain.stepFailed(WebUIKeywordMain.groovy:64)
	at com.kms.katalon.core.webui.keyword.builtin.VerifyElementVisibleInViewportKeyword$_verifyElementVisibleInViewport_closure1.doCall(VerifyElementVisibleInViewportKeyword.groovy:83)
	at com.kms.katalon.core.webui.keyword.builtin.VerifyElementVisibleInViewportKeyword$_verifyElementVisibleInViewport_closure1.call(VerifyElementVisibleInViewportKeyword.groovy)
	at com.kms.katalon.core.webui.keyword.internal.WebUIKeywordMain.runKeyword(WebUIKeywordMain.groovy:20)
	at com.kms.katalon.core.webui.keyword.builtin.VerifyElementVisibleInViewportKeyword.verifyElementVisibleInViewport(VerifyElementVisibleInViewportKeyword.groovy:86)
	at com.kms.katalon.core.webui.keyword.builtin.VerifyElementVisibleInViewportKeyword.execute(VerifyElementVisibleInViewportKeyword.groovy:68)
	at com.kms.katalon.core.keyword.internal.KeywordExecutor.executeKeywordForPlatform(KeywordExecutor.groovy:72)
	at com.kms.katalon.core.webui.keyword.WebUiBuiltInKeywords.verifyElementInViewport(WebUiBuiltInKeywords.groovy:3039)
	at com.kms.katalon.core.webui.keyword.WebUiBuiltInKeywords$verifyElementInViewport$14.call(Unknown Source)
	at Background adding (Color 1-30cs) cycle.run(Background adding (Color 1-30cs) cycle:38)
	at com.kms.katalon.core.main.ScriptEngine.run(ScriptEngine.java:194)
	at com.kms.katalon.core.main.ScriptEngine.runScriptAsRawText(ScriptEngine.java:119)
	at com.kms.katalon.core.main.TestCaseExecutor.runScript(TestCaseExecutor.java:337)
	at com.kms.katalon.core.main.TestCaseExecutor.doExecute(TestCaseExecutor.java:328)
	at com.kms.katalon.core.main.TestCaseExecutor.processExecutionPhase(TestCaseExecutor.java:307)
	at com.kms.katalon.core.main.TestCaseExecutor.accessMainPhase(TestCaseExecutor.java:299)
	at com.kms.katalon.core.main.TestCaseExecutor.execute(TestCaseExecutor.java:233)
	at com.kms.katalon.core.main.TestSuiteExecutor.accessTestCaseMainPhase(TestSuiteExecutor.java:169)
	at com.kms.katalon.core.main.TestSuiteExecutor.accessTestSuiteMainPhase(TestSuiteExecutor.java:142)
	at com.kms.katalon.core.main.TestSuiteExecutor.execute(TestSuiteExecutor.java:91)
	at com.kms.katalon.core.main.TestCaseMain.startTestSuite(TestCaseMain.java:157)
	at com.kms.katalon.core.main.TestCaseMain$startTestSuite$0.call(Unknown Source)
	at TempTestSuite1581081710748.run(TempTestSuite1581081710748.groovy:36)
)

2020-02-07 15:31:17 - [TEST_STEP][PASSED] - Thread.sleep(500): null

2020-02-07 15:31:18 - [TEST_STEP][PASSED] - if (verifyElementPresent(findTestObject(sceneCore + i), 1) == true): null

2020-02-07 15:31:18 - [MESSAGE][PASSED] - Object 'Object Repository/Page_Reevio Video Maker/Editor_Scene_2' is present

2020-02-07 15:31:18 - [TEST_STEP][PASSED] - doubleClick(findTestObject(sceneCore + i)): Object: 'Object Repository/Page_Reevio Video Maker/Editor_Scene_2' is double clicked on

2020-02-07 15:31:18 - [MESSAGE][PASSED] - Object: 'Object Repository/Page_Reevio Video Maker/Editor_Scene_2' is double clicked on

2020-02-07 15:31:18 - [TEST_STEP][PASSED] - click(findTestObject("Add video in placeholers/Video_img backgrounds/div_Background_Color")): Object: 'Object Repository/Add video in placeholers/Video_img backgrounds/div_Background_Color' is clicked on

2020-02-07 15:31:18 - [MESSAGE][PASSED] - Object: 'Object Repository/Add video in placeholers/Video_img backgrounds/div_Background_Color' is clicked on

2020-02-07 15:31:18 - [TEST_STEP][PASSED] - clearText(findTestObject("Add video in placeholers/Video_img repository (videos, imgs and buttons)/change color/input_RGB_hex-color")): Text of object 'Object Repository/Add video in placeholers/Video_img repository (videos, imgs and buttons)/change color/input_RGB_hex-color' is cleared

2020-02-07 15:31:19 - [MESSAGE][PASSED] - Text of object 'Object Repository/Add video in placeholers/Video_img repository (videos, imgs and buttons)/change color/input_RGB_hex-color' is cleared

2020-02-07 15:31:19 - [TEST_STEP][PASSED] - setText(findTestObject("Object Repository/Add video in placeholers/Video_img repository (videos, imgs and buttons)/change color/input_RGB_hex-color"), findTestData("vavowDate").getValue(6, 1)): Text '#123456' is set on object 'Object Repository/Add video in placeholers/Video_img repository (videos, imgs and buttons)/change color/input_RGB_hex-color'

2020-02-07 15:31:19 - [MESSAGE][PASSED] - Text '#123456' is set on object 'Object Repository/Add video in placeholers/Video_img repository (videos, imgs and buttons)/change color/input_RGB_hex-color'

2020-02-07 15:31:19 - [TEST_STEP][PASSED] - click(findTestObject("Object Repository/Add video in placeholers/Video_img repository (videos, imgs and buttons)/change color/button_Apply")): Object: 'Object Repository/Add video in placeholers/Video_img repository (videos, imgs and buttons)/change color/button_Apply' is clicked on

2020-02-07 15:31:19 - [MESSAGE][PASSED] - Object: 'Object Repository/Add video in placeholers/Video_img repository (videos, imgs and buttons)/change color/button_Apply' is clicked on

2020-02-07 15:31:19 - [TEST_STEP][PASSED] - if (verifyElementPresent(findTestObject("Page_Reevio Video Maker/Editor_Scene_" + i), 0) == true): null

2020-02-07 15:31:19 - [MESSAGE][WARNING] - Timeout '0' is invalid. Using default page load timeout: '1'

2020-02-07 15:31:19 - [MESSAGE][PASSED] - Object 'Object Repository/Page_Reevio Video Maker/Editor_Scene_2' is present

2020-02-07 15:31:19 - [TEST_STEP][PASSED] - doubleClick(findTestObject("Page_Reevio Video Maker/Editor_Scene_" + i)): Object: 'Object Repository/Page_Reevio Video Maker/Editor_Scene_2' is double clicked on

2020-02-07 15:31:20 - [MESSAGE][PASSED] - Object: 'Object Repository/Page_Reevio Video Maker/Editor_Scene_2' is double clicked on

2020-02-07 15:31:20 - [TEST_STEP][FAILED] - if (verifyElementInViewport(findTestObject("Object Repository/Page_Login/logoPlaceholder1"), 0)): Object 'Object Repository/Page_Login/logoPlaceholder1' is not present (Root cause: com.kms.katalon.core.exception.StepFailedException: Object 'Object Repository/Page_Login/logoPlaceholder1' is not present
	at com.kms.katalon.core.webui.keyword.internal.WebUIKeywordMain.stepFailed(WebUIKeywordMain.groovy:64)
	at com.kms.katalon.core.webui.keyword.builtin.VerifyElementVisibleInViewportKeyword$_verifyElementVisibleInViewport_closure1.doCall(VerifyElementVisibleInViewportKeyword.groovy:83)
	at com.kms.katalon.core.webui.keyword.builtin.VerifyElementVisibleInViewportKeyword$_verifyElementVisibleInViewport_closure1.call(VerifyElementVisibleInViewportKeyword.groovy)
	at com.kms.katalon.core.webui.keyword.internal.WebUIKeywordMain.runKeyword(WebUIKeywordMain.groovy:20)
	at com.kms.katalon.core.webui.keyword.builtin.VerifyElementVisibleInViewportKeyword.verifyElementVisibleInViewport(VerifyElementVisibleInViewportKeyword.groovy:86)
	at com.kms.katalon.core.webui.keyword.builtin.VerifyElementVisibleInViewportKeyword.execute(VerifyElementVisibleInViewportKeyword.groovy:68)
	at com.kms.katalon.core.keyword.internal.KeywordExecutor.executeKeywordForPlatform(KeywordExecutor.groovy:72)
	at com.kms.katalon.core.webui.keyword.WebUiBuiltInKeywords.verifyElementInViewport(WebUiBuiltInKeywords.groovy:3039)
	at com.kms.katalon.core.webui.keyword.WebUiBuiltInKeywords$verifyElementInViewport$14.call(Unknown Source)
	at Background adding (Color 1-30cs) cycle.run(Background adding (Color 1-30cs) cycle:38)
	at com.kms.katalon.core.main.ScriptEngine.run(ScriptEngine.java:194)
	at com.kms.katalon.core.main.ScriptEngine.runScriptAsRawText(ScriptEngine.java:119)
	at com.kms.katalon.core.main.TestCaseExecutor.runScript(TestCaseExecutor.java:337)
	at com.kms.katalon.core.main.TestCaseExecutor.doExecute(TestCaseExecutor.java:328)
	at com.kms.katalon.core.main.TestCaseExecutor.processExecutionPhase(TestCaseExecutor.java:307)
	at com.kms.katalon.core.main.TestCaseExecutor.accessMainPhase(TestCaseExecutor.java:299)
	at com.kms.katalon.core.main.TestCaseExecutor.execute(TestCaseExecutor.java:233)
	at com.kms.katalon.core.main.TestSuiteExecutor.accessTestCaseMainPhase(TestSuiteExecutor.java:169)
	at com.kms.katalon.core.main.TestSuiteExecutor.accessTestSuiteMainPhase(TestSuiteExecutor.java:142)
	at com.kms.katalon.core.main.TestSuiteExecutor.execute(TestSuiteExecutor.java:91)
	at com.kms.katalon.core.main.TestCaseMain.startTestSuite(TestCaseMain.java:157)
	at com.kms.katalon.core.main.TestCaseMain$startTestSuite$0.call(Unknown Source)
	at TempTestSuite1581081710748.run(TempTestSuite1581081710748.groovy:36)
)

2020-02-07 15:31:20 - [MESSAGE][WARNING] - Timeout '0' is invalid. Using default page load timeout: '1'

2020-02-07 15:31:21 - [MESSAGE][INFO] - Unable to find the element located by 'By.xpath: //div[@class = 'current-slide active-slide']//div[@class="uploded-pic frame ui-droppable"]'. Please recheck the objects properties to make sure the desired element is located. 

2020-02-07 15:31:21 - [MESSAGE][FAILED] - Object 'Object Repository/Page_Login/logoPlaceholder1' is not present (Root cause: com.kms.katalon.core.exception.StepFailedException: Object 'Object Repository/Page_Login/logoPlaceholder1' is not present
	at com.kms.katalon.core.webui.keyword.internal.WebUIKeywordMain.stepFailed(WebUIKeywordMain.groovy:64)
	at com.kms.katalon.core.webui.keyword.builtin.VerifyElementVisibleInViewportKeyword$_verifyElementVisibleInViewport_closure1.doCall(VerifyElementVisibleInViewportKeyword.groovy:83)
	at com.kms.katalon.core.webui.keyword.builtin.VerifyElementVisibleInViewportKeyword$_verifyElementVisibleInViewport_closure1.call(VerifyElementVisibleInViewportKeyword.groovy)
	at com.kms.katalon.core.webui.keyword.internal.WebUIKeywordMain.runKeyword(WebUIKeywordMain.groovy:20)
	at com.kms.katalon.core.webui.keyword.builtin.VerifyElementVisibleInViewportKeyword.verifyElementVisibleInViewport(VerifyElementVisibleInViewportKeyword.groovy:86)
	at com.kms.katalon.core.webui.keyword.builtin.VerifyElementVisibleInViewportKeyword.execute(VerifyElementVisibleInViewportKeyword.groovy:68)
	at com.kms.katalon.core.keyword.internal.KeywordExecutor.executeKeywordForPlatform(KeywordExecutor.groovy:72)
	at com.kms.katalon.core.webui.keyword.WebUiBuiltInKeywords.verifyElementInViewport(WebUiBuiltInKeywords.groovy:3039)
	at com.kms.katalon.core.webui.keyword.WebUiBuiltInKeywords$verifyElementInViewport$14.call(Unknown Source)
	at Background adding (Color 1-30cs) cycle.run(Background adding (Color 1-30cs) cycle:38)
	at com.kms.katalon.core.main.ScriptEngine.run(ScriptEngine.java:194)
	at com.kms.katalon.core.main.ScriptEngine.runScriptAsRawText(ScriptEngine.java:119)
	at com.kms.katalon.core.main.TestCaseExecutor.runScript(TestCaseExecutor.java:337)
	at com.kms.katalon.core.main.TestCaseExecutor.doExecute(TestCaseExecutor.java:328)
	at com.kms.katalon.core.main.TestCaseExecutor.processExecutionPhase(TestCaseExecutor.java:307)
	at com.kms.katalon.core.main.TestCaseExecutor.accessMainPhase(TestCaseExecutor.java:299)
	at com.kms.katalon.core.main.TestCaseExecutor.execute(TestCaseExecutor.java:233)
	at com.kms.katalon.core.main.TestSuiteExecutor.accessTestCaseMainPhase(TestSuiteExecutor.java:169)
	at com.kms.katalon.core.main.TestSuiteExecutor.accessTestSuiteMainPhase(TestSuiteExecutor.java:142)
	at com.kms.katalon.core.main.TestSuiteExecutor.execute(TestSuiteExecutor.java:91)
	at com.kms.katalon.core.main.TestCaseMain.startTestSuite(TestCaseMain.java:157)
	at com.kms.katalon.core.main.TestCaseMain$startTestSuite$0.call(Unknown Source)
	at TempTestSuite1581081710748.run(TempTestSuite1581081710748.groovy:36)
)

2020-02-07 15:31:21 - [TEST_STEP][PASSED] - Thread.sleep(500): null

2020-02-07 15:31:21 - [TEST_STEP][PASSED] - if (verifyElementPresent(findTestObject(sceneCore + i), 1) == true): null

2020-02-07 15:31:21 - [MESSAGE][PASSED] - Object 'Object Repository/Page_Reevio Video Maker/Editor_Scene_3' is present

2020-02-07 15:31:21 - [TEST_STEP][PASSED] - doubleClick(findTestObject(sceneCore + i)): Object: 'Object Repository/Page_Reevio Video Maker/Editor_Scene_3' is double clicked on

2020-02-07 15:31:22 - [MESSAGE][PASSED] - Object: 'Object Repository/Page_Reevio Video Maker/Editor_Scene_3' is double clicked on

2020-02-07 15:31:22 - [TEST_STEP][PASSED] - click(findTestObject("Add video in placeholers/Video_img backgrounds/div_Background_Color")): Object: 'Object Repository/Add video in placeholers/Video_img backgrounds/div_Background_Color' is clicked on

2020-02-07 15:31:22 - [MESSAGE][PASSED] - Object: 'Object Repository/Add video in placeholers/Video_img backgrounds/div_Background_Color' is clicked on

2020-02-07 15:31:22 - [TEST_STEP][PASSED] - clearText(findTestObject("Add video in placeholers/Video_img repository (videos, imgs and buttons)/change color/input_RGB_hex-color")): Text of object 'Object Repository/Add video in placeholers/Video_img repository (videos, imgs and buttons)/change color/input_RGB_hex-color' is cleared

2020-02-07 15:31:22 - [MESSAGE][PASSED] - Text of object 'Object Repository/Add video in placeholers/Video_img repository (videos, imgs and buttons)/change color/input_RGB_hex-color' is cleared

2020-02-07 15:31:22 - [TEST_STEP][PASSED] - setText(findTestObject("Object Repository/Add video in placeholers/Video_img repository (videos, imgs and buttons)/change color/input_RGB_hex-color"), findTestData("vavowDate").getValue(6, 1)): Text '#123456' is set on object 'Object Repository/Add video in placeholers/Video_img repository (videos, imgs and buttons)/change color/input_RGB_hex-color'

2020-02-07 15:31:22 - [MESSAGE][PASSED] - Text '#123456' is set on object 'Object Repository/Add video in placeholers/Video_img repository (videos, imgs and buttons)/change color/input_RGB_hex-color'

2020-02-07 15:31:22 - [TEST_STEP][PASSED] - click(findTestObject("Object Repository/Add video in placeholers/Video_img repository (videos, imgs and buttons)/change color/button_Apply")): Object: 'Object Repository/Add video in placeholers/Video_img repository (videos, imgs and buttons)/change color/button_Apply' is clicked on

2020-02-07 15:31:23 - [MESSAGE][PASSED] - Object: 'Object Repository/Add video in placeholers/Video_img repository (videos, imgs and buttons)/change color/button_Apply' is clicked on

2020-02-07 15:31:23 - [TEST_STEP][PASSED] - if (verifyElementPresent(findTestObject("Page_Reevio Video Maker/Editor_Scene_" + i), 0) == true): null

2020-02-07 15:31:23 - [MESSAGE][WARNING] - Timeout '0' is invalid. Using default page load timeout: '1'

2020-02-07 15:31:23 - [MESSAGE][PASSED] - Object 'Object Repository/Page_Reevio Video Maker/Editor_Scene_3' is present

2020-02-07 15:31:23 - [TEST_STEP][PASSED] - doubleClick(findTestObject("Page_Reevio Video Maker/Editor_Scene_" + i)): Object: 'Object Repository/Page_Reevio Video Maker/Editor_Scene_3' is double clicked on

2020-02-07 15:31:23 - [MESSAGE][PASSED] - Object: 'Object Repository/Page_Reevio Video Maker/Editor_Scene_3' is double clicked on

2020-02-07 15:31:23 - [TEST_STEP][FAILED] - if (verifyElementInViewport(findTestObject("Object Repository/Page_Login/logoPlaceholder1"), 0)): Object 'Object Repository/Page_Login/logoPlaceholder1' is not present (Root cause: com.kms.katalon.core.exception.StepFailedException: Object 'Object Repository/Page_Login/logoPlaceholder1' is not present
	at com.kms.katalon.core.webui.keyword.internal.WebUIKeywordMain.stepFailed(WebUIKeywordMain.groovy:64)
	at com.kms.katalon.core.webui.keyword.builtin.VerifyElementVisibleInViewportKeyword$_verifyElementVisibleInViewport_closure1.doCall(VerifyElementVisibleInViewportKeyword.groovy:83)
	at com.kms.katalon.core.webui.keyword.builtin.VerifyElementVisibleInViewportKeyword$_verifyElementVisibleInViewport_closure1.call(VerifyElementVisibleInViewportKeyword.groovy)
	at com.kms.katalon.core.webui.keyword.internal.WebUIKeywordMain.runKeyword(WebUIKeywordMain.groovy:20)
	at com.kms.katalon.core.webui.keyword.builtin.VerifyElementVisibleInViewportKeyword.verifyElementVisibleInViewport(VerifyElementVisibleInViewportKeyword.groovy:86)
	at com.kms.katalon.core.webui.keyword.builtin.VerifyElementVisibleInViewportKeyword.execute(VerifyElementVisibleInViewportKeyword.groovy:68)
	at com.kms.katalon.core.keyword.internal.KeywordExecutor.executeKeywordForPlatform(KeywordExecutor.groovy:72)
	at com.kms.katalon.core.webui.keyword.WebUiBuiltInKeywords.verifyElementInViewport(WebUiBuiltInKeywords.groovy:3039)
	at com.kms.katalon.core.webui.keyword.WebUiBuiltInKeywords$verifyElementInViewport$14.call(Unknown Source)
	at Background adding (Color 1-30cs) cycle.run(Background adding (Color 1-30cs) cycle:38)
	at com.kms.katalon.core.main.ScriptEngine.run(ScriptEngine.java:194)
	at com.kms.katalon.core.main.ScriptEngine.runScriptAsRawText(ScriptEngine.java:119)
	at com.kms.katalon.core.main.TestCaseExecutor.runScript(TestCaseExecutor.java:337)
	at com.kms.katalon.core.main.TestCaseExecutor.doExecute(TestCaseExecutor.java:328)
	at com.kms.katalon.core.main.TestCaseExecutor.processExecutionPhase(TestCaseExecutor.java:307)
	at com.kms.katalon.core.main.TestCaseExecutor.accessMainPhase(TestCaseExecutor.java:299)
	at com.kms.katalon.core.main.TestCaseExecutor.execute(TestCaseExecutor.java:233)
	at com.kms.katalon.core.main.TestSuiteExecutor.accessTestCaseMainPhase(TestSuiteExecutor.java:169)
	at com.kms.katalon.core.main.TestSuiteExecutor.accessTestSuiteMainPhase(TestSuiteExecutor.java:142)
	at com.kms.katalon.core.main.TestSuiteExecutor.execute(TestSuiteExecutor.java:91)
	at com.kms.katalon.core.main.TestCaseMain.startTestSuite(TestCaseMain.java:157)
	at com.kms.katalon.core.main.TestCaseMain$startTestSuite$0.call(Unknown Source)
	at TempTestSuite1581081710748.run(TempTestSuite1581081710748.groovy:36)
)

2020-02-07 15:31:23 - [MESSAGE][WARNING] - Timeout '0' is invalid. Using default page load timeout: '1'

2020-02-07 15:31:24 - [MESSAGE][INFO] - Unable to find the element located by 'By.xpath: //div[@class = 'current-slide active-slide']//div[@class="uploded-pic frame ui-droppable"]'. Please recheck the objects properties to make sure the desired element is located. 

2020-02-07 15:31:24 - [MESSAGE][FAILED] - Object 'Object Repository/Page_Login/logoPlaceholder1' is not present (Root cause: com.kms.katalon.core.exception.StepFailedException: Object 'Object Repository/Page_Login/logoPlaceholder1' is not present
	at com.kms.katalon.core.webui.keyword.internal.WebUIKeywordMain.stepFailed(WebUIKeywordMain.groovy:64)
	at com.kms.katalon.core.webui.keyword.builtin.VerifyElementVisibleInViewportKeyword$_verifyElementVisibleInViewport_closure1.doCall(VerifyElementVisibleInViewportKeyword.groovy:83)
	at com.kms.katalon.core.webui.keyword.builtin.VerifyElementVisibleInViewportKeyword$_verifyElementVisibleInViewport_closure1.call(VerifyElementVisibleInViewportKeyword.groovy)
	at com.kms.katalon.core.webui.keyword.internal.WebUIKeywordMain.runKeyword(WebUIKeywordMain.groovy:20)
	at com.kms.katalon.core.webui.keyword.builtin.VerifyElementVisibleInViewportKeyword.verifyElementVisibleInViewport(VerifyElementVisibleInViewportKeyword.groovy:86)
	at com.kms.katalon.core.webui.keyword.builtin.VerifyElementVisibleInViewportKeyword.execute(VerifyElementVisibleInViewportKeyword.groovy:68)
	at com.kms.katalon.core.keyword.internal.KeywordExecutor.executeKeywordForPlatform(KeywordExecutor.groovy:72)
	at com.kms.katalon.core.webui.keyword.WebUiBuiltInKeywords.verifyElementInViewport(WebUiBuiltInKeywords.groovy:3039)
	at com.kms.katalon.core.webui.keyword.WebUiBuiltInKeywords$verifyElementInViewport$14.call(Unknown Source)
	at Background adding (Color 1-30cs) cycle.run(Background adding (Color 1-30cs) cycle:38)
	at com.kms.katalon.core.main.ScriptEngine.run(ScriptEngine.java:194)
	at com.kms.katalon.core.main.ScriptEngine.runScriptAsRawText(ScriptEngine.java:119)
	at com.kms.katalon.core.main.TestCaseExecutor.runScript(TestCaseExecutor.java:337)
	at com.kms.katalon.core.main.TestCaseExecutor.doExecute(TestCaseExecutor.java:328)
	at com.kms.katalon.core.main.TestCaseExecutor.processExecutionPhase(TestCaseExecutor.java:307)
	at com.kms.katalon.core.main.TestCaseExecutor.accessMainPhase(TestCaseExecutor.java:299)
	at com.kms.katalon.core.main.TestCaseExecutor.execute(TestCaseExecutor.java:233)
	at com.kms.katalon.core.main.TestSuiteExecutor.accessTestCaseMainPhase(TestSuiteExecutor.java:169)
	at com.kms.katalon.core.main.TestSuiteExecutor.accessTestSuiteMainPhase(TestSuiteExecutor.java:142)
	at com.kms.katalon.core.main.TestSuiteExecutor.execute(TestSuiteExecutor.java:91)
	at com.kms.katalon.core.main.TestCaseMain.startTestSuite(TestCaseMain.java:157)
	at com.kms.katalon.core.main.TestCaseMain$startTestSuite$0.call(Unknown Source)
	at TempTestSuite1581081710748.run(TempTestSuite1581081710748.groovy:36)
)

2020-02-07 15:31:24 - [TEST_STEP][PASSED] - Thread.sleep(500): null

2020-02-07 15:31:25 - [TEST_STEP][PASSED] - if (verifyElementPresent(findTestObject(sceneCore + i), 1) == true): null

2020-02-07 15:31:25 - [MESSAGE][PASSED] - Object 'Object Repository/Page_Reevio Video Maker/Editor_Scene_4' is present

2020-02-07 15:31:25 - [TEST_STEP][PASSED] - doubleClick(findTestObject(sceneCore + i)): Object: 'Object Repository/Page_Reevio Video Maker/Editor_Scene_4' is double clicked on

2020-02-07 15:31:25 - [MESSAGE][PASSED] - Object: 'Object Repository/Page_Reevio Video Maker/Editor_Scene_4' is double clicked on

2020-02-07 15:31:25 - [TEST_STEP][PASSED] - click(findTestObject("Add video in placeholers/Video_img backgrounds/div_Background_Color")): Object: 'Object Repository/Add video in placeholers/Video_img backgrounds/div_Background_Color' is clicked on

2020-02-07 15:31:25 - [MESSAGE][PASSED] - Object: 'Object Repository/Add video in placeholers/Video_img backgrounds/div_Background_Color' is clicked on

2020-02-07 15:31:25 - [TEST_STEP][PASSED] - clearText(findTestObject("Add video in placeholers/Video_img repository (videos, imgs and buttons)/change color/input_RGB_hex-color")): Text of object 'Object Repository/Add video in placeholers/Video_img repository (videos, imgs and buttons)/change color/input_RGB_hex-color' is cleared

2020-02-07 15:31:26 - [MESSAGE][PASSED] - Text of object 'Object Repository/Add video in placeholers/Video_img repository (videos, imgs and buttons)/change color/input_RGB_hex-color' is cleared

2020-02-07 15:31:26 - [TEST_STEP][PASSED] - setText(findTestObject("Object Repository/Add video in placeholers/Video_img repository (videos, imgs and buttons)/change color/input_RGB_hex-color"), findTestData("vavowDate").getValue(6, 1)): Text '#123456' is set on object 'Object Repository/Add video in placeholers/Video_img repository (videos, imgs and buttons)/change color/input_RGB_hex-color'

2020-02-07 15:31:26 - [MESSAGE][PASSED] - Text '#123456' is set on object 'Object Repository/Add video in placeholers/Video_img repository (videos, imgs and buttons)/change color/input_RGB_hex-color'

2020-02-07 15:31:26 - [TEST_STEP][PASSED] - click(findTestObject("Object Repository/Add video in placeholers/Video_img repository (videos, imgs and buttons)/change color/button_Apply")): Object: 'Object Repository/Add video in placeholers/Video_img repository (videos, imgs and buttons)/change color/button_Apply' is clicked on

2020-02-07 15:31:26 - [MESSAGE][PASSED] - Object: 'Object Repository/Add video in placeholers/Video_img repository (videos, imgs and buttons)/change color/button_Apply' is clicked on

2020-02-07 15:31:26 - [TEST_STEP][PASSED] - if (verifyElementPresent(findTestObject("Page_Reevio Video Maker/Editor_Scene_" + i), 0) == true): null

2020-02-07 15:31:26 - [MESSAGE][WARNING] - Timeout '0' is invalid. Using default page load timeout: '1'

2020-02-07 15:31:26 - [MESSAGE][PASSED] - Object 'Object Repository/Page_Reevio Video Maker/Editor_Scene_4' is present

2020-02-07 15:31:26 - [TEST_STEP][PASSED] - doubleClick(findTestObject("Page_Reevio Video Maker/Editor_Scene_" + i)): Object: 'Object Repository/Page_Reevio Video Maker/Editor_Scene_4' is double clicked on

2020-02-07 15:31:27 - [MESSAGE][PASSED] - Object: 'Object Repository/Page_Reevio Video Maker/Editor_Scene_4' is double clicked on

2020-02-07 15:31:27 - [TEST_STEP][FAILED] - if (verifyElementInViewport(findTestObject("Object Repository/Page_Login/logoPlaceholder1"), 0)): Object 'Object Repository/Page_Login/logoPlaceholder1' is not present (Root cause: com.kms.katalon.core.exception.StepFailedException: Object 'Object Repository/Page_Login/logoPlaceholder1' is not present
	at com.kms.katalon.core.webui.keyword.internal.WebUIKeywordMain.stepFailed(WebUIKeywordMain.groovy:64)
	at com.kms.katalon.core.webui.keyword.builtin.VerifyElementVisibleInViewportKeyword$_verifyElementVisibleInViewport_closure1.doCall(VerifyElementVisibleInViewportKeyword.groovy:83)
	at com.kms.katalon.core.webui.keyword.builtin.VerifyElementVisibleInViewportKeyword$_verifyElementVisibleInViewport_closure1.call(VerifyElementVisibleInViewportKeyword.groovy)
	at com.kms.katalon.core.webui.keyword.internal.WebUIKeywordMain.runKeyword(WebUIKeywordMain.groovy:20)
	at com.kms.katalon.core.webui.keyword.builtin.VerifyElementVisibleInViewportKeyword.verifyElementVisibleInViewport(VerifyElementVisibleInViewportKeyword.groovy:86)
	at com.kms.katalon.core.webui.keyword.builtin.VerifyElementVisibleInViewportKeyword.execute(VerifyElementVisibleInViewportKeyword.groovy:68)
	at com.kms.katalon.core.keyword.internal.KeywordExecutor.executeKeywordForPlatform(KeywordExecutor.groovy:72)
	at com.kms.katalon.core.webui.keyword.WebUiBuiltInKeywords.verifyElementInViewport(WebUiBuiltInKeywords.groovy:3039)
	at com.kms.katalon.core.webui.keyword.WebUiBuiltInKeywords$verifyElementInViewport$14.call(Unknown Source)
	at Background adding (Color 1-30cs) cycle.run(Background adding (Color 1-30cs) cycle:38)
	at com.kms.katalon.core.main.ScriptEngine.run(ScriptEngine.java:194)
	at com.kms.katalon.core.main.ScriptEngine.runScriptAsRawText(ScriptEngine.java:119)
	at com.kms.katalon.core.main.TestCaseExecutor.runScript(TestCaseExecutor.java:337)
	at com.kms.katalon.core.main.TestCaseExecutor.doExecute(TestCaseExecutor.java:328)
	at com.kms.katalon.core.main.TestCaseExecutor.processExecutionPhase(TestCaseExecutor.java:307)
	at com.kms.katalon.core.main.TestCaseExecutor.accessMainPhase(TestCaseExecutor.java:299)
	at com.kms.katalon.core.main.TestCaseExecutor.execute(TestCaseExecutor.java:233)
	at com.kms.katalon.core.main.TestSuiteExecutor.accessTestCaseMainPhase(TestSuiteExecutor.java:169)
	at com.kms.katalon.core.main.TestSuiteExecutor.accessTestSuiteMainPhase(TestSuiteExecutor.java:142)
	at com.kms.katalon.core.main.TestSuiteExecutor.execute(TestSuiteExecutor.java:91)
	at com.kms.katalon.core.main.TestCaseMain.startTestSuite(TestCaseMain.java:157)
	at com.kms.katalon.core.main.TestCaseMain$startTestSuite$0.call(Unknown Source)
	at TempTestSuite1581081710748.run(TempTestSuite1581081710748.groovy:36)
)

2020-02-07 15:31:27 - [MESSAGE][WARNING] - Timeout '0' is invalid. Using default page load timeout: '1'

2020-02-07 15:31:28 - [MESSAGE][INFO] - Unable to find the element located by 'By.xpath: //div[@class = 'current-slide active-slide']//div[@class="uploded-pic frame ui-droppable"]'. Please recheck the objects properties to make sure the desired element is located. 

2020-02-07 15:31:28 - [MESSAGE][FAILED] - Object 'Object Repository/Page_Login/logoPlaceholder1' is not present (Root cause: com.kms.katalon.core.exception.StepFailedException: Object 'Object Repository/Page_Login/logoPlaceholder1' is not present
	at com.kms.katalon.core.webui.keyword.internal.WebUIKeywordMain.stepFailed(WebUIKeywordMain.groovy:64)
	at com.kms.katalon.core.webui.keyword.builtin.VerifyElementVisibleInViewportKeyword$_verifyElementVisibleInViewport_closure1.doCall(VerifyElementVisibleInViewportKeyword.groovy:83)
	at com.kms.katalon.core.webui.keyword.builtin.VerifyElementVisibleInViewportKeyword$_verifyElementVisibleInViewport_closure1.call(VerifyElementVisibleInViewportKeyword.groovy)
	at com.kms.katalon.core.webui.keyword.internal.WebUIKeywordMain.runKeyword(WebUIKeywordMain.groovy:20)
	at com.kms.katalon.core.webui.keyword.builtin.VerifyElementVisibleInViewportKeyword.verifyElementVisibleInViewport(VerifyElementVisibleInViewportKeyword.groovy:86)
	at com.kms.katalon.core.webui.keyword.builtin.VerifyElementVisibleInViewportKeyword.execute(VerifyElementVisibleInViewportKeyword.groovy:68)
	at com.kms.katalon.core.keyword.internal.KeywordExecutor.executeKeywordForPlatform(KeywordExecutor.groovy:72)
	at com.kms.katalon.core.webui.keyword.WebUiBuiltInKeywords.verifyElementInViewport(WebUiBuiltInKeywords.groovy:3039)
	at com.kms.katalon.core.webui.keyword.WebUiBuiltInKeywords$verifyElementInViewport$14.call(Unknown Source)
	at Background adding (Color 1-30cs) cycle.run(Background adding (Color 1-30cs) cycle:38)
	at com.kms.katalon.core.main.ScriptEngine.run(ScriptEngine.java:194)
	at com.kms.katalon.core.main.ScriptEngine.runScriptAsRawText(ScriptEngine.java:119)
	at com.kms.katalon.core.main.TestCaseExecutor.runScript(TestCaseExecutor.java:337)
	at com.kms.katalon.core.main.TestCaseExecutor.doExecute(TestCaseExecutor.java:328)
	at com.kms.katalon.core.main.TestCaseExecutor.processExecutionPhase(TestCaseExecutor.java:307)
	at com.kms.katalon.core.main.TestCaseExecutor.accessMainPhase(TestCaseExecutor.java:299)
	at com.kms.katalon.core.main.TestCaseExecutor.execute(TestCaseExecutor.java:233)
	at com.kms.katalon.core.main.TestSuiteExecutor.accessTestCaseMainPhase(TestSuiteExecutor.java:169)
	at com.kms.katalon.core.main.TestSuiteExecutor.accessTestSuiteMainPhase(TestSuiteExecutor.java:142)
	at com.kms.katalon.core.main.TestSuiteExecutor.execute(TestSuiteExecutor.java:91)
	at com.kms.katalon.core.main.TestCaseMain.startTestSuite(TestCaseMain.java:157)
	at com.kms.katalon.core.main.TestCaseMain$startTestSuite$0.call(Unknown Source)
	at TempTestSuite1581081710748.run(TempTestSuite1581081710748.groovy:36)
)

2020-02-07 15:31:28 - [TEST_STEP][PASSED] - Thread.sleep(500): null

2020-02-07 15:31:28 - [TEST_STEP][PASSED] - if (verifyElementPresent(findTestObject(sceneCore + i), 1) == true): null

2020-02-07 15:31:28 - [MESSAGE][PASSED] - Object 'Object Repository/Page_Reevio Video Maker/Editor_Scene_5' is present

2020-02-07 15:31:28 - [TEST_STEP][PASSED] - doubleClick(findTestObject(sceneCore + i)): Object: 'Object Repository/Page_Reevio Video Maker/Editor_Scene_5' is double clicked on

2020-02-07 15:31:29 - [MESSAGE][PASSED] - Object: 'Object Repository/Page_Reevio Video Maker/Editor_Scene_5' is double clicked on

2020-02-07 15:31:29 - [TEST_STEP][PASSED] - click(findTestObject("Add video in placeholers/Video_img backgrounds/div_Background_Color")): Object: 'Object Repository/Add video in placeholers/Video_img backgrounds/div_Background_Color' is clicked on

2020-02-07 15:31:29 - [MESSAGE][PASSED] - Object: 'Object Repository/Add video in placeholers/Video_img backgrounds/div_Background_Color' is clicked on

2020-02-07 15:31:29 - [TEST_STEP][PASSED] - clearText(findTestObject("Add video in placeholers/Video_img repository (videos, imgs and buttons)/change color/input_RGB_hex-color")): Text of object 'Object Repository/Add video in placeholers/Video_img repository (videos, imgs and buttons)/change color/input_RGB_hex-color' is cleared

2020-02-07 15:31:29 - [MESSAGE][PASSED] - Text of object 'Object Repository/Add video in placeholers/Video_img repository (videos, imgs and buttons)/change color/input_RGB_hex-color' is cleared

2020-02-07 15:31:29 - [TEST_STEP][PASSED] - setText(findTestObject("Object Repository/Add video in placeholers/Video_img repository (videos, imgs and buttons)/change color/input_RGB_hex-color"), findTestData("vavowDate").getValue(6, 1)): Text '#123456' is set on object 'Object Repository/Add video in placeholers/Video_img repository (videos, imgs and buttons)/change color/input_RGB_hex-color'

2020-02-07 15:31:29 - [MESSAGE][PASSED] - Text '#123456' is set on object 'Object Repository/Add video in placeholers/Video_img repository (videos, imgs and buttons)/change color/input_RGB_hex-color'

2020-02-07 15:31:29 - [TEST_STEP][PASSED] - click(findTestObject("Object Repository/Add video in placeholers/Video_img repository (videos, imgs and buttons)/change color/button_Apply")): Object: 'Object Repository/Add video in placeholers/Video_img repository (videos, imgs and buttons)/change color/button_Apply' is clicked on

2020-02-07 15:31:30 - [MESSAGE][PASSED] - Object: 'Object Repository/Add video in placeholers/Video_img repository (videos, imgs and buttons)/change color/button_Apply' is clicked on

2020-02-07 15:31:30 - [TEST_STEP][PASSED] - if (verifyElementPresent(findTestObject("Page_Reevio Video Maker/Editor_Scene_" + i), 0) == true): null

2020-02-07 15:31:30 - [MESSAGE][WARNING] - Timeout '0' is invalid. Using default page load timeout: '1'

2020-02-07 15:31:30 - [MESSAGE][PASSED] - Object 'Object Repository/Page_Reevio Video Maker/Editor_Scene_5' is present

2020-02-07 15:31:30 - [TEST_STEP][PASSED] - doubleClick(findTestObject("Page_Reevio Video Maker/Editor_Scene_" + i)): Object: 'Object Repository/Page_Reevio Video Maker/Editor_Scene_5' is double clicked on

2020-02-07 15:31:30 - [MESSAGE][PASSED] - Object: 'Object Repository/Page_Reevio Video Maker/Editor_Scene_5' is double clicked on

2020-02-07 15:31:30 - [TEST_STEP][FAILED] - if (verifyElementInViewport(findTestObject("Object Repository/Page_Login/logoPlaceholder1"), 0)): Object 'Object Repository/Page_Login/logoPlaceholder1' is not present (Root cause: com.kms.katalon.core.exception.StepFailedException: Object 'Object Repository/Page_Login/logoPlaceholder1' is not present
	at com.kms.katalon.core.webui.keyword.internal.WebUIKeywordMain.stepFailed(WebUIKeywordMain.groovy:64)
	at com.kms.katalon.core.webui.keyword.builtin.VerifyElementVisibleInViewportKeyword$_verifyElementVisibleInViewport_closure1.doCall(VerifyElementVisibleInViewportKeyword.groovy:83)
	at com.kms.katalon.core.webui.keyword.builtin.VerifyElementVisibleInViewportKeyword$_verifyElementVisibleInViewport_closure1.call(VerifyElementVisibleInViewportKeyword.groovy)
	at com.kms.katalon.core.webui.keyword.internal.WebUIKeywordMain.runKeyword(WebUIKeywordMain.groovy:20)
	at com.kms.katalon.core.webui.keyword.builtin.VerifyElementVisibleInViewportKeyword.verifyElementVisibleInViewport(VerifyElementVisibleInViewportKeyword.groovy:86)
	at com.kms.katalon.core.webui.keyword.builtin.VerifyElementVisibleInViewportKeyword.execute(VerifyElementVisibleInViewportKeyword.groovy:68)
	at com.kms.katalon.core.keyword.internal.KeywordExecutor.executeKeywordForPlatform(KeywordExecutor.groovy:72)
	at com.kms.katalon.core.webui.keyword.WebUiBuiltInKeywords.verifyElementInViewport(WebUiBuiltInKeywords.groovy:3039)
	at com.kms.katalon.core.webui.keyword.WebUiBuiltInKeywords$verifyElementInViewport$14.call(Unknown Source)
	at Background adding (Color 1-30cs) cycle.run(Background adding (Color 1-30cs) cycle:38)
	at com.kms.katalon.core.main.ScriptEngine.run(ScriptEngine.java:194)
	at com.kms.katalon.core.main.ScriptEngine.runScriptAsRawText(ScriptEngine.java:119)
	at com.kms.katalon.core.main.TestCaseExecutor.runScript(TestCaseExecutor.java:337)
	at com.kms.katalon.core.main.TestCaseExecutor.doExecute(TestCaseExecutor.java:328)
	at com.kms.katalon.core.main.TestCaseExecutor.processExecutionPhase(TestCaseExecutor.java:307)
	at com.kms.katalon.core.main.TestCaseExecutor.accessMainPhase(TestCaseExecutor.java:299)
	at com.kms.katalon.core.main.TestCaseExecutor.execute(TestCaseExecutor.java:233)
	at com.kms.katalon.core.main.TestSuiteExecutor.accessTestCaseMainPhase(TestSuiteExecutor.java:169)
	at com.kms.katalon.core.main.TestSuiteExecutor.accessTestSuiteMainPhase(TestSuiteExecutor.java:142)
	at com.kms.katalon.core.main.TestSuiteExecutor.execute(TestSuiteExecutor.java:91)
	at com.kms.katalon.core.main.TestCaseMain.startTestSuite(TestCaseMain.java:157)
	at com.kms.katalon.core.main.TestCaseMain$startTestSuite$0.call(Unknown Source)
	at TempTestSuite1581081710748.run(TempTestSuite1581081710748.groovy:36)
)

2020-02-07 15:31:30 - [MESSAGE][WARNING] - Timeout '0' is invalid. Using default page load timeout: '1'

2020-02-07 15:31:31 - [MESSAGE][INFO] - Unable to find the element located by 'By.xpath: //div[@class = 'current-slide active-slide']//div[@class="uploded-pic frame ui-droppable"]'. Please recheck the objects properties to make sure the desired element is located. 

2020-02-07 15:31:31 - [MESSAGE][FAILED] - Object 'Object Repository/Page_Login/logoPlaceholder1' is not present (Root cause: com.kms.katalon.core.exception.StepFailedException: Object 'Object Repository/Page_Login/logoPlaceholder1' is not present
	at com.kms.katalon.core.webui.keyword.internal.WebUIKeywordMain.stepFailed(WebUIKeywordMain.groovy:64)
	at com.kms.katalon.core.webui.keyword.builtin.VerifyElementVisibleInViewportKeyword$_verifyElementVisibleInViewport_closure1.doCall(VerifyElementVisibleInViewportKeyword.groovy:83)
	at com.kms.katalon.core.webui.keyword.builtin.VerifyElementVisibleInViewportKeyword$_verifyElementVisibleInViewport_closure1.call(VerifyElementVisibleInViewportKeyword.groovy)
	at com.kms.katalon.core.webui.keyword.internal.WebUIKeywordMain.runKeyword(WebUIKeywordMain.groovy:20)
	at com.kms.katalon.core.webui.keyword.builtin.VerifyElementVisibleInViewportKeyword.verifyElementVisibleInViewport(VerifyElementVisibleInViewportKeyword.groovy:86)
	at com.kms.katalon.core.webui.keyword.builtin.VerifyElementVisibleInViewportKeyword.execute(VerifyElementVisibleInViewportKeyword.groovy:68)
	at com.kms.katalon.core.keyword.internal.KeywordExecutor.executeKeywordForPlatform(KeywordExecutor.groovy:72)
	at com.kms.katalon.core.webui.keyword.WebUiBuiltInKeywords.verifyElementInViewport(WebUiBuiltInKeywords.groovy:3039)
	at com.kms.katalon.core.webui.keyword.WebUiBuiltInKeywords$verifyElementInViewport$14.call(Unknown Source)
	at Background adding (Color 1-30cs) cycle.run(Background adding (Color 1-30cs) cycle:38)
	at com.kms.katalon.core.main.ScriptEngine.run(ScriptEngine.java:194)
	at com.kms.katalon.core.main.ScriptEngine.runScriptAsRawText(ScriptEngine.java:119)
	at com.kms.katalon.core.main.TestCaseExecutor.runScript(TestCaseExecutor.java:337)
	at com.kms.katalon.core.main.TestCaseExecutor.doExecute(TestCaseExecutor.java:328)
	at com.kms.katalon.core.main.TestCaseExecutor.processExecutionPhase(TestCaseExecutor.java:307)
	at com.kms.katalon.core.main.TestCaseExecutor.accessMainPhase(TestCaseExecutor.java:299)
	at com.kms.katalon.core.main.TestCaseExecutor.execute(TestCaseExecutor.java:233)
	at com.kms.katalon.core.main.TestSuiteExecutor.accessTestCaseMainPhase(TestSuiteExecutor.java:169)
	at com.kms.katalon.core.main.TestSuiteExecutor.accessTestSuiteMainPhase(TestSuiteExecutor.java:142)
	at com.kms.katalon.core.main.TestSuiteExecutor.execute(TestSuiteExecutor.java:91)
	at com.kms.katalon.core.main.TestCaseMain.startTestSuite(TestCaseMain.java:157)
	at com.kms.katalon.core.main.TestCaseMain$startTestSuite$0.call(Unknown Source)
	at TempTestSuite1581081710748.run(TempTestSuite1581081710748.groovy:36)
)

2020-02-07 15:31:31 - [TEST_STEP][PASSED] - Thread.sleep(500): null

2020-02-07 15:31:32 - [TEST_STEP][PASSED] - if (verifyElementPresent(findTestObject(sceneCore + i), 1) == true): null

2020-02-07 15:31:32 - [MESSAGE][PASSED] - Object 'Object Repository/Page_Reevio Video Maker/Editor_Scene_6' is present

2020-02-07 15:31:32 - [TEST_STEP][PASSED] - doubleClick(findTestObject(sceneCore + i)): Object: 'Object Repository/Page_Reevio Video Maker/Editor_Scene_6' is double clicked on

2020-02-07 15:31:32 - [MESSAGE][PASSED] - Object: 'Object Repository/Page_Reevio Video Maker/Editor_Scene_6' is double clicked on

2020-02-07 15:31:32 - [TEST_STEP][PASSED] - click(findTestObject("Add video in placeholers/Video_img backgrounds/div_Background_Color")): Object: 'Object Repository/Add video in placeholers/Video_img backgrounds/div_Background_Color' is clicked on

2020-02-07 15:31:33 - [MESSAGE][PASSED] - Object: 'Object Repository/Add video in placeholers/Video_img backgrounds/div_Background_Color' is clicked on

2020-02-07 15:31:33 - [TEST_STEP][PASSED] - clearText(findTestObject("Add video in placeholers/Video_img repository (videos, imgs and buttons)/change color/input_RGB_hex-color")): Text of object 'Object Repository/Add video in placeholers/Video_img repository (videos, imgs and buttons)/change color/input_RGB_hex-color' is cleared

2020-02-07 15:31:33 - [MESSAGE][PASSED] - Text of object 'Object Repository/Add video in placeholers/Video_img repository (videos, imgs and buttons)/change color/input_RGB_hex-color' is cleared

2020-02-07 15:31:33 - [TEST_STEP][PASSED] - setText(findTestObject("Object Repository/Add video in placeholers/Video_img repository (videos, imgs and buttons)/change color/input_RGB_hex-color"), findTestData("vavowDate").getValue(6, 1)): Text '#123456' is set on object 'Object Repository/Add video in placeholers/Video_img repository (videos, imgs and buttons)/change color/input_RGB_hex-color'

2020-02-07 15:31:33 - [MESSAGE][PASSED] - Text '#123456' is set on object 'Object Repository/Add video in placeholers/Video_img repository (videos, imgs and buttons)/change color/input_RGB_hex-color'

2020-02-07 15:31:33 - [TEST_STEP][PASSED] - click(findTestObject("Object Repository/Add video in placeholers/Video_img repository (videos, imgs and buttons)/change color/button_Apply")): Object: 'Object Repository/Add video in placeholers/Video_img repository (videos, imgs and buttons)/change color/button_Apply' is clicked on

2020-02-07 15:31:33 - [MESSAGE][PASSED] - Object: 'Object Repository/Add video in placeholers/Video_img repository (videos, imgs and buttons)/change color/button_Apply' is clicked on

2020-02-07 15:31:33 - [TEST_STEP][PASSED] - if (verifyElementPresent(findTestObject("Page_Reevio Video Maker/Editor_Scene_" + i), 0) == true): null

2020-02-07 15:31:33 - [MESSAGE][WARNING] - Timeout '0' is invalid. Using default page load timeout: '1'

2020-02-07 15:31:33 - [MESSAGE][PASSED] - Object 'Object Repository/Page_Reevio Video Maker/Editor_Scene_6' is present

2020-02-07 15:31:33 - [TEST_STEP][PASSED] - doubleClick(findTestObject("Page_Reevio Video Maker/Editor_Scene_" + i)): Object: 'Object Repository/Page_Reevio Video Maker/Editor_Scene_6' is double clicked on

2020-02-07 15:31:34 - [MESSAGE][PASSED] - Object: 'Object Repository/Page_Reevio Video Maker/Editor_Scene_6' is double clicked on

2020-02-07 15:31:34 - [TEST_STEP][FAILED] - if (verifyElementInViewport(findTestObject("Object Repository/Page_Login/logoPlaceholder1"), 0)): Object 'Object Repository/Page_Login/logoPlaceholder1' is not present (Root cause: com.kms.katalon.core.exception.StepFailedException: Object 'Object Repository/Page_Login/logoPlaceholder1' is not present
	at com.kms.katalon.core.webui.keyword.internal.WebUIKeywordMain.stepFailed(WebUIKeywordMain.groovy:64)
	at com.kms.katalon.core.webui.keyword.builtin.VerifyElementVisibleInViewportKeyword$_verifyElementVisibleInViewport_closure1.doCall(VerifyElementVisibleInViewportKeyword.groovy:83)
	at com.kms.katalon.core.webui.keyword.builtin.VerifyElementVisibleInViewportKeyword$_verifyElementVisibleInViewport_closure1.call(VerifyElementVisibleInViewportKeyword.groovy)
	at com.kms.katalon.core.webui.keyword.internal.WebUIKeywordMain.runKeyword(WebUIKeywordMain.groovy:20)
	at com.kms.katalon.core.webui.keyword.builtin.VerifyElementVisibleInViewportKeyword.verifyElementVisibleInViewport(VerifyElementVisibleInViewportKeyword.groovy:86)
	at com.kms.katalon.core.webui.keyword.builtin.VerifyElementVisibleInViewportKeyword.execute(VerifyElementVisibleInViewportKeyword.groovy:68)
	at com.kms.katalon.core.keyword.internal.KeywordExecutor.executeKeywordForPlatform(KeywordExecutor.groovy:72)
	at com.kms.katalon.core.webui.keyword.WebUiBuiltInKeywords.verifyElementInViewport(WebUiBuiltInKeywords.groovy:3039)
	at com.kms.katalon.core.webui.keyword.WebUiBuiltInKeywords$verifyElementInViewport$14.call(Unknown Source)
	at Background adding (Color 1-30cs) cycle.run(Background adding (Color 1-30cs) cycle:38)
	at com.kms.katalon.core.main.ScriptEngine.run(ScriptEngine.java:194)
	at com.kms.katalon.core.main.ScriptEngine.runScriptAsRawText(ScriptEngine.java:119)
	at com.kms.katalon.core.main.TestCaseExecutor.runScript(TestCaseExecutor.java:337)
	at com.kms.katalon.core.main.TestCaseExecutor.doExecute(TestCaseExecutor.java:328)
	at com.kms.katalon.core.main.TestCaseExecutor.processExecutionPhase(TestCaseExecutor.java:307)
	at com.kms.katalon.core.main.TestCaseExecutor.accessMainPhase(TestCaseExecutor.java:299)
	at com.kms.katalon.core.main.TestCaseExecutor.execute(TestCaseExecutor.java:233)
	at com.kms.katalon.core.main.TestSuiteExecutor.accessTestCaseMainPhase(TestSuiteExecutor.java:169)
	at com.kms.katalon.core.main.TestSuiteExecutor.accessTestSuiteMainPhase(TestSuiteExecutor.java:142)
	at com.kms.katalon.core.main.TestSuiteExecutor.execute(TestSuiteExecutor.java:91)
	at com.kms.katalon.core.main.TestCaseMain.startTestSuite(TestCaseMain.java:157)
	at com.kms.katalon.core.main.TestCaseMain$startTestSuite$0.call(Unknown Source)
	at TempTestSuite1581081710748.run(TempTestSuite1581081710748.groovy:36)
)

2020-02-07 15:31:34 - [MESSAGE][WARNING] - Timeout '0' is invalid. Using default page load timeout: '1'

2020-02-07 15:31:35 - [MESSAGE][INFO] - Unable to find the element located by 'By.xpath: //div[@class = 'current-slide active-slide']//div[@class="uploded-pic frame ui-droppable"]'. Please recheck the objects properties to make sure the desired element is located. 

2020-02-07 15:31:35 - [MESSAGE][FAILED] - Object 'Object Repository/Page_Login/logoPlaceholder1' is not present (Root cause: com.kms.katalon.core.exception.StepFailedException: Object 'Object Repository/Page_Login/logoPlaceholder1' is not present
	at com.kms.katalon.core.webui.keyword.internal.WebUIKeywordMain.stepFailed(WebUIKeywordMain.groovy:64)
	at com.kms.katalon.core.webui.keyword.builtin.VerifyElementVisibleInViewportKeyword$_verifyElementVisibleInViewport_closure1.doCall(VerifyElementVisibleInViewportKeyword.groovy:83)
	at com.kms.katalon.core.webui.keyword.builtin.VerifyElementVisibleInViewportKeyword$_verifyElementVisibleInViewport_closure1.call(VerifyElementVisibleInViewportKeyword.groovy)
	at com.kms.katalon.core.webui.keyword.internal.WebUIKeywordMain.runKeyword(WebUIKeywordMain.groovy:20)
	at com.kms.katalon.core.webui.keyword.builtin.VerifyElementVisibleInViewportKeyword.verifyElementVisibleInViewport(VerifyElementVisibleInViewportKeyword.groovy:86)
	at com.kms.katalon.core.webui.keyword.builtin.VerifyElementVisibleInViewportKeyword.execute(VerifyElementVisibleInViewportKeyword.groovy:68)
	at com.kms.katalon.core.keyword.internal.KeywordExecutor.executeKeywordForPlatform(KeywordExecutor.groovy:72)
	at com.kms.katalon.core.webui.keyword.WebUiBuiltInKeywords.verifyElementInViewport(WebUiBuiltInKeywords.groovy:3039)
	at com.kms.katalon.core.webui.keyword.WebUiBuiltInKeywords$verifyElementInViewport$14.call(Unknown Source)
	at Background adding (Color 1-30cs) cycle.run(Background adding (Color 1-30cs) cycle:38)
	at com.kms.katalon.core.main.ScriptEngine.run(ScriptEngine.java:194)
	at com.kms.katalon.core.main.ScriptEngine.runScriptAsRawText(ScriptEngine.java:119)
	at com.kms.katalon.core.main.TestCaseExecutor.runScript(TestCaseExecutor.java:337)
	at com.kms.katalon.core.main.TestCaseExecutor.doExecute(TestCaseExecutor.java:328)
	at com.kms.katalon.core.main.TestCaseExecutor.processExecutionPhase(TestCaseExecutor.java:307)
	at com.kms.katalon.core.main.TestCaseExecutor.accessMainPhase(TestCaseExecutor.java:299)
	at com.kms.katalon.core.main.TestCaseExecutor.execute(TestCaseExecutor.java:233)
	at com.kms.katalon.core.main.TestSuiteExecutor.accessTestCaseMainPhase(TestSuiteExecutor.java:169)
	at com.kms.katalon.core.main.TestSuiteExecutor.accessTestSuiteMainPhase(TestSuiteExecutor.java:142)
	at com.kms.katalon.core.main.TestSuiteExecutor.execute(TestSuiteExecutor.java:91)
	at com.kms.katalon.core.main.TestCaseMain.startTestSuite(TestCaseMain.java:157)
	at com.kms.katalon.core.main.TestCaseMain$startTestSuite$0.call(Unknown Source)
	at TempTestSuite1581081710748.run(TempTestSuite1581081710748.groovy:36)
)

2020-02-07 15:31:35 - [TEST_STEP][PASSED] - Thread.sleep(500): null

2020-02-07 15:31:35 - [TEST_STEP][PASSED] - if (verifyElementPresent(findTestObject(sceneCore + i), 1) == true): null

2020-02-07 15:31:35 - [MESSAGE][PASSED] - Object 'Object Repository/Page_Reevio Video Maker/Editor_Scene_7' is present

2020-02-07 15:31:35 - [TEST_STEP][PASSED] - doubleClick(findTestObject(sceneCore + i)): Object: 'Object Repository/Page_Reevio Video Maker/Editor_Scene_7' is double clicked on

2020-02-07 15:31:36 - [MESSAGE][PASSED] - Object: 'Object Repository/Page_Reevio Video Maker/Editor_Scene_7' is double clicked on

2020-02-07 15:31:36 - [TEST_STEP][PASSED] - click(findTestObject("Add video in placeholers/Video_img backgrounds/div_Background_Color")): Object: 'Object Repository/Add video in placeholers/Video_img backgrounds/div_Background_Color' is clicked on

2020-02-07 15:31:36 - [MESSAGE][PASSED] - Object: 'Object Repository/Add video in placeholers/Video_img backgrounds/div_Background_Color' is clicked on

2020-02-07 15:31:36 - [TEST_STEP][PASSED] - clearText(findTestObject("Add video in placeholers/Video_img repository (videos, imgs and buttons)/change color/input_RGB_hex-color")): Text of object 'Object Repository/Add video in placeholers/Video_img repository (videos, imgs and buttons)/change color/input_RGB_hex-color' is cleared

2020-02-07 15:31:36 - [MESSAGE][PASSED] - Text of object 'Object Repository/Add video in placeholers/Video_img repository (videos, imgs and buttons)/change color/input_RGB_hex-color' is cleared

2020-02-07 15:31:36 - [TEST_STEP][PASSED] - setText(findTestObject("Object Repository/Add video in placeholers/Video_img repository (videos, imgs and buttons)/change color/input_RGB_hex-color"), findTestData("vavowDate").getValue(6, 1)): Text '#123456' is set on object 'Object Repository/Add video in placeholers/Video_img repository (videos, imgs and buttons)/change color/input_RGB_hex-color'

2020-02-07 15:31:37 - [MESSAGE][PASSED] - Text '#123456' is set on object 'Object Repository/Add video in placeholers/Video_img repository (videos, imgs and buttons)/change color/input_RGB_hex-color'

2020-02-07 15:31:37 - [TEST_STEP][PASSED] - click(findTestObject("Object Repository/Add video in placeholers/Video_img repository (videos, imgs and buttons)/change color/button_Apply")): Object: 'Object Repository/Add video in placeholers/Video_img repository (videos, imgs and buttons)/change color/button_Apply' is clicked on

2020-02-07 15:31:37 - [MESSAGE][PASSED] - Object: 'Object Repository/Add video in placeholers/Video_img repository (videos, imgs and buttons)/change color/button_Apply' is clicked on

2020-02-07 15:31:37 - [TEST_STEP][PASSED] - if (verifyElementPresent(findTestObject("Page_Reevio Video Maker/Editor_Scene_" + i), 0) == true): null

2020-02-07 15:31:37 - [MESSAGE][WARNING] - Timeout '0' is invalid. Using default page load timeout: '1'

2020-02-07 15:31:37 - [MESSAGE][PASSED] - Object 'Object Repository/Page_Reevio Video Maker/Editor_Scene_7' is present

2020-02-07 15:31:37 - [TEST_STEP][PASSED] - doubleClick(findTestObject("Page_Reevio Video Maker/Editor_Scene_" + i)): Object: 'Object Repository/Page_Reevio Video Maker/Editor_Scene_7' is double clicked on

2020-02-07 15:31:37 - [MESSAGE][PASSED] - Object: 'Object Repository/Page_Reevio Video Maker/Editor_Scene_7' is double clicked on

2020-02-07 15:31:37 - [TEST_STEP][FAILED] - if (verifyElementInViewport(findTestObject("Object Repository/Page_Login/logoPlaceholder1"), 0)): Object 'Object Repository/Page_Login/logoPlaceholder1' is not present (Root cause: com.kms.katalon.core.exception.StepFailedException: Object 'Object Repository/Page_Login/logoPlaceholder1' is not present
	at com.kms.katalon.core.webui.keyword.internal.WebUIKeywordMain.stepFailed(WebUIKeywordMain.groovy:64)
	at com.kms.katalon.core.webui.keyword.builtin.VerifyElementVisibleInViewportKeyword$_verifyElementVisibleInViewport_closure1.doCall(VerifyElementVisibleInViewportKeyword.groovy:83)
	at com.kms.katalon.core.webui.keyword.builtin.VerifyElementVisibleInViewportKeyword$_verifyElementVisibleInViewport_closure1.call(VerifyElementVisibleInViewportKeyword.groovy)
	at com.kms.katalon.core.webui.keyword.internal.WebUIKeywordMain.runKeyword(WebUIKeywordMain.groovy:20)
	at com.kms.katalon.core.webui.keyword.builtin.VerifyElementVisibleInViewportKeyword.verifyElementVisibleInViewport(VerifyElementVisibleInViewportKeyword.groovy:86)
	at com.kms.katalon.core.webui.keyword.builtin.VerifyElementVisibleInViewportKeyword.execute(VerifyElementVisibleInViewportKeyword.groovy:68)
	at com.kms.katalon.core.keyword.internal.KeywordExecutor.executeKeywordForPlatform(KeywordExecutor.groovy:72)
	at com.kms.katalon.core.webui.keyword.WebUiBuiltInKeywords.verifyElementInViewport(WebUiBuiltInKeywords.groovy:3039)
	at com.kms.katalon.core.webui.keyword.WebUiBuiltInKeywords$verifyElementInViewport$14.call(Unknown Source)
	at Background adding (Color 1-30cs) cycle.run(Background adding (Color 1-30cs) cycle:38)
	at com.kms.katalon.core.main.ScriptEngine.run(ScriptEngine.java:194)
	at com.kms.katalon.core.main.ScriptEngine.runScriptAsRawText(ScriptEngine.java:119)
	at com.kms.katalon.core.main.TestCaseExecutor.runScript(TestCaseExecutor.java:337)
	at com.kms.katalon.core.main.TestCaseExecutor.doExecute(TestCaseExecutor.java:328)
	at com.kms.katalon.core.main.TestCaseExecutor.processExecutionPhase(TestCaseExecutor.java:307)
	at com.kms.katalon.core.main.TestCaseExecutor.accessMainPhase(TestCaseExecutor.java:299)
	at com.kms.katalon.core.main.TestCaseExecutor.execute(TestCaseExecutor.java:233)
	at com.kms.katalon.core.main.TestSuiteExecutor.accessTestCaseMainPhase(TestSuiteExecutor.java:169)
	at com.kms.katalon.core.main.TestSuiteExecutor.accessTestSuiteMainPhase(TestSuiteExecutor.java:142)
	at com.kms.katalon.core.main.TestSuiteExecutor.execute(TestSuiteExecutor.java:91)
	at com.kms.katalon.core.main.TestCaseMain.startTestSuite(TestCaseMain.java:157)
	at com.kms.katalon.core.main.TestCaseMain$startTestSuite$0.call(Unknown Source)
	at TempTestSuite1581081710748.run(TempTestSuite1581081710748.groovy:36)
)

2020-02-07 15:31:37 - [MESSAGE][WARNING] - Timeout '0' is invalid. Using default page load timeout: '1'

2020-02-07 15:31:39 - [MESSAGE][INFO] - Unable to find the element located by 'By.xpath: //div[@class = 'current-slide active-slide']//div[@class="uploded-pic frame ui-droppable"]'. Please recheck the objects properties to make sure the desired element is located. 

2020-02-07 15:31:39 - [MESSAGE][FAILED] - Object 'Object Repository/Page_Login/logoPlaceholder1' is not present (Root cause: com.kms.katalon.core.exception.StepFailedException: Object 'Object Repository/Page_Login/logoPlaceholder1' is not present
	at com.kms.katalon.core.webui.keyword.internal.WebUIKeywordMain.stepFailed(WebUIKeywordMain.groovy:64)
	at com.kms.katalon.core.webui.keyword.builtin.VerifyElementVisibleInViewportKeyword$_verifyElementVisibleInViewport_closure1.doCall(VerifyElementVisibleInViewportKeyword.groovy:83)
	at com.kms.katalon.core.webui.keyword.builtin.VerifyElementVisibleInViewportKeyword$_verifyElementVisibleInViewport_closure1.call(VerifyElementVisibleInViewportKeyword.groovy)
	at com.kms.katalon.core.webui.keyword.internal.WebUIKeywordMain.runKeyword(WebUIKeywordMain.groovy:20)
	at com.kms.katalon.core.webui.keyword.builtin.VerifyElementVisibleInViewportKeyword.verifyElementVisibleInViewport(VerifyElementVisibleInViewportKeyword.groovy:86)
	at com.kms.katalon.core.webui.keyword.builtin.VerifyElementVisibleInViewportKeyword.execute(VerifyElementVisibleInViewportKeyword.groovy:68)
	at com.kms.katalon.core.keyword.internal.KeywordExecutor.executeKeywordForPlatform(KeywordExecutor.groovy:72)
	at com.kms.katalon.core.webui.keyword.WebUiBuiltInKeywords.verifyElementInViewport(WebUiBuiltInKeywords.groovy:3039)
	at com.kms.katalon.core.webui.keyword.WebUiBuiltInKeywords$verifyElementInViewport$14.call(Unknown Source)
	at Background adding (Color 1-30cs) cycle.run(Background adding (Color 1-30cs) cycle:38)
	at com.kms.katalon.core.main.ScriptEngine.run(ScriptEngine.java:194)
	at com.kms.katalon.core.main.ScriptEngine.runScriptAsRawText(ScriptEngine.java:119)
	at com.kms.katalon.core.main.TestCaseExecutor.runScript(TestCaseExecutor.java:337)
	at com.kms.katalon.core.main.TestCaseExecutor.doExecute(TestCaseExecutor.java:328)
	at com.kms.katalon.core.main.TestCaseExecutor.processExecutionPhase(TestCaseExecutor.java:307)
	at com.kms.katalon.core.main.TestCaseExecutor.accessMainPhase(TestCaseExecutor.java:299)
	at com.kms.katalon.core.main.TestCaseExecutor.execute(TestCaseExecutor.java:233)
	at com.kms.katalon.core.main.TestSuiteExecutor.accessTestCaseMainPhase(TestSuiteExecutor.java:169)
	at com.kms.katalon.core.main.TestSuiteExecutor.accessTestSuiteMainPhase(TestSuiteExecutor.java:142)
	at com.kms.katalon.core.main.TestSuiteExecutor.execute(TestSuiteExecutor.java:91)
	at com.kms.katalon.core.main.TestCaseMain.startTestSuite(TestCaseMain.java:157)
	at com.kms.katalon.core.main.TestCaseMain$startTestSuite$0.call(Unknown Source)
	at TempTestSuite1581081710748.run(TempTestSuite1581081710748.groovy:36)
)

2020-02-07 15:31:39 - [TEST_STEP][PASSED] - Thread.sleep(500): null

2020-02-07 15:31:39 - [TEST_STEP][PASSED] - if (verifyElementPresent(findTestObject(sceneCore + i), 1) == true): null

2020-02-07 15:31:39 - [MESSAGE][PASSED] - Object 'Object Repository/Page_Reevio Video Maker/Editor_Scene_8' is present

2020-02-07 15:31:39 - [TEST_STEP][PASSED] - doubleClick(findTestObject(sceneCore + i)): Object: 'Object Repository/Page_Reevio Video Maker/Editor_Scene_8' is double clicked on

2020-02-07 15:31:40 - [MESSAGE][PASSED] - Object: 'Object Repository/Page_Reevio Video Maker/Editor_Scene_8' is double clicked on

2020-02-07 15:31:40 - [TEST_STEP][PASSED] - click(findTestObject("Add video in placeholers/Video_img backgrounds/div_Background_Color")): Object: 'Object Repository/Add video in placeholers/Video_img backgrounds/div_Background_Color' is clicked on

2020-02-07 15:31:40 - [MESSAGE][PASSED] - Object: 'Object Repository/Add video in placeholers/Video_img backgrounds/div_Background_Color' is clicked on

2020-02-07 15:31:40 - [TEST_STEP][PASSED] - clearText(findTestObject("Add video in placeholers/Video_img repository (videos, imgs and buttons)/change color/input_RGB_hex-color")): Text of object 'Object Repository/Add video in placeholers/Video_img repository (videos, imgs and buttons)/change color/input_RGB_hex-color' is cleared

2020-02-07 15:31:40 - [MESSAGE][PASSED] - Text of object 'Object Repository/Add video in placeholers/Video_img repository (videos, imgs and buttons)/change color/input_RGB_hex-color' is cleared

2020-02-07 15:31:40 - [TEST_STEP][PASSED] - setText(findTestObject("Object Repository/Add video in placeholers/Video_img repository (videos, imgs and buttons)/change color/input_RGB_hex-color"), findTestData("vavowDate").getValue(6, 1)): Text '#123456' is set on object 'Object Repository/Add video in placeholers/Video_img repository (videos, imgs and buttons)/change color/input_RGB_hex-color'

2020-02-07 15:31:40 - [MESSAGE][PASSED] - Text '#123456' is set on object 'Object Repository/Add video in placeholers/Video_img repository (videos, imgs and buttons)/change color/input_RGB_hex-color'

2020-02-07 15:31:40 - [TEST_STEP][PASSED] - click(findTestObject("Object Repository/Add video in placeholers/Video_img repository (videos, imgs and buttons)/change color/button_Apply")): Object: 'Object Repository/Add video in placeholers/Video_img repository (videos, imgs and buttons)/change color/button_Apply' is clicked on

2020-02-07 15:31:40 - [MESSAGE][PASSED] - Object: 'Object Repository/Add video in placeholers/Video_img repository (videos, imgs and buttons)/change color/button_Apply' is clicked on

2020-02-07 15:31:40 - [TEST_STEP][PASSED] - if (verifyElementPresent(findTestObject("Page_Reevio Video Maker/Editor_Scene_" + i), 0) == true): null

2020-02-07 15:31:41 - [MESSAGE][WARNING] - Timeout '0' is invalid. Using default page load timeout: '1'

2020-02-07 15:31:41 - [MESSAGE][PASSED] - Object 'Object Repository/Page_Reevio Video Maker/Editor_Scene_8' is present

2020-02-07 15:31:41 - [TEST_STEP][PASSED] - doubleClick(findTestObject("Page_Reevio Video Maker/Editor_Scene_" + i)): Object: 'Object Repository/Page_Reevio Video Maker/Editor_Scene_8' is double clicked on

2020-02-07 15:31:41 - [MESSAGE][PASSED] - Object: 'Object Repository/Page_Reevio Video Maker/Editor_Scene_8' is double clicked on

2020-02-07 15:31:41 - [TEST_STEP][FAILED] - if (verifyElementInViewport(findTestObject("Object Repository/Page_Login/logoPlaceholder1"), 0)): Object 'Object Repository/Page_Login/logoPlaceholder1' is not present (Root cause: com.kms.katalon.core.exception.StepFailedException: Object 'Object Repository/Page_Login/logoPlaceholder1' is not present
	at com.kms.katalon.core.webui.keyword.internal.WebUIKeywordMain.stepFailed(WebUIKeywordMain.groovy:64)
	at com.kms.katalon.core.webui.keyword.builtin.VerifyElementVisibleInViewportKeyword$_verifyElementVisibleInViewport_closure1.doCall(VerifyElementVisibleInViewportKeyword.groovy:83)
	at com.kms.katalon.core.webui.keyword.builtin.VerifyElementVisibleInViewportKeyword$_verifyElementVisibleInViewport_closure1.call(VerifyElementVisibleInViewportKeyword.groovy)
	at com.kms.katalon.core.webui.keyword.internal.WebUIKeywordMain.runKeyword(WebUIKeywordMain.groovy:20)
	at com.kms.katalon.core.webui.keyword.builtin.VerifyElementVisibleInViewportKeyword.verifyElementVisibleInViewport(VerifyElementVisibleInViewportKeyword.groovy:86)
	at com.kms.katalon.core.webui.keyword.builtin.VerifyElementVisibleInViewportKeyword.execute(VerifyElementVisibleInViewportKeyword.groovy:68)
	at com.kms.katalon.core.keyword.internal.KeywordExecutor.executeKeywordForPlatform(KeywordExecutor.groovy:72)
	at com.kms.katalon.core.webui.keyword.WebUiBuiltInKeywords.verifyElementInViewport(WebUiBuiltInKeywords.groovy:3039)
	at com.kms.katalon.core.webui.keyword.WebUiBuiltInKeywords$verifyElementInViewport$14.call(Unknown Source)
	at Background adding (Color 1-30cs) cycle.run(Background adding (Color 1-30cs) cycle:38)
	at com.kms.katalon.core.main.ScriptEngine.run(ScriptEngine.java:194)
	at com.kms.katalon.core.main.ScriptEngine.runScriptAsRawText(ScriptEngine.java:119)
	at com.kms.katalon.core.main.TestCaseExecutor.runScript(TestCaseExecutor.java:337)
	at com.kms.katalon.core.main.TestCaseExecutor.doExecute(TestCaseExecutor.java:328)
	at com.kms.katalon.core.main.TestCaseExecutor.processExecutionPhase(TestCaseExecutor.java:307)
	at com.kms.katalon.core.main.TestCaseExecutor.accessMainPhase(TestCaseExecutor.java:299)
	at com.kms.katalon.core.main.TestCaseExecutor.execute(TestCaseExecutor.java:233)
	at com.kms.katalon.core.main.TestSuiteExecutor.accessTestCaseMainPhase(TestSuiteExecutor.java:169)
	at com.kms.katalon.core.main.TestSuiteExecutor.accessTestSuiteMainPhase(TestSuiteExecutor.java:142)
	at com.kms.katalon.core.main.TestSuiteExecutor.execute(TestSuiteExecutor.java:91)
	at com.kms.katalon.core.main.TestCaseMain.startTestSuite(TestCaseMain.java:157)
	at com.kms.katalon.core.main.TestCaseMain$startTestSuite$0.call(Unknown Source)
	at TempTestSuite1581081710748.run(TempTestSuite1581081710748.groovy:36)
)

2020-02-07 15:31:41 - [MESSAGE][WARNING] - Timeout '0' is invalid. Using default page load timeout: '1'

2020-02-07 15:31:42 - [MESSAGE][INFO] - Unable to find the element located by 'By.xpath: //div[@class = 'current-slide active-slide']//div[@class="uploded-pic frame ui-droppable"]'. Please recheck the objects properties to make sure the desired element is located. 

2020-02-07 15:31:42 - [MESSAGE][FAILED] - Object 'Object Repository/Page_Login/logoPlaceholder1' is not present (Root cause: com.kms.katalon.core.exception.StepFailedException: Object 'Object Repository/Page_Login/logoPlaceholder1' is not present
	at com.kms.katalon.core.webui.keyword.internal.WebUIKeywordMain.stepFailed(WebUIKeywordMain.groovy:64)
	at com.kms.katalon.core.webui.keyword.builtin.VerifyElementVisibleInViewportKeyword$_verifyElementVisibleInViewport_closure1.doCall(VerifyElementVisibleInViewportKeyword.groovy:83)
	at com.kms.katalon.core.webui.keyword.builtin.VerifyElementVisibleInViewportKeyword$_verifyElementVisibleInViewport_closure1.call(VerifyElementVisibleInViewportKeyword.groovy)
	at com.kms.katalon.core.webui.keyword.internal.WebUIKeywordMain.runKeyword(WebUIKeywordMain.groovy:20)
	at com.kms.katalon.core.webui.keyword.builtin.VerifyElementVisibleInViewportKeyword.verifyElementVisibleInViewport(VerifyElementVisibleInViewportKeyword.groovy:86)
	at com.kms.katalon.core.webui.keyword.builtin.VerifyElementVisibleInViewportKeyword.execute(VerifyElementVisibleInViewportKeyword.groovy:68)
	at com.kms.katalon.core.keyword.internal.KeywordExecutor.executeKeywordForPlatform(KeywordExecutor.groovy:72)
	at com.kms.katalon.core.webui.keyword.WebUiBuiltInKeywords.verifyElementInViewport(WebUiBuiltInKeywords.groovy:3039)
	at com.kms.katalon.core.webui.keyword.WebUiBuiltInKeywords$verifyElementInViewport$14.call(Unknown Source)
	at Background adding (Color 1-30cs) cycle.run(Background adding (Color 1-30cs) cycle:38)
	at com.kms.katalon.core.main.ScriptEngine.run(ScriptEngine.java:194)
	at com.kms.katalon.core.main.ScriptEngine.runScriptAsRawText(ScriptEngine.java:119)
	at com.kms.katalon.core.main.TestCaseExecutor.runScript(TestCaseExecutor.java:337)
	at com.kms.katalon.core.main.TestCaseExecutor.doExecute(TestCaseExecutor.java:328)
	at com.kms.katalon.core.main.TestCaseExecutor.processExecutionPhase(TestCaseExecutor.java:307)
	at com.kms.katalon.core.main.TestCaseExecutor.accessMainPhase(TestCaseExecutor.java:299)
	at com.kms.katalon.core.main.TestCaseExecutor.execute(TestCaseExecutor.java:233)
	at com.kms.katalon.core.main.TestSuiteExecutor.accessTestCaseMainPhase(TestSuiteExecutor.java:169)
	at com.kms.katalon.core.main.TestSuiteExecutor.accessTestSuiteMainPhase(TestSuiteExecutor.java:142)
	at com.kms.katalon.core.main.TestSuiteExecutor.execute(TestSuiteExecutor.java:91)
	at com.kms.katalon.core.main.TestCaseMain.startTestSuite(TestCaseMain.java:157)
	at com.kms.katalon.core.main.TestCaseMain$startTestSuite$0.call(Unknown Source)
	at TempTestSuite1581081710748.run(TempTestSuite1581081710748.groovy:36)
)

2020-02-07 15:31:42 - [TEST_STEP][PASSED] - Thread.sleep(500): null

2020-02-07 15:31:43 - [TEST_STEP][PASSED] - if (verifyElementPresent(findTestObject(sceneCore + i), 1) == true): null

2020-02-07 15:31:43 - [MESSAGE][PASSED] - Object 'Object Repository/Page_Reevio Video Maker/Editor_Scene_9' is present

2020-02-07 15:31:43 - [TEST_STEP][PASSED] - doubleClick(findTestObject(sceneCore + i)): Object: 'Object Repository/Page_Reevio Video Maker/Editor_Scene_9' is double clicked on

2020-02-07 15:31:43 - [MESSAGE][PASSED] - Object: 'Object Repository/Page_Reevio Video Maker/Editor_Scene_9' is double clicked on

2020-02-07 15:31:43 - [TEST_STEP][PASSED] - click(findTestObject("Add video in placeholers/Video_img backgrounds/div_Background_Color")): Object: 'Object Repository/Add video in placeholers/Video_img backgrounds/div_Background_Color' is clicked on

2020-02-07 15:31:43 - [MESSAGE][PASSED] - Object: 'Object Repository/Add video in placeholers/Video_img backgrounds/div_Background_Color' is clicked on

2020-02-07 15:31:43 - [TEST_STEP][PASSED] - clearText(findTestObject("Add video in placeholers/Video_img repository (videos, imgs and buttons)/change color/input_RGB_hex-color")): Text of object 'Object Repository/Add video in placeholers/Video_img repository (videos, imgs and buttons)/change color/input_RGB_hex-color' is cleared

2020-02-07 15:31:43 - [MESSAGE][PASSED] - Text of object 'Object Repository/Add video in placeholers/Video_img repository (videos, imgs and buttons)/change color/input_RGB_hex-color' is cleared

2020-02-07 15:31:43 - [TEST_STEP][PASSED] - setText(findTestObject("Object Repository/Add video in placeholers/Video_img repository (videos, imgs and buttons)/change color/input_RGB_hex-color"), findTestData("vavowDate").getValue(6, 1)): Text '#123456' is set on object 'Object Repository/Add video in placeholers/Video_img repository (videos, imgs and buttons)/change color/input_RGB_hex-color'

2020-02-07 15:31:44 - [MESSAGE][PASSED] - Text '#123456' is set on object 'Object Repository/Add video in placeholers/Video_img repository (videos, imgs and buttons)/change color/input_RGB_hex-color'

2020-02-07 15:31:44 - [TEST_STEP][PASSED] - click(findTestObject("Object Repository/Add video in placeholers/Video_img repository (videos, imgs and buttons)/change color/button_Apply")): Object: 'Object Repository/Add video in placeholers/Video_img repository (videos, imgs and buttons)/change color/button_Apply' is clicked on

2020-02-07 15:31:44 - [MESSAGE][PASSED] - Object: 'Object Repository/Add video in placeholers/Video_img repository (videos, imgs and buttons)/change color/button_Apply' is clicked on

2020-02-07 15:31:44 - [TEST_STEP][PASSED] - if (verifyElementPresent(findTestObject("Page_Reevio Video Maker/Editor_Scene_" + i), 0) == true): null

2020-02-07 15:31:44 - [MESSAGE][WARNING] - Timeout '0' is invalid. Using default page load timeout: '1'

2020-02-07 15:31:44 - [MESSAGE][PASSED] - Object 'Object Repository/Page_Reevio Video Maker/Editor_Scene_9' is present

2020-02-07 15:31:44 - [TEST_STEP][PASSED] - doubleClick(findTestObject("Page_Reevio Video Maker/Editor_Scene_" + i)): Object: 'Object Repository/Page_Reevio Video Maker/Editor_Scene_9' is double clicked on

2020-02-07 15:31:44 - [MESSAGE][PASSED] - Object: 'Object Repository/Page_Reevio Video Maker/Editor_Scene_9' is double clicked on

2020-02-07 15:31:44 - [TEST_STEP][FAILED] - if (verifyElementInViewport(findTestObject("Object Repository/Page_Login/logoPlaceholder1"), 0)): Object 'Object Repository/Page_Login/logoPlaceholder1' is not present (Root cause: com.kms.katalon.core.exception.StepFailedException: Object 'Object Repository/Page_Login/logoPlaceholder1' is not present
	at com.kms.katalon.core.webui.keyword.internal.WebUIKeywordMain.stepFailed(WebUIKeywordMain.groovy:64)
	at com.kms.katalon.core.webui.keyword.builtin.VerifyElementVisibleInViewportKeyword$_verifyElementVisibleInViewport_closure1.doCall(VerifyElementVisibleInViewportKeyword.groovy:83)
	at com.kms.katalon.core.webui.keyword.builtin.VerifyElementVisibleInViewportKeyword$_verifyElementVisibleInViewport_closure1.call(VerifyElementVisibleInViewportKeyword.groovy)
	at com.kms.katalon.core.webui.keyword.internal.WebUIKeywordMain.runKeyword(WebUIKeywordMain.groovy:20)
	at com.kms.katalon.core.webui.keyword.builtin.VerifyElementVisibleInViewportKeyword.verifyElementVisibleInViewport(VerifyElementVisibleInViewportKeyword.groovy:86)
	at com.kms.katalon.core.webui.keyword.builtin.VerifyElementVisibleInViewportKeyword.execute(VerifyElementVisibleInViewportKeyword.groovy:68)
	at com.kms.katalon.core.keyword.internal.KeywordExecutor.executeKeywordForPlatform(KeywordExecutor.groovy:72)
	at com.kms.katalon.core.webui.keyword.WebUiBuiltInKeywords.verifyElementInViewport(WebUiBuiltInKeywords.groovy:3039)
	at com.kms.katalon.core.webui.keyword.WebUiBuiltInKeywords$verifyElementInViewport$14.call(Unknown Source)
	at Background adding (Color 1-30cs) cycle.run(Background adding (Color 1-30cs) cycle:38)
	at com.kms.katalon.core.main.ScriptEngine.run(ScriptEngine.java:194)
	at com.kms.katalon.core.main.ScriptEngine.runScriptAsRawText(ScriptEngine.java:119)
	at com.kms.katalon.core.main.TestCaseExecutor.runScript(TestCaseExecutor.java:337)
	at com.kms.katalon.core.main.TestCaseExecutor.doExecute(TestCaseExecutor.java:328)
	at com.kms.katalon.core.main.TestCaseExecutor.processExecutionPhase(TestCaseExecutor.java:307)
	at com.kms.katalon.core.main.TestCaseExecutor.accessMainPhase(TestCaseExecutor.java:299)
	at com.kms.katalon.core.main.TestCaseExecutor.execute(TestCaseExecutor.java:233)
	at com.kms.katalon.core.main.TestSuiteExecutor.accessTestCaseMainPhase(TestSuiteExecutor.java:169)
	at com.kms.katalon.core.main.TestSuiteExecutor.accessTestSuiteMainPhase(TestSuiteExecutor.java:142)
	at com.kms.katalon.core.main.TestSuiteExecutor.execute(TestSuiteExecutor.java:91)
	at com.kms.katalon.core.main.TestCaseMain.startTestSuite(TestCaseMain.java:157)
	at com.kms.katalon.core.main.TestCaseMain$startTestSuite$0.call(Unknown Source)
	at TempTestSuite1581081710748.run(TempTestSuite1581081710748.groovy:36)
)

2020-02-07 15:31:44 - [MESSAGE][WARNING] - Timeout '0' is invalid. Using default page load timeout: '1'

2020-02-07 15:31:45 - [MESSAGE][INFO] - Unable to find the element located by 'By.xpath: //div[@class = 'current-slide active-slide']//div[@class="uploded-pic frame ui-droppable"]'. Please recheck the objects properties to make sure the desired element is located. 

2020-02-07 15:31:45 - [MESSAGE][FAILED] - Object 'Object Repository/Page_Login/logoPlaceholder1' is not present (Root cause: com.kms.katalon.core.exception.StepFailedException: Object 'Object Repository/Page_Login/logoPlaceholder1' is not present
	at com.kms.katalon.core.webui.keyword.internal.WebUIKeywordMain.stepFailed(WebUIKeywordMain.groovy:64)
	at com.kms.katalon.core.webui.keyword.builtin.VerifyElementVisibleInViewportKeyword$_verifyElementVisibleInViewport_closure1.doCall(VerifyElementVisibleInViewportKeyword.groovy:83)
	at com.kms.katalon.core.webui.keyword.builtin.VerifyElementVisibleInViewportKeyword$_verifyElementVisibleInViewport_closure1.call(VerifyElementVisibleInViewportKeyword.groovy)
	at com.kms.katalon.core.webui.keyword.internal.WebUIKeywordMain.runKeyword(WebUIKeywordMain.groovy:20)
	at com.kms.katalon.core.webui.keyword.builtin.VerifyElementVisibleInViewportKeyword.verifyElementVisibleInViewport(VerifyElementVisibleInViewportKeyword.groovy:86)
	at com.kms.katalon.core.webui.keyword.builtin.VerifyElementVisibleInViewportKeyword.execute(VerifyElementVisibleInViewportKeyword.groovy:68)
	at com.kms.katalon.core.keyword.internal.KeywordExecutor.executeKeywordForPlatform(KeywordExecutor.groovy:72)
	at com.kms.katalon.core.webui.keyword.WebUiBuiltInKeywords.verifyElementInViewport(WebUiBuiltInKeywords.groovy:3039)
	at com.kms.katalon.core.webui.keyword.WebUiBuiltInKeywords$verifyElementInViewport$14.call(Unknown Source)
	at Background adding (Color 1-30cs) cycle.run(Background adding (Color 1-30cs) cycle:38)
	at com.kms.katalon.core.main.ScriptEngine.run(ScriptEngine.java:194)
	at com.kms.katalon.core.main.ScriptEngine.runScriptAsRawText(ScriptEngine.java:119)
	at com.kms.katalon.core.main.TestCaseExecutor.runScript(TestCaseExecutor.java:337)
	at com.kms.katalon.core.main.TestCaseExecutor.doExecute(TestCaseExecutor.java:328)
	at com.kms.katalon.core.main.TestCaseExecutor.processExecutionPhase(TestCaseExecutor.java:307)
	at com.kms.katalon.core.main.TestCaseExecutor.accessMainPhase(TestCaseExecutor.java:299)
	at com.kms.katalon.core.main.TestCaseExecutor.execute(TestCaseExecutor.java:233)
	at com.kms.katalon.core.main.TestSuiteExecutor.accessTestCaseMainPhase(TestSuiteExecutor.java:169)
	at com.kms.katalon.core.main.TestSuiteExecutor.accessTestSuiteMainPhase(TestSuiteExecutor.java:142)
	at com.kms.katalon.core.main.TestSuiteExecutor.execute(TestSuiteExecutor.java:91)
	at com.kms.katalon.core.main.TestCaseMain.startTestSuite(TestCaseMain.java:157)
	at com.kms.katalon.core.main.TestCaseMain$startTestSuite$0.call(Unknown Source)
	at TempTestSuite1581081710748.run(TempTestSuite1581081710748.groovy:36)
)

2020-02-07 15:31:45 - [TEST_STEP][PASSED] - Thread.sleep(500): null

2020-02-07 15:31:46 - [TEST_STEP][PASSED] - if (verifyElementPresent(findTestObject(sceneCore + i), 1) == true): null

2020-02-07 15:31:46 - [MESSAGE][PASSED] - Object 'Object Repository/Page_Reevio Video Maker/Editor_Scene_10' is present

2020-02-07 15:31:46 - [TEST_STEP][PASSED] - doubleClick(findTestObject(sceneCore + i)): Object: 'Object Repository/Page_Reevio Video Maker/Editor_Scene_10' is double clicked on

2020-02-07 15:31:46 - [MESSAGE][PASSED] - Object: 'Object Repository/Page_Reevio Video Maker/Editor_Scene_10' is double clicked on

2020-02-07 15:31:46 - [TEST_STEP][PASSED] - click(findTestObject("Add video in placeholers/Video_img backgrounds/div_Background_Color")): Object: 'Object Repository/Add video in placeholers/Video_img backgrounds/div_Background_Color' is clicked on

2020-02-07 15:31:47 - [MESSAGE][PASSED] - Object: 'Object Repository/Add video in placeholers/Video_img backgrounds/div_Background_Color' is clicked on

2020-02-07 15:31:47 - [TEST_STEP][PASSED] - clearText(findTestObject("Add video in placeholers/Video_img repository (videos, imgs and buttons)/change color/input_RGB_hex-color")): Text of object 'Object Repository/Add video in placeholers/Video_img repository (videos, imgs and buttons)/change color/input_RGB_hex-color' is cleared

2020-02-07 15:31:47 - [MESSAGE][PASSED] - Text of object 'Object Repository/Add video in placeholers/Video_img repository (videos, imgs and buttons)/change color/input_RGB_hex-color' is cleared

2020-02-07 15:31:47 - [TEST_STEP][PASSED] - setText(findTestObject("Object Repository/Add video in placeholers/Video_img repository (videos, imgs and buttons)/change color/input_RGB_hex-color"), findTestData("vavowDate").getValue(6, 1)): Text '#123456' is set on object 'Object Repository/Add video in placeholers/Video_img repository (videos, imgs and buttons)/change color/input_RGB_hex-color'

2020-02-07 15:31:47 - [MESSAGE][PASSED] - Text '#123456' is set on object 'Object Repository/Add video in placeholers/Video_img repository (videos, imgs and buttons)/change color/input_RGB_hex-color'

2020-02-07 15:31:47 - [TEST_STEP][PASSED] - click(findTestObject("Object Repository/Add video in placeholers/Video_img repository (videos, imgs and buttons)/change color/button_Apply")): Object: 'Object Repository/Add video in placeholers/Video_img repository (videos, imgs and buttons)/change color/button_Apply' is clicked on

2020-02-07 15:31:47 - [MESSAGE][PASSED] - Object: 'Object Repository/Add video in placeholers/Video_img repository (videos, imgs and buttons)/change color/button_Apply' is clicked on

2020-02-07 15:31:47 - [TEST_STEP][PASSED] - if (verifyElementPresent(findTestObject("Page_Reevio Video Maker/Editor_Scene_" + i), 0) == true): null

2020-02-07 15:31:47 - [MESSAGE][WARNING] - Timeout '0' is invalid. Using default page load timeout: '1'

2020-02-07 15:31:47 - [MESSAGE][PASSED] - Object 'Object Repository/Page_Reevio Video Maker/Editor_Scene_10' is present

2020-02-07 15:31:47 - [TEST_STEP][PASSED] - doubleClick(findTestObject("Page_Reevio Video Maker/Editor_Scene_" + i)): Object: 'Object Repository/Page_Reevio Video Maker/Editor_Scene_10' is double clicked on

2020-02-07 15:31:48 - [MESSAGE][PASSED] - Object: 'Object Repository/Page_Reevio Video Maker/Editor_Scene_10' is double clicked on

2020-02-07 15:31:48 - [TEST_STEP][FAILED] - if (verifyElementInViewport(findTestObject("Object Repository/Page_Login/logoPlaceholder1"), 0)): Object 'Object Repository/Page_Login/logoPlaceholder1' is not present (Root cause: com.kms.katalon.core.exception.StepFailedException: Object 'Object Repository/Page_Login/logoPlaceholder1' is not present
	at com.kms.katalon.core.webui.keyword.internal.WebUIKeywordMain.stepFailed(WebUIKeywordMain.groovy:64)
	at com.kms.katalon.core.webui.keyword.builtin.VerifyElementVisibleInViewportKeyword$_verifyElementVisibleInViewport_closure1.doCall(VerifyElementVisibleInViewportKeyword.groovy:83)
	at com.kms.katalon.core.webui.keyword.builtin.VerifyElementVisibleInViewportKeyword$_verifyElementVisibleInViewport_closure1.call(VerifyElementVisibleInViewportKeyword.groovy)
	at com.kms.katalon.core.webui.keyword.internal.WebUIKeywordMain.runKeyword(WebUIKeywordMain.groovy:20)
	at com.kms.katalon.core.webui.keyword.builtin.VerifyElementVisibleInViewportKeyword.verifyElementVisibleInViewport(VerifyElementVisibleInViewportKeyword.groovy:86)
	at com.kms.katalon.core.webui.keyword.builtin.VerifyElementVisibleInViewportKeyword.execute(VerifyElementVisibleInViewportKeyword.groovy:68)
	at com.kms.katalon.core.keyword.internal.KeywordExecutor.executeKeywordForPlatform(KeywordExecutor.groovy:72)
	at com.kms.katalon.core.webui.keyword.WebUiBuiltInKeywords.verifyElementInViewport(WebUiBuiltInKeywords.groovy:3039)
	at com.kms.katalon.core.webui.keyword.WebUiBuiltInKeywords$verifyElementInViewport$14.call(Unknown Source)
	at Background adding (Color 1-30cs) cycle.run(Background adding (Color 1-30cs) cycle:38)
	at com.kms.katalon.core.main.ScriptEngine.run(ScriptEngine.java:194)
	at com.kms.katalon.core.main.ScriptEngine.runScriptAsRawText(ScriptEngine.java:119)
	at com.kms.katalon.core.main.TestCaseExecutor.runScript(TestCaseExecutor.java:337)
	at com.kms.katalon.core.main.TestCaseExecutor.doExecute(TestCaseExecutor.java:328)
	at com.kms.katalon.core.main.TestCaseExecutor.processExecutionPhase(TestCaseExecutor.java:307)
	at com.kms.katalon.core.main.TestCaseExecutor.accessMainPhase(TestCaseExecutor.java:299)
	at com.kms.katalon.core.main.TestCaseExecutor.execute(TestCaseExecutor.java:233)
	at com.kms.katalon.core.main.TestSuiteExecutor.accessTestCaseMainPhase(TestSuiteExecutor.java:169)
	at com.kms.katalon.core.main.TestSuiteExecutor.accessTestSuiteMainPhase(TestSuiteExecutor.java:142)
	at com.kms.katalon.core.main.TestSuiteExecutor.execute(TestSuiteExecutor.java:91)
	at com.kms.katalon.core.main.TestCaseMain.startTestSuite(TestCaseMain.java:157)
	at com.kms.katalon.core.main.TestCaseMain$startTestSuite$0.call(Unknown Source)
	at TempTestSuite1581081710748.run(TempTestSuite1581081710748.groovy:36)
)

2020-02-07 15:31:48 - [MESSAGE][WARNING] - Timeout '0' is invalid. Using default page load timeout: '1'

2020-02-07 15:31:49 - [MESSAGE][INFO] - Unable to find the element located by 'By.xpath: //div[@class = 'current-slide active-slide']//div[@class="uploded-pic frame ui-droppable"]'. Please recheck the objects properties to make sure the desired element is located. 

2020-02-07 15:31:49 - [MESSAGE][FAILED] - Object 'Object Repository/Page_Login/logoPlaceholder1' is not present (Root cause: com.kms.katalon.core.exception.StepFailedException: Object 'Object Repository/Page_Login/logoPlaceholder1' is not present
	at com.kms.katalon.core.webui.keyword.internal.WebUIKeywordMain.stepFailed(WebUIKeywordMain.groovy:64)
	at com.kms.katalon.core.webui.keyword.builtin.VerifyElementVisibleInViewportKeyword$_verifyElementVisibleInViewport_closure1.doCall(VerifyElementVisibleInViewportKeyword.groovy:83)
	at com.kms.katalon.core.webui.keyword.builtin.VerifyElementVisibleInViewportKeyword$_verifyElementVisibleInViewport_closure1.call(VerifyElementVisibleInViewportKeyword.groovy)
	at com.kms.katalon.core.webui.keyword.internal.WebUIKeywordMain.runKeyword(WebUIKeywordMain.groovy:20)
	at com.kms.katalon.core.webui.keyword.builtin.VerifyElementVisibleInViewportKeyword.verifyElementVisibleInViewport(VerifyElementVisibleInViewportKeyword.groovy:86)
	at com.kms.katalon.core.webui.keyword.builtin.VerifyElementVisibleInViewportKeyword.execute(VerifyElementVisibleInViewportKeyword.groovy:68)
	at com.kms.katalon.core.keyword.internal.KeywordExecutor.executeKeywordForPlatform(KeywordExecutor.groovy:72)
	at com.kms.katalon.core.webui.keyword.WebUiBuiltInKeywords.verifyElementInViewport(WebUiBuiltInKeywords.groovy:3039)
	at com.kms.katalon.core.webui.keyword.WebUiBuiltInKeywords$verifyElementInViewport$14.call(Unknown Source)
	at Background adding (Color 1-30cs) cycle.run(Background adding (Color 1-30cs) cycle:38)
	at com.kms.katalon.core.main.ScriptEngine.run(ScriptEngine.java:194)
	at com.kms.katalon.core.main.ScriptEngine.runScriptAsRawText(ScriptEngine.java:119)
	at com.kms.katalon.core.main.TestCaseExecutor.runScript(TestCaseExecutor.java:337)
	at com.kms.katalon.core.main.TestCaseExecutor.doExecute(TestCaseExecutor.java:328)
	at com.kms.katalon.core.main.TestCaseExecutor.processExecutionPhase(TestCaseExecutor.java:307)
	at com.kms.katalon.core.main.TestCaseExecutor.accessMainPhase(TestCaseExecutor.java:299)
	at com.kms.katalon.core.main.TestCaseExecutor.execute(TestCaseExecutor.java:233)
	at com.kms.katalon.core.main.TestSuiteExecutor.accessTestCaseMainPhase(TestSuiteExecutor.java:169)
	at com.kms.katalon.core.main.TestSuiteExecutor.accessTestSuiteMainPhase(TestSuiteExecutor.java:142)
	at com.kms.katalon.core.main.TestSuiteExecutor.execute(TestSuiteExecutor.java:91)
	at com.kms.katalon.core.main.TestCaseMain.startTestSuite(TestCaseMain.java:157)
	at com.kms.katalon.core.main.TestCaseMain$startTestSuite$0.call(Unknown Source)
	at TempTestSuite1581081710748.run(TempTestSuite1581081710748.groovy:36)
)

2020-02-07 15:31:49 - [TEST_STEP][PASSED] - Thread.sleep(500): null

2020-02-07 15:31:49 - [TEST_STEP][PASSED] - if (verifyElementPresent(findTestObject(sceneCore + i), 1) == true): null

2020-02-07 15:31:49 - [MESSAGE][PASSED] - Object 'Object Repository/Page_Reevio Video Maker/Editor_Scene_11' is present

2020-02-07 15:31:49 - [TEST_STEP][PASSED] - doubleClick(findTestObject(sceneCore + i)): Object: 'Object Repository/Page_Reevio Video Maker/Editor_Scene_11' is double clicked on

2020-02-07 15:31:50 - [MESSAGE][PASSED] - Object: 'Object Repository/Page_Reevio Video Maker/Editor_Scene_11' is double clicked on

2020-02-07 15:31:50 - [TEST_STEP][PASSED] - click(findTestObject("Add video in placeholers/Video_img backgrounds/div_Background_Color")): Object: 'Object Repository/Add video in placeholers/Video_img backgrounds/div_Background_Color' is clicked on

2020-02-07 15:31:50 - [MESSAGE][PASSED] - Object: 'Object Repository/Add video in placeholers/Video_img backgrounds/div_Background_Color' is clicked on

2020-02-07 15:31:50 - [TEST_STEP][PASSED] - clearText(findTestObject("Add video in placeholers/Video_img repository (videos, imgs and buttons)/change color/input_RGB_hex-color")): Text of object 'Object Repository/Add video in placeholers/Video_img repository (videos, imgs and buttons)/change color/input_RGB_hex-color' is cleared

2020-02-07 15:31:50 - [MESSAGE][PASSED] - Text of object 'Object Repository/Add video in placeholers/Video_img repository (videos, imgs and buttons)/change color/input_RGB_hex-color' is cleared

2020-02-07 15:31:50 - [TEST_STEP][PASSED] - setText(findTestObject("Object Repository/Add video in placeholers/Video_img repository (videos, imgs and buttons)/change color/input_RGB_hex-color"), findTestData("vavowDate").getValue(6, 1)): Text '#123456' is set on object 'Object Repository/Add video in placeholers/Video_img repository (videos, imgs and buttons)/change color/input_RGB_hex-color'

2020-02-07 15:31:50 - [MESSAGE][PASSED] - Text '#123456' is set on object 'Object Repository/Add video in placeholers/Video_img repository (videos, imgs and buttons)/change color/input_RGB_hex-color'

2020-02-07 15:31:50 - [TEST_STEP][PASSED] - click(findTestObject("Object Repository/Add video in placeholers/Video_img repository (videos, imgs and buttons)/change color/button_Apply")): Object: 'Object Repository/Add video in placeholers/Video_img repository (videos, imgs and buttons)/change color/button_Apply' is clicked on

2020-02-07 15:31:51 - [MESSAGE][PASSED] - Object: 'Object Repository/Add video in placeholers/Video_img repository (videos, imgs and buttons)/change color/button_Apply' is clicked on

2020-02-07 15:31:51 - [TEST_STEP][PASSED] - if (verifyElementPresent(findTestObject("Page_Reevio Video Maker/Editor_Scene_" + i), 0) == true): null

2020-02-07 15:31:51 - [MESSAGE][WARNING] - Timeout '0' is invalid. Using default page load timeout: '1'

2020-02-07 15:31:51 - [MESSAGE][PASSED] - Object 'Object Repository/Page_Reevio Video Maker/Editor_Scene_11' is present

2020-02-07 15:31:51 - [TEST_STEP][PASSED] - doubleClick(findTestObject("Page_Reevio Video Maker/Editor_Scene_" + i)): Object: 'Object Repository/Page_Reevio Video Maker/Editor_Scene_11' is double clicked on

2020-02-07 15:31:51 - [MESSAGE][PASSED] - Object: 'Object Repository/Page_Reevio Video Maker/Editor_Scene_11' is double clicked on

2020-02-07 15:31:51 - [TEST_STEP][FAILED] - if (verifyElementInViewport(findTestObject("Object Repository/Page_Login/logoPlaceholder1"), 0)): Object 'Object Repository/Page_Login/logoPlaceholder1' is not present (Root cause: com.kms.katalon.core.exception.StepFailedException: Object 'Object Repository/Page_Login/logoPlaceholder1' is not present
	at com.kms.katalon.core.webui.keyword.internal.WebUIKeywordMain.stepFailed(WebUIKeywordMain.groovy:64)
	at com.kms.katalon.core.webui.keyword.builtin.VerifyElementVisibleInViewportKeyword$_verifyElementVisibleInViewport_closure1.doCall(VerifyElementVisibleInViewportKeyword.groovy:83)
	at com.kms.katalon.core.webui.keyword.builtin.VerifyElementVisibleInViewportKeyword$_verifyElementVisibleInViewport_closure1.call(VerifyElementVisibleInViewportKeyword.groovy)
	at com.kms.katalon.core.webui.keyword.internal.WebUIKeywordMain.runKeyword(WebUIKeywordMain.groovy:20)
	at com.kms.katalon.core.webui.keyword.builtin.VerifyElementVisibleInViewportKeyword.verifyElementVisibleInViewport(VerifyElementVisibleInViewportKeyword.groovy:86)
	at com.kms.katalon.core.webui.keyword.builtin.VerifyElementVisibleInViewportKeyword.execute(VerifyElementVisibleInViewportKeyword.groovy:68)
	at com.kms.katalon.core.keyword.internal.KeywordExecutor.executeKeywordForPlatform(KeywordExecutor.groovy:72)
	at com.kms.katalon.core.webui.keyword.WebUiBuiltInKeywords.verifyElementInViewport(WebUiBuiltInKeywords.groovy:3039)
	at com.kms.katalon.core.webui.keyword.WebUiBuiltInKeywords$verifyElementInViewport$14.call(Unknown Source)
	at Background adding (Color 1-30cs) cycle.run(Background adding (Color 1-30cs) cycle:38)
	at com.kms.katalon.core.main.ScriptEngine.run(ScriptEngine.java:194)
	at com.kms.katalon.core.main.ScriptEngine.runScriptAsRawText(ScriptEngine.java:119)
	at com.kms.katalon.core.main.TestCaseExecutor.runScript(TestCaseExecutor.java:337)
	at com.kms.katalon.core.main.TestCaseExecutor.doExecute(TestCaseExecutor.java:328)
	at com.kms.katalon.core.main.TestCaseExecutor.processExecutionPhase(TestCaseExecutor.java:307)
	at com.kms.katalon.core.main.TestCaseExecutor.accessMainPhase(TestCaseExecutor.java:299)
	at com.kms.katalon.core.main.TestCaseExecutor.execute(TestCaseExecutor.java:233)
	at com.kms.katalon.core.main.TestSuiteExecutor.accessTestCaseMainPhase(TestSuiteExecutor.java:169)
	at com.kms.katalon.core.main.TestSuiteExecutor.accessTestSuiteMainPhase(TestSuiteExecutor.java:142)
	at com.kms.katalon.core.main.TestSuiteExecutor.execute(TestSuiteExecutor.java:91)
	at com.kms.katalon.core.main.TestCaseMain.startTestSuite(TestCaseMain.java:157)
	at com.kms.katalon.core.main.TestCaseMain$startTestSuite$0.call(Unknown Source)
	at TempTestSuite1581081710748.run(TempTestSuite1581081710748.groovy:36)
)

2020-02-07 15:31:51 - [MESSAGE][WARNING] - Timeout '0' is invalid. Using default page load timeout: '1'

2020-02-07 15:31:52 - [MESSAGE][INFO] - Unable to find the element located by 'By.xpath: //div[@class = 'current-slide active-slide']//div[@class="uploded-pic frame ui-droppable"]'. Please recheck the objects properties to make sure the desired element is located. 

2020-02-07 15:31:52 - [MESSAGE][FAILED] - Object 'Object Repository/Page_Login/logoPlaceholder1' is not present (Root cause: com.kms.katalon.core.exception.StepFailedException: Object 'Object Repository/Page_Login/logoPlaceholder1' is not present
	at com.kms.katalon.core.webui.keyword.internal.WebUIKeywordMain.stepFailed(WebUIKeywordMain.groovy:64)
	at com.kms.katalon.core.webui.keyword.builtin.VerifyElementVisibleInViewportKeyword$_verifyElementVisibleInViewport_closure1.doCall(VerifyElementVisibleInViewportKeyword.groovy:83)
	at com.kms.katalon.core.webui.keyword.builtin.VerifyElementVisibleInViewportKeyword$_verifyElementVisibleInViewport_closure1.call(VerifyElementVisibleInViewportKeyword.groovy)
	at com.kms.katalon.core.webui.keyword.internal.WebUIKeywordMain.runKeyword(WebUIKeywordMain.groovy:20)
	at com.kms.katalon.core.webui.keyword.builtin.VerifyElementVisibleInViewportKeyword.verifyElementVisibleInViewport(VerifyElementVisibleInViewportKeyword.groovy:86)
	at com.kms.katalon.core.webui.keyword.builtin.VerifyElementVisibleInViewportKeyword.execute(VerifyElementVisibleInViewportKeyword.groovy:68)
	at com.kms.katalon.core.keyword.internal.KeywordExecutor.executeKeywordForPlatform(KeywordExecutor.groovy:72)
	at com.kms.katalon.core.webui.keyword.WebUiBuiltInKeywords.verifyElementInViewport(WebUiBuiltInKeywords.groovy:3039)
	at com.kms.katalon.core.webui.keyword.WebUiBuiltInKeywords$verifyElementInViewport$14.call(Unknown Source)
	at Background adding (Color 1-30cs) cycle.run(Background adding (Color 1-30cs) cycle:38)
	at com.kms.katalon.core.main.ScriptEngine.run(ScriptEngine.java:194)
	at com.kms.katalon.core.main.ScriptEngine.runScriptAsRawText(ScriptEngine.java:119)
	at com.kms.katalon.core.main.TestCaseExecutor.runScript(TestCaseExecutor.java:337)
	at com.kms.katalon.core.main.TestCaseExecutor.doExecute(TestCaseExecutor.java:328)
	at com.kms.katalon.core.main.TestCaseExecutor.processExecutionPhase(TestCaseExecutor.java:307)
	at com.kms.katalon.core.main.TestCaseExecutor.accessMainPhase(TestCaseExecutor.java:299)
	at com.kms.katalon.core.main.TestCaseExecutor.execute(TestCaseExecutor.java:233)
	at com.kms.katalon.core.main.TestSuiteExecutor.accessTestCaseMainPhase(TestSuiteExecutor.java:169)
	at com.kms.katalon.core.main.TestSuiteExecutor.accessTestSuiteMainPhase(TestSuiteExecutor.java:142)
	at com.kms.katalon.core.main.TestSuiteExecutor.execute(TestSuiteExecutor.java:91)
	at com.kms.katalon.core.main.TestCaseMain.startTestSuite(TestCaseMain.java:157)
	at com.kms.katalon.core.main.TestCaseMain$startTestSuite$0.call(Unknown Source)
	at TempTestSuite1581081710748.run(TempTestSuite1581081710748.groovy:36)
)

2020-02-07 15:31:52 - [TEST_STEP][PASSED] - Thread.sleep(500): null

2020-02-07 15:31:53 - [TEST_STEP][FAILED] - if (verifyElementPresent(findTestObject(sceneCore + i), 1) == true): com.kms.katalon.core.webui.exception.WebElementNotFoundException: Web element with id: 'Object Repository/Page_Reevio Video Maker/Editor_Scene_12' located by 'By.xpath: //*[@id="bottom-slider-id"]/div[12]/figure' not found (Root cause: com.kms.katalon.core.exception.StepFailedException: com.kms.katalon.core.webui.exception.WebElementNotFoundException: Web element with id: 'Object Repository/Page_Reevio Video Maker/Editor_Scene_12' located by 'By.xpath: //*[@id="bottom-slider-id"]/div[12]/figure' not found
	at com.kms.katalon.core.webui.keyword.internal.WebUIKeywordMain.stepFailed(WebUIKeywordMain.groovy:64)
	at com.kms.katalon.core.webui.keyword.builtin.VerifyElementPresentKeyword$_verifyElementPresent_closure1.doCall(VerifyElementPresentKeyword.groovy:85)
	at com.kms.katalon.core.webui.keyword.builtin.VerifyElementPresentKeyword$_verifyElementPresent_closure1.call(VerifyElementPresentKeyword.groovy)
	at com.kms.katalon.core.webui.keyword.internal.WebUIKeywordMain.runKeyword(WebUIKeywordMain.groovy:20)
	at com.kms.katalon.core.webui.keyword.builtin.VerifyElementPresentKeyword.verifyElementPresent(VerifyElementPresentKeyword.groovy:92)
	at com.kms.katalon.core.webui.keyword.builtin.VerifyElementPresentKeyword.execute(VerifyElementPresentKeyword.groovy:68)
	at com.kms.katalon.core.keyword.internal.KeywordExecutor.executeKeywordForPlatform(KeywordExecutor.groovy:72)
	at com.kms.katalon.core.webui.keyword.WebUiBuiltInKeywords.verifyElementPresent(WebUiBuiltInKeywords.groovy:1434)
	at com.kms.katalon.core.webui.keyword.WebUiBuiltInKeywords$verifyElementPresent$6.call(Unknown Source)
	at Background adding (Color 1-30cs) cycle.run(Background adding (Color 1-30cs) cycle:23)
	at com.kms.katalon.core.main.ScriptEngine.run(ScriptEngine.java:194)
	at com.kms.katalon.core.main.ScriptEngine.runScriptAsRawText(ScriptEngine.java:119)
	at com.kms.katalon.core.main.TestCaseExecutor.runScript(TestCaseExecutor.java:337)
	at com.kms.katalon.core.main.TestCaseExecutor.doExecute(TestCaseExecutor.java:328)
	at com.kms.katalon.core.main.TestCaseExecutor.processExecutionPhase(TestCaseExecutor.java:307)
	at com.kms.katalon.core.main.TestCaseExecutor.accessMainPhase(TestCaseExecutor.java:299)
	at com.kms.katalon.core.main.TestCaseExecutor.execute(TestCaseExecutor.java:233)
	at com.kms.katalon.core.main.TestSuiteExecutor.accessTestCaseMainPhase(TestSuiteExecutor.java:169)
	at com.kms.katalon.core.main.TestSuiteExecutor.accessTestSuiteMainPhase(TestSuiteExecutor.java:142)
	at com.kms.katalon.core.main.TestSuiteExecutor.execute(TestSuiteExecutor.java:91)
	at com.kms.katalon.core.main.TestCaseMain.startTestSuite(TestCaseMain.java:157)
	at com.kms.katalon.core.main.TestCaseMain$startTestSuite$0.call(Unknown Source)
	at TempTestSuite1581081710748.run(TempTestSuite1581081710748.groovy:36)
)

2020-02-07 15:31:54 - [MESSAGE][INFO] - Unable to find the element located by 'By.xpath: //*[@id="bottom-slider-id"]/div[12]/figure'. Please recheck the objects properties to make sure the desired element is located. 

2020-02-07 15:31:54 - [MESSAGE][FAILED] - com.kms.katalon.core.webui.exception.WebElementNotFoundException: Web element with id: 'Object Repository/Page_Reevio Video Maker/Editor_Scene_12' located by 'By.xpath: //*[@id="bottom-slider-id"]/div[12]/figure' not found (Root cause: com.kms.katalon.core.exception.StepFailedException: com.kms.katalon.core.webui.exception.WebElementNotFoundException: Web element with id: 'Object Repository/Page_Reevio Video Maker/Editor_Scene_12' located by 'By.xpath: //*[@id="bottom-slider-id"]/div[12]/figure' not found
	at com.kms.katalon.core.webui.keyword.internal.WebUIKeywordMain.stepFailed(WebUIKeywordMain.groovy:64)
	at com.kms.katalon.core.webui.keyword.builtin.VerifyElementPresentKeyword$_verifyElementPresent_closure1.doCall(VerifyElementPresentKeyword.groovy:85)
	at com.kms.katalon.core.webui.keyword.builtin.VerifyElementPresentKeyword$_verifyElementPresent_closure1.call(VerifyElementPresentKeyword.groovy)
	at com.kms.katalon.core.webui.keyword.internal.WebUIKeywordMain.runKeyword(WebUIKeywordMain.groovy:20)
	at com.kms.katalon.core.webui.keyword.builtin.VerifyElementPresentKeyword.verifyElementPresent(VerifyElementPresentKeyword.groovy:92)
	at com.kms.katalon.core.webui.keyword.builtin.VerifyElementPresentKeyword.execute(VerifyElementPresentKeyword.groovy:68)
	at com.kms.katalon.core.keyword.internal.KeywordExecutor.executeKeywordForPlatform(KeywordExecutor.groovy:72)
	at com.kms.katalon.core.webui.keyword.WebUiBuiltInKeywords.verifyElementPresent(WebUiBuiltInKeywords.groovy:1434)
	at com.kms.katalon.core.webui.keyword.WebUiBuiltInKeywords$verifyElementPresent$6.call(Unknown Source)
	at Background adding (Color 1-30cs) cycle.run(Background adding (Color 1-30cs) cycle:23)
	at com.kms.katalon.core.main.ScriptEngine.run(ScriptEngine.java:194)
	at com.kms.katalon.core.main.ScriptEngine.runScriptAsRawText(ScriptEngine.java:119)
	at com.kms.katalon.core.main.TestCaseExecutor.runScript(TestCaseExecutor.java:337)
	at com.kms.katalon.core.main.TestCaseExecutor.doExecute(TestCaseExecutor.java:328)
	at com.kms.katalon.core.main.TestCaseExecutor.processExecutionPhase(TestCaseExecutor.java:307)
	at com.kms.katalon.core.main.TestCaseExecutor.accessMainPhase(TestCaseExecutor.java:299)
	at com.kms.katalon.core.main.TestCaseExecutor.execute(TestCaseExecutor.java:233)
	at com.kms.katalon.core.main.TestSuiteExecutor.accessTestCaseMainPhase(TestSuiteExecutor.java:169)
	at com.kms.katalon.core.main.TestSuiteExecutor.accessTestSuiteMainPhase(TestSuiteExecutor.java:142)
	at com.kms.katalon.core.main.TestSuiteExecutor.execute(TestSuiteExecutor.java:91)
	at com.kms.katalon.core.main.TestCaseMain.startTestSuite(TestCaseMain.java:157)
	at com.kms.katalon.core.main.TestCaseMain$startTestSuite$0.call(Unknown Source)
	at TempTestSuite1581081710748.run(TempTestSuite1581081710748.groovy:36)
)

2020-02-07 15:31:54 - [TEST_STEP][PASSED] - else: null

2020-02-07 15:31:54 - [TEST_STEP][PASSED] - break: null

2020-02-07 15:31:54 - [TEST_STEP][PASSED] - doubleClick(findTestObject("Page_Reevio Video Maker/Editor_Scene_1")): Object: 'Object Repository/Page_Reevio Video Maker/Editor_Scene_1' is double clicked on

2020-02-07 15:31:54 - [MESSAGE][PASSED] - Object: 'Object Repository/Page_Reevio Video Maker/Editor_Scene_1' is double clicked on]]></system-out>
         <system-err><![CDATA[2020-02-07 15:31:12 - [TEST_CASE][FAILED] - Test Cases/Images adding/Background adding (Color 1-30cs) cycle: Test Cases/Images adding/Background adding (Color 1-30cs) cycle FAILED.
Reason:
com.kms.katalon.core.exception.StepFailedException: Object 'Object Repository/Page_Login/logoPlaceholder1' is not present (Root cause: com.kms.katalon.core.exception.StepFailedException: Object 'Object Repository/Page_Login/logoPlaceholder1' is not present
	at com.kms.katalon.core.webui.keyword.internal.WebUIKeywordMain.stepFailed(WebUIKeywordMain.groovy:64)
	at com.kms.katalon.core.webui.keyword.builtin.VerifyElementVisibleInViewportKeyword$_verifyElementVisibleInViewport_closure1.doCall(VerifyElementVisibleInViewportKeyword.groovy:83)
	at com.kms.katalon.core.webui.keyword.builtin.VerifyElementVisibleInViewportKeyword$_verifyElementVisibleInViewport_closure1.call(VerifyElementVisibleInViewportKeyword.groovy)
	at com.kms.katalon.core.webui.keyword.internal.WebUIKeywordMain.runKeyword(WebUIKeywordMain.groovy:20)
	at com.kms.katalon.core.webui.keyword.builtin.VerifyElementVisibleInViewportKeyword.verifyElementVisibleInViewport(VerifyElementVisibleInViewportKeyword.groovy:86)
	at com.kms.katalon.core.webui.keyword.builtin.VerifyElementVisibleInViewportKeyword.execute(VerifyElementVisibleInViewportKeyword.groovy:68)
	at com.kms.katalon.core.keyword.internal.KeywordExecutor.executeKeywordForPlatform(KeywordExecutor.groovy:72)
	at com.kms.katalon.core.webui.keyword.WebUiBuiltInKeywords.verifyElementInViewport(WebUiBuiltInKeywords.groovy:3039)
	at com.kms.katalon.core.webui.keyword.WebUiBuiltInKeywords$verifyElementInViewport$14.call(Unknown Source)
	at Background adding (Color 1-30cs) cycle.run(Background adding (Color 1-30cs) cycle:38)
	at com.kms.katalon.core.main.ScriptEngine.run(ScriptEngine.java:194)
	at com.kms.katalon.core.main.ScriptEngine.runScriptAsRawText(ScriptEngine.java:119)
	at com.kms.katalon.core.main.TestCaseExecutor.runScript(TestCaseExecutor.java:337)
	at com.kms.katalon.core.main.TestCaseExecutor.doExecute(TestCaseExecutor.java:328)
	at com.kms.katalon.core.main.TestCaseExecutor.processExecutionPhase(TestCaseExecutor.java:307)
	at com.kms.katalon.core.main.TestCaseExecutor.accessMainPhase(TestCaseExecutor.java:299)
	at com.kms.katalon.core.main.TestCaseExecutor.execute(TestCaseExecutor.java:233)
	at com.kms.katalon.core.main.TestSuiteExecutor.accessTestCaseMainPhase(TestSuiteExecutor.java:169)
	at com.kms.katalon.core.main.TestSuiteExecutor.accessTestSuiteMainPhase(TestSuiteExecutor.java:142)
	at com.kms.katalon.core.main.TestSuiteExecutor.execute(TestSuiteExecutor.java:91)
	at com.kms.katalon.core.main.TestCaseMain.startTestSuite(TestCaseMain.java:157)
	at com.kms.katalon.core.main.TestCaseMain$startTestSuite$0.call(Unknown Source)
	at TempTestSuite1581081710748.run(TempTestSuite1581081710748.groovy:36)
)
	at com.kms.katalon.core.keyword.internal.KeywordMain.stepFailed(KeywordMain.groovy:39)
	at com.kms.katalon.core.webui.keyword.internal.WebUIKeywordMain.stepFailed(WebUIKeywordMain.groovy:64)
	at com.kms.katalon.core.webui.keyword.builtin.VerifyElementVisibleInViewportKeyword$_verifyElementVisibleInViewport_closure1.doCall(VerifyElementVisibleInViewportKeyword.groovy:83)
	at com.kms.katalon.core.webui.keyword.builtin.VerifyElementVisibleInViewportKeyword$_verifyElementVisibleInViewport_closure1.call(VerifyElementVisibleInViewportKeyword.groovy)
	at com.kms.katalon.core.webui.keyword.internal.WebUIKeywordMain.runKeyword(WebUIKeywordMain.groovy:20)
	at com.kms.katalon.core.webui.keyword.builtin.VerifyElementVisibleInViewportKeyword.verifyElementVisibleInViewport(VerifyElementVisibleInViewportKeyword.groovy:86)
	at com.kms.katalon.core.webui.keyword.builtin.VerifyElementVisibleInViewportKeyword.execute(VerifyElementVisibleInViewportKeyword.groovy:68)
	at com.kms.katalon.core.keyword.internal.KeywordExecutor.executeKeywordForPlatform(KeywordExecutor.groovy:72)
	at com.kms.katalon.core.webui.keyword.WebUiBuiltInKeywords.verifyElementInViewport(WebUiBuiltInKeywords.groovy:3039)
	at com.kms.katalon.core.webui.keyword.WebUiBuiltInKeywords$verifyElementInViewport$14.call(Unknown Source)
	at Background adding (Color 1-30cs) cycle.run(Background adding (Color 1-30cs) cycle:38)
	at com.kms.katalon.core.main.ScriptEngine.run(ScriptEngine.java:194)
	at com.kms.katalon.core.main.ScriptEngine.runScriptAsRawText(ScriptEngine.java:119)
	at com.kms.katalon.core.main.TestCaseExecutor.runScript(TestCaseExecutor.java:337)
	at com.kms.katalon.core.main.TestCaseExecutor.doExecute(TestCaseExecutor.java:328)
	at com.kms.katalon.core.main.TestCaseExecutor.processExecutionPhase(TestCaseExecutor.java:307)
	at com.kms.katalon.core.main.TestCaseExecutor.accessMainPhase(TestCaseExecutor.java:299)
	at com.kms.katalon.core.main.TestCaseExecutor.execute(TestCaseExecutor.java:233)
	at com.kms.katalon.core.main.TestSuiteExecutor.accessTestCaseMainPhase(TestSuiteExecutor.java:169)
	at com.kms.katalon.core.main.TestSuiteExecutor.accessTestSuiteMainPhase(TestSuiteExecutor.java:142)
	at com.kms.katalon.core.main.TestSuiteExecutor.execute(TestSuiteExecutor.java:91)
	at com.kms.katalon.core.main.TestCaseMain.startTestSuite(TestCaseMain.java:157)
	at com.kms.katalon.core.main.TestCaseMain$startTestSuite$0.call(Unknown Source)
	at TempTestSuite1581081710748.run(TempTestSuite1581081710748.groovy:36)
Caused by: com.kms.katalon.core.exception.StepFailedException: Object 'Object Repository/Page_Login/logoPlaceholder1' is not present
	... 23 more]]></system-err>
      </testcase>
      <testcase name="Test Cases/clickSavebtn" time="1.14" classname="Test Cases/clickSavebtn" status="PASSED">
         <system-out><![CDATA[2020-02-07 15:31:54 - [TEST_CASE][PASSED] - Test Cases/clickSavebtn: Test Cases/clickSavebtn

2020-02-07 15:31:54 - [TEST_STEP][PASSED] - Savebtn = new com.kms.katalon.core.testobject.TestObject(data-target): null

2020-02-07 15:31:54 - [TEST_STEP][PASSED] - Savebtn.addProperty("xpath", EQUALS, "//button[@data-target = "#save-changes"]", true): null

2020-02-07 15:31:54 - [TEST_STEP][PASSED] - click(Savebtn): Object: 'data-target' is clicked on

2020-02-07 15:31:54 - [MESSAGE][PASSED] - Object: 'data-target' is clicked on

2020-02-07 15:31:54 - [TEST_STEP][PASSED] - delay(1): Delayed 1 second(s)

2020-02-07 15:31:55 - [MESSAGE][PASSED] - Delayed 1 second(s)]]></system-out>
         <system-err><![CDATA[]]></system-err>
      </testcase>
      <testcase name="Test Cases/Video adding/Video adding in placeholder (double cycle) 1-30" time="35.953" classname="Test Cases/Video adding/Video adding in placeholder (double cycle) 1-30" status="FAILED">
         <failure type="FAILED" message="Test Cases/Video adding/Video adding in placeholder (double cycle) 1-30 FAILED.
Reason:
com.kms.katalon.core.exception.StepFailedException: Object 'Object Repository/Add video in placeholers/Placeholders/div_Add media here_1' is not present (Root cause: com.kms.katalon.core.exception.StepFailedException: Object 'Object Repository/Add video in placeholers/Placeholders/div_Add media here_1' is not present
	at com.kms.katalon.core.webui.keyword.internal.WebUIKeywordMain.stepFailed(WebUIKeywordMain.groovy:64)
	at com.kms.katalon.core.webui.keyword.builtin.VerifyElementVisibleInViewportKeyword$_verifyElementVisibleInViewport_closure1.doCall(VerifyElementVisibleInViewportKeyword.groovy:83)
	at com.kms.katalon.core.webui.keyword.builtin.VerifyElementVisibleInViewportKeyword$_verifyElementVisibleInViewport_closure1.call(VerifyElementVisibleInViewportKeyword.groovy)
	at com.kms.katalon.core.webui.keyword.internal.WebUIKeywordMain.runKeyword(WebUIKeywordMain.groovy:20)
	at com.kms.katalon.core.webui.keyword.builtin.VerifyElementVisibleInViewportKeyword.verifyElementVisibleInViewport(VerifyElementVisibleInViewportKeyword.groovy:86)
	at com.kms.katalon.core.webui.keyword.builtin.VerifyElementVisibleInViewportKeyword.execute(VerifyElementVisibleInViewportKeyword.groovy:68)
	at com.kms.katalon.core.keyword.internal.KeywordExecutor.executeKeywordForPlatform(KeywordExecutor.groovy:72)
	at com.kms.katalon.core.webui.keyword.WebUiBuiltInKeywords.verifyElementInViewport(WebUiBuiltInKeywords.groovy:3039)
	at com.kms.katalon.core.webui.keyword.WebUiBuiltInKeywords$verifyElementInViewport$14.call(Unknown Source)
	at Video adding in placeholder (double cycle) 1-30.run(Video adding in placeholder (double cycle) 1-30:31)
	at com.kms.katalon.core.main.ScriptEngine.run(ScriptEngine.java:194)
	at com.kms.katalon.core.main.ScriptEngine.runScriptAsRawText(ScriptEngine.java:119)
	at com.kms.katalon.core.main.TestCaseExecutor.runScript(TestCaseExecutor.java:337)
	at com.kms.katalon.core.main.TestCaseExecutor.doExecute(TestCaseExecutor.java:328)
	at com.kms.katalon.core.main.TestCaseExecutor.processExecutionPhase(TestCaseExecutor.java:307)
	at com.kms.katalon.core.main.TestCaseExecutor.accessMainPhase(TestCaseExecutor.java:299)
	at com.kms.katalon.core.main.TestCaseExecutor.execute(TestCaseExecutor.java:233)
	at com.kms.katalon.core.main.TestSuiteExecutor.accessTestCaseMainPhase(TestSuiteExecutor.java:169)
	at com.kms.katalon.core.main.TestSuiteExecutor.accessTestSuiteMainPhase(TestSuiteExecutor.java:142)
	at com.kms.katalon.core.main.TestSuiteExecutor.execute(TestSuiteExecutor.java:91)
	at com.kms.katalon.core.main.TestCaseMain.startTestSuite(TestCaseMain.java:157)
	at com.kms.katalon.core.main.TestCaseMain$startTestSuite$0.call(Unknown Source)
	at TempTestSuite1581081710748.run(TempTestSuite1581081710748.groovy:36)
)
	at com.kms.katalon.core.keyword.internal.KeywordMain.stepFailed(KeywordMain.groovy:39)
	at com.kms.katalon.core.webui.keyword.internal.WebUIKeywordMain.stepFailed(WebUIKeywordMain.groovy:64)
	at com.kms.katalon.core.webui.keyword.builtin.VerifyElementVisibleInViewportKeyword$_verifyElementVisibleInViewport_closure1.doCall(VerifyElementVisibleInViewportKeyword.groovy:83)
	at com.kms.katalon.core.webui.keyword.builtin.VerifyElementVisibleInViewportKeyword$_verifyElementVisibleInViewport_closure1.call(VerifyElementVisibleInViewportKeyword.groovy)
	at com.kms.katalon.core.webui.keyword.internal.WebUIKeywordMain.runKeyword(WebUIKeywordMain.groovy:20)
	at com.kms.katalon.core.webui.keyword.builtin.VerifyElementVisibleInViewportKeyword.verifyElementVisibleInViewport(VerifyElementVisibleInViewportKeyword.groovy:86)
	at com.kms.katalon.core.webui.keyword.builtin.VerifyElementVisibleInViewportKeyword.execute(VerifyElementVisibleInViewportKeyword.groovy:68)
	at com.kms.katalon.core.keyword.internal.KeywordExecutor.executeKeywordForPlatform(KeywordExecutor.groovy:72)
	at com.kms.katalon.core.webui.keyword.WebUiBuiltInKeywords.verifyElementInViewport(WebUiBuiltInKeywords.groovy:3039)
	at com.kms.katalon.core.webui.keyword.WebUiBuiltInKeywords$verifyElementInViewport$14.call(Unknown Source)
	at Video adding in placeholder (double cycle) 1-30.run(Video adding in placeholder (double cycle) 1-30:31)
	at com.kms.katalon.core.main.ScriptEngine.run(ScriptEngine.java:194)
	at com.kms.katalon.core.main.ScriptEngine.runScriptAsRawText(ScriptEngine.java:119)
	at com.kms.katalon.core.main.TestCaseExecutor.runScript(TestCaseExecutor.java:337)
	at com.kms.katalon.core.main.TestCaseExecutor.doExecute(TestCaseExecutor.java:328)
	at com.kms.katalon.core.main.TestCaseExecutor.processExecutionPhase(TestCaseExecutor.java:307)
	at com.kms.katalon.core.main.TestCaseExecutor.accessMainPhase(TestCaseExecutor.java:299)
	at com.kms.katalon.core.main.TestCaseExecutor.execute(TestCaseExecutor.java:233)
	at com.kms.katalon.core.main.TestSuiteExecutor.accessTestCaseMainPhase(TestSuiteExecutor.java:169)
	at com.kms.katalon.core.main.TestSuiteExecutor.accessTestSuiteMainPhase(TestSuiteExecutor.java:142)
	at com.kms.katalon.core.main.TestSuiteExecutor.execute(TestSuiteExecutor.java:91)
	at com.kms.katalon.core.main.TestCaseMain.startTestSuite(TestCaseMain.java:157)
	at com.kms.katalon.core.main.TestCaseMain$startTestSuite$0.call(Unknown Source)
	at TempTestSuite1581081710748.run(TempTestSuite1581081710748.groovy:36)
Caused by: com.kms.katalon.core.exception.StepFailedException: Object 'Object Repository/Add video in placeholers/Placeholders/div_Add media here_1' is not present
	... 23 more
"/>
         <system-out><![CDATA[2020-02-07 15:31:55 - [TEST_CASE][FAILED] - Test Cases/Video adding/Video adding in placeholder (double cycle) 1-30: Test Cases/Video adding/Video adding in placeholder (double cycle) 1-30 FAILED.
Reason:
com.kms.katalon.core.exception.StepFailedException: Object 'Object Repository/Add video in placeholers/Placeholders/div_Add media here_1' is not present (Root cause: com.kms.katalon.core.exception.StepFailedException: Object 'Object Repository/Add video in placeholers/Placeholders/div_Add media here_1' is not present
	at com.kms.katalon.core.webui.keyword.internal.WebUIKeywordMain.stepFailed(WebUIKeywordMain.groovy:64)
	at com.kms.katalon.core.webui.keyword.builtin.VerifyElementVisibleInViewportKeyword$_verifyElementVisibleInViewport_closure1.doCall(VerifyElementVisibleInViewportKeyword.groovy:83)
	at com.kms.katalon.core.webui.keyword.builtin.VerifyElementVisibleInViewportKeyword$_verifyElementVisibleInViewport_closure1.call(VerifyElementVisibleInViewportKeyword.groovy)
	at com.kms.katalon.core.webui.keyword.internal.WebUIKeywordMain.runKeyword(WebUIKeywordMain.groovy:20)
	at com.kms.katalon.core.webui.keyword.builtin.VerifyElementVisibleInViewportKeyword.verifyElementVisibleInViewport(VerifyElementVisibleInViewportKeyword.groovy:86)
	at com.kms.katalon.core.webui.keyword.builtin.VerifyElementVisibleInViewportKeyword.execute(VerifyElementVisibleInViewportKeyword.groovy:68)
	at com.kms.katalon.core.keyword.internal.KeywordExecutor.executeKeywordForPlatform(KeywordExecutor.groovy:72)
	at com.kms.katalon.core.webui.keyword.WebUiBuiltInKeywords.verifyElementInViewport(WebUiBuiltInKeywords.groovy:3039)
	at com.kms.katalon.core.webui.keyword.WebUiBuiltInKeywords$verifyElementInViewport$14.call(Unknown Source)
	at Video adding in placeholder (double cycle) 1-30.run(Video adding in placeholder (double cycle) 1-30:31)
	at com.kms.katalon.core.main.ScriptEngine.run(ScriptEngine.java:194)
	at com.kms.katalon.core.main.ScriptEngine.runScriptAsRawText(ScriptEngine.java:119)
	at com.kms.katalon.core.main.TestCaseExecutor.runScript(TestCaseExecutor.java:337)
	at com.kms.katalon.core.main.TestCaseExecutor.doExecute(TestCaseExecutor.java:328)
	at com.kms.katalon.core.main.TestCaseExecutor.processExecutionPhase(TestCaseExecutor.java:307)
	at com.kms.katalon.core.main.TestCaseExecutor.accessMainPhase(TestCaseExecutor.java:299)
	at com.kms.katalon.core.main.TestCaseExecutor.execute(TestCaseExecutor.java:233)
	at com.kms.katalon.core.main.TestSuiteExecutor.accessTestCaseMainPhase(TestSuiteExecutor.java:169)
	at com.kms.katalon.core.main.TestSuiteExecutor.accessTestSuiteMainPhase(TestSuiteExecutor.java:142)
	at com.kms.katalon.core.main.TestSuiteExecutor.execute(TestSuiteExecutor.java:91)
	at com.kms.katalon.core.main.TestCaseMain.startTestSuite(TestCaseMain.java:157)
	at com.kms.katalon.core.main.TestCaseMain$startTestSuite$0.call(Unknown Source)
	at TempTestSuite1581081710748.run(TempTestSuite1581081710748.groovy:36)
)
	at com.kms.katalon.core.keyword.internal.KeywordMain.stepFailed(KeywordMain.groovy:39)
	at com.kms.katalon.core.webui.keyword.internal.WebUIKeywordMain.stepFailed(WebUIKeywordMain.groovy:64)
	at com.kms.katalon.core.webui.keyword.builtin.VerifyElementVisibleInViewportKeyword$_verifyElementVisibleInViewport_closure1.doCall(VerifyElementVisibleInViewportKeyword.groovy:83)
	at com.kms.katalon.core.webui.keyword.builtin.VerifyElementVisibleInViewportKeyword$_verifyElementVisibleInViewport_closure1.call(VerifyElementVisibleInViewportKeyword.groovy)
	at com.kms.katalon.core.webui.keyword.internal.WebUIKeywordMain.runKeyword(WebUIKeywordMain.groovy:20)
	at com.kms.katalon.core.webui.keyword.builtin.VerifyElementVisibleInViewportKeyword.verifyElementVisibleInViewport(VerifyElementVisibleInViewportKeyword.groovy:86)
	at com.kms.katalon.core.webui.keyword.builtin.VerifyElementVisibleInViewportKeyword.execute(VerifyElementVisibleInViewportKeyword.groovy:68)
	at com.kms.katalon.core.keyword.internal.KeywordExecutor.executeKeywordForPlatform(KeywordExecutor.groovy:72)
	at com.kms.katalon.core.webui.keyword.WebUiBuiltInKeywords.verifyElementInViewport(WebUiBuiltInKeywords.groovy:3039)
	at com.kms.katalon.core.webui.keyword.WebUiBuiltInKeywords$verifyElementInViewport$14.call(Unknown Source)
	at Video adding in placeholder (double cycle) 1-30.run(Video adding in placeholder (double cycle) 1-30:31)
	at com.kms.katalon.core.main.ScriptEngine.run(ScriptEngine.java:194)
	at com.kms.katalon.core.main.ScriptEngine.runScriptAsRawText(ScriptEngine.java:119)
	at com.kms.katalon.core.main.TestCaseExecutor.runScript(TestCaseExecutor.java:337)
	at com.kms.katalon.core.main.TestCaseExecutor.doExecute(TestCaseExecutor.java:328)
	at com.kms.katalon.core.main.TestCaseExecutor.processExecutionPhase(TestCaseExecutor.java:307)
	at com.kms.katalon.core.main.TestCaseExecutor.accessMainPhase(TestCaseExecutor.java:299)
	at com.kms.katalon.core.main.TestCaseExecutor.execute(TestCaseExecutor.java:233)
	at com.kms.katalon.core.main.TestSuiteExecutor.accessTestCaseMainPhase(TestSuiteExecutor.java:169)
	at com.kms.katalon.core.main.TestSuiteExecutor.accessTestSuiteMainPhase(TestSuiteExecutor.java:142)
	at com.kms.katalon.core.main.TestSuiteExecutor.execute(TestSuiteExecutor.java:91)
	at com.kms.katalon.core.main.TestCaseMain.startTestSuite(TestCaseMain.java:157)
	at com.kms.katalon.core.main.TestCaseMain$startTestSuite$0.call(Unknown Source)
	at TempTestSuite1581081710748.run(TempTestSuite1581081710748.groovy:36)
Caused by: com.kms.katalon.core.exception.StepFailedException: Object 'Object Repository/Add video in placeholers/Placeholders/div_Add media here_1' is not present
	... 23 more


2020-02-07 15:31:56 - [TEST_STEP][PASSED] - durationAllert = new com.kms.katalon.core.testobject.TestObject(1): null

2020-02-07 15:31:56 - [TEST_STEP][PASSED] - durationAllert.addProperty("id", EQUALS, "shutdown-link", true): null

2020-02-07 15:31:56 - [TEST_STEP][PASSED] - n = 0: null

2020-02-07 15:31:56 - [TEST_STEP][PASSED] - p = 1: null

2020-02-07 15:31:56 - [TEST_STEP][PASSED] - doubleClick(findTestObject("Add video in placeholers/Video_img repository (videos, imgs and buttons)/Editor_Scene_1")): Object: 'Object Repository/Add video in placeholers/Video_img repository (videos, imgs and buttons)/Editor_Scene_1' is double clicked on

2020-02-07 15:31:56 - [MESSAGE][PASSED] - Object: 'Object Repository/Add video in placeholers/Video_img repository (videos, imgs and buttons)/Editor_Scene_1' is double clicked on

2020-02-07 15:31:56 - [TEST_STEP][FAILED] - for ([i = 1, i < 31, (i++)]): null

2020-02-07 15:31:56 - [TEST_STEP][PASSED] - if (verifyElementPresent(findTestObject("Page_Reevio Video Maker/Editor_Scene_" + i), 0) == true): null

2020-02-07 15:31:56 - [MESSAGE][WARNING] - Timeout '0' is invalid. Using default page load timeout: '1'

2020-02-07 15:31:56 - [MESSAGE][PASSED] - Object 'Object Repository/Page_Reevio Video Maker/Editor_Scene_1' is present

2020-02-07 15:31:56 - [TEST_STEP][PASSED] - doubleClick(findTestObject("Page_Reevio Video Maker/Editor_Scene_" + i)): Object: 'Object Repository/Page_Reevio Video Maker/Editor_Scene_1' is double clicked on

2020-02-07 15:31:56 - [MESSAGE][PASSED] - Object: 'Object Repository/Page_Reevio Video Maker/Editor_Scene_1' is double clicked on

2020-02-07 15:31:56 - [TEST_STEP][FAILED] - for ([j = 1, j < 7, (j++)]): null

2020-02-07 15:31:56 - [TEST_STEP][FAILED] - if (verifyElementInViewport(findTestObject("Add video in placeholers/Placeholders/div_Add media here_" + j), 0) == true): Object 'Object Repository/Add video in placeholers/Placeholders/div_Add media here_1' is not present (Root cause: com.kms.katalon.core.exception.StepFailedException: Object 'Object Repository/Add video in placeholers/Placeholders/div_Add media here_1' is not present
	at com.kms.katalon.core.webui.keyword.internal.WebUIKeywordMain.stepFailed(WebUIKeywordMain.groovy:64)
	at com.kms.katalon.core.webui.keyword.builtin.VerifyElementVisibleInViewportKeyword$_verifyElementVisibleInViewport_closure1.doCall(VerifyElementVisibleInViewportKeyword.groovy:83)
	at com.kms.katalon.core.webui.keyword.builtin.VerifyElementVisibleInViewportKeyword$_verifyElementVisibleInViewport_closure1.call(VerifyElementVisibleInViewportKeyword.groovy)
	at com.kms.katalon.core.webui.keyword.internal.WebUIKeywordMain.runKeyword(WebUIKeywordMain.groovy:20)
	at com.kms.katalon.core.webui.keyword.builtin.VerifyElementVisibleInViewportKeyword.verifyElementVisibleInViewport(VerifyElementVisibleInViewportKeyword.groovy:86)
	at com.kms.katalon.core.webui.keyword.builtin.VerifyElementVisibleInViewportKeyword.execute(VerifyElementVisibleInViewportKeyword.groovy:68)
	at com.kms.katalon.core.keyword.internal.KeywordExecutor.executeKeywordForPlatform(KeywordExecutor.groovy:72)
	at com.kms.katalon.core.webui.keyword.WebUiBuiltInKeywords.verifyElementInViewport(WebUiBuiltInKeywords.groovy:3039)
	at com.kms.katalon.core.webui.keyword.WebUiBuiltInKeywords$verifyElementInViewport$14.call(Unknown Source)
	at Video adding in placeholder (double cycle) 1-30.run(Video adding in placeholder (double cycle) 1-30:31)
	at com.kms.katalon.core.main.ScriptEngine.run(ScriptEngine.java:194)
	at com.kms.katalon.core.main.ScriptEngine.runScriptAsRawText(ScriptEngine.java:119)
	at com.kms.katalon.core.main.TestCaseExecutor.runScript(TestCaseExecutor.java:337)
	at com.kms.katalon.core.main.TestCaseExecutor.doExecute(TestCaseExecutor.java:328)
	at com.kms.katalon.core.main.TestCaseExecutor.processExecutionPhase(TestCaseExecutor.java:307)
	at com.kms.katalon.core.main.TestCaseExecutor.accessMainPhase(TestCaseExecutor.java:299)
	at com.kms.katalon.core.main.TestCaseExecutor.execute(TestCaseExecutor.java:233)
	at com.kms.katalon.core.main.TestSuiteExecutor.accessTestCaseMainPhase(TestSuiteExecutor.java:169)
	at com.kms.katalon.core.main.TestSuiteExecutor.accessTestSuiteMainPhase(TestSuiteExecutor.java:142)
	at com.kms.katalon.core.main.TestSuiteExecutor.execute(TestSuiteExecutor.java:91)
	at com.kms.katalon.core.main.TestCaseMain.startTestSuite(TestCaseMain.java:157)
	at com.kms.katalon.core.main.TestCaseMain$startTestSuite$0.call(Unknown Source)
	at TempTestSuite1581081710748.run(TempTestSuite1581081710748.groovy:36)
)

2020-02-07 15:31:56 - [MESSAGE][WARNING] - Timeout '0' is invalid. Using default page load timeout: '1'

2020-02-07 15:31:58 - [MESSAGE][INFO] - Unable to find the element located by 'By.xpath: //div[@class = 'current-slide active-slide']//*[@data-vidpk][1]'. Please recheck the objects properties to make sure the desired element is located. 

2020-02-07 15:31:58 - [MESSAGE][FAILED] - Object 'Object Repository/Add video in placeholers/Placeholders/div_Add media here_1' is not present (Root cause: com.kms.katalon.core.exception.StepFailedException: Object 'Object Repository/Add video in placeholers/Placeholders/div_Add media here_1' is not present
	at com.kms.katalon.core.webui.keyword.internal.WebUIKeywordMain.stepFailed(WebUIKeywordMain.groovy:64)
	at com.kms.katalon.core.webui.keyword.builtin.VerifyElementVisibleInViewportKeyword$_verifyElementVisibleInViewport_closure1.doCall(VerifyElementVisibleInViewportKeyword.groovy:83)
	at com.kms.katalon.core.webui.keyword.builtin.VerifyElementVisibleInViewportKeyword$_verifyElementVisibleInViewport_closure1.call(VerifyElementVisibleInViewportKeyword.groovy)
	at com.kms.katalon.core.webui.keyword.internal.WebUIKeywordMain.runKeyword(WebUIKeywordMain.groovy:20)
	at com.kms.katalon.core.webui.keyword.builtin.VerifyElementVisibleInViewportKeyword.verifyElementVisibleInViewport(VerifyElementVisibleInViewportKeyword.groovy:86)
	at com.kms.katalon.core.webui.keyword.builtin.VerifyElementVisibleInViewportKeyword.execute(VerifyElementVisibleInViewportKeyword.groovy:68)
	at com.kms.katalon.core.keyword.internal.KeywordExecutor.executeKeywordForPlatform(KeywordExecutor.groovy:72)
	at com.kms.katalon.core.webui.keyword.WebUiBuiltInKeywords.verifyElementInViewport(WebUiBuiltInKeywords.groovy:3039)
	at com.kms.katalon.core.webui.keyword.WebUiBuiltInKeywords$verifyElementInViewport$14.call(Unknown Source)
	at Video adding in placeholder (double cycle) 1-30.run(Video adding in placeholder (double cycle) 1-30:31)
	at com.kms.katalon.core.main.ScriptEngine.run(ScriptEngine.java:194)
	at com.kms.katalon.core.main.ScriptEngine.runScriptAsRawText(ScriptEngine.java:119)
	at com.kms.katalon.core.main.TestCaseExecutor.runScript(TestCaseExecutor.java:337)
	at com.kms.katalon.core.main.TestCaseExecutor.doExecute(TestCaseExecutor.java:328)
	at com.kms.katalon.core.main.TestCaseExecutor.processExecutionPhase(TestCaseExecutor.java:307)
	at com.kms.katalon.core.main.TestCaseExecutor.accessMainPhase(TestCaseExecutor.java:299)
	at com.kms.katalon.core.main.TestCaseExecutor.execute(TestCaseExecutor.java:233)
	at com.kms.katalon.core.main.TestSuiteExecutor.accessTestCaseMainPhase(TestSuiteExecutor.java:169)
	at com.kms.katalon.core.main.TestSuiteExecutor.accessTestSuiteMainPhase(TestSuiteExecutor.java:142)
	at com.kms.katalon.core.main.TestSuiteExecutor.execute(TestSuiteExecutor.java:91)
	at com.kms.katalon.core.main.TestCaseMain.startTestSuite(TestCaseMain.java:157)
	at com.kms.katalon.core.main.TestCaseMain$startTestSuite$0.call(Unknown Source)
	at TempTestSuite1581081710748.run(TempTestSuite1581081710748.groovy:36)
)

2020-02-07 15:31:58 - [TEST_STEP][PASSED] - else: null

2020-02-07 15:31:58 - [TEST_STEP][PASSED] - break: null

2020-02-07 15:31:58 - [TEST_STEP][PASSED] - if (verifyElementPresent(findTestObject("Page_Reevio Video Maker/Editor_Scene_" + i), 0) == true): null

2020-02-07 15:31:58 - [MESSAGE][WARNING] - Timeout '0' is invalid. Using default page load timeout: '1'

2020-02-07 15:31:58 - [MESSAGE][PASSED] - Object 'Object Repository/Page_Reevio Video Maker/Editor_Scene_1' is present

2020-02-07 15:31:58 - [TEST_STEP][PASSED] - doubleClick(findTestObject("Page_Reevio Video Maker/Editor_Scene_" + i)): Object: 'Object Repository/Page_Reevio Video Maker/Editor_Scene_1' is double clicked on

2020-02-07 15:31:58 - [MESSAGE][PASSED] - Object: 'Object Repository/Page_Reevio Video Maker/Editor_Scene_1' is double clicked on

2020-02-07 15:31:58 - [TEST_STEP][FAILED] - if (verifyElementInViewport(findTestObject("Object Repository/Page_Login/logoPlaceholder1"), 0)): Object 'Object Repository/Page_Login/logoPlaceholder1' is not present (Root cause: com.kms.katalon.core.exception.StepFailedException: Object 'Object Repository/Page_Login/logoPlaceholder1' is not present
	at com.kms.katalon.core.webui.keyword.internal.WebUIKeywordMain.stepFailed(WebUIKeywordMain.groovy:64)
	at com.kms.katalon.core.webui.keyword.builtin.VerifyElementVisibleInViewportKeyword$_verifyElementVisibleInViewport_closure1.doCall(VerifyElementVisibleInViewportKeyword.groovy:83)
	at com.kms.katalon.core.webui.keyword.builtin.VerifyElementVisibleInViewportKeyword$_verifyElementVisibleInViewport_closure1.call(VerifyElementVisibleInViewportKeyword.groovy)
	at com.kms.katalon.core.webui.keyword.internal.WebUIKeywordMain.runKeyword(WebUIKeywordMain.groovy:20)
	at com.kms.katalon.core.webui.keyword.builtin.VerifyElementVisibleInViewportKeyword.verifyElementVisibleInViewport(VerifyElementVisibleInViewportKeyword.groovy:86)
	at com.kms.katalon.core.webui.keyword.builtin.VerifyElementVisibleInViewportKeyword.execute(VerifyElementVisibleInViewportKeyword.groovy:68)
	at com.kms.katalon.core.keyword.internal.KeywordExecutor.executeKeywordForPlatform(KeywordExecutor.groovy:72)
	at com.kms.katalon.core.webui.keyword.WebUiBuiltInKeywords.verifyElementInViewport(WebUiBuiltInKeywords.groovy:3039)
	at com.kms.katalon.core.webui.keyword.WebUiBuiltInKeywords$verifyElementInViewport$14.call(Unknown Source)
	at Video adding in placeholder (double cycle) 1-30.run(Video adding in placeholder (double cycle) 1-30:121)
	at com.kms.katalon.core.main.ScriptEngine.run(ScriptEngine.java:194)
	at com.kms.katalon.core.main.ScriptEngine.runScriptAsRawText(ScriptEngine.java:119)
	at com.kms.katalon.core.main.TestCaseExecutor.runScript(TestCaseExecutor.java:337)
	at com.kms.katalon.core.main.TestCaseExecutor.doExecute(TestCaseExecutor.java:328)
	at com.kms.katalon.core.main.TestCaseExecutor.processExecutionPhase(TestCaseExecutor.java:307)
	at com.kms.katalon.core.main.TestCaseExecutor.accessMainPhase(TestCaseExecutor.java:299)
	at com.kms.katalon.core.main.TestCaseExecutor.execute(TestCaseExecutor.java:233)
	at com.kms.katalon.core.main.TestSuiteExecutor.accessTestCaseMainPhase(TestSuiteExecutor.java:169)
	at com.kms.katalon.core.main.TestSuiteExecutor.accessTestSuiteMainPhase(TestSuiteExecutor.java:142)
	at com.kms.katalon.core.main.TestSuiteExecutor.execute(TestSuiteExecutor.java:91)
	at com.kms.katalon.core.main.TestCaseMain.startTestSuite(TestCaseMain.java:157)
	at com.kms.katalon.core.main.TestCaseMain$startTestSuite$0.call(Unknown Source)
	at TempTestSuite1581081710748.run(TempTestSuite1581081710748.groovy:36)
)

2020-02-07 15:31:58 - [MESSAGE][WARNING] - Timeout '0' is invalid. Using default page load timeout: '1'

2020-02-07 15:31:59 - [MESSAGE][INFO] - Unable to find the element located by 'By.xpath: //div[@class = 'current-slide active-slide']//div[@class="uploded-pic frame ui-droppable"]'. Please recheck the objects properties to make sure the desired element is located. 

2020-02-07 15:31:59 - [MESSAGE][FAILED] - Object 'Object Repository/Page_Login/logoPlaceholder1' is not present (Root cause: com.kms.katalon.core.exception.StepFailedException: Object 'Object Repository/Page_Login/logoPlaceholder1' is not present
	at com.kms.katalon.core.webui.keyword.internal.WebUIKeywordMain.stepFailed(WebUIKeywordMain.groovy:64)
	at com.kms.katalon.core.webui.keyword.builtin.VerifyElementVisibleInViewportKeyword$_verifyElementVisibleInViewport_closure1.doCall(VerifyElementVisibleInViewportKeyword.groovy:83)
	at com.kms.katalon.core.webui.keyword.builtin.VerifyElementVisibleInViewportKeyword$_verifyElementVisibleInViewport_closure1.call(VerifyElementVisibleInViewportKeyword.groovy)
	at com.kms.katalon.core.webui.keyword.internal.WebUIKeywordMain.runKeyword(WebUIKeywordMain.groovy:20)
	at com.kms.katalon.core.webui.keyword.builtin.VerifyElementVisibleInViewportKeyword.verifyElementVisibleInViewport(VerifyElementVisibleInViewportKeyword.groovy:86)
	at com.kms.katalon.core.webui.keyword.builtin.VerifyElementVisibleInViewportKeyword.execute(VerifyElementVisibleInViewportKeyword.groovy:68)
	at com.kms.katalon.core.keyword.internal.KeywordExecutor.executeKeywordForPlatform(KeywordExecutor.groovy:72)
	at com.kms.katalon.core.webui.keyword.WebUiBuiltInKeywords.verifyElementInViewport(WebUiBuiltInKeywords.groovy:3039)
	at com.kms.katalon.core.webui.keyword.WebUiBuiltInKeywords$verifyElementInViewport$14.call(Unknown Source)
	at Video adding in placeholder (double cycle) 1-30.run(Video adding in placeholder (double cycle) 1-30:121)
	at com.kms.katalon.core.main.ScriptEngine.run(ScriptEngine.java:194)
	at com.kms.katalon.core.main.ScriptEngine.runScriptAsRawText(ScriptEngine.java:119)
	at com.kms.katalon.core.main.TestCaseExecutor.runScript(TestCaseExecutor.java:337)
	at com.kms.katalon.core.main.TestCaseExecutor.doExecute(TestCaseExecutor.java:328)
	at com.kms.katalon.core.main.TestCaseExecutor.processExecutionPhase(TestCaseExecutor.java:307)
	at com.kms.katalon.core.main.TestCaseExecutor.accessMainPhase(TestCaseExecutor.java:299)
	at com.kms.katalon.core.main.TestCaseExecutor.execute(TestCaseExecutor.java:233)
	at com.kms.katalon.core.main.TestSuiteExecutor.accessTestCaseMainPhase(TestSuiteExecutor.java:169)
	at com.kms.katalon.core.main.TestSuiteExecutor.accessTestSuiteMainPhase(TestSuiteExecutor.java:142)
	at com.kms.katalon.core.main.TestSuiteExecutor.execute(TestSuiteExecutor.java:91)
	at com.kms.katalon.core.main.TestCaseMain.startTestSuite(TestCaseMain.java:157)
	at com.kms.katalon.core.main.TestCaseMain$startTestSuite$0.call(Unknown Source)
	at TempTestSuite1581081710748.run(TempTestSuite1581081710748.groovy:36)
)

2020-02-07 15:31:59 - [TEST_STEP][PASSED] - if (verifyElementPresent(findTestObject("Page_Reevio Video Maker/Editor_Scene_" + i), 0) == true): null

2020-02-07 15:31:59 - [MESSAGE][WARNING] - Timeout '0' is invalid. Using default page load timeout: '1'

2020-02-07 15:31:59 - [MESSAGE][PASSED] - Object 'Object Repository/Page_Reevio Video Maker/Editor_Scene_2' is present

2020-02-07 15:31:59 - [TEST_STEP][PASSED] - doubleClick(findTestObject("Page_Reevio Video Maker/Editor_Scene_" + i)): Object: 'Object Repository/Page_Reevio Video Maker/Editor_Scene_2' is double clicked on

2020-02-07 15:32:00 - [MESSAGE][PASSED] - Object: 'Object Repository/Page_Reevio Video Maker/Editor_Scene_2' is double clicked on

2020-02-07 15:32:00 - [TEST_STEP][FAILED] - for ([j = 1, j < 7, (j++)]): null

2020-02-07 15:32:00 - [TEST_STEP][FAILED] - if (verifyElementInViewport(findTestObject("Add video in placeholers/Placeholders/div_Add media here_" + j), 0) == true): Object 'Object Repository/Add video in placeholers/Placeholders/div_Add media here_1' is not present (Root cause: com.kms.katalon.core.exception.StepFailedException: Object 'Object Repository/Add video in placeholers/Placeholders/div_Add media here_1' is not present
	at com.kms.katalon.core.webui.keyword.internal.WebUIKeywordMain.stepFailed(WebUIKeywordMain.groovy:64)
	at com.kms.katalon.core.webui.keyword.builtin.VerifyElementVisibleInViewportKeyword$_verifyElementVisibleInViewport_closure1.doCall(VerifyElementVisibleInViewportKeyword.groovy:83)
	at com.kms.katalon.core.webui.keyword.builtin.VerifyElementVisibleInViewportKeyword$_verifyElementVisibleInViewport_closure1.call(VerifyElementVisibleInViewportKeyword.groovy)
	at com.kms.katalon.core.webui.keyword.internal.WebUIKeywordMain.runKeyword(WebUIKeywordMain.groovy:20)
	at com.kms.katalon.core.webui.keyword.builtin.VerifyElementVisibleInViewportKeyword.verifyElementVisibleInViewport(VerifyElementVisibleInViewportKeyword.groovy:86)
	at com.kms.katalon.core.webui.keyword.builtin.VerifyElementVisibleInViewportKeyword.execute(VerifyElementVisibleInViewportKeyword.groovy:68)
	at com.kms.katalon.core.keyword.internal.KeywordExecutor.executeKeywordForPlatform(KeywordExecutor.groovy:72)
	at com.kms.katalon.core.webui.keyword.WebUiBuiltInKeywords.verifyElementInViewport(WebUiBuiltInKeywords.groovy:3039)
	at com.kms.katalon.core.webui.keyword.WebUiBuiltInKeywords$verifyElementInViewport$14.call(Unknown Source)
	at Video adding in placeholder (double cycle) 1-30.run(Video adding in placeholder (double cycle) 1-30:31)
	at com.kms.katalon.core.main.ScriptEngine.run(ScriptEngine.java:194)
	at com.kms.katalon.core.main.ScriptEngine.runScriptAsRawText(ScriptEngine.java:119)
	at com.kms.katalon.core.main.TestCaseExecutor.runScript(TestCaseExecutor.java:337)
	at com.kms.katalon.core.main.TestCaseExecutor.doExecute(TestCaseExecutor.java:328)
	at com.kms.katalon.core.main.TestCaseExecutor.processExecutionPhase(TestCaseExecutor.java:307)
	at com.kms.katalon.core.main.TestCaseExecutor.accessMainPhase(TestCaseExecutor.java:299)
	at com.kms.katalon.core.main.TestCaseExecutor.execute(TestCaseExecutor.java:233)
	at com.kms.katalon.core.main.TestSuiteExecutor.accessTestCaseMainPhase(TestSuiteExecutor.java:169)
	at com.kms.katalon.core.main.TestSuiteExecutor.accessTestSuiteMainPhase(TestSuiteExecutor.java:142)
	at com.kms.katalon.core.main.TestSuiteExecutor.execute(TestSuiteExecutor.java:91)
	at com.kms.katalon.core.main.TestCaseMain.startTestSuite(TestCaseMain.java:157)
	at com.kms.katalon.core.main.TestCaseMain$startTestSuite$0.call(Unknown Source)
	at TempTestSuite1581081710748.run(TempTestSuite1581081710748.groovy:36)
)

2020-02-07 15:32:00 - [MESSAGE][WARNING] - Timeout '0' is invalid. Using default page load timeout: '1'

2020-02-07 15:32:01 - [MESSAGE][INFO] - Unable to find the element located by 'By.xpath: //div[@class = 'current-slide active-slide']//*[@data-vidpk][1]'. Please recheck the objects properties to make sure the desired element is located. 

2020-02-07 15:32:01 - [MESSAGE][FAILED] - Object 'Object Repository/Add video in placeholers/Placeholders/div_Add media here_1' is not present (Root cause: com.kms.katalon.core.exception.StepFailedException: Object 'Object Repository/Add video in placeholers/Placeholders/div_Add media here_1' is not present
	at com.kms.katalon.core.webui.keyword.internal.WebUIKeywordMain.stepFailed(WebUIKeywordMain.groovy:64)
	at com.kms.katalon.core.webui.keyword.builtin.VerifyElementVisibleInViewportKeyword$_verifyElementVisibleInViewport_closure1.doCall(VerifyElementVisibleInViewportKeyword.groovy:83)
	at com.kms.katalon.core.webui.keyword.builtin.VerifyElementVisibleInViewportKeyword$_verifyElementVisibleInViewport_closure1.call(VerifyElementVisibleInViewportKeyword.groovy)
	at com.kms.katalon.core.webui.keyword.internal.WebUIKeywordMain.runKeyword(WebUIKeywordMain.groovy:20)
	at com.kms.katalon.core.webui.keyword.builtin.VerifyElementVisibleInViewportKeyword.verifyElementVisibleInViewport(VerifyElementVisibleInViewportKeyword.groovy:86)
	at com.kms.katalon.core.webui.keyword.builtin.VerifyElementVisibleInViewportKeyword.execute(VerifyElementVisibleInViewportKeyword.groovy:68)
	at com.kms.katalon.core.keyword.internal.KeywordExecutor.executeKeywordForPlatform(KeywordExecutor.groovy:72)
	at com.kms.katalon.core.webui.keyword.WebUiBuiltInKeywords.verifyElementInViewport(WebUiBuiltInKeywords.groovy:3039)
	at com.kms.katalon.core.webui.keyword.WebUiBuiltInKeywords$verifyElementInViewport$14.call(Unknown Source)
	at Video adding in placeholder (double cycle) 1-30.run(Video adding in placeholder (double cycle) 1-30:31)
	at com.kms.katalon.core.main.ScriptEngine.run(ScriptEngine.java:194)
	at com.kms.katalon.core.main.ScriptEngine.runScriptAsRawText(ScriptEngine.java:119)
	at com.kms.katalon.core.main.TestCaseExecutor.runScript(TestCaseExecutor.java:337)
	at com.kms.katalon.core.main.TestCaseExecutor.doExecute(TestCaseExecutor.java:328)
	at com.kms.katalon.core.main.TestCaseExecutor.processExecutionPhase(TestCaseExecutor.java:307)
	at com.kms.katalon.core.main.TestCaseExecutor.accessMainPhase(TestCaseExecutor.java:299)
	at com.kms.katalon.core.main.TestCaseExecutor.execute(TestCaseExecutor.java:233)
	at com.kms.katalon.core.main.TestSuiteExecutor.accessTestCaseMainPhase(TestSuiteExecutor.java:169)
	at com.kms.katalon.core.main.TestSuiteExecutor.accessTestSuiteMainPhase(TestSuiteExecutor.java:142)
	at com.kms.katalon.core.main.TestSuiteExecutor.execute(TestSuiteExecutor.java:91)
	at com.kms.katalon.core.main.TestCaseMain.startTestSuite(TestCaseMain.java:157)
	at com.kms.katalon.core.main.TestCaseMain$startTestSuite$0.call(Unknown Source)
	at TempTestSuite1581081710748.run(TempTestSuite1581081710748.groovy:36)
)

2020-02-07 15:32:01 - [TEST_STEP][PASSED] - else: null

2020-02-07 15:32:01 - [TEST_STEP][PASSED] - break: null

2020-02-07 15:32:01 - [TEST_STEP][PASSED] - if (verifyElementPresent(findTestObject("Page_Reevio Video Maker/Editor_Scene_" + i), 0) == true): null

2020-02-07 15:32:01 - [MESSAGE][WARNING] - Timeout '0' is invalid. Using default page load timeout: '1'

2020-02-07 15:32:01 - [MESSAGE][PASSED] - Object 'Object Repository/Page_Reevio Video Maker/Editor_Scene_2' is present

2020-02-07 15:32:01 - [TEST_STEP][PASSED] - doubleClick(findTestObject("Page_Reevio Video Maker/Editor_Scene_" + i)): Object: 'Object Repository/Page_Reevio Video Maker/Editor_Scene_2' is double clicked on

2020-02-07 15:32:01 - [MESSAGE][PASSED] - Object: 'Object Repository/Page_Reevio Video Maker/Editor_Scene_2' is double clicked on

2020-02-07 15:32:01 - [TEST_STEP][FAILED] - if (verifyElementInViewport(findTestObject("Object Repository/Page_Login/logoPlaceholder1"), 0)): Object 'Object Repository/Page_Login/logoPlaceholder1' is not present (Root cause: com.kms.katalon.core.exception.StepFailedException: Object 'Object Repository/Page_Login/logoPlaceholder1' is not present
	at com.kms.katalon.core.webui.keyword.internal.WebUIKeywordMain.stepFailed(WebUIKeywordMain.groovy:64)
	at com.kms.katalon.core.webui.keyword.builtin.VerifyElementVisibleInViewportKeyword$_verifyElementVisibleInViewport_closure1.doCall(VerifyElementVisibleInViewportKeyword.groovy:83)
	at com.kms.katalon.core.webui.keyword.builtin.VerifyElementVisibleInViewportKeyword$_verifyElementVisibleInViewport_closure1.call(VerifyElementVisibleInViewportKeyword.groovy)
	at com.kms.katalon.core.webui.keyword.internal.WebUIKeywordMain.runKeyword(WebUIKeywordMain.groovy:20)
	at com.kms.katalon.core.webui.keyword.builtin.VerifyElementVisibleInViewportKeyword.verifyElementVisibleInViewport(VerifyElementVisibleInViewportKeyword.groovy:86)
	at com.kms.katalon.core.webui.keyword.builtin.VerifyElementVisibleInViewportKeyword.execute(VerifyElementVisibleInViewportKeyword.groovy:68)
	at com.kms.katalon.core.keyword.internal.KeywordExecutor.executeKeywordForPlatform(KeywordExecutor.groovy:72)
	at com.kms.katalon.core.webui.keyword.WebUiBuiltInKeywords.verifyElementInViewport(WebUiBuiltInKeywords.groovy:3039)
	at com.kms.katalon.core.webui.keyword.WebUiBuiltInKeywords$verifyElementInViewport$14.call(Unknown Source)
	at Video adding in placeholder (double cycle) 1-30.run(Video adding in placeholder (double cycle) 1-30:121)
	at com.kms.katalon.core.main.ScriptEngine.run(ScriptEngine.java:194)
	at com.kms.katalon.core.main.ScriptEngine.runScriptAsRawText(ScriptEngine.java:119)
	at com.kms.katalon.core.main.TestCaseExecutor.runScript(TestCaseExecutor.java:337)
	at com.kms.katalon.core.main.TestCaseExecutor.doExecute(TestCaseExecutor.java:328)
	at com.kms.katalon.core.main.TestCaseExecutor.processExecutionPhase(TestCaseExecutor.java:307)
	at com.kms.katalon.core.main.TestCaseExecutor.accessMainPhase(TestCaseExecutor.java:299)
	at com.kms.katalon.core.main.TestCaseExecutor.execute(TestCaseExecutor.java:233)
	at com.kms.katalon.core.main.TestSuiteExecutor.accessTestCaseMainPhase(TestSuiteExecutor.java:169)
	at com.kms.katalon.core.main.TestSuiteExecutor.accessTestSuiteMainPhase(TestSuiteExecutor.java:142)
	at com.kms.katalon.core.main.TestSuiteExecutor.execute(TestSuiteExecutor.java:91)
	at com.kms.katalon.core.main.TestCaseMain.startTestSuite(TestCaseMain.java:157)
	at com.kms.katalon.core.main.TestCaseMain$startTestSuite$0.call(Unknown Source)
	at TempTestSuite1581081710748.run(TempTestSuite1581081710748.groovy:36)
)

2020-02-07 15:32:01 - [MESSAGE][WARNING] - Timeout '0' is invalid. Using default page load timeout: '1'

2020-02-07 15:32:02 - [MESSAGE][INFO] - Unable to find the element located by 'By.xpath: //div[@class = 'current-slide active-slide']//div[@class="uploded-pic frame ui-droppable"]'. Please recheck the objects properties to make sure the desired element is located. 

2020-02-07 15:32:02 - [MESSAGE][FAILED] - Object 'Object Repository/Page_Login/logoPlaceholder1' is not present (Root cause: com.kms.katalon.core.exception.StepFailedException: Object 'Object Repository/Page_Login/logoPlaceholder1' is not present
	at com.kms.katalon.core.webui.keyword.internal.WebUIKeywordMain.stepFailed(WebUIKeywordMain.groovy:64)
	at com.kms.katalon.core.webui.keyword.builtin.VerifyElementVisibleInViewportKeyword$_verifyElementVisibleInViewport_closure1.doCall(VerifyElementVisibleInViewportKeyword.groovy:83)
	at com.kms.katalon.core.webui.keyword.builtin.VerifyElementVisibleInViewportKeyword$_verifyElementVisibleInViewport_closure1.call(VerifyElementVisibleInViewportKeyword.groovy)
	at com.kms.katalon.core.webui.keyword.internal.WebUIKeywordMain.runKeyword(WebUIKeywordMain.groovy:20)
	at com.kms.katalon.core.webui.keyword.builtin.VerifyElementVisibleInViewportKeyword.verifyElementVisibleInViewport(VerifyElementVisibleInViewportKeyword.groovy:86)
	at com.kms.katalon.core.webui.keyword.builtin.VerifyElementVisibleInViewportKeyword.execute(VerifyElementVisibleInViewportKeyword.groovy:68)
	at com.kms.katalon.core.keyword.internal.KeywordExecutor.executeKeywordForPlatform(KeywordExecutor.groovy:72)
	at com.kms.katalon.core.webui.keyword.WebUiBuiltInKeywords.verifyElementInViewport(WebUiBuiltInKeywords.groovy:3039)
	at com.kms.katalon.core.webui.keyword.WebUiBuiltInKeywords$verifyElementInViewport$14.call(Unknown Source)
	at Video adding in placeholder (double cycle) 1-30.run(Video adding in placeholder (double cycle) 1-30:121)
	at com.kms.katalon.core.main.ScriptEngine.run(ScriptEngine.java:194)
	at com.kms.katalon.core.main.ScriptEngine.runScriptAsRawText(ScriptEngine.java:119)
	at com.kms.katalon.core.main.TestCaseExecutor.runScript(TestCaseExecutor.java:337)
	at com.kms.katalon.core.main.TestCaseExecutor.doExecute(TestCaseExecutor.java:328)
	at com.kms.katalon.core.main.TestCaseExecutor.processExecutionPhase(TestCaseExecutor.java:307)
	at com.kms.katalon.core.main.TestCaseExecutor.accessMainPhase(TestCaseExecutor.java:299)
	at com.kms.katalon.core.main.TestCaseExecutor.execute(TestCaseExecutor.java:233)
	at com.kms.katalon.core.main.TestSuiteExecutor.accessTestCaseMainPhase(TestSuiteExecutor.java:169)
	at com.kms.katalon.core.main.TestSuiteExecutor.accessTestSuiteMainPhase(TestSuiteExecutor.java:142)
	at com.kms.katalon.core.main.TestSuiteExecutor.execute(TestSuiteExecutor.java:91)
	at com.kms.katalon.core.main.TestCaseMain.startTestSuite(TestCaseMain.java:157)
	at com.kms.katalon.core.main.TestCaseMain$startTestSuite$0.call(Unknown Source)
	at TempTestSuite1581081710748.run(TempTestSuite1581081710748.groovy:36)
)

2020-02-07 15:32:02 - [TEST_STEP][PASSED] - if (verifyElementPresent(findTestObject("Page_Reevio Video Maker/Editor_Scene_" + i), 0) == true): null

2020-02-07 15:32:03 - [MESSAGE][WARNING] - Timeout '0' is invalid. Using default page load timeout: '1'

2020-02-07 15:32:03 - [MESSAGE][PASSED] - Object 'Object Repository/Page_Reevio Video Maker/Editor_Scene_3' is present

2020-02-07 15:32:03 - [TEST_STEP][PASSED] - doubleClick(findTestObject("Page_Reevio Video Maker/Editor_Scene_" + i)): Object: 'Object Repository/Page_Reevio Video Maker/Editor_Scene_3' is double clicked on

2020-02-07 15:32:03 - [MESSAGE][PASSED] - Object: 'Object Repository/Page_Reevio Video Maker/Editor_Scene_3' is double clicked on

2020-02-07 15:32:03 - [TEST_STEP][FAILED] - for ([j = 1, j < 7, (j++)]): null

2020-02-07 15:32:03 - [TEST_STEP][FAILED] - if (verifyElementInViewport(findTestObject("Add video in placeholers/Placeholders/div_Add media here_" + j), 0) == true): Object 'Object Repository/Add video in placeholers/Placeholders/div_Add media here_1' is not present (Root cause: com.kms.katalon.core.exception.StepFailedException: Object 'Object Repository/Add video in placeholers/Placeholders/div_Add media here_1' is not present
	at com.kms.katalon.core.webui.keyword.internal.WebUIKeywordMain.stepFailed(WebUIKeywordMain.groovy:64)
	at com.kms.katalon.core.webui.keyword.builtin.VerifyElementVisibleInViewportKeyword$_verifyElementVisibleInViewport_closure1.doCall(VerifyElementVisibleInViewportKeyword.groovy:83)
	at com.kms.katalon.core.webui.keyword.builtin.VerifyElementVisibleInViewportKeyword$_verifyElementVisibleInViewport_closure1.call(VerifyElementVisibleInViewportKeyword.groovy)
	at com.kms.katalon.core.webui.keyword.internal.WebUIKeywordMain.runKeyword(WebUIKeywordMain.groovy:20)
	at com.kms.katalon.core.webui.keyword.builtin.VerifyElementVisibleInViewportKeyword.verifyElementVisibleInViewport(VerifyElementVisibleInViewportKeyword.groovy:86)
	at com.kms.katalon.core.webui.keyword.builtin.VerifyElementVisibleInViewportKeyword.execute(VerifyElementVisibleInViewportKeyword.groovy:68)
	at com.kms.katalon.core.keyword.internal.KeywordExecutor.executeKeywordForPlatform(KeywordExecutor.groovy:72)
	at com.kms.katalon.core.webui.keyword.WebUiBuiltInKeywords.verifyElementInViewport(WebUiBuiltInKeywords.groovy:3039)
	at com.kms.katalon.core.webui.keyword.WebUiBuiltInKeywords$verifyElementInViewport$14.call(Unknown Source)
	at Video adding in placeholder (double cycle) 1-30.run(Video adding in placeholder (double cycle) 1-30:31)
	at com.kms.katalon.core.main.ScriptEngine.run(ScriptEngine.java:194)
	at com.kms.katalon.core.main.ScriptEngine.runScriptAsRawText(ScriptEngine.java:119)
	at com.kms.katalon.core.main.TestCaseExecutor.runScript(TestCaseExecutor.java:337)
	at com.kms.katalon.core.main.TestCaseExecutor.doExecute(TestCaseExecutor.java:328)
	at com.kms.katalon.core.main.TestCaseExecutor.processExecutionPhase(TestCaseExecutor.java:307)
	at com.kms.katalon.core.main.TestCaseExecutor.accessMainPhase(TestCaseExecutor.java:299)
	at com.kms.katalon.core.main.TestCaseExecutor.execute(TestCaseExecutor.java:233)
	at com.kms.katalon.core.main.TestSuiteExecutor.accessTestCaseMainPhase(TestSuiteExecutor.java:169)
	at com.kms.katalon.core.main.TestSuiteExecutor.accessTestSuiteMainPhase(TestSuiteExecutor.java:142)
	at com.kms.katalon.core.main.TestSuiteExecutor.execute(TestSuiteExecutor.java:91)
	at com.kms.katalon.core.main.TestCaseMain.startTestSuite(TestCaseMain.java:157)
	at com.kms.katalon.core.main.TestCaseMain$startTestSuite$0.call(Unknown Source)
	at TempTestSuite1581081710748.run(TempTestSuite1581081710748.groovy:36)
)

2020-02-07 15:32:03 - [MESSAGE][WARNING] - Timeout '0' is invalid. Using default page load timeout: '1'

2020-02-07 15:32:04 - [MESSAGE][INFO] - Unable to find the element located by 'By.xpath: //div[@class = 'current-slide active-slide']//*[@data-vidpk][1]'. Please recheck the objects properties to make sure the desired element is located. 

2020-02-07 15:32:04 - [MESSAGE][FAILED] - Object 'Object Repository/Add video in placeholers/Placeholders/div_Add media here_1' is not present (Root cause: com.kms.katalon.core.exception.StepFailedException: Object 'Object Repository/Add video in placeholers/Placeholders/div_Add media here_1' is not present
	at com.kms.katalon.core.webui.keyword.internal.WebUIKeywordMain.stepFailed(WebUIKeywordMain.groovy:64)
	at com.kms.katalon.core.webui.keyword.builtin.VerifyElementVisibleInViewportKeyword$_verifyElementVisibleInViewport_closure1.doCall(VerifyElementVisibleInViewportKeyword.groovy:83)
	at com.kms.katalon.core.webui.keyword.builtin.VerifyElementVisibleInViewportKeyword$_verifyElementVisibleInViewport_closure1.call(VerifyElementVisibleInViewportKeyword.groovy)
	at com.kms.katalon.core.webui.keyword.internal.WebUIKeywordMain.runKeyword(WebUIKeywordMain.groovy:20)
	at com.kms.katalon.core.webui.keyword.builtin.VerifyElementVisibleInViewportKeyword.verifyElementVisibleInViewport(VerifyElementVisibleInViewportKeyword.groovy:86)
	at com.kms.katalon.core.webui.keyword.builtin.VerifyElementVisibleInViewportKeyword.execute(VerifyElementVisibleInViewportKeyword.groovy:68)
	at com.kms.katalon.core.keyword.internal.KeywordExecutor.executeKeywordForPlatform(KeywordExecutor.groovy:72)
	at com.kms.katalon.core.webui.keyword.WebUiBuiltInKeywords.verifyElementInViewport(WebUiBuiltInKeywords.groovy:3039)
	at com.kms.katalon.core.webui.keyword.WebUiBuiltInKeywords$verifyElementInViewport$14.call(Unknown Source)
	at Video adding in placeholder (double cycle) 1-30.run(Video adding in placeholder (double cycle) 1-30:31)
	at com.kms.katalon.core.main.ScriptEngine.run(ScriptEngine.java:194)
	at com.kms.katalon.core.main.ScriptEngine.runScriptAsRawText(ScriptEngine.java:119)
	at com.kms.katalon.core.main.TestCaseExecutor.runScript(TestCaseExecutor.java:337)
	at com.kms.katalon.core.main.TestCaseExecutor.doExecute(TestCaseExecutor.java:328)
	at com.kms.katalon.core.main.TestCaseExecutor.processExecutionPhase(TestCaseExecutor.java:307)
	at com.kms.katalon.core.main.TestCaseExecutor.accessMainPhase(TestCaseExecutor.java:299)
	at com.kms.katalon.core.main.TestCaseExecutor.execute(TestCaseExecutor.java:233)
	at com.kms.katalon.core.main.TestSuiteExecutor.accessTestCaseMainPhase(TestSuiteExecutor.java:169)
	at com.kms.katalon.core.main.TestSuiteExecutor.accessTestSuiteMainPhase(TestSuiteExecutor.java:142)
	at com.kms.katalon.core.main.TestSuiteExecutor.execute(TestSuiteExecutor.java:91)
	at com.kms.katalon.core.main.TestCaseMain.startTestSuite(TestCaseMain.java:157)
	at com.kms.katalon.core.main.TestCaseMain$startTestSuite$0.call(Unknown Source)
	at TempTestSuite1581081710748.run(TempTestSuite1581081710748.groovy:36)
)

2020-02-07 15:32:04 - [TEST_STEP][PASSED] - else: null

2020-02-07 15:32:04 - [TEST_STEP][PASSED] - break: null

2020-02-07 15:32:04 - [TEST_STEP][PASSED] - if (verifyElementPresent(findTestObject("Page_Reevio Video Maker/Editor_Scene_" + i), 0) == true): null

2020-02-07 15:32:04 - [MESSAGE][WARNING] - Timeout '0' is invalid. Using default page load timeout: '1'

2020-02-07 15:32:04 - [MESSAGE][PASSED] - Object 'Object Repository/Page_Reevio Video Maker/Editor_Scene_3' is present

2020-02-07 15:32:04 - [TEST_STEP][PASSED] - doubleClick(findTestObject("Page_Reevio Video Maker/Editor_Scene_" + i)): Object: 'Object Repository/Page_Reevio Video Maker/Editor_Scene_3' is double clicked on

2020-02-07 15:32:04 - [MESSAGE][PASSED] - Object: 'Object Repository/Page_Reevio Video Maker/Editor_Scene_3' is double clicked on

2020-02-07 15:32:04 - [TEST_STEP][FAILED] - if (verifyElementInViewport(findTestObject("Object Repository/Page_Login/logoPlaceholder1"), 0)): Object 'Object Repository/Page_Login/logoPlaceholder1' is not present (Root cause: com.kms.katalon.core.exception.StepFailedException: Object 'Object Repository/Page_Login/logoPlaceholder1' is not present
	at com.kms.katalon.core.webui.keyword.internal.WebUIKeywordMain.stepFailed(WebUIKeywordMain.groovy:64)
	at com.kms.katalon.core.webui.keyword.builtin.VerifyElementVisibleInViewportKeyword$_verifyElementVisibleInViewport_closure1.doCall(VerifyElementVisibleInViewportKeyword.groovy:83)
	at com.kms.katalon.core.webui.keyword.builtin.VerifyElementVisibleInViewportKeyword$_verifyElementVisibleInViewport_closure1.call(VerifyElementVisibleInViewportKeyword.groovy)
	at com.kms.katalon.core.webui.keyword.internal.WebUIKeywordMain.runKeyword(WebUIKeywordMain.groovy:20)
	at com.kms.katalon.core.webui.keyword.builtin.VerifyElementVisibleInViewportKeyword.verifyElementVisibleInViewport(VerifyElementVisibleInViewportKeyword.groovy:86)
	at com.kms.katalon.core.webui.keyword.builtin.VerifyElementVisibleInViewportKeyword.execute(VerifyElementVisibleInViewportKeyword.groovy:68)
	at com.kms.katalon.core.keyword.internal.KeywordExecutor.executeKeywordForPlatform(KeywordExecutor.groovy:72)
	at com.kms.katalon.core.webui.keyword.WebUiBuiltInKeywords.verifyElementInViewport(WebUiBuiltInKeywords.groovy:3039)
	at com.kms.katalon.core.webui.keyword.WebUiBuiltInKeywords$verifyElementInViewport$14.call(Unknown Source)
	at Video adding in placeholder (double cycle) 1-30.run(Video adding in placeholder (double cycle) 1-30:121)
	at com.kms.katalon.core.main.ScriptEngine.run(ScriptEngine.java:194)
	at com.kms.katalon.core.main.ScriptEngine.runScriptAsRawText(ScriptEngine.java:119)
	at com.kms.katalon.core.main.TestCaseExecutor.runScript(TestCaseExecutor.java:337)
	at com.kms.katalon.core.main.TestCaseExecutor.doExecute(TestCaseExecutor.java:328)
	at com.kms.katalon.core.main.TestCaseExecutor.processExecutionPhase(TestCaseExecutor.java:307)
	at com.kms.katalon.core.main.TestCaseExecutor.accessMainPhase(TestCaseExecutor.java:299)
	at com.kms.katalon.core.main.TestCaseExecutor.execute(TestCaseExecutor.java:233)
	at com.kms.katalon.core.main.TestSuiteExecutor.accessTestCaseMainPhase(TestSuiteExecutor.java:169)
	at com.kms.katalon.core.main.TestSuiteExecutor.accessTestSuiteMainPhase(TestSuiteExecutor.java:142)
	at com.kms.katalon.core.main.TestSuiteExecutor.execute(TestSuiteExecutor.java:91)
	at com.kms.katalon.core.main.TestCaseMain.startTestSuite(TestCaseMain.java:157)
	at com.kms.katalon.core.main.TestCaseMain$startTestSuite$0.call(Unknown Source)
	at TempTestSuite1581081710748.run(TempTestSuite1581081710748.groovy:36)
)

2020-02-07 15:32:04 - [MESSAGE][WARNING] - Timeout '0' is invalid. Using default page load timeout: '1'

2020-02-07 15:32:06 - [MESSAGE][INFO] - Unable to find the element located by 'By.xpath: //div[@class = 'current-slide active-slide']//div[@class="uploded-pic frame ui-droppable"]'. Please recheck the objects properties to make sure the desired element is located. 

2020-02-07 15:32:06 - [MESSAGE][FAILED] - Object 'Object Repository/Page_Login/logoPlaceholder1' is not present (Root cause: com.kms.katalon.core.exception.StepFailedException: Object 'Object Repository/Page_Login/logoPlaceholder1' is not present
	at com.kms.katalon.core.webui.keyword.internal.WebUIKeywordMain.stepFailed(WebUIKeywordMain.groovy:64)
	at com.kms.katalon.core.webui.keyword.builtin.VerifyElementVisibleInViewportKeyword$_verifyElementVisibleInViewport_closure1.doCall(VerifyElementVisibleInViewportKeyword.groovy:83)
	at com.kms.katalon.core.webui.keyword.builtin.VerifyElementVisibleInViewportKeyword$_verifyElementVisibleInViewport_closure1.call(VerifyElementVisibleInViewportKeyword.groovy)
	at com.kms.katalon.core.webui.keyword.internal.WebUIKeywordMain.runKeyword(WebUIKeywordMain.groovy:20)
	at com.kms.katalon.core.webui.keyword.builtin.VerifyElementVisibleInViewportKeyword.verifyElementVisibleInViewport(VerifyElementVisibleInViewportKeyword.groovy:86)
	at com.kms.katalon.core.webui.keyword.builtin.VerifyElementVisibleInViewportKeyword.execute(VerifyElementVisibleInViewportKeyword.groovy:68)
	at com.kms.katalon.core.keyword.internal.KeywordExecutor.executeKeywordForPlatform(KeywordExecutor.groovy:72)
	at com.kms.katalon.core.webui.keyword.WebUiBuiltInKeywords.verifyElementInViewport(WebUiBuiltInKeywords.groovy:3039)
	at com.kms.katalon.core.webui.keyword.WebUiBuiltInKeywords$verifyElementInViewport$14.call(Unknown Source)
	at Video adding in placeholder (double cycle) 1-30.run(Video adding in placeholder (double cycle) 1-30:121)
	at com.kms.katalon.core.main.ScriptEngine.run(ScriptEngine.java:194)
	at com.kms.katalon.core.main.ScriptEngine.runScriptAsRawText(ScriptEngine.java:119)
	at com.kms.katalon.core.main.TestCaseExecutor.runScript(TestCaseExecutor.java:337)
	at com.kms.katalon.core.main.TestCaseExecutor.doExecute(TestCaseExecutor.java:328)
	at com.kms.katalon.core.main.TestCaseExecutor.processExecutionPhase(TestCaseExecutor.java:307)
	at com.kms.katalon.core.main.TestCaseExecutor.accessMainPhase(TestCaseExecutor.java:299)
	at com.kms.katalon.core.main.TestCaseExecutor.execute(TestCaseExecutor.java:233)
	at com.kms.katalon.core.main.TestSuiteExecutor.accessTestCaseMainPhase(TestSuiteExecutor.java:169)
	at com.kms.katalon.core.main.TestSuiteExecutor.accessTestSuiteMainPhase(TestSuiteExecutor.java:142)
	at com.kms.katalon.core.main.TestSuiteExecutor.execute(TestSuiteExecutor.java:91)
	at com.kms.katalon.core.main.TestCaseMain.startTestSuite(TestCaseMain.java:157)
	at com.kms.katalon.core.main.TestCaseMain$startTestSuite$0.call(Unknown Source)
	at TempTestSuite1581081710748.run(TempTestSuite1581081710748.groovy:36)
)

2020-02-07 15:32:06 - [TEST_STEP][PASSED] - if (verifyElementPresent(findTestObject("Page_Reevio Video Maker/Editor_Scene_" + i), 0) == true): null

2020-02-07 15:32:06 - [MESSAGE][WARNING] - Timeout '0' is invalid. Using default page load timeout: '1'

2020-02-07 15:32:06 - [MESSAGE][PASSED] - Object 'Object Repository/Page_Reevio Video Maker/Editor_Scene_4' is present

2020-02-07 15:32:06 - [TEST_STEP][PASSED] - doubleClick(findTestObject("Page_Reevio Video Maker/Editor_Scene_" + i)): Object: 'Object Repository/Page_Reevio Video Maker/Editor_Scene_4' is double clicked on

2020-02-07 15:32:06 - [MESSAGE][PASSED] - Object: 'Object Repository/Page_Reevio Video Maker/Editor_Scene_4' is double clicked on

2020-02-07 15:32:06 - [TEST_STEP][FAILED] - for ([j = 1, j < 7, (j++)]): null

2020-02-07 15:32:06 - [TEST_STEP][FAILED] - if (verifyElementInViewport(findTestObject("Add video in placeholers/Placeholders/div_Add media here_" + j), 0) == true): Object 'Object Repository/Add video in placeholers/Placeholders/div_Add media here_1' is not present (Root cause: com.kms.katalon.core.exception.StepFailedException: Object 'Object Repository/Add video in placeholers/Placeholders/div_Add media here_1' is not present
	at com.kms.katalon.core.webui.keyword.internal.WebUIKeywordMain.stepFailed(WebUIKeywordMain.groovy:64)
	at com.kms.katalon.core.webui.keyword.builtin.VerifyElementVisibleInViewportKeyword$_verifyElementVisibleInViewport_closure1.doCall(VerifyElementVisibleInViewportKeyword.groovy:83)
	at com.kms.katalon.core.webui.keyword.builtin.VerifyElementVisibleInViewportKeyword$_verifyElementVisibleInViewport_closure1.call(VerifyElementVisibleInViewportKeyword.groovy)
	at com.kms.katalon.core.webui.keyword.internal.WebUIKeywordMain.runKeyword(WebUIKeywordMain.groovy:20)
	at com.kms.katalon.core.webui.keyword.builtin.VerifyElementVisibleInViewportKeyword.verifyElementVisibleInViewport(VerifyElementVisibleInViewportKeyword.groovy:86)
	at com.kms.katalon.core.webui.keyword.builtin.VerifyElementVisibleInViewportKeyword.execute(VerifyElementVisibleInViewportKeyword.groovy:68)
	at com.kms.katalon.core.keyword.internal.KeywordExecutor.executeKeywordForPlatform(KeywordExecutor.groovy:72)
	at com.kms.katalon.core.webui.keyword.WebUiBuiltInKeywords.verifyElementInViewport(WebUiBuiltInKeywords.groovy:3039)
	at com.kms.katalon.core.webui.keyword.WebUiBuiltInKeywords$verifyElementInViewport$14.call(Unknown Source)
	at Video adding in placeholder (double cycle) 1-30.run(Video adding in placeholder (double cycle) 1-30:31)
	at com.kms.katalon.core.main.ScriptEngine.run(ScriptEngine.java:194)
	at com.kms.katalon.core.main.ScriptEngine.runScriptAsRawText(ScriptEngine.java:119)
	at com.kms.katalon.core.main.TestCaseExecutor.runScript(TestCaseExecutor.java:337)
	at com.kms.katalon.core.main.TestCaseExecutor.doExecute(TestCaseExecutor.java:328)
	at com.kms.katalon.core.main.TestCaseExecutor.processExecutionPhase(TestCaseExecutor.java:307)
	at com.kms.katalon.core.main.TestCaseExecutor.accessMainPhase(TestCaseExecutor.java:299)
	at com.kms.katalon.core.main.TestCaseExecutor.execute(TestCaseExecutor.java:233)
	at com.kms.katalon.core.main.TestSuiteExecutor.accessTestCaseMainPhase(TestSuiteExecutor.java:169)
	at com.kms.katalon.core.main.TestSuiteExecutor.accessTestSuiteMainPhase(TestSuiteExecutor.java:142)
	at com.kms.katalon.core.main.TestSuiteExecutor.execute(TestSuiteExecutor.java:91)
	at com.kms.katalon.core.main.TestCaseMain.startTestSuite(TestCaseMain.java:157)
	at com.kms.katalon.core.main.TestCaseMain$startTestSuite$0.call(Unknown Source)
	at TempTestSuite1581081710748.run(TempTestSuite1581081710748.groovy:36)
)

2020-02-07 15:32:06 - [MESSAGE][WARNING] - Timeout '0' is invalid. Using default page load timeout: '1'

2020-02-07 15:32:07 - [MESSAGE][INFO] - Unable to find the element located by 'By.xpath: //div[@class = 'current-slide active-slide']//*[@data-vidpk][1]'. Please recheck the objects properties to make sure the desired element is located. 

2020-02-07 15:32:07 - [MESSAGE][FAILED] - Object 'Object Repository/Add video in placeholers/Placeholders/div_Add media here_1' is not present (Root cause: com.kms.katalon.core.exception.StepFailedException: Object 'Object Repository/Add video in placeholers/Placeholders/div_Add media here_1' is not present
	at com.kms.katalon.core.webui.keyword.internal.WebUIKeywordMain.stepFailed(WebUIKeywordMain.groovy:64)
	at com.kms.katalon.core.webui.keyword.builtin.VerifyElementVisibleInViewportKeyword$_verifyElementVisibleInViewport_closure1.doCall(VerifyElementVisibleInViewportKeyword.groovy:83)
	at com.kms.katalon.core.webui.keyword.builtin.VerifyElementVisibleInViewportKeyword$_verifyElementVisibleInViewport_closure1.call(VerifyElementVisibleInViewportKeyword.groovy)
	at com.kms.katalon.core.webui.keyword.internal.WebUIKeywordMain.runKeyword(WebUIKeywordMain.groovy:20)
	at com.kms.katalon.core.webui.keyword.builtin.VerifyElementVisibleInViewportKeyword.verifyElementVisibleInViewport(VerifyElementVisibleInViewportKeyword.groovy:86)
	at com.kms.katalon.core.webui.keyword.builtin.VerifyElementVisibleInViewportKeyword.execute(VerifyElementVisibleInViewportKeyword.groovy:68)
	at com.kms.katalon.core.keyword.internal.KeywordExecutor.executeKeywordForPlatform(KeywordExecutor.groovy:72)
	at com.kms.katalon.core.webui.keyword.WebUiBuiltInKeywords.verifyElementInViewport(WebUiBuiltInKeywords.groovy:3039)
	at com.kms.katalon.core.webui.keyword.WebUiBuiltInKeywords$verifyElementInViewport$14.call(Unknown Source)
	at Video adding in placeholder (double cycle) 1-30.run(Video adding in placeholder (double cycle) 1-30:31)
	at com.kms.katalon.core.main.ScriptEngine.run(ScriptEngine.java:194)
	at com.kms.katalon.core.main.ScriptEngine.runScriptAsRawText(ScriptEngine.java:119)
	at com.kms.katalon.core.main.TestCaseExecutor.runScript(TestCaseExecutor.java:337)
	at com.kms.katalon.core.main.TestCaseExecutor.doExecute(TestCaseExecutor.java:328)
	at com.kms.katalon.core.main.TestCaseExecutor.processExecutionPhase(TestCaseExecutor.java:307)
	at com.kms.katalon.core.main.TestCaseExecutor.accessMainPhase(TestCaseExecutor.java:299)
	at com.kms.katalon.core.main.TestCaseExecutor.execute(TestCaseExecutor.java:233)
	at com.kms.katalon.core.main.TestSuiteExecutor.accessTestCaseMainPhase(TestSuiteExecutor.java:169)
	at com.kms.katalon.core.main.TestSuiteExecutor.accessTestSuiteMainPhase(TestSuiteExecutor.java:142)
	at com.kms.katalon.core.main.TestSuiteExecutor.execute(TestSuiteExecutor.java:91)
	at com.kms.katalon.core.main.TestCaseMain.startTestSuite(TestCaseMain.java:157)
	at com.kms.katalon.core.main.TestCaseMain$startTestSuite$0.call(Unknown Source)
	at TempTestSuite1581081710748.run(TempTestSuite1581081710748.groovy:36)
)

2020-02-07 15:32:07 - [TEST_STEP][PASSED] - else: null

2020-02-07 15:32:07 - [TEST_STEP][PASSED] - break: null

2020-02-07 15:32:07 - [TEST_STEP][PASSED] - if (verifyElementPresent(findTestObject("Page_Reevio Video Maker/Editor_Scene_" + i), 0) == true): null

2020-02-07 15:32:07 - [MESSAGE][WARNING] - Timeout '0' is invalid. Using default page load timeout: '1'

2020-02-07 15:32:07 - [MESSAGE][PASSED] - Object 'Object Repository/Page_Reevio Video Maker/Editor_Scene_4' is present

2020-02-07 15:32:07 - [TEST_STEP][PASSED] - doubleClick(findTestObject("Page_Reevio Video Maker/Editor_Scene_" + i)): Object: 'Object Repository/Page_Reevio Video Maker/Editor_Scene_4' is double clicked on

2020-02-07 15:32:08 - [MESSAGE][PASSED] - Object: 'Object Repository/Page_Reevio Video Maker/Editor_Scene_4' is double clicked on

2020-02-07 15:32:08 - [TEST_STEP][FAILED] - if (verifyElementInViewport(findTestObject("Object Repository/Page_Login/logoPlaceholder1"), 0)): Object 'Object Repository/Page_Login/logoPlaceholder1' is not present (Root cause: com.kms.katalon.core.exception.StepFailedException: Object 'Object Repository/Page_Login/logoPlaceholder1' is not present
	at com.kms.katalon.core.webui.keyword.internal.WebUIKeywordMain.stepFailed(WebUIKeywordMain.groovy:64)
	at com.kms.katalon.core.webui.keyword.builtin.VerifyElementVisibleInViewportKeyword$_verifyElementVisibleInViewport_closure1.doCall(VerifyElementVisibleInViewportKeyword.groovy:83)
	at com.kms.katalon.core.webui.keyword.builtin.VerifyElementVisibleInViewportKeyword$_verifyElementVisibleInViewport_closure1.call(VerifyElementVisibleInViewportKeyword.groovy)
	at com.kms.katalon.core.webui.keyword.internal.WebUIKeywordMain.runKeyword(WebUIKeywordMain.groovy:20)
	at com.kms.katalon.core.webui.keyword.builtin.VerifyElementVisibleInViewportKeyword.verifyElementVisibleInViewport(VerifyElementVisibleInViewportKeyword.groovy:86)
	at com.kms.katalon.core.webui.keyword.builtin.VerifyElementVisibleInViewportKeyword.execute(VerifyElementVisibleInViewportKeyword.groovy:68)
	at com.kms.katalon.core.keyword.internal.KeywordExecutor.executeKeywordForPlatform(KeywordExecutor.groovy:72)
	at com.kms.katalon.core.webui.keyword.WebUiBuiltInKeywords.verifyElementInViewport(WebUiBuiltInKeywords.groovy:3039)
	at com.kms.katalon.core.webui.keyword.WebUiBuiltInKeywords$verifyElementInViewport$14.call(Unknown Source)
	at Video adding in placeholder (double cycle) 1-30.run(Video adding in placeholder (double cycle) 1-30:121)
	at com.kms.katalon.core.main.ScriptEngine.run(ScriptEngine.java:194)
	at com.kms.katalon.core.main.ScriptEngine.runScriptAsRawText(ScriptEngine.java:119)
	at com.kms.katalon.core.main.TestCaseExecutor.runScript(TestCaseExecutor.java:337)
	at com.kms.katalon.core.main.TestCaseExecutor.doExecute(TestCaseExecutor.java:328)
	at com.kms.katalon.core.main.TestCaseExecutor.processExecutionPhase(TestCaseExecutor.java:307)
	at com.kms.katalon.core.main.TestCaseExecutor.accessMainPhase(TestCaseExecutor.java:299)
	at com.kms.katalon.core.main.TestCaseExecutor.execute(TestCaseExecutor.java:233)
	at com.kms.katalon.core.main.TestSuiteExecutor.accessTestCaseMainPhase(TestSuiteExecutor.java:169)
	at com.kms.katalon.core.main.TestSuiteExecutor.accessTestSuiteMainPhase(TestSuiteExecutor.java:142)
	at com.kms.katalon.core.main.TestSuiteExecutor.execute(TestSuiteExecutor.java:91)
	at com.kms.katalon.core.main.TestCaseMain.startTestSuite(TestCaseMain.java:157)
	at com.kms.katalon.core.main.TestCaseMain$startTestSuite$0.call(Unknown Source)
	at TempTestSuite1581081710748.run(TempTestSuite1581081710748.groovy:36)
)

2020-02-07 15:32:08 - [MESSAGE][WARNING] - Timeout '0' is invalid. Using default page load timeout: '1'

2020-02-07 15:32:09 - [MESSAGE][INFO] - Unable to find the element located by 'By.xpath: //div[@class = 'current-slide active-slide']//div[@class="uploded-pic frame ui-droppable"]'. Please recheck the objects properties to make sure the desired element is located. 

2020-02-07 15:32:09 - [MESSAGE][FAILED] - Object 'Object Repository/Page_Login/logoPlaceholder1' is not present (Root cause: com.kms.katalon.core.exception.StepFailedException: Object 'Object Repository/Page_Login/logoPlaceholder1' is not present
	at com.kms.katalon.core.webui.keyword.internal.WebUIKeywordMain.stepFailed(WebUIKeywordMain.groovy:64)
	at com.kms.katalon.core.webui.keyword.builtin.VerifyElementVisibleInViewportKeyword$_verifyElementVisibleInViewport_closure1.doCall(VerifyElementVisibleInViewportKeyword.groovy:83)
	at com.kms.katalon.core.webui.keyword.builtin.VerifyElementVisibleInViewportKeyword$_verifyElementVisibleInViewport_closure1.call(VerifyElementVisibleInViewportKeyword.groovy)
	at com.kms.katalon.core.webui.keyword.internal.WebUIKeywordMain.runKeyword(WebUIKeywordMain.groovy:20)
	at com.kms.katalon.core.webui.keyword.builtin.VerifyElementVisibleInViewportKeyword.verifyElementVisibleInViewport(VerifyElementVisibleInViewportKeyword.groovy:86)
	at com.kms.katalon.core.webui.keyword.builtin.VerifyElementVisibleInViewportKeyword.execute(VerifyElementVisibleInViewportKeyword.groovy:68)
	at com.kms.katalon.core.keyword.internal.KeywordExecutor.executeKeywordForPlatform(KeywordExecutor.groovy:72)
	at com.kms.katalon.core.webui.keyword.WebUiBuiltInKeywords.verifyElementInViewport(WebUiBuiltInKeywords.groovy:3039)
	at com.kms.katalon.core.webui.keyword.WebUiBuiltInKeywords$verifyElementInViewport$14.call(Unknown Source)
	at Video adding in placeholder (double cycle) 1-30.run(Video adding in placeholder (double cycle) 1-30:121)
	at com.kms.katalon.core.main.ScriptEngine.run(ScriptEngine.java:194)
	at com.kms.katalon.core.main.ScriptEngine.runScriptAsRawText(ScriptEngine.java:119)
	at com.kms.katalon.core.main.TestCaseExecutor.runScript(TestCaseExecutor.java:337)
	at com.kms.katalon.core.main.TestCaseExecutor.doExecute(TestCaseExecutor.java:328)
	at com.kms.katalon.core.main.TestCaseExecutor.processExecutionPhase(TestCaseExecutor.java:307)
	at com.kms.katalon.core.main.TestCaseExecutor.accessMainPhase(TestCaseExecutor.java:299)
	at com.kms.katalon.core.main.TestCaseExecutor.execute(TestCaseExecutor.java:233)
	at com.kms.katalon.core.main.TestSuiteExecutor.accessTestCaseMainPhase(TestSuiteExecutor.java:169)
	at com.kms.katalon.core.main.TestSuiteExecutor.accessTestSuiteMainPhase(TestSuiteExecutor.java:142)
	at com.kms.katalon.core.main.TestSuiteExecutor.execute(TestSuiteExecutor.java:91)
	at com.kms.katalon.core.main.TestCaseMain.startTestSuite(TestCaseMain.java:157)
	at com.kms.katalon.core.main.TestCaseMain$startTestSuite$0.call(Unknown Source)
	at TempTestSuite1581081710748.run(TempTestSuite1581081710748.groovy:36)
)

2020-02-07 15:32:09 - [TEST_STEP][PASSED] - if (verifyElementPresent(findTestObject("Page_Reevio Video Maker/Editor_Scene_" + i), 0) == true): null

2020-02-07 15:32:09 - [MESSAGE][WARNING] - Timeout '0' is invalid. Using default page load timeout: '1'

2020-02-07 15:32:09 - [MESSAGE][PASSED] - Object 'Object Repository/Page_Reevio Video Maker/Editor_Scene_5' is present

2020-02-07 15:32:09 - [TEST_STEP][PASSED] - doubleClick(findTestObject("Page_Reevio Video Maker/Editor_Scene_" + i)): Object: 'Object Repository/Page_Reevio Video Maker/Editor_Scene_5' is double clicked on

2020-02-07 15:32:09 - [MESSAGE][PASSED] - Object: 'Object Repository/Page_Reevio Video Maker/Editor_Scene_5' is double clicked on

2020-02-07 15:32:09 - [TEST_STEP][FAILED] - for ([j = 1, j < 7, (j++)]): null

2020-02-07 15:32:09 - [TEST_STEP][FAILED] - if (verifyElementInViewport(findTestObject("Add video in placeholers/Placeholders/div_Add media here_" + j), 0) == true): Object 'Object Repository/Add video in placeholers/Placeholders/div_Add media here_1' is not present (Root cause: com.kms.katalon.core.exception.StepFailedException: Object 'Object Repository/Add video in placeholers/Placeholders/div_Add media here_1' is not present
	at com.kms.katalon.core.webui.keyword.internal.WebUIKeywordMain.stepFailed(WebUIKeywordMain.groovy:64)
	at com.kms.katalon.core.webui.keyword.builtin.VerifyElementVisibleInViewportKeyword$_verifyElementVisibleInViewport_closure1.doCall(VerifyElementVisibleInViewportKeyword.groovy:83)
	at com.kms.katalon.core.webui.keyword.builtin.VerifyElementVisibleInViewportKeyword$_verifyElementVisibleInViewport_closure1.call(VerifyElementVisibleInViewportKeyword.groovy)
	at com.kms.katalon.core.webui.keyword.internal.WebUIKeywordMain.runKeyword(WebUIKeywordMain.groovy:20)
	at com.kms.katalon.core.webui.keyword.builtin.VerifyElementVisibleInViewportKeyword.verifyElementVisibleInViewport(VerifyElementVisibleInViewportKeyword.groovy:86)
	at com.kms.katalon.core.webui.keyword.builtin.VerifyElementVisibleInViewportKeyword.execute(VerifyElementVisibleInViewportKeyword.groovy:68)
	at com.kms.katalon.core.keyword.internal.KeywordExecutor.executeKeywordForPlatform(KeywordExecutor.groovy:72)
	at com.kms.katalon.core.webui.keyword.WebUiBuiltInKeywords.verifyElementInViewport(WebUiBuiltInKeywords.groovy:3039)
	at com.kms.katalon.core.webui.keyword.WebUiBuiltInKeywords$verifyElementInViewport$14.call(Unknown Source)
	at Video adding in placeholder (double cycle) 1-30.run(Video adding in placeholder (double cycle) 1-30:31)
	at com.kms.katalon.core.main.ScriptEngine.run(ScriptEngine.java:194)
	at com.kms.katalon.core.main.ScriptEngine.runScriptAsRawText(ScriptEngine.java:119)
	at com.kms.katalon.core.main.TestCaseExecutor.runScript(TestCaseExecutor.java:337)
	at com.kms.katalon.core.main.TestCaseExecutor.doExecute(TestCaseExecutor.java:328)
	at com.kms.katalon.core.main.TestCaseExecutor.processExecutionPhase(TestCaseExecutor.java:307)
	at com.kms.katalon.core.main.TestCaseExecutor.accessMainPhase(TestCaseExecutor.java:299)
	at com.kms.katalon.core.main.TestCaseExecutor.execute(TestCaseExecutor.java:233)
	at com.kms.katalon.core.main.TestSuiteExecutor.accessTestCaseMainPhase(TestSuiteExecutor.java:169)
	at com.kms.katalon.core.main.TestSuiteExecutor.accessTestSuiteMainPhase(TestSuiteExecutor.java:142)
	at com.kms.katalon.core.main.TestSuiteExecutor.execute(TestSuiteExecutor.java:91)
	at com.kms.katalon.core.main.TestCaseMain.startTestSuite(TestCaseMain.java:157)
	at com.kms.katalon.core.main.TestCaseMain$startTestSuite$0.call(Unknown Source)
	at TempTestSuite1581081710748.run(TempTestSuite1581081710748.groovy:36)
)

2020-02-07 15:32:09 - [MESSAGE][WARNING] - Timeout '0' is invalid. Using default page load timeout: '1'

2020-02-07 15:32:10 - [MESSAGE][INFO] - Unable to find the element located by 'By.xpath: //div[@class = 'current-slide active-slide']//*[@data-vidpk][1]'. Please recheck the objects properties to make sure the desired element is located. 

2020-02-07 15:32:10 - [MESSAGE][FAILED] - Object 'Object Repository/Add video in placeholers/Placeholders/div_Add media here_1' is not present (Root cause: com.kms.katalon.core.exception.StepFailedException: Object 'Object Repository/Add video in placeholers/Placeholders/div_Add media here_1' is not present
	at com.kms.katalon.core.webui.keyword.internal.WebUIKeywordMain.stepFailed(WebUIKeywordMain.groovy:64)
	at com.kms.katalon.core.webui.keyword.builtin.VerifyElementVisibleInViewportKeyword$_verifyElementVisibleInViewport_closure1.doCall(VerifyElementVisibleInViewportKeyword.groovy:83)
	at com.kms.katalon.core.webui.keyword.builtin.VerifyElementVisibleInViewportKeyword$_verifyElementVisibleInViewport_closure1.call(VerifyElementVisibleInViewportKeyword.groovy)
	at com.kms.katalon.core.webui.keyword.internal.WebUIKeywordMain.runKeyword(WebUIKeywordMain.groovy:20)
	at com.kms.katalon.core.webui.keyword.builtin.VerifyElementVisibleInViewportKeyword.verifyElementVisibleInViewport(VerifyElementVisibleInViewportKeyword.groovy:86)
	at com.kms.katalon.core.webui.keyword.builtin.VerifyElementVisibleInViewportKeyword.execute(VerifyElementVisibleInViewportKeyword.groovy:68)
	at com.kms.katalon.core.keyword.internal.KeywordExecutor.executeKeywordForPlatform(KeywordExecutor.groovy:72)
	at com.kms.katalon.core.webui.keyword.WebUiBuiltInKeywords.verifyElementInViewport(WebUiBuiltInKeywords.groovy:3039)
	at com.kms.katalon.core.webui.keyword.WebUiBuiltInKeywords$verifyElementInViewport$14.call(Unknown Source)
	at Video adding in placeholder (double cycle) 1-30.run(Video adding in placeholder (double cycle) 1-30:31)
	at com.kms.katalon.core.main.ScriptEngine.run(ScriptEngine.java:194)
	at com.kms.katalon.core.main.ScriptEngine.runScriptAsRawText(ScriptEngine.java:119)
	at com.kms.katalon.core.main.TestCaseExecutor.runScript(TestCaseExecutor.java:337)
	at com.kms.katalon.core.main.TestCaseExecutor.doExecute(TestCaseExecutor.java:328)
	at com.kms.katalon.core.main.TestCaseExecutor.processExecutionPhase(TestCaseExecutor.java:307)
	at com.kms.katalon.core.main.TestCaseExecutor.accessMainPhase(TestCaseExecutor.java:299)
	at com.kms.katalon.core.main.TestCaseExecutor.execute(TestCaseExecutor.java:233)
	at com.kms.katalon.core.main.TestSuiteExecutor.accessTestCaseMainPhase(TestSuiteExecutor.java:169)
	at com.kms.katalon.core.main.TestSuiteExecutor.accessTestSuiteMainPhase(TestSuiteExecutor.java:142)
	at com.kms.katalon.core.main.TestSuiteExecutor.execute(TestSuiteExecutor.java:91)
	at com.kms.katalon.core.main.TestCaseMain.startTestSuite(TestCaseMain.java:157)
	at com.kms.katalon.core.main.TestCaseMain$startTestSuite$0.call(Unknown Source)
	at TempTestSuite1581081710748.run(TempTestSuite1581081710748.groovy:36)
)

2020-02-07 15:32:10 - [TEST_STEP][PASSED] - else: null

2020-02-07 15:32:10 - [TEST_STEP][PASSED] - break: null

2020-02-07 15:32:10 - [TEST_STEP][PASSED] - if (verifyElementPresent(findTestObject("Page_Reevio Video Maker/Editor_Scene_" + i), 0) == true): null

2020-02-07 15:32:10 - [MESSAGE][WARNING] - Timeout '0' is invalid. Using default page load timeout: '1'

2020-02-07 15:32:10 - [MESSAGE][PASSED] - Object 'Object Repository/Page_Reevio Video Maker/Editor_Scene_5' is present

2020-02-07 15:32:10 - [TEST_STEP][PASSED] - doubleClick(findTestObject("Page_Reevio Video Maker/Editor_Scene_" + i)): Object: 'Object Repository/Page_Reevio Video Maker/Editor_Scene_5' is double clicked on

2020-02-07 15:32:11 - [MESSAGE][PASSED] - Object: 'Object Repository/Page_Reevio Video Maker/Editor_Scene_5' is double clicked on

2020-02-07 15:32:11 - [TEST_STEP][FAILED] - if (verifyElementInViewport(findTestObject("Object Repository/Page_Login/logoPlaceholder1"), 0)): Object 'Object Repository/Page_Login/logoPlaceholder1' is not present (Root cause: com.kms.katalon.core.exception.StepFailedException: Object 'Object Repository/Page_Login/logoPlaceholder1' is not present
	at com.kms.katalon.core.webui.keyword.internal.WebUIKeywordMain.stepFailed(WebUIKeywordMain.groovy:64)
	at com.kms.katalon.core.webui.keyword.builtin.VerifyElementVisibleInViewportKeyword$_verifyElementVisibleInViewport_closure1.doCall(VerifyElementVisibleInViewportKeyword.groovy:83)
	at com.kms.katalon.core.webui.keyword.builtin.VerifyElementVisibleInViewportKeyword$_verifyElementVisibleInViewport_closure1.call(VerifyElementVisibleInViewportKeyword.groovy)
	at com.kms.katalon.core.webui.keyword.internal.WebUIKeywordMain.runKeyword(WebUIKeywordMain.groovy:20)
	at com.kms.katalon.core.webui.keyword.builtin.VerifyElementVisibleInViewportKeyword.verifyElementVisibleInViewport(VerifyElementVisibleInViewportKeyword.groovy:86)
	at com.kms.katalon.core.webui.keyword.builtin.VerifyElementVisibleInViewportKeyword.execute(VerifyElementVisibleInViewportKeyword.groovy:68)
	at com.kms.katalon.core.keyword.internal.KeywordExecutor.executeKeywordForPlatform(KeywordExecutor.groovy:72)
	at com.kms.katalon.core.webui.keyword.WebUiBuiltInKeywords.verifyElementInViewport(WebUiBuiltInKeywords.groovy:3039)
	at com.kms.katalon.core.webui.keyword.WebUiBuiltInKeywords$verifyElementInViewport$14.call(Unknown Source)
	at Video adding in placeholder (double cycle) 1-30.run(Video adding in placeholder (double cycle) 1-30:121)
	at com.kms.katalon.core.main.ScriptEngine.run(ScriptEngine.java:194)
	at com.kms.katalon.core.main.ScriptEngine.runScriptAsRawText(ScriptEngine.java:119)
	at com.kms.katalon.core.main.TestCaseExecutor.runScript(TestCaseExecutor.java:337)
	at com.kms.katalon.core.main.TestCaseExecutor.doExecute(TestCaseExecutor.java:328)
	at com.kms.katalon.core.main.TestCaseExecutor.processExecutionPhase(TestCaseExecutor.java:307)
	at com.kms.katalon.core.main.TestCaseExecutor.accessMainPhase(TestCaseExecutor.java:299)
	at com.kms.katalon.core.main.TestCaseExecutor.execute(TestCaseExecutor.java:233)
	at com.kms.katalon.core.main.TestSuiteExecutor.accessTestCaseMainPhase(TestSuiteExecutor.java:169)
	at com.kms.katalon.core.main.TestSuiteExecutor.accessTestSuiteMainPhase(TestSuiteExecutor.java:142)
	at com.kms.katalon.core.main.TestSuiteExecutor.execute(TestSuiteExecutor.java:91)
	at com.kms.katalon.core.main.TestCaseMain.startTestSuite(TestCaseMain.java:157)
	at com.kms.katalon.core.main.TestCaseMain$startTestSuite$0.call(Unknown Source)
	at TempTestSuite1581081710748.run(TempTestSuite1581081710748.groovy:36)
)

2020-02-07 15:32:11 - [MESSAGE][WARNING] - Timeout '0' is invalid. Using default page load timeout: '1'

2020-02-07 15:32:12 - [MESSAGE][INFO] - Unable to find the element located by 'By.xpath: //div[@class = 'current-slide active-slide']//div[@class="uploded-pic frame ui-droppable"]'. Please recheck the objects properties to make sure the desired element is located. 

2020-02-07 15:32:12 - [MESSAGE][FAILED] - Object 'Object Repository/Page_Login/logoPlaceholder1' is not present (Root cause: com.kms.katalon.core.exception.StepFailedException: Object 'Object Repository/Page_Login/logoPlaceholder1' is not present
	at com.kms.katalon.core.webui.keyword.internal.WebUIKeywordMain.stepFailed(WebUIKeywordMain.groovy:64)
	at com.kms.katalon.core.webui.keyword.builtin.VerifyElementVisibleInViewportKeyword$_verifyElementVisibleInViewport_closure1.doCall(VerifyElementVisibleInViewportKeyword.groovy:83)
	at com.kms.katalon.core.webui.keyword.builtin.VerifyElementVisibleInViewportKeyword$_verifyElementVisibleInViewport_closure1.call(VerifyElementVisibleInViewportKeyword.groovy)
	at com.kms.katalon.core.webui.keyword.internal.WebUIKeywordMain.runKeyword(WebUIKeywordMain.groovy:20)
	at com.kms.katalon.core.webui.keyword.builtin.VerifyElementVisibleInViewportKeyword.verifyElementVisibleInViewport(VerifyElementVisibleInViewportKeyword.groovy:86)
	at com.kms.katalon.core.webui.keyword.builtin.VerifyElementVisibleInViewportKeyword.execute(VerifyElementVisibleInViewportKeyword.groovy:68)
	at com.kms.katalon.core.keyword.internal.KeywordExecutor.executeKeywordForPlatform(KeywordExecutor.groovy:72)
	at com.kms.katalon.core.webui.keyword.WebUiBuiltInKeywords.verifyElementInViewport(WebUiBuiltInKeywords.groovy:3039)
	at com.kms.katalon.core.webui.keyword.WebUiBuiltInKeywords$verifyElementInViewport$14.call(Unknown Source)
	at Video adding in placeholder (double cycle) 1-30.run(Video adding in placeholder (double cycle) 1-30:121)
	at com.kms.katalon.core.main.ScriptEngine.run(ScriptEngine.java:194)
	at com.kms.katalon.core.main.ScriptEngine.runScriptAsRawText(ScriptEngine.java:119)
	at com.kms.katalon.core.main.TestCaseExecutor.runScript(TestCaseExecutor.java:337)
	at com.kms.katalon.core.main.TestCaseExecutor.doExecute(TestCaseExecutor.java:328)
	at com.kms.katalon.core.main.TestCaseExecutor.processExecutionPhase(TestCaseExecutor.java:307)
	at com.kms.katalon.core.main.TestCaseExecutor.accessMainPhase(TestCaseExecutor.java:299)
	at com.kms.katalon.core.main.TestCaseExecutor.execute(TestCaseExecutor.java:233)
	at com.kms.katalon.core.main.TestSuiteExecutor.accessTestCaseMainPhase(TestSuiteExecutor.java:169)
	at com.kms.katalon.core.main.TestSuiteExecutor.accessTestSuiteMainPhase(TestSuiteExecutor.java:142)
	at com.kms.katalon.core.main.TestSuiteExecutor.execute(TestSuiteExecutor.java:91)
	at com.kms.katalon.core.main.TestCaseMain.startTestSuite(TestCaseMain.java:157)
	at com.kms.katalon.core.main.TestCaseMain$startTestSuite$0.call(Unknown Source)
	at TempTestSuite1581081710748.run(TempTestSuite1581081710748.groovy:36)
)

2020-02-07 15:32:12 - [TEST_STEP][PASSED] - if (verifyElementPresent(findTestObject("Page_Reevio Video Maker/Editor_Scene_" + i), 0) == true): null

2020-02-07 15:32:12 - [MESSAGE][WARNING] - Timeout '0' is invalid. Using default page load timeout: '1'

2020-02-07 15:32:12 - [MESSAGE][PASSED] - Object 'Object Repository/Page_Reevio Video Maker/Editor_Scene_6' is present

2020-02-07 15:32:12 - [TEST_STEP][PASSED] - doubleClick(findTestObject("Page_Reevio Video Maker/Editor_Scene_" + i)): Object: 'Object Repository/Page_Reevio Video Maker/Editor_Scene_6' is double clicked on

2020-02-07 15:32:12 - [MESSAGE][PASSED] - Object: 'Object Repository/Page_Reevio Video Maker/Editor_Scene_6' is double clicked on

2020-02-07 15:32:12 - [TEST_STEP][FAILED] - for ([j = 1, j < 7, (j++)]): null

2020-02-07 15:32:12 - [TEST_STEP][FAILED] - if (verifyElementInViewport(findTestObject("Add video in placeholers/Placeholders/div_Add media here_" + j), 0) == true): Object 'Object Repository/Add video in placeholers/Placeholders/div_Add media here_1' is not present (Root cause: com.kms.katalon.core.exception.StepFailedException: Object 'Object Repository/Add video in placeholers/Placeholders/div_Add media here_1' is not present
	at com.kms.katalon.core.webui.keyword.internal.WebUIKeywordMain.stepFailed(WebUIKeywordMain.groovy:64)
	at com.kms.katalon.core.webui.keyword.builtin.VerifyElementVisibleInViewportKeyword$_verifyElementVisibleInViewport_closure1.doCall(VerifyElementVisibleInViewportKeyword.groovy:83)
	at com.kms.katalon.core.webui.keyword.builtin.VerifyElementVisibleInViewportKeyword$_verifyElementVisibleInViewport_closure1.call(VerifyElementVisibleInViewportKeyword.groovy)
	at com.kms.katalon.core.webui.keyword.internal.WebUIKeywordMain.runKeyword(WebUIKeywordMain.groovy:20)
	at com.kms.katalon.core.webui.keyword.builtin.VerifyElementVisibleInViewportKeyword.verifyElementVisibleInViewport(VerifyElementVisibleInViewportKeyword.groovy:86)
	at com.kms.katalon.core.webui.keyword.builtin.VerifyElementVisibleInViewportKeyword.execute(VerifyElementVisibleInViewportKeyword.groovy:68)
	at com.kms.katalon.core.keyword.internal.KeywordExecutor.executeKeywordForPlatform(KeywordExecutor.groovy:72)
	at com.kms.katalon.core.webui.keyword.WebUiBuiltInKeywords.verifyElementInViewport(WebUiBuiltInKeywords.groovy:3039)
	at com.kms.katalon.core.webui.keyword.WebUiBuiltInKeywords$verifyElementInViewport$14.call(Unknown Source)
	at Video adding in placeholder (double cycle) 1-30.run(Video adding in placeholder (double cycle) 1-30:31)
	at com.kms.katalon.core.main.ScriptEngine.run(ScriptEngine.java:194)
	at com.kms.katalon.core.main.ScriptEngine.runScriptAsRawText(ScriptEngine.java:119)
	at com.kms.katalon.core.main.TestCaseExecutor.runScript(TestCaseExecutor.java:337)
	at com.kms.katalon.core.main.TestCaseExecutor.doExecute(TestCaseExecutor.java:328)
	at com.kms.katalon.core.main.TestCaseExecutor.processExecutionPhase(TestCaseExecutor.java:307)
	at com.kms.katalon.core.main.TestCaseExecutor.accessMainPhase(TestCaseExecutor.java:299)
	at com.kms.katalon.core.main.TestCaseExecutor.execute(TestCaseExecutor.java:233)
	at com.kms.katalon.core.main.TestSuiteExecutor.accessTestCaseMainPhase(TestSuiteExecutor.java:169)
	at com.kms.katalon.core.main.TestSuiteExecutor.accessTestSuiteMainPhase(TestSuiteExecutor.java:142)
	at com.kms.katalon.core.main.TestSuiteExecutor.execute(TestSuiteExecutor.java:91)
	at com.kms.katalon.core.main.TestCaseMain.startTestSuite(TestCaseMain.java:157)
	at com.kms.katalon.core.main.TestCaseMain$startTestSuite$0.call(Unknown Source)
	at TempTestSuite1581081710748.run(TempTestSuite1581081710748.groovy:36)
)

2020-02-07 15:32:12 - [MESSAGE][WARNING] - Timeout '0' is invalid. Using default page load timeout: '1'

2020-02-07 15:32:13 - [MESSAGE][INFO] - Unable to find the element located by 'By.xpath: //div[@class = 'current-slide active-slide']//*[@data-vidpk][1]'. Please recheck the objects properties to make sure the desired element is located. 

2020-02-07 15:32:13 - [MESSAGE][FAILED] - Object 'Object Repository/Add video in placeholers/Placeholders/div_Add media here_1' is not present (Root cause: com.kms.katalon.core.exception.StepFailedException: Object 'Object Repository/Add video in placeholers/Placeholders/div_Add media here_1' is not present
	at com.kms.katalon.core.webui.keyword.internal.WebUIKeywordMain.stepFailed(WebUIKeywordMain.groovy:64)
	at com.kms.katalon.core.webui.keyword.builtin.VerifyElementVisibleInViewportKeyword$_verifyElementVisibleInViewport_closure1.doCall(VerifyElementVisibleInViewportKeyword.groovy:83)
	at com.kms.katalon.core.webui.keyword.builtin.VerifyElementVisibleInViewportKeyword$_verifyElementVisibleInViewport_closure1.call(VerifyElementVisibleInViewportKeyword.groovy)
	at com.kms.katalon.core.webui.keyword.internal.WebUIKeywordMain.runKeyword(WebUIKeywordMain.groovy:20)
	at com.kms.katalon.core.webui.keyword.builtin.VerifyElementVisibleInViewportKeyword.verifyElementVisibleInViewport(VerifyElementVisibleInViewportKeyword.groovy:86)
	at com.kms.katalon.core.webui.keyword.builtin.VerifyElementVisibleInViewportKeyword.execute(VerifyElementVisibleInViewportKeyword.groovy:68)
	at com.kms.katalon.core.keyword.internal.KeywordExecutor.executeKeywordForPlatform(KeywordExecutor.groovy:72)
	at com.kms.katalon.core.webui.keyword.WebUiBuiltInKeywords.verifyElementInViewport(WebUiBuiltInKeywords.groovy:3039)
	at com.kms.katalon.core.webui.keyword.WebUiBuiltInKeywords$verifyElementInViewport$14.call(Unknown Source)
	at Video adding in placeholder (double cycle) 1-30.run(Video adding in placeholder (double cycle) 1-30:31)
	at com.kms.katalon.core.main.ScriptEngine.run(ScriptEngine.java:194)
	at com.kms.katalon.core.main.ScriptEngine.runScriptAsRawText(ScriptEngine.java:119)
	at com.kms.katalon.core.main.TestCaseExecutor.runScript(TestCaseExecutor.java:337)
	at com.kms.katalon.core.main.TestCaseExecutor.doExecute(TestCaseExecutor.java:328)
	at com.kms.katalon.core.main.TestCaseExecutor.processExecutionPhase(TestCaseExecutor.java:307)
	at com.kms.katalon.core.main.TestCaseExecutor.accessMainPhase(TestCaseExecutor.java:299)
	at com.kms.katalon.core.main.TestCaseExecutor.execute(TestCaseExecutor.java:233)
	at com.kms.katalon.core.main.TestSuiteExecutor.accessTestCaseMainPhase(TestSuiteExecutor.java:169)
	at com.kms.katalon.core.main.TestSuiteExecutor.accessTestSuiteMainPhase(TestSuiteExecutor.java:142)
	at com.kms.katalon.core.main.TestSuiteExecutor.execute(TestSuiteExecutor.java:91)
	at com.kms.katalon.core.main.TestCaseMain.startTestSuite(TestCaseMain.java:157)
	at com.kms.katalon.core.main.TestCaseMain$startTestSuite$0.call(Unknown Source)
	at TempTestSuite1581081710748.run(TempTestSuite1581081710748.groovy:36)
)

2020-02-07 15:32:13 - [TEST_STEP][PASSED] - else: null

2020-02-07 15:32:13 - [TEST_STEP][PASSED] - break: null

2020-02-07 15:32:13 - [TEST_STEP][PASSED] - if (verifyElementPresent(findTestObject("Page_Reevio Video Maker/Editor_Scene_" + i), 0) == true): null

2020-02-07 15:32:13 - [MESSAGE][WARNING] - Timeout '0' is invalid. Using default page load timeout: '1'

2020-02-07 15:32:13 - [MESSAGE][PASSED] - Object 'Object Repository/Page_Reevio Video Maker/Editor_Scene_6' is present

2020-02-07 15:32:13 - [TEST_STEP][PASSED] - doubleClick(findTestObject("Page_Reevio Video Maker/Editor_Scene_" + i)): Object: 'Object Repository/Page_Reevio Video Maker/Editor_Scene_6' is double clicked on

2020-02-07 15:32:14 - [MESSAGE][PASSED] - Object: 'Object Repository/Page_Reevio Video Maker/Editor_Scene_6' is double clicked on

2020-02-07 15:32:14 - [TEST_STEP][FAILED] - if (verifyElementInViewport(findTestObject("Object Repository/Page_Login/logoPlaceholder1"), 0)): Object 'Object Repository/Page_Login/logoPlaceholder1' is not present (Root cause: com.kms.katalon.core.exception.StepFailedException: Object 'Object Repository/Page_Login/logoPlaceholder1' is not present
	at com.kms.katalon.core.webui.keyword.internal.WebUIKeywordMain.stepFailed(WebUIKeywordMain.groovy:64)
	at com.kms.katalon.core.webui.keyword.builtin.VerifyElementVisibleInViewportKeyword$_verifyElementVisibleInViewport_closure1.doCall(VerifyElementVisibleInViewportKeyword.groovy:83)
	at com.kms.katalon.core.webui.keyword.builtin.VerifyElementVisibleInViewportKeyword$_verifyElementVisibleInViewport_closure1.call(VerifyElementVisibleInViewportKeyword.groovy)
	at com.kms.katalon.core.webui.keyword.internal.WebUIKeywordMain.runKeyword(WebUIKeywordMain.groovy:20)
	at com.kms.katalon.core.webui.keyword.builtin.VerifyElementVisibleInViewportKeyword.verifyElementVisibleInViewport(VerifyElementVisibleInViewportKeyword.groovy:86)
	at com.kms.katalon.core.webui.keyword.builtin.VerifyElementVisibleInViewportKeyword.execute(VerifyElementVisibleInViewportKeyword.groovy:68)
	at com.kms.katalon.core.keyword.internal.KeywordExecutor.executeKeywordForPlatform(KeywordExecutor.groovy:72)
	at com.kms.katalon.core.webui.keyword.WebUiBuiltInKeywords.verifyElementInViewport(WebUiBuiltInKeywords.groovy:3039)
	at com.kms.katalon.core.webui.keyword.WebUiBuiltInKeywords$verifyElementInViewport$14.call(Unknown Source)
	at Video adding in placeholder (double cycle) 1-30.run(Video adding in placeholder (double cycle) 1-30:121)
	at com.kms.katalon.core.main.ScriptEngine.run(ScriptEngine.java:194)
	at com.kms.katalon.core.main.ScriptEngine.runScriptAsRawText(ScriptEngine.java:119)
	at com.kms.katalon.core.main.TestCaseExecutor.runScript(TestCaseExecutor.java:337)
	at com.kms.katalon.core.main.TestCaseExecutor.doExecute(TestCaseExecutor.java:328)
	at com.kms.katalon.core.main.TestCaseExecutor.processExecutionPhase(TestCaseExecutor.java:307)
	at com.kms.katalon.core.main.TestCaseExecutor.accessMainPhase(TestCaseExecutor.java:299)
	at com.kms.katalon.core.main.TestCaseExecutor.execute(TestCaseExecutor.java:233)
	at com.kms.katalon.core.main.TestSuiteExecutor.accessTestCaseMainPhase(TestSuiteExecutor.java:169)
	at com.kms.katalon.core.main.TestSuiteExecutor.accessTestSuiteMainPhase(TestSuiteExecutor.java:142)
	at com.kms.katalon.core.main.TestSuiteExecutor.execute(TestSuiteExecutor.java:91)
	at com.kms.katalon.core.main.TestCaseMain.startTestSuite(TestCaseMain.java:157)
	at com.kms.katalon.core.main.TestCaseMain$startTestSuite$0.call(Unknown Source)
	at TempTestSuite1581081710748.run(TempTestSuite1581081710748.groovy:36)
)

2020-02-07 15:32:14 - [MESSAGE][WARNING] - Timeout '0' is invalid. Using default page load timeout: '1'

2020-02-07 15:32:15 - [MESSAGE][INFO] - Unable to find the element located by 'By.xpath: //div[@class = 'current-slide active-slide']//div[@class="uploded-pic frame ui-droppable"]'. Please recheck the objects properties to make sure the desired element is located. 

2020-02-07 15:32:15 - [MESSAGE][FAILED] - Object 'Object Repository/Page_Login/logoPlaceholder1' is not present (Root cause: com.kms.katalon.core.exception.StepFailedException: Object 'Object Repository/Page_Login/logoPlaceholder1' is not present
	at com.kms.katalon.core.webui.keyword.internal.WebUIKeywordMain.stepFailed(WebUIKeywordMain.groovy:64)
	at com.kms.katalon.core.webui.keyword.builtin.VerifyElementVisibleInViewportKeyword$_verifyElementVisibleInViewport_closure1.doCall(VerifyElementVisibleInViewportKeyword.groovy:83)
	at com.kms.katalon.core.webui.keyword.builtin.VerifyElementVisibleInViewportKeyword$_verifyElementVisibleInViewport_closure1.call(VerifyElementVisibleInViewportKeyword.groovy)
	at com.kms.katalon.core.webui.keyword.internal.WebUIKeywordMain.runKeyword(WebUIKeywordMain.groovy:20)
	at com.kms.katalon.core.webui.keyword.builtin.VerifyElementVisibleInViewportKeyword.verifyElementVisibleInViewport(VerifyElementVisibleInViewportKeyword.groovy:86)
	at com.kms.katalon.core.webui.keyword.builtin.VerifyElementVisibleInViewportKeyword.execute(VerifyElementVisibleInViewportKeyword.groovy:68)
	at com.kms.katalon.core.keyword.internal.KeywordExecutor.executeKeywordForPlatform(KeywordExecutor.groovy:72)
	at com.kms.katalon.core.webui.keyword.WebUiBuiltInKeywords.verifyElementInViewport(WebUiBuiltInKeywords.groovy:3039)
	at com.kms.katalon.core.webui.keyword.WebUiBuiltInKeywords$verifyElementInViewport$14.call(Unknown Source)
	at Video adding in placeholder (double cycle) 1-30.run(Video adding in placeholder (double cycle) 1-30:121)
	at com.kms.katalon.core.main.ScriptEngine.run(ScriptEngine.java:194)
	at com.kms.katalon.core.main.ScriptEngine.runScriptAsRawText(ScriptEngine.java:119)
	at com.kms.katalon.core.main.TestCaseExecutor.runScript(TestCaseExecutor.java:337)
	at com.kms.katalon.core.main.TestCaseExecutor.doExecute(TestCaseExecutor.java:328)
	at com.kms.katalon.core.main.TestCaseExecutor.processExecutionPhase(TestCaseExecutor.java:307)
	at com.kms.katalon.core.main.TestCaseExecutor.accessMainPhase(TestCaseExecutor.java:299)
	at com.kms.katalon.core.main.TestCaseExecutor.execute(TestCaseExecutor.java:233)
	at com.kms.katalon.core.main.TestSuiteExecutor.accessTestCaseMainPhase(TestSuiteExecutor.java:169)
	at com.kms.katalon.core.main.TestSuiteExecutor.accessTestSuiteMainPhase(TestSuiteExecutor.java:142)
	at com.kms.katalon.core.main.TestSuiteExecutor.execute(TestSuiteExecutor.java:91)
	at com.kms.katalon.core.main.TestCaseMain.startTestSuite(TestCaseMain.java:157)
	at com.kms.katalon.core.main.TestCaseMain$startTestSuite$0.call(Unknown Source)
	at TempTestSuite1581081710748.run(TempTestSuite1581081710748.groovy:36)
)

2020-02-07 15:32:15 - [TEST_STEP][PASSED] - if (verifyElementPresent(findTestObject("Page_Reevio Video Maker/Editor_Scene_" + i), 0) == true): null

2020-02-07 15:32:15 - [MESSAGE][WARNING] - Timeout '0' is invalid. Using default page load timeout: '1'

2020-02-07 15:32:15 - [MESSAGE][PASSED] - Object 'Object Repository/Page_Reevio Video Maker/Editor_Scene_7' is present

2020-02-07 15:32:15 - [TEST_STEP][PASSED] - doubleClick(findTestObject("Page_Reevio Video Maker/Editor_Scene_" + i)): Object: 'Object Repository/Page_Reevio Video Maker/Editor_Scene_7' is double clicked on

2020-02-07 15:32:15 - [MESSAGE][PASSED] - Object: 'Object Repository/Page_Reevio Video Maker/Editor_Scene_7' is double clicked on

2020-02-07 15:32:15 - [TEST_STEP][FAILED] - for ([j = 1, j < 7, (j++)]): null

2020-02-07 15:32:15 - [TEST_STEP][FAILED] - if (verifyElementInViewport(findTestObject("Add video in placeholers/Placeholders/div_Add media here_" + j), 0) == true): Object 'Object Repository/Add video in placeholers/Placeholders/div_Add media here_1' is not present (Root cause: com.kms.katalon.core.exception.StepFailedException: Object 'Object Repository/Add video in placeholers/Placeholders/div_Add media here_1' is not present
	at com.kms.katalon.core.webui.keyword.internal.WebUIKeywordMain.stepFailed(WebUIKeywordMain.groovy:64)
	at com.kms.katalon.core.webui.keyword.builtin.VerifyElementVisibleInViewportKeyword$_verifyElementVisibleInViewport_closure1.doCall(VerifyElementVisibleInViewportKeyword.groovy:83)
	at com.kms.katalon.core.webui.keyword.builtin.VerifyElementVisibleInViewportKeyword$_verifyElementVisibleInViewport_closure1.call(VerifyElementVisibleInViewportKeyword.groovy)
	at com.kms.katalon.core.webui.keyword.internal.WebUIKeywordMain.runKeyword(WebUIKeywordMain.groovy:20)
	at com.kms.katalon.core.webui.keyword.builtin.VerifyElementVisibleInViewportKeyword.verifyElementVisibleInViewport(VerifyElementVisibleInViewportKeyword.groovy:86)
	at com.kms.katalon.core.webui.keyword.builtin.VerifyElementVisibleInViewportKeyword.execute(VerifyElementVisibleInViewportKeyword.groovy:68)
	at com.kms.katalon.core.keyword.internal.KeywordExecutor.executeKeywordForPlatform(KeywordExecutor.groovy:72)
	at com.kms.katalon.core.webui.keyword.WebUiBuiltInKeywords.verifyElementInViewport(WebUiBuiltInKeywords.groovy:3039)
	at com.kms.katalon.core.webui.keyword.WebUiBuiltInKeywords$verifyElementInViewport$14.call(Unknown Source)
	at Video adding in placeholder (double cycle) 1-30.run(Video adding in placeholder (double cycle) 1-30:31)
	at com.kms.katalon.core.main.ScriptEngine.run(ScriptEngine.java:194)
	at com.kms.katalon.core.main.ScriptEngine.runScriptAsRawText(ScriptEngine.java:119)
	at com.kms.katalon.core.main.TestCaseExecutor.runScript(TestCaseExecutor.java:337)
	at com.kms.katalon.core.main.TestCaseExecutor.doExecute(TestCaseExecutor.java:328)
	at com.kms.katalon.core.main.TestCaseExecutor.processExecutionPhase(TestCaseExecutor.java:307)
	at com.kms.katalon.core.main.TestCaseExecutor.accessMainPhase(TestCaseExecutor.java:299)
	at com.kms.katalon.core.main.TestCaseExecutor.execute(TestCaseExecutor.java:233)
	at com.kms.katalon.core.main.TestSuiteExecutor.accessTestCaseMainPhase(TestSuiteExecutor.java:169)
	at com.kms.katalon.core.main.TestSuiteExecutor.accessTestSuiteMainPhase(TestSuiteExecutor.java:142)
	at com.kms.katalon.core.main.TestSuiteExecutor.execute(TestSuiteExecutor.java:91)
	at com.kms.katalon.core.main.TestCaseMain.startTestSuite(TestCaseMain.java:157)
	at com.kms.katalon.core.main.TestCaseMain$startTestSuite$0.call(Unknown Source)
	at TempTestSuite1581081710748.run(TempTestSuite1581081710748.groovy:36)
)

2020-02-07 15:32:15 - [MESSAGE][WARNING] - Timeout '0' is invalid. Using default page load timeout: '1'

2020-02-07 15:32:16 - [MESSAGE][INFO] - Unable to find the element located by 'By.xpath: //div[@class = 'current-slide active-slide']//*[@data-vidpk][1]'. Please recheck the objects properties to make sure the desired element is located. 

2020-02-07 15:32:16 - [MESSAGE][FAILED] - Object 'Object Repository/Add video in placeholers/Placeholders/div_Add media here_1' is not present (Root cause: com.kms.katalon.core.exception.StepFailedException: Object 'Object Repository/Add video in placeholers/Placeholders/div_Add media here_1' is not present
	at com.kms.katalon.core.webui.keyword.internal.WebUIKeywordMain.stepFailed(WebUIKeywordMain.groovy:64)
	at com.kms.katalon.core.webui.keyword.builtin.VerifyElementVisibleInViewportKeyword$_verifyElementVisibleInViewport_closure1.doCall(VerifyElementVisibleInViewportKeyword.groovy:83)
	at com.kms.katalon.core.webui.keyword.builtin.VerifyElementVisibleInViewportKeyword$_verifyElementVisibleInViewport_closure1.call(VerifyElementVisibleInViewportKeyword.groovy)
	at com.kms.katalon.core.webui.keyword.internal.WebUIKeywordMain.runKeyword(WebUIKeywordMain.groovy:20)
	at com.kms.katalon.core.webui.keyword.builtin.VerifyElementVisibleInViewportKeyword.verifyElementVisibleInViewport(VerifyElementVisibleInViewportKeyword.groovy:86)
	at com.kms.katalon.core.webui.keyword.builtin.VerifyElementVisibleInViewportKeyword.execute(VerifyElementVisibleInViewportKeyword.groovy:68)
	at com.kms.katalon.core.keyword.internal.KeywordExecutor.executeKeywordForPlatform(KeywordExecutor.groovy:72)
	at com.kms.katalon.core.webui.keyword.WebUiBuiltInKeywords.verifyElementInViewport(WebUiBuiltInKeywords.groovy:3039)
	at com.kms.katalon.core.webui.keyword.WebUiBuiltInKeywords$verifyElementInViewport$14.call(Unknown Source)
	at Video adding in placeholder (double cycle) 1-30.run(Video adding in placeholder (double cycle) 1-30:31)
	at com.kms.katalon.core.main.ScriptEngine.run(ScriptEngine.java:194)
	at com.kms.katalon.core.main.ScriptEngine.runScriptAsRawText(ScriptEngine.java:119)
	at com.kms.katalon.core.main.TestCaseExecutor.runScript(TestCaseExecutor.java:337)
	at com.kms.katalon.core.main.TestCaseExecutor.doExecute(TestCaseExecutor.java:328)
	at com.kms.katalon.core.main.TestCaseExecutor.processExecutionPhase(TestCaseExecutor.java:307)
	at com.kms.katalon.core.main.TestCaseExecutor.accessMainPhase(TestCaseExecutor.java:299)
	at com.kms.katalon.core.main.TestCaseExecutor.execute(TestCaseExecutor.java:233)
	at com.kms.katalon.core.main.TestSuiteExecutor.accessTestCaseMainPhase(TestSuiteExecutor.java:169)
	at com.kms.katalon.core.main.TestSuiteExecutor.accessTestSuiteMainPhase(TestSuiteExecutor.java:142)
	at com.kms.katalon.core.main.TestSuiteExecutor.execute(TestSuiteExecutor.java:91)
	at com.kms.katalon.core.main.TestCaseMain.startTestSuite(TestCaseMain.java:157)
	at com.kms.katalon.core.main.TestCaseMain$startTestSuite$0.call(Unknown Source)
	at TempTestSuite1581081710748.run(TempTestSuite1581081710748.groovy:36)
)

2020-02-07 15:32:16 - [TEST_STEP][PASSED] - else: null

2020-02-07 15:32:16 - [TEST_STEP][PASSED] - break: null

2020-02-07 15:32:16 - [TEST_STEP][PASSED] - if (verifyElementPresent(findTestObject("Page_Reevio Video Maker/Editor_Scene_" + i), 0) == true): null

2020-02-07 15:32:16 - [MESSAGE][WARNING] - Timeout '0' is invalid. Using default page load timeout: '1'

2020-02-07 15:32:16 - [MESSAGE][PASSED] - Object 'Object Repository/Page_Reevio Video Maker/Editor_Scene_7' is present

2020-02-07 15:32:16 - [TEST_STEP][PASSED] - doubleClick(findTestObject("Page_Reevio Video Maker/Editor_Scene_" + i)): Object: 'Object Repository/Page_Reevio Video Maker/Editor_Scene_7' is double clicked on

2020-02-07 15:32:17 - [MESSAGE][PASSED] - Object: 'Object Repository/Page_Reevio Video Maker/Editor_Scene_7' is double clicked on

2020-02-07 15:32:17 - [TEST_STEP][FAILED] - if (verifyElementInViewport(findTestObject("Object Repository/Page_Login/logoPlaceholder1"), 0)): Object 'Object Repository/Page_Login/logoPlaceholder1' is not present (Root cause: com.kms.katalon.core.exception.StepFailedException: Object 'Object Repository/Page_Login/logoPlaceholder1' is not present
	at com.kms.katalon.core.webui.keyword.internal.WebUIKeywordMain.stepFailed(WebUIKeywordMain.groovy:64)
	at com.kms.katalon.core.webui.keyword.builtin.VerifyElementVisibleInViewportKeyword$_verifyElementVisibleInViewport_closure1.doCall(VerifyElementVisibleInViewportKeyword.groovy:83)
	at com.kms.katalon.core.webui.keyword.builtin.VerifyElementVisibleInViewportKeyword$_verifyElementVisibleInViewport_closure1.call(VerifyElementVisibleInViewportKeyword.groovy)
	at com.kms.katalon.core.webui.keyword.internal.WebUIKeywordMain.runKeyword(WebUIKeywordMain.groovy:20)
	at com.kms.katalon.core.webui.keyword.builtin.VerifyElementVisibleInViewportKeyword.verifyElementVisibleInViewport(VerifyElementVisibleInViewportKeyword.groovy:86)
	at com.kms.katalon.core.webui.keyword.builtin.VerifyElementVisibleInViewportKeyword.execute(VerifyElementVisibleInViewportKeyword.groovy:68)
	at com.kms.katalon.core.keyword.internal.KeywordExecutor.executeKeywordForPlatform(KeywordExecutor.groovy:72)
	at com.kms.katalon.core.webui.keyword.WebUiBuiltInKeywords.verifyElementInViewport(WebUiBuiltInKeywords.groovy:3039)
	at com.kms.katalon.core.webui.keyword.WebUiBuiltInKeywords$verifyElementInViewport$14.call(Unknown Source)
	at Video adding in placeholder (double cycle) 1-30.run(Video adding in placeholder (double cycle) 1-30:121)
	at com.kms.katalon.core.main.ScriptEngine.run(ScriptEngine.java:194)
	at com.kms.katalon.core.main.ScriptEngine.runScriptAsRawText(ScriptEngine.java:119)
	at com.kms.katalon.core.main.TestCaseExecutor.runScript(TestCaseExecutor.java:337)
	at com.kms.katalon.core.main.TestCaseExecutor.doExecute(TestCaseExecutor.java:328)
	at com.kms.katalon.core.main.TestCaseExecutor.processExecutionPhase(TestCaseExecutor.java:307)
	at com.kms.katalon.core.main.TestCaseExecutor.accessMainPhase(TestCaseExecutor.java:299)
	at com.kms.katalon.core.main.TestCaseExecutor.execute(TestCaseExecutor.java:233)
	at com.kms.katalon.core.main.TestSuiteExecutor.accessTestCaseMainPhase(TestSuiteExecutor.java:169)
	at com.kms.katalon.core.main.TestSuiteExecutor.accessTestSuiteMainPhase(TestSuiteExecutor.java:142)
	at com.kms.katalon.core.main.TestSuiteExecutor.execute(TestSuiteExecutor.java:91)
	at com.kms.katalon.core.main.TestCaseMain.startTestSuite(TestCaseMain.java:157)
	at com.kms.katalon.core.main.TestCaseMain$startTestSuite$0.call(Unknown Source)
	at TempTestSuite1581081710748.run(TempTestSuite1581081710748.groovy:36)
)

2020-02-07 15:32:17 - [MESSAGE][WARNING] - Timeout '0' is invalid. Using default page load timeout: '1'

2020-02-07 15:32:18 - [MESSAGE][INFO] - Unable to find the element located by 'By.xpath: //div[@class = 'current-slide active-slide']//div[@class="uploded-pic frame ui-droppable"]'. Please recheck the objects properties to make sure the desired element is located. 

2020-02-07 15:32:18 - [MESSAGE][FAILED] - Object 'Object Repository/Page_Login/logoPlaceholder1' is not present (Root cause: com.kms.katalon.core.exception.StepFailedException: Object 'Object Repository/Page_Login/logoPlaceholder1' is not present
	at com.kms.katalon.core.webui.keyword.internal.WebUIKeywordMain.stepFailed(WebUIKeywordMain.groovy:64)
	at com.kms.katalon.core.webui.keyword.builtin.VerifyElementVisibleInViewportKeyword$_verifyElementVisibleInViewport_closure1.doCall(VerifyElementVisibleInViewportKeyword.groovy:83)
	at com.kms.katalon.core.webui.keyword.builtin.VerifyElementVisibleInViewportKeyword$_verifyElementVisibleInViewport_closure1.call(VerifyElementVisibleInViewportKeyword.groovy)
	at com.kms.katalon.core.webui.keyword.internal.WebUIKeywordMain.runKeyword(WebUIKeywordMain.groovy:20)
	at com.kms.katalon.core.webui.keyword.builtin.VerifyElementVisibleInViewportKeyword.verifyElementVisibleInViewport(VerifyElementVisibleInViewportKeyword.groovy:86)
	at com.kms.katalon.core.webui.keyword.builtin.VerifyElementVisibleInViewportKeyword.execute(VerifyElementVisibleInViewportKeyword.groovy:68)
	at com.kms.katalon.core.keyword.internal.KeywordExecutor.executeKeywordForPlatform(KeywordExecutor.groovy:72)
	at com.kms.katalon.core.webui.keyword.WebUiBuiltInKeywords.verifyElementInViewport(WebUiBuiltInKeywords.groovy:3039)
	at com.kms.katalon.core.webui.keyword.WebUiBuiltInKeywords$verifyElementInViewport$14.call(Unknown Source)
	at Video adding in placeholder (double cycle) 1-30.run(Video adding in placeholder (double cycle) 1-30:121)
	at com.kms.katalon.core.main.ScriptEngine.run(ScriptEngine.java:194)
	at com.kms.katalon.core.main.ScriptEngine.runScriptAsRawText(ScriptEngine.java:119)
	at com.kms.katalon.core.main.TestCaseExecutor.runScript(TestCaseExecutor.java:337)
	at com.kms.katalon.core.main.TestCaseExecutor.doExecute(TestCaseExecutor.java:328)
	at com.kms.katalon.core.main.TestCaseExecutor.processExecutionPhase(TestCaseExecutor.java:307)
	at com.kms.katalon.core.main.TestCaseExecutor.accessMainPhase(TestCaseExecutor.java:299)
	at com.kms.katalon.core.main.TestCaseExecutor.execute(TestCaseExecutor.java:233)
	at com.kms.katalon.core.main.TestSuiteExecutor.accessTestCaseMainPhase(TestSuiteExecutor.java:169)
	at com.kms.katalon.core.main.TestSuiteExecutor.accessTestSuiteMainPhase(TestSuiteExecutor.java:142)
	at com.kms.katalon.core.main.TestSuiteExecutor.execute(TestSuiteExecutor.java:91)
	at com.kms.katalon.core.main.TestCaseMain.startTestSuite(TestCaseMain.java:157)
	at com.kms.katalon.core.main.TestCaseMain$startTestSuite$0.call(Unknown Source)
	at TempTestSuite1581081710748.run(TempTestSuite1581081710748.groovy:36)
)

2020-02-07 15:32:18 - [TEST_STEP][PASSED] - if (verifyElementPresent(findTestObject("Page_Reevio Video Maker/Editor_Scene_" + i), 0) == true): null

2020-02-07 15:32:18 - [MESSAGE][WARNING] - Timeout '0' is invalid. Using default page load timeout: '1'

2020-02-07 15:32:18 - [MESSAGE][PASSED] - Object 'Object Repository/Page_Reevio Video Maker/Editor_Scene_8' is present

2020-02-07 15:32:18 - [TEST_STEP][PASSED] - doubleClick(findTestObject("Page_Reevio Video Maker/Editor_Scene_" + i)): Object: 'Object Repository/Page_Reevio Video Maker/Editor_Scene_8' is double clicked on

2020-02-07 15:32:19 - [MESSAGE][PASSED] - Object: 'Object Repository/Page_Reevio Video Maker/Editor_Scene_8' is double clicked on

2020-02-07 15:32:19 - [TEST_STEP][FAILED] - for ([j = 1, j < 7, (j++)]): null

2020-02-07 15:32:19 - [TEST_STEP][FAILED] - if (verifyElementInViewport(findTestObject("Add video in placeholers/Placeholders/div_Add media here_" + j), 0) == true): Object 'Object Repository/Add video in placeholers/Placeholders/div_Add media here_1' is not present (Root cause: com.kms.katalon.core.exception.StepFailedException: Object 'Object Repository/Add video in placeholers/Placeholders/div_Add media here_1' is not present
	at com.kms.katalon.core.webui.keyword.internal.WebUIKeywordMain.stepFailed(WebUIKeywordMain.groovy:64)
	at com.kms.katalon.core.webui.keyword.builtin.VerifyElementVisibleInViewportKeyword$_verifyElementVisibleInViewport_closure1.doCall(VerifyElementVisibleInViewportKeyword.groovy:83)
	at com.kms.katalon.core.webui.keyword.builtin.VerifyElementVisibleInViewportKeyword$_verifyElementVisibleInViewport_closure1.call(VerifyElementVisibleInViewportKeyword.groovy)
	at com.kms.katalon.core.webui.keyword.internal.WebUIKeywordMain.runKeyword(WebUIKeywordMain.groovy:20)
	at com.kms.katalon.core.webui.keyword.builtin.VerifyElementVisibleInViewportKeyword.verifyElementVisibleInViewport(VerifyElementVisibleInViewportKeyword.groovy:86)
	at com.kms.katalon.core.webui.keyword.builtin.VerifyElementVisibleInViewportKeyword.execute(VerifyElementVisibleInViewportKeyword.groovy:68)
	at com.kms.katalon.core.keyword.internal.KeywordExecutor.executeKeywordForPlatform(KeywordExecutor.groovy:72)
	at com.kms.katalon.core.webui.keyword.WebUiBuiltInKeywords.verifyElementInViewport(WebUiBuiltInKeywords.groovy:3039)
	at com.kms.katalon.core.webui.keyword.WebUiBuiltInKeywords$verifyElementInViewport$14.call(Unknown Source)
	at Video adding in placeholder (double cycle) 1-30.run(Video adding in placeholder (double cycle) 1-30:31)
	at com.kms.katalon.core.main.ScriptEngine.run(ScriptEngine.java:194)
	at com.kms.katalon.core.main.ScriptEngine.runScriptAsRawText(ScriptEngine.java:119)
	at com.kms.katalon.core.main.TestCaseExecutor.runScript(TestCaseExecutor.java:337)
	at com.kms.katalon.core.main.TestCaseExecutor.doExecute(TestCaseExecutor.java:328)
	at com.kms.katalon.core.main.TestCaseExecutor.processExecutionPhase(TestCaseExecutor.java:307)
	at com.kms.katalon.core.main.TestCaseExecutor.accessMainPhase(TestCaseExecutor.java:299)
	at com.kms.katalon.core.main.TestCaseExecutor.execute(TestCaseExecutor.java:233)
	at com.kms.katalon.core.main.TestSuiteExecutor.accessTestCaseMainPhase(TestSuiteExecutor.java:169)
	at com.kms.katalon.core.main.TestSuiteExecutor.accessTestSuiteMainPhase(TestSuiteExecutor.java:142)
	at com.kms.katalon.core.main.TestSuiteExecutor.execute(TestSuiteExecutor.java:91)
	at com.kms.katalon.core.main.TestCaseMain.startTestSuite(TestCaseMain.java:157)
	at com.kms.katalon.core.main.TestCaseMain$startTestSuite$0.call(Unknown Source)
	at TempTestSuite1581081710748.run(TempTestSuite1581081710748.groovy:36)
)

2020-02-07 15:32:19 - [MESSAGE][WARNING] - Timeout '0' is invalid. Using default page load timeout: '1'

2020-02-07 15:32:20 - [MESSAGE][INFO] - Unable to find the element located by 'By.xpath: //div[@class = 'current-slide active-slide']//*[@data-vidpk][1]'. Please recheck the objects properties to make sure the desired element is located. 

2020-02-07 15:32:20 - [MESSAGE][FAILED] - Object 'Object Repository/Add video in placeholers/Placeholders/div_Add media here_1' is not present (Root cause: com.kms.katalon.core.exception.StepFailedException: Object 'Object Repository/Add video in placeholers/Placeholders/div_Add media here_1' is not present
	at com.kms.katalon.core.webui.keyword.internal.WebUIKeywordMain.stepFailed(WebUIKeywordMain.groovy:64)
	at com.kms.katalon.core.webui.keyword.builtin.VerifyElementVisibleInViewportKeyword$_verifyElementVisibleInViewport_closure1.doCall(VerifyElementVisibleInViewportKeyword.groovy:83)
	at com.kms.katalon.core.webui.keyword.builtin.VerifyElementVisibleInViewportKeyword$_verifyElementVisibleInViewport_closure1.call(VerifyElementVisibleInViewportKeyword.groovy)
	at com.kms.katalon.core.webui.keyword.internal.WebUIKeywordMain.runKeyword(WebUIKeywordMain.groovy:20)
	at com.kms.katalon.core.webui.keyword.builtin.VerifyElementVisibleInViewportKeyword.verifyElementVisibleInViewport(VerifyElementVisibleInViewportKeyword.groovy:86)
	at com.kms.katalon.core.webui.keyword.builtin.VerifyElementVisibleInViewportKeyword.execute(VerifyElementVisibleInViewportKeyword.groovy:68)
	at com.kms.katalon.core.keyword.internal.KeywordExecutor.executeKeywordForPlatform(KeywordExecutor.groovy:72)
	at com.kms.katalon.core.webui.keyword.WebUiBuiltInKeywords.verifyElementInViewport(WebUiBuiltInKeywords.groovy:3039)
	at com.kms.katalon.core.webui.keyword.WebUiBuiltInKeywords$verifyElementInViewport$14.call(Unknown Source)
	at Video adding in placeholder (double cycle) 1-30.run(Video adding in placeholder (double cycle) 1-30:31)
	at com.kms.katalon.core.main.ScriptEngine.run(ScriptEngine.java:194)
	at com.kms.katalon.core.main.ScriptEngine.runScriptAsRawText(ScriptEngine.java:119)
	at com.kms.katalon.core.main.TestCaseExecutor.runScript(TestCaseExecutor.java:337)
	at com.kms.katalon.core.main.TestCaseExecutor.doExecute(TestCaseExecutor.java:328)
	at com.kms.katalon.core.main.TestCaseExecutor.processExecutionPhase(TestCaseExecutor.java:307)
	at com.kms.katalon.core.main.TestCaseExecutor.accessMainPhase(TestCaseExecutor.java:299)
	at com.kms.katalon.core.main.TestCaseExecutor.execute(TestCaseExecutor.java:233)
	at com.kms.katalon.core.main.TestSuiteExecutor.accessTestCaseMainPhase(TestSuiteExecutor.java:169)
	at com.kms.katalon.core.main.TestSuiteExecutor.accessTestSuiteMainPhase(TestSuiteExecutor.java:142)
	at com.kms.katalon.core.main.TestSuiteExecutor.execute(TestSuiteExecutor.java:91)
	at com.kms.katalon.core.main.TestCaseMain.startTestSuite(TestCaseMain.java:157)
	at com.kms.katalon.core.main.TestCaseMain$startTestSuite$0.call(Unknown Source)
	at TempTestSuite1581081710748.run(TempTestSuite1581081710748.groovy:36)
)

2020-02-07 15:32:20 - [TEST_STEP][PASSED] - else: null

2020-02-07 15:32:20 - [TEST_STEP][PASSED] - break: null

2020-02-07 15:32:20 - [TEST_STEP][PASSED] - if (verifyElementPresent(findTestObject("Page_Reevio Video Maker/Editor_Scene_" + i), 0) == true): null

2020-02-07 15:32:20 - [MESSAGE][WARNING] - Timeout '0' is invalid. Using default page load timeout: '1'

2020-02-07 15:32:20 - [MESSAGE][PASSED] - Object 'Object Repository/Page_Reevio Video Maker/Editor_Scene_8' is present

2020-02-07 15:32:20 - [TEST_STEP][PASSED] - doubleClick(findTestObject("Page_Reevio Video Maker/Editor_Scene_" + i)): Object: 'Object Repository/Page_Reevio Video Maker/Editor_Scene_8' is double clicked on

2020-02-07 15:32:20 - [MESSAGE][PASSED] - Object: 'Object Repository/Page_Reevio Video Maker/Editor_Scene_8' is double clicked on

2020-02-07 15:32:20 - [TEST_STEP][FAILED] - if (verifyElementInViewport(findTestObject("Object Repository/Page_Login/logoPlaceholder1"), 0)): Object 'Object Repository/Page_Login/logoPlaceholder1' is not present (Root cause: com.kms.katalon.core.exception.StepFailedException: Object 'Object Repository/Page_Login/logoPlaceholder1' is not present
	at com.kms.katalon.core.webui.keyword.internal.WebUIKeywordMain.stepFailed(WebUIKeywordMain.groovy:64)
	at com.kms.katalon.core.webui.keyword.builtin.VerifyElementVisibleInViewportKeyword$_verifyElementVisibleInViewport_closure1.doCall(VerifyElementVisibleInViewportKeyword.groovy:83)
	at com.kms.katalon.core.webui.keyword.builtin.VerifyElementVisibleInViewportKeyword$_verifyElementVisibleInViewport_closure1.call(VerifyElementVisibleInViewportKeyword.groovy)
	at com.kms.katalon.core.webui.keyword.internal.WebUIKeywordMain.runKeyword(WebUIKeywordMain.groovy:20)
	at com.kms.katalon.core.webui.keyword.builtin.VerifyElementVisibleInViewportKeyword.verifyElementVisibleInViewport(VerifyElementVisibleInViewportKeyword.groovy:86)
	at com.kms.katalon.core.webui.keyword.builtin.VerifyElementVisibleInViewportKeyword.execute(VerifyElementVisibleInViewportKeyword.groovy:68)
	at com.kms.katalon.core.keyword.internal.KeywordExecutor.executeKeywordForPlatform(KeywordExecutor.groovy:72)
	at com.kms.katalon.core.webui.keyword.WebUiBuiltInKeywords.verifyElementInViewport(WebUiBuiltInKeywords.groovy:3039)
	at com.kms.katalon.core.webui.keyword.WebUiBuiltInKeywords$verifyElementInViewport$14.call(Unknown Source)
	at Video adding in placeholder (double cycle) 1-30.run(Video adding in placeholder (double cycle) 1-30:121)
	at com.kms.katalon.core.main.ScriptEngine.run(ScriptEngine.java:194)
	at com.kms.katalon.core.main.ScriptEngine.runScriptAsRawText(ScriptEngine.java:119)
	at com.kms.katalon.core.main.TestCaseExecutor.runScript(TestCaseExecutor.java:337)
	at com.kms.katalon.core.main.TestCaseExecutor.doExecute(TestCaseExecutor.java:328)
	at com.kms.katalon.core.main.TestCaseExecutor.processExecutionPhase(TestCaseExecutor.java:307)
	at com.kms.katalon.core.main.TestCaseExecutor.accessMainPhase(TestCaseExecutor.java:299)
	at com.kms.katalon.core.main.TestCaseExecutor.execute(TestCaseExecutor.java:233)
	at com.kms.katalon.core.main.TestSuiteExecutor.accessTestCaseMainPhase(TestSuiteExecutor.java:169)
	at com.kms.katalon.core.main.TestSuiteExecutor.accessTestSuiteMainPhase(TestSuiteExecutor.java:142)
	at com.kms.katalon.core.main.TestSuiteExecutor.execute(TestSuiteExecutor.java:91)
	at com.kms.katalon.core.main.TestCaseMain.startTestSuite(TestCaseMain.java:157)
	at com.kms.katalon.core.main.TestCaseMain$startTestSuite$0.call(Unknown Source)
	at TempTestSuite1581081710748.run(TempTestSuite1581081710748.groovy:36)
)

2020-02-07 15:32:20 - [MESSAGE][WARNING] - Timeout '0' is invalid. Using default page load timeout: '1'

2020-02-07 15:32:21 - [MESSAGE][INFO] - Unable to find the element located by 'By.xpath: //div[@class = 'current-slide active-slide']//div[@class="uploded-pic frame ui-droppable"]'. Please recheck the objects properties to make sure the desired element is located. 

2020-02-07 15:32:21 - [MESSAGE][FAILED] - Object 'Object Repository/Page_Login/logoPlaceholder1' is not present (Root cause: com.kms.katalon.core.exception.StepFailedException: Object 'Object Repository/Page_Login/logoPlaceholder1' is not present
	at com.kms.katalon.core.webui.keyword.internal.WebUIKeywordMain.stepFailed(WebUIKeywordMain.groovy:64)
	at com.kms.katalon.core.webui.keyword.builtin.VerifyElementVisibleInViewportKeyword$_verifyElementVisibleInViewport_closure1.doCall(VerifyElementVisibleInViewportKeyword.groovy:83)
	at com.kms.katalon.core.webui.keyword.builtin.VerifyElementVisibleInViewportKeyword$_verifyElementVisibleInViewport_closure1.call(VerifyElementVisibleInViewportKeyword.groovy)
	at com.kms.katalon.core.webui.keyword.internal.WebUIKeywordMain.runKeyword(WebUIKeywordMain.groovy:20)
	at com.kms.katalon.core.webui.keyword.builtin.VerifyElementVisibleInViewportKeyword.verifyElementVisibleInViewport(VerifyElementVisibleInViewportKeyword.groovy:86)
	at com.kms.katalon.core.webui.keyword.builtin.VerifyElementVisibleInViewportKeyword.execute(VerifyElementVisibleInViewportKeyword.groovy:68)
	at com.kms.katalon.core.keyword.internal.KeywordExecutor.executeKeywordForPlatform(KeywordExecutor.groovy:72)
	at com.kms.katalon.core.webui.keyword.WebUiBuiltInKeywords.verifyElementInViewport(WebUiBuiltInKeywords.groovy:3039)
	at com.kms.katalon.core.webui.keyword.WebUiBuiltInKeywords$verifyElementInViewport$14.call(Unknown Source)
	at Video adding in placeholder (double cycle) 1-30.run(Video adding in placeholder (double cycle) 1-30:121)
	at com.kms.katalon.core.main.ScriptEngine.run(ScriptEngine.java:194)
	at com.kms.katalon.core.main.ScriptEngine.runScriptAsRawText(ScriptEngine.java:119)
	at com.kms.katalon.core.main.TestCaseExecutor.runScript(TestCaseExecutor.java:337)
	at com.kms.katalon.core.main.TestCaseExecutor.doExecute(TestCaseExecutor.java:328)
	at com.kms.katalon.core.main.TestCaseExecutor.processExecutionPhase(TestCaseExecutor.java:307)
	at com.kms.katalon.core.main.TestCaseExecutor.accessMainPhase(TestCaseExecutor.java:299)
	at com.kms.katalon.core.main.TestCaseExecutor.execute(TestCaseExecutor.java:233)
	at com.kms.katalon.core.main.TestSuiteExecutor.accessTestCaseMainPhase(TestSuiteExecutor.java:169)
	at com.kms.katalon.core.main.TestSuiteExecutor.accessTestSuiteMainPhase(TestSuiteExecutor.java:142)
	at com.kms.katalon.core.main.TestSuiteExecutor.execute(TestSuiteExecutor.java:91)
	at com.kms.katalon.core.main.TestCaseMain.startTestSuite(TestCaseMain.java:157)
	at com.kms.katalon.core.main.TestCaseMain$startTestSuite$0.call(Unknown Source)
	at TempTestSuite1581081710748.run(TempTestSuite1581081710748.groovy:36)
)

2020-02-07 15:32:21 - [TEST_STEP][PASSED] - if (verifyElementPresent(findTestObject("Page_Reevio Video Maker/Editor_Scene_" + i), 0) == true): null

2020-02-07 15:32:21 - [MESSAGE][WARNING] - Timeout '0' is invalid. Using default page load timeout: '1'

2020-02-07 15:32:21 - [MESSAGE][PASSED] - Object 'Object Repository/Page_Reevio Video Maker/Editor_Scene_9' is present

2020-02-07 15:32:21 - [TEST_STEP][PASSED] - doubleClick(findTestObject("Page_Reevio Video Maker/Editor_Scene_" + i)): Object: 'Object Repository/Page_Reevio Video Maker/Editor_Scene_9' is double clicked on

2020-02-07 15:32:22 - [MESSAGE][PASSED] - Object: 'Object Repository/Page_Reevio Video Maker/Editor_Scene_9' is double clicked on

2020-02-07 15:32:22 - [TEST_STEP][FAILED] - for ([j = 1, j < 7, (j++)]): null

2020-02-07 15:32:22 - [TEST_STEP][FAILED] - if (verifyElementInViewport(findTestObject("Add video in placeholers/Placeholders/div_Add media here_" + j), 0) == true): Object 'Object Repository/Add video in placeholers/Placeholders/div_Add media here_1' is not present (Root cause: com.kms.katalon.core.exception.StepFailedException: Object 'Object Repository/Add video in placeholers/Placeholders/div_Add media here_1' is not present
	at com.kms.katalon.core.webui.keyword.internal.WebUIKeywordMain.stepFailed(WebUIKeywordMain.groovy:64)
	at com.kms.katalon.core.webui.keyword.builtin.VerifyElementVisibleInViewportKeyword$_verifyElementVisibleInViewport_closure1.doCall(VerifyElementVisibleInViewportKeyword.groovy:83)
	at com.kms.katalon.core.webui.keyword.builtin.VerifyElementVisibleInViewportKeyword$_verifyElementVisibleInViewport_closure1.call(VerifyElementVisibleInViewportKeyword.groovy)
	at com.kms.katalon.core.webui.keyword.internal.WebUIKeywordMain.runKeyword(WebUIKeywordMain.groovy:20)
	at com.kms.katalon.core.webui.keyword.builtin.VerifyElementVisibleInViewportKeyword.verifyElementVisibleInViewport(VerifyElementVisibleInViewportKeyword.groovy:86)
	at com.kms.katalon.core.webui.keyword.builtin.VerifyElementVisibleInViewportKeyword.execute(VerifyElementVisibleInViewportKeyword.groovy:68)
	at com.kms.katalon.core.keyword.internal.KeywordExecutor.executeKeywordForPlatform(KeywordExecutor.groovy:72)
	at com.kms.katalon.core.webui.keyword.WebUiBuiltInKeywords.verifyElementInViewport(WebUiBuiltInKeywords.groovy:3039)
	at com.kms.katalon.core.webui.keyword.WebUiBuiltInKeywords$verifyElementInViewport$14.call(Unknown Source)
	at Video adding in placeholder (double cycle) 1-30.run(Video adding in placeholder (double cycle) 1-30:31)
	at com.kms.katalon.core.main.ScriptEngine.run(ScriptEngine.java:194)
	at com.kms.katalon.core.main.ScriptEngine.runScriptAsRawText(ScriptEngine.java:119)
	at com.kms.katalon.core.main.TestCaseExecutor.runScript(TestCaseExecutor.java:337)
	at com.kms.katalon.core.main.TestCaseExecutor.doExecute(TestCaseExecutor.java:328)
	at com.kms.katalon.core.main.TestCaseExecutor.processExecutionPhase(TestCaseExecutor.java:307)
	at com.kms.katalon.core.main.TestCaseExecutor.accessMainPhase(TestCaseExecutor.java:299)
	at com.kms.katalon.core.main.TestCaseExecutor.execute(TestCaseExecutor.java:233)
	at com.kms.katalon.core.main.TestSuiteExecutor.accessTestCaseMainPhase(TestSuiteExecutor.java:169)
	at com.kms.katalon.core.main.TestSuiteExecutor.accessTestSuiteMainPhase(TestSuiteExecutor.java:142)
	at com.kms.katalon.core.main.TestSuiteExecutor.execute(TestSuiteExecutor.java:91)
	at com.kms.katalon.core.main.TestCaseMain.startTestSuite(TestCaseMain.java:157)
	at com.kms.katalon.core.main.TestCaseMain$startTestSuite$0.call(Unknown Source)
	at TempTestSuite1581081710748.run(TempTestSuite1581081710748.groovy:36)
)

2020-02-07 15:32:22 - [MESSAGE][WARNING] - Timeout '0' is invalid. Using default page load timeout: '1'

2020-02-07 15:32:23 - [MESSAGE][INFO] - Unable to find the element located by 'By.xpath: //div[@class = 'current-slide active-slide']//*[@data-vidpk][1]'. Please recheck the objects properties to make sure the desired element is located. 

2020-02-07 15:32:23 - [MESSAGE][FAILED] - Object 'Object Repository/Add video in placeholers/Placeholders/div_Add media here_1' is not present (Root cause: com.kms.katalon.core.exception.StepFailedException: Object 'Object Repository/Add video in placeholers/Placeholders/div_Add media here_1' is not present
	at com.kms.katalon.core.webui.keyword.internal.WebUIKeywordMain.stepFailed(WebUIKeywordMain.groovy:64)
	at com.kms.katalon.core.webui.keyword.builtin.VerifyElementVisibleInViewportKeyword$_verifyElementVisibleInViewport_closure1.doCall(VerifyElementVisibleInViewportKeyword.groovy:83)
	at com.kms.katalon.core.webui.keyword.builtin.VerifyElementVisibleInViewportKeyword$_verifyElementVisibleInViewport_closure1.call(VerifyElementVisibleInViewportKeyword.groovy)
	at com.kms.katalon.core.webui.keyword.internal.WebUIKeywordMain.runKeyword(WebUIKeywordMain.groovy:20)
	at com.kms.katalon.core.webui.keyword.builtin.VerifyElementVisibleInViewportKeyword.verifyElementVisibleInViewport(VerifyElementVisibleInViewportKeyword.groovy:86)
	at com.kms.katalon.core.webui.keyword.builtin.VerifyElementVisibleInViewportKeyword.execute(VerifyElementVisibleInViewportKeyword.groovy:68)
	at com.kms.katalon.core.keyword.internal.KeywordExecutor.executeKeywordForPlatform(KeywordExecutor.groovy:72)
	at com.kms.katalon.core.webui.keyword.WebUiBuiltInKeywords.verifyElementInViewport(WebUiBuiltInKeywords.groovy:3039)
	at com.kms.katalon.core.webui.keyword.WebUiBuiltInKeywords$verifyElementInViewport$14.call(Unknown Source)
	at Video adding in placeholder (double cycle) 1-30.run(Video adding in placeholder (double cycle) 1-30:31)
	at com.kms.katalon.core.main.ScriptEngine.run(ScriptEngine.java:194)
	at com.kms.katalon.core.main.ScriptEngine.runScriptAsRawText(ScriptEngine.java:119)
	at com.kms.katalon.core.main.TestCaseExecutor.runScript(TestCaseExecutor.java:337)
	at com.kms.katalon.core.main.TestCaseExecutor.doExecute(TestCaseExecutor.java:328)
	at com.kms.katalon.core.main.TestCaseExecutor.processExecutionPhase(TestCaseExecutor.java:307)
	at com.kms.katalon.core.main.TestCaseExecutor.accessMainPhase(TestCaseExecutor.java:299)
	at com.kms.katalon.core.main.TestCaseExecutor.execute(TestCaseExecutor.java:233)
	at com.kms.katalon.core.main.TestSuiteExecutor.accessTestCaseMainPhase(TestSuiteExecutor.java:169)
	at com.kms.katalon.core.main.TestSuiteExecutor.accessTestSuiteMainPhase(TestSuiteExecutor.java:142)
	at com.kms.katalon.core.main.TestSuiteExecutor.execute(TestSuiteExecutor.java:91)
	at com.kms.katalon.core.main.TestCaseMain.startTestSuite(TestCaseMain.java:157)
	at com.kms.katalon.core.main.TestCaseMain$startTestSuite$0.call(Unknown Source)
	at TempTestSuite1581081710748.run(TempTestSuite1581081710748.groovy:36)
)

2020-02-07 15:32:23 - [TEST_STEP][PASSED] - else: null

2020-02-07 15:32:23 - [TEST_STEP][PASSED] - break: null

2020-02-07 15:32:23 - [TEST_STEP][PASSED] - if (verifyElementPresent(findTestObject("Page_Reevio Video Maker/Editor_Scene_" + i), 0) == true): null

2020-02-07 15:32:23 - [MESSAGE][WARNING] - Timeout '0' is invalid. Using default page load timeout: '1'

2020-02-07 15:32:23 - [MESSAGE][PASSED] - Object 'Object Repository/Page_Reevio Video Maker/Editor_Scene_9' is present

2020-02-07 15:32:23 - [TEST_STEP][PASSED] - doubleClick(findTestObject("Page_Reevio Video Maker/Editor_Scene_" + i)): Object: 'Object Repository/Page_Reevio Video Maker/Editor_Scene_9' is double clicked on

2020-02-07 15:32:23 - [MESSAGE][PASSED] - Object: 'Object Repository/Page_Reevio Video Maker/Editor_Scene_9' is double clicked on

2020-02-07 15:32:23 - [TEST_STEP][FAILED] - if (verifyElementInViewport(findTestObject("Object Repository/Page_Login/logoPlaceholder1"), 0)): Object 'Object Repository/Page_Login/logoPlaceholder1' is not present (Root cause: com.kms.katalon.core.exception.StepFailedException: Object 'Object Repository/Page_Login/logoPlaceholder1' is not present
	at com.kms.katalon.core.webui.keyword.internal.WebUIKeywordMain.stepFailed(WebUIKeywordMain.groovy:64)
	at com.kms.katalon.core.webui.keyword.builtin.VerifyElementVisibleInViewportKeyword$_verifyElementVisibleInViewport_closure1.doCall(VerifyElementVisibleInViewportKeyword.groovy:83)
	at com.kms.katalon.core.webui.keyword.builtin.VerifyElementVisibleInViewportKeyword$_verifyElementVisibleInViewport_closure1.call(VerifyElementVisibleInViewportKeyword.groovy)
	at com.kms.katalon.core.webui.keyword.internal.WebUIKeywordMain.runKeyword(WebUIKeywordMain.groovy:20)
	at com.kms.katalon.core.webui.keyword.builtin.VerifyElementVisibleInViewportKeyword.verifyElementVisibleInViewport(VerifyElementVisibleInViewportKeyword.groovy:86)
	at com.kms.katalon.core.webui.keyword.builtin.VerifyElementVisibleInViewportKeyword.execute(VerifyElementVisibleInViewportKeyword.groovy:68)
	at com.kms.katalon.core.keyword.internal.KeywordExecutor.executeKeywordForPlatform(KeywordExecutor.groovy:72)
	at com.kms.katalon.core.webui.keyword.WebUiBuiltInKeywords.verifyElementInViewport(WebUiBuiltInKeywords.groovy:3039)
	at com.kms.katalon.core.webui.keyword.WebUiBuiltInKeywords$verifyElementInViewport$14.call(Unknown Source)
	at Video adding in placeholder (double cycle) 1-30.run(Video adding in placeholder (double cycle) 1-30:121)
	at com.kms.katalon.core.main.ScriptEngine.run(ScriptEngine.java:194)
	at com.kms.katalon.core.main.ScriptEngine.runScriptAsRawText(ScriptEngine.java:119)
	at com.kms.katalon.core.main.TestCaseExecutor.runScript(TestCaseExecutor.java:337)
	at com.kms.katalon.core.main.TestCaseExecutor.doExecute(TestCaseExecutor.java:328)
	at com.kms.katalon.core.main.TestCaseExecutor.processExecutionPhase(TestCaseExecutor.java:307)
	at com.kms.katalon.core.main.TestCaseExecutor.accessMainPhase(TestCaseExecutor.java:299)
	at com.kms.katalon.core.main.TestCaseExecutor.execute(TestCaseExecutor.java:233)
	at com.kms.katalon.core.main.TestSuiteExecutor.accessTestCaseMainPhase(TestSuiteExecutor.java:169)
	at com.kms.katalon.core.main.TestSuiteExecutor.accessTestSuiteMainPhase(TestSuiteExecutor.java:142)
	at com.kms.katalon.core.main.TestSuiteExecutor.execute(TestSuiteExecutor.java:91)
	at com.kms.katalon.core.main.TestCaseMain.startTestSuite(TestCaseMain.java:157)
	at com.kms.katalon.core.main.TestCaseMain$startTestSuite$0.call(Unknown Source)
	at TempTestSuite1581081710748.run(TempTestSuite1581081710748.groovy:36)
)

2020-02-07 15:32:23 - [MESSAGE][WARNING] - Timeout '0' is invalid. Using default page load timeout: '1'

2020-02-07 15:32:24 - [MESSAGE][INFO] - Unable to find the element located by 'By.xpath: //div[@class = 'current-slide active-slide']//div[@class="uploded-pic frame ui-droppable"]'. Please recheck the objects properties to make sure the desired element is located. 

2020-02-07 15:32:24 - [MESSAGE][FAILED] - Object 'Object Repository/Page_Login/logoPlaceholder1' is not present (Root cause: com.kms.katalon.core.exception.StepFailedException: Object 'Object Repository/Page_Login/logoPlaceholder1' is not present
	at com.kms.katalon.core.webui.keyword.internal.WebUIKeywordMain.stepFailed(WebUIKeywordMain.groovy:64)
	at com.kms.katalon.core.webui.keyword.builtin.VerifyElementVisibleInViewportKeyword$_verifyElementVisibleInViewport_closure1.doCall(VerifyElementVisibleInViewportKeyword.groovy:83)
	at com.kms.katalon.core.webui.keyword.builtin.VerifyElementVisibleInViewportKeyword$_verifyElementVisibleInViewport_closure1.call(VerifyElementVisibleInViewportKeyword.groovy)
	at com.kms.katalon.core.webui.keyword.internal.WebUIKeywordMain.runKeyword(WebUIKeywordMain.groovy:20)
	at com.kms.katalon.core.webui.keyword.builtin.VerifyElementVisibleInViewportKeyword.verifyElementVisibleInViewport(VerifyElementVisibleInViewportKeyword.groovy:86)
	at com.kms.katalon.core.webui.keyword.builtin.VerifyElementVisibleInViewportKeyword.execute(VerifyElementVisibleInViewportKeyword.groovy:68)
	at com.kms.katalon.core.keyword.internal.KeywordExecutor.executeKeywordForPlatform(KeywordExecutor.groovy:72)
	at com.kms.katalon.core.webui.keyword.WebUiBuiltInKeywords.verifyElementInViewport(WebUiBuiltInKeywords.groovy:3039)
	at com.kms.katalon.core.webui.keyword.WebUiBuiltInKeywords$verifyElementInViewport$14.call(Unknown Source)
	at Video adding in placeholder (double cycle) 1-30.run(Video adding in placeholder (double cycle) 1-30:121)
	at com.kms.katalon.core.main.ScriptEngine.run(ScriptEngine.java:194)
	at com.kms.katalon.core.main.ScriptEngine.runScriptAsRawText(ScriptEngine.java:119)
	at com.kms.katalon.core.main.TestCaseExecutor.runScript(TestCaseExecutor.java:337)
	at com.kms.katalon.core.main.TestCaseExecutor.doExecute(TestCaseExecutor.java:328)
	at com.kms.katalon.core.main.TestCaseExecutor.processExecutionPhase(TestCaseExecutor.java:307)
	at com.kms.katalon.core.main.TestCaseExecutor.accessMainPhase(TestCaseExecutor.java:299)
	at com.kms.katalon.core.main.TestCaseExecutor.execute(TestCaseExecutor.java:233)
	at com.kms.katalon.core.main.TestSuiteExecutor.accessTestCaseMainPhase(TestSuiteExecutor.java:169)
	at com.kms.katalon.core.main.TestSuiteExecutor.accessTestSuiteMainPhase(TestSuiteExecutor.java:142)
	at com.kms.katalon.core.main.TestSuiteExecutor.execute(TestSuiteExecutor.java:91)
	at com.kms.katalon.core.main.TestCaseMain.startTestSuite(TestCaseMain.java:157)
	at com.kms.katalon.core.main.TestCaseMain$startTestSuite$0.call(Unknown Source)
	at TempTestSuite1581081710748.run(TempTestSuite1581081710748.groovy:36)
)

2020-02-07 15:32:24 - [TEST_STEP][PASSED] - if (verifyElementPresent(findTestObject("Page_Reevio Video Maker/Editor_Scene_" + i), 0) == true): null

2020-02-07 15:32:24 - [MESSAGE][WARNING] - Timeout '0' is invalid. Using default page load timeout: '1'

2020-02-07 15:32:24 - [MESSAGE][PASSED] - Object 'Object Repository/Page_Reevio Video Maker/Editor_Scene_10' is present

2020-02-07 15:32:24 - [TEST_STEP][PASSED] - doubleClick(findTestObject("Page_Reevio Video Maker/Editor_Scene_" + i)): Object: 'Object Repository/Page_Reevio Video Maker/Editor_Scene_10' is double clicked on

2020-02-07 15:32:25 - [MESSAGE][PASSED] - Object: 'Object Repository/Page_Reevio Video Maker/Editor_Scene_10' is double clicked on

2020-02-07 15:32:25 - [TEST_STEP][FAILED] - for ([j = 1, j < 7, (j++)]): null

2020-02-07 15:32:25 - [TEST_STEP][FAILED] - if (verifyElementInViewport(findTestObject("Add video in placeholers/Placeholders/div_Add media here_" + j), 0) == true): Object 'Object Repository/Add video in placeholers/Placeholders/div_Add media here_1' is not present (Root cause: com.kms.katalon.core.exception.StepFailedException: Object 'Object Repository/Add video in placeholers/Placeholders/div_Add media here_1' is not present
	at com.kms.katalon.core.webui.keyword.internal.WebUIKeywordMain.stepFailed(WebUIKeywordMain.groovy:64)
	at com.kms.katalon.core.webui.keyword.builtin.VerifyElementVisibleInViewportKeyword$_verifyElementVisibleInViewport_closure1.doCall(VerifyElementVisibleInViewportKeyword.groovy:83)
	at com.kms.katalon.core.webui.keyword.builtin.VerifyElementVisibleInViewportKeyword$_verifyElementVisibleInViewport_closure1.call(VerifyElementVisibleInViewportKeyword.groovy)
	at com.kms.katalon.core.webui.keyword.internal.WebUIKeywordMain.runKeyword(WebUIKeywordMain.groovy:20)
	at com.kms.katalon.core.webui.keyword.builtin.VerifyElementVisibleInViewportKeyword.verifyElementVisibleInViewport(VerifyElementVisibleInViewportKeyword.groovy:86)
	at com.kms.katalon.core.webui.keyword.builtin.VerifyElementVisibleInViewportKeyword.execute(VerifyElementVisibleInViewportKeyword.groovy:68)
	at com.kms.katalon.core.keyword.internal.KeywordExecutor.executeKeywordForPlatform(KeywordExecutor.groovy:72)
	at com.kms.katalon.core.webui.keyword.WebUiBuiltInKeywords.verifyElementInViewport(WebUiBuiltInKeywords.groovy:3039)
	at com.kms.katalon.core.webui.keyword.WebUiBuiltInKeywords$verifyElementInViewport$14.call(Unknown Source)
	at Video adding in placeholder (double cycle) 1-30.run(Video adding in placeholder (double cycle) 1-30:31)
	at com.kms.katalon.core.main.ScriptEngine.run(ScriptEngine.java:194)
	at com.kms.katalon.core.main.ScriptEngine.runScriptAsRawText(ScriptEngine.java:119)
	at com.kms.katalon.core.main.TestCaseExecutor.runScript(TestCaseExecutor.java:337)
	at com.kms.katalon.core.main.TestCaseExecutor.doExecute(TestCaseExecutor.java:328)
	at com.kms.katalon.core.main.TestCaseExecutor.processExecutionPhase(TestCaseExecutor.java:307)
	at com.kms.katalon.core.main.TestCaseExecutor.accessMainPhase(TestCaseExecutor.java:299)
	at com.kms.katalon.core.main.TestCaseExecutor.execute(TestCaseExecutor.java:233)
	at com.kms.katalon.core.main.TestSuiteExecutor.accessTestCaseMainPhase(TestSuiteExecutor.java:169)
	at com.kms.katalon.core.main.TestSuiteExecutor.accessTestSuiteMainPhase(TestSuiteExecutor.java:142)
	at com.kms.katalon.core.main.TestSuiteExecutor.execute(TestSuiteExecutor.java:91)
	at com.kms.katalon.core.main.TestCaseMain.startTestSuite(TestCaseMain.java:157)
	at com.kms.katalon.core.main.TestCaseMain$startTestSuite$0.call(Unknown Source)
	at TempTestSuite1581081710748.run(TempTestSuite1581081710748.groovy:36)
)

2020-02-07 15:32:25 - [MESSAGE][WARNING] - Timeout '0' is invalid. Using default page load timeout: '1'

2020-02-07 15:32:26 - [MESSAGE][INFO] - Unable to find the element located by 'By.xpath: //div[@class = 'current-slide active-slide']//*[@data-vidpk][1]'. Please recheck the objects properties to make sure the desired element is located. 

2020-02-07 15:32:26 - [MESSAGE][FAILED] - Object 'Object Repository/Add video in placeholers/Placeholders/div_Add media here_1' is not present (Root cause: com.kms.katalon.core.exception.StepFailedException: Object 'Object Repository/Add video in placeholers/Placeholders/div_Add media here_1' is not present
	at com.kms.katalon.core.webui.keyword.internal.WebUIKeywordMain.stepFailed(WebUIKeywordMain.groovy:64)
	at com.kms.katalon.core.webui.keyword.builtin.VerifyElementVisibleInViewportKeyword$_verifyElementVisibleInViewport_closure1.doCall(VerifyElementVisibleInViewportKeyword.groovy:83)
	at com.kms.katalon.core.webui.keyword.builtin.VerifyElementVisibleInViewportKeyword$_verifyElementVisibleInViewport_closure1.call(VerifyElementVisibleInViewportKeyword.groovy)
	at com.kms.katalon.core.webui.keyword.internal.WebUIKeywordMain.runKeyword(WebUIKeywordMain.groovy:20)
	at com.kms.katalon.core.webui.keyword.builtin.VerifyElementVisibleInViewportKeyword.verifyElementVisibleInViewport(VerifyElementVisibleInViewportKeyword.groovy:86)
	at com.kms.katalon.core.webui.keyword.builtin.VerifyElementVisibleInViewportKeyword.execute(VerifyElementVisibleInViewportKeyword.groovy:68)
	at com.kms.katalon.core.keyword.internal.KeywordExecutor.executeKeywordForPlatform(KeywordExecutor.groovy:72)
	at com.kms.katalon.core.webui.keyword.WebUiBuiltInKeywords.verifyElementInViewport(WebUiBuiltInKeywords.groovy:3039)
	at com.kms.katalon.core.webui.keyword.WebUiBuiltInKeywords$verifyElementInViewport$14.call(Unknown Source)
	at Video adding in placeholder (double cycle) 1-30.run(Video adding in placeholder (double cycle) 1-30:31)
	at com.kms.katalon.core.main.ScriptEngine.run(ScriptEngine.java:194)
	at com.kms.katalon.core.main.ScriptEngine.runScriptAsRawText(ScriptEngine.java:119)
	at com.kms.katalon.core.main.TestCaseExecutor.runScript(TestCaseExecutor.java:337)
	at com.kms.katalon.core.main.TestCaseExecutor.doExecute(TestCaseExecutor.java:328)
	at com.kms.katalon.core.main.TestCaseExecutor.processExecutionPhase(TestCaseExecutor.java:307)
	at com.kms.katalon.core.main.TestCaseExecutor.accessMainPhase(TestCaseExecutor.java:299)
	at com.kms.katalon.core.main.TestCaseExecutor.execute(TestCaseExecutor.java:233)
	at com.kms.katalon.core.main.TestSuiteExecutor.accessTestCaseMainPhase(TestSuiteExecutor.java:169)
	at com.kms.katalon.core.main.TestSuiteExecutor.accessTestSuiteMainPhase(TestSuiteExecutor.java:142)
	at com.kms.katalon.core.main.TestSuiteExecutor.execute(TestSuiteExecutor.java:91)
	at com.kms.katalon.core.main.TestCaseMain.startTestSuite(TestCaseMain.java:157)
	at com.kms.katalon.core.main.TestCaseMain$startTestSuite$0.call(Unknown Source)
	at TempTestSuite1581081710748.run(TempTestSuite1581081710748.groovy:36)
)

2020-02-07 15:32:26 - [TEST_STEP][PASSED] - else: null

2020-02-07 15:32:26 - [TEST_STEP][PASSED] - break: null

2020-02-07 15:32:26 - [TEST_STEP][PASSED] - if (verifyElementPresent(findTestObject("Page_Reevio Video Maker/Editor_Scene_" + i), 0) == true): null

2020-02-07 15:32:26 - [MESSAGE][WARNING] - Timeout '0' is invalid. Using default page load timeout: '1'

2020-02-07 15:32:26 - [MESSAGE][PASSED] - Object 'Object Repository/Page_Reevio Video Maker/Editor_Scene_10' is present

2020-02-07 15:32:26 - [TEST_STEP][PASSED] - doubleClick(findTestObject("Page_Reevio Video Maker/Editor_Scene_" + i)): Object: 'Object Repository/Page_Reevio Video Maker/Editor_Scene_10' is double clicked on

2020-02-07 15:32:26 - [MESSAGE][PASSED] - Object: 'Object Repository/Page_Reevio Video Maker/Editor_Scene_10' is double clicked on

2020-02-07 15:32:26 - [TEST_STEP][FAILED] - if (verifyElementInViewport(findTestObject("Object Repository/Page_Login/logoPlaceholder1"), 0)): Object 'Object Repository/Page_Login/logoPlaceholder1' is not present (Root cause: com.kms.katalon.core.exception.StepFailedException: Object 'Object Repository/Page_Login/logoPlaceholder1' is not present
	at com.kms.katalon.core.webui.keyword.internal.WebUIKeywordMain.stepFailed(WebUIKeywordMain.groovy:64)
	at com.kms.katalon.core.webui.keyword.builtin.VerifyElementVisibleInViewportKeyword$_verifyElementVisibleInViewport_closure1.doCall(VerifyElementVisibleInViewportKeyword.groovy:83)
	at com.kms.katalon.core.webui.keyword.builtin.VerifyElementVisibleInViewportKeyword$_verifyElementVisibleInViewport_closure1.call(VerifyElementVisibleInViewportKeyword.groovy)
	at com.kms.katalon.core.webui.keyword.internal.WebUIKeywordMain.runKeyword(WebUIKeywordMain.groovy:20)
	at com.kms.katalon.core.webui.keyword.builtin.VerifyElementVisibleInViewportKeyword.verifyElementVisibleInViewport(VerifyElementVisibleInViewportKeyword.groovy:86)
	at com.kms.katalon.core.webui.keyword.builtin.VerifyElementVisibleInViewportKeyword.execute(VerifyElementVisibleInViewportKeyword.groovy:68)
	at com.kms.katalon.core.keyword.internal.KeywordExecutor.executeKeywordForPlatform(KeywordExecutor.groovy:72)
	at com.kms.katalon.core.webui.keyword.WebUiBuiltInKeywords.verifyElementInViewport(WebUiBuiltInKeywords.groovy:3039)
	at com.kms.katalon.core.webui.keyword.WebUiBuiltInKeywords$verifyElementInViewport$14.call(Unknown Source)
	at Video adding in placeholder (double cycle) 1-30.run(Video adding in placeholder (double cycle) 1-30:121)
	at com.kms.katalon.core.main.ScriptEngine.run(ScriptEngine.java:194)
	at com.kms.katalon.core.main.ScriptEngine.runScriptAsRawText(ScriptEngine.java:119)
	at com.kms.katalon.core.main.TestCaseExecutor.runScript(TestCaseExecutor.java:337)
	at com.kms.katalon.core.main.TestCaseExecutor.doExecute(TestCaseExecutor.java:328)
	at com.kms.katalon.core.main.TestCaseExecutor.processExecutionPhase(TestCaseExecutor.java:307)
	at com.kms.katalon.core.main.TestCaseExecutor.accessMainPhase(TestCaseExecutor.java:299)
	at com.kms.katalon.core.main.TestCaseExecutor.execute(TestCaseExecutor.java:233)
	at com.kms.katalon.core.main.TestSuiteExecutor.accessTestCaseMainPhase(TestSuiteExecutor.java:169)
	at com.kms.katalon.core.main.TestSuiteExecutor.accessTestSuiteMainPhase(TestSuiteExecutor.java:142)
	at com.kms.katalon.core.main.TestSuiteExecutor.execute(TestSuiteExecutor.java:91)
	at com.kms.katalon.core.main.TestCaseMain.startTestSuite(TestCaseMain.java:157)
	at com.kms.katalon.core.main.TestCaseMain$startTestSuite$0.call(Unknown Source)
	at TempTestSuite1581081710748.run(TempTestSuite1581081710748.groovy:36)
)

2020-02-07 15:32:26 - [MESSAGE][WARNING] - Timeout '0' is invalid. Using default page load timeout: '1'

2020-02-07 15:32:27 - [MESSAGE][INFO] - Unable to find the element located by 'By.xpath: //div[@class = 'current-slide active-slide']//div[@class="uploded-pic frame ui-droppable"]'. Please recheck the objects properties to make sure the desired element is located. 

2020-02-07 15:32:27 - [MESSAGE][FAILED] - Object 'Object Repository/Page_Login/logoPlaceholder1' is not present (Root cause: com.kms.katalon.core.exception.StepFailedException: Object 'Object Repository/Page_Login/logoPlaceholder1' is not present
	at com.kms.katalon.core.webui.keyword.internal.WebUIKeywordMain.stepFailed(WebUIKeywordMain.groovy:64)
	at com.kms.katalon.core.webui.keyword.builtin.VerifyElementVisibleInViewportKeyword$_verifyElementVisibleInViewport_closure1.doCall(VerifyElementVisibleInViewportKeyword.groovy:83)
	at com.kms.katalon.core.webui.keyword.builtin.VerifyElementVisibleInViewportKeyword$_verifyElementVisibleInViewport_closure1.call(VerifyElementVisibleInViewportKeyword.groovy)
	at com.kms.katalon.core.webui.keyword.internal.WebUIKeywordMain.runKeyword(WebUIKeywordMain.groovy:20)
	at com.kms.katalon.core.webui.keyword.builtin.VerifyElementVisibleInViewportKeyword.verifyElementVisibleInViewport(VerifyElementVisibleInViewportKeyword.groovy:86)
	at com.kms.katalon.core.webui.keyword.builtin.VerifyElementVisibleInViewportKeyword.execute(VerifyElementVisibleInViewportKeyword.groovy:68)
	at com.kms.katalon.core.keyword.internal.KeywordExecutor.executeKeywordForPlatform(KeywordExecutor.groovy:72)
	at com.kms.katalon.core.webui.keyword.WebUiBuiltInKeywords.verifyElementInViewport(WebUiBuiltInKeywords.groovy:3039)
	at com.kms.katalon.core.webui.keyword.WebUiBuiltInKeywords$verifyElementInViewport$14.call(Unknown Source)
	at Video adding in placeholder (double cycle) 1-30.run(Video adding in placeholder (double cycle) 1-30:121)
	at com.kms.katalon.core.main.ScriptEngine.run(ScriptEngine.java:194)
	at com.kms.katalon.core.main.ScriptEngine.runScriptAsRawText(ScriptEngine.java:119)
	at com.kms.katalon.core.main.TestCaseExecutor.runScript(TestCaseExecutor.java:337)
	at com.kms.katalon.core.main.TestCaseExecutor.doExecute(TestCaseExecutor.java:328)
	at com.kms.katalon.core.main.TestCaseExecutor.processExecutionPhase(TestCaseExecutor.java:307)
	at com.kms.katalon.core.main.TestCaseExecutor.accessMainPhase(TestCaseExecutor.java:299)
	at com.kms.katalon.core.main.TestCaseExecutor.execute(TestCaseExecutor.java:233)
	at com.kms.katalon.core.main.TestSuiteExecutor.accessTestCaseMainPhase(TestSuiteExecutor.java:169)
	at com.kms.katalon.core.main.TestSuiteExecutor.accessTestSuiteMainPhase(TestSuiteExecutor.java:142)
	at com.kms.katalon.core.main.TestSuiteExecutor.execute(TestSuiteExecutor.java:91)
	at com.kms.katalon.core.main.TestCaseMain.startTestSuite(TestCaseMain.java:157)
	at com.kms.katalon.core.main.TestCaseMain$startTestSuite$0.call(Unknown Source)
	at TempTestSuite1581081710748.run(TempTestSuite1581081710748.groovy:36)
)

2020-02-07 15:32:27 - [TEST_STEP][PASSED] - if (verifyElementPresent(findTestObject("Page_Reevio Video Maker/Editor_Scene_" + i), 0) == true): null

2020-02-07 15:32:27 - [MESSAGE][WARNING] - Timeout '0' is invalid. Using default page load timeout: '1'

2020-02-07 15:32:27 - [MESSAGE][PASSED] - Object 'Object Repository/Page_Reevio Video Maker/Editor_Scene_11' is present

2020-02-07 15:32:27 - [TEST_STEP][PASSED] - doubleClick(findTestObject("Page_Reevio Video Maker/Editor_Scene_" + i)): Object: 'Object Repository/Page_Reevio Video Maker/Editor_Scene_11' is double clicked on

2020-02-07 15:32:27 - [MESSAGE][PASSED] - Object: 'Object Repository/Page_Reevio Video Maker/Editor_Scene_11' is double clicked on

2020-02-07 15:32:27 - [TEST_STEP][FAILED] - for ([j = 1, j < 7, (j++)]): null

2020-02-07 15:32:27 - [TEST_STEP][FAILED] - if (verifyElementInViewport(findTestObject("Add video in placeholers/Placeholders/div_Add media here_" + j), 0) == true): Object 'Object Repository/Add video in placeholers/Placeholders/div_Add media here_1' is not present (Root cause: com.kms.katalon.core.exception.StepFailedException: Object 'Object Repository/Add video in placeholers/Placeholders/div_Add media here_1' is not present
	at com.kms.katalon.core.webui.keyword.internal.WebUIKeywordMain.stepFailed(WebUIKeywordMain.groovy:64)
	at com.kms.katalon.core.webui.keyword.builtin.VerifyElementVisibleInViewportKeyword$_verifyElementVisibleInViewport_closure1.doCall(VerifyElementVisibleInViewportKeyword.groovy:83)
	at com.kms.katalon.core.webui.keyword.builtin.VerifyElementVisibleInViewportKeyword$_verifyElementVisibleInViewport_closure1.call(VerifyElementVisibleInViewportKeyword.groovy)
	at com.kms.katalon.core.webui.keyword.internal.WebUIKeywordMain.runKeyword(WebUIKeywordMain.groovy:20)
	at com.kms.katalon.core.webui.keyword.builtin.VerifyElementVisibleInViewportKeyword.verifyElementVisibleInViewport(VerifyElementVisibleInViewportKeyword.groovy:86)
	at com.kms.katalon.core.webui.keyword.builtin.VerifyElementVisibleInViewportKeyword.execute(VerifyElementVisibleInViewportKeyword.groovy:68)
	at com.kms.katalon.core.keyword.internal.KeywordExecutor.executeKeywordForPlatform(KeywordExecutor.groovy:72)
	at com.kms.katalon.core.webui.keyword.WebUiBuiltInKeywords.verifyElementInViewport(WebUiBuiltInKeywords.groovy:3039)
	at com.kms.katalon.core.webui.keyword.WebUiBuiltInKeywords$verifyElementInViewport$14.call(Unknown Source)
	at Video adding in placeholder (double cycle) 1-30.run(Video adding in placeholder (double cycle) 1-30:31)
	at com.kms.katalon.core.main.ScriptEngine.run(ScriptEngine.java:194)
	at com.kms.katalon.core.main.ScriptEngine.runScriptAsRawText(ScriptEngine.java:119)
	at com.kms.katalon.core.main.TestCaseExecutor.runScript(TestCaseExecutor.java:337)
	at com.kms.katalon.core.main.TestCaseExecutor.doExecute(TestCaseExecutor.java:328)
	at com.kms.katalon.core.main.TestCaseExecutor.processExecutionPhase(TestCaseExecutor.java:307)
	at com.kms.katalon.core.main.TestCaseExecutor.accessMainPhase(TestCaseExecutor.java:299)
	at com.kms.katalon.core.main.TestCaseExecutor.execute(TestCaseExecutor.java:233)
	at com.kms.katalon.core.main.TestSuiteExecutor.accessTestCaseMainPhase(TestSuiteExecutor.java:169)
	at com.kms.katalon.core.main.TestSuiteExecutor.accessTestSuiteMainPhase(TestSuiteExecutor.java:142)
	at com.kms.katalon.core.main.TestSuiteExecutor.execute(TestSuiteExecutor.java:91)
	at com.kms.katalon.core.main.TestCaseMain.startTestSuite(TestCaseMain.java:157)
	at com.kms.katalon.core.main.TestCaseMain$startTestSuite$0.call(Unknown Source)
	at TempTestSuite1581081710748.run(TempTestSuite1581081710748.groovy:36)
)

2020-02-07 15:32:28 - [MESSAGE][WARNING] - Timeout '0' is invalid. Using default page load timeout: '1'

2020-02-07 15:32:29 - [MESSAGE][INFO] - Unable to find the element located by 'By.xpath: //div[@class = 'current-slide active-slide']//*[@data-vidpk][1]'. Please recheck the objects properties to make sure the desired element is located. 

2020-02-07 15:32:29 - [MESSAGE][FAILED] - Object 'Object Repository/Add video in placeholers/Placeholders/div_Add media here_1' is not present (Root cause: com.kms.katalon.core.exception.StepFailedException: Object 'Object Repository/Add video in placeholers/Placeholders/div_Add media here_1' is not present
	at com.kms.katalon.core.webui.keyword.internal.WebUIKeywordMain.stepFailed(WebUIKeywordMain.groovy:64)
	at com.kms.katalon.core.webui.keyword.builtin.VerifyElementVisibleInViewportKeyword$_verifyElementVisibleInViewport_closure1.doCall(VerifyElementVisibleInViewportKeyword.groovy:83)
	at com.kms.katalon.core.webui.keyword.builtin.VerifyElementVisibleInViewportKeyword$_verifyElementVisibleInViewport_closure1.call(VerifyElementVisibleInViewportKeyword.groovy)
	at com.kms.katalon.core.webui.keyword.internal.WebUIKeywordMain.runKeyword(WebUIKeywordMain.groovy:20)
	at com.kms.katalon.core.webui.keyword.builtin.VerifyElementVisibleInViewportKeyword.verifyElementVisibleInViewport(VerifyElementVisibleInViewportKeyword.groovy:86)
	at com.kms.katalon.core.webui.keyword.builtin.VerifyElementVisibleInViewportKeyword.execute(VerifyElementVisibleInViewportKeyword.groovy:68)
	at com.kms.katalon.core.keyword.internal.KeywordExecutor.executeKeywordForPlatform(KeywordExecutor.groovy:72)
	at com.kms.katalon.core.webui.keyword.WebUiBuiltInKeywords.verifyElementInViewport(WebUiBuiltInKeywords.groovy:3039)
	at com.kms.katalon.core.webui.keyword.WebUiBuiltInKeywords$verifyElementInViewport$14.call(Unknown Source)
	at Video adding in placeholder (double cycle) 1-30.run(Video adding in placeholder (double cycle) 1-30:31)
	at com.kms.katalon.core.main.ScriptEngine.run(ScriptEngine.java:194)
	at com.kms.katalon.core.main.ScriptEngine.runScriptAsRawText(ScriptEngine.java:119)
	at com.kms.katalon.core.main.TestCaseExecutor.runScript(TestCaseExecutor.java:337)
	at com.kms.katalon.core.main.TestCaseExecutor.doExecute(TestCaseExecutor.java:328)
	at com.kms.katalon.core.main.TestCaseExecutor.processExecutionPhase(TestCaseExecutor.java:307)
	at com.kms.katalon.core.main.TestCaseExecutor.accessMainPhase(TestCaseExecutor.java:299)
	at com.kms.katalon.core.main.TestCaseExecutor.execute(TestCaseExecutor.java:233)
	at com.kms.katalon.core.main.TestSuiteExecutor.accessTestCaseMainPhase(TestSuiteExecutor.java:169)
	at com.kms.katalon.core.main.TestSuiteExecutor.accessTestSuiteMainPhase(TestSuiteExecutor.java:142)
	at com.kms.katalon.core.main.TestSuiteExecutor.execute(TestSuiteExecutor.java:91)
	at com.kms.katalon.core.main.TestCaseMain.startTestSuite(TestCaseMain.java:157)
	at com.kms.katalon.core.main.TestCaseMain$startTestSuite$0.call(Unknown Source)
	at TempTestSuite1581081710748.run(TempTestSuite1581081710748.groovy:36)
)

2020-02-07 15:32:29 - [TEST_STEP][PASSED] - else: null

2020-02-07 15:32:29 - [TEST_STEP][PASSED] - break: null

2020-02-07 15:32:29 - [TEST_STEP][PASSED] - if (verifyElementPresent(findTestObject("Page_Reevio Video Maker/Editor_Scene_" + i), 0) == true): null

2020-02-07 15:32:29 - [MESSAGE][WARNING] - Timeout '0' is invalid. Using default page load timeout: '1'

2020-02-07 15:32:29 - [MESSAGE][PASSED] - Object 'Object Repository/Page_Reevio Video Maker/Editor_Scene_11' is present

2020-02-07 15:32:29 - [TEST_STEP][PASSED] - doubleClick(findTestObject("Page_Reevio Video Maker/Editor_Scene_" + i)): Object: 'Object Repository/Page_Reevio Video Maker/Editor_Scene_11' is double clicked on

2020-02-07 15:32:29 - [MESSAGE][PASSED] - Object: 'Object Repository/Page_Reevio Video Maker/Editor_Scene_11' is double clicked on

2020-02-07 15:32:29 - [TEST_STEP][FAILED] - if (verifyElementInViewport(findTestObject("Object Repository/Page_Login/logoPlaceholder1"), 0)): Object 'Object Repository/Page_Login/logoPlaceholder1' is not present (Root cause: com.kms.katalon.core.exception.StepFailedException: Object 'Object Repository/Page_Login/logoPlaceholder1' is not present
	at com.kms.katalon.core.webui.keyword.internal.WebUIKeywordMain.stepFailed(WebUIKeywordMain.groovy:64)
	at com.kms.katalon.core.webui.keyword.builtin.VerifyElementVisibleInViewportKeyword$_verifyElementVisibleInViewport_closure1.doCall(VerifyElementVisibleInViewportKeyword.groovy:83)
	at com.kms.katalon.core.webui.keyword.builtin.VerifyElementVisibleInViewportKeyword$_verifyElementVisibleInViewport_closure1.call(VerifyElementVisibleInViewportKeyword.groovy)
	at com.kms.katalon.core.webui.keyword.internal.WebUIKeywordMain.runKeyword(WebUIKeywordMain.groovy:20)
	at com.kms.katalon.core.webui.keyword.builtin.VerifyElementVisibleInViewportKeyword.verifyElementVisibleInViewport(VerifyElementVisibleInViewportKeyword.groovy:86)
	at com.kms.katalon.core.webui.keyword.builtin.VerifyElementVisibleInViewportKeyword.execute(VerifyElementVisibleInViewportKeyword.groovy:68)
	at com.kms.katalon.core.keyword.internal.KeywordExecutor.executeKeywordForPlatform(KeywordExecutor.groovy:72)
	at com.kms.katalon.core.webui.keyword.WebUiBuiltInKeywords.verifyElementInViewport(WebUiBuiltInKeywords.groovy:3039)
	at com.kms.katalon.core.webui.keyword.WebUiBuiltInKeywords$verifyElementInViewport$14.call(Unknown Source)
	at Video adding in placeholder (double cycle) 1-30.run(Video adding in placeholder (double cycle) 1-30:121)
	at com.kms.katalon.core.main.ScriptEngine.run(ScriptEngine.java:194)
	at com.kms.katalon.core.main.ScriptEngine.runScriptAsRawText(ScriptEngine.java:119)
	at com.kms.katalon.core.main.TestCaseExecutor.runScript(TestCaseExecutor.java:337)
	at com.kms.katalon.core.main.TestCaseExecutor.doExecute(TestCaseExecutor.java:328)
	at com.kms.katalon.core.main.TestCaseExecutor.processExecutionPhase(TestCaseExecutor.java:307)
	at com.kms.katalon.core.main.TestCaseExecutor.accessMainPhase(TestCaseExecutor.java:299)
	at com.kms.katalon.core.main.TestCaseExecutor.execute(TestCaseExecutor.java:233)
	at com.kms.katalon.core.main.TestSuiteExecutor.accessTestCaseMainPhase(TestSuiteExecutor.java:169)
	at com.kms.katalon.core.main.TestSuiteExecutor.accessTestSuiteMainPhase(TestSuiteExecutor.java:142)
	at com.kms.katalon.core.main.TestSuiteExecutor.execute(TestSuiteExecutor.java:91)
	at com.kms.katalon.core.main.TestCaseMain.startTestSuite(TestCaseMain.java:157)
	at com.kms.katalon.core.main.TestCaseMain$startTestSuite$0.call(Unknown Source)
	at TempTestSuite1581081710748.run(TempTestSuite1581081710748.groovy:36)
)

2020-02-07 15:32:29 - [MESSAGE][WARNING] - Timeout '0' is invalid. Using default page load timeout: '1'

2020-02-07 15:32:30 - [MESSAGE][INFO] - Unable to find the element located by 'By.xpath: //div[@class = 'current-slide active-slide']//div[@class="uploded-pic frame ui-droppable"]'. Please recheck the objects properties to make sure the desired element is located. 

2020-02-07 15:32:30 - [MESSAGE][FAILED] - Object 'Object Repository/Page_Login/logoPlaceholder1' is not present (Root cause: com.kms.katalon.core.exception.StepFailedException: Object 'Object Repository/Page_Login/logoPlaceholder1' is not present
	at com.kms.katalon.core.webui.keyword.internal.WebUIKeywordMain.stepFailed(WebUIKeywordMain.groovy:64)
	at com.kms.katalon.core.webui.keyword.builtin.VerifyElementVisibleInViewportKeyword$_verifyElementVisibleInViewport_closure1.doCall(VerifyElementVisibleInViewportKeyword.groovy:83)
	at com.kms.katalon.core.webui.keyword.builtin.VerifyElementVisibleInViewportKeyword$_verifyElementVisibleInViewport_closure1.call(VerifyElementVisibleInViewportKeyword.groovy)
	at com.kms.katalon.core.webui.keyword.internal.WebUIKeywordMain.runKeyword(WebUIKeywordMain.groovy:20)
	at com.kms.katalon.core.webui.keyword.builtin.VerifyElementVisibleInViewportKeyword.verifyElementVisibleInViewport(VerifyElementVisibleInViewportKeyword.groovy:86)
	at com.kms.katalon.core.webui.keyword.builtin.VerifyElementVisibleInViewportKeyword.execute(VerifyElementVisibleInViewportKeyword.groovy:68)
	at com.kms.katalon.core.keyword.internal.KeywordExecutor.executeKeywordForPlatform(KeywordExecutor.groovy:72)
	at com.kms.katalon.core.webui.keyword.WebUiBuiltInKeywords.verifyElementInViewport(WebUiBuiltInKeywords.groovy:3039)
	at com.kms.katalon.core.webui.keyword.WebUiBuiltInKeywords$verifyElementInViewport$14.call(Unknown Source)
	at Video adding in placeholder (double cycle) 1-30.run(Video adding in placeholder (double cycle) 1-30:121)
	at com.kms.katalon.core.main.ScriptEngine.run(ScriptEngine.java:194)
	at com.kms.katalon.core.main.ScriptEngine.runScriptAsRawText(ScriptEngine.java:119)
	at com.kms.katalon.core.main.TestCaseExecutor.runScript(TestCaseExecutor.java:337)
	at com.kms.katalon.core.main.TestCaseExecutor.doExecute(TestCaseExecutor.java:328)
	at com.kms.katalon.core.main.TestCaseExecutor.processExecutionPhase(TestCaseExecutor.java:307)
	at com.kms.katalon.core.main.TestCaseExecutor.accessMainPhase(TestCaseExecutor.java:299)
	at com.kms.katalon.core.main.TestCaseExecutor.execute(TestCaseExecutor.java:233)
	at com.kms.katalon.core.main.TestSuiteExecutor.accessTestCaseMainPhase(TestSuiteExecutor.java:169)
	at com.kms.katalon.core.main.TestSuiteExecutor.accessTestSuiteMainPhase(TestSuiteExecutor.java:142)
	at com.kms.katalon.core.main.TestSuiteExecutor.execute(TestSuiteExecutor.java:91)
	at com.kms.katalon.core.main.TestCaseMain.startTestSuite(TestCaseMain.java:157)
	at com.kms.katalon.core.main.TestCaseMain$startTestSuite$0.call(Unknown Source)
	at TempTestSuite1581081710748.run(TempTestSuite1581081710748.groovy:36)
)

2020-02-07 15:32:30 - [TEST_STEP][FAILED] - if (verifyElementPresent(findTestObject("Page_Reevio Video Maker/Editor_Scene_" + i), 0) == true): com.kms.katalon.core.webui.exception.WebElementNotFoundException: Web element with id: 'Object Repository/Page_Reevio Video Maker/Editor_Scene_12' located by 'By.xpath: //*[@id="bottom-slider-id"]/div[12]/figure' not found (Root cause: com.kms.katalon.core.exception.StepFailedException: com.kms.katalon.core.webui.exception.WebElementNotFoundException: Web element with id: 'Object Repository/Page_Reevio Video Maker/Editor_Scene_12' located by 'By.xpath: //*[@id="bottom-slider-id"]/div[12]/figure' not found
	at com.kms.katalon.core.webui.keyword.internal.WebUIKeywordMain.stepFailed(WebUIKeywordMain.groovy:64)
	at com.kms.katalon.core.webui.keyword.builtin.VerifyElementPresentKeyword$_verifyElementPresent_closure1.doCall(VerifyElementPresentKeyword.groovy:85)
	at com.kms.katalon.core.webui.keyword.builtin.VerifyElementPresentKeyword$_verifyElementPresent_closure1.call(VerifyElementPresentKeyword.groovy)
	at com.kms.katalon.core.webui.keyword.internal.WebUIKeywordMain.runKeyword(WebUIKeywordMain.groovy:20)
	at com.kms.katalon.core.webui.keyword.builtin.VerifyElementPresentKeyword.verifyElementPresent(VerifyElementPresentKeyword.groovy:92)
	at com.kms.katalon.core.webui.keyword.builtin.VerifyElementPresentKeyword.execute(VerifyElementPresentKeyword.groovy:68)
	at com.kms.katalon.core.keyword.internal.KeywordExecutor.executeKeywordForPlatform(KeywordExecutor.groovy:72)
	at com.kms.katalon.core.webui.keyword.WebUiBuiltInKeywords.verifyElementPresent(WebUiBuiltInKeywords.groovy:1434)
	at com.kms.katalon.core.webui.keyword.WebUiBuiltInKeywords$verifyElementPresent$6.call(Unknown Source)
	at Video adding in placeholder (double cycle) 1-30.run(Video adding in placeholder (double cycle) 1-30:27)
	at com.kms.katalon.core.main.ScriptEngine.run(ScriptEngine.java:194)
	at com.kms.katalon.core.main.ScriptEngine.runScriptAsRawText(ScriptEngine.java:119)
	at com.kms.katalon.core.main.TestCaseExecutor.runScript(TestCaseExecutor.java:337)
	at com.kms.katalon.core.main.TestCaseExecutor.doExecute(TestCaseExecutor.java:328)
	at com.kms.katalon.core.main.TestCaseExecutor.processExecutionPhase(TestCaseExecutor.java:307)
	at com.kms.katalon.core.main.TestCaseExecutor.accessMainPhase(TestCaseExecutor.java:299)
	at com.kms.katalon.core.main.TestCaseExecutor.execute(TestCaseExecutor.java:233)
	at com.kms.katalon.core.main.TestSuiteExecutor.accessTestCaseMainPhase(TestSuiteExecutor.java:169)
	at com.kms.katalon.core.main.TestSuiteExecutor.accessTestSuiteMainPhase(TestSuiteExecutor.java:142)
	at com.kms.katalon.core.main.TestSuiteExecutor.execute(TestSuiteExecutor.java:91)
	at com.kms.katalon.core.main.TestCaseMain.startTestSuite(TestCaseMain.java:157)
	at com.kms.katalon.core.main.TestCaseMain$startTestSuite$0.call(Unknown Source)
	at TempTestSuite1581081710748.run(TempTestSuite1581081710748.groovy:36)
)

2020-02-07 15:32:30 - [MESSAGE][WARNING] - Timeout '0' is invalid. Using default page load timeout: '1'

2020-02-07 15:32:31 - [MESSAGE][INFO] - Unable to find the element located by 'By.xpath: //*[@id="bottom-slider-id"]/div[12]/figure'. Please recheck the objects properties to make sure the desired element is located. 

2020-02-07 15:32:31 - [MESSAGE][FAILED] - com.kms.katalon.core.webui.exception.WebElementNotFoundException: Web element with id: 'Object Repository/Page_Reevio Video Maker/Editor_Scene_12' located by 'By.xpath: //*[@id="bottom-slider-id"]/div[12]/figure' not found (Root cause: com.kms.katalon.core.exception.StepFailedException: com.kms.katalon.core.webui.exception.WebElementNotFoundException: Web element with id: 'Object Repository/Page_Reevio Video Maker/Editor_Scene_12' located by 'By.xpath: //*[@id="bottom-slider-id"]/div[12]/figure' not found
	at com.kms.katalon.core.webui.keyword.internal.WebUIKeywordMain.stepFailed(WebUIKeywordMain.groovy:64)
	at com.kms.katalon.core.webui.keyword.builtin.VerifyElementPresentKeyword$_verifyElementPresent_closure1.doCall(VerifyElementPresentKeyword.groovy:85)
	at com.kms.katalon.core.webui.keyword.builtin.VerifyElementPresentKeyword$_verifyElementPresent_closure1.call(VerifyElementPresentKeyword.groovy)
	at com.kms.katalon.core.webui.keyword.internal.WebUIKeywordMain.runKeyword(WebUIKeywordMain.groovy:20)
	at com.kms.katalon.core.webui.keyword.builtin.VerifyElementPresentKeyword.verifyElementPresent(VerifyElementPresentKeyword.groovy:92)
	at com.kms.katalon.core.webui.keyword.builtin.VerifyElementPresentKeyword.execute(VerifyElementPresentKeyword.groovy:68)
	at com.kms.katalon.core.keyword.internal.KeywordExecutor.executeKeywordForPlatform(KeywordExecutor.groovy:72)
	at com.kms.katalon.core.webui.keyword.WebUiBuiltInKeywords.verifyElementPresent(WebUiBuiltInKeywords.groovy:1434)
	at com.kms.katalon.core.webui.keyword.WebUiBuiltInKeywords$verifyElementPresent$6.call(Unknown Source)
	at Video adding in placeholder (double cycle) 1-30.run(Video adding in placeholder (double cycle) 1-30:27)
	at com.kms.katalon.core.main.ScriptEngine.run(ScriptEngine.java:194)
	at com.kms.katalon.core.main.ScriptEngine.runScriptAsRawText(ScriptEngine.java:119)
	at com.kms.katalon.core.main.TestCaseExecutor.runScript(TestCaseExecutor.java:337)
	at com.kms.katalon.core.main.TestCaseExecutor.doExecute(TestCaseExecutor.java:328)
	at com.kms.katalon.core.main.TestCaseExecutor.processExecutionPhase(TestCaseExecutor.java:307)
	at com.kms.katalon.core.main.TestCaseExecutor.accessMainPhase(TestCaseExecutor.java:299)
	at com.kms.katalon.core.main.TestCaseExecutor.execute(TestCaseExecutor.java:233)
	at com.kms.katalon.core.main.TestSuiteExecutor.accessTestCaseMainPhase(TestSuiteExecutor.java:169)
	at com.kms.katalon.core.main.TestSuiteExecutor.accessTestSuiteMainPhase(TestSuiteExecutor.java:142)
	at com.kms.katalon.core.main.TestSuiteExecutor.execute(TestSuiteExecutor.java:91)
	at com.kms.katalon.core.main.TestCaseMain.startTestSuite(TestCaseMain.java:157)
	at com.kms.katalon.core.main.TestCaseMain$startTestSuite$0.call(Unknown Source)
	at TempTestSuite1581081710748.run(TempTestSuite1581081710748.groovy:36)
)

2020-02-07 15:32:31 - [TEST_STEP][PASSED] - else: null

2020-02-07 15:32:31 - [TEST_STEP][PASSED] - break: null]]></system-out>
         <system-err><![CDATA[2020-02-07 15:31:55 - [TEST_CASE][FAILED] - Test Cases/Video adding/Video adding in placeholder (double cycle) 1-30: Test Cases/Video adding/Video adding in placeholder (double cycle) 1-30 FAILED.
Reason:
com.kms.katalon.core.exception.StepFailedException: Object 'Object Repository/Add video in placeholers/Placeholders/div_Add media here_1' is not present (Root cause: com.kms.katalon.core.exception.StepFailedException: Object 'Object Repository/Add video in placeholers/Placeholders/div_Add media here_1' is not present
	at com.kms.katalon.core.webui.keyword.internal.WebUIKeywordMain.stepFailed(WebUIKeywordMain.groovy:64)
	at com.kms.katalon.core.webui.keyword.builtin.VerifyElementVisibleInViewportKeyword$_verifyElementVisibleInViewport_closure1.doCall(VerifyElementVisibleInViewportKeyword.groovy:83)
	at com.kms.katalon.core.webui.keyword.builtin.VerifyElementVisibleInViewportKeyword$_verifyElementVisibleInViewport_closure1.call(VerifyElementVisibleInViewportKeyword.groovy)
	at com.kms.katalon.core.webui.keyword.internal.WebUIKeywordMain.runKeyword(WebUIKeywordMain.groovy:20)
	at com.kms.katalon.core.webui.keyword.builtin.VerifyElementVisibleInViewportKeyword.verifyElementVisibleInViewport(VerifyElementVisibleInViewportKeyword.groovy:86)
	at com.kms.katalon.core.webui.keyword.builtin.VerifyElementVisibleInViewportKeyword.execute(VerifyElementVisibleInViewportKeyword.groovy:68)
	at com.kms.katalon.core.keyword.internal.KeywordExecutor.executeKeywordForPlatform(KeywordExecutor.groovy:72)
	at com.kms.katalon.core.webui.keyword.WebUiBuiltInKeywords.verifyElementInViewport(WebUiBuiltInKeywords.groovy:3039)
	at com.kms.katalon.core.webui.keyword.WebUiBuiltInKeywords$verifyElementInViewport$14.call(Unknown Source)
	at Video adding in placeholder (double cycle) 1-30.run(Video adding in placeholder (double cycle) 1-30:31)
	at com.kms.katalon.core.main.ScriptEngine.run(ScriptEngine.java:194)
	at com.kms.katalon.core.main.ScriptEngine.runScriptAsRawText(ScriptEngine.java:119)
	at com.kms.katalon.core.main.TestCaseExecutor.runScript(TestCaseExecutor.java:337)
	at com.kms.katalon.core.main.TestCaseExecutor.doExecute(TestCaseExecutor.java:328)
	at com.kms.katalon.core.main.TestCaseExecutor.processExecutionPhase(TestCaseExecutor.java:307)
	at com.kms.katalon.core.main.TestCaseExecutor.accessMainPhase(TestCaseExecutor.java:299)
	at com.kms.katalon.core.main.TestCaseExecutor.execute(TestCaseExecutor.java:233)
	at com.kms.katalon.core.main.TestSuiteExecutor.accessTestCaseMainPhase(TestSuiteExecutor.java:169)
	at com.kms.katalon.core.main.TestSuiteExecutor.accessTestSuiteMainPhase(TestSuiteExecutor.java:142)
	at com.kms.katalon.core.main.TestSuiteExecutor.execute(TestSuiteExecutor.java:91)
	at com.kms.katalon.core.main.TestCaseMain.startTestSuite(TestCaseMain.java:157)
	at com.kms.katalon.core.main.TestCaseMain$startTestSuite$0.call(Unknown Source)
	at TempTestSuite1581081710748.run(TempTestSuite1581081710748.groovy:36)
)
	at com.kms.katalon.core.keyword.internal.KeywordMain.stepFailed(KeywordMain.groovy:39)
	at com.kms.katalon.core.webui.keyword.internal.WebUIKeywordMain.stepFailed(WebUIKeywordMain.groovy:64)
	at com.kms.katalon.core.webui.keyword.builtin.VerifyElementVisibleInViewportKeyword$_verifyElementVisibleInViewport_closure1.doCall(VerifyElementVisibleInViewportKeyword.groovy:83)
	at com.kms.katalon.core.webui.keyword.builtin.VerifyElementVisibleInViewportKeyword$_verifyElementVisibleInViewport_closure1.call(VerifyElementVisibleInViewportKeyword.groovy)
	at com.kms.katalon.core.webui.keyword.internal.WebUIKeywordMain.runKeyword(WebUIKeywordMain.groovy:20)
	at com.kms.katalon.core.webui.keyword.builtin.VerifyElementVisibleInViewportKeyword.verifyElementVisibleInViewport(VerifyElementVisibleInViewportKeyword.groovy:86)
	at com.kms.katalon.core.webui.keyword.builtin.VerifyElementVisibleInViewportKeyword.execute(VerifyElementVisibleInViewportKeyword.groovy:68)
	at com.kms.katalon.core.keyword.internal.KeywordExecutor.executeKeywordForPlatform(KeywordExecutor.groovy:72)
	at com.kms.katalon.core.webui.keyword.WebUiBuiltInKeywords.verifyElementInViewport(WebUiBuiltInKeywords.groovy:3039)
	at com.kms.katalon.core.webui.keyword.WebUiBuiltInKeywords$verifyElementInViewport$14.call(Unknown Source)
	at Video adding in placeholder (double cycle) 1-30.run(Video adding in placeholder (double cycle) 1-30:31)
	at com.kms.katalon.core.main.ScriptEngine.run(ScriptEngine.java:194)
	at com.kms.katalon.core.main.ScriptEngine.runScriptAsRawText(ScriptEngine.java:119)
	at com.kms.katalon.core.main.TestCaseExecutor.runScript(TestCaseExecutor.java:337)
	at com.kms.katalon.core.main.TestCaseExecutor.doExecute(TestCaseExecutor.java:328)
	at com.kms.katalon.core.main.TestCaseExecutor.processExecutionPhase(TestCaseExecutor.java:307)
	at com.kms.katalon.core.main.TestCaseExecutor.accessMainPhase(TestCaseExecutor.java:299)
	at com.kms.katalon.core.main.TestCaseExecutor.execute(TestCaseExecutor.java:233)
	at com.kms.katalon.core.main.TestSuiteExecutor.accessTestCaseMainPhase(TestSuiteExecutor.java:169)
	at com.kms.katalon.core.main.TestSuiteExecutor.accessTestSuiteMainPhase(TestSuiteExecutor.java:142)
	at com.kms.katalon.core.main.TestSuiteExecutor.execute(TestSuiteExecutor.java:91)
	at com.kms.katalon.core.main.TestCaseMain.startTestSuite(TestCaseMain.java:157)
	at com.kms.katalon.core.main.TestCaseMain$startTestSuite$0.call(Unknown Source)
	at TempTestSuite1581081710748.run(TempTestSuite1581081710748.groovy:36)
Caused by: com.kms.katalon.core.exception.StepFailedException: Object 'Object Repository/Add video in placeholers/Placeholders/div_Add media here_1' is not present
	... 23 more]]></system-err>
      </testcase>
      <testcase name="Test Cases/clickSavebtn" time="1.125" classname="Test Cases/clickSavebtn" status="PASSED">
         <system-out><![CDATA[2020-02-07 15:32:31 - [TEST_CASE][PASSED] - Test Cases/clickSavebtn: Test Cases/clickSavebtn

2020-02-07 15:32:31 - [TEST_STEP][PASSED] - Savebtn = new com.kms.katalon.core.testobject.TestObject(data-target): null

2020-02-07 15:32:31 - [TEST_STEP][PASSED] - Savebtn.addProperty("xpath", EQUALS, "//button[@data-target = "#save-changes"]", true): null

2020-02-07 15:32:31 - [TEST_STEP][PASSED] - click(Savebtn): Object: 'data-target' is clicked on

2020-02-07 15:32:31 - [MESSAGE][PASSED] - Object: 'data-target' is clicked on

2020-02-07 15:32:31 - [TEST_STEP][PASSED] - delay(1): Delayed 1 second(s)

2020-02-07 15:32:32 - [MESSAGE][PASSED] - Delayed 1 second(s)]]></system-out>
         <system-err><![CDATA[]]></system-err>
      </testcase>
      <system-out><![CDATA[2020-02-07 15:21:57 - [TEST_SUITE][FAILED] - Min (Reevio) 2: Test Cases/Deleting 1st scene FAILED.
Reason:
com.kms.katalon.core.exception.StepFailedException: com.kms.katalon.core.webui.exception.WebElementNotFoundException: Web element with id: 'Object Repository/Add video in placeholers/Video_img repository (videos, imgs and buttons)/Editor_Scene_1' located by 'By.xpath: //*[@id="bottom-slider-id"]/div[1]/figure' not found (Root cause: com.kms.katalon.core.exception.StepFailedException: com.kms.katalon.core.webui.exception.WebElementNotFoundException: Web element with id: 'Object Repository/Add video in placeholers/Video_img repository (videos, imgs and buttons)/Editor_Scene_1' located by 'By.xpath: //*[@id="bottom-slider-id"]/div[1]/figure' not found
	at com.kms.katalon.core.webui.keyword.internal.WebUIKeywordMain.stepFailed(WebUIKeywordMain.groovy:64)
	at com.kms.katalon.core.webui.keyword.builtin.VerifyElementPresentKeyword$_verifyElementPresent_closure1.doCall(VerifyElementPresentKeyword.groovy:85)
	at com.kms.katalon.core.webui.keyword.builtin.VerifyElementPresentKeyword$_verifyElementPresent_closure1.call(VerifyElementPresentKeyword.groovy)
	at com.kms.katalon.core.webui.keyword.internal.WebUIKeywordMain.runKeyword(WebUIKeywordMain.groovy:20)
	at com.kms.katalon.core.webui.keyword.builtin.VerifyElementPresentKeyword.verifyElementPresent(VerifyElementPresentKeyword.groovy:92)
	at com.kms.katalon.core.webui.keyword.builtin.VerifyElementPresentKeyword.execute(VerifyElementPresentKeyword.groovy:68)
	at com.kms.katalon.core.keyword.internal.KeywordExecutor.executeKeywordForPlatform(KeywordExecutor.groovy:72)
	at com.kms.katalon.core.webui.keyword.WebUiBuiltInKeywords.verifyElementPresent(WebUiBuiltInKeywords.groovy:1434)
	at com.kms.katalon.core.webui.keyword.WebUiBuiltInKeywords$verifyElementPresent$6.call(Unknown Source)
	at Deleting 1st scene.run(Deleting 1st scene:32)
	at com.kms.katalon.core.main.ScriptEngine.run(ScriptEngine.java:194)
	at com.kms.katalon.core.main.ScriptEngine.runScriptAsRawText(ScriptEngine.java:119)
	at com.kms.katalon.core.main.TestCaseExecutor.runScript(TestCaseExecutor.java:337)
	at com.kms.katalon.core.main.TestCaseExecutor.doExecute(TestCaseExecutor.java:328)
	at com.kms.katalon.core.main.TestCaseExecutor.processExecutionPhase(TestCaseExecutor.java:307)
	at com.kms.katalon.core.main.TestCaseExecutor.accessMainPhase(TestCaseExecutor.java:299)
	at com.kms.katalon.core.main.TestCaseExecutor.execute(TestCaseExecutor.java:233)
	at com.kms.katalon.core.main.TestSuiteExecutor.accessTestCaseMainPhase(TestSuiteExecutor.java:169)
	at com.kms.katalon.core.main.TestSuiteExecutor.accessTestSuiteMainPhase(TestSuiteExecutor.java:142)
	at com.kms.katalon.core.main.TestSuiteExecutor.execute(TestSuiteExecutor.java:91)
	at com.kms.katalon.core.main.TestCaseMain.startTestSuite(TestCaseMain.java:157)
	at com.kms.katalon.core.main.TestCaseMain$startTestSuite$0.call(Unknown Source)
	at TempTestSuite1581081710748.run(TempTestSuite1581081710748.groovy:36)
)
	at com.kms.katalon.core.keyword.internal.KeywordMain.stepFailed(KeywordMain.groovy:39)
	at com.kms.katalon.core.webui.keyword.internal.WebUIKeywordMain.stepFailed(WebUIKeywordMain.groovy:64)
	at com.kms.katalon.core.webui.keyword.builtin.VerifyElementPresentKeyword$_verifyElementPresent_closure1.doCall(VerifyElementPresentKeyword.groovy:85)
	at com.kms.katalon.core.webui.keyword.builtin.VerifyElementPresentKeyword$_verifyElementPresent_closure1.call(VerifyElementPresentKeyword.groovy)
	at com.kms.katalon.core.webui.keyword.internal.WebUIKeywordMain.runKeyword(WebUIKeywordMain.groovy:20)
	at com.kms.katalon.core.webui.keyword.builtin.VerifyElementPresentKeyword.verifyElementPresent(VerifyElementPresentKeyword.groovy:92)
	at com.kms.katalon.core.webui.keyword.builtin.VerifyElementPresentKeyword.execute(VerifyElementPresentKeyword.groovy:68)
	at com.kms.katalon.core.keyword.internal.KeywordExecutor.executeKeywordForPlatform(KeywordExecutor.groovy:72)
	at com.kms.katalon.core.webui.keyword.WebUiBuiltInKeywords.verifyElementPresent(WebUiBuiltInKeywords.groovy:1434)
	at com.kms.katalon.core.webui.keyword.WebUiBuiltInKeywords$verifyElementPresent$6.call(Unknown Source)
	at Deleting 1st scene.run(Deleting 1st scene:32)
	at com.kms.katalon.core.main.ScriptEngine.run(ScriptEngine.java:194)
	at com.kms.katalon.core.main.ScriptEngine.runScriptAsRawText(ScriptEngine.java:119)
	at com.kms.katalon.core.main.TestCaseExecutor.runScript(TestCaseExecutor.java:337)
	at com.kms.katalon.core.main.TestCaseExecutor.doExecute(TestCaseExecutor.java:328)
	at com.kms.katalon.core.main.TestCaseExecutor.processExecutionPhase(TestCaseExecutor.java:307)
	at com.kms.katalon.core.main.TestCaseExecutor.accessMainPhase(TestCaseExecutor.java:299)
	at com.kms.katalon.core.main.TestCaseExecutor.execute(TestCaseExecutor.java:233)
	at com.kms.katalon.core.main.TestSuiteExecutor.accessTestCaseMainPhase(TestSuiteExecutor.java:169)
	at com.kms.katalon.core.main.TestSuiteExecutor.accessTestSuiteMainPhase(TestSuiteExecutor.java:142)
	at com.kms.katalon.core.main.TestSuiteExecutor.execute(TestSuiteExecutor.java:91)
	at com.kms.katalon.core.main.TestCaseMain.startTestSuite(TestCaseMain.java:157)
	at com.kms.katalon.core.main.TestCaseMain$startTestSuite$0.call(Unknown Source)
	at TempTestSuite1581081710748.run(TempTestSuite1581081710748.groovy:36)
Caused by: com.kms.katalon.core.exception.StepFailedException: com.kms.katalon.core.webui.exception.WebElementNotFoundException: Web element with id: 'Object Repository/Add video in placeholers/Video_img repository (videos, imgs and buttons)/Editor_Scene_1' located by 'By.xpath: //*[@id="bottom-slider-id"]/div[1]/figure' not found
	... 23 more]]></system-out>
      <system-err><![CDATA[2020-02-07 15:21:57 - [TEST_SUITE][FAILED] - Min (Reevio) 2: Test Cases/Deleting 1st scene FAILED.
Reason:
com.kms.katalon.core.exception.StepFailedException: com.kms.katalon.core.webui.exception.WebElementNotFoundException: Web element with id: 'Object Repository/Add video in placeholers/Video_img repository (videos, imgs and buttons)/Editor_Scene_1' located by 'By.xpath: //*[@id="bottom-slider-id"]/div[1]/figure' not found (Root cause: com.kms.katalon.core.exception.StepFailedException: com.kms.katalon.core.webui.exception.WebElementNotFoundException: Web element with id: 'Object Repository/Add video in placeholers/Video_img repository (videos, imgs and buttons)/Editor_Scene_1' located by 'By.xpath: //*[@id="bottom-slider-id"]/div[1]/figure' not found
	at com.kms.katalon.core.webui.keyword.internal.WebUIKeywordMain.stepFailed(WebUIKeywordMain.groovy:64)
	at com.kms.katalon.core.webui.keyword.builtin.VerifyElementPresentKeyword$_verifyElementPresent_closure1.doCall(VerifyElementPresentKeyword.groovy:85)
	at com.kms.katalon.core.webui.keyword.builtin.VerifyElementPresentKeyword$_verifyElementPresent_closure1.call(VerifyElementPresentKeyword.groovy)
	at com.kms.katalon.core.webui.keyword.internal.WebUIKeywordMain.runKeyword(WebUIKeywordMain.groovy:20)
	at com.kms.katalon.core.webui.keyword.builtin.VerifyElementPresentKeyword.verifyElementPresent(VerifyElementPresentKeyword.groovy:92)
	at com.kms.katalon.core.webui.keyword.builtin.VerifyElementPresentKeyword.execute(VerifyElementPresentKeyword.groovy:68)
	at com.kms.katalon.core.keyword.internal.KeywordExecutor.executeKeywordForPlatform(KeywordExecutor.groovy:72)
	at com.kms.katalon.core.webui.keyword.WebUiBuiltInKeywords.verifyElementPresent(WebUiBuiltInKeywords.groovy:1434)
	at com.kms.katalon.core.webui.keyword.WebUiBuiltInKeywords$verifyElementPresent$6.call(Unknown Source)
	at Deleting 1st scene.run(Deleting 1st scene:32)
	at com.kms.katalon.core.main.ScriptEngine.run(ScriptEngine.java:194)
	at com.kms.katalon.core.main.ScriptEngine.runScriptAsRawText(ScriptEngine.java:119)
	at com.kms.katalon.core.main.TestCaseExecutor.runScript(TestCaseExecutor.java:337)
	at com.kms.katalon.core.main.TestCaseExecutor.doExecute(TestCaseExecutor.java:328)
	at com.kms.katalon.core.main.TestCaseExecutor.processExecutionPhase(TestCaseExecutor.java:307)
	at com.kms.katalon.core.main.TestCaseExecutor.accessMainPhase(TestCaseExecutor.java:299)
	at com.kms.katalon.core.main.TestCaseExecutor.execute(TestCaseExecutor.java:233)
	at com.kms.katalon.core.main.TestSuiteExecutor.accessTestCaseMainPhase(TestSuiteExecutor.java:169)
	at com.kms.katalon.core.main.TestSuiteExecutor.accessTestSuiteMainPhase(TestSuiteExecutor.java:142)
	at com.kms.katalon.core.main.TestSuiteExecutor.execute(TestSuiteExecutor.java:91)
	at com.kms.katalon.core.main.TestCaseMain.startTestSuite(TestCaseMain.java:157)
	at com.kms.katalon.core.main.TestCaseMain$startTestSuite$0.call(Unknown Source)
	at TempTestSuite1581081710748.run(TempTestSuite1581081710748.groovy:36)
)
	at com.kms.katalon.core.keyword.internal.KeywordMain.stepFailed(KeywordMain.groovy:39)
	at com.kms.katalon.core.webui.keyword.internal.WebUIKeywordMain.stepFailed(WebUIKeywordMain.groovy:64)
	at com.kms.katalon.core.webui.keyword.builtin.VerifyElementPresentKeyword$_verifyElementPresent_closure1.doCall(VerifyElementPresentKeyword.groovy:85)
	at com.kms.katalon.core.webui.keyword.builtin.VerifyElementPresentKeyword$_verifyElementPresent_closure1.call(VerifyElementPresentKeyword.groovy)
	at com.kms.katalon.core.webui.keyword.internal.WebUIKeywordMain.runKeyword(WebUIKeywordMain.groovy:20)
	at com.kms.katalon.core.webui.keyword.builtin.VerifyElementPresentKeyword.verifyElementPresent(VerifyElementPresentKeyword.groovy:92)
	at com.kms.katalon.core.webui.keyword.builtin.VerifyElementPresentKeyword.execute(VerifyElementPresentKeyword.groovy:68)
	at com.kms.katalon.core.keyword.internal.KeywordExecutor.executeKeywordForPlatform(KeywordExecutor.groovy:72)
	at com.kms.katalon.core.webui.keyword.WebUiBuiltInKeywords.verifyElementPresent(WebUiBuiltInKeywords.groovy:1434)
	at com.kms.katalon.core.webui.keyword.WebUiBuiltInKeywords$verifyElementPresent$6.call(Unknown Source)
	at Deleting 1st scene.run(Deleting 1st scene:32)
	at com.kms.katalon.core.main.ScriptEngine.run(ScriptEngine.java:194)
	at com.kms.katalon.core.main.ScriptEngine.runScriptAsRawText(ScriptEngine.java:119)
	at com.kms.katalon.core.main.TestCaseExecutor.runScript(TestCaseExecutor.java:337)
	at com.kms.katalon.core.main.TestCaseExecutor.doExecute(TestCaseExecutor.java:328)
	at com.kms.katalon.core.main.TestCaseExecutor.processExecutionPhase(TestCaseExecutor.java:307)
	at com.kms.katalon.core.main.TestCaseExecutor.accessMainPhase(TestCaseExecutor.java:299)
	at com.kms.katalon.core.main.TestCaseExecutor.execute(TestCaseExecutor.java:233)
	at com.kms.katalon.core.main.TestSuiteExecutor.accessTestCaseMainPhase(TestSuiteExecutor.java:169)
	at com.kms.katalon.core.main.TestSuiteExecutor.accessTestSuiteMainPhase(TestSuiteExecutor.java:142)
	at com.kms.katalon.core.main.TestSuiteExecutor.execute(TestSuiteExecutor.java:91)
	at com.kms.katalon.core.main.TestCaseMain.startTestSuite(TestCaseMain.java:157)
	at com.kms.katalon.core.main.TestCaseMain$startTestSuite$0.call(Unknown Source)
	at TempTestSuite1581081710748.run(TempTestSuite1581081710748.groovy:36)
Caused by: com.kms.katalon.core.exception.StepFailedException: com.kms.katalon.core.webui.exception.WebElementNotFoundException: Web element with id: 'Object Repository/Add video in placeholers/Video_img repository (videos, imgs and buttons)/Editor_Scene_1' located by 'By.xpath: //*[@id="bottom-slider-id"]/div[1]/figure' not found
	... 23 more]]></system-err>
   </testsuite>
</testsuites>
